-97.94681818533476
0 0 -2.821717817663446
1 1 -2.821717817663446
0 10 5.1917314280568866e-08
1 11 5.1917314280568866e-08
2 2 -2.6230314540415893
3 3 -2.6230314540415893
2 8 -0.037451812647642815
3 9 -0.037451812647642815
4 4 -2.6230314540415893
5 5 -2.6230314540415893
4 6 -0.037451812647642815
5 7 -0.037451812647642815
6 4 -0.03745181264764282
7 5 -0.03745181264764282
6 6 -2.6230315641185618
7 7 -2.6230315641185618
8 2 -0.03745181264764282
9 3 -0.03745181264764282
8 8 -2.6230315641185618
9 9 -2.6230315641185618
10 0 5.1917316301955396e-08
11 1 5.1917316301955396e-08
10 10 -2.5811011782804947
11 11 -2.5811011782804947
0 0 0 0 0.2726067459724487
1 0 0 1 0.2726067459724487
0 1 1 0 0.2726067459724487
1 1 1 1 0.2726067459724487
0 2 2 0 0.24326281498818755
1 2 2 1 0.24326281498818755
0 3 3 0 0.24326281498818755
1 3 3 1 0.24326281498818755
0 2 8 0 -0.0004958547248480182
1 2 8 1 -0.0004958547248480182
0 3 9 0 -0.0004958547248480182
1 3 9 1 -0.0004958547248480182
0 4 4 0 0.24326281498818755
1 4 4 1 0.24326281498818755
0 5 5 0 0.24326281498818755
1 5 5 1 0.24326281498818755
0 4 6 0 -0.0004958547248480182
1 4 6 1 -0.0004958547248480182
0 5 7 0 -0.0004958547248480182
1 5 7 1 -0.0004958547248480182
0 6 4 0 -0.0004958547248480182
1 6 4 1 -0.0004958547248480182
0 7 5 0 -0.0004958547248480182
1 7 5 1 -0.0004958547248480182
0 6 6 0 0.2432628147685884
1 6 6 1 0.2432628147685884
0 7 7 0 0.2432628147685884
1 7 7 1 0.2432628147685884
0 8 2 0 -0.0004958547248480182
1 8 2 1 -0.0004958547248480182
0 9 3 0 -0.0004958547248480182
1 9 3 1 -0.0004958547248480182
0 8 8 0 0.2432628147685884
1 8 8 1 0.2432628147685884
0 9 9 0 0.2432628147685884
1 9 9 1 0.2432628147685884
0 10 10 0 0.2805973407504374
1 10 10 1 0.2805973407504374
0 11 11 0 0.2805973407504374
1 11 11 1 0.2805973407504374
0 0 2 2 0.010415201497570666
1 0 2 3 0.010415201497570666
0 1 3 2 0.010415201497570666
1 1 3 3 0.010415201497570666
0 0 8 2 0.000992663119117569
1 0 8 3 0.000992663119117569
0 1 9 2 0.000992663119117569
1 1 9 3 0.000992663119117569
0 2 0 2 0.010415201497570666
1 2 0 3 0.010415201497570666
0 3 1 2 0.010415201497570666
1 3 1 3 0.010415201497570666
0 2 10 2 0.010144273586053831
1 2 10 3 0.010144273586053831
0 3 11 2 0.010144273586053831
1 3 11 3 0.010144273586053831
0 8 0 2 0.0009926631191175693
1 8 0 3 0.0009926631191175693
0 9 1 2 0.0009926631191175693
1 9 1 3 0.0009926631191175693
0 8 10 2 -0.0009572728568727352
1 8 10 3 -0.0009572728568727352
0 9 11 2 -0.0009572728568727352
1 9 11 3 -0.0009572728568727352
0 10 2 2 0.010144273586053831
1 10 2 3 0.010144273586053831
0 11 3 2 0.010144273586053831
1 11 3 3 0.010144273586053831
0 10 8 2 -0.0009572728568727348
1 10 8 3 -0.0009572728568727348
0 11 9 2 -0.0009572728568727348
1 11 9 3 -0.0009572728568727348
0 0 4 4 0.010415201497570666
1 0 4 5 0.010415201497570666
0 1 5 4 0.010415201497570666
1 1 5 5 0.010415201497570666
0 0 6 4 0.000992663119117569
1 0 6 5 0.000992663119117569
0 1 7 4 0.000992663119117569
1 1 7 5 0.000992663119117569
0 4 0 4 0.010415201497570666
1 4 0 5 0.010415201497570666
0 5 1 4 0.010415201497570666
1 5 1 5 0.010415201497570666
0 4 10 4 0.010144273586053831
1 4 10 5 0.010144273586053831
0 5 11 4 0.010144273586053831
1 5 11 5 0.010144273586053831
0 6 0 4 0.0009926631191175693
1 6 0 5 0.0009926631191175693
0 7 1 4 0.0009926631191175693
1 7 1 5 0.0009926631191175693
0 6 10 4 -0.0009572728568727352
1 6 10 5 -0.0009572728568727352
0 7 11 4 -0.0009572728568727352
1 7 11 5 -0.0009572728568727352
0 10 4 4 0.010144273586053831
1 10 4 5 0.010144273586053831
0 11 5 4 0.010144273586053831
1 11 5 5 0.010144273586053831
0 10 6 4 -0.0009572728568727348
1 10 6 5 -0.0009572728568727348
0 11 7 4 -0.0009572728568727348
1 11 7 5 -0.0009572728568727348
0 0 4 6 0.0009926631191175695
1 0 4 7 0.0009926631191175695
0 1 5 6 0.0009926631191175695
1 1 5 7 0.0009926631191175695
0 0 6 6 0.010415201438131785
1 0 6 7 0.010415201438131785
0 1 7 6 0.010415201438131785
1 1 7 7 0.010415201438131785
0 4 0 6 0.0009926631191175693
1 4 0 7 0.0009926631191175693
0 5 1 6 0.0009926631191175693
1 5 1 7 0.0009926631191175693
0 4 10 6 0.0009572728742136342
1 4 10 7 0.0009572728742136342
0 5 11 6 0.0009572728742136342
1 5 11 7 0.0009572728742136342
0 6 0 6 0.010415201438131783
1 6 0 7 0.010415201438131783
0 7 1 6 0.010415201438131783
1 7 1 7 0.010415201438131783
0 6 10 6 -0.010144273813659547
1 6 10 7 -0.010144273813659547
0 7 11 6 -0.010144273813659547
1 7 11 7 -0.010144273813659547
0 10 4 6 0.000957272874213634
1 10 4 7 0.000957272874213634
0 11 5 6 0.000957272874213634
1 11 5 7 0.000957272874213634
0 10 6 6 -0.010144273813659548
1 10 6 7 -0.010144273813659548
0 11 7 6 -0.010144273813659548
1 11 7 7 -0.010144273813659548
0 0 2 8 0.0009926631191175695
1 0 2 9 0.0009926631191175695
0 1 3 8 0.0009926631191175695
1 1 3 9 0.0009926631191175695
0 0 8 8 0.010415201438131785
1 0 8 9 0.010415201438131785
0 1 9 8 0.010415201438131785
1 1 9 9 0.010415201438131785
0 2 0 8 0.0009926631191175693
1 2 0 9 0.0009926631191175693
0 3 1 8 0.0009926631191175693
1 3 1 9 0.0009926631191175693
0 2 10 8 0.0009572728742136342
1 2 10 9 0.0009572728742136342
0 3 11 8 0.0009572728742136342
1 3 11 9 0.0009572728742136342
0 8 0 8 0.010415201438131783
1 8 0 9 0.010415201438131783
0 9 1 8 0.010415201438131783
1 9 1 9 0.010415201438131783
0 8 10 8 -0.010144273813659547
1 8 10 9 -0.010144273813659547
0 9 11 8 -0.010144273813659547
1 9 11 9 -0.010144273813659547
0 10 2 8 0.000957272874213634
1 10 2 9 0.000957272874213634
0 11 3 8 0.000957272874213634
1 11 3 9 0.000957272874213634
0 10 8 8 -0.010144273813659548
1 10 8 9 -0.010144273813659548
0 11 9 8 -0.010144273813659548
1 11 9 9 -0.010144273813659548
0 0 10 10 0.10898756744990895
1 0 10 11 0.10898756744990895
0 1 11 10 0.10898756744990895
1 1 11 11 0.10898756744990895
0 2 2 10 0.09601336420294893
1 2 2 11 0.09601336420294893
0 3 3 10 0.09601336420294893
1 3 3 11 0.09601336420294893
0 4 4 10 0.09601336420294893
1 4 4 11 0.09601336420294893
0 5 5 10 0.09601336420294893
1 5 5 11 0.09601336420294893
0 6 6 10 -0.09601336410361186
1 6 6 11 -0.09601336410361186
0 7 7 10 -0.09601336410361186
1 7 7 11 -0.09601336410361186
0 8 8 10 -0.09601336410361186
1 8 8 11 -0.09601336410361186
0 9 9 10 -0.09601336410361186
1 9 9 11 -0.09601336410361186
0 10 0 10 0.10898756744990892
1 10 0 11 0.10898756744990892
0 11 1 10 0.10898756744990892
1 11 1 11 0.10898756744990892
2 0 2 0 0.010415201497570664
3 0 2 1 0.010415201497570664
2 1 3 0 0.010415201497570664
3 1 3 1 0.010415201497570664
2 0 8 0 0.0009926631191175693
3 0 8 1 0.0009926631191175693
2 1 9 0 0.0009926631191175693
3 1 9 1 0.0009926631191175693
2 2 0 0 0.010415201497570664
3 2 0 1 0.010415201497570664
2 3 1 0 0.010415201497570664
3 3 1 1 0.010415201497570664
2 2 10 0 0.01014427358605383
3 2 10 1 0.01014427358605383
2 3 11 0 0.01014427358605383
3 3 11 1 0.01014427358605383
2 8 0 0 0.0009926631191175693
3 8 0 1 0.0009926631191175693
2 9 1 0 0.0009926631191175693
3 9 1 1 0.0009926631191175693
2 8 10 0 -0.0009572728568727351
3 8 10 1 -0.0009572728568727351
2 9 11 0 -0.0009572728568727351
3 9 11 1 -0.0009572728568727351
2 10 2 0 0.01014427358605383
3 10 2 1 0.01014427358605383
2 11 3 0 0.01014427358605383
3 11 3 1 0.01014427358605383
2 10 8 0 -0.0009572728568727346
3 10 8 1 -0.0009572728568727346
2 11 9 0 -0.0009572728568727346
3 11 9 1 -0.0009572728568727346
2 0 0 2 0.24326281498818758
3 0 0 3 0.24326281498818758
2 1 1 2 0.24326281498818758
3 1 1 3 0.24326281498818758
2 0 10 2 0.09601336420294891
3 0 10 3 0.09601336420294891
2 1 11 2 0.09601336420294891
3 1 11 3 0.09601336420294891
2 2 2 2 0.3820437632324035
3 2 2 3 0.3820437632324035
2 3 3 2 0.3820437632324035
3 3 3 3 0.3820437632324035
2 2 8 2 -0.0017223179847997143
3 2 8 3 -0.0017223179847997143
2 3 9 2 -0.0017223179847997143
3 3 9 3 -0.0017223179847997143
2 4 4 2 0.3408052301034111
3 4 4 3 0.3408052301034111
2 5 5 2 0.3408052301034111
3 5 5 3 0.3408052301034111
2 4 6 2 -0.001319811206667515
3 4 6 3 -0.001319811206667515
2 5 7 2 -0.001319811206667515
3 5 7 3 -0.001319811206667515
2 6 4 2 -0.0013198112066675133
3 6 4 3 -0.0013198112066675133
2 7 5 2 -0.0013198112066675133
3 7 5 3 -0.0013198112066675133
2 6 6 2 0.13723830940905918
3 6 6 3 0.13723830940905918
2 7 7 2 0.13723830940905918
3 7 7 3 0.13723830940905918
2 8 2 2 -0.0017223179847997122
3 8 2 3 -0.0017223179847997122
2 9 3 2 -0.0017223179847997122
3 9 3 3 -0.0017223179847997122
2 8 8 2 0.1381674320310116
3 8 8 3 0.1381674320310116
2 9 9 2 0.1381674320310116
3 9 9 3 0.1381674320310116
2 10 0 2 0.0960133642029489
3 10 0 3 0.0960133642029489
2 11 1 2 0.0960133642029489
3 11 1 3 0.0960133642029489
2 10 10 2 0.25469474883898463
3 10 10 3 0.25469474883898463
2 11 11 2 0.25469474883898463
3 11 11 3 0.25469474883898463
2 2 4 4 0.020619266284377016
3 2 4 5 0.020619266284377016
2 3 5 4 0.020619266284377016
3 3 5 5 0.020619266284377016
2 2 6 4 -0.00020125315142789884
3 2 6 5 -0.00020125315142789884
2 3 7 4 -0.00020125315142789884
3 3 7 5 -0.00020125315142789884
2 4 2 4 0.020619266284377016
3 4 2 5 0.020619266284377016
2 5 3 4 0.020619266284377016
3 5 3 5 0.020619266284377016
2 4 8 4 -0.00020125315142789884
3 4 8 5 -0.00020125315142789884
2 5 9 4 -0.00020125315142789884
3 5 9 5 -0.00020125315142789884
2 6 2 4 -0.00020125315142789874
3 6 2 5 -0.00020125315142789874
2 7 3 4 -0.00020125315142789874
3 7 3 5 -0.00020125315142789874
2 6 8 4 0.0004645615326522946
3 6 8 5 0.0004645615326522946
2 7 9 4 0.0004645615326522946
3 7 9 5 0.0004645615326522946
2 8 4 4 -0.00020125315142789874
3 8 4 5 -0.00020125315142789874
2 9 5 4 -0.00020125315142789874
3 9 5 5 -0.00020125315142789874
2 8 6 4 0.0004645615326522946
3 8 6 5 0.0004645615326522946
2 9 7 4 0.0004645615326522946
3 9 7 5 0.0004645615326522946
2 2 4 6 -0.00020125315142789874
3 2 4 7 -0.00020125315142789874
2 3 5 6 -0.00020125315142789874
3 3 5 7 -0.00020125315142789874
2 2 6 6 3.442007791099401e-05
3 2 6 7 3.442007791099401e-05
2 3 7 6 3.442007791099401e-05
3 3 7 7 3.442007791099401e-05
2 4 2 6 -0.00020125315142789874
3 4 2 7 -0.00020125315142789874
2 5 3 6 -0.00020125315142789874
3 5 3 7 -0.00020125315142789874
2 4 8 6 3.442007791099401e-05
3 4 8 7 3.442007791099401e-05
2 5 9 6 3.442007791099401e-05
3 5 9 7 3.442007791099401e-05
2 6 2 6 3.442007791099401e-05
3 6 2 7 3.442007791099401e-05
2 7 3 6 3.442007791099401e-05
3 7 3 7 3.442007791099401e-05
2 6 8 6 -0.00020125315142789874
3 6 8 7 -0.00020125315142789874
2 7 9 6 -0.00020125315142789874
3 7 9 7 -0.00020125315142789874
2 8 4 6 3.442007791099401e-05
3 8 4 7 3.442007791099401e-05
2 9 5 6 3.442007791099401e-05
3 9 5 7 3.442007791099401e-05
2 8 6 6 -0.00020125315142789874
3 8 6 7 -0.00020125315142789874
2 9 7 6 -0.00020125315142789874
3 9 7 7 -0.00020125315142789874
2 0 0 8 -0.0004958547248480162
3 0 0 9 -0.0004958547248480162
2 1 1 8 -0.0004958547248480162
3 1 1 9 -0.0004958547248480162
2 2 2 8 -0.0017223179847997124
3 2 2 9 -0.0017223179847997124
2 3 3 8 -0.0017223179847997124
3 3 3 9 -0.0017223179847997124
2 2 8 8 0.00022884055583507817
3 2 8 9 0.00022884055583507817
2 3 9 8 0.00022884055583507817
3 3 9 9 0.00022884055583507817
2 4 4 8 -0.0013198112066675131
3 4 4 9 -0.0013198112066675131
2 5 5 8 -0.0013198112066675131
3 5 5 9 -0.0013198112066675131
2 4 6 8 0.00016000084336529886
3 4 6 9 0.00016000084336529886
2 5 7 8 0.00016000084336529886
3 5 7 9 0.00016000084336529886
2 6 4 8 0.00016000084336529886
3 6 4 9 0.00016000084336529886
2 7 5 8 0.00016000084336529886
3 7 5 9 0.00016000084336529886
2 6 6 8 -0.0013198112066675153
3 6 6 9 -0.0013198112066675153
2 7 7 8 -0.0013198112066675153
3 7 7 9 -0.0013198112066675153
2 8 2 8 0.00022884055583507814
3 8 2 9 0.00022884055583507814
2 9 3 8 0.00022884055583507814
3 9 3 9 0.00022884055583507814
2 8 8 8 -0.0017223179847997115
3 8 8 9 -0.0017223179847997115
2 9 9 8 -0.0017223179847997115
3 9 9 9 -0.0017223179847997115
2 10 10 8 -0.0008733058292431485
3 10 10 9 -0.0008733058292431485
2 11 11 8 -0.0008733058292431485
3 11 11 9 -0.0008733058292431485
2 0 2 10 0.01014427358605383
3 0 2 11 0.01014427358605383
2 1 3 10 0.01014427358605383
3 1 3 11 0.01014427358605383
2 0 8 10 0.0009572728742136344
3 0 8 11 0.0009572728742136344
2 1 9 10 0.0009572728742136344
3 1 9 11 0.0009572728742136344
2 2 0 10 0.010144273586053831
3 2 0 11 0.010144273586053831
2 3 1 10 0.010144273586053831
3 3 1 11 0.010144273586053831
2 2 10 10 0.012406331463358821
3 2 10 11 0.012406331463358821
2 3 11 10 0.012406331463358821
3 3 11 11 0.012406331463358821
2 8 0 10 0.0009572728742136345
3 8 0 11 0.0009572728742136345
2 9 1 10 0.0009572728742136345
3 9 1 11 0.0009572728742136345
2 8 10 10 -0.0006802310063831323
3 8 10 11 -0.0006802310063831323
2 9 11 10 -0.0006802310063831323
3 9 11 11 -0.0006802310063831323
2 10 2 10 0.012406331463358821
3 10 2 11 0.012406331463358821
2 11 3 10 0.012406331463358821
3 11 3 11 0.012406331463358821
2 10 8 10 -0.000680231006383132
3 10 8 11 -0.000680231006383132
2 11 9 10 -0.000680231006383132
3 11 9 11 -0.000680231006383132
4 0 4 0 0.010415201497570664
5 0 4 1 0.010415201497570664
4 1 5 0 0.010415201497570664
5 1 5 1 0.010415201497570664
4 0 6 0 0.0009926631191175693
5 0 6 1 0.0009926631191175693
4 1 7 0 0.0009926631191175693
5 1 7 1 0.0009926631191175693
4 4 0 0 0.010415201497570664
5 4 0 1 0.010415201497570664
4 5 1 0 0.010415201497570664
5 5 1 1 0.010415201497570664
4 4 10 0 0.01014427358605383
5 4 10 1 0.01014427358605383
4 5 11 0 0.01014427358605383
5 5 11 1 0.01014427358605383
4 6 0 0 0.0009926631191175693
5 6 0 1 0.0009926631191175693
4 7 1 0 0.0009926631191175693
5 7 1 1 0.0009926631191175693
4 6 10 0 -0.0009572728568727351
5 6 10 1 -0.0009572728568727351
4 7 11 0 -0.0009572728568727351
5 7 11 1 -0.0009572728568727351
4 10 4 0 0.01014427358605383
5 10 4 1 0.01014427358605383
4 11 5 0 0.01014427358605383
5 11 5 1 0.01014427358605383
4 10 6 0 -0.0009572728568727346
5 10 6 1 -0.0009572728568727346
4 11 7 0 -0.0009572728568727346
5 11 7 1 -0.0009572728568727346
4 2 4 2 0.020619266284377016
5 2 4 3 0.020619266284377016
4 3 5 2 0.020619266284377016
5 3 5 3 0.020619266284377016
4 2 6 2 -0.00020125315142789884
5 2 6 3 -0.00020125315142789884
4 3 7 2 -0.00020125315142789884
5 3 7 3 -0.00020125315142789884
4 4 2 2 0.020619266284377016
5 4 2 3 0.020619266284377016
4 5 3 2 0.020619266284377016
5 5 3 3 0.020619266284377016
4 4 8 2 -0.00020125315142789884
5 4 8 3 -0.00020125315142789884
4 5 9 2 -0.00020125315142789884
5 5 9 3 -0.00020125315142789884
4 6 2 2 -0.00020125315142789874
5 6 2 3 -0.00020125315142789874
4 7 3 2 -0.00020125315142789874
5 7 3 3 -0.00020125315142789874
4 6 8 2 0.0004645615326522946
5 6 8 3 0.0004645615326522946
4 7 9 2 0.0004645615326522946
5 7 9 3 0.0004645615326522946
4 8 4 2 -0.00020125315142789874
5 8 4 3 -0.00020125315142789874
4 9 5 2 -0.00020125315142789874
5 9 5 3 -0.00020125315142789874
4 8 6 2 0.0004645615326522946
5 8 6 3 0.0004645615326522946
4 9 7 2 0.0004645615326522946
5 9 7 3 0.0004645615326522946
4 0 0 4 0.24326281498818758
5 0 0 5 0.24326281498818758
4 1 1 4 0.24326281498818758
5 1 1 5 0.24326281498818758
4 0 10 4 0.09601336420294891
5 0 10 5 0.09601336420294891
4 1 11 4 0.09601336420294891
5 1 11 5 0.09601336420294891
4 2 2 4 0.3408052301034111
5 2 2 5 0.3408052301034111
4 3 3 4 0.3408052301034111
5 3 3 5 0.3408052301034111
4 2 8 4 -0.001319811206667515
5 2 8 5 -0.001319811206667515
4 3 9 4 -0.001319811206667515
5 3 9 5 -0.001319811206667515
4 4 4 4 0.3820437632324035
5 4 4 5 0.3820437632324035
4 5 5 4 0.3820437632324035
5 5 5 5 0.3820437632324035
4 4 6 4 -0.0017223179847997143
5 4 6 5 -0.0017223179847997143
4 5 7 4 -0.0017223179847997143
5 5 7 5 -0.0017223179847997143
4 6 4 4 -0.0017223179847997122
5 6 4 5 -0.0017223179847997122
4 7 5 4 -0.0017223179847997122
5 7 5 5 -0.0017223179847997122
4 6 6 4 0.1381674320310116
5 6 6 5 0.1381674320310116
4 7 7 4 0.1381674320310116
5 7 7 5 0.1381674320310116
4 8 2 4 -0.0013198112066675133
5 8 2 5 -0.0013198112066675133
4 9 3 4 -0.0013198112066675133
5 9 3 5 -0.0013198112066675133
4 8 8 4 0.13723830940905918
5 8 8 5 0.13723830940905918
4 9 9 4 0.13723830940905918
5 9 9 5 0.13723830940905918
4 10 0 4 0.0960133642029489
5 10 0 5 0.0960133642029489
4 11 1 4 0.0960133642029489
5 11 1 5 0.0960133642029489
4 10 10 4 0.25469474883898463
5 10 10 5 0.25469474883898463
4 11 11 4 0.25469474883898463
5 11 11 5 0.25469474883898463
4 0 0 6 -0.0004958547248480162
5 0 0 7 -0.0004958547248480162
4 1 1 6 -0.0004958547248480162
5 1 1 7 -0.0004958547248480162
4 2 2 6 -0.0013198112066675131
5 2 2 7 -0.0013198112066675131
4 3 3 6 -0.0013198112066675131
5 3 3 7 -0.0013198112066675131
4 2 8 6 0.00016000084336529886
5 2 8 7 0.00016000084336529886
4 3 9 6 0.00016000084336529886
5 3 9 7 0.00016000084336529886
4 4 4 6 -0.0017223179847997124
5 4 4 7 -0.0017223179847997124
4 5 5 6 -0.0017223179847997124
5 5 5 7 -0.0017223179847997124
4 4 6 6 0.00022884055583507817
5 4 6 7 0.00022884055583507817
4 5 7 6 0.00022884055583507817
5 5 7 7 0.00022884055583507817
4 6 4 6 0.00022884055583507814
5 6 4 7 0.00022884055583507814
4 7 5 6 0.00022884055583507814
5 7 5 7 0.00022884055583507814
4 6 6 6 -0.0017223179847997115
5 6 6 7 -0.0017223179847997115
4 7 7 6 -0.0017223179847997115
5 7 7 7 -0.0017223179847997115
4 8 2 6 0.00016000084336529886
5 8 2 7 0.00016000084336529886
4 9 3 6 0.00016000084336529886
5 9 3 7 0.00016000084336529886
4 8 8 6 -0.0013198112066675153
5 8 8 7 -0.0013198112066675153
4 9 9 6 -0.0013198112066675153
5 9 9 7 -0.0013198112066675153
4 10 10 6 -0.0008733058292431485
5 10 10 7 -0.0008733058292431485
4 11 11 6 -0.0008733058292431485
5 11 11 7 -0.0008733058292431485
4 2 4 8 -0.00020125315142789874
5 2 4 9 -0.00020125315142789874
4 3 5 8 -0.00020125315142789874
5 3 5 9 -0.00020125315142789874
4 2 6 8 3.442007791099401e-05
5 2 6 9 3.442007791099401e-05
4 3 7 8 3.442007791099401e-05
5 3 7 9 3.442007791099401e-05
4 4 2 8 -0.00020125315142789874
5 4 2 9 -0.00020125315142789874
4 5 3 8 -0.00020125315142789874
5 5 3 9 -0.00020125315142789874
4 4 8 8 3.442007791099401e-05
5 4 8 9 3.442007791099401e-05
4 5 9 8 3.442007791099401e-05
5 5 9 9 3.442007791099401e-05
4 6 2 8 3.442007791099401e-05
5 6 2 9 3.442007791099401e-05
4 7 3 8 3.442007791099401e-05
5 7 3 9 3.442007791099401e-05
4 6 8 8 -0.00020125315142789874
5 6 8 9 -0.00020125315142789874
4 7 9 8 -0.00020125315142789874
5 7 9 9 -0.00020125315142789874
4 8 4 8 3.442007791099401e-05
5 8 4 9 3.442007791099401e-05
4 9 5 8 3.442007791099401e-05
5 9 5 9 3.442007791099401e-05
4 8 6 8 -0.00020125315142789874
5 8 6 9 -0.00020125315142789874
4 9 7 8 -0.00020125315142789874
5 9 7 9 -0.00020125315142789874
4 0 4 10 0.01014427358605383
5 0 4 11 0.01014427358605383
4 1 5 10 0.01014427358605383
5 1 5 11 0.01014427358605383
4 0 6 10 0.0009572728742136344
5 0 6 11 0.0009572728742136344
4 1 7 10 0.0009572728742136344
5 1 7 11 0.0009572728742136344
4 4 0 10 0.010144273586053831
5 4 0 11 0.010144273586053831
4 5 1 10 0.010144273586053831
5 5 1 11 0.010144273586053831
4 4 10 10 0.012406331463358821
5 4 10 11 0.012406331463358821
4 5 11 10 0.012406331463358821
5 5 11 11 0.012406331463358821
4 6 0 10 0.0009572728742136345
5 6 0 11 0.0009572728742136345
4 7 1 10 0.0009572728742136345
5 7 1 11 0.0009572728742136345
4 6 10 10 -0.0006802310063831323
5 6 10 11 -0.0006802310063831323
4 7 11 10 -0.0006802310063831323
5 7 11 11 -0.0006802310063831323
4 10 4 10 0.012406331463358821
5 10 4 11 0.012406331463358821
4 11 5 10 0.012406331463358821
5 11 5 11 0.012406331463358821
4 10 6 10 -0.000680231006383132
5 10 6 11 -0.000680231006383132
4 11 7 10 -0.000680231006383132
5 11 7 11 -0.000680231006383132
6 0 4 0 0.0009926631191175695
7 0 4 1 0.0009926631191175695
6 1 5 0 0.0009926631191175695
7 1 5 1 0.0009926631191175695
6 0 6 0 0.010415201438131787
7 0 6 1 0.010415201438131787
6 1 7 0 0.010415201438131787
7 1 7 1 0.010415201438131787
6 4 0 0 0.0009926631191175695
7 4 0 1 0.0009926631191175695
6 5 1 0 0.0009926631191175695
7 5 1 1 0.0009926631191175695
6 4 10 0 0.0009572728742136339
7 4 10 1 0.0009572728742136339
6 5 11 0 0.0009572728742136339
7 5 11 1 0.0009572728742136339
6 6 0 0 0.010415201438131785
7 6 0 1 0.010415201438131785
6 7 1 0 0.010415201438131785
7 7 1 1 0.010415201438131785
6 6 10 0 -0.010144273813659547
7 6 10 1 -0.010144273813659547
6 7 11 0 -0.010144273813659547
7 7 11 1 -0.010144273813659547
6 10 4 0 0.0009572728742136339
7 10 4 1 0.0009572728742136339
6 11 5 0 0.0009572728742136339
7 11 5 1 0.0009572728742136339
6 10 6 0 -0.01014427381365955
7 10 6 1 -0.01014427381365955
6 11 7 0 -0.01014427381365955
7 11 7 1 -0.01014427381365955
6 2 4 2 -0.00020125315142789874
7 2 4 3 -0.00020125315142789874
6 3 5 2 -0.00020125315142789874
7 3 5 3 -0.00020125315142789874
6 2 6 2 3.442007791099401e-05
7 2 6 3 3.442007791099401e-05
6 3 7 2 3.442007791099401e-05
7 3 7 3 3.442007791099401e-05
6 4 2 2 -0.00020125315142789874
7 4 2 3 -0.00020125315142789874
6 5 3 2 -0.00020125315142789874
7 5 3 3 -0.00020125315142789874
6 4 8 2 3.442007791099401e-05
7 4 8 3 3.442007791099401e-05
6 5 9 2 3.442007791099401e-05
7 5 9 3 3.442007791099401e-05
6 6 2 2 3.442007791099401e-05
7 6 2 3 3.442007791099401e-05
6 7 3 2 3.442007791099401e-05
7 7 3 3 3.442007791099401e-05
6 6 8 2 -0.00020125315142789874
7 6 8 3 -0.00020125315142789874
6 7 9 2 -0.00020125315142789874
7 7 9 3 -0.00020125315142789874
6 8 4 2 3.442007791099401e-05
7 8 4 3 3.442007791099401e-05
6 9 5 2 3.442007791099401e-05
7 9 5 3 3.442007791099401e-05
6 8 6 2 -0.00020125315142789874
7 8 6 3 -0.00020125315142789874
6 9 7 2 -0.00020125315142789874
7 9 7 3 -0.00020125315142789874
6 0 0 4 -0.0004958547248480171
7 0 0 5 -0.0004958547248480171
6 1 1 4 -0.0004958547248480171
7 1 1 5 -0.0004958547248480171
6 2 2 4 -0.0013198112066675153
7 2 2 5 -0.0013198112066675153
6 3 3 4 -0.0013198112066675153
7 3 3 5 -0.0013198112066675153
6 2 8 4 0.00016000084336529886
7 2 8 5 0.00016000084336529886
6 3 9 4 0.00016000084336529886
7 3 9 5 0.00016000084336529886
6 4 4 4 -0.0017223179847997115
7 4 4 5 -0.0017223179847997115
6 5 5 4 -0.0017223179847997115
7 5 5 5 -0.0017223179847997115
6 4 6 4 0.00022884055583507814
7 4 6 5 0.00022884055583507814
6 5 7 4 0.00022884055583507814
7 5 7 5 0.00022884055583507814
6 6 4 4 0.00022884055583507817
7 6 4 5 0.00022884055583507817
6 7 5 4 0.00022884055583507817
7 7 5 5 0.00022884055583507817
6 6 6 4 -0.0017223179847997124
7 6 6 5 -0.0017223179847997124
6 7 7 4 -0.0017223179847997124
7 7 7 5 -0.0017223179847997124
6 8 2 4 0.00016000084336529886
7 8 2 5 0.00016000084336529886
6 9 3 4 0.00016000084336529886
7 9 3 5 0.00016000084336529886
6 8 8 4 -0.0013198112066675131
7 8 8 5 -0.0013198112066675131
6 9 9 4 -0.0013198112066675131
7 9 9 5 -0.0013198112066675131
6 10 10 4 -0.0008733058292431485
7 10 10 5 -0.0008733058292431485
6 11 11 4 -0.0008733058292431485
7 11 11 5 -0.0008733058292431485
6 0 0 6 0.24326281476858844
7 0 0 7 0.24326281476858844
6 1 1 6 0.24326281476858844
7 1 1 7 0.24326281476858844
6 0 10 6 -0.09601336410361185
7 0 10 7 -0.09601336410361185
6 1 11 6 -0.09601336410361185
7 1 11 7 -0.09601336410361185
6 2 2 6 0.13723830940905918
7 2 2 7 0.13723830940905918
6 3 3 6 0.13723830940905918
7 3 3 7 0.13723830940905918
6 2 8 6 -0.0013198112066675133
7 2 8 7 -0.0013198112066675133
6 3 9 6 -0.0013198112066675133
7 3 9 7 -0.0013198112066675133
6 4 4 6 0.1381674320310116
7 4 4 7 0.1381674320310116
6 5 5 6 0.1381674320310116
7 5 5 7 0.1381674320310116
6 4 6 6 -0.0017223179847997122
7 4 6 7 -0.0017223179847997122
6 5 7 6 -0.0017223179847997122
7 5 7 7 -0.0017223179847997122
6 6 4 6 -0.0017223179847997143
7 6 4 7 -0.0017223179847997143
6 7 5 6 -0.0017223179847997143
7 7 5 7 -0.0017223179847997143
6 6 6 6 0.3820437632324035
7 6 6 7 0.3820437632324035
6 7 7 6 0.3820437632324035
7 7 7 7 0.3820437632324035
6 8 2 6 -0.001319811206667515
7 8 2 7 -0.001319811206667515
6 9 3 6 -0.001319811206667515
7 9 3 7 -0.001319811206667515
6 8 8 6 0.3408052301034111
7 8 8 7 0.3408052301034111
6 9 9 6 0.3408052301034111
7 9 9 7 0.3408052301034111
6 10 0 6 -0.09601336410361183
7 10 0 7 -0.09601336410361183
6 11 1 6 -0.09601336410361183
7 11 1 7 -0.09601336410361183
6 10 10 6 0.25469474883898463
7 10 10 7 0.25469474883898463
6 11 11 6 0.25469474883898463
7 11 11 7 0.25469474883898463
6 2 4 8 0.0004645615326522946
7 2 4 9 0.0004645615326522946
6 3 5 8 0.0004645615326522946
7 3 5 9 0.0004645615326522946
6 2 6 8 -0.00020125315142789874
7 2 6 9 -0.00020125315142789874
6 3 7 8 -0.00020125315142789874
7 3 7 9 -0.00020125315142789874
6 4 2 8 0.0004645615326522946
7 4 2 9 0.0004645615326522946
6 5 3 8 0.0004645615326522946
7 5 3 9 0.0004645615326522946
6 4 8 8 -0.00020125315142789874
7 4 8 9 -0.00020125315142789874
6 5 9 8 -0.00020125315142789874
7 5 9 9 -0.00020125315142789874
6 6 2 8 -0.00020125315142789884
7 6 2 9 -0.00020125315142789884
6 7 3 8 -0.00020125315142789884
7 7 3 9 -0.00020125315142789884
6 6 8 8 0.020619266284377016
7 6 8 9 0.020619266284377016
6 7 9 8 0.020619266284377016
7 7 9 9 0.020619266284377016
6 8 4 8 -0.00020125315142789884
7 8 4 9 -0.00020125315142789884
6 9 5 8 -0.00020125315142789884
7 9 5 9 -0.00020125315142789884
6 8 6 8 0.020619266284377016
7 8 6 9 0.020619266284377016
6 9 7 8 0.020619266284377016
7 9 7 9 0.020619266284377016
6 0 4 10 -0.000957272856872735
7 0 4 11 -0.000957272856872735
6 1 5 10 -0.000957272856872735
7 1 5 11 -0.000957272856872735
6 0 6 10 -0.01014427381365955
7 0 6 11 -0.01014427381365955
6 1 7 10 -0.01014427381365955
7 1 7 11 -0.01014427381365955
6 4 0 10 -0.0009572728568727348
7 4 0 11 -0.0009572728568727348
6 5 1 10 -0.0009572728568727348
7 5 1 11 -0.0009572728568727348
6 4 10 10 -0.000680231006383132
7 4 10 11 -0.000680231006383132
6 5 11 10 -0.000680231006383132
7 5 11 11 -0.000680231006383132
6 6 0 10 -0.010144273813659548
7 6 0 11 -0.010144273813659548
6 7 1 10 -0.010144273813659548
7 7 1 11 -0.010144273813659548
6 6 10 10 0.012406331463358818
7 6 10 11 0.012406331463358818
6 7 11 10 0.012406331463358818
7 7 11 11 0.012406331463358818
6 10 4 10 -0.0006802310063831317
7 10 4 11 -0.0006802310063831317
6 11 5 10 -0.0006802310063831317
7 11 5 11 -0.0006802310063831317
6 10 6 10 0.012406331463358821
7 10 6 11 0.012406331463358821
6 11 7 10 0.012406331463358821
7 11 7 11 0.012406331463358821
8 0 2 0 0.0009926631191175695
9 0 2 1 0.0009926631191175695
8 1 3 0 0.0009926631191175695
9 1 3 1 0.0009926631191175695
8 0 8 0 0.010415201438131787
9 0 8 1 0.010415201438131787
8 1 9 0 0.010415201438131787
9 1 9 1 0.010415201438131787
8 2 0 0 0.0009926631191175695
9 2 0 1 0.0009926631191175695
8 3 1 0 0.0009926631191175695
9 3 1 1 0.0009926631191175695
8 2 10 0 0.0009572728742136339
9 2 10 1 0.0009572728742136339
8 3 11 0 0.0009572728742136339
9 3 11 1 0.0009572728742136339
8 8 0 0 0.010415201438131785
9 8 0 1 0.010415201438131785
8 9 1 0 0.010415201438131785
9 9 1 1 0.010415201438131785
8 8 10 0 -0.010144273813659547
9 8 10 1 -0.010144273813659547
8 9 11 0 -0.010144273813659547
9 9 11 1 -0.010144273813659547
8 10 2 0 0.0009572728742136339
9 10 2 1 0.0009572728742136339
8 11 3 0 0.0009572728742136339
9 11 3 1 0.0009572728742136339
8 10 8 0 -0.01014427381365955
9 10 8 1 -0.01014427381365955
8 11 9 0 -0.01014427381365955
9 11 9 1 -0.01014427381365955
8 0 0 2 -0.0004958547248480171
9 0 0 3 -0.0004958547248480171
8 1 1 2 -0.0004958547248480171
9 1 1 3 -0.0004958547248480171
8 2 2 2 -0.0017223179847997115
9 2 2 3 -0.0017223179847997115
8 3 3 2 -0.0017223179847997115
9 3 3 3 -0.0017223179847997115
8 2 8 2 0.00022884055583507814
9 2 8 3 0.00022884055583507814
8 3 9 2 0.00022884055583507814
9 3 9 3 0.00022884055583507814
8 4 4 2 -0.0013198112066675153
9 4 4 3 -0.0013198112066675153
8 5 5 2 -0.0013198112066675153
9 5 5 3 -0.0013198112066675153
8 4 6 2 0.00016000084336529886
9 4 6 3 0.00016000084336529886
8 5 7 2 0.00016000084336529886
9 5 7 3 0.00016000084336529886
8 6 4 2 0.00016000084336529886
9 6 4 3 0.00016000084336529886
8 7 5 2 0.00016000084336529886
9 7 5 3 0.00016000084336529886
8 6 6 2 -0.0013198112066675131
9 6 6 3 -0.0013198112066675131
8 7 7 2 -0.0013198112066675131
9 7 7 3 -0.0013198112066675131
8 8 2 2 0.00022884055583507817
9 8 2 3 0.00022884055583507817
8 9 3 2 0.00022884055583507817
9 9 3 3 0.00022884055583507817
8 8 8 2 -0.0017223179847997124
9 8 8 3 -0.0017223179847997124
8 9 9 2 -0.0017223179847997124
9 9 9 3 -0.0017223179847997124
8 10 10 2 -0.0008733058292431485
9 10 10 3 -0.0008733058292431485
8 11 11 2 -0.0008733058292431485
9 11 11 3 -0.0008733058292431485
8 2 4 4 -0.00020125315142789874
9 2 4 5 -0.00020125315142789874
8 3 5 4 -0.00020125315142789874
9 3 5 5 -0.00020125315142789874
8 2 6 4 3.442007791099401e-05
9 2 6 5 3.442007791099401e-05
8 3 7 4 3.442007791099401e-05
9 3 7 5 3.442007791099401e-05
8 4 2 4 -0.00020125315142789874
9 4 2 5 -0.00020125315142789874
8 5 3 4 -0.00020125315142789874
9 5 3 5 -0.00020125315142789874
8 4 8 4 3.442007791099401e-05
9 4 8 5 3.442007791099401e-05
8 5 9 4 3.442007791099401e-05
9 5 9 5 3.442007791099401e-05
8 6 2 4 3.442007791099401e-05
9 6 2 5 3.442007791099401e-05
8 7 3 4 3.442007791099401e-05
9 7 3 5 3.442007791099401e-05
8 6 8 4 -0.00020125315142789874
9 6 8 5 -0.00020125315142789874
8 7 9 4 -0.00020125315142789874
9 7 9 5 -0.00020125315142789874
8 8 4 4 3.442007791099401e-05
9 8 4 5 3.442007791099401e-05
8 9 5 4 3.442007791099401e-05
9 9 5 5 3.442007791099401e-05
8 8 6 4 -0.00020125315142789874
9 8 6 5 -0.00020125315142789874
8 9 7 4 -0.00020125315142789874
9 9 7 5 -0.00020125315142789874
8 2 4 6 0.0004645615326522946
9 2 4 7 0.0004645615326522946
8 3 5 6 0.0004645615326522946
9 3 5 7 0.0004645615326522946
8 2 6 6 -0.00020125315142789874
9 2 6 7 -0.00020125315142789874
8 3 7 6 -0.00020125315142789874
9 3 7 7 -0.00020125315142789874
8 4 2 6 0.0004645615326522946
9 4 2 7 0.0004645615326522946
8 5 3 6 0.0004645615326522946
9 5 3 7 0.0004645615326522946
8 4 8 6 -0.00020125315142789874
9 4 8 7 -0.00020125315142789874
8 5 9 6 -0.00020125315142789874
9 5 9 7 -0.00020125315142789874
8 6 2 6 -0.00020125315142789884
9 6 2 7 -0.00020125315142789884
8 7 3 6 -0.00020125315142789884
9 7 3 7 -0.00020125315142789884
8 6 8 6 0.020619266284377016
9 6 8 7 0.020619266284377016
8 7 9 6 0.020619266284377016
9 7 9 7 0.020619266284377016
8 8 4 6 -0.00020125315142789884
9 8 4 7 -0.00020125315142789884
8 9 5 6 -0.00020125315142789884
9 9 5 7 -0.00020125315142789884
8 8 6 6 0.020619266284377016
9 8 6 7 0.020619266284377016
8 9 7 6 0.020619266284377016
9 9 7 7 0.020619266284377016
8 0 0 8 0.24326281476858844
9 0 0 9 0.24326281476858844
8 1 1 8 0.24326281476858844
9 1 1 9 0.24326281476858844
8 0 10 8 -0.09601336410361185
9 0 10 9 -0.09601336410361185
8 1 11 8 -0.09601336410361185
9 1 11 9 -0.09601336410361185
8 2 2 8 0.1381674320310116
9 2 2 9 0.1381674320310116
8 3 3 8 0.1381674320310116
9 3 3 9 0.1381674320310116
8 2 8 8 -0.0017223179847997122
9 2 8 9 -0.0017223179847997122
8 3 9 8 -0.0017223179847997122
9 3 9 9 -0.0017223179847997122
8 4 4 8 0.13723830940905918
9 4 4 9 0.13723830940905918
8 5 5 8 0.13723830940905918
9 5 5 9 0.13723830940905918
8 4 6 8 -0.0013198112066675133
9 4 6 9 -0.0013198112066675133
8 5 7 8 -0.0013198112066675133
9 5 7 9 -0.0013198112066675133
8 6 4 8 -0.001319811206667515
9 6 4 9 -0.001319811206667515
8 7 5 8 -0.001319811206667515
9 7 5 9 -0.001319811206667515
8 6 6 8 0.3408052301034111
9 6 6 9 0.3408052301034111
8 7 7 8 0.3408052301034111
9 7 7 9 0.3408052301034111
8 8 2 8 -0.0017223179847997143
9 8 2 9 -0.0017223179847997143
8 9 3 8 -0.0017223179847997143
9 9 3 9 -0.0017223179847997143
8 8 8 8 0.3820437632324035
9 8 8 9 0.3820437632324035
8 9 9 8 0.3820437632324035
9 9 9 9 0.3820437632324035
8 10 0 8 -0.09601336410361183
9 10 0 9 -0.09601336410361183
8 11 1 8 -0.09601336410361183
9 11 1 9 -0.09601336410361183
8 10 10 8 0.25469474883898463
9 10 10 9 0.25469474883898463
8 11 11 8 0.25469474883898463
9 11 11 9 0.25469474883898463
8 0 2 10 -0.000957272856872735
9 0 2 11 -0.000957272856872735
8 1 3 10 -0.000957272856872735
9 1 3 11 -0.000957272856872735
8 0 8 10 -0.01014427381365955
9 0 8 11 -0.01014427381365955
8 1 9 10 -0.01014427381365955
9 1 9 11 -0.01014427381365955
8 2 0 10 -0.0009572728568727348
9 2 0 11 -0.0009572728568727348
8 3 1 10 -0.0009572728568727348
9 3 1 11 -0.0009572728568727348
8 2 10 10 -0.000680231006383132
9 2 10 11 -0.000680231006383132
8 3 11 10 -0.000680231006383132
9 3 11 11 -0.000680231006383132
8 8 0 10 -0.010144273813659548
9 8 0 11 -0.010144273813659548
8 9 1 10 -0.010144273813659548
9 9 1 11 -0.010144273813659548
8 8 10 10 0.012406331463358818
9 8 10 11 0.012406331463358818
8 9 11 10 0.012406331463358818
9 9 11 11 0.012406331463358818
8 10 2 10 -0.0006802310063831317
9 10 2 11 -0.0006802310063831317
8 11 3 10 -0.0006802310063831317
9 11 3 11 -0.0006802310063831317
8 10 8 10 0.012406331463358821
9 10 8 11 0.012406331463358821
8 11 9 10 0.012406331463358821
9 11 9 11 0.012406331463358821
10 0 10 0 0.10898756744990894
11 0 10 1 0.10898756744990894
10 1 11 0 0.10898756744990894
11 1 11 1 0.10898756744990894
10 2 2 0 0.09601336420294888
11 2 2 1 0.09601336420294888
10 3 3 0 0.09601336420294888
11 3 3 1 0.09601336420294888
10 4 4 0 0.09601336420294888
11 4 4 1 0.09601336420294888
10 5 5 0 0.09601336420294888
11 5 5 1 0.09601336420294888
10 6 6 0 -0.09601336410361189
11 6 6 1 -0.09601336410361189
10 7 7 0 -0.09601336410361189
11 7 7 1 -0.09601336410361189
10 8 8 0 -0.09601336410361189
11 8 8 1 -0.09601336410361189
10 9 9 0 -0.09601336410361189
11 9 9 1 -0.09601336410361189
10 10 0 0 0.10898756744990894
11 10 0 1 0.10898756744990894
10 11 1 0 0.10898756744990894
11 11 1 1 0.10898756744990894
10 0 2 2 0.01014427358605383
11 0 2 3 0.01014427358605383
10 1 3 2 0.01014427358605383
11 1 3 3 0.01014427358605383
10 0 8 2 0.0009572728742136343
11 0 8 3 0.0009572728742136343
10 1 9 2 0.0009572728742136343
11 1 9 3 0.0009572728742136343
10 2 0 2 0.01014427358605383
11 2 0 3 0.01014427358605383
10 3 1 2 0.01014427358605383
11 3 1 3 0.01014427358605383
10 2 10 2 0.012406331463358821
11 2 10 3 0.012406331463358821
10 3 11 2 0.012406331463358821
11 3 11 3 0.012406331463358821
10 8 0 2 0.0009572728742136346
11 8 0 3 0.0009572728742136346
10 9 1 2 0.0009572728742136346
11 9 1 3 0.0009572728742136346
10 8 10 2 -0.0006802310063831323
11 8 10 3 -0.0006802310063831323
10 9 11 2 -0.0006802310063831323
11 9 11 3 -0.0006802310063831323
10 10 2 2 0.012406331463358821
11 10 2 3 0.012406331463358821
10 11 3 2 0.012406331463358821
11 11 3 3 0.012406331463358821
10 10 8 2 -0.0006802310063831319
11 10 8 3 -0.0006802310063831319
10 11 9 2 -0.0006802310063831319
11 11 9 3 -0.0006802310063831319
10 0 4 4 0.01014427358605383
11 0 4 5 0.01014427358605383
10 1 5 4 0.01014427358605383
11 1 5 5 0.01014427358605383
10 0 6 4 0.0009572728742136343
11 0 6 5 0.0009572728742136343
10 1 7 4 0.0009572728742136343
11 1 7 5 0.0009572728742136343
10 4 0 4 0.01014427358605383
11 4 0 5 0.01014427358605383
10 5 1 4 0.01014427358605383
11 5 1 5 0.01014427358605383
10 4 10 4 0.012406331463358821
11 4 10 5 0.012406331463358821
10 5 11 4 0.012406331463358821
11 5 11 5 0.012406331463358821
10 6 0 4 0.0009572728742136346
11 6 0 5 0.0009572728742136346
10 7 1 4 0.0009572728742136346
11 7 1 5 0.0009572728742136346
10 6 10 4 -0.0006802310063831323
11 6 10 5 -0.0006802310063831323
10 7 11 4 -0.0006802310063831323
11 7 11 5 -0.0006802310063831323
10 10 4 4 0.012406331463358821
11 10 4 5 0.012406331463358821
10 11 5 4 0.012406331463358821
11 11 5 5 0.012406331463358821
10 10 6 4 -0.0006802310063831319
11 10 6 5 -0.0006802310063831319
10 11 7 4 -0.0006802310063831319
11 11 7 5 -0.0006802310063831319
10 0 4 6 -0.0009572728568727349
11 0 4 7 -0.0009572728568727349
10 1 5 6 -0.0009572728568727349
11 1 5 7 -0.0009572728568727349
10 0 6 6 -0.01014427381365955
11 0 6 7 -0.01014427381365955
10 1 7 6 -0.01014427381365955
11 1 7 7 -0.01014427381365955
10 4 0 6 -0.0009572728568727347
11 4 0 7 -0.0009572728568727347
10 5 1 6 -0.0009572728568727347
11 5 1 7 -0.0009572728568727347
10 4 10 6 -0.000680231006383132
11 4 10 7 -0.000680231006383132
10 5 11 6 -0.000680231006383132
11 5 11 7 -0.000680231006383132
10 6 0 6 -0.010144273813659548
11 6 0 7 -0.010144273813659548
10 7 1 6 -0.010144273813659548
11 7 1 7 -0.010144273813659548
10 6 10 6 0.012406331463358818
11 6 10 7 0.012406331463358818
10 7 11 6 0.012406331463358818
11 7 11 7 0.012406331463358818
10 10 4 6 -0.0006802310063831318
11 10 4 7 -0.0006802310063831318
10 11 5 6 -0.0006802310063831318
11 11 5 7 -0.0006802310063831318
10 10 6 6 0.012406331463358821
11 10 6 7 0.012406331463358821
10 11 7 6 0.012406331463358821
11 11 7 7 0.012406331463358821
10 0 2 8 -0.0009572728568727349
11 0 2 9 -0.0009572728568727349
10 1 3 8 -0.0009572728568727349
11 1 3 9 -0.0009572728568727349
10 0 8 8 -0.01014427381365955
11 0 8 9 -0.01014427381365955
10 1 9 8 -0.01014427381365955
11 1 9 9 -0.01014427381365955
10 2 0 8 -0.0009572728568727347
11 2 0 9 -0.0009572728568727347
10 3 1 8 -0.0009572728568727347
11 3 1 9 -0.0009572728568727347
10 2 10 8 -0.000680231006383132
11 2 10 9 -0.000680231006383132
10 3 11 8 -0.000680231006383132
11 3 11 9 -0.000680231006383132
10 8 0 8 -0.010144273813659548
11 8 0 9 -0.010144273813659548
10 9 1 8 -0.010144273813659548
11 9 1 9 -0.010144273813659548
10 8 10 8 0.012406331463358818
11 8 10 9 0.012406331463358818
10 9 11 8 0.012406331463358818
11 9 11 9 0.012406331463358818
10 10 2 8 -0.0006802310063831318
11 10 2 9 -0.0006802310063831318
10 11 3 8 -0.0006802310063831318
11 11 3 9 -0.0006802310063831318
10 10 8 8 0.012406331463358821
11 10 8 9 0.012406331463358821
10 11 9 8 0.012406331463358821
11 11 9 9 0.012406331463358821
10 0 0 10 0.2805973407504374
11 0 0 11 0.2805973407504374
10 1 1 10 0.2805973407504374
11 1 1 11 0.2805973407504374
10 2 2 10 0.25469474883898463
11 2 2 11 0.25469474883898463
10 3 3 10 0.25469474883898463
11 3 3 11 0.25469474883898463
10 2 8 10 -0.0008733058292431477
11 2 8 11 -0.0008733058292431477
10 3 9 10 -0.0008733058292431477
11 3 9 11 -0.0008733058292431477
10 4 4 10 0.25469474883898463
11 4 4 11 0.25469474883898463
10 5 5 10 0.25469474883898463
11 5 5 11 0.25469474883898463
10 4 6 10 -0.0008733058292431477
11 4 6 11 -0.0008733058292431477
10 5 7 10 -0.0008733058292431477
11 5 7 11 -0.0008733058292431477
10 6 4 10 -0.0008733058292431475
11 6 4 11 -0.0008733058292431475
10 7 5 10 -0.0008733058292431475
11 7 5 11 -0.0008733058292431475
10 6 6 10 0.25469474883898463
11 6 6 11 0.25469474883898463
10 7 7 10 0.25469474883898463
11 7 7 11 0.25469474883898463
10 8 2 10 -0.0008733058292431475
11 8 2 11 -0.0008733058292431475
10 9 3 10 -0.0008733058292431475
11 9 3 11 -0.0008733058292431475
10 8 8 10 0.25469474883898463
11 8 8 11 0.25469474883898463
10 9 9 10 0.25469474883898463
11 9 9 11 0.25469474883898463
10 10 10 10 0.296600954162682
11 10 10 11 0.296600954162682
10 11 11 10 0.296600954162682
11 11 11 11 0.296600954162682
