-99.15519393589123
0 0 -2.30609614992244
1 1 -2.30609614992244
2 2 -2.277997762267649
3 3 -2.277997762267649
2 8 -0.0012048889429323354
3 9 -0.0012048889429323354
4 4 -2.277997762267649
5 5 -2.277997762267649
4 6 -0.0012048889429323354
5 7 -0.0012048889429323354
6 4 -0.0012048889429323354
7 5 -0.0012048889429323354
6 6 -2.2779977376813507
7 7 -2.2779977376813507
8 2 -0.0012048889429323354
9 3 -0.0012048889429323354
8 8 -2.2779977376813507
9 9 -2.2779977376813507
10 10 -2.2887736703742836
11 11 -2.2887736703742836
0 0 0 0 0.23530913287980001
1 0 0 1 0.23530913287980001
0 1 1 0 0.23530913287980001
1 1 1 1 0.23530913287980001
0 2 2 0 0.21383468685332968
1 2 2 1 0.21383468685332968
0 3 3 0 0.21383468685332968
1 3 3 1 0.21383468685332968
0 2 8 0 -8.450001084995732e-05
1 2 8 1 -8.450001084995732e-05
0 3 9 0 -8.450001084995732e-05
1 3 9 1 -8.450001084995732e-05
0 4 4 0 0.21383468685332968
1 4 4 1 0.21383468685332968
0 5 5 0 0.21383468685332968
1 5 5 1 0.21383468685332968
0 4 6 0 -8.450001084995732e-05
1 4 6 1 -8.450001084995732e-05
0 5 7 0 -8.450001084995732e-05
1 5 7 1 -8.450001084995732e-05
0 6 4 0 -8.450001084995735e-05
1 6 4 1 -8.450001084995735e-05
0 7 5 0 -8.450001084995735e-05
1 7 5 1 -8.450001084995735e-05
0 6 6 0 0.21383468103177633
1 6 6 1 0.21383468103177633
0 7 7 0 0.21383468103177633
1 7 7 1 0.21383468103177633
0 8 2 0 -8.450001084995735e-05
1 8 2 1 -8.450001084995735e-05
0 9 3 0 -8.450001084995735e-05
1 9 3 1 -8.450001084995735e-05
0 8 8 0 0.21383468103177633
1 8 8 1 0.21383468103177633
0 9 9 0 0.21383468103177633
1 9 9 1 0.21383468103177633
0 10 10 0 0.2371542077230952
1 10 10 1 0.2371542077230952
0 11 11 0 0.2371542077230952
1 11 11 1 0.2371542077230952
0 0 2 2 0.010168822862259754
1 0 2 3 0.010168822862259754
0 1 3 2 0.010168822862259754
1 1 3 3 0.010168822862259754
0 0 8 2 8.063741016929609e-05
1 0 8 3 8.063741016929609e-05
0 1 9 2 8.063741016929609e-05
1 1 9 3 8.063741016929609e-05
0 2 0 2 0.010168822862259754
1 2 0 3 0.010168822862259754
0 3 1 2 0.010168822862259754
1 3 1 3 0.010168822862259754
0 2 10 2 0.01027573152506888
1 2 10 3 0.01027573152506888
0 3 11 2 0.01027573152506888
1 3 11 3 0.01027573152506888
0 8 0 2 8.06374101692961e-05
1 8 0 3 8.06374101692961e-05
0 9 1 2 8.06374101692961e-05
1 9 1 3 8.06374101692961e-05
0 8 10 2 -7.994243916373407e-05
1 8 10 3 -7.994243916373407e-05
0 9 11 2 -7.994243916373407e-05
1 9 11 3 -7.994243916373407e-05
0 10 2 2 0.010275731525068884
1 10 2 3 0.010275731525068884
0 11 3 2 0.010275731525068884
1 11 3 3 0.010275731525068884
0 10 8 2 -7.994243916373408e-05
1 10 8 3 -7.994243916373408e-05
0 11 9 2 -7.994243916373408e-05
1 11 9 3 -7.994243916373408e-05
0 0 4 4 0.010168822862259754
1 0 4 5 0.010168822862259754
0 1 5 4 0.010168822862259754
1 1 5 5 0.010168822862259754
0 0 6 4 8.063741016929609e-05
1 0 6 5 8.063741016929609e-05
0 1 7 4 8.063741016929609e-05
1 1 7 5 8.063741016929609e-05
0 4 0 4 0.010168822862259754
1 4 0 5 0.010168822862259754
0 5 1 4 0.010168822862259754
1 5 1 5 0.010168822862259754
0 4 10 4 0.01027573152506888
1 4 10 5 0.01027573152506888
0 5 11 4 0.01027573152506888
1 5 11 5 0.01027573152506888
0 6 0 4 8.06374101692961e-05
1 6 0 5 8.06374101692961e-05
0 7 1 4 8.06374101692961e-05
1 7 1 5 8.06374101692961e-05
0 6 10 4 -7.994243916373407e-05
1 6 10 5 -7.994243916373407e-05
0 7 11 4 -7.994243916373407e-05
1 7 11 5 -7.994243916373407e-05
0 10 4 4 0.010275731525068884
1 10 4 5 0.010275731525068884
0 11 5 4 0.010275731525068884
1 11 5 5 0.010275731525068884
0 10 6 4 -7.994243916373408e-05
1 10 6 5 -7.994243916373408e-05
0 11 7 4 -7.994243916373408e-05
1 11 7 5 -7.994243916373408e-05
0 0 4 6 8.06374101692961e-05
1 0 4 7 8.06374101692961e-05
0 1 5 6 8.06374101692961e-05
1 1 5 7 8.06374101692961e-05
0 0 6 6 0.010168822473239952
1 0 6 7 0.010168822473239952
0 1 7 6 0.010168822473239952
1 1 7 7 0.010168822473239952
0 4 0 6 8.063741016929612e-05
1 4 0 7 8.063741016929612e-05
0 5 1 6 8.063741016929612e-05
1 5 1 7 8.063741016929612e-05
0 4 10 6 7.994244074404638e-05
1 4 10 7 7.994244074404638e-05
0 5 11 6 7.994244074404638e-05
1 5 11 7 7.994244074404638e-05
0 6 0 6 0.010168822473239952
1 6 0 7 0.010168822473239952
0 7 1 6 0.010168822473239952
1 7 1 7 0.010168822473239952
0 6 10 6 -0.010275731555862663
1 6 10 7 -0.010275731555862663
0 7 11 6 -0.010275731555862663
1 7 11 7 -0.010275731555862663
0 10 4 6 7.994244074404638e-05
1 10 4 7 7.994244074404638e-05
0 11 5 6 7.994244074404638e-05
1 11 5 7 7.994244074404638e-05
0 10 6 6 -0.010275731555862663
1 10 6 7 -0.010275731555862663
0 11 7 6 -0.010275731555862663
1 11 7 7 -0.010275731555862663
0 0 2 8 8.06374101692961e-05
1 0 2 9 8.06374101692961e-05
0 1 3 8 8.06374101692961e-05
1 1 3 9 8.06374101692961e-05
0 0 8 8 0.010168822473239952
1 0 8 9 0.010168822473239952
0 1 9 8 0.010168822473239952
1 1 9 9 0.010168822473239952
0 2 0 8 8.063741016929612e-05
1 2 0 9 8.063741016929612e-05
0 3 1 8 8.063741016929612e-05
1 3 1 9 8.063741016929612e-05
0 2 10 8 7.994244074404638e-05
1 2 10 9 7.994244074404638e-05
0 3 11 8 7.994244074404638e-05
1 3 11 9 7.994244074404638e-05
0 8 0 8 0.010168822473239952
1 8 0 9 0.010168822473239952
0 9 1 8 0.010168822473239952
1 9 1 9 0.010168822473239952
0 8 10 8 -0.010275731555862663
1 8 10 9 -0.010275731555862663
0 9 11 8 -0.010275731555862663
1 9 11 9 -0.010275731555862663
0 10 2 8 7.994244074404638e-05
1 10 2 9 7.994244074404638e-05
0 11 3 8 7.994244074404638e-05
1 11 3 9 7.994244074404638e-05
0 10 8 8 -0.010275731555862663
1 10 8 9 -0.010275731555862663
0 11 9 8 -0.010275731555862663
1 11 9 9 -0.010275731555862663
0 0 10 10 0.14428713640965635
1 0 10 11 0.14428713640965635
0 1 11 10 0.14428713640965635
1 1 11 11 0.14428713640965635
0 2 2 10 0.1255834154841533
1 2 2 11 0.1255834154841533
0 3 3 10 0.1255834154841533
1 3 3 11 0.1255834154841533
0 4 4 10 0.1255834154841533
1 4 4 11 0.1255834154841533
0 5 5 10 0.1255834154841533
1 5 5 11 0.1255834154841533
0 6 6 10 -0.12558341813496962
1 6 6 11 -0.12558341813496962
0 7 7 10 -0.12558341813496962
1 7 7 11 -0.12558341813496962
0 8 8 10 -0.12558341813496962
1 8 8 11 -0.12558341813496962
0 9 9 10 -0.12558341813496962
1 9 9 11 -0.12558341813496962
0 10 0 10 0.14428713640965635
1 10 0 11 0.14428713640965635
0 11 1 10 0.14428713640965635
1 11 1 11 0.14428713640965635
2 0 2 0 0.010168822862259756
3 0 2 1 0.010168822862259756
2 1 3 0 0.010168822862259756
3 1 3 1 0.010168822862259756
2 0 8 0 8.063741016929612e-05
3 0 8 1 8.063741016929612e-05
2 1 9 0 8.063741016929612e-05
3 1 9 1 8.063741016929612e-05
2 2 0 0 0.010168822862259756
3 2 0 1 0.010168822862259756
2 3 1 0 0.010168822862259756
3 3 1 1 0.010168822862259756
2 2 10 0 0.010275731525068877
3 2 10 1 0.010275731525068877
2 3 11 0 0.010275731525068877
3 3 11 1 0.010275731525068877
2 8 0 0 8.063741016929612e-05
3 8 0 1 8.063741016929612e-05
2 9 1 0 8.063741016929612e-05
3 9 1 1 8.063741016929612e-05
2 8 10 0 -7.994243916373405e-05
3 8 10 1 -7.994243916373405e-05
2 9 11 0 -7.994243916373405e-05
3 9 11 1 -7.994243916373405e-05
2 10 2 0 0.01027573152506888
3 10 2 1 0.01027573152506888
2 11 3 0 0.01027573152506888
3 11 3 1 0.01027573152506888
2 10 8 0 -7.994243916373405e-05
3 10 8 1 -7.994243916373405e-05
2 11 9 0 -7.994243916373405e-05
3 11 9 1 -7.994243916373405e-05
2 0 0 2 0.2138346868533296
3 0 0 3 0.2138346868533296
2 1 1 2 0.2138346868533296
3 1 1 3 0.2138346868533296
2 0 10 2 0.12558341548415328
3 0 10 3 0.12558341548415328
2 1 11 2 0.12558341548415328
3 1 11 3 0.12558341548415328
2 2 2 2 0.38140331160608015
3 2 2 3 0.38140331160608015
2 3 3 2 0.38140331160608015
3 3 3 3 0.38140331160608015
2 2 8 2 -0.0001368532218950637
3 2 8 3 -0.0001368532218950637
2 3 9 2 -0.0001368532218950637
3 3 9 3 -0.0001368532218950637
2 4 4 2 0.3402846076596641
3 4 4 3 0.3402846076596641
2 5 5 2 0.3402846076596641
3 5 5 3 0.3402846076596641
2 4 6 2 -0.00010694974668113154
3 4 6 3 -0.00010694974668113154
2 5 7 2 -0.00010694974668113154
3 5 7 3 -0.00010694974668113154
2 6 4 2 -0.00010694974668113158
3 6 4 3 -0.00010694974668113158
2 7 5 2 -0.00010694974668113158
3 7 5 3 -0.00010694974668113158
2 6 6 2 0.08606540132912013
3 6 6 3 0.08606540132912013
2 7 7 2 0.08606540132912013
3 7 7 3 0.08606540132912013
2 8 2 2 -0.00013685322189506367
3 8 2 3 -0.00013685322189506367
2 9 3 2 -0.00013685322189506367
3 9 3 3 -0.00013685322189506367
2 8 8 2 0.08614556169325459
3 8 8 3 0.08614556169325459
2 9 9 2 0.08614556169325459
3 9 9 3 0.08614556169325459
2 10 0 2 0.12558341548415328
3 10 0 3 0.12558341548415328
2 11 1 2 0.12558341548415328
3 11 1 3 0.12558341548415328
2 10 10 2 0.2156406918966508
3 10 10 3 0.2156406918966508
2 11 11 2 0.2156406918966508
3 11 11 3 0.2156406918966508
2 2 4 4 0.02055935172320628
3 2 4 5 0.02055935172320628
2 3 5 4 0.02055935172320628
3 3 5 5 0.02055935172320628
2 2 6 4 -1.4951737136254009e-05
3 2 6 5 -1.4951737136254009e-05
2 3 7 4 -1.4951737136254009e-05
3 3 7 5 -1.4951737136254009e-05
2 4 2 4 0.02055935172320628
3 4 2 5 0.02055935172320628
2 5 3 4 0.02055935172320628
3 5 3 5 0.02055935172320628
2 4 8 4 -1.4951737136254009e-05
3 4 8 5 -1.4951737136254009e-05
2 5 9 4 -1.4951737136254009e-05
3 5 9 5 -1.4951737136254009e-05
2 6 2 4 -1.4951737136254009e-05
3 6 2 5 -1.4951737136254009e-05
2 7 3 4 -1.4951737136254009e-05
3 7 3 5 -1.4951737136254009e-05
2 6 8 4 4.007993206545775e-05
3 6 8 5 4.007993206545775e-05
2 7 9 4 4.007993206545775e-05
3 7 9 5 4.007993206545775e-05
2 8 4 4 -1.4951737136254009e-05
3 8 4 5 -1.4951737136254009e-05
2 9 5 4 -1.4951737136254009e-05
3 9 5 5 -1.4951737136254009e-05
2 8 6 4 4.007993206545775e-05
3 8 6 5 4.007993206545775e-05
2 9 7 4 4.007993206545775e-05
3 9 7 5 4.007993206545775e-05
2 2 4 6 -1.4951737136254007e-05
3 2 4 7 -1.4951737136254007e-05
2 3 5 6 -1.4951737136254007e-05
3 3 5 7 -1.4951737136254007e-05
2 2 6 6 6.629011896590565e-08
3 2 6 7 6.629011896590565e-08
2 3 7 6 6.629011896590565e-08
3 3 7 7 6.629011896590565e-08
2 4 2 6 -1.4951737136254007e-05
3 4 2 7 -1.4951737136254007e-05
2 5 3 6 -1.4951737136254007e-05
3 5 3 7 -1.4951737136254007e-05
2 4 8 6 6.629011896590565e-08
3 4 8 7 6.629011896590565e-08
2 5 9 6 6.629011896590565e-08
3 5 9 7 6.629011896590565e-08
2 6 2 6 6.629011896590565e-08
3 6 2 7 6.629011896590565e-08
2 7 3 6 6.629011896590565e-08
3 7 3 7 6.629011896590565e-08
2 6 8 6 -1.4951737156773163e-05
3 6 8 7 -1.4951737156773163e-05
2 7 9 6 -1.4951737156773163e-05
3 7 9 7 -1.4951737156773163e-05
2 8 4 6 6.629011896590565e-08
3 8 4 7 6.629011896590565e-08
2 9 5 6 6.629011896590565e-08
3 9 5 7 6.629011896590565e-08
2 8 6 6 -1.4951737156773163e-05
3 8 6 7 -1.4951737156773163e-05
2 9 7 6 -1.4951737156773163e-05
3 9 7 7 -1.4951737156773163e-05
2 0 0 8 -8.450001084995727e-05
3 0 0 9 -8.450001084995727e-05
2 1 1 8 -8.450001084995727e-05
3 1 1 9 -8.450001084995727e-05
2 2 2 8 -0.00013685322189506372
3 2 2 9 -0.00013685322189506372
2 3 3 8 -0.00013685322189506372
3 3 3 9 -0.00013685322189506372
2 2 8 8 5.410978908973933e-07
3 2 8 9 5.410978908973933e-07
2 3 9 8 5.410978908973933e-07
3 3 9 9 5.410978908973933e-07
2 4 4 8 -0.00010694974668113154
3 4 4 9 -0.00010694974668113154
2 5 5 8 -0.00010694974668113154
3 5 5 9 -0.00010694974668113154
2 4 6 8 4.085176511930357e-07
3 4 6 9 4.085176511930357e-07
2 5 7 8 4.085176511930357e-07
3 5 7 9 4.085176511930357e-07
2 6 4 8 4.0851765119303554e-07
3 6 4 9 4.0851765119303554e-07
2 7 5 8 4.0851765119303554e-07
3 7 5 9 4.0851765119303554e-07
2 6 6 8 -0.00010694974693535
3 6 6 9 -0.00010694974693535
2 7 7 8 -0.00010694974693535
3 7 7 9 -0.00010694974693535
2 8 2 8 5.410978908973933e-07
3 8 2 9 5.410978908973933e-07
2 9 3 8 5.410978908973933e-07
3 9 3 9 5.410978908973933e-07
2 8 8 8 -0.00013685322219032057
3 8 8 9 -0.00013685322219032057
2 9 9 8 -0.00013685322219032057
3 9 9 9 -0.00013685322219032057
2 10 10 8 -8.995073160064885e-05
3 10 10 9 -8.995073160064885e-05
2 11 11 8 -8.995073160064885e-05
3 11 11 9 -8.995073160064885e-05
2 0 2 10 0.010275731525068882
3 0 2 11 0.010275731525068882
2 1 3 10 0.010275731525068882
3 1 3 11 0.010275731525068882
2 0 8 10 7.994244074404638e-05
3 0 8 11 7.994244074404638e-05
2 1 9 10 7.994244074404638e-05
3 1 9 11 7.994244074404638e-05
2 2 0 10 0.010275731525068882
3 2 0 11 0.010275731525068882
2 3 1 10 0.010275731525068882
3 3 1 11 0.010275731525068882
2 2 10 10 0.010407709699701699
3 2 10 11 0.010407709699701699
2 3 11 10 0.010407709699701699
3 3 11 11 0.010407709699701699
2 8 0 10 7.994244074404636e-05
3 8 0 11 7.994244074404636e-05
2 9 1 10 7.994244074404636e-05
3 9 1 11 7.994244074404636e-05
2 8 10 10 -7.940738816159945e-05
3 8 10 11 -7.940738816159945e-05
2 9 11 10 -7.940738816159945e-05
3 9 11 11 -7.940738816159945e-05
2 10 2 10 0.0104077096997017
3 10 2 11 0.0104077096997017
2 11 3 10 0.0104077096997017
3 11 3 11 0.0104077096997017
2 10 8 10 -7.940738816159947e-05
3 10 8 11 -7.940738816159947e-05
2 11 9 10 -7.940738816159947e-05
3 11 9 11 -7.940738816159947e-05
4 0 4 0 0.010168822862259756
5 0 4 1 0.010168822862259756
4 1 5 0 0.010168822862259756
5 1 5 1 0.010168822862259756
4 0 6 0 8.063741016929612e-05
5 0 6 1 8.063741016929612e-05
4 1 7 0 8.063741016929612e-05
5 1 7 1 8.063741016929612e-05
4 4 0 0 0.010168822862259756
5 4 0 1 0.010168822862259756
4 5 1 0 0.010168822862259756
5 5 1 1 0.010168822862259756
4 4 10 0 0.010275731525068877
5 4 10 1 0.010275731525068877
4 5 11 0 0.010275731525068877
5 5 11 1 0.010275731525068877
4 6 0 0 8.063741016929612e-05
5 6 0 1 8.063741016929612e-05
4 7 1 0 8.063741016929612e-05
5 7 1 1 8.063741016929612e-05
4 6 10 0 -7.994243916373405e-05
5 6 10 1 -7.994243916373405e-05
4 7 11 0 -7.994243916373405e-05
5 7 11 1 -7.994243916373405e-05
4 10 4 0 0.01027573152506888
5 10 4 1 0.01027573152506888
4 11 5 0 0.01027573152506888
5 11 5 1 0.01027573152506888
4 10 6 0 -7.994243916373405e-05
5 10 6 1 -7.994243916373405e-05
4 11 7 0 -7.994243916373405e-05
5 11 7 1 -7.994243916373405e-05
4 2 4 2 0.02055935172320628
5 2 4 3 0.02055935172320628
4 3 5 2 0.02055935172320628
5 3 5 3 0.02055935172320628
4 2 6 2 -1.4951737136254009e-05
5 2 6 3 -1.4951737136254009e-05
4 3 7 2 -1.4951737136254009e-05
5 3 7 3 -1.4951737136254009e-05
4 4 2 2 0.02055935172320628
5 4 2 3 0.02055935172320628
4 5 3 2 0.02055935172320628
5 5 3 3 0.02055935172320628
4 4 8 2 -1.4951737136254009e-05
5 4 8 3 -1.4951737136254009e-05
4 5 9 2 -1.4951737136254009e-05
5 5 9 3 -1.4951737136254009e-05
4 6 2 2 -1.4951737136254009e-05
5 6 2 3 -1.4951737136254009e-05
4 7 3 2 -1.4951737136254009e-05
5 7 3 3 -1.4951737136254009e-05
4 6 8 2 4.007993206545775e-05
5 6 8 3 4.007993206545775e-05
4 7 9 2 4.007993206545775e-05
5 7 9 3 4.007993206545775e-05
4 8 4 2 -1.4951737136254009e-05
5 8 4 3 -1.4951737136254009e-05
4 9 5 2 -1.4951737136254009e-05
5 9 5 3 -1.4951737136254009e-05
4 8 6 2 4.007993206545775e-05
5 8 6 3 4.007993206545775e-05
4 9 7 2 4.007993206545775e-05
5 9 7 3 4.007993206545775e-05
4 0 0 4 0.2138346868533296
5 0 0 5 0.2138346868533296
4 1 1 4 0.2138346868533296
5 1 1 5 0.2138346868533296
4 0 10 4 0.12558341548415328
5 0 10 5 0.12558341548415328
4 1 11 4 0.12558341548415328
5 1 11 5 0.12558341548415328
4 2 2 4 0.3402846076596641
5 2 2 5 0.3402846076596641
4 3 3 4 0.3402846076596641
5 3 3 5 0.3402846076596641
4 2 8 4 -0.00010694974668113154
5 2 8 5 -0.00010694974668113154
4 3 9 4 -0.00010694974668113154
5 3 9 5 -0.00010694974668113154
4 4 4 4 0.38140331160608015
5 4 4 5 0.38140331160608015
4 5 5 4 0.38140331160608015
5 5 5 5 0.38140331160608015
4 4 6 4 -0.0001368532218950637
5 4 6 5 -0.0001368532218950637
4 5 7 4 -0.0001368532218950637
5 5 7 5 -0.0001368532218950637
4 6 4 4 -0.00013685322189506367
5 6 4 5 -0.00013685322189506367
4 7 5 4 -0.00013685322189506367
5 7 5 5 -0.00013685322189506367
4 6 6 4 0.08614556169325459
5 6 6 5 0.08614556169325459
4 7 7 4 0.08614556169325459
5 7 7 5 0.08614556169325459
4 8 2 4 -0.00010694974668113158
5 8 2 5 -0.00010694974668113158
4 9 3 4 -0.00010694974668113158
5 9 3 5 -0.00010694974668113158
4 8 8 4 0.08606540132912013
5 8 8 5 0.08606540132912013
4 9 9 4 0.08606540132912013
5 9 9 5 0.08606540132912013
4 10 0 4 0.12558341548415328
5 10 0 5 0.12558341548415328
4 11 1 4 0.12558341548415328
5 11 1 5 0.12558341548415328
4 10 10 4 0.2156406918966508
5 10 10 5 0.2156406918966508
4 11 11 4 0.2156406918966508
5 11 11 5 0.2156406918966508
4 0 0 6 -8.450001084995727e-05
5 0 0 7 -8.450001084995727e-05
4 1 1 6 -8.450001084995727e-05
5 1 1 7 -8.450001084995727e-05
4 2 2 6 -0.00010694974668113154
5 2 2 7 -0.00010694974668113154
4 3 3 6 -0.00010694974668113154
5 3 3 7 -0.00010694974668113154
4 2 8 6 4.085176511930357e-07
5 2 8 7 4.085176511930357e-07
4 3 9 6 4.085176511930357e-07
5 3 9 7 4.085176511930357e-07
4 4 4 6 -0.00013685322189506372
5 4 4 7 -0.00013685322189506372
4 5 5 6 -0.00013685322189506372
5 5 5 7 -0.00013685322189506372
4 4 6 6 5.410978908973933e-07
5 4 6 7 5.410978908973933e-07
4 5 7 6 5.410978908973933e-07
5 5 7 7 5.410978908973933e-07
4 6 4 6 5.410978908973933e-07
5 6 4 7 5.410978908973933e-07
4 7 5 6 5.410978908973933e-07
5 7 5 7 5.410978908973933e-07
4 6 6 6 -0.00013685322219032057
5 6 6 7 -0.00013685322219032057
4 7 7 6 -0.00013685322219032057
5 7 7 7 -0.00013685322219032057
4 8 2 6 4.0851765119303554e-07
5 8 2 7 4.0851765119303554e-07
4 9 3 6 4.0851765119303554e-07
5 9 3 7 4.0851765119303554e-07
4 8 8 6 -0.00010694974693535
5 8 8 7 -0.00010694974693535
4 9 9 6 -0.00010694974693535
5 9 9 7 -0.00010694974693535
4 10 10 6 -8.995073160064885e-05
5 10 10 7 -8.995073160064885e-05
4 11 11 6 -8.995073160064885e-05
5 11 11 7 -8.995073160064885e-05
4 2 4 8 -1.4951737136254007e-05
5 2 4 9 -1.4951737136254007e-05
4 3 5 8 -1.4951737136254007e-05
5 3 5 9 -1.4951737136254007e-05
4 2 6 8 6.629011896590565e-08
5 2 6 9 6.629011896590565e-08
4 3 7 8 6.629011896590565e-08
5 3 7 9 6.629011896590565e-08
4 4 2 8 -1.4951737136254007e-05
5 4 2 9 -1.4951737136254007e-05
4 5 3 8 -1.4951737136254007e-05
5 5 3 9 -1.4951737136254007e-05
4 4 8 8 6.629011896590565e-08
5 4 8 9 6.629011896590565e-08
4 5 9 8 6.629011896590565e-08
5 5 9 9 6.629011896590565e-08
4 6 2 8 6.629011896590565e-08
5 6 2 9 6.629011896590565e-08
4 7 3 8 6.629011896590565e-08
5 7 3 9 6.629011896590565e-08
4 6 8 8 -1.4951737156773163e-05
5 6 8 9 -1.4951737156773163e-05
4 7 9 8 -1.4951737156773163e-05
5 7 9 9 -1.4951737156773163e-05
4 8 4 8 6.629011896590565e-08
5 8 4 9 6.629011896590565e-08
4 9 5 8 6.629011896590565e-08
5 9 5 9 6.629011896590565e-08
4 8 6 8 -1.4951737156773163e-05
5 8 6 9 -1.4951737156773163e-05
4 9 7 8 -1.4951737156773163e-05
5 9 7 9 -1.4951737156773163e-05
4 0 4 10 0.010275731525068882
5 0 4 11 0.010275731525068882
4 1 5 10 0.010275731525068882
5 1 5 11 0.010275731525068882
4 0 6 10 7.994244074404638e-05
5 0 6 11 7.994244074404638e-05
4 1 7 10 7.994244074404638e-05
5 1 7 11 7.994244074404638e-05
4 4 0 10 0.010275731525068882
5 4 0 11 0.010275731525068882
4 5 1 10 0.010275731525068882
5 5 1 11 0.010275731525068882
4 4 10 10 0.010407709699701699
5 4 10 11 0.010407709699701699
4 5 11 10 0.010407709699701699
5 5 11 11 0.010407709699701699
4 6 0 10 7.994244074404636e-05
5 6 0 11 7.994244074404636e-05
4 7 1 10 7.994244074404636e-05
5 7 1 11 7.994244074404636e-05
4 6 10 10 -7.940738816159945e-05
5 6 10 11 -7.940738816159945e-05
4 7 11 10 -7.940738816159945e-05
5 7 11 11 -7.940738816159945e-05
4 10 4 10 0.0104077096997017
5 10 4 11 0.0104077096997017
4 11 5 10 0.0104077096997017
5 11 5 11 0.0104077096997017
4 10 6 10 -7.940738816159947e-05
5 10 6 11 -7.940738816159947e-05
4 11 7 10 -7.940738816159947e-05
5 11 7 11 -7.940738816159947e-05
6 0 4 0 8.06374101692961e-05
7 0 4 1 8.06374101692961e-05
6 1 5 0 8.06374101692961e-05
7 1 5 1 8.06374101692961e-05
6 0 6 0 0.01016882247323995
7 0 6 1 0.01016882247323995
6 1 7 0 0.01016882247323995
7 1 7 1 0.01016882247323995
6 4 0 0 8.063741016929612e-05
7 4 0 1 8.063741016929612e-05
6 5 1 0 8.063741016929612e-05
7 5 1 1 8.063741016929612e-05
6 4 10 0 7.994244074404638e-05
7 4 10 1 7.994244074404638e-05
6 5 11 0 7.994244074404638e-05
7 5 11 1 7.994244074404638e-05
6 6 0 0 0.01016882247323995
7 6 0 1 0.01016882247323995
6 7 1 0 0.01016882247323995
7 7 1 1 0.01016882247323995
6 6 10 0 -0.010275731555862663
7 6 10 1 -0.010275731555862663
6 7 11 0 -0.010275731555862663
7 7 11 1 -0.010275731555862663
6 10 4 0 7.994244074404639e-05
7 10 4 1 7.994244074404639e-05
6 11 5 0 7.994244074404639e-05
7 11 5 1 7.994244074404639e-05
6 10 6 0 -0.010275731555862663
7 10 6 1 -0.010275731555862663
6 11 7 0 -0.010275731555862663
7 11 7 1 -0.010275731555862663
6 2 4 2 -1.4951737136254007e-05
7 2 4 3 -1.4951737136254007e-05
6 3 5 2 -1.4951737136254007e-05
7 3 5 3 -1.4951737136254007e-05
6 2 6 2 6.629011896590565e-08
7 2 6 3 6.629011896590565e-08
6 3 7 2 6.629011896590565e-08
7 3 7 3 6.629011896590565e-08
6 4 2 2 -1.4951737136254007e-05
7 4 2 3 -1.4951737136254007e-05
6 5 3 2 -1.4951737136254007e-05
7 5 3 3 -1.4951737136254007e-05
6 4 8 2 6.629011896590565e-08
7 4 8 3 6.629011896590565e-08
6 5 9 2 6.629011896590565e-08
7 5 9 3 6.629011896590565e-08
6 6 2 2 6.629011896590565e-08
7 6 2 3 6.629011896590565e-08
6 7 3 2 6.629011896590565e-08
7 7 3 3 6.629011896590565e-08
6 6 8 2 -1.4951737156773167e-05
7 6 8 3 -1.4951737156773167e-05
6 7 9 2 -1.4951737156773167e-05
7 7 9 3 -1.4951737156773167e-05
6 8 4 2 6.629011896590565e-08
7 8 4 3 6.629011896590565e-08
6 9 5 2 6.629011896590565e-08
7 9 5 3 6.629011896590565e-08
6 8 6 2 -1.4951737156773167e-05
7 8 6 3 -1.4951737156773167e-05
6 9 7 2 -1.4951737156773167e-05
7 9 7 3 -1.4951737156773167e-05
6 0 0 4 -8.450001084995725e-05
7 0 0 5 -8.450001084995725e-05
6 1 1 4 -8.450001084995725e-05
7 1 1 5 -8.450001084995725e-05
6 2 2 4 -0.00010694974668113157
7 2 2 5 -0.00010694974668113157
6 3 3 4 -0.00010694974668113157
7 3 3 5 -0.00010694974668113157
6 2 8 4 4.0851765119303564e-07
7 2 8 5 4.0851765119303564e-07
6 3 9 4 4.0851765119303564e-07
7 3 9 5 4.0851765119303564e-07
6 4 4 4 -0.0001368532218950637
7 4 4 5 -0.0001368532218950637
6 5 5 4 -0.0001368532218950637
7 5 5 5 -0.0001368532218950637
6 4 6 4 5.410978908973933e-07
7 4 6 5 5.410978908973933e-07
6 5 7 4 5.410978908973933e-07
7 5 7 5 5.410978908973933e-07
6 6 4 4 5.410978908973933e-07
7 6 4 5 5.410978908973933e-07
6 7 5 4 5.410978908973933e-07
7 7 5 5 5.410978908973933e-07
6 6 6 4 -0.00013685322219032054
7 6 6 5 -0.00013685322219032054
6 7 7 4 -0.00013685322219032054
7 7 7 5 -0.00013685322219032054
6 8 2 4 4.0851765119303554e-07
7 8 2 5 4.0851765119303554e-07
6 9 3 4 4.0851765119303554e-07
7 9 3 5 4.0851765119303554e-07
6 8 8 4 -0.00010694974693535003
7 8 8 5 -0.00010694974693535003
6 9 9 4 -0.00010694974693535003
7 9 9 5 -0.00010694974693535003
6 10 10 4 -8.995073160064891e-05
7 10 10 5 -8.995073160064891e-05
6 11 11 4 -8.995073160064891e-05
7 11 11 5 -8.995073160064891e-05
6 0 0 6 0.21383468103177633
7 0 0 7 0.21383468103177633
6 1 1 6 0.21383468103177633
7 1 1 7 0.21383468103177633
6 0 10 6 -0.1255834181349696
7 0 10 7 -0.1255834181349696
6 1 11 6 -0.1255834181349696
7 1 11 7 -0.1255834181349696
6 2 2 6 0.08606540132912013
7 2 2 7 0.08606540132912013
6 3 3 6 0.08606540132912013
7 3 3 7 0.08606540132912013
6 2 8 6 -0.00010694974693535005
7 2 8 7 -0.00010694974693535005
6 3 9 6 -0.00010694974693535005
7 3 9 7 -0.00010694974693535005
6 4 4 6 0.08614556169325459
7 4 4 7 0.08614556169325459
6 5 5 6 0.08614556169325459
7 5 5 7 0.08614556169325459
6 4 6 6 -0.0001368532221903205
7 4 6 7 -0.0001368532221903205
6 5 7 6 -0.0001368532221903205
7 5 7 7 -0.0001368532221903205
6 6 4 6 -0.0001368532221903205
7 6 4 7 -0.0001368532221903205
6 7 5 6 -0.0001368532221903205
7 7 5 7 -0.0001368532221903205
6 6 6 6 0.3814033116060811
7 6 6 7 0.3814033116060811
6 7 7 6 0.3814033116060811
7 7 7 7 0.3814033116060811
6 8 2 6 -0.00010694974693535007
7 8 2 7 -0.00010694974693535007
6 9 3 6 -0.00010694974693535007
7 9 3 7 -0.00010694974693535007
6 8 8 6 0.340284607659665
7 8 8 7 0.340284607659665
6 9 9 6 0.340284607659665
7 9 9 7 0.340284607659665
6 10 0 6 -0.12558341813496957
7 10 0 7 -0.12558341813496957
6 11 1 6 -0.12558341813496957
7 11 1 7 -0.12558341813496957
6 10 10 6 0.2156406916848158
7 10 10 7 0.2156406916848158
6 11 11 6 0.2156406916848158
7 11 11 7 0.2156406916848158
6 2 4 8 4.007993206545775e-05
7 2 4 9 4.007993206545775e-05
6 3 5 8 4.007993206545775e-05
7 3 5 9 4.007993206545775e-05
6 2 6 8 -1.4951737156773167e-05
7 2 6 9 -1.4951737156773167e-05
6 3 7 8 -1.4951737156773167e-05
7 3 7 9 -1.4951737156773167e-05
6 4 2 8 4.007993206545775e-05
7 4 2 9 4.007993206545775e-05
6 5 3 8 4.007993206545775e-05
7 5 3 9 4.007993206545775e-05
6 4 8 8 -1.4951737156773167e-05
7 4 8 9 -1.4951737156773167e-05
6 5 9 8 -1.4951737156773167e-05
7 5 9 9 -1.4951737156773167e-05
6 6 2 8 -1.4951737156773167e-05
7 6 2 9 -1.4951737156773167e-05
6 7 3 8 -1.4951737156773167e-05
7 7 3 9 -1.4951737156773167e-05
6 6 8 8 0.020559351723206297
7 6 8 9 0.020559351723206297
6 7 9 8 0.020559351723206297
7 7 9 9 0.020559351723206297
6 8 4 8 -1.4951737156773167e-05
7 8 4 9 -1.4951737156773167e-05
6 9 5 8 -1.4951737156773167e-05
7 9 5 9 -1.4951737156773167e-05
6 8 6 8 0.020559351723206297
7 8 6 9 0.020559351723206297
6 9 7 8 0.020559351723206297
7 9 7 9 0.020559351723206297
6 0 4 10 -7.994243916373407e-05
7 0 4 11 -7.994243916373407e-05
6 1 5 10 -7.994243916373407e-05
7 1 5 11 -7.994243916373407e-05
6 0 6 10 -0.010275731555862661
7 0 6 11 -0.010275731555862661
6 1 7 10 -0.010275731555862661
7 1 7 11 -0.010275731555862661
6 4 0 10 -7.99424391637341e-05
7 4 0 11 -7.99424391637341e-05
6 5 1 10 -7.99424391637341e-05
7 5 1 11 -7.99424391637341e-05
6 4 10 10 -7.940738816159945e-05
7 4 10 11 -7.940738816159945e-05
6 5 11 10 -7.940738816159945e-05
7 5 11 11 -7.940738816159945e-05
6 6 0 10 -0.010275731555862661
7 6 0 11 -0.010275731555862661
6 7 1 10 -0.010275731555862661
7 7 1 11 -0.010275731555862661
6 6 10 10 0.010407710020254347
7 6 10 11 0.010407710020254347
6 7 11 10 0.010407710020254347
7 7 11 11 0.010407710020254347
6 10 4 10 -7.940738816159947e-05
7 10 4 11 -7.940738816159947e-05
6 11 5 10 -7.940738816159947e-05
7 11 5 11 -7.940738816159947e-05
6 10 6 10 0.010407710020254347
7 10 6 11 0.010407710020254347
6 11 7 10 0.010407710020254347
7 11 7 11 0.010407710020254347
8 0 2 0 8.06374101692961e-05
9 0 2 1 8.06374101692961e-05
8 1 3 0 8.06374101692961e-05
9 1 3 1 8.06374101692961e-05
8 0 8 0 0.01016882247323995
9 0 8 1 0.01016882247323995
8 1 9 0 0.01016882247323995
9 1 9 1 0.01016882247323995
8 2 0 0 8.063741016929612e-05
9 2 0 1 8.063741016929612e-05
8 3 1 0 8.063741016929612e-05
9 3 1 1 8.063741016929612e-05
8 2 10 0 7.994244074404638e-05
9 2 10 1 7.994244074404638e-05
8 3 11 0 7.994244074404638e-05
9 3 11 1 7.994244074404638e-05
8 8 0 0 0.01016882247323995
9 8 0 1 0.01016882247323995
8 9 1 0 0.01016882247323995
9 9 1 1 0.01016882247323995
8 8 10 0 -0.010275731555862663
9 8 10 1 -0.010275731555862663
8 9 11 0 -0.010275731555862663
9 9 11 1 -0.010275731555862663
8 10 2 0 7.994244074404639e-05
9 10 2 1 7.994244074404639e-05
8 11 3 0 7.994244074404639e-05
9 11 3 1 7.994244074404639e-05
8 10 8 0 -0.010275731555862663
9 10 8 1 -0.010275731555862663
8 11 9 0 -0.010275731555862663
9 11 9 1 -0.010275731555862663
8 0 0 2 -8.450001084995725e-05
9 0 0 3 -8.450001084995725e-05
8 1 1 2 -8.450001084995725e-05
9 1 1 3 -8.450001084995725e-05
8 2 2 2 -0.0001368532218950637
9 2 2 3 -0.0001368532218950637
8 3 3 2 -0.0001368532218950637
9 3 3 3 -0.0001368532218950637
8 2 8 2 5.410978908973933e-07
9 2 8 3 5.410978908973933e-07
8 3 9 2 5.410978908973933e-07
9 3 9 3 5.410978908973933e-07
8 4 4 2 -0.00010694974668113157
9 4 4 3 -0.00010694974668113157
8 5 5 2 -0.00010694974668113157
9 5 5 3 -0.00010694974668113157
8 4 6 2 4.0851765119303564e-07
9 4 6 3 4.0851765119303564e-07
8 5 7 2 4.0851765119303564e-07
9 5 7 3 4.0851765119303564e-07
8 6 4 2 4.0851765119303554e-07
9 6 4 3 4.0851765119303554e-07
8 7 5 2 4.0851765119303554e-07
9 7 5 3 4.0851765119303554e-07
8 6 6 2 -0.00010694974693535003
9 6 6 3 -0.00010694974693535003
8 7 7 2 -0.00010694974693535003
9 7 7 3 -0.00010694974693535003
8 8 2 2 5.410978908973933e-07
9 8 2 3 5.410978908973933e-07
8 9 3 2 5.410978908973933e-07
9 9 3 3 5.410978908973933e-07
8 8 8 2 -0.00013685322219032054
9 8 8 3 -0.00013685322219032054
8 9 9 2 -0.00013685322219032054
9 9 9 3 -0.00013685322219032054
8 10 10 2 -8.995073160064891e-05
9 10 10 3 -8.995073160064891e-05
8 11 11 2 -8.995073160064891e-05
9 11 11 3 -8.995073160064891e-05
8 2 4 4 -1.4951737136254007e-05
9 2 4 5 -1.4951737136254007e-05
8 3 5 4 -1.4951737136254007e-05
9 3 5 5 -1.4951737136254007e-05
8 2 6 4 6.629011896590565e-08
9 2 6 5 6.629011896590565e-08
8 3 7 4 6.629011896590565e-08
9 3 7 5 6.629011896590565e-08
8 4 2 4 -1.4951737136254007e-05
9 4 2 5 -1.4951737136254007e-05
8 5 3 4 -1.4951737136254007e-05
9 5 3 5 -1.4951737136254007e-05
8 4 8 4 6.629011896590565e-08
9 4 8 5 6.629011896590565e-08
8 5 9 4 6.629011896590565e-08
9 5 9 5 6.629011896590565e-08
8 6 2 4 6.629011896590565e-08
9 6 2 5 6.629011896590565e-08
8 7 3 4 6.629011896590565e-08
9 7 3 5 6.629011896590565e-08
8 6 8 4 -1.4951737156773167e-05
9 6 8 5 -1.4951737156773167e-05
8 7 9 4 -1.4951737156773167e-05
9 7 9 5 -1.4951737156773167e-05
8 8 4 4 6.629011896590565e-08
9 8 4 5 6.629011896590565e-08
8 9 5 4 6.629011896590565e-08
9 9 5 5 6.629011896590565e-08
8 8 6 4 -1.4951737156773167e-05
9 8 6 5 -1.4951737156773167e-05
8 9 7 4 -1.4951737156773167e-05
9 9 7 5 -1.4951737156773167e-05
8 2 4 6 4.007993206545775e-05
9 2 4 7 4.007993206545775e-05
8 3 5 6 4.007993206545775e-05
9 3 5 7 4.007993206545775e-05
8 2 6 6 -1.4951737156773167e-05
9 2 6 7 -1.4951737156773167e-05
8 3 7 6 -1.4951737156773167e-05
9 3 7 7 -1.4951737156773167e-05
8 4 2 6 4.007993206545775e-05
9 4 2 7 4.007993206545775e-05
8 5 3 6 4.007993206545775e-05
9 5 3 7 4.007993206545775e-05
8 4 8 6 -1.4951737156773167e-05
9 4 8 7 -1.4951737156773167e-05
8 5 9 6 -1.4951737156773167e-05
9 5 9 7 -1.4951737156773167e-05
8 6 2 6 -1.4951737156773167e-05
9 6 2 7 -1.4951737156773167e-05
8 7 3 6 -1.4951737156773167e-05
9 7 3 7 -1.4951737156773167e-05
8 6 8 6 0.020559351723206297
9 6 8 7 0.020559351723206297
8 7 9 6 0.020559351723206297
9 7 9 7 0.020559351723206297
8 8 4 6 -1.4951737156773167e-05
9 8 4 7 -1.4951737156773167e-05
8 9 5 6 -1.4951737156773167e-05
9 9 5 7 -1.4951737156773167e-05
8 8 6 6 0.020559351723206297
9 8 6 7 0.020559351723206297
8 9 7 6 0.020559351723206297
9 9 7 7 0.020559351723206297
8 0 0 8 0.21383468103177633
9 0 0 9 0.21383468103177633
8 1 1 8 0.21383468103177633
9 1 1 9 0.21383468103177633
8 0 10 8 -0.1255834181349696
9 0 10 9 -0.1255834181349696
8 1 11 8 -0.1255834181349696
9 1 11 9 -0.1255834181349696
8 2 2 8 0.08614556169325459
9 2 2 9 0.08614556169325459
8 3 3 8 0.08614556169325459
9 3 3 9 0.08614556169325459
8 2 8 8 -0.0001368532221903205
9 2 8 9 -0.0001368532221903205
8 3 9 8 -0.0001368532221903205
9 3 9 9 -0.0001368532221903205
8 4 4 8 0.08606540132912013
9 4 4 9 0.08606540132912013
8 5 5 8 0.08606540132912013
9 5 5 9 0.08606540132912013
8 4 6 8 -0.00010694974693535005
9 4 6 9 -0.00010694974693535005
8 5 7 8 -0.00010694974693535005
9 5 7 9 -0.00010694974693535005
8 6 4 8 -0.00010694974693535007
9 6 4 9 -0.00010694974693535007
8 7 5 8 -0.00010694974693535007
9 7 5 9 -0.00010694974693535007
8 6 6 8 0.340284607659665
9 6 6 9 0.340284607659665
8 7 7 8 0.340284607659665
9 7 7 9 0.340284607659665
8 8 2 8 -0.0001368532221903205
9 8 2 9 -0.0001368532221903205
8 9 3 8 -0.0001368532221903205
9 9 3 9 -0.0001368532221903205
8 8 8 8 0.3814033116060811
9 8 8 9 0.3814033116060811
8 9 9 8 0.3814033116060811
9 9 9 9 0.3814033116060811
8 10 0 8 -0.12558341813496957
9 10 0 9 -0.12558341813496957
8 11 1 8 -0.12558341813496957
9 11 1 9 -0.12558341813496957
8 10 10 8 0.2156406916848158
9 10 10 9 0.2156406916848158
8 11 11 8 0.2156406916848158
9 11 11 9 0.2156406916848158
8 0 2 10 -7.994243916373407e-05
9 0 2 11 -7.994243916373407e-05
8 1 3 10 -7.994243916373407e-05
9 1 3 11 -7.994243916373407e-05
8 0 8 10 -0.010275731555862661
9 0 8 11 -0.010275731555862661
8 1 9 10 -0.010275731555862661
9 1 9 11 -0.010275731555862661
8 2 0 10 -7.99424391637341e-05
9 2 0 11 -7.99424391637341e-05
8 3 1 10 -7.99424391637341e-05
9 3 1 11 -7.99424391637341e-05
8 2 10 10 -7.940738816159945e-05
9 2 10 11 -7.940738816159945e-05
8 3 11 10 -7.940738816159945e-05
9 3 11 11 -7.940738816159945e-05
8 8 0 10 -0.010275731555862661
9 8 0 11 -0.010275731555862661
8 9 1 10 -0.010275731555862661
9 9 1 11 -0.010275731555862661
8 8 10 10 0.010407710020254347
9 8 10 11 0.010407710020254347
8 9 11 10 0.010407710020254347
9 9 11 11 0.010407710020254347
8 10 2 10 -7.940738816159947e-05
9 10 2 11 -7.940738816159947e-05
8 11 3 10 -7.940738816159947e-05
9 11 3 11 -7.940738816159947e-05
8 10 8 10 0.010407710020254347
9 10 8 11 0.010407710020254347
8 11 9 10 0.010407710020254347
9 11 9 11 0.010407710020254347
10 0 10 0 0.14428713640965635
11 0 10 1 0.14428713640965635
10 1 11 0 0.14428713640965635
11 1 11 1 0.14428713640965635
10 2 2 0 0.12558341548415333
11 2 2 1 0.12558341548415333
10 3 3 0 0.12558341548415333
11 3 3 1 0.12558341548415333
10 4 4 0 0.12558341548415333
11 4 4 1 0.12558341548415333
10 5 5 0 0.12558341548415333
11 5 5 1 0.12558341548415333
10 6 6 0 -0.1255834181349696
11 6 6 1 -0.1255834181349696
10 7 7 0 -0.1255834181349696
11 7 7 1 -0.1255834181349696
10 8 8 0 -0.1255834181349696
11 8 8 1 -0.1255834181349696
10 9 9 0 -0.1255834181349696
11 9 9 1 -0.1255834181349696
10 10 0 0 0.14428713640965635
11 10 0 1 0.14428713640965635
10 11 1 0 0.14428713640965635
11 11 1 1 0.14428713640965635
10 0 2 2 0.01027573152506888
11 0 2 3 0.01027573152506888
10 1 3 2 0.01027573152506888
11 1 3 3 0.01027573152506888
10 0 8 2 7.994244074404638e-05
11 0 8 3 7.994244074404638e-05
10 1 9 2 7.994244074404638e-05
11 1 9 3 7.994244074404638e-05
10 2 0 2 0.01027573152506888
11 2 0 3 0.01027573152506888
10 3 1 2 0.01027573152506888
11 3 1 3 0.01027573152506888
10 2 10 2 0.0104077096997017
11 2 10 3 0.0104077096997017
10 3 11 2 0.0104077096997017
11 3 11 3 0.0104077096997017
10 8 0 2 7.994244074404635e-05
11 8 0 3 7.994244074404635e-05
10 9 1 2 7.994244074404635e-05
11 9 1 3 7.994244074404635e-05
10 8 10 2 -7.940738816159944e-05
11 8 10 3 -7.940738816159944e-05
10 9 11 2 -7.940738816159944e-05
11 9 11 3 -7.940738816159944e-05
10 10 2 2 0.010407709699701702
11 10 2 3 0.010407709699701702
10 11 3 2 0.010407709699701702
11 11 3 3 0.010407709699701702
10 10 8 2 -7.940738816159945e-05
11 10 8 3 -7.940738816159945e-05
10 11 9 2 -7.940738816159945e-05
11 11 9 3 -7.940738816159945e-05
10 0 4 4 0.01027573152506888
11 0 4 5 0.01027573152506888
10 1 5 4 0.01027573152506888
11 1 5 5 0.01027573152506888
10 0 6 4 7.994244074404638e-05
11 0 6 5 7.994244074404638e-05
10 1 7 4 7.994244074404638e-05
11 1 7 5 7.994244074404638e-05
10 4 0 4 0.01027573152506888
11 4 0 5 0.01027573152506888
10 5 1 4 0.01027573152506888
11 5 1 5 0.01027573152506888
10 4 10 4 0.0104077096997017
11 4 10 5 0.0104077096997017
10 5 11 4 0.0104077096997017
11 5 11 5 0.0104077096997017
10 6 0 4 7.994244074404635e-05
11 6 0 5 7.994244074404635e-05
10 7 1 4 7.994244074404635e-05
11 7 1 5 7.994244074404635e-05
10 6 10 4 -7.940738816159944e-05
11 6 10 5 -7.940738816159944e-05
10 7 11 4 -7.940738816159944e-05
11 7 11 5 -7.940738816159944e-05
10 10 4 4 0.010407709699701702
11 10 4 5 0.010407709699701702
10 11 5 4 0.010407709699701702
11 11 5 5 0.010407709699701702
10 10 6 4 -7.940738816159945e-05
11 10 6 5 -7.940738816159945e-05
10 11 7 4 -7.940738816159945e-05
11 11 7 5 -7.940738816159945e-05
10 0 4 6 -7.994243916373407e-05
11 0 4 7 -7.994243916373407e-05
10 1 5 6 -7.994243916373407e-05
11 1 5 7 -7.994243916373407e-05
10 0 6 6 -0.010275731555862663
11 0 6 7 -0.010275731555862663
10 1 7 6 -0.010275731555862663
11 1 7 7 -0.010275731555862663
10 4 0 6 -7.994243916373408e-05
11 4 0 7 -7.994243916373408e-05
10 5 1 6 -7.994243916373408e-05
11 5 1 7 -7.994243916373408e-05
10 4 10 6 -7.940738816159944e-05
11 4 10 7 -7.940738816159944e-05
10 5 11 6 -7.940738816159944e-05
11 5 11 7 -7.940738816159944e-05
10 6 0 6 -0.010275731555862663
11 6 0 7 -0.010275731555862663
10 7 1 6 -0.010275731555862663
11 7 1 7 -0.010275731555862663
10 6 10 6 0.010407710020254347
11 6 10 7 0.010407710020254347
10 7 11 6 0.010407710020254347
11 7 11 7 0.010407710020254347
10 10 4 6 -7.940738816159947e-05
11 10 4 7 -7.940738816159947e-05
10 11 5 6 -7.940738816159947e-05
11 11 5 7 -7.940738816159947e-05
10 10 6 6 0.010407710020254347
11 10 6 7 0.010407710020254347
10 11 7 6 0.010407710020254347
11 11 7 7 0.010407710020254347
10 0 2 8 -7.994243916373407e-05
11 0 2 9 -7.994243916373407e-05
10 1 3 8 -7.994243916373407e-05
11 1 3 9 -7.994243916373407e-05
10 0 8 8 -0.010275731555862663
11 0 8 9 -0.010275731555862663
10 1 9 8 -0.010275731555862663
11 1 9 9 -0.010275731555862663
10 2 0 8 -7.994243916373408e-05
11 2 0 9 -7.994243916373408e-05
10 3 1 8 -7.994243916373408e-05
11 3 1 9 -7.994243916373408e-05
10 2 10 8 -7.940738816159944e-05
11 2 10 9 -7.940738816159944e-05
10 3 11 8 -7.940738816159944e-05
11 3 11 9 -7.940738816159944e-05
10 8 0 8 -0.010275731555862663
11 8 0 9 -0.010275731555862663
10 9 1 8 -0.010275731555862663
11 9 1 9 -0.010275731555862663
10 8 10 8 0.010407710020254347
11 8 10 9 0.010407710020254347
10 9 11 8 0.010407710020254347
11 9 11 9 0.010407710020254347
10 10 2 8 -7.940738816159947e-05
11 10 2 9 -7.940738816159947e-05
10 11 3 8 -7.940738816159947e-05
11 11 3 9 -7.940738816159947e-05
10 10 8 8 0.010407710020254347
11 10 8 9 0.010407710020254347
10 11 9 8 0.010407710020254347
11 11 9 9 0.010407710020254347
10 0 0 10 0.23715420772309515
11 0 0 11 0.23715420772309515
10 1 1 10 0.23715420772309515
11 1 1 11 0.23715420772309515
10 2 2 10 0.21564069189665072
11 2 2 11 0.21564069189665072
10 3 3 10 0.21564069189665072
11 3 3 11 0.21564069189665072
10 2 8 10 -8.995073160064884e-05
11 2 8 11 -8.995073160064884e-05
10 3 9 10 -8.995073160064884e-05
11 3 9 11 -8.995073160064884e-05
10 4 4 10 0.21564069189665072
11 4 4 11 0.21564069189665072
10 5 5 10 0.21564069189665072
11 5 5 11 0.21564069189665072
10 4 6 10 -8.995073160064884e-05
11 4 6 11 -8.995073160064884e-05
10 5 7 10 -8.995073160064884e-05
11 5 7 11 -8.995073160064884e-05
10 6 4 10 -8.995073160064887e-05
11 6 4 11 -8.995073160064887e-05
10 7 5 10 -8.995073160064887e-05
11 7 5 11 -8.995073160064887e-05
10 6 6 10 0.2156406916848158
11 6 6 11 0.2156406916848158
10 7 7 10 0.2156406916848158
11 7 7 11 0.2156406916848158
10 8 2 10 -8.995073160064887e-05
11 8 2 11 -8.995073160064887e-05
10 9 3 10 -8.995073160064887e-05
11 9 3 11 -8.995073160064887e-05
10 8 8 10 0.2156406916848158
11 8 8 11 0.2156406916848158
10 9 9 10 0.2156406916848158
11 9 9 11 0.2156406916848158
10 10 10 10 0.23916597894544062
11 10 10 11 0.23916597894544062
10 11 11 10 0.23916597894544062
11 11 11 11 0.23916597894544062
