-98.14440144113131
0 0 -2.7385631127135355
1 1 -2.7385631127135355
0 10 1.7018630996384204e-07
1 11 1.7018630996384204e-07
2 2 -2.575492108416312
3 3 -2.575492108416312
2 8 -0.028405558602927282
3 9 -0.028405558602927282
4 4 -2.575492108416312
5 5 -2.575492108416312
4 6 -0.028405558602927282
5 7 -0.028405558602927282
6 4 -0.02840555860292729
7 5 -0.02840555860292729
6 6 -2.5754917045882504
7 7 -2.5754917045882504
8 2 -0.02840555860292729
9 3 -0.02840555860292729
8 8 -2.5754917045882504
9 9 -2.5754917045882504
10 0 1.7018631022752e-07
11 1 1.7018631022752e-07
10 10 -2.545290092593877
11 11 -2.545290092593877
0 0 0 0 0.2658275916041097
1 0 0 1 0.2658275916041097
0 1 1 0 0.2658275916041097
1 1 1 1 0.2658275916041097
0 0 10 0 5.5348178401581904e-09
1 0 10 1 5.5348178401581904e-09
0 1 11 0 5.5348178401581904e-09
1 1 11 1 5.5348178401581904e-09
0 2 2 0 0.2387993204129783
1 2 2 1 0.2387993204129783
0 3 3 0 0.2387993204129783
1 3 3 1 0.2387993204129783
0 2 8 0 -0.000533213291341513
1 2 8 1 -0.000533213291341513
0 3 9 0 -0.000533213291341513
1 3 9 1 -0.000533213291341513
0 4 4 0 0.2387993204129783
1 4 4 1 0.2387993204129783
0 5 5 0 0.2387993204129783
1 5 5 1 0.2387993204129783
0 4 6 0 -0.000533213291341513
1 4 6 1 -0.000533213291341513
0 5 7 0 -0.000533213291341513
1 5 7 1 -0.000533213291341513
0 6 4 0 -0.0005332132913415129
1 6 4 1 -0.0005332132913415129
0 7 5 0 -0.0005332132913415129
1 7 5 1 -0.0005332132913415129
0 6 6 0 0.2387992386313121
1 6 6 1 0.2387992386313121
0 7 7 0 0.2387992386313121
1 7 7 1 0.2387992386313121
0 8 2 0 -0.0005332132913415129
1 8 2 1 -0.0005332132913415129
0 9 3 0 -0.0005332132913415129
1 9 3 1 -0.0005332132913415129
0 8 8 0 0.2387992386313121
1 8 8 1 0.2387992386313121
0 9 9 0 0.2387992386313121
1 9 9 1 0.2387992386313121
0 10 0 0 5.534817847097084e-09
1 10 0 1 5.534817847097084e-09
0 11 1 0 5.534817847097084e-09
1 11 1 1 5.534817847097084e-09
0 10 10 0 0.2732948138454776
1 10 10 1 0.2732948138454776
0 11 11 0 0.2732948138454776
1 11 11 1 0.2732948138454776
0 0 2 2 0.01030272476429002
1 0 2 3 0.01030272476429002
0 1 3 2 0.01030272476429002
1 1 3 3 0.01030272476429002
0 0 8 2 0.0007470186018768165
1 0 8 3 0.0007470186018768165
0 1 9 2 0.0007470186018768165
1 1 9 3 0.0007470186018768165
0 2 0 2 0.01030272476429002
1 2 0 3 0.01030272476429002
0 3 1 2 0.01030272476429002
1 3 1 3 0.01030272476429002
0 2 10 2 0.01008868918643903
1 2 10 3 0.01008868918643903
0 3 11 2 0.01008868918643903
1 3 11 3 0.01008868918643903
0 8 0 2 0.0007470186018768164
1 8 0 3 0.0007470186018768164
0 9 1 2 0.0007470186018768164
1 9 1 3 0.0007470186018768164
0 8 10 2 -0.0007368614763953924
1 8 10 3 -0.0007368614763953924
0 9 11 2 -0.0007368614763953924
1 9 11 3 -0.0007368614763953924
0 10 2 2 0.01008868918643903
1 10 2 3 0.01008868918643903
0 11 3 2 0.01008868918643903
1 11 3 3 0.01008868918643903
0 10 8 2 -0.0007368614763953926
1 10 8 3 -0.0007368614763953926
0 11 9 2 -0.0007368614763953926
1 11 9 3 -0.0007368614763953926
0 0 4 4 0.01030272476429002
1 0 4 5 0.01030272476429002
0 1 5 4 0.01030272476429002
1 1 5 5 0.01030272476429002
0 0 6 4 0.0007470186018768165
1 0 6 5 0.0007470186018768165
0 1 7 4 0.0007470186018768165
1 1 7 5 0.0007470186018768165
0 4 0 4 0.01030272476429002
1 4 0 5 0.01030272476429002
0 5 1 4 0.01030272476429002
1 5 1 5 0.01030272476429002
0 4 10 4 0.01008868918643903
1 4 10 5 0.01008868918643903
0 5 11 4 0.01008868918643903
1 5 11 5 0.01008868918643903
0 6 0 4 0.0007470186018768164
1 6 0 5 0.0007470186018768164
0 7 1 4 0.0007470186018768164
1 7 1 5 0.0007470186018768164
0 6 10 4 -0.0007368614763953924
1 6 10 5 -0.0007368614763953924
0 7 11 4 -0.0007368614763953924
1 7 11 5 -0.0007368614763953924
0 10 4 4 0.01008868918643903
1 10 4 5 0.01008868918643903
0 11 5 4 0.01008868918643903
1 11 5 5 0.01008868918643903
0 10 6 4 -0.0007368614763953926
1 10 6 5 -0.0007368614763953926
0 11 7 4 -0.0007368614763953926
1 11 7 5 -0.0007368614763953926
0 0 4 6 0.0007470186018768165
1 0 4 7 0.0007470186018768165
0 1 5 6 0.0007470186018768165
1 1 5 7 0.0007470186018768165
0 0 6 6 0.0103027170715344
1 0 6 7 0.0103027170715344
0 1 7 6 0.0103027170715344
1 1 7 7 0.0103027170715344
0 4 0 6 0.0007470186018768165
1 4 0 7 0.0007470186018768165
0 5 1 6 0.0007470186018768165
1 5 1 7 0.0007470186018768165
0 4 10 6 0.0007368628314078708
1 4 10 7 0.0007368628314078708
0 5 11 6 0.0007368628314078708
1 5 11 7 0.0007368628314078708
0 6 0 6 0.010302717071534398
1 6 0 7 0.010302717071534398
0 7 1 6 0.010302717071534398
1 7 1 7 0.010302717071534398
0 6 10 6 -0.010088701498459465
1 6 10 7 -0.010088701498459465
0 7 11 6 -0.010088701498459465
1 7 11 7 -0.010088701498459465
0 10 4 6 0.0007368628314078707
1 10 4 7 0.0007368628314078707
0 11 5 6 0.0007368628314078707
1 11 5 7 0.0007368628314078707
0 10 6 6 -0.010088701498459465
1 10 6 7 -0.010088701498459465
0 11 7 6 -0.010088701498459465
1 11 7 7 -0.010088701498459465
0 0 2 8 0.0007470186018768165
1 0 2 9 0.0007470186018768165
0 1 3 8 0.0007470186018768165
1 1 3 9 0.0007470186018768165
0 0 8 8 0.0103027170715344
1 0 8 9 0.0103027170715344
0 1 9 8 0.0103027170715344
1 1 9 9 0.0103027170715344
0 2 0 8 0.0007470186018768165
1 2 0 9 0.0007470186018768165
0 3 1 8 0.0007470186018768165
1 3 1 9 0.0007470186018768165
0 2 10 8 0.0007368628314078708
1 2 10 9 0.0007368628314078708
0 3 11 8 0.0007368628314078708
1 3 11 9 0.0007368628314078708
0 8 0 8 0.010302717071534398
1 8 0 9 0.010302717071534398
0 9 1 8 0.010302717071534398
1 9 1 9 0.010302717071534398
0 8 10 8 -0.010088701498459465
1 8 10 9 -0.010088701498459465
0 9 11 8 -0.010088701498459465
1 9 11 9 -0.010088701498459465
0 10 2 8 0.0007368628314078707
1 10 2 9 0.0007368628314078707
0 11 3 8 0.0007368628314078707
1 11 3 9 0.0007368628314078707
0 10 8 8 -0.010088701498459465
1 10 8 9 -0.010088701498459465
0 11 9 8 -0.010088701498459465
1 11 9 9 -0.010088701498459465
0 0 0 10 5.534817826280403e-09
1 0 0 11 5.534817826280403e-09
0 1 1 10 5.534817826280403e-09
1 1 1 11 5.534817826280403e-09
0 0 10 10 0.1135901069866862
1 0 10 11 0.1135901069866862
0 1 11 10 0.1135901069866862
1 1 11 11 0.1135901069866862
0 2 2 10 0.09973589931168812
1 2 2 11 0.09973589931168812
0 3 3 10 0.09973589931168812
1 3 3 11 0.09973589931168812
0 4 4 10 0.09973589931168812
1 4 4 11 0.09973589931168812
0 5 5 10 0.09973589931168812
1 5 5 11 0.09973589931168812
0 6 6 10 -0.09973596589815556
1 6 6 11 -0.09973596589815556
0 7 7 10 -0.09973596589815556
1 7 7 11 -0.09973596589815556
0 8 8 10 -0.09973596589815556
1 8 8 11 -0.09973596589815556
0 9 9 10 -0.09973596589815556
1 9 9 11 -0.09973596589815556
0 10 0 10 0.11359010698668619
1 10 0 11 0.11359010698668619
0 11 1 10 0.11359010698668619
1 11 1 11 0.11359010698668619
0 10 10 10 -4.2631471533494114e-08
1 10 10 11 -4.2631471533494114e-08
0 11 11 10 -4.2631471533494114e-08
1 11 11 11 -4.2631471533494114e-08
2 0 2 0 0.010302724764290018
3 0 2 1 0.010302724764290018
2 1 3 0 0.010302724764290018
3 1 3 1 0.010302724764290018
2 0 8 0 0.0007470186018768165
3 0 8 1 0.0007470186018768165
2 1 9 0 0.0007470186018768165
3 1 9 1 0.0007470186018768165
2 2 0 0 0.010302724764290016
3 2 0 1 0.010302724764290016
2 3 1 0 0.010302724764290016
3 3 1 1 0.010302724764290016
2 2 10 0 0.01008868918643903
3 2 10 1 0.01008868918643903
2 3 11 0 0.01008868918643903
3 3 11 1 0.01008868918643903
2 8 0 0 0.0007470186018768166
3 8 0 1 0.0007470186018768166
2 9 1 0 0.0007470186018768166
3 9 1 1 0.0007470186018768166
2 8 10 0 -0.0007368614763953924
3 8 10 1 -0.0007368614763953924
2 9 11 0 -0.0007368614763953924
3 9 11 1 -0.0007368614763953924
2 10 2 0 0.01008868918643903
3 10 2 1 0.01008868918643903
2 11 3 0 0.01008868918643903
3 11 3 1 0.01008868918643903
2 10 8 0 -0.0007368614763953925
3 10 8 1 -0.0007368614763953925
2 11 9 0 -0.0007368614763953925
3 11 9 1 -0.0007368614763953925
2 0 0 2 0.2387993204129783
3 0 0 3 0.2387993204129783
2 1 1 2 0.2387993204129783
3 1 1 3 0.2387993204129783
2 0 10 2 0.09973589931168822
3 0 10 3 0.09973589931168822
2 1 11 2 0.09973589931168822
3 1 11 3 0.09973589931168822
2 2 2 2 0.38181572066915104
3 2 2 3 0.38181572066915104
2 3 3 2 0.38181572066915104
3 3 3 3 0.38181572066915104
2 2 8 2 -0.0015073906604044286
3 2 8 3 -0.0015073906604044286
2 3 9 2 -0.0015073906604044286
3 3 9 3 -0.0015073906604044286
2 4 4 2 0.3406200315911388
3 4 4 3 0.3406200315911388
2 5 5 2 0.3406200315911388
3 5 5 3 0.3406200315911388
2 4 6 2 -0.001152993026093809
3 4 6 3 -0.001152993026093809
2 5 7 2 -0.001152993026093809
3 5 7 3 -0.001152993026093809
2 6 4 2 -0.0011529930260938087
3 6 4 3 -0.0011529930260938087
2 7 5 2 -0.0011529930260938087
3 7 5 3 -0.0011529930260938087
2 6 6 2 0.13097571039273706
3 6 6 3 0.13097571039273706
2 7 7 2 0.13097571039273706
3 7 7 3 0.13097571039273706
2 8 2 2 -0.0015073906604044297
3 8 2 3 -0.0015073906604044297
2 9 3 2 -0.0015073906604044297
3 9 3 3 -0.0015073906604044297
2 8 8 2 0.13170956954168836
3 8 8 3 0.13170956954168836
2 9 9 2 0.13170956954168836
3 9 9 3 0.13170956954168836
2 10 0 2 0.09973589931168819
3 10 0 3 0.09973589931168819
2 11 1 2 0.09973589931168819
3 11 1 3 0.09973589931168819
2 10 10 2 0.24902145117983876
3 10 10 3 0.24902145117983876
2 11 11 2 0.24902145117983876
3 11 11 3 0.24902145117983876
2 2 4 4 0.020597844288459254
3 2 4 5 0.020597844288459254
2 3 5 4 0.020597844288459254
3 3 5 5 0.020597844288459254
2 2 6 4 -0.00017719881715531075
3 2 6 5 -0.00017719881715531075
2 3 7 4 -0.00017719881715531075
3 3 7 5 -0.00017719881715531075
2 4 2 4 0.020597844288459254
3 4 2 5 0.020597844288459254
2 5 3 4 0.020597844288459254
3 5 3 5 0.020597844288459254
2 4 8 4 -0.00017719881715531075
3 4 8 5 -0.00017719881715531075
2 5 9 4 -0.00017719881715531075
3 5 9 5 -0.00017719881715531075
2 6 2 4 -0.00017719881715531075
3 6 2 5 -0.00017719881715531075
2 7 3 4 -0.00017719881715531075
3 7 3 5 -0.00017719881715531075
2 6 8 4 0.00036692982502250257
3 6 8 5 0.00036692982502250257
2 7 9 4 0.00036692982502250257
3 7 9 5 0.00036692982502250257
2 8 4 4 -0.00017719881715531075
3 8 4 5 -0.00017719881715531075
2 9 5 4 -0.00017719881715531075
3 9 5 5 -0.00017719881715531075
2 8 6 4 0.00036692982502250257
3 8 6 5 0.00036692982502250257
2 9 7 4 0.00036692982502250257
3 9 7 5 0.00036692982502250257
2 2 4 6 -0.0001771988171553109
3 2 4 7 -0.0001771988171553109
2 3 5 6 -0.0001771988171553109
3 3 5 7 -0.0001771988171553109
2 2 6 6 2.2544177939252444e-05
3 2 6 7 2.2544177939252444e-05
2 3 7 6 2.2544177939252444e-05
3 3 7 7 2.2544177939252444e-05
2 4 2 6 -0.0001771988171553109
3 4 2 7 -0.0001771988171553109
2 5 3 6 -0.0001771988171553109
3 5 3 7 -0.0001771988171553109
2 4 8 6 2.2544177939252444e-05
3 4 8 7 2.2544177939252444e-05
2 5 9 6 2.2544177939252444e-05
3 5 9 7 2.2544177939252444e-05
2 6 2 6 2.2544177939252444e-05
3 6 2 7 2.2544177939252444e-05
2 7 3 6 2.2544177939252444e-05
3 7 3 7 2.2544177939252444e-05
2 6 8 6 -0.0001771988171553109
3 6 8 7 -0.0001771988171553109
2 7 9 6 -0.0001771988171553109
3 7 9 7 -0.0001771988171553109
2 8 4 6 2.2544177939252444e-05
3 8 4 7 2.2544177939252444e-05
2 9 5 6 2.2544177939252444e-05
3 9 5 7 2.2544177939252444e-05
2 8 6 6 -0.0001771988171553109
3 8 6 7 -0.0001771988171553109
2 9 7 6 -0.0001771988171553109
3 9 7 7 -0.0001771988171553109
2 0 0 8 -0.0005332132913415145
3 0 0 9 -0.0005332132913415145
2 1 1 8 -0.0005332132913415145
3 1 1 9 -0.0005332132913415145
2 2 2 8 -0.0015073906604044292
3 2 2 9 -0.0015073906604044292
2 3 3 8 -0.0015073906604044292
3 3 3 9 -0.0015073906604044292
2 2 8 8 0.00015286983844051732
3 2 8 9 0.00015286983844051732
2 3 9 8 0.00015286983844051732
3 3 9 9 0.00015286983844051732
2 4 4 8 -0.0011529930260938106
3 4 4 9 -0.0011529930260938106
2 5 5 8 -0.0011529930260938106
3 5 5 9 -0.0011529930260938106
2 4 6 8 0.0001077814825620125
3 4 6 9 0.0001077814825620125
2 5 7 8 0.0001077814825620125
3 5 7 9 0.0001077814825620125
2 6 4 8 0.0001077814825620125
3 6 4 9 0.0001077814825620125
2 7 5 8 0.0001077814825620125
3 7 5 9 0.0001077814825620125
2 6 6 8 -0.0011529930260938091
3 6 6 9 -0.0011529930260938091
2 7 7 8 -0.0011529930260938091
3 7 7 9 -0.0011529930260938091
2 8 2 8 0.00015286983844051732
3 8 2 9 0.00015286983844051732
2 9 3 8 0.00015286983844051732
3 9 3 9 0.00015286983844051732
2 8 8 8 -0.001507390660404429
3 8 8 9 -0.001507390660404429
2 9 9 8 -0.001507390660404429
3 9 9 9 -0.001507390660404429
2 10 10 8 -0.0008111830861619864
3 10 10 9 -0.0008111830861619864
2 11 11 8 -0.0008111830861619864
3 11 11 9 -0.0008111830861619864
2 0 2 10 0.01008868918643903
3 0 2 11 0.01008868918643903
2 1 3 10 0.01008868918643903
3 1 3 11 0.01008868918643903
2 0 8 10 0.000736862831407871
3 0 8 11 0.000736862831407871
2 1 9 10 0.000736862831407871
3 1 9 11 0.000736862831407871
2 2 0 10 0.010088689186439029
3 2 0 11 0.010088689186439029
2 3 1 10 0.010088689186439029
3 3 1 11 0.010088689186439029
2 2 10 10 0.01187145202798367
3 2 10 11 0.01187145202798367
2 3 11 10 0.01187145202798367
3 3 11 11 0.01187145202798367
2 8 0 10 0.0007368628314078705
3 8 0 11 0.0007368628314078705
2 9 1 10 0.0007368628314078705
3 9 1 11 0.0007368628314078705
2 8 10 10 -0.0005480297126558412
3 8 10 11 -0.0005480297126558412
2 9 11 10 -0.0005480297126558412
3 9 11 11 -0.0005480297126558412
2 10 2 10 0.011871452027983669
3 10 2 11 0.011871452027983669
2 11 3 10 0.011871452027983669
3 11 3 11 0.011871452027983669
2 10 8 10 -0.0005480297126558414
3 10 8 11 -0.0005480297126558414
2 11 9 10 -0.0005480297126558414
3 11 9 11 -0.0005480297126558414
4 0 4 0 0.010302724764290018
5 0 4 1 0.010302724764290018
4 1 5 0 0.010302724764290018
5 1 5 1 0.010302724764290018
4 0 6 0 0.0007470186018768165
5 0 6 1 0.0007470186018768165
4 1 7 0 0.0007470186018768165
5 1 7 1 0.0007470186018768165
4 4 0 0 0.010302724764290016
5 4 0 1 0.010302724764290016
4 5 1 0 0.010302724764290016
5 5 1 1 0.010302724764290016
4 4 10 0 0.01008868918643903
5 4 10 1 0.01008868918643903
4 5 11 0 0.01008868918643903
5 5 11 1 0.01008868918643903
4 6 0 0 0.0007470186018768166
5 6 0 1 0.0007470186018768166
4 7 1 0 0.0007470186018768166
5 7 1 1 0.0007470186018768166
4 6 10 0 -0.0007368614763953924
5 6 10 1 -0.0007368614763953924
4 7 11 0 -0.0007368614763953924
5 7 11 1 -0.0007368614763953924
4 10 4 0 0.01008868918643903
5 10 4 1 0.01008868918643903
4 11 5 0 0.01008868918643903
5 11 5 1 0.01008868918643903
4 10 6 0 -0.0007368614763953925
5 10 6 1 -0.0007368614763953925
4 11 7 0 -0.0007368614763953925
5 11 7 1 -0.0007368614763953925
4 2 4 2 0.020597844288459254
5 2 4 3 0.020597844288459254
4 3 5 2 0.020597844288459254
5 3 5 3 0.020597844288459254
4 2 6 2 -0.00017719881715531075
5 2 6 3 -0.00017719881715531075
4 3 7 2 -0.00017719881715531075
5 3 7 3 -0.00017719881715531075
4 4 2 2 0.020597844288459254
5 4 2 3 0.020597844288459254
4 5 3 2 0.020597844288459254
5 5 3 3 0.020597844288459254
4 4 8 2 -0.00017719881715531075
5 4 8 3 -0.00017719881715531075
4 5 9 2 -0.00017719881715531075
5 5 9 3 -0.00017719881715531075
4 6 2 2 -0.00017719881715531075
5 6 2 3 -0.00017719881715531075
4 7 3 2 -0.00017719881715531075
5 7 3 3 -0.00017719881715531075
4 6 8 2 0.00036692982502250257
5 6 8 3 0.00036692982502250257
4 7 9 2 0.00036692982502250257
5 7 9 3 0.00036692982502250257
4 8 4 2 -0.00017719881715531075
5 8 4 3 -0.00017719881715531075
4 9 5 2 -0.00017719881715531075
5 9 5 3 -0.00017719881715531075
4 8 6 2 0.00036692982502250257
5 8 6 3 0.00036692982502250257
4 9 7 2 0.00036692982502250257
5 9 7 3 0.00036692982502250257
4 0 0 4 0.2387993204129783
5 0 0 5 0.2387993204129783
4 1 1 4 0.2387993204129783
5 1 1 5 0.2387993204129783
4 0 10 4 0.09973589931168822
5 0 10 5 0.09973589931168822
4 1 11 4 0.09973589931168822
5 1 11 5 0.09973589931168822
4 2 2 4 0.3406200315911388
5 2 2 5 0.3406200315911388
4 3 3 4 0.3406200315911388
5 3 3 5 0.3406200315911388
4 2 8 4 -0.001152993026093809
5 2 8 5 -0.001152993026093809
4 3 9 4 -0.001152993026093809
5 3 9 5 -0.001152993026093809
4 4 4 4 0.38181572066915104
5 4 4 5 0.38181572066915104
4 5 5 4 0.38181572066915104
5 5 5 5 0.38181572066915104
4 4 6 4 -0.0015073906604044286
5 4 6 5 -0.0015073906604044286
4 5 7 4 -0.0015073906604044286
5 5 7 5 -0.0015073906604044286
4 6 4 4 -0.0015073906604044297
5 6 4 5 -0.0015073906604044297
4 7 5 4 -0.0015073906604044297
5 7 5 5 -0.0015073906604044297
4 6 6 4 0.13170956954168836
5 6 6 5 0.13170956954168836
4 7 7 4 0.13170956954168836
5 7 7 5 0.13170956954168836
4 8 2 4 -0.0011529930260938087
5 8 2 5 -0.0011529930260938087
4 9 3 4 -0.0011529930260938087
5 9 3 5 -0.0011529930260938087
4 8 8 4 0.13097571039273706
5 8 8 5 0.13097571039273706
4 9 9 4 0.13097571039273706
5 9 9 5 0.13097571039273706
4 10 0 4 0.09973589931168819
5 10 0 5 0.09973589931168819
4 11 1 4 0.09973589931168819
5 11 1 5 0.09973589931168819
4 10 10 4 0.24902145117983876
5 10 10 5 0.24902145117983876
4 11 11 4 0.24902145117983876
5 11 11 5 0.24902145117983876
4 0 0 6 -0.0005332132913415145
5 0 0 7 -0.0005332132913415145
4 1 1 6 -0.0005332132913415145
5 1 1 7 -0.0005332132913415145
4 2 2 6 -0.0011529930260938106
5 2 2 7 -0.0011529930260938106
4 3 3 6 -0.0011529930260938106
5 3 3 7 -0.0011529930260938106
4 2 8 6 0.0001077814825620125
5 2 8 7 0.0001077814825620125
4 3 9 6 0.0001077814825620125
5 3 9 7 0.0001077814825620125
4 4 4 6 -0.0015073906604044292
5 4 4 7 -0.0015073906604044292
4 5 5 6 -0.0015073906604044292
5 5 5 7 -0.0015073906604044292
4 4 6 6 0.00015286983844051732
5 4 6 7 0.00015286983844051732
4 5 7 6 0.00015286983844051732
5 5 7 7 0.00015286983844051732
4 6 4 6 0.00015286983844051732
5 6 4 7 0.00015286983844051732
4 7 5 6 0.00015286983844051732
5 7 5 7 0.00015286983844051732
4 6 6 6 -0.001507390660404429
5 6 6 7 -0.001507390660404429
4 7 7 6 -0.001507390660404429
5 7 7 7 -0.001507390660404429
4 8 2 6 0.0001077814825620125
5 8 2 7 0.0001077814825620125
4 9 3 6 0.0001077814825620125
5 9 3 7 0.0001077814825620125
4 8 8 6 -0.0011529930260938091
5 8 8 7 -0.0011529930260938091
4 9 9 6 -0.0011529930260938091
5 9 9 7 -0.0011529930260938091
4 10 10 6 -0.0008111830861619864
5 10 10 7 -0.0008111830861619864
4 11 11 6 -0.0008111830861619864
5 11 11 7 -0.0008111830861619864
4 2 4 8 -0.0001771988171553109
5 2 4 9 -0.0001771988171553109
4 3 5 8 -0.0001771988171553109
5 3 5 9 -0.0001771988171553109
4 2 6 8 2.2544177939252444e-05
5 2 6 9 2.2544177939252444e-05
4 3 7 8 2.2544177939252444e-05
5 3 7 9 2.2544177939252444e-05
4 4 2 8 -0.0001771988171553109
5 4 2 9 -0.0001771988171553109
4 5 3 8 -0.0001771988171553109
5 5 3 9 -0.0001771988171553109
4 4 8 8 2.2544177939252444e-05
5 4 8 9 2.2544177939252444e-05
4 5 9 8 2.2544177939252444e-05
5 5 9 9 2.2544177939252444e-05
4 6 2 8 2.2544177939252444e-05
5 6 2 9 2.2544177939252444e-05
4 7 3 8 2.2544177939252444e-05
5 7 3 9 2.2544177939252444e-05
4 6 8 8 -0.0001771988171553109
5 6 8 9 -0.0001771988171553109
4 7 9 8 -0.0001771988171553109
5 7 9 9 -0.0001771988171553109
4 8 4 8 2.2544177939252444e-05
5 8 4 9 2.2544177939252444e-05
4 9 5 8 2.2544177939252444e-05
5 9 5 9 2.2544177939252444e-05
4 8 6 8 -0.0001771988171553109
5 8 6 9 -0.0001771988171553109
4 9 7 8 -0.0001771988171553109
5 9 7 9 -0.0001771988171553109
4 0 4 10 0.01008868918643903
5 0 4 11 0.01008868918643903
4 1 5 10 0.01008868918643903
5 1 5 11 0.01008868918643903
4 0 6 10 0.000736862831407871
5 0 6 11 0.000736862831407871
4 1 7 10 0.000736862831407871
5 1 7 11 0.000736862831407871
4 4 0 10 0.010088689186439029
5 4 0 11 0.010088689186439029
4 5 1 10 0.010088689186439029
5 5 1 11 0.010088689186439029
4 4 10 10 0.01187145202798367
5 4 10 11 0.01187145202798367
4 5 11 10 0.01187145202798367
5 5 11 11 0.01187145202798367
4 6 0 10 0.0007368628314078705
5 6 0 11 0.0007368628314078705
4 7 1 10 0.0007368628314078705
5 7 1 11 0.0007368628314078705
4 6 10 10 -0.0005480297126558412
5 6 10 11 -0.0005480297126558412
4 7 11 10 -0.0005480297126558412
5 7 11 11 -0.0005480297126558412
4 10 4 10 0.011871452027983669
5 10 4 11 0.011871452027983669
4 11 5 10 0.011871452027983669
5 11 5 11 0.011871452027983669
4 10 6 10 -0.0005480297126558414
5 10 6 11 -0.0005480297126558414
4 11 7 10 -0.0005480297126558414
5 11 7 11 -0.0005480297126558414
6 0 4 0 0.0007470186018768165
7 0 4 1 0.0007470186018768165
6 1 5 0 0.0007470186018768165
7 1 5 1 0.0007470186018768165
6 0 6 0 0.0103027170715344
7 0 6 1 0.0103027170715344
6 1 7 0 0.0103027170715344
7 1 7 1 0.0103027170715344
6 4 0 0 0.0007470186018768165
7 4 0 1 0.0007470186018768165
6 5 1 0 0.0007470186018768165
7 5 1 1 0.0007470186018768165
6 4 10 0 0.000736862831407871
7 4 10 1 0.000736862831407871
6 5 11 0 0.000736862831407871
7 5 11 1 0.000736862831407871
6 6 0 0 0.010302717071534398
7 6 0 1 0.010302717071534398
6 7 1 0 0.010302717071534398
7 7 1 1 0.010302717071534398
6 6 10 0 -0.010088701498459467
7 6 10 1 -0.010088701498459467
6 7 11 0 -0.010088701498459467
7 7 11 1 -0.010088701498459467
6 10 4 0 0.0007368628314078707
7 10 4 1 0.0007368628314078707
6 11 5 0 0.0007368628314078707
7 11 5 1 0.0007368628314078707
6 10 6 0 -0.010088701498459467
7 10 6 1 -0.010088701498459467
6 11 7 0 -0.010088701498459467
7 11 7 1 -0.010088701498459467
6 2 4 2 -0.0001771988171553109
7 2 4 3 -0.0001771988171553109
6 3 5 2 -0.0001771988171553109
7 3 5 3 -0.0001771988171553109
6 2 6 2 2.2544177939252444e-05
7 2 6 3 2.2544177939252444e-05
6 3 7 2 2.2544177939252444e-05
7 3 7 3 2.2544177939252444e-05
6 4 2 2 -0.0001771988171553109
7 4 2 3 -0.0001771988171553109
6 5 3 2 -0.0001771988171553109
7 5 3 3 -0.0001771988171553109
6 4 8 2 2.2544177939252444e-05
7 4 8 3 2.2544177939252444e-05
6 5 9 2 2.2544177939252444e-05
7 5 9 3 2.2544177939252444e-05
6 6 2 2 2.2544177939252444e-05
7 6 2 3 2.2544177939252444e-05
6 7 3 2 2.2544177939252444e-05
7 7 3 3 2.2544177939252444e-05
6 6 8 2 -0.0001771988171553109
7 6 8 3 -0.0001771988171553109
6 7 9 2 -0.0001771988171553109
7 7 9 3 -0.0001771988171553109
6 8 4 2 2.2544177939252444e-05
7 8 4 3 2.2544177939252444e-05
6 9 5 2 2.2544177939252444e-05
7 9 5 3 2.2544177939252444e-05
6 8 6 2 -0.0001771988171553109
7 8 6 3 -0.0001771988171553109
6 9 7 2 -0.0001771988171553109
7 9 7 3 -0.0001771988171553109
6 0 0 4 -0.0005332132913415145
7 0 0 5 -0.0005332132913415145
6 1 1 4 -0.0005332132913415145
7 1 1 5 -0.0005332132913415145
6 2 2 4 -0.0011529930260938091
7 2 2 5 -0.0011529930260938091
6 3 3 4 -0.0011529930260938091
7 3 3 5 -0.0011529930260938091
6 2 8 4 0.0001077814825620125
7 2 8 5 0.0001077814825620125
6 3 9 4 0.0001077814825620125
7 3 9 5 0.0001077814825620125
6 4 4 4 -0.001507390660404429
7 4 4 5 -0.001507390660404429
6 5 5 4 -0.001507390660404429
7 5 5 5 -0.001507390660404429
6 4 6 4 0.00015286983844051732
7 4 6 5 0.00015286983844051732
6 5 7 4 0.00015286983844051732
7 5 7 5 0.00015286983844051732
6 6 4 4 0.00015286983844051732
7 6 4 5 0.00015286983844051732
6 7 5 4 0.00015286983844051732
7 7 5 5 0.00015286983844051732
6 6 6 4 -0.0015073906604044292
7 6 6 5 -0.0015073906604044292
6 7 7 4 -0.0015073906604044292
7 7 7 5 -0.0015073906604044292
6 8 2 4 0.0001077814825620125
7 8 2 5 0.0001077814825620125
6 9 3 4 0.0001077814825620125
7 9 3 5 0.0001077814825620125
6 8 8 4 -0.0011529930260938106
7 8 8 5 -0.0011529930260938106
6 9 9 4 -0.0011529930260938106
7 9 9 5 -0.0011529930260938106
6 10 10 4 -0.0008111830861619864
7 10 10 5 -0.0008111830861619864
6 11 11 4 -0.0008111830861619864
7 11 11 5 -0.0008111830861619864
6 0 0 6 0.23879923863131214
7 0 0 7 0.23879923863131214
6 1 1 6 0.23879923863131214
7 1 1 7 0.23879923863131214
6 0 10 6 -0.09973596589815563
7 0 10 7 -0.09973596589815563
6 1 11 6 -0.09973596589815563
7 1 11 7 -0.09973596589815563
6 2 2 6 0.13097571039273706
7 2 2 7 0.13097571039273706
6 3 3 6 0.13097571039273706
7 3 3 7 0.13097571039273706
6 2 8 6 -0.0011529930260938087
7 2 8 7 -0.0011529930260938087
6 3 9 6 -0.0011529930260938087
7 3 9 7 -0.0011529930260938087
6 4 4 6 0.13170956954168836
7 4 4 7 0.13170956954168836
6 5 5 6 0.13170956954168836
7 5 5 7 0.13170956954168836
6 4 6 6 -0.0015073906604044297
7 4 6 7 -0.0015073906604044297
6 5 7 6 -0.0015073906604044297
7 5 7 7 -0.0015073906604044297
6 6 4 6 -0.0015073906604044286
7 6 4 7 -0.0015073906604044286
6 7 5 6 -0.0015073906604044286
7 7 5 7 -0.0015073906604044286
6 6 6 6 0.38181572066915104
7 6 6 7 0.38181572066915104
6 7 7 6 0.38181572066915104
7 7 7 7 0.38181572066915104
6 8 2 6 -0.001152993026093809
7 8 2 7 -0.001152993026093809
6 9 3 6 -0.001152993026093809
7 9 3 7 -0.001152993026093809
6 8 8 6 0.3406200315911388
7 8 8 7 0.3406200315911388
6 9 9 6 0.3406200315911388
7 9 9 7 0.3406200315911388
6 10 0 6 -0.0997359658981556
7 10 0 7 -0.0997359658981556
6 11 1 6 -0.0997359658981556
7 11 1 7 -0.0997359658981556
6 10 10 6 0.24902145117983873
7 10 10 7 0.24902145117983873
6 11 11 6 0.24902145117983873
7 11 11 7 0.24902145117983873
6 2 4 8 0.00036692982502250257
7 2 4 9 0.00036692982502250257
6 3 5 8 0.00036692982502250257
7 3 5 9 0.00036692982502250257
6 2 6 8 -0.00017719881715531075
7 2 6 9 -0.00017719881715531075
6 3 7 8 -0.00017719881715531075
7 3 7 9 -0.00017719881715531075
6 4 2 8 0.00036692982502250257
7 4 2 9 0.00036692982502250257
6 5 3 8 0.00036692982502250257
7 5 3 9 0.00036692982502250257
6 4 8 8 -0.00017719881715531075
7 4 8 9 -0.00017719881715531075
6 5 9 8 -0.00017719881715531075
7 5 9 9 -0.00017719881715531075
6 6 2 8 -0.00017719881715531075
7 6 2 9 -0.00017719881715531075
6 7 3 8 -0.00017719881715531075
7 7 3 9 -0.00017719881715531075
6 6 8 8 0.020597844288459254
7 6 8 9 0.020597844288459254
6 7 9 8 0.020597844288459254
7 7 9 9 0.020597844288459254
6 8 4 8 -0.00017719881715531075
7 8 4 9 -0.00017719881715531075
6 9 5 8 -0.00017719881715531075
7 9 5 9 -0.00017719881715531075
6 8 6 8 0.020597844288459254
7 8 6 9 0.020597844288459254
6 9 7 8 0.020597844288459254
7 9 7 9 0.020597844288459254
6 0 4 10 -0.0007368614763953924
7 0 4 11 -0.0007368614763953924
6 1 5 10 -0.0007368614763953924
7 1 5 11 -0.0007368614763953924
6 0 6 10 -0.010088701498459467
7 0 6 11 -0.010088701498459467
6 1 7 10 -0.010088701498459467
7 1 7 11 -0.010088701498459467
6 4 0 10 -0.0007368614763953925
7 4 0 11 -0.0007368614763953925
6 5 1 10 -0.0007368614763953925
7 5 1 11 -0.0007368614763953925
6 4 10 10 -0.0005480297126558411
7 4 10 11 -0.0005480297126558411
6 5 11 10 -0.0005480297126558411
7 5 11 11 -0.0005480297126558411
6 6 0 10 -0.010088701498459465
7 6 0 11 -0.010088701498459465
6 7 1 10 -0.010088701498459465
7 7 1 11 -0.010088701498459465
6 6 10 10 0.011871452027983669
7 6 10 11 0.011871452027983669
6 7 11 10 0.011871452027983669
7 7 11 11 0.011871452027983669
6 10 4 10 -0.0005480297126558412
7 10 4 11 -0.0005480297126558412
6 11 5 10 -0.0005480297126558412
7 11 5 11 -0.0005480297126558412
6 10 6 10 0.011871452027983669
7 10 6 11 0.011871452027983669
6 11 7 10 0.011871452027983669
7 11 7 11 0.011871452027983669
8 0 2 0 0.0007470186018768165
9 0 2 1 0.0007470186018768165
8 1 3 0 0.0007470186018768165
9 1 3 1 0.0007470186018768165
8 0 8 0 0.0103027170715344
9 0 8 1 0.0103027170715344
8 1 9 0 0.0103027170715344
9 1 9 1 0.0103027170715344
8 2 0 0 0.0007470186018768165
9 2 0 1 0.0007470186018768165
8 3 1 0 0.0007470186018768165
9 3 1 1 0.0007470186018768165
8 2 10 0 0.000736862831407871
9 2 10 1 0.000736862831407871
8 3 11 0 0.000736862831407871
9 3 11 1 0.000736862831407871
8 8 0 0 0.010302717071534398
9 8 0 1 0.010302717071534398
8 9 1 0 0.010302717071534398
9 9 1 1 0.010302717071534398
8 8 10 0 -0.010088701498459467
9 8 10 1 -0.010088701498459467
8 9 11 0 -0.010088701498459467
9 9 11 1 -0.010088701498459467
8 10 2 0 0.0007368628314078707
9 10 2 1 0.0007368628314078707
8 11 3 0 0.0007368628314078707
9 11 3 1 0.0007368628314078707
8 10 8 0 -0.010088701498459467
9 10 8 1 -0.010088701498459467
8 11 9 0 -0.010088701498459467
9 11 9 1 -0.010088701498459467
8 0 0 2 -0.0005332132913415145
9 0 0 3 -0.0005332132913415145
8 1 1 2 -0.0005332132913415145
9 1 1 3 -0.0005332132913415145
8 2 2 2 -0.001507390660404429
9 2 2 3 -0.001507390660404429
8 3 3 2 -0.001507390660404429
9 3 3 3 -0.001507390660404429
8 2 8 2 0.00015286983844051732
9 2 8 3 0.00015286983844051732
8 3 9 2 0.00015286983844051732
9 3 9 3 0.00015286983844051732
8 4 4 2 -0.0011529930260938091
9 4 4 3 -0.0011529930260938091
8 5 5 2 -0.0011529930260938091
9 5 5 3 -0.0011529930260938091
8 4 6 2 0.0001077814825620125
9 4 6 3 0.0001077814825620125
8 5 7 2 0.0001077814825620125
9 5 7 3 0.0001077814825620125
8 6 4 2 0.0001077814825620125
9 6 4 3 0.0001077814825620125
8 7 5 2 0.0001077814825620125
9 7 5 3 0.0001077814825620125
8 6 6 2 -0.0011529930260938106
9 6 6 3 -0.0011529930260938106
8 7 7 2 -0.0011529930260938106
9 7 7 3 -0.0011529930260938106
8 8 2 2 0.00015286983844051732
9 8 2 3 0.00015286983844051732
8 9 3 2 0.00015286983844051732
9 9 3 3 0.00015286983844051732
8 8 8 2 -0.0015073906604044292
9 8 8 3 -0.0015073906604044292
8 9 9 2 -0.0015073906604044292
9 9 9 3 -0.0015073906604044292
8 10 10 2 -0.0008111830861619864
9 10 10 3 -0.0008111830861619864
8 11 11 2 -0.0008111830861619864
9 11 11 3 -0.0008111830861619864
8 2 4 4 -0.0001771988171553109
9 2 4 5 -0.0001771988171553109
8 3 5 4 -0.0001771988171553109
9 3 5 5 -0.0001771988171553109
8 2 6 4 2.2544177939252444e-05
9 2 6 5 2.2544177939252444e-05
8 3 7 4 2.2544177939252444e-05
9 3 7 5 2.2544177939252444e-05
8 4 2 4 -0.0001771988171553109
9 4 2 5 -0.0001771988171553109
8 5 3 4 -0.0001771988171553109
9 5 3 5 -0.0001771988171553109
8 4 8 4 2.2544177939252444e-05
9 4 8 5 2.2544177939252444e-05
8 5 9 4 2.2544177939252444e-05
9 5 9 5 2.2544177939252444e-05
8 6 2 4 2.2544177939252444e-05
9 6 2 5 2.2544177939252444e-05
8 7 3 4 2.2544177939252444e-05
9 7 3 5 2.2544177939252444e-05
8 6 8 4 -0.0001771988171553109
9 6 8 5 -0.0001771988171553109
8 7 9 4 -0.0001771988171553109
9 7 9 5 -0.0001771988171553109
8 8 4 4 2.2544177939252444e-05
9 8 4 5 2.2544177939252444e-05
8 9 5 4 2.2544177939252444e-05
9 9 5 5 2.2544177939252444e-05
8 8 6 4 -0.0001771988171553109
9 8 6 5 -0.0001771988171553109
8 9 7 4 -0.0001771988171553109
9 9 7 5 -0.0001771988171553109
8 2 4 6 0.00036692982502250257
9 2 4 7 0.00036692982502250257
8 3 5 6 0.00036692982502250257
9 3 5 7 0.00036692982502250257
8 2 6 6 -0.00017719881715531075
9 2 6 7 -0.00017719881715531075
8 3 7 6 -0.00017719881715531075
9 3 7 7 -0.00017719881715531075
8 4 2 6 0.00036692982502250257
9 4 2 7 0.00036692982502250257
8 5 3 6 0.00036692982502250257
9 5 3 7 0.00036692982502250257
8 4 8 6 -0.00017719881715531075
9 4 8 7 -0.00017719881715531075
8 5 9 6 -0.00017719881715531075
9 5 9 7 -0.00017719881715531075
8 6 2 6 -0.00017719881715531075
9 6 2 7 -0.00017719881715531075
8 7 3 6 -0.00017719881715531075
9 7 3 7 -0.00017719881715531075
8 6 8 6 0.020597844288459254
9 6 8 7 0.020597844288459254
8 7 9 6 0.020597844288459254
9 7 9 7 0.020597844288459254
8 8 4 6 -0.00017719881715531075
9 8 4 7 -0.00017719881715531075
8 9 5 6 -0.00017719881715531075
9 9 5 7 -0.00017719881715531075
8 8 6 6 0.020597844288459254
9 8 6 7 0.020597844288459254
8 9 7 6 0.020597844288459254
9 9 7 7 0.020597844288459254
8 0 0 8 0.23879923863131214
9 0 0 9 0.23879923863131214
8 1 1 8 0.23879923863131214
9 1 1 9 0.23879923863131214
8 0 10 8 -0.09973596589815563
9 0 10 9 -0.09973596589815563
8 1 11 8 -0.09973596589815563
9 1 11 9 -0.09973596589815563
8 2 2 8 0.13170956954168836
9 2 2 9 0.13170956954168836
8 3 3 8 0.13170956954168836
9 3 3 9 0.13170956954168836
8 2 8 8 -0.0015073906604044297
9 2 8 9 -0.0015073906604044297
8 3 9 8 -0.0015073906604044297
9 3 9 9 -0.0015073906604044297
8 4 4 8 0.13097571039273706
9 4 4 9 0.13097571039273706
8 5 5 8 0.13097571039273706
9 5 5 9 0.13097571039273706
8 4 6 8 -0.0011529930260938087
9 4 6 9 -0.0011529930260938087
8 5 7 8 -0.0011529930260938087
9 5 7 9 -0.0011529930260938087
8 6 4 8 -0.001152993026093809
9 6 4 9 -0.001152993026093809
8 7 5 8 -0.001152993026093809
9 7 5 9 -0.001152993026093809
8 6 6 8 0.3406200315911388
9 6 6 9 0.3406200315911388
8 7 7 8 0.3406200315911388
9 7 7 9 0.3406200315911388
8 8 2 8 -0.0015073906604044286
9 8 2 9 -0.0015073906604044286
8 9 3 8 -0.0015073906604044286
9 9 3 9 -0.0015073906604044286
8 8 8 8 0.38181572066915104
9 8 8 9 0.38181572066915104
8 9 9 8 0.38181572066915104
9 9 9 9 0.38181572066915104
8 10 0 8 -0.0997359658981556
9 10 0 9 -0.0997359658981556
8 11 1 8 -0.0997359658981556
9 11 1 9 -0.0997359658981556
8 10 10 8 0.24902145117983873
9 10 10 9 0.24902145117983873
8 11 11 8 0.24902145117983873
9 11 11 9 0.24902145117983873
8 0 2 10 -0.0007368614763953924
9 0 2 11 -0.0007368614763953924
8 1 3 10 -0.0007368614763953924
9 1 3 11 -0.0007368614763953924
8 0 8 10 -0.010088701498459467
9 0 8 11 -0.010088701498459467
8 1 9 10 -0.010088701498459467
9 1 9 11 -0.010088701498459467
8 2 0 10 -0.0007368614763953925
9 2 0 11 -0.0007368614763953925
8 3 1 10 -0.0007368614763953925
9 3 1 11 -0.0007368614763953925
8 2 10 10 -0.0005480297126558411
9 2 10 11 -0.0005480297126558411
8 3 11 10 -0.0005480297126558411
9 3 11 11 -0.0005480297126558411
8 8 0 10 -0.010088701498459465
9 8 0 11 -0.010088701498459465
8 9 1 10 -0.010088701498459465
9 9 1 11 -0.010088701498459465
8 8 10 10 0.011871452027983669
9 8 10 11 0.011871452027983669
8 9 11 10 0.011871452027983669
9 9 11 11 0.011871452027983669
8 10 2 10 -0.0005480297126558412
9 10 2 11 -0.0005480297126558412
8 11 3 10 -0.0005480297126558412
9 11 3 11 -0.0005480297126558412
8 10 8 10 0.011871452027983669
9 10 8 11 0.011871452027983669
8 11 9 10 0.011871452027983669
9 11 9 11 0.011871452027983669
10 0 0 0 5.534817826280403e-09
11 0 0 1 5.534817826280403e-09
10 1 1 0 5.534817826280403e-09
11 1 1 1 5.534817826280403e-09
10 0 10 0 0.1135901069866862
11 0 10 1 0.1135901069866862
10 1 11 0 0.1135901069866862
11 1 11 1 0.1135901069866862
10 2 2 0 0.09973589931168816
11 2 2 1 0.09973589931168816
10 3 3 0 0.09973589931168816
11 3 3 1 0.09973589931168816
10 4 4 0 0.09973589931168816
11 4 4 1 0.09973589931168816
10 5 5 0 0.09973589931168816
11 5 5 1 0.09973589931168816
10 6 6 0 -0.09973596589815557
11 6 6 1 -0.09973596589815557
10 7 7 0 -0.09973596589815557
11 7 7 1 -0.09973596589815557
10 8 8 0 -0.09973596589815557
11 8 8 1 -0.09973596589815557
10 9 9 0 -0.09973596589815557
11 9 9 1 -0.09973596589815557
10 10 0 0 0.11359010698668619
11 10 0 1 0.11359010698668619
10 11 1 0 0.11359010698668619
11 11 1 1 0.11359010698668619
10 10 10 0 -4.263147157512748e-08
11 10 10 1 -4.263147157512748e-08
10 11 11 0 -4.263147157512748e-08
11 11 11 1 -4.263147157512748e-08
10 0 2 2 0.010088689186439032
11 0 2 3 0.010088689186439032
10 1 3 2 0.010088689186439032
11 1 3 3 0.010088689186439032
10 0 8 2 0.0007368628314078708
11 0 8 3 0.0007368628314078708
10 1 9 2 0.0007368628314078708
11 1 9 3 0.0007368628314078708
10 2 0 2 0.01008868918643903
11 2 0 3 0.01008868918643903
10 3 1 2 0.01008868918643903
11 3 1 3 0.01008868918643903
10 2 10 2 0.011871452027983672
11 2 10 3 0.011871452027983672
10 3 11 2 0.011871452027983672
11 3 11 3 0.011871452027983672
10 8 0 2 0.0007368628314078707
11 8 0 3 0.0007368628314078707
10 9 1 2 0.0007368628314078707
11 9 1 3 0.0007368628314078707
10 8 10 2 -0.0005480297126558412
11 8 10 3 -0.0005480297126558412
10 9 11 2 -0.0005480297126558412
11 9 11 3 -0.0005480297126558412
10 10 2 2 0.011871452027983669
11 10 2 3 0.011871452027983669
10 11 3 2 0.011871452027983669
11 11 3 3 0.011871452027983669
10 10 8 2 -0.0005480297126558416
11 10 8 3 -0.0005480297126558416
10 11 9 2 -0.0005480297126558416
11 11 9 3 -0.0005480297126558416
10 0 4 4 0.010088689186439032
11 0 4 5 0.010088689186439032
10 1 5 4 0.010088689186439032
11 1 5 5 0.010088689186439032
10 0 6 4 0.0007368628314078708
11 0 6 5 0.0007368628314078708
10 1 7 4 0.0007368628314078708
11 1 7 5 0.0007368628314078708
10 4 0 4 0.01008868918643903
11 4 0 5 0.01008868918643903
10 5 1 4 0.01008868918643903
11 5 1 5 0.01008868918643903
10 4 10 4 0.011871452027983672
11 4 10 5 0.011871452027983672
10 5 11 4 0.011871452027983672
11 5 11 5 0.011871452027983672
10 6 0 4 0.0007368628314078707
11 6 0 5 0.0007368628314078707
10 7 1 4 0.0007368628314078707
11 7 1 5 0.0007368628314078707
10 6 10 4 -0.0005480297126558412
11 6 10 5 -0.0005480297126558412
10 7 11 4 -0.0005480297126558412
11 7 11 5 -0.0005480297126558412
10 10 4 4 0.011871452027983669
11 10 4 5 0.011871452027983669
10 11 5 4 0.011871452027983669
11 11 5 5 0.011871452027983669
10 10 6 4 -0.0005480297126558416
11 10 6 5 -0.0005480297126558416
10 11 7 4 -0.0005480297126558416
11 11 7 5 -0.0005480297126558416
10 0 4 6 -0.0007368614763953926
11 0 4 7 -0.0007368614763953926
10 1 5 6 -0.0007368614763953926
11 1 5 7 -0.0007368614763953926
10 0 6 6 -0.010088701498459467
11 0 6 7 -0.010088701498459467
10 1 7 6 -0.010088701498459467
11 1 7 7 -0.010088701498459467
10 4 0 6 -0.0007368614763953926
11 4 0 7 -0.0007368614763953926
10 5 1 6 -0.0007368614763953926
11 5 1 7 -0.0007368614763953926
10 4 10 6 -0.0005480297126558411
11 4 10 7 -0.0005480297126558411
10 5 11 6 -0.0005480297126558411
11 5 11 7 -0.0005480297126558411
10 6 0 6 -0.010088701498459465
11 6 0 7 -0.010088701498459465
10 7 1 6 -0.010088701498459465
11 7 1 7 -0.010088701498459465
10 6 10 6 0.011871452027983669
11 6 10 7 0.011871452027983669
10 7 11 6 0.011871452027983669
11 7 11 7 0.011871452027983669
10 10 4 6 -0.0005480297126558412
11 10 4 7 -0.0005480297126558412
10 11 5 6 -0.0005480297126558412
11 11 5 7 -0.0005480297126558412
10 10 6 6 0.011871452027983669
11 10 6 7 0.011871452027983669
10 11 7 6 0.011871452027983669
11 11 7 7 0.011871452027983669
10 0 2 8 -0.0007368614763953926
11 0 2 9 -0.0007368614763953926
10 1 3 8 -0.0007368614763953926
11 1 3 9 -0.0007368614763953926
10 0 8 8 -0.010088701498459467
11 0 8 9 -0.010088701498459467
10 1 9 8 -0.010088701498459467
11 1 9 9 -0.010088701498459467
10 2 0 8 -0.0007368614763953926
11 2 0 9 -0.0007368614763953926
10 3 1 8 -0.0007368614763953926
11 3 1 9 -0.0007368614763953926
10 2 10 8 -0.0005480297126558411
11 2 10 9 -0.0005480297126558411
10 3 11 8 -0.0005480297126558411
11 3 11 9 -0.0005480297126558411
10 8 0 8 -0.010088701498459465
11 8 0 9 -0.010088701498459465
10 9 1 8 -0.010088701498459465
11 9 1 9 -0.010088701498459465
10 8 10 8 0.011871452027983669
11 8 10 9 0.011871452027983669
10 9 11 8 0.011871452027983669
11 9 11 9 0.011871452027983669
10 10 2 8 -0.0005480297126558412
11 10 2 9 -0.0005480297126558412
10 11 3 8 -0.0005480297126558412
11 11 3 9 -0.0005480297126558412
10 10 8 8 0.011871452027983669
11 10 8 9 0.011871452027983669
10 11 9 8 0.011871452027983669
11 11 9 9 0.011871452027983669
10 0 0 10 0.2732948138454776
11 0 0 11 0.2732948138454776
10 1 1 10 0.2732948138454776
11 1 1 11 0.2732948138454776
10 0 10 10 -4.2631471533494114e-08
11 0 10 11 -4.2631471533494114e-08
10 1 11 10 -4.2631471533494114e-08
11 1 11 11 -4.2631471533494114e-08
10 2 2 10 0.24902145117983873
11 2 2 11 0.24902145117983873
10 3 3 10 0.24902145117983873
11 3 3 11 0.24902145117983873
10 2 8 10 -0.0008111830861619869
11 2 8 11 -0.0008111830861619869
10 3 9 10 -0.0008111830861619869
11 3 9 11 -0.0008111830861619869
10 4 4 10 0.24902145117983873
11 4 4 11 0.24902145117983873
10 5 5 10 0.24902145117983873
11 5 5 11 0.24902145117983873
10 4 6 10 -0.0008111830861619869
11 4 6 11 -0.0008111830861619869
10 5 7 10 -0.0008111830861619869
11 5 7 11 -0.0008111830861619869
10 6 4 10 -0.000811183086161987
11 6 4 11 -0.000811183086161987
10 7 5 10 -0.000811183086161987
11 7 5 11 -0.000811183086161987
10 6 6 10 0.24902145117983876
11 6 6 11 0.24902145117983876
10 7 7 10 0.24902145117983876
11 7 7 11 0.24902145117983876
10 8 2 10 -0.000811183086161987
11 8 2 11 -0.000811183086161987
10 9 3 10 -0.000811183086161987
11 9 3 11 -0.000811183086161987
10 8 8 10 0.24902145117983876
11 8 8 11 0.24902145117983876
10 9 9 10 0.24902145117983876
11 9 9 11 0.24902145117983876
10 10 0 10 -4.2631471519616326e-08
11 10 0 11 -4.2631471519616326e-08
10 11 1 10 -4.2631471519616326e-08
11 11 1 11 -4.2631471519616326e-08
10 10 10 10 0.2871727851084231
11 10 10 11 0.2871727851084231
10 11 11 10 0.2871727851084231
11 11 11 11 0.2871727851084231
