-98.97731932293632
0 0 -2.3785765750329735
1 1 -2.3785765750329735
0 10 3.732103005804621e-08
1 11 3.732103005804621e-08
2 2 -2.33459224145122
3 3 -2.33459224145122
2 8 -0.002930449688667433
3 9 -0.002930449688667433
4 4 -2.33459224145122
5 5 -2.33459224145122
4 6 -0.002930449735359281
5 7 -0.002930449735359281
6 4 -0.002930449735359282
7 5 -0.002930449735359282
6 6 -2.334592067534182
7 7 -2.334592067534182
8 2 -0.002930449688667433
9 3 -0.002930449688667433
8 8 -2.334592067533834
9 9 -2.334592067533834
10 0 3.732102894088429e-08
11 1 3.732102894088429e-08
10 10 -2.343323603407713
11 11 -2.343323603407713
0 0 0 0 0.23997759785337663
1 0 0 1 0.23997759785337663
0 1 1 0 0.23997759785337663
1 1 1 1 0.23997759785337663
0 0 10 0 1.125684366554136e-08
1 0 10 1 1.125684366554136e-08
0 1 11 0 1.125684366554136e-08
1 1 11 1 1.125684366554136e-08
0 2 2 0 0.21826906922568579
1 2 2 1 0.21826906922568579
0 3 3 0 0.21826906922568579
1 3 3 1 0.21826906922568579
0 2 8 0 -0.0001723061984512165
1 2 8 1 -0.0001723061984512165
0 3 9 0 -0.0001723061984512165
1 3 9 1 -0.0001723061984512165
0 4 4 0 0.21826906922568579
1 4 4 1 0.21826906922568579
0 5 5 0 0.21826906922568579
1 5 5 1 0.21826906922568579
0 4 6 0 -0.00017230619408585703
1 4 6 1 -0.00017230619408585703
0 5 7 0 -0.00017230619408585703
1 5 7 1 -0.00017230619408585703
0 6 4 0 -0.00017230619408585703
1 6 4 1 -0.00017230619408585703
0 7 5 0 -0.00017230619408585703
1 7 5 1 -0.00017230619408585703
0 6 6 0 0.21826902827909994
1 6 6 1 0.21826902827909994
0 7 7 0 0.21826902827909994
1 7 7 1 0.21826902827909994
0 8 2 0 -0.00017230619845121656
1 8 2 1 -0.00017230619845121656
0 9 3 0 -0.00017230619845121656
1 9 3 1 -0.00017230619845121656
0 8 8 0 0.21826902827908523
1 8 8 1 0.21826902827908523
0 9 9 0 0.21826902827908523
1 9 9 1 0.21826902827908523
0 10 0 0 1.1256843651663573e-08
1 10 0 1 1.1256843651663573e-08
0 11 1 0 1.1256843651663573e-08
1 11 1 1 1.1256843651663573e-08
0 10 10 0 0.2430606804133726
1 10 10 1 0.2430606804133726
0 11 11 0 0.2430606804133726
1 11 11 1 0.2430606804133726
0 0 2 2 0.010101492972347697
1 0 2 3 0.010101492972347697
0 1 3 2 0.010101492972347697
1 1 3 3 0.010101492972347697
0 0 8 2 0.00014036219161416084
1 0 8 3 0.00014036219161416084
0 1 9 2 0.00014036219161416084
1 1 9 3 0.00014036219161416084
0 2 0 2 0.010101492972347696
1 2 0 3 0.010101492972347696
0 3 1 2 0.010101492972347696
1 3 1 3 0.010101492972347696
0 2 10 2 0.010263562868788028
1 2 10 3 0.010263562868788028
0 3 11 2 0.010263562868788028
1 3 11 3 0.010263562868788028
0 8 0 2 0.0001403621916141608
1 8 0 3 0.0001403621916141608
0 9 1 2 0.0001403621916141608
1 9 1 3 0.0001403621916141608
0 8 10 2 -0.00013470030324699584
1 8 10 3 -0.00013470030324699584
0 9 11 2 -0.00013470030324699584
1 9 11 3 -0.00013470030324699584
0 10 2 2 0.01026356286878803
1 10 2 3 0.01026356286878803
0 11 3 2 0.01026356286878803
1 11 3 3 0.01026356286878803
0 10 8 2 -0.00013470030324699584
1 10 8 3 -0.00013470030324699584
0 11 9 2 -0.00013470030324699584
1 11 9 3 -0.00013470030324699584
0 0 4 4 0.010101492972347697
1 0 4 5 0.010101492972347697
0 1 5 4 0.010101492972347697
1 1 5 5 0.010101492972347697
0 0 6 4 0.000140362191816197
1 0 6 5 0.000140362191816197
0 1 7 4 0.000140362191816197
1 1 7 5 0.000140362191816197
0 4 0 4 0.010101492972347696
1 4 0 5 0.010101492972347696
0 5 1 4 0.010101492972347696
1 5 1 5 0.010101492972347696
0 4 10 4 0.010263562868788028
1 4 10 5 0.010263562868788028
0 5 11 4 0.010263562868788028
1 5 11 5 0.010263562868788028
0 6 0 4 0.000140362191816197
1 6 0 5 0.000140362191816197
0 7 1 4 0.000140362191816197
1 7 1 5 0.000140362191816197
0 6 10 4 -0.0001347003030417319
1 6 10 5 -0.0001347003030417319
0 7 11 4 -0.0001347003030417319
1 7 11 5 -0.0001347003030417319
0 10 4 4 0.01026356286878803
1 10 4 5 0.01026356286878803
0 11 5 4 0.01026356286878803
1 11 5 5 0.01026356286878803
0 10 6 4 -0.00013470030304173192
1 10 6 5 -0.00013470030304173192
0 11 7 4 -0.00013470030304173192
1 11 7 5 -0.00013470030304173192
0 0 4 6 0.0001403621918161971
1 0 4 7 0.0001403621918161971
0 1 5 6 0.0001403621918161971
1 1 5 7 0.0001403621918161971
0 0 6 6 0.010101489461288353
1 0 6 7 0.010101489461288353
0 1 7 6 0.010101489461288353
1 1 7 7 0.010101489461288353
0 4 0 6 0.00014036219181619706
1 4 0 7 0.00014036219181619706
0 5 1 6 0.00014036219181619706
1 5 1 7 0.00014036219181619706
0 4 10 6 0.00013470022049274838
1 4 10 7 0.00013470022049274838
0 5 11 6 0.00013470022049274838
1 5 11 7 0.00013470022049274838
0 6 0 6 0.010101489461288355
1 6 0 7 0.010101489461288355
0 7 1 6 0.010101489461288355
1 7 1 7 0.010101489461288355
0 6 10 6 -0.010263563530466296
1 6 10 7 -0.010263563530466296
0 7 11 6 -0.010263563530466296
1 7 11 7 -0.010263563530466296
0 10 4 6 0.0001347002204927484
1 10 4 7 0.0001347002204927484
0 11 5 6 0.0001347002204927484
1 11 5 7 0.0001347002204927484
0 10 6 6 -0.010263563530466296
1 10 6 7 -0.010263563530466296
0 11 7 6 -0.010263563530466296
1 11 7 7 -0.010263563530466296
0 0 2 8 0.0001403621916141609
1 0 2 9 0.0001403621916141609
0 1 3 8 0.0001403621916141609
1 1 3 9 0.0001403621916141609
0 0 8 8 0.010101489461281738
1 0 8 9 0.010101489461281738
0 1 9 8 0.010101489461281738
1 1 9 9 0.010101489461281738
0 2 0 8 0.00014036219161416087
1 2 0 9 0.00014036219161416087
0 3 1 8 0.00014036219161416087
1 3 1 9 0.00014036219161416087
0 2 10 8 0.0001347002202874711
1 2 10 9 0.0001347002202874711
0 3 11 8 0.0001347002202874711
1 3 11 9 0.0001347002202874711
0 8 0 8 0.01010148946128174
1 8 0 9 0.01010148946128174
0 9 1 8 0.01010148946128174
1 9 1 9 0.01010148946128174
0 8 10 8 -0.010263563530465281
1 8 10 9 -0.010263563530465281
0 9 11 8 -0.010263563530465281
1 9 11 9 -0.010263563530465281
0 10 2 8 0.0001347002202874711
1 10 2 9 0.0001347002202874711
0 11 3 8 0.0001347002202874711
1 11 3 9 0.0001347002202874711
0 10 8 8 -0.01026356353046528
1 10 8 9 -0.01026356353046528
0 11 9 8 -0.01026356353046528
1 11 9 9 -0.01026356353046528
0 0 0 10 1.125684366554136e-08
1 0 0 11 1.125684366554136e-08
0 1 1 10 1.125684366554136e-08
1 1 1 11 1.125684366554136e-08
0 0 10 10 0.13854346717076826
1 0 10 11 0.13854346717076826
0 1 11 10 0.13854346717076826
1 1 11 11 0.13854346717076826
0 2 2 10 0.12055396138266514
1 2 2 11 0.12055396138266514
0 3 3 10 0.12055396138266514
1 3 3 11 0.12055396138266514
0 4 4 10 0.12055396138266514
1 4 4 11 0.12055396138266514
0 5 5 10 0.12055396138266514
1 5 5 11 0.12055396138266514
0 6 6 10 -0.12055398263185232
1 6 6 11 -0.12055398263185232
0 7 7 10 -0.12055398263185232
1 7 7 11 -0.12055398263185232
0 8 8 10 -0.12055398263184039
1 8 8 11 -0.12055398263184039
0 9 9 10 -0.12055398263184039
1 9 9 11 -0.12055398263184039
0 10 0 10 0.13854346717076832
1 10 0 11 0.13854346717076832
0 11 1 10 0.13854346717076832
1 11 1 11 0.13854346717076832
0 10 10 10 -1.1039744132745888e-08
1 10 10 11 -1.1039744132745888e-08
0 11 11 10 -1.1039744132745888e-08
1 11 11 11 -1.1039744132745888e-08
2 0 2 0 0.010101492972347696
3 0 2 1 0.010101492972347696
2 1 3 0 0.010101492972347696
3 1 3 1 0.010101492972347696
2 0 8 0 0.00014036219161416084
3 0 8 1 0.00014036219161416084
2 1 9 0 0.00014036219161416084
3 1 9 1 0.00014036219161416084
2 2 0 0 0.010101492972347694
3 2 0 1 0.010101492972347694
2 3 1 0 0.010101492972347694
3 3 1 1 0.010101492972347694
2 2 10 0 0.010263562868788028
3 2 10 1 0.010263562868788028
2 3 11 0 0.010263562868788028
3 3 11 1 0.010263562868788028
2 8 0 0 0.00014036219161416084
3 8 0 1 0.00014036219161416084
2 9 1 0 0.00014036219161416084
3 9 1 1 0.00014036219161416084
2 8 10 0 -0.00013470030324699584
3 8 10 1 -0.00013470030324699584
2 9 11 0 -0.00013470030324699584
3 9 11 1 -0.00013470030324699584
2 10 2 0 0.01026356286878803
3 10 2 1 0.01026356286878803
2 11 3 0 0.01026356286878803
3 11 3 1 0.01026356286878803
2 10 8 0 -0.00013470030324699584
3 10 8 1 -0.00013470030324699584
2 11 9 0 -0.00013470030324699584
3 11 9 1 -0.00013470030324699584
2 0 0 2 0.21826906922568579
3 0 0 3 0.21826906922568579
2 1 1 2 0.21826906922568579
3 1 1 3 0.21826906922568579
2 0 10 2 0.12055396138266516
3 0 10 3 0.12055396138266516
2 1 11 2 0.12055396138266516
3 1 11 3 0.12055396138266516
2 2 2 2 0.381408808232034
3 2 2 3 0.381408808232034
2 3 3 2 0.381408808232034
3 3 3 3 0.381408808232034
2 2 8 2 -0.0003069584011435362
3 2 8 3 -0.0003069584011435362
2 3 9 2 -0.0003069584011435362
3 3 9 3 -0.0003069584011435362
2 4 4 2 0.34028910135966495
3 4 4 3 0.34028910135966495
2 5 5 2 0.34028910135966495
3 5 5 3 0.34028910135966495
2 4 6 2 -0.0002375263522580657
3 4 6 3 -0.0002375263522580657
2 5 7 2 -0.0002375263522580657
3 5 7 3 -0.0002375263522580657
2 6 4 2 -0.00023752635225806582
3 6 4 3 -0.00023752635225806582
2 7 5 2 -0.00023752635225806582
3 7 5 3 -0.00023752635225806582
2 6 6 2 0.09508512022121736
3 6 6 3 0.09508512022121736
2 7 7 2 0.09508512022121736
3 7 7 3 0.09508512022121736
2 8 2 2 -0.00030695840114353616
3 8 2 3 -0.00030695840114353616
2 9 3 2 -0.00030695840114353616
3 9 3 3 -0.00030695840114353616
2 8 8 2 0.09522081254810738
3 8 8 3 0.09522081254810738
2 9 9 2 0.09522081254810738
3 9 9 3 0.09522081254810738
2 10 0 2 0.12055396138266515
3 10 0 3 0.12055396138266515
2 11 1 2 0.12055396138266515
3 11 1 3 0.12055396138266515
2 10 10 2 0.22151776055350791
3 10 10 3 0.22151776055350791
2 11 11 2 0.22151776055350791
3 11 11 3 0.22151776055350791
2 2 4 4 0.020559853183706955
3 2 4 5 0.020559853183706955
2 3 5 4 0.020559853183706955
3 3 5 5 0.020559853183706955
2 2 6 4 -3.4715771228931455e-05
3 2 6 5 -3.4715771228931455e-05
2 3 7 4 -3.4715771228931455e-05
3 3 7 5 -3.4715771228931455e-05
2 4 2 4 0.020559853183706955
3 4 2 5 0.020559853183706955
2 5 3 4 0.020559853183706955
3 5 3 5 0.020559853183706955
2 4 8 4 -3.4715771640125544e-05
3 4 8 5 -3.4715771640125544e-05
2 5 9 4 -3.4715771640125544e-05
3 5 9 5 -3.4715771640125544e-05
2 6 2 4 -3.471577122893145e-05
3 6 2 5 -3.471577122893145e-05
2 7 3 4 -3.471577122893145e-05
3 7 3 5 -3.471577122893145e-05
2 6 8 4 6.784616097281835e-05
3 6 8 5 6.784616097281835e-05
2 7 9 4 6.784616097281835e-05
3 7 9 5 6.784616097281835e-05
2 8 4 4 -3.471577164012554e-05
3 8 4 5 -3.471577164012554e-05
2 9 5 4 -3.471577164012554e-05
3 9 5 5 -3.471577164012554e-05
2 8 6 4 6.784616097281835e-05
3 8 6 5 6.784616097281835e-05
2 9 7 4 6.784616097281835e-05
3 9 7 5 6.784616097281835e-05
2 2 4 6 -3.471577122893145e-05
3 2 4 7 -3.471577122893145e-05
2 3 5 6 -3.471577122893145e-05
3 3 5 7 -3.471577122893145e-05
2 2 6 6 4.0601043742399946e-07
3 2 6 7 4.0601043742399946e-07
2 3 7 6 4.0601043742399946e-07
3 3 7 7 4.0601043742399946e-07
2 4 2 6 -3.471577122893145e-05
3 4 2 7 -3.471577122893145e-05
2 5 3 6 -3.471577122893145e-05
3 5 3 7 -3.471577122893145e-05
2 4 8 6 4.060104381182928e-07
3 4 8 7 4.060104381182928e-07
2 5 9 6 4.060104381182928e-07
3 5 9 7 4.060104381182928e-07
2 6 2 6 4.060104374239995e-07
3 6 2 7 4.060104374239995e-07
2 7 3 6 4.060104374239995e-07
3 7 3 7 4.060104374239995e-07
2 6 8 6 -3.4715771228937845e-05
3 6 8 7 -3.4715771228937845e-05
2 7 9 6 -3.4715771228937845e-05
3 7 9 7 -3.4715771228937845e-05
2 8 4 6 4.0601043811829267e-07
3 8 4 7 4.0601043811829267e-07
2 9 5 6 4.0601043811829267e-07
3 9 5 7 4.0601043811829267e-07
2 8 6 6 -3.4715771228937845e-05
3 8 6 7 -3.4715771228937845e-05
2 9 7 6 -3.4715771228937845e-05
3 9 7 7 -3.4715771228937845e-05
2 0 0 8 -0.00017230619845121661
3 0 0 9 -0.00017230619845121661
2 1 1 8 -0.00017230619845121661
3 1 1 9 -0.00017230619845121661
2 2 2 8 -0.0003069584011435362
3 2 2 9 -0.0003069584011435362
2 3 3 8 -0.0003069584011435362
3 3 3 9 -0.0003069584011435362
2 2 8 8 3.1561848990835877e-06
3 2 8 9 3.1561848990835877e-06
2 3 9 8 3.1561848990835877e-06
3 3 9 9 3.1561848990835877e-06
2 4 4 8 -0.00023752635906381525
3 4 4 9 -0.00023752635906381525
2 5 5 8 -0.00023752635906381525
3 5 5 9 -0.00023752635906381525
2 4 6 8 2.3446590860324767e-06
3 4 6 9 2.3446590860324767e-06
2 5 7 8 2.3446590860324767e-06
3 5 7 9 2.3446590860324767e-06
2 6 4 8 2.3446590860324767e-06
3 6 4 9 2.3446590860324767e-06
2 7 5 8 2.3446590860324767e-06
3 7 5 9 2.3446590860324767e-06
2 6 6 8 -0.00023752635415975063
3 6 6 9 -0.00023752635415975063
2 7 7 8 -0.00023752635415975063
3 7 7 9 -0.00023752635415975063
2 8 2 8 3.1561848990835877e-06
3 8 2 9 3.1561848990835877e-06
2 9 3 8 3.1561848990835877e-06
3 9 3 9 3.1561848990835877e-06
2 8 8 8 -0.00030695839541988973
3 8 8 9 -0.00030695839541988973
2 9 9 8 -0.00030695839541988973
3 9 9 9 -0.00030695839541988973
2 10 10 8 -0.00019443813041865343
3 10 10 9 -0.00019443813041865343
2 11 11 8 -0.00019443813041865343
3 11 11 9 -0.00019443813041865343
2 0 2 10 0.010263562868788026
3 0 2 11 0.010263562868788026
2 1 3 10 0.010263562868788026
3 1 3 11 0.010263562868788026
2 0 8 10 0.00013470022028747112
3 0 8 11 0.00013470022028747112
2 1 9 10 0.00013470022028747112
3 1 9 11 0.00013470022028747112
2 2 0 10 0.010263562868788026
3 2 0 11 0.010263562868788026
2 3 1 10 0.010263562868788026
3 3 1 11 0.010263562868788026
2 2 10 10 0.010531992189619673
3 2 10 11 0.010531992189619673
2 3 11 10 0.010531992189619673
3 3 11 11 0.010531992189619673
2 8 0 10 0.00013470022028747112
3 8 0 11 0.00013470022028747112
2 9 1 10 0.00013470022028747112
3 9 1 11 0.00013470022028747112
2 8 10 10 -0.0001276790166024557
3 8 10 11 -0.0001276790166024557
2 9 11 10 -0.0001276790166024557
3 9 11 11 -0.0001276790166024557
2 10 2 10 0.010531992189619675
3 10 2 11 0.010531992189619675
2 11 3 10 0.010531992189619675
3 11 3 11 0.010531992189619675
2 10 8 10 -0.00012767901660245567
3 10 8 11 -0.00012767901660245567
2 11 9 10 -0.00012767901660245567
3 11 9 11 -0.00012767901660245567
4 0 4 0 0.010101492972347696
5 0 4 1 0.010101492972347696
4 1 5 0 0.010101492972347696
5 1 5 1 0.010101492972347696
4 0 6 0 0.00014036219181619704
5 0 6 1 0.00014036219181619704
4 1 7 0 0.00014036219181619704
5 1 7 1 0.00014036219181619704
4 4 0 0 0.010101492972347694
5 4 0 1 0.010101492972347694
4 5 1 0 0.010101492972347694
5 5 1 1 0.010101492972347694
4 4 10 0 0.010263562868788028
5 4 10 1 0.010263562868788028
4 5 11 0 0.010263562868788028
5 5 11 1 0.010263562868788028
4 6 0 0 0.00014036219181619704
5 6 0 1 0.00014036219181619704
4 7 1 0 0.00014036219181619704
5 7 1 1 0.00014036219181619704
4 6 10 0 -0.00013470030304173187
5 6 10 1 -0.00013470030304173187
4 7 11 0 -0.00013470030304173187
5 7 11 1 -0.00013470030304173187
4 10 4 0 0.01026356286878803
5 10 4 1 0.01026356286878803
4 11 5 0 0.01026356286878803
5 11 5 1 0.01026356286878803
4 10 6 0 -0.0001347003030417319
5 10 6 1 -0.0001347003030417319
4 11 7 0 -0.0001347003030417319
5 11 7 1 -0.0001347003030417319
4 2 4 2 0.020559853183706955
5 2 4 3 0.020559853183706955
4 3 5 2 0.020559853183706955
5 3 5 3 0.020559853183706955
4 2 6 2 -3.4715771228931455e-05
5 2 6 3 -3.4715771228931455e-05
4 3 7 2 -3.4715771228931455e-05
5 3 7 3 -3.4715771228931455e-05
4 4 2 2 0.020559853183706955
5 4 2 3 0.020559853183706955
4 5 3 2 0.020559853183706955
5 5 3 3 0.020559853183706955
4 4 8 2 -3.4715771640125544e-05
5 4 8 3 -3.4715771640125544e-05
4 5 9 2 -3.4715771640125544e-05
5 5 9 3 -3.4715771640125544e-05
4 6 2 2 -3.471577122893145e-05
5 6 2 3 -3.471577122893145e-05
4 7 3 2 -3.471577122893145e-05
5 7 3 3 -3.471577122893145e-05
4 6 8 2 6.784616097281835e-05
5 6 8 3 6.784616097281835e-05
4 7 9 2 6.784616097281835e-05
5 7 9 3 6.784616097281835e-05
4 8 4 2 -3.471577164012554e-05
5 8 4 3 -3.471577164012554e-05
4 9 5 2 -3.471577164012554e-05
5 9 5 3 -3.471577164012554e-05
4 8 6 2 6.784616097281835e-05
5 8 6 3 6.784616097281835e-05
4 9 7 2 6.784616097281835e-05
5 9 7 3 6.784616097281835e-05
4 0 0 4 0.21826906922568579
5 0 0 5 0.21826906922568579
4 1 1 4 0.21826906922568579
5 1 1 5 0.21826906922568579
4 0 10 4 0.12055396138266516
5 0 10 5 0.12055396138266516
4 1 11 4 0.12055396138266516
5 1 11 5 0.12055396138266516
4 2 2 4 0.34028910135966495
5 2 2 5 0.34028910135966495
4 3 3 4 0.34028910135966495
5 3 3 5 0.34028910135966495
4 2 8 4 -0.00023752635906381517
5 2 8 5 -0.00023752635906381517
4 3 9 4 -0.00023752635906381517
5 3 9 5 -0.00023752635906381517
4 4 4 4 0.381408808232034
5 4 4 5 0.381408808232034
4 5 5 4 0.381408808232034
5 5 5 5 0.381408808232034
4 4 6 4 -0.0003069583935153986
5 4 6 5 -0.0003069583935153986
4 5 7 4 -0.0003069583935153986
5 5 7 5 -0.0003069583935153986
4 6 4 4 -0.0003069583935153986
5 6 4 5 -0.0003069583935153986
4 7 5 4 -0.0003069583935153986
5 7 5 5 -0.0003069583935153986
4 6 6 4 0.09522081254810454
5 6 6 5 0.09522081254810454
4 7 7 4 0.09522081254810454
5 7 7 5 0.09522081254810454
4 8 2 4 -0.00023752635906381528
5 8 2 5 -0.00023752635906381528
4 9 3 4 -0.00023752635906381528
5 9 3 5 -0.00023752635906381528
4 8 8 4 0.09508512022121746
5 8 8 5 0.09508512022121746
4 9 9 4 0.09508512022121746
5 9 9 5 0.09508512022121746
4 10 0 4 0.12055396138266515
5 10 0 5 0.12055396138266515
4 11 1 4 0.12055396138266515
5 11 1 5 0.12055396138266515
4 10 10 4 0.22151776055350791
5 10 10 5 0.22151776055350791
4 11 11 4 0.22151776055350791
5 11 11 5 0.22151776055350791
4 0 0 6 -0.00017230619408585714
5 0 0 7 -0.00017230619408585714
4 1 1 6 -0.00017230619408585714
5 1 1 7 -0.00017230619408585714
4 2 2 6 -0.00023752635225806582
5 2 2 7 -0.00023752635225806582
4 3 3 6 -0.00023752635225806582
5 3 3 7 -0.00023752635225806582
4 2 8 6 2.3446590860324767e-06
5 2 8 7 2.3446590860324767e-06
4 3 9 6 2.3446590860324767e-06
5 3 9 7 2.3446590860324767e-06
4 4 4 6 -0.0003069583935153985
5 4 4 7 -0.0003069583935153985
4 5 5 6 -0.0003069583935153985
5 5 5 7 -0.0003069583935153985
4 4 6 6 3.1561848868056016e-06
5 4 6 7 3.1561848868056016e-06
4 5 7 6 3.1561848868056016e-06
5 5 7 7 3.1561848868056016e-06
4 6 4 6 3.1561848868056016e-06
5 6 4 7 3.1561848868056016e-06
4 7 5 6 3.1561848868056016e-06
5 7 5 7 3.1561848868056016e-06
4 6 6 6 -0.0003069583935153986
5 6 6 7 -0.0003069583935153986
4 7 7 6 -0.0003069583935153986
5 7 7 7 -0.0003069583935153986
4 8 2 6 2.3446590860324767e-06
5 8 2 7 2.3446590860324767e-06
4 9 3 6 2.3446590860324767e-06
5 9 3 7 2.3446590860324767e-06
4 8 8 6 -0.00023752635225813602
5 8 8 7 -0.00023752635225813602
4 9 9 6 -0.00023752635225813602
5 9 9 7 -0.00023752635225813602
4 10 10 6 -0.00019443812598832135
5 10 10 7 -0.00019443812598832135
4 11 11 6 -0.00019443812598832135
5 11 11 7 -0.00019443812598832135
4 2 4 8 -3.471577164012553e-05
5 2 4 9 -3.471577164012553e-05
4 3 5 8 -3.471577164012553e-05
5 3 5 9 -3.471577164012553e-05
4 2 6 8 4.0601043811829267e-07
5 2 6 9 4.0601043811829267e-07
4 3 7 8 4.0601043811829267e-07
5 3 7 9 4.0601043811829267e-07
4 4 2 8 -3.471577164012553e-05
5 4 2 9 -3.471577164012553e-05
4 5 3 8 -3.471577164012553e-05
5 5 3 9 -3.471577164012553e-05
4 4 8 8 4.0601043881258594e-07
5 4 8 9 4.0601043881258594e-07
4 5 9 8 4.0601043881258594e-07
5 5 9 9 4.0601043881258594e-07
4 6 2 8 4.0601043811829267e-07
5 6 2 9 4.0601043811829267e-07
4 7 3 8 4.0601043811829267e-07
5 7 3 9 4.0601043811829267e-07
4 6 8 8 -3.471577123029305e-05
5 6 8 9 -3.471577123029305e-05
4 7 9 8 -3.471577123029305e-05
5 7 9 9 -3.471577123029305e-05
4 8 4 8 4.060104388125859e-07
5 8 4 9 4.060104388125859e-07
4 9 5 8 4.060104388125859e-07
5 9 5 9 4.060104388125859e-07
4 8 6 8 -3.471577123029305e-05
5 8 6 9 -3.471577123029305e-05
4 9 7 8 -3.471577123029305e-05
5 9 7 9 -3.471577123029305e-05
4 0 4 10 0.010263562868788026
5 0 4 11 0.010263562868788026
4 1 5 10 0.010263562868788026
5 1 5 11 0.010263562868788026
4 0 6 10 0.00013470022049274838
5 0 6 11 0.00013470022049274838
4 1 7 10 0.00013470022049274838
5 1 7 11 0.00013470022049274838
4 4 0 10 0.010263562868788026
5 4 0 11 0.010263562868788026
4 5 1 10 0.010263562868788026
5 5 1 11 0.010263562868788026
4 4 10 10 0.010531992189619673
5 4 10 11 0.010531992189619673
4 5 11 10 0.010531992189619673
5 5 11 11 0.010531992189619673
4 6 0 10 0.0001347002204927484
5 6 0 11 0.0001347002204927484
4 7 1 10 0.0001347002204927484
5 7 1 11 0.0001347002204927484
4 6 10 10 -0.0001276790163918228
5 6 10 11 -0.0001276790163918228
4 7 11 10 -0.0001276790163918228
5 7 11 11 -0.0001276790163918228
4 10 4 10 0.010531992189619675
5 10 4 11 0.010531992189619675
4 11 5 10 0.010531992189619675
5 11 5 11 0.010531992189619675
4 10 6 10 -0.0001276790163918228
5 10 6 11 -0.0001276790163918228
4 11 7 10 -0.0001276790163918228
5 11 7 11 -0.0001276790163918228
6 0 4 0 0.00014036219181619706
7 0 4 1 0.00014036219181619706
6 1 5 0 0.00014036219181619706
7 1 5 1 0.00014036219181619706
6 0 6 0 0.010101489461288353
7 0 6 1 0.010101489461288353
6 1 7 0 0.010101489461288353
7 1 7 1 0.010101489461288353
6 4 0 0 0.00014036219181619706
7 4 0 1 0.00014036219181619706
6 5 1 0 0.00014036219181619706
7 5 1 1 0.00014036219181619706
6 4 10 0 0.00013470022049274838
7 4 10 1 0.00013470022049274838
6 5 11 0 0.00013470022049274838
7 5 11 1 0.00013470022049274838
6 6 0 0 0.010101489461288355
7 6 0 1 0.010101489461288355
6 7 1 0 0.010101489461288355
7 7 1 1 0.010101489461288355
6 6 10 0 -0.010263563530466296
7 6 10 1 -0.010263563530466296
6 7 11 0 -0.010263563530466296
7 7 11 1 -0.010263563530466296
6 10 4 0 0.0001347002204927484
7 10 4 1 0.0001347002204927484
6 11 5 0 0.0001347002204927484
7 11 5 1 0.0001347002204927484
6 10 6 0 -0.010263563530466296
7 10 6 1 -0.010263563530466296
6 11 7 0 -0.010263563530466296
7 11 7 1 -0.010263563530466296
6 2 4 2 -3.471577122893145e-05
7 2 4 3 -3.471577122893145e-05
6 3 5 2 -3.471577122893145e-05
7 3 5 3 -3.471577122893145e-05
6 2 6 2 4.060104374239995e-07
7 2 6 3 4.060104374239995e-07
6 3 7 2 4.060104374239995e-07
7 3 7 3 4.060104374239995e-07
6 4 2 2 -3.471577122893145e-05
7 4 2 3 -3.471577122893145e-05
6 5 3 2 -3.471577122893145e-05
7 5 3 3 -3.471577122893145e-05
6 4 8 2 4.060104381182928e-07
7 4 8 3 4.060104381182928e-07
6 5 9 2 4.060104381182928e-07
7 5 9 3 4.060104381182928e-07
6 6 2 2 4.0601043742399946e-07
7 6 2 3 4.0601043742399946e-07
6 7 3 2 4.0601043742399946e-07
7 7 3 3 4.0601043742399946e-07
6 6 8 2 -3.4715771228937845e-05
7 6 8 3 -3.4715771228937845e-05
6 7 9 2 -3.4715771228937845e-05
7 7 9 3 -3.4715771228937845e-05
6 8 4 2 4.060104381182927e-07
7 8 4 3 4.060104381182927e-07
6 9 5 2 4.060104381182927e-07
7 9 5 3 4.060104381182927e-07
6 8 6 2 -3.4715771228937845e-05
7 8 6 3 -3.4715771228937845e-05
6 9 7 2 -3.4715771228937845e-05
7 9 7 3 -3.4715771228937845e-05
6 0 0 4 -0.0001723061940858572
7 0 0 5 -0.0001723061940858572
6 1 1 4 -0.0001723061940858572
7 1 1 5 -0.0001723061940858572
6 2 2 4 -0.00023752635225806587
7 2 2 5 -0.00023752635225806587
6 3 3 4 -0.00023752635225806587
7 3 3 5 -0.00023752635225806587
6 2 8 4 2.3446590860324767e-06
7 2 8 5 2.3446590860324767e-06
6 3 9 4 2.3446590860324767e-06
7 3 9 5 2.3446590860324767e-06
6 4 4 4 -0.0003069583935153986
7 4 4 5 -0.0003069583935153986
6 5 5 4 -0.0003069583935153986
7 5 5 5 -0.0003069583935153986
6 4 6 4 3.1561848868056016e-06
7 4 6 5 3.1561848868056016e-06
6 5 7 4 3.1561848868056016e-06
7 5 7 5 3.1561848868056016e-06
6 6 4 4 3.1561848868056016e-06
7 6 4 5 3.1561848868056016e-06
6 7 5 4 3.1561848868056016e-06
7 7 5 5 3.1561848868056016e-06
6 6 6 4 -0.0003069583935153985
7 6 6 5 -0.0003069583935153985
6 7 7 4 -0.0003069583935153985
7 7 7 5 -0.0003069583935153985
6 8 2 4 2.3446590860324767e-06
7 8 2 5 2.3446590860324767e-06
6 9 3 4 2.3446590860324767e-06
7 9 3 5 2.3446590860324767e-06
6 8 8 4 -0.000237526352258136
7 8 8 5 -0.000237526352258136
6 9 9 4 -0.000237526352258136
7 9 9 5 -0.000237526352258136
6 10 10 4 -0.0001944381259883212
7 10 10 5 -0.0001944381259883212
6 11 11 4 -0.0001944381259883212
7 11 11 5 -0.0001944381259883212
6 0 0 6 0.21826902827909997
7 0 0 7 0.21826902827909997
6 1 1 6 0.21826902827909997
7 1 1 7 0.21826902827909997
6 0 10 6 -0.12055398263185231
7 0 10 7 -0.12055398263185231
6 1 11 6 -0.12055398263185231
7 1 11 7 -0.12055398263185231
6 2 2 6 0.09508512022121736
7 2 2 7 0.09508512022121736
6 3 3 6 0.09508512022121736
7 3 3 7 0.09508512022121736
6 2 8 6 -0.00023752635415975066
7 2 8 7 -0.00023752635415975066
6 3 9 6 -0.00023752635415975066
7 3 9 7 -0.00023752635415975066
6 4 4 6 0.09522081254810454
7 4 4 7 0.09522081254810454
6 5 5 6 0.09522081254810454
7 5 5 7 0.09522081254810454
6 4 6 6 -0.0003069583935153986
7 4 6 7 -0.0003069583935153986
6 5 7 6 -0.0003069583935153986
7 5 7 7 -0.0003069583935153986
6 6 4 6 -0.0003069583935153986
7 6 4 7 -0.0003069583935153986
6 7 5 6 -0.0003069583935153986
7 7 5 7 -0.0003069583935153986
6 6 6 6 0.381408808232034
7 6 6 7 0.381408808232034
6 7 7 6 0.381408808232034
7 7 7 7 0.381408808232034
6 8 2 6 -0.00023752635415975055
7 8 2 7 -0.00023752635415975055
6 9 3 6 -0.00023752635415975055
7 9 3 7 -0.00023752635415975055
6 8 8 6 0.34028910135964074
7 8 8 7 0.34028910135964074
6 9 9 6 0.34028910135964074
7 9 9 7 0.34028910135964074
6 10 0 6 -0.12055398263185231
7 10 0 7 -0.12055398263185231
6 11 1 6 -0.12055398263185231
7 11 1 7 -0.12055398263185231
6 10 10 6 0.22151775748263766
7 10 10 7 0.22151775748263766
6 11 11 6 0.22151775748263766
7 11 11 7 0.22151775748263766
6 2 4 8 6.784616097281835e-05
7 2 4 9 6.784616097281835e-05
6 3 5 8 6.784616097281835e-05
7 3 5 9 6.784616097281835e-05
6 2 6 8 -3.471577122893785e-05
7 2 6 9 -3.471577122893785e-05
6 3 7 8 -3.471577122893785e-05
7 3 7 9 -3.471577122893785e-05
6 4 2 8 6.784616097281835e-05
7 4 2 9 6.784616097281835e-05
6 5 3 8 6.784616097281835e-05
7 5 3 9 6.784616097281835e-05
6 4 8 8 -3.471577123029305e-05
7 4 8 9 -3.471577123029305e-05
6 5 9 8 -3.471577123029305e-05
7 5 9 9 -3.471577123029305e-05
6 6 2 8 -3.471577122893786e-05
7 6 2 9 -3.471577122893786e-05
6 7 3 8 -3.471577122893786e-05
7 7 3 9 -3.471577122893786e-05
6 6 8 8 0.02055985318370631
7 6 8 9 0.02055985318370631
6 7 9 8 0.02055985318370631
7 7 9 9 0.02055985318370631
6 8 4 8 -3.471577123029306e-05
7 8 4 9 -3.471577123029306e-05
6 9 5 8 -3.471577123029306e-05
7 9 5 9 -3.471577123029306e-05
6 8 6 8 0.02055985318370631
7 8 6 9 0.02055985318370631
6 9 7 8 0.02055985318370631
7 9 7 9 0.02055985318370631
6 0 4 10 -0.00013470030304173192
7 0 4 11 -0.00013470030304173192
6 1 5 10 -0.00013470030304173192
7 1 5 11 -0.00013470030304173192
6 0 6 10 -0.010263563530466296
7 0 6 11 -0.010263563530466296
6 1 7 10 -0.010263563530466296
7 1 7 11 -0.010263563530466296
6 4 0 10 -0.0001347003030417319
7 4 0 11 -0.0001347003030417319
6 5 1 10 -0.0001347003030417319
7 5 1 11 -0.0001347003030417319
6 4 10 10 -0.0001276790163918228
7 4 10 11 -0.0001276790163918228
6 5 11 10 -0.0001276790163918228
7 5 11 11 -0.0001276790163918228
6 6 0 10 -0.010263563530466297
7 6 0 11 -0.010263563530466297
6 7 1 10 -0.010263563530466297
7 7 1 11 -0.010263563530466297
6 6 10 10 0.010531995264560523
7 6 10 11 0.010531995264560523
6 7 11 10 0.010531995264560523
7 7 11 11 0.010531995264560523
6 10 4 10 -0.00012767901639182283
7 10 4 11 -0.00012767901639182283
6 11 5 10 -0.00012767901639182283
7 11 5 11 -0.00012767901639182283
6 10 6 10 0.010531995264560525
7 10 6 11 0.010531995264560525
6 11 7 10 0.010531995264560525
7 11 7 11 0.010531995264560525
8 0 2 0 0.00014036219161416087
9 0 2 1 0.00014036219161416087
8 1 3 0 0.00014036219161416087
9 1 3 1 0.00014036219161416087
8 0 8 0 0.010101489461281738
9 0 8 1 0.010101489461281738
8 1 9 0 0.010101489461281738
9 1 9 1 0.010101489461281738
8 2 0 0 0.00014036219161416087
9 2 0 1 0.00014036219161416087
8 3 1 0 0.00014036219161416087
9 3 1 1 0.00014036219161416087
8 2 10 0 0.00013470022028747107
9 2 10 1 0.00013470022028747107
8 3 11 0 0.00013470022028747107
9 3 11 1 0.00013470022028747107
8 8 0 0 0.01010148946128174
9 8 0 1 0.01010148946128174
8 9 1 0 0.01010148946128174
9 9 1 1 0.01010148946128174
8 8 10 0 -0.010263563530465277
9 8 10 1 -0.010263563530465277
8 9 11 0 -0.010263563530465277
9 9 11 1 -0.010263563530465277
8 10 2 0 0.0001347002202874711
9 10 2 1 0.0001347002202874711
8 11 3 0 0.0001347002202874711
9 11 3 1 0.0001347002202874711
8 10 8 0 -0.010263563530465276
9 10 8 1 -0.010263563530465276
8 11 9 0 -0.010263563530465276
9 11 9 1 -0.010263563530465276
8 0 0 2 -0.00017230619845121672
9 0 0 3 -0.00017230619845121672
8 1 1 2 -0.00017230619845121672
9 1 1 3 -0.00017230619845121672
8 2 2 2 -0.0003069584011435362
9 2 2 3 -0.0003069584011435362
8 3 3 2 -0.0003069584011435362
9 3 3 3 -0.0003069584011435362
8 2 8 2 3.1561848990835872e-06
9 2 8 3 3.1561848990835872e-06
8 3 9 2 3.1561848990835872e-06
9 3 9 3 3.1561848990835872e-06
8 4 4 2 -0.0002375263590638153
9 4 4 3 -0.0002375263590638153
8 5 5 2 -0.0002375263590638153
9 5 5 3 -0.0002375263590638153
8 4 6 2 2.3446590860324767e-06
9 4 6 3 2.3446590860324767e-06
8 5 7 2 2.3446590860324767e-06
9 5 7 3 2.3446590860324767e-06
8 6 4 2 2.3446590860324767e-06
9 6 4 3 2.3446590860324767e-06
8 7 5 2 2.3446590860324767e-06
9 7 5 3 2.3446590860324767e-06
8 6 6 2 -0.00023752635415975063
9 6 6 3 -0.00023752635415975063
8 7 7 2 -0.00023752635415975063
9 7 7 3 -0.00023752635415975063
8 8 2 2 3.156184899083587e-06
9 8 2 3 3.156184899083587e-06
8 9 3 2 3.156184899083587e-06
9 9 3 3 3.156184899083587e-06
8 8 8 2 -0.00030695839541988973
9 8 8 3 -0.00030695839541988973
8 9 9 2 -0.00030695839541988973
9 9 9 3 -0.00030695839541988973
8 10 10 2 -0.00019443813041865326
9 10 10 3 -0.00019443813041865326
8 11 11 2 -0.00019443813041865326
9 11 11 3 -0.00019443813041865326
8 2 4 4 -3.471577164012553e-05
9 2 4 5 -3.471577164012553e-05
8 3 5 4 -3.471577164012553e-05
9 3 5 5 -3.471577164012553e-05
8 2 6 4 4.0601043811829267e-07
9 2 6 5 4.0601043811829267e-07
8 3 7 4 4.0601043811829267e-07
9 3 7 5 4.0601043811829267e-07
8 4 2 4 -3.471577164012553e-05
9 4 2 5 -3.471577164012553e-05
8 5 3 4 -3.471577164012553e-05
9 5 3 5 -3.471577164012553e-05
8 4 8 4 4.06010438812586e-07
9 4 8 5 4.06010438812586e-07
8 5 9 4 4.06010438812586e-07
9 5 9 5 4.06010438812586e-07
8 6 2 4 4.0601043811829267e-07
9 6 2 5 4.0601043811829267e-07
8 7 3 4 4.0601043811829267e-07
9 7 3 5 4.0601043811829267e-07
8 6 8 4 -3.4715771230293044e-05
9 6 8 5 -3.4715771230293044e-05
8 7 9 4 -3.4715771230293044e-05
9 7 9 5 -3.4715771230293044e-05
8 8 4 4 4.0601043881258594e-07
9 8 4 5 4.0601043881258594e-07
8 9 5 4 4.0601043881258594e-07
9 9 5 5 4.0601043881258594e-07
8 8 6 4 -3.4715771230293044e-05
9 8 6 5 -3.4715771230293044e-05
8 9 7 4 -3.4715771230293044e-05
9 9 7 5 -3.4715771230293044e-05
8 2 4 6 6.784616097281835e-05
9 2 4 7 6.784616097281835e-05
8 3 5 6 6.784616097281835e-05
9 3 5 7 6.784616097281835e-05
8 2 6 6 -3.471577122893785e-05
9 2 6 7 -3.471577122893785e-05
8 3 7 6 -3.471577122893785e-05
9 3 7 7 -3.471577122893785e-05
8 4 2 6 6.784616097281835e-05
9 4 2 7 6.784616097281835e-05
8 5 3 6 6.784616097281835e-05
9 5 3 7 6.784616097281835e-05
8 4 8 6 -3.4715771230293044e-05
9 4 8 7 -3.4715771230293044e-05
8 5 9 6 -3.4715771230293044e-05
9 5 9 7 -3.4715771230293044e-05
8 6 2 6 -3.471577122893786e-05
9 6 2 7 -3.471577122893786e-05
8 7 3 6 -3.471577122893786e-05
9 7 3 7 -3.471577122893786e-05
8 6 8 6 0.02055985318370631
9 6 8 7 0.02055985318370631
8 7 9 6 0.02055985318370631
9 7 9 7 0.02055985318370631
8 8 4 6 -3.471577123029305e-05
9 8 4 7 -3.471577123029305e-05
8 9 5 6 -3.471577123029305e-05
9 9 5 7 -3.471577123029305e-05
8 8 6 6 0.02055985318370631
9 8 6 7 0.02055985318370631
8 9 7 6 0.02055985318370631
9 9 7 7 0.02055985318370631
8 0 0 8 0.21826902827908526
9 0 0 9 0.21826902827908526
8 1 1 8 0.21826902827908526
9 1 1 9 0.21826902827908526
8 0 10 8 -0.12055398263184039
9 0 10 9 -0.12055398263184039
8 1 11 8 -0.12055398263184039
9 1 11 9 -0.12055398263184039
8 2 2 8 0.0952208125481074
9 2 2 9 0.0952208125481074
8 3 3 8 0.0952208125481074
9 3 3 9 0.0952208125481074
8 2 8 8 -0.00030695839541988973
9 2 8 9 -0.00030695839541988973
8 3 9 8 -0.00030695839541988973
9 3 9 9 -0.00030695839541988973
8 4 4 8 0.09508512022121744
9 4 4 9 0.09508512022121744
8 5 5 8 0.09508512022121744
9 5 5 9 0.09508512022121744
8 4 6 8 -0.00023752635225813607
9 4 6 9 -0.00023752635225813607
8 5 7 8 -0.00023752635225813607
9 5 7 9 -0.00023752635225813607
8 6 4 8 -0.00023752635225813597
9 6 4 9 -0.00023752635225813597
8 7 5 8 -0.00023752635225813597
9 7 5 9 -0.00023752635225813597
8 6 6 8 0.34028910135964074
9 6 6 9 0.34028910135964074
8 7 7 8 0.34028910135964074
9 7 7 9 0.34028910135964074
8 8 2 8 -0.0003069583954198897
9 8 2 9 -0.0003069583954198897
8 9 3 8 -0.0003069583954198897
9 9 3 9 -0.0003069583954198897
8 8 8 8 0.38140880823198303
9 8 8 9 0.38140880823198303
8 9 9 8 0.38140880823198303
9 9 9 9 0.38140880823198303
8 10 0 8 -0.12055398263184039
9 10 0 9 -0.12055398263184039
8 11 1 8 -0.12055398263184039
9 11 1 9 -0.12055398263184039
8 10 10 8 0.22151775748262353
9 10 10 9 0.22151775748262353
8 11 11 8 0.22151775748262353
9 11 11 9 0.22151775748262353
8 0 2 10 -0.0001347003032469959
9 0 2 11 -0.0001347003032469959
8 1 3 10 -0.0001347003032469959
9 1 3 11 -0.0001347003032469959
8 0 8 10 -0.01026356353046528
9 0 8 11 -0.01026356353046528
8 1 9 10 -0.01026356353046528
9 1 9 11 -0.01026356353046528
8 2 0 10 -0.00013470030324699584
9 2 0 11 -0.00013470030324699584
8 3 1 10 -0.00013470030324699584
9 3 1 11 -0.00013470030324699584
8 2 10 10 -0.0001276790166024557
9 2 10 11 -0.0001276790166024557
8 3 11 10 -0.0001276790166024557
9 3 11 11 -0.0001276790166024557
8 8 0 10 -0.010263563530465281
9 8 0 11 -0.010263563530465281
8 9 1 10 -0.010263563530465281
9 9 1 11 -0.010263563530465281
8 8 10 10 0.010531995264564588
9 8 10 11 0.010531995264564588
8 9 11 10 0.010531995264564588
9 9 11 11 0.010531995264564588
8 10 2 10 -0.00012767901660245572
9 10 2 11 -0.00012767901660245572
8 11 3 10 -0.00012767901660245572
9 11 3 11 -0.00012767901660245572
8 10 8 10 0.010531995264564588
9 10 8 11 0.010531995264564588
8 11 9 10 0.010531995264564588
9 11 9 11 0.010531995264564588
10 0 0 0 1.125684366554136e-08
11 0 0 1 1.125684366554136e-08
10 1 1 0 1.125684366554136e-08
11 1 1 1 1.125684366554136e-08
10 0 10 0 0.13854346717076832
11 0 10 1 0.13854346717076832
10 1 11 0 0.13854346717076832
11 1 11 1 0.13854346717076832
10 2 2 0 0.12055396138266519
11 2 2 1 0.12055396138266519
10 3 3 0 0.12055396138266519
11 3 3 1 0.12055396138266519
10 4 4 0 0.12055396138266519
11 4 4 1 0.12055396138266519
10 5 5 0 0.12055396138266519
11 5 5 1 0.12055396138266519
10 6 6 0 -0.12055398263185232
11 6 6 1 -0.12055398263185232
10 7 7 0 -0.12055398263185232
11 7 7 1 -0.12055398263185232
10 8 8 0 -0.12055398263184038
11 8 8 1 -0.12055398263184038
10 9 9 0 -0.12055398263184038
11 9 9 1 -0.12055398263184038
10 10 0 0 0.13854346717076832
11 10 0 1 0.13854346717076832
10 11 1 0 0.13854346717076832
11 11 1 1 0.13854346717076832
10 10 10 0 -1.1039744091112524e-08
11 10 10 1 -1.1039744091112524e-08
10 11 11 0 -1.1039744091112524e-08
11 11 11 1 -1.1039744091112524e-08
10 0 2 2 0.010263562868788028
11 0 2 3 0.010263562868788028
10 1 3 2 0.010263562868788028
11 1 3 3 0.010263562868788028
10 0 8 2 0.00013470022028747107
11 0 8 3 0.00013470022028747107
10 1 9 2 0.00013470022028747107
11 1 9 3 0.00013470022028747107
10 2 0 2 0.010263562868788026
11 2 0 3 0.010263562868788026
10 3 1 2 0.010263562868788026
11 3 1 3 0.010263562868788026
10 2 10 2 0.010531992189619671
11 2 10 3 0.010531992189619671
10 3 11 2 0.010531992189619671
11 3 11 3 0.010531992189619671
10 8 0 2 0.00013470022028747107
11 8 0 3 0.00013470022028747107
10 9 1 2 0.00013470022028747107
11 9 1 3 0.00013470022028747107
10 8 10 2 -0.0001276790166024557
11 8 10 3 -0.0001276790166024557
10 9 11 2 -0.0001276790166024557
11 9 11 3 -0.0001276790166024557
10 10 2 2 0.010531992189619673
11 10 2 3 0.010531992189619673
10 11 3 2 0.010531992189619673
11 11 3 3 0.010531992189619673
10 10 8 2 -0.00012767901660245567
11 10 8 3 -0.00012767901660245567
10 11 9 2 -0.00012767901660245567
11 11 9 3 -0.00012767901660245567
10 0 4 4 0.010263562868788028
11 0 4 5 0.010263562868788028
10 1 5 4 0.010263562868788028
11 1 5 5 0.010263562868788028
10 0 6 4 0.00013470022049274838
11 0 6 5 0.00013470022049274838
10 1 7 4 0.00013470022049274838
11 1 7 5 0.00013470022049274838
10 4 0 4 0.010263562868788026
11 4 0 5 0.010263562868788026
10 5 1 4 0.010263562868788026
11 5 1 5 0.010263562868788026
10 4 10 4 0.010531992189619671
11 4 10 5 0.010531992189619671
10 5 11 4 0.010531992189619671
11 5 11 5 0.010531992189619671
10 6 0 4 0.00013470022049274838
11 6 0 5 0.00013470022049274838
10 7 1 4 0.00013470022049274838
11 7 1 5 0.00013470022049274838
10 6 10 4 -0.0001276790163918228
11 6 10 5 -0.0001276790163918228
10 7 11 4 -0.0001276790163918228
11 7 11 5 -0.0001276790163918228
10 10 4 4 0.010531992189619673
11 10 4 5 0.010531992189619673
10 11 5 4 0.010531992189619673
11 11 5 5 0.010531992189619673
10 10 6 4 -0.00012767901639182283
11 10 6 5 -0.00012767901639182283
10 11 7 4 -0.00012767901639182283
11 11 7 5 -0.00012767901639182283
10 0 4 6 -0.00013470030304173192
11 0 4 7 -0.00013470030304173192
10 1 5 6 -0.00013470030304173192
11 1 5 7 -0.00013470030304173192
10 0 6 6 -0.010263563530466296
11 0 6 7 -0.010263563530466296
10 1 7 6 -0.010263563530466296
11 1 7 7 -0.010263563530466296
10 4 0 6 -0.0001347003030417319
11 4 0 7 -0.0001347003030417319
10 5 1 6 -0.0001347003030417319
11 5 1 7 -0.0001347003030417319
10 4 10 6 -0.0001276790163918228
11 4 10 7 -0.0001276790163918228
10 5 11 6 -0.0001276790163918228
11 5 11 7 -0.0001276790163918228
10 6 0 6 -0.010263563530466297
11 6 0 7 -0.010263563530466297
10 7 1 6 -0.010263563530466297
11 7 1 7 -0.010263563530466297
10 6 10 6 0.010531995264560523
11 6 10 7 0.010531995264560523
10 7 11 6 0.010531995264560523
11 7 11 7 0.010531995264560523
10 10 4 6 -0.00012767901639182286
11 10 4 7 -0.00012767901639182286
10 11 5 6 -0.00012767901639182286
11 11 5 7 -0.00012767901639182286
10 10 6 6 0.010531995264560523
11 10 6 7 0.010531995264560523
10 11 7 6 0.010531995264560523
11 11 7 7 0.010531995264560523
10 0 2 8 -0.0001347003032469959
11 0 2 9 -0.0001347003032469959
10 1 3 8 -0.0001347003032469959
11 1 3 9 -0.0001347003032469959
10 0 8 8 -0.01026356353046528
11 0 8 9 -0.01026356353046528
10 1 9 8 -0.01026356353046528
11 1 9 9 -0.01026356353046528
10 2 0 8 -0.00013470030324699587
11 2 0 9 -0.00013470030324699587
10 3 1 8 -0.00013470030324699587
11 3 1 9 -0.00013470030324699587
10 2 10 8 -0.0001276790166024557
11 2 10 9 -0.0001276790166024557
10 3 11 8 -0.0001276790166024557
11 3 11 9 -0.0001276790166024557
10 8 0 8 -0.010263563530465281
11 8 0 9 -0.010263563530465281
10 9 1 8 -0.010263563530465281
11 9 1 9 -0.010263563530465281
10 8 10 8 0.010531995264564588
11 8 10 9 0.010531995264564588
10 9 11 8 0.010531995264564588
11 9 11 9 0.010531995264564588
10 10 2 8 -0.00012767901660245572
11 10 2 9 -0.00012767901660245572
10 11 3 8 -0.00012767901660245572
11 11 3 9 -0.00012767901660245572
10 10 8 8 0.010531995264564586
11 10 8 9 0.010531995264564586
10 11 9 8 0.010531995264564586
11 11 9 9 0.010531995264564586
10 0 0 10 0.2430606804133726
11 0 0 11 0.2430606804133726
10 1 1 10 0.2430606804133726
11 1 1 11 0.2430606804133726
10 0 10 10 -1.1039744077234737e-08
11 0 10 11 -1.1039744077234737e-08
10 1 11 10 -1.1039744077234737e-08
11 1 11 11 -1.1039744077234737e-08
10 2 2 10 0.22151776055350794
11 2 2 11 0.22151776055350794
10 3 3 10 0.22151776055350794
11 3 3 11 0.22151776055350794
10 2 8 10 -0.0001944381304186533
11 2 8 11 -0.0001944381304186533
10 3 9 10 -0.0001944381304186533
11 3 9 11 -0.0001944381304186533
10 4 4 10 0.22151776055350794
11 4 4 11 0.22151776055350794
10 5 5 10 0.22151776055350794
11 5 5 11 0.22151776055350794
10 4 6 10 -0.0001944381259883213
11 4 6 11 -0.0001944381259883213
10 5 7 10 -0.0001944381259883213
11 5 7 11 -0.0001944381259883213
10 6 4 10 -0.0001944381259883213
11 6 4 11 -0.0001944381259883213
10 7 5 10 -0.0001944381259883213
11 7 5 11 -0.0001944381259883213
10 6 6 10 0.22151775748263766
11 6 6 11 0.22151775748263766
10 7 7 10 0.22151775748263766
11 7 7 11 0.22151775748263766
10 8 2 10 -0.00019443813041865332
11 8 2 11 -0.00019443813041865332
10 9 3 10 -0.00019443813041865332
11 9 3 11 -0.00019443813041865332
10 8 8 10 0.22151775748262353
11 8 8 11 0.22151775748262353
10 9 9 10 0.22151775748262353
11 9 9 11 0.22151775748262353
10 10 0 10 -1.1039744104990312e-08
11 10 0 11 -1.1039744104990312e-08
10 11 1 10 -1.1039744104990312e-08
11 11 1 11 -1.1039744104990312e-08
10 10 10 10 0.24672101622005593
11 10 10 11 0.24672101622005593
10 11 11 10 0.24672101622005593
11 11 11 11 0.24672101622005593
