-98.65884290358197
0 0 -2.5156990580937775
1 1 -2.5156990580937775
0 10 4.925698398640377e-08
1 11 4.925698398640377e-08
2 2 -2.432831943019538
3 3 -2.432831943019538
2 8 -0.009263453411780918
3 9 -0.009263453411780918
4 4 -2.432831943019538
5 5 -2.432831943019538
4 6 -0.009263453533422282
5 7 -0.009263453533422282
6 4 -0.009263453533422278
7 5 -0.009263453533422278
6 6 -2.432831880508889
7 7 -2.432831880508889
8 2 -0.009263453411780908
9 3 -0.009263453411780908
8 8 -2.432831880505997
9 9 -2.432831880505997
10 0 4.925698487631691e-08
11 1 4.925698487631691e-08
10 10 -2.4313246438556275
11 11 -2.4313246438556275
0 0 0 0 0.2492091313676632
1 0 0 1 0.2492091313676632
0 1 1 0 0.2492091313676632
1 1 1 1 0.2492091313676632
0 0 10 0 8.076660954620118e-08
1 0 10 1 8.076660954620118e-08
0 1 11 0 8.076660954620118e-08
1 1 11 1 8.076660954620118e-08
0 2 2 0 0.2262509210211166
1 2 2 1 0.2262509210211166
0 3 3 0 0.2262509210211166
1 3 3 1 0.2262509210211166
0 2 8 0 -0.0003608652507752088
1 2 8 1 -0.0003608652507752088
0 3 9 0 -0.0003608652507752088
1 3 9 1 -0.0003608652507752088
0 4 4 0 0.2262509210211166
1 4 4 1 0.2262509210211166
0 5 5 0 0.2262509210211166
1 5 5 1 0.2262509210211166
0 4 6 0 -0.0003608652394631778
1 4 6 1 -0.0003608652394631778
0 5 7 0 -0.0003608652394631778
1 5 7 1 -0.0003608652394631778
0 6 4 0 -0.00036086523946317773
1 6 4 1 -0.00036086523946317773
0 7 5 0 -0.00036086523946317773
1 7 5 1 -0.00036086523946317773
0 6 6 0 0.22625077334259508
1 6 6 1 0.22625077334259508
0 7 7 0 0.22625077334259508
1 7 7 1 0.22625077334259508
0 8 2 0 -0.0003608652507752086
1 8 2 1 -0.0003608652507752086
0 9 3 0 -0.0003608652507752086
1 9 3 1 -0.0003608652507752086
0 8 8 0 0.22625077334244842
1 8 8 1 0.22625077334244842
0 9 9 0 0.22625077334244842
1 9 9 1 0.22625077334244842
0 10 0 0 8.076660954620118e-08
1 10 0 1 8.076660954620118e-08
0 11 1 0 8.076660954620118e-08
1 11 1 1 8.076660954620118e-08
0 10 10 0 0.2542763996669424
1 10 10 1 0.2542763996669424
0 11 11 0 0.2542763996669424
1 11 11 1 0.2542763996669424
0 0 2 2 0.01008232359961821
1 0 2 3 0.01008232359961821
0 1 3 2 0.01008232359961821
1 1 3 3 0.01008232359961821
0 0 8 2 0.00031017399372371645
1 0 8 3 0.00031017399372371645
0 1 9 2 0.00031017399372371645
1 1 9 3 0.00031017399372371645
0 2 0 2 0.01008232359961821
1 2 0 3 0.01008232359961821
0 3 1 2 0.01008232359961821
1 3 1 3 0.01008232359961821
0 2 10 2 0.010201090953875688
1 2 10 3 0.010201090953875688
0 3 11 2 0.010201090953875688
1 3 11 3 0.010201090953875688
0 8 0 2 0.0003101739937237165
1 8 0 3 0.0003101739937237165
0 9 1 2 0.0003101739937237165
1 9 1 3 0.0003101739937237165
0 8 10 2 -0.00029478187047709983
1 8 10 3 -0.00029478187047709983
0 9 11 2 -0.00029478187047709983
1 9 11 3 -0.00029478187047709983
0 10 2 2 0.010201090953875686
1 10 2 3 0.010201090953875686
0 11 3 2 0.010201090953875686
1 11 3 3 0.010201090953875686
0 10 8 2 -0.00029478187047709983
1 10 8 3 -0.00029478187047709983
0 11 9 2 -0.00029478187047709983
1 11 9 3 -0.00029478187047709983
0 0 4 4 0.01008232359961821
1 0 4 5 0.01008232359961821
0 1 5 4 0.01008232359961821
1 1 5 5 0.01008232359961821
0 0 6 4 0.00031017399422794147
1 0 6 5 0.00031017399422794147
0 1 7 4 0.00031017399422794147
1 1 7 5 0.00031017399422794147
0 4 0 4 0.01008232359961821
1 4 0 5 0.01008232359961821
0 5 1 4 0.01008232359961821
1 5 1 5 0.01008232359961821
0 4 10 4 0.010201090953875688
1 4 10 5 0.010201090953875688
0 5 11 4 0.010201090953875688
1 5 11 5 0.010201090953875688
0 6 0 4 0.0003101739942279415
1 6 0 5 0.0003101739942279415
0 7 1 4 0.0003101739942279415
1 7 1 5 0.0003101739942279415
0 6 10 4 -0.00029478186996718096
1 6 10 5 -0.00029478186996718096
0 7 11 4 -0.00029478186996718096
1 7 11 5 -0.00029478186996718096
0 10 4 4 0.010201090953875686
1 10 4 5 0.010201090953875686
0 11 5 4 0.010201090953875686
1 11 5 5 0.010201090953875686
0 10 6 4 -0.0002947818699671809
1 10 6 5 -0.0002947818699671809
0 11 7 4 -0.0002947818699671809
1 11 7 5 -0.0002947818699671809
0 0 4 6 0.0003101739942279416
1 0 4 7 0.0003101739942279416
0 1 5 6 0.0003101739942279416
1 1 5 7 0.0003101739942279416
0 0 6 6 0.010082309898152978
1 0 6 7 0.010082309898152978
0 1 7 6 0.010082309898152978
1 1 7 7 0.010082309898152978
0 4 0 6 0.00031017399422794163
1 4 0 7 0.00031017399422794163
0 5 1 6 0.00031017399422794163
1 5 1 7 0.00031017399422794163
0 4 10 6 0.00029478122324434384
1 4 10 7 0.00029478122324434384
0 5 11 6 0.00029478122324434384
1 5 11 7 0.00029478122324434384
0 6 0 6 0.01008230989815298
1 6 0 7 0.01008230989815298
0 7 1 6 0.01008230989815298
1 7 1 7 0.01008230989815298
0 6 10 6 -0.010201090798466836
1 6 10 7 -0.010201090798466836
0 7 11 6 -0.010201090798466836
1 7 11 7 -0.010201090798466836
0 10 4 6 0.0002947812232443439
1 10 4 7 0.0002947812232443439
0 11 5 6 0.0002947812232443439
1 11 5 7 0.0002947812232443439
0 10 6 6 -0.010201090798466836
1 10 6 7 -0.010201090798466836
0 11 7 6 -0.010201090798466836
1 11 7 7 -0.010201090798466836
0 0 2 8 0.0003101739937237165
1 0 2 9 0.0003101739937237165
0 1 3 8 0.0003101739937237165
1 1 3 9 0.0003101739937237165
0 0 8 8 0.010082309898113817
1 0 8 9 0.010082309898113817
0 1 9 8 0.010082309898113817
1 1 9 9 0.010082309898113817
0 2 0 8 0.00031017399372371655
1 2 0 9 0.00031017399372371655
0 3 1 8 0.00031017399372371655
1 3 1 9 0.00031017399372371655
0 2 10 8 0.0002947812227341869
1 2 10 9 0.0002947812227341869
0 3 11 8 0.0002947812227341869
1 3 11 9 0.0002947812227341869
0 8 0 8 0.010082309898113817
1 8 0 9 0.010082309898113817
0 9 1 8 0.010082309898113817
1 9 1 9 0.010082309898113817
0 8 10 8 -0.010201090798458596
1 8 10 9 -0.010201090798458596
0 9 11 8 -0.010201090798458596
1 9 11 9 -0.010201090798458596
0 10 2 8 0.0002947812227341869
1 10 2 9 0.0002947812227341869
0 11 3 8 0.0002947812227341869
1 11 3 9 0.0002947812227341869
0 10 8 8 -0.010201090798458597
1 10 8 9 -0.010201090798458597
0 11 9 8 -0.010201090798458597
1 11 9 9 -0.010201090798458597
0 0 0 10 8.076660956701787e-08
1 0 0 11 8.076660956701787e-08
0 1 1 10 8.076660956701787e-08
1 1 1 11 8.076660956701787e-08
0 0 10 10 0.1283448832607248
1 0 10 11 0.1283448832607248
0 1 11 10 0.1283448832607248
1 1 11 11 0.1283448832607248
0 2 2 10 0.11185637929464029
1 2 2 11 0.11185637929464029
0 3 3 10 0.11185637929464029
1 3 3 11 0.11185637929464029
0 4 4 10 0.11185637929464029
1 4 4 11 0.11185637929464029
0 5 5 10 0.11185637929464029
1 5 5 11 0.11185637929464029
0 6 6 10 -0.11185638452947759
1 6 6 11 -0.11185638452947759
0 7 7 10 -0.11185638452947759
1 7 7 11 -0.11185638452947759
0 8 8 10 -0.11185638452938723
1 8 8 11 -0.11185638452938723
0 9 9 10 -0.11185638452938723
1 9 9 11 -0.11185638452938723
0 10 0 10 0.12834488326072477
1 10 0 11 0.12834488326072477
0 11 1 10 0.12834488326072477
1 11 1 11 0.12834488326072477
0 10 10 10 -7.977814098225622e-08
1 10 10 11 -7.977814098225622e-08
0 11 11 10 -7.977814098225622e-08
1 11 11 11 -7.977814098225622e-08
2 0 2 0 0.010082323599618208
3 0 2 1 0.010082323599618208
2 1 3 0 0.010082323599618208
3 1 3 1 0.010082323599618208
2 0 8 0 0.0003101739937237164
3 0 8 1 0.0003101739937237164
2 1 9 0 0.0003101739937237164
3 1 9 1 0.0003101739937237164
2 2 0 0 0.01008232359961821
3 2 0 1 0.01008232359961821
2 3 1 0 0.01008232359961821
3 3 1 1 0.01008232359961821
2 2 10 0 0.010201090953875686
3 2 10 1 0.010201090953875686
2 3 11 0 0.010201090953875686
3 3 11 1 0.010201090953875686
2 8 0 0 0.00031017399372371645
3 8 0 1 0.00031017399372371645
2 9 1 0 0.00031017399372371645
3 9 1 1 0.00031017399372371645
2 8 10 0 -0.0002947818704770998
3 8 10 1 -0.0002947818704770998
2 9 11 0 -0.0002947818704770998
3 9 11 1 -0.0002947818704770998
2 10 2 0 0.010201090953875684
3 10 2 1 0.010201090953875684
2 11 3 0 0.010201090953875684
3 11 3 1 0.010201090953875684
2 10 8 0 -0.00029478187047709983
3 10 8 1 -0.00029478187047709983
2 11 9 0 -0.00029478187047709983
3 11 9 1 -0.00029478187047709983
2 0 0 2 0.22625092102111663
3 0 0 3 0.22625092102111663
2 1 1 2 0.22625092102111663
3 1 1 3 0.22625092102111663
2 0 10 2 0.11185637929464019
3 0 10 3 0.11185637929464019
2 1 11 2 0.11185637929464019
3 1 11 3 0.11185637929464019
2 2 2 2 0.38146211594974383
3 2 2 3 0.38146211594974383
2 3 3 2 0.38146211594974383
3 3 3 3 0.38146211594974383
2 2 8 2 -0.0007586040845695735
3 2 8 3 -0.0007586040845695735
2 3 9 2 -0.0007586040845695735
3 3 9 3 -0.0007586040845695735
2 4 4 2 0.34033253786115775
3 4 4 3 0.34033253786115775
2 5 5 2 0.34033253786115775
3 5 5 3 0.34033253786115775
2 4 6 2 -0.0005811767214546772
3 4 6 3 -0.0005811767214546772
2 5 7 2 -0.0005811767214546772
3 5 7 3 -0.0005811767214546772
2 6 4 2 -0.0005811767214546773
3 6 4 3 -0.0005811767214546773
2 7 5 2 -0.0005811767214546773
3 7 5 3 -0.0005811767214546773
2 6 6 2 0.11036043423722118
3 6 6 3 0.11036043423722118
2 7 7 2 0.11036043423722118
3 7 7 3 0.11036043423722118
2 8 2 2 -0.0007586040845695737
3 8 2 3 -0.0007586040845695737
2 9 3 2 -0.0007586040845695737
3 9 3 3 -0.0007586040845695737
2 8 8 2 0.11066017872348183
3 8 8 3 0.11066017872348183
2 9 9 2 0.11066017872348183
3 9 9 3 0.11066017872348183
2 10 0 2 0.1118563792946402
3 10 0 3 0.1118563792946402
2 11 1 2 0.1118563792946402
3 11 1 3 0.1118563792946402
2 10 10 2 0.2323149425955857
3 10 10 3 0.2323149425955857
2 11 11 2 0.2323149425955857
3 11 11 3 0.2323149425955857
2 2 4 4 0.020564788786047478
3 2 4 5 0.020564788786047478
2 3 5 4 0.020564788786047478
3 3 5 5 0.020564788786047478
2 2 6 4 -8.871341576373628e-05
3 2 6 5 -8.871341576373628e-05
2 3 7 4 -8.871341576373628e-05
3 3 7 5 -8.871341576373628e-05
2 4 2 4 0.020564788786047478
3 4 2 5 0.020564788786047478
2 5 3 4 0.020564788786047478
3 5 3 5 0.020564788786047478
2 4 8 4 -8.871341679190633e-05
3 4 8 5 -8.871341679190633e-05
2 5 9 4 -8.871341679190633e-05
3 5 9 5 -8.871341679190633e-05
2 6 2 4 -8.871341576373627e-05
3 6 2 5 -8.871341576373627e-05
2 7 3 4 -8.871341576373627e-05
3 7 3 5 -8.871341576373627e-05
2 6 8 4 0.00014987223496117013
3 6 8 5 0.00014987223496117013
2 7 9 4 0.00014987223496117013
3 7 9 5 0.00014987223496117013
2 8 4 4 -8.871341679190633e-05
3 8 4 5 -8.871341679190633e-05
2 9 5 4 -8.871341679190633e-05
3 9 5 5 -8.871341679190633e-05
2 8 6 4 0.00014987223496117013
3 8 6 5 0.00014987223496117013
2 9 7 4 0.00014987223496117013
3 9 7 5 0.00014987223496117013
2 2 4 6 -8.871341576373627e-05
3 2 4 7 -8.871341576373627e-05
2 3 5 6 -8.871341576373627e-05
3 3 5 7 -8.871341576373627e-05
2 2 6 6 3.5000299623922944e-06
3 2 6 7 3.5000299623922944e-06
2 3 7 6 3.5000299623922944e-06
3 3 7 7 3.5000299623922944e-06
2 4 2 6 -8.871341576373627e-05
3 4 2 7 -8.871341576373627e-05
2 5 3 6 -8.871341576373627e-05
3 5 3 7 -8.871341576373627e-05
2 4 8 6 3.5000299668264077e-06
3 4 8 7 3.5000299668264077e-06
2 5 9 6 3.5000299668264077e-06
3 5 9 7 3.5000299668264077e-06
2 6 2 6 3.500029962392295e-06
3 6 2 7 3.500029962392295e-06
2 7 3 6 3.500029962392295e-06
3 7 3 7 3.500029962392295e-06
2 6 8 6 -8.871341576387544e-05
3 6 8 7 -8.871341576387544e-05
2 7 9 6 -8.871341576387544e-05
3 7 9 7 -8.871341576387544e-05
2 8 4 6 3.5000299668264073e-06
3 8 4 7 3.5000299668264073e-06
2 9 5 6 3.5000299668264073e-06
3 9 5 7 3.5000299668264073e-06
2 8 6 6 -8.871341576387544e-05
3 8 6 7 -8.871341576387544e-05
2 9 7 6 -8.871341576387544e-05
3 9 7 7 -8.871341576387544e-05
2 0 0 8 -0.00036086525077520804
3 0 0 9 -0.00036086525077520804
2 1 1 8 -0.00036086525077520804
3 1 1 9 -0.00036086525077520804
2 2 2 8 -0.0007586040845695735
3 2 2 9 -0.0007586040845695735
2 3 3 8 -0.0007586040845695735
3 3 3 9 -0.0007586040845695735
2 2 8 8 2.5504676163844044e-05
3 2 8 9 2.5504676163844044e-05
2 3 9 8 2.5504676163844044e-05
3 3 9 9 2.5504676163844044e-05
2 4 4 8 -0.0005811767384705143
3 4 4 9 -0.0005811767384705143
2 5 5 8 -0.0005811767384705143
3 5 5 9 -0.0005811767384705143
2 4 6 8 1.8504099701134272e-05
3 4 6 9 1.8504099701134272e-05
2 5 7 8 1.8504099701134272e-05
3 5 7 9 1.8504099701134272e-05
2 6 4 8 1.8504099701134275e-05
3 6 4 9 1.8504099701134275e-05
2 7 5 8 1.8504099701134275e-05
3 7 5 9 1.8504099701134275e-05
2 6 6 8 -0.0005811767269722841
3 6 6 9 -0.0005811767269722841
2 7 7 8 -0.0005811767269722841
3 7 7 9 -0.0005811767269722841
2 8 2 8 2.5504676163844044e-05
3 8 2 9 2.5504676163844044e-05
2 9 3 8 2.5504676163844044e-05
3 9 3 9 2.5504676163844044e-05
2 8 8 8 -0.0007586040710318561
3 8 8 9 -0.0007586040710318561
2 9 9 8 -0.0007586040710318561
3 9 9 9 -0.0007586040710318561
2 10 10 8 -0.00045671294716159976
3 10 10 9 -0.00045671294716159976
2 11 11 8 -0.00045671294716159976
3 11 11 9 -0.00045671294716159976
2 0 2 10 0.010201090953875686
3 0 2 11 0.010201090953875686
2 1 3 10 0.010201090953875686
3 1 3 11 0.010201090953875686
2 0 8 10 0.0002947812227341868
3 0 8 11 0.0002947812227341868
2 1 9 10 0.0002947812227341868
3 1 9 11 0.0002947812227341868
2 2 0 10 0.010201090953875686
3 2 0 11 0.010201090953875686
2 3 1 10 0.010201090953875686
3 3 1 11 0.010201090953875686
2 2 10 10 0.010868527383461153
3 2 10 11 0.010868527383461153
2 3 11 10 0.010868527383461153
3 3 11 11 0.010868527383461153
2 8 0 10 0.000294781222734187
3 8 0 11 0.000294781222734187
2 9 1 10 0.000294781222734187
3 9 1 11 0.000294781222734187
2 8 10 10 -0.00025211848267063096
3 8 10 11 -0.00025211848267063096
2 9 11 10 -0.00025211848267063096
3 9 11 11 -0.00025211848267063096
2 10 2 10 0.010868527383461153
3 10 2 11 0.010868527383461153
2 11 3 10 0.010868527383461153
3 11 3 11 0.010868527383461153
2 10 8 10 -0.00025211848267063096
3 10 8 11 -0.00025211848267063096
2 11 9 10 -0.00025211848267063096
3 11 9 11 -0.00025211848267063096
4 0 4 0 0.010082323599618208
5 0 4 1 0.010082323599618208
4 1 5 0 0.010082323599618208
5 1 5 1 0.010082323599618208
4 0 6 0 0.0003101739942279415
5 0 6 1 0.0003101739942279415
4 1 7 0 0.0003101739942279415
5 1 7 1 0.0003101739942279415
4 4 0 0 0.01008232359961821
5 4 0 1 0.01008232359961821
4 5 1 0 0.01008232359961821
5 5 1 1 0.01008232359961821
4 4 10 0 0.010201090953875686
5 4 10 1 0.010201090953875686
4 5 11 0 0.010201090953875686
5 5 11 1 0.010201090953875686
4 6 0 0 0.0003101739942279415
5 6 0 1 0.0003101739942279415
4 7 1 0 0.0003101739942279415
5 7 1 1 0.0003101739942279415
4 6 10 0 -0.00029478186996718096
5 6 10 1 -0.00029478186996718096
4 7 11 0 -0.00029478186996718096
5 7 11 1 -0.00029478186996718096
4 10 4 0 0.010201090953875684
5 10 4 1 0.010201090953875684
4 11 5 0 0.010201090953875684
5 11 5 1 0.010201090953875684
4 10 6 0 -0.00029478186996718096
5 10 6 1 -0.00029478186996718096
4 11 7 0 -0.00029478186996718096
5 11 7 1 -0.00029478186996718096
4 2 4 2 0.020564788786047478
5 2 4 3 0.020564788786047478
4 3 5 2 0.020564788786047478
5 3 5 3 0.020564788786047478
4 2 6 2 -8.871341576373628e-05
5 2 6 3 -8.871341576373628e-05
4 3 7 2 -8.871341576373628e-05
5 3 7 3 -8.871341576373628e-05
4 4 2 2 0.020564788786047478
5 4 2 3 0.020564788786047478
4 5 3 2 0.020564788786047478
5 5 3 3 0.020564788786047478
4 4 8 2 -8.871341679190633e-05
5 4 8 3 -8.871341679190633e-05
4 5 9 2 -8.871341679190633e-05
5 5 9 3 -8.871341679190633e-05
4 6 2 2 -8.871341576373627e-05
5 6 2 3 -8.871341576373627e-05
4 7 3 2 -8.871341576373627e-05
5 7 3 3 -8.871341576373627e-05
4 6 8 2 0.00014987223496117013
5 6 8 3 0.00014987223496117013
4 7 9 2 0.00014987223496117013
5 7 9 3 0.00014987223496117013
4 8 4 2 -8.871341679190633e-05
5 8 4 3 -8.871341679190633e-05
4 9 5 2 -8.871341679190633e-05
5 9 5 3 -8.871341679190633e-05
4 8 6 2 0.00014987223496117013
5 8 6 3 0.00014987223496117013
4 9 7 2 0.00014987223496117013
5 9 7 3 0.00014987223496117013
4 0 0 4 0.22625092102111663
5 0 0 5 0.22625092102111663
4 1 1 4 0.22625092102111663
5 1 1 5 0.22625092102111663
4 0 10 4 0.11185637929464019
5 0 10 5 0.11185637929464019
4 1 11 4 0.11185637929464019
5 1 11 5 0.11185637929464019
4 2 2 4 0.34033253786115775
5 2 2 5 0.34033253786115775
4 3 3 4 0.34033253786115775
5 3 3 5 0.34033253786115775
4 2 8 4 -0.0005811767384705138
5 2 8 5 -0.0005811767384705138
4 3 9 4 -0.0005811767384705138
5 3 9 5 -0.0005811767384705138
4 4 4 4 0.38146211594974383
5 4 4 5 0.38146211594974383
4 5 5 4 0.38146211594974383
5 5 5 5 0.38146211594974383
4 4 6 4 -0.0007586040654973969
5 4 6 5 -0.0007586040654973969
4 5 7 4 -0.0007586040654973969
5 5 7 5 -0.0007586040654973969
4 6 4 4 -0.0007586040654973969
5 6 4 5 -0.0007586040654973969
4 7 5 4 -0.0007586040654973969
5 7 5 5 -0.0007586040654973969
4 6 6 4 0.11066017872349536
5 6 6 5 0.11066017872349536
4 7 7 4 0.11066017872349536
5 7 7 5 0.11066017872349536
4 8 2 4 -0.000581176738470514
5 8 2 5 -0.000581176738470514
4 9 3 4 -0.000581176738470514
5 9 3 5 -0.000581176738470514
4 8 8 4 0.11036043423719015
5 8 8 5 0.11036043423719015
4 9 9 4 0.11036043423719015
5 9 9 5 0.11036043423719015
4 10 0 4 0.1118563792946402
5 10 0 5 0.1118563792946402
4 11 1 4 0.1118563792946402
5 11 1 5 0.1118563792946402
4 10 10 4 0.2323149425955857
5 10 10 5 0.2323149425955857
4 11 11 4 0.2323149425955857
5 11 11 5 0.2323149425955857
4 0 0 6 -0.0003608652394631773
5 0 0 7 -0.0003608652394631773
4 1 1 6 -0.0003608652394631773
5 1 1 7 -0.0003608652394631773
4 2 2 6 -0.0005811767214546778
5 2 2 7 -0.0005811767214546778
4 3 3 6 -0.0005811767214546778
5 3 3 7 -0.0005811767214546778
4 2 8 6 1.8504099701134275e-05
5 2 8 7 1.8504099701134275e-05
4 3 9 6 1.8504099701134275e-05
5 3 9 7 1.8504099701134275e-05
4 4 4 6 -0.0007586040654973971
5 4 4 7 -0.0007586040654973971
4 5 5 6 -0.0007586040654973971
5 5 5 7 -0.0007586040654973971
4 4 6 6 2.550467608800671e-05
5 4 6 7 2.550467608800671e-05
4 5 7 6 2.550467608800671e-05
5 5 7 7 2.550467608800671e-05
4 6 4 6 2.550467608800671e-05
5 6 4 7 2.550467608800671e-05
4 7 5 6 2.550467608800671e-05
5 7 5 7 2.550467608800671e-05
4 6 6 6 -0.000758604065497397
5 6 6 7 -0.000758604065497397
4 7 7 6 -0.000758604065497397
5 7 7 7 -0.000758604065497397
4 8 2 6 1.8504099701134272e-05
5 8 2 7 1.8504099701134272e-05
4 9 3 6 1.8504099701134272e-05
5 9 3 7 1.8504099701134272e-05
4 8 8 6 -0.0005811767214560577
5 8 8 7 -0.0005811767214560577
4 9 9 6 -0.0005811767214560577
5 9 9 7 -0.0005811767214560577
4 10 10 6 -0.00045671293554641634
5 10 10 7 -0.00045671293554641634
4 11 11 6 -0.00045671293554641634
5 11 11 7 -0.00045671293554641634
4 2 4 8 -8.871341679190633e-05
5 2 4 9 -8.871341679190633e-05
4 3 5 8 -8.871341679190633e-05
5 3 5 9 -8.871341679190633e-05
4 2 6 8 3.500029966826407e-06
5 2 6 9 3.500029966826407e-06
4 3 7 8 3.500029966826407e-06
5 3 7 9 3.500029966826407e-06
4 4 2 8 -8.871341679190633e-05
5 4 2 9 -8.871341679190633e-05
4 5 3 8 -8.871341679190633e-05
5 5 3 9 -8.871341679190633e-05
4 4 8 8 3.5000299712605197e-06
5 4 8 9 3.5000299712605197e-06
4 5 9 8 3.5000299712605197e-06
5 5 9 9 3.5000299712605197e-06
4 6 2 8 3.500029966826407e-06
5 6 2 9 3.500029966826407e-06
4 7 3 8 3.500029966826407e-06
5 7 3 9 3.500029966826407e-06
4 6 8 8 -8.871341577133296e-05
5 6 8 9 -8.871341577133296e-05
4 7 9 8 -8.871341577133296e-05
5 7 9 9 -8.871341577133296e-05
4 8 4 8 3.500029971260519e-06
5 8 4 9 3.500029971260519e-06
4 9 5 8 3.500029971260519e-06
5 9 5 9 3.500029971260519e-06
4 8 6 8 -8.871341577133296e-05
5 8 6 9 -8.871341577133296e-05
4 9 7 8 -8.871341577133296e-05
5 9 7 9 -8.871341577133296e-05
4 0 4 10 0.010201090953875686
5 0 4 11 0.010201090953875686
4 1 5 10 0.010201090953875686
5 1 5 11 0.010201090953875686
4 0 6 10 0.0002947812232443439
5 0 6 11 0.0002947812232443439
4 1 7 10 0.0002947812232443439
5 1 7 11 0.0002947812232443439
4 4 0 10 0.010201090953875686
5 4 0 11 0.010201090953875686
4 5 1 10 0.010201090953875686
5 5 1 11 0.010201090953875686
4 4 10 10 0.010868527383461153
5 4 10 11 0.010868527383461153
4 5 11 10 0.010868527383461153
5 5 11 11 0.010868527383461153
4 6 0 10 0.00029478122324434395
5 6 0 11 0.00029478122324434395
4 7 1 10 0.00029478122324434395
5 7 1 11 0.00029478122324434395
4 6 10 10 -0.00025211848212732424
5 6 10 11 -0.00025211848212732424
4 7 11 10 -0.00025211848212732424
5 7 11 11 -0.00025211848212732424
4 10 4 10 0.010868527383461153
5 10 4 11 0.010868527383461153
4 11 5 10 0.010868527383461153
5 11 5 11 0.010868527383461153
4 10 6 10 -0.0002521184821273242
5 10 6 11 -0.0002521184821273242
4 11 7 10 -0.0002521184821273242
5 11 7 11 -0.0002521184821273242
6 0 4 0 0.0003101739942279415
7 0 4 1 0.0003101739942279415
6 1 5 0 0.0003101739942279415
7 1 5 1 0.0003101739942279415
6 0 6 0 0.010082309898152978
7 0 6 1 0.010082309898152978
6 1 7 0 0.010082309898152978
7 1 7 1 0.010082309898152978
6 4 0 0 0.0003101739942279416
7 4 0 1 0.0003101739942279416
6 5 1 0 0.0003101739942279416
7 5 1 1 0.0003101739942279416
6 4 10 0 0.00029478122324434384
7 4 10 1 0.00029478122324434384
6 5 11 0 0.00029478122324434384
7 5 11 1 0.00029478122324434384
6 6 0 0 0.01008230989815298
7 6 0 1 0.01008230989815298
6 7 1 0 0.01008230989815298
7 7 1 1 0.01008230989815298
6 6 10 0 -0.010201090798466834
7 6 10 1 -0.010201090798466834
6 7 11 0 -0.010201090798466834
7 7 11 1 -0.010201090798466834
6 10 4 0 0.00029478122324434395
7 10 4 1 0.00029478122324434395
6 11 5 0 0.00029478122324434395
7 11 5 1 0.00029478122324434395
6 10 6 0 -0.010201090798466834
7 10 6 1 -0.010201090798466834
6 11 7 0 -0.010201090798466834
7 11 7 1 -0.010201090798466834
6 2 4 2 -8.871341576373628e-05
7 2 4 3 -8.871341576373628e-05
6 3 5 2 -8.871341576373628e-05
7 3 5 3 -8.871341576373628e-05
6 2 6 2 3.500029962392295e-06
7 2 6 3 3.500029962392295e-06
6 3 7 2 3.500029962392295e-06
7 3 7 3 3.500029962392295e-06
6 4 2 2 -8.871341576373628e-05
7 4 2 3 -8.871341576373628e-05
6 5 3 2 -8.871341576373628e-05
7 5 3 3 -8.871341576373628e-05
6 4 8 2 3.5000299668264077e-06
7 4 8 3 3.5000299668264077e-06
6 5 9 2 3.5000299668264077e-06
7 5 9 3 3.5000299668264077e-06
6 6 2 2 3.5000299623922944e-06
7 6 2 3 3.5000299623922944e-06
6 7 3 2 3.5000299623922944e-06
7 7 3 3 3.5000299623922944e-06
6 6 8 2 -8.871341576387545e-05
7 6 8 3 -8.871341576387545e-05
6 7 9 2 -8.871341576387545e-05
7 7 9 3 -8.871341576387545e-05
6 8 4 2 3.500029966826407e-06
7 8 4 3 3.500029966826407e-06
6 9 5 2 3.500029966826407e-06
7 9 5 3 3.500029966826407e-06
6 8 6 2 -8.871341576387545e-05
7 8 6 3 -8.871341576387545e-05
6 9 7 2 -8.871341576387545e-05
7 9 7 3 -8.871341576387545e-05
6 0 0 4 -0.0003608652394631771
7 0 0 5 -0.0003608652394631771
6 1 1 4 -0.0003608652394631771
7 1 1 5 -0.0003608652394631771
6 2 2 4 -0.0005811767214546778
7 2 2 5 -0.0005811767214546778
6 3 3 4 -0.0005811767214546778
7 3 3 5 -0.0005811767214546778
6 2 8 4 1.8504099701134275e-05
7 2 8 5 1.8504099701134275e-05
6 3 9 4 1.8504099701134275e-05
7 3 9 5 1.8504099701134275e-05
6 4 4 4 -0.000758604065497397
7 4 4 5 -0.000758604065497397
6 5 5 4 -0.000758604065497397
7 5 5 5 -0.000758604065497397
6 4 6 4 2.550467608800671e-05
7 4 6 5 2.550467608800671e-05
6 5 7 4 2.550467608800671e-05
7 5 7 5 2.550467608800671e-05
6 6 4 4 2.550467608800671e-05
7 6 4 5 2.550467608800671e-05
6 7 5 4 2.550467608800671e-05
7 7 5 5 2.550467608800671e-05
6 6 6 4 -0.0007586040654973971
7 6 6 5 -0.0007586040654973971
6 7 7 4 -0.0007586040654973971
7 7 7 5 -0.0007586040654973971
6 8 2 4 1.8504099701134275e-05
7 8 2 5 1.8504099701134275e-05
6 9 3 4 1.8504099701134275e-05
7 9 3 5 1.8504099701134275e-05
6 8 8 4 -0.0005811767214560581
7 8 8 5 -0.0005811767214560581
6 9 9 4 -0.0005811767214560581
7 9 9 5 -0.0005811767214560581
6 10 10 4 -0.00045671293554641655
7 10 10 5 -0.00045671293554641655
6 11 11 4 -0.00045671293554641655
7 11 11 5 -0.00045671293554641655
6 0 0 6 0.2262507733425951
7 0 0 7 0.2262507733425951
6 1 1 6 0.2262507733425951
7 1 1 7 0.2262507733425951
6 0 10 6 -0.11185638452947762
7 0 10 7 -0.11185638452947762
6 1 11 6 -0.11185638452947762
7 1 11 7 -0.11185638452947762
6 2 2 6 0.11036043423722118
7 2 2 7 0.11036043423722118
6 3 3 6 0.11036043423722118
7 3 3 7 0.11036043423722118
6 2 8 6 -0.0005811767269722844
7 2 8 7 -0.0005811767269722844
6 3 9 6 -0.0005811767269722844
7 3 9 7 -0.0005811767269722844
6 4 4 6 0.11066017872349536
7 4 4 7 0.11066017872349536
6 5 5 6 0.11066017872349536
7 5 5 7 0.11066017872349536
6 4 6 6 -0.0007586040654973969
7 4 6 7 -0.0007586040654973969
6 5 7 6 -0.0007586040654973969
7 5 7 7 -0.0007586040654973969
6 6 4 6 -0.0007586040654973969
7 6 4 7 -0.0007586040654973969
6 7 5 6 -0.0007586040654973969
7 7 5 7 -0.0007586040654973969
6 6 6 6 0.38146211594974383
7 6 6 7 0.38146211594974383
6 7 7 6 0.38146211594974383
7 7 7 7 0.38146211594974383
6 8 2 6 -0.000581176726972284
7 8 2 7 -0.000581176726972284
6 9 3 6 -0.000581176726972284
7 9 3 7 -0.000581176726972284
6 8 8 6 0.3403325378609409
7 8 8 7 0.3403325378609409
6 9 9 6 0.3403325378609409
7 9 9 7 0.3403325378609409
6 10 0 6 -0.11185638452947756
7 10 0 7 -0.11185638452947756
6 11 1 6 -0.11185638452947756
7 11 1 7 -0.11185638452947756
6 10 10 6 0.23231507529354303
7 10 10 7 0.23231507529354303
6 11 11 6 0.23231507529354303
7 11 11 7 0.23231507529354303
6 2 4 8 0.0001498722349611701
7 2 4 9 0.0001498722349611701
6 3 5 8 0.0001498722349611701
7 3 5 9 0.0001498722349611701
6 2 6 8 -8.871341576387544e-05
7 2 6 9 -8.871341576387544e-05
6 3 7 8 -8.871341576387544e-05
7 3 7 9 -8.871341576387544e-05
6 4 2 8 0.0001498722349611701
7 4 2 9 0.0001498722349611701
6 5 3 8 0.0001498722349611701
7 5 3 9 0.0001498722349611701
6 4 8 8 -8.871341577133297e-05
7 4 8 9 -8.871341577133297e-05
6 5 9 8 -8.871341577133297e-05
7 5 9 9 -8.871341577133297e-05
6 6 2 8 -8.871341576387545e-05
7 6 2 9 -8.871341576387545e-05
6 7 3 8 -8.871341576387545e-05
7 7 3 9 -8.871341576387545e-05
6 6 8 8 0.020564788786039734
7 6 8 9 0.020564788786039734
6 7 9 8 0.020564788786039734
7 7 9 9 0.020564788786039734
6 8 4 8 -8.871341577133299e-05
7 8 4 9 -8.871341577133299e-05
6 9 5 8 -8.871341577133299e-05
7 9 5 9 -8.871341577133299e-05
6 8 6 8 0.020564788786039734
7 8 6 9 0.020564788786039734
6 9 7 8 0.020564788786039734
7 9 7 9 0.020564788786039734
6 0 4 10 -0.00029478186996718096
7 0 4 11 -0.00029478186996718096
6 1 5 10 -0.00029478186996718096
7 1 5 11 -0.00029478186996718096
6 0 6 10 -0.010201090798466837
7 0 6 11 -0.010201090798466837
6 1 7 10 -0.010201090798466837
7 1 7 11 -0.010201090798466837
6 4 0 10 -0.00029478186996718107
7 4 0 11 -0.00029478186996718107
6 5 1 10 -0.00029478186996718107
7 5 1 11 -0.00029478186996718107
6 4 10 10 -0.00025211848212732414
7 4 10 11 -0.00025211848212732414
6 5 11 10 -0.00025211848212732414
7 5 11 11 -0.00025211848212732414
6 6 0 10 -0.010201090798466837
7 6 0 11 -0.010201090798466837
6 7 1 10 -0.010201090798466837
7 7 1 11 -0.010201090798466837
6 6 10 10 0.010868542371772672
7 6 10 11 0.010868542371772672
6 7 11 10 0.010868542371772672
7 7 11 11 0.010868542371772672
6 10 4 10 -0.00025211848212732424
7 10 4 11 -0.00025211848212732424
6 11 5 10 -0.00025211848212732424
7 11 5 11 -0.00025211848212732424
6 10 6 10 0.010868542371772672
7 10 6 11 0.010868542371772672
6 11 7 10 0.010868542371772672
7 11 7 11 0.010868542371772672
8 0 2 0 0.0003101739937237165
9 0 2 1 0.0003101739937237165
8 1 3 0 0.0003101739937237165
9 1 3 1 0.0003101739937237165
8 0 8 0 0.010082309898113815
9 0 8 1 0.010082309898113815
8 1 9 0 0.010082309898113815
9 1 9 1 0.010082309898113815
8 2 0 0 0.00031017399372371655
9 2 0 1 0.00031017399372371655
8 3 1 0 0.00031017399372371655
9 3 1 1 0.00031017399372371655
8 2 10 0 0.00029478122273418687
9 2 10 1 0.00029478122273418687
8 3 11 0 0.00029478122273418687
9 3 11 1 0.00029478122273418687
8 8 0 0 0.010082309898113817
9 8 0 1 0.010082309898113817
8 9 1 0 0.010082309898113817
9 9 1 1 0.010082309898113817
8 8 10 0 -0.010201090798458597
9 8 10 1 -0.010201090798458597
8 9 11 0 -0.010201090798458597
9 9 11 1 -0.010201090798458597
8 10 2 0 0.0002947812227341869
9 10 2 1 0.0002947812227341869
8 11 3 0 0.0002947812227341869
9 11 3 1 0.0002947812227341869
8 10 8 0 -0.010201090798458597
9 10 8 1 -0.010201090798458597
8 11 9 0 -0.010201090798458597
9 11 9 1 -0.010201090798458597
8 0 0 2 -0.00036086525077520804
9 0 0 3 -0.00036086525077520804
8 1 1 2 -0.00036086525077520804
9 1 1 3 -0.00036086525077520804
8 2 2 2 -0.0007586040845695735
9 2 2 3 -0.0007586040845695735
8 3 3 2 -0.0007586040845695735
9 3 3 3 -0.0007586040845695735
8 2 8 2 2.5504676163844044e-05
9 2 8 3 2.5504676163844044e-05
8 3 9 2 2.5504676163844044e-05
9 3 9 3 2.5504676163844044e-05
8 4 4 2 -0.0005811767384705144
9 4 4 3 -0.0005811767384705144
8 5 5 2 -0.0005811767384705144
9 5 5 3 -0.0005811767384705144
8 4 6 2 1.8504099701134275e-05
9 4 6 3 1.8504099701134275e-05
8 5 7 2 1.8504099701134275e-05
9 5 7 3 1.8504099701134275e-05
8 6 4 2 1.8504099701134272e-05
9 6 4 3 1.8504099701134272e-05
8 7 5 2 1.8504099701134272e-05
9 7 5 3 1.8504099701134272e-05
8 6 6 2 -0.0005811767269722845
9 6 6 3 -0.0005811767269722845
8 7 7 2 -0.0005811767269722845
9 7 7 3 -0.0005811767269722845
8 8 2 2 2.5504676163844044e-05
9 8 2 3 2.5504676163844044e-05
8 9 3 2 2.5504676163844044e-05
9 9 3 3 2.5504676163844044e-05
8 8 8 2 -0.0007586040710318567
9 8 8 3 -0.0007586040710318567
8 9 9 2 -0.0007586040710318567
9 9 9 3 -0.0007586040710318567
8 10 10 2 -0.0004567129471616
9 10 10 3 -0.0004567129471616
8 11 11 2 -0.0004567129471616
9 11 11 3 -0.0004567129471616
8 2 4 4 -8.871341679190632e-05
9 2 4 5 -8.871341679190632e-05
8 3 5 4 -8.871341679190632e-05
9 3 5 5 -8.871341679190632e-05
8 2 6 4 3.500029966826407e-06
9 2 6 5 3.500029966826407e-06
8 3 7 4 3.500029966826407e-06
9 3 7 5 3.500029966826407e-06
8 4 2 4 -8.871341679190632e-05
9 4 2 5 -8.871341679190632e-05
8 5 3 4 -8.871341679190632e-05
9 5 3 5 -8.871341679190632e-05
8 4 8 4 3.5000299712605197e-06
9 4 8 5 3.5000299712605197e-06
8 5 9 4 3.5000299712605197e-06
9 5 9 5 3.5000299712605197e-06
8 6 2 4 3.500029966826407e-06
9 6 2 5 3.500029966826407e-06
8 7 3 4 3.500029966826407e-06
9 7 3 5 3.500029966826407e-06
8 6 8 4 -8.871341577133299e-05
9 6 8 5 -8.871341577133299e-05
8 7 9 4 -8.871341577133299e-05
9 7 9 5 -8.871341577133299e-05
8 8 4 4 3.5000299712605193e-06
9 8 4 5 3.5000299712605193e-06
8 9 5 4 3.5000299712605193e-06
9 9 5 5 3.5000299712605193e-06
8 8 6 4 -8.871341577133299e-05
9 8 6 5 -8.871341577133299e-05
8 9 7 4 -8.871341577133299e-05
9 9 7 5 -8.871341577133299e-05
8 2 4 6 0.00014987223496117013
9 2 4 7 0.00014987223496117013
8 3 5 6 0.00014987223496117013
9 3 5 7 0.00014987223496117013
8 2 6 6 -8.871341576387544e-05
9 2 6 7 -8.871341576387544e-05
8 3 7 6 -8.871341576387544e-05
9 3 7 7 -8.871341576387544e-05
8 4 2 6 0.00014987223496117013
9 4 2 7 0.00014987223496117013
8 5 3 6 0.00014987223496117013
9 5 3 7 0.00014987223496117013
8 4 8 6 -8.871341577133297e-05
9 4 8 7 -8.871341577133297e-05
8 5 9 6 -8.871341577133297e-05
9 5 9 7 -8.871341577133297e-05
8 6 2 6 -8.871341576387545e-05
9 6 2 7 -8.871341576387545e-05
8 7 3 6 -8.871341576387545e-05
9 7 3 7 -8.871341576387545e-05
8 6 8 6 0.020564788786039734
9 6 8 7 0.020564788786039734
8 7 9 6 0.020564788786039734
9 7 9 7 0.020564788786039734
8 8 4 6 -8.871341577133299e-05
9 8 4 7 -8.871341577133299e-05
8 9 5 6 -8.871341577133299e-05
9 9 5 7 -8.871341577133299e-05
8 8 6 6 0.020564788786039734
9 8 6 7 0.020564788786039734
8 9 7 6 0.020564788786039734
9 9 7 7 0.020564788786039734
8 0 0 8 0.2262507733424484
9 0 0 9 0.2262507733424484
8 1 1 8 0.2262507733424484
9 1 1 9 0.2262507733424484
8 0 10 8 -0.11185638452938726
9 0 10 9 -0.11185638452938726
8 1 11 8 -0.11185638452938726
9 1 11 9 -0.11185638452938726
8 2 2 8 0.11066017872348181
9 2 2 9 0.11066017872348181
8 3 3 8 0.11066017872348181
9 3 3 9 0.11066017872348181
8 2 8 8 -0.000758604071031856
9 2 8 9 -0.000758604071031856
8 3 9 8 -0.000758604071031856
9 3 9 9 -0.000758604071031856
8 4 4 8 0.11036043423719014
9 4 4 9 0.11036043423719014
8 5 5 8 0.11036043423719014
9 5 5 9 0.11036043423719014
8 4 6 8 -0.0005811767214560582
9 4 6 9 -0.0005811767214560582
8 5 7 8 -0.0005811767214560582
9 5 7 9 -0.0005811767214560582
8 6 4 8 -0.0005811767214560581
9 6 4 9 -0.0005811767214560581
8 7 5 8 -0.0005811767214560581
9 7 5 9 -0.0005811767214560581
8 6 6 8 0.3403325378609409
9 6 6 9 0.3403325378609409
8 7 7 8 0.3403325378609409
9 7 7 9 0.3403325378609409
8 8 2 8 -0.0007586040710318564
9 8 2 9 -0.0007586040710318564
8 9 3 8 -0.0007586040710318564
9 9 3 9 -0.0007586040710318564
8 8 8 8 0.38146211594927915
9 8 8 9 0.38146211594927915
8 9 9 8 0.38146211594927915
9 9 9 9 0.38146211594927915
8 10 0 8 -0.1118563845293872
9 10 0 9 -0.1118563845293872
8 11 1 8 -0.1118563845293872
9 11 1 9 -0.1118563845293872
8 10 10 8 0.23231507529340104
9 10 10 9 0.23231507529340104
8 11 11 8 0.23231507529340104
9 11 11 9 0.23231507529340104
8 0 2 10 -0.0002947818704770998
9 0 2 11 -0.0002947818704770998
8 1 3 10 -0.0002947818704770998
9 1 3 11 -0.0002947818704770998
8 0 8 10 -0.010201090798458594
9 0 8 11 -0.010201090798458594
8 1 9 10 -0.010201090798458594
9 1 9 11 -0.010201090798458594
8 2 0 10 -0.0002947818704770999
9 2 0 11 -0.0002947818704770999
8 3 1 10 -0.0002947818704770999
9 3 1 11 -0.0002947818704770999
8 2 10 10 -0.00025211848267063096
9 2 10 11 -0.00025211848267063096
8 3 11 10 -0.00025211848267063096
9 3 11 11 -0.00025211848267063096
8 8 0 10 -0.010201090798458596
9 8 0 11 -0.010201090798458596
8 9 1 10 -0.010201090798458596
9 9 1 11 -0.010201090798458596
8 8 10 10 0.010868542371789103
9 8 10 11 0.010868542371789103
8 9 11 10 0.010868542371789103
9 9 11 11 0.010868542371789103
8 10 2 10 -0.00025211848267063107
9 10 2 11 -0.00025211848267063107
8 11 3 10 -0.00025211848267063107
9 11 3 11 -0.00025211848267063107
8 10 8 10 0.010868542371789105
9 10 8 11 0.010868542371789105
8 11 9 10 0.010868542371789105
9 11 9 11 0.010868542371789105
10 0 0 0 8.076660956701787e-08
11 0 0 1 8.076660956701787e-08
10 1 1 0 8.076660956701787e-08
11 1 1 1 8.076660956701787e-08
10 0 10 0 0.1283448832607248
11 0 10 1 0.1283448832607248
10 1 11 0 0.1283448832607248
11 1 11 1 0.1283448832607248
10 2 2 0 0.11185637929464023
11 2 2 1 0.11185637929464023
10 3 3 0 0.11185637929464023
11 3 3 1 0.11185637929464023
10 4 4 0 0.11185637929464023
11 4 4 1 0.11185637929464023
10 5 5 0 0.11185637929464023
11 5 5 1 0.11185637929464023
10 6 6 0 -0.11185638452947755
11 6 6 1 -0.11185638452947755
10 7 7 0 -0.11185638452947755
11 7 7 1 -0.11185638452947755
10 8 8 0 -0.11185638452938727
11 8 8 1 -0.11185638452938727
10 9 9 0 -0.11185638452938727
11 9 9 1 -0.11185638452938727
10 10 0 0 0.1283448832607248
11 10 0 1 0.1283448832607248
10 11 1 0 0.1283448832607248
11 11 1 1 0.1283448832607248
10 10 10 0 -7.97781410100118e-08
11 10 10 1 -7.97781410100118e-08
10 11 11 0 -7.97781410100118e-08
11 11 11 1 -7.97781410100118e-08
10 0 2 2 0.010201090953875686
11 0 2 3 0.010201090953875686
10 1 3 2 0.010201090953875686
11 1 3 3 0.010201090953875686
10 0 8 2 0.0002947812227341868
11 0 8 3 0.0002947812227341868
10 1 9 2 0.0002947812227341868
11 1 9 3 0.0002947812227341868
10 2 0 2 0.010201090953875686
11 2 0 3 0.010201090953875686
10 3 1 2 0.010201090953875686
11 3 1 3 0.010201090953875686
10 2 10 2 0.010868527383461153
11 2 10 3 0.010868527383461153
10 3 11 2 0.010868527383461153
11 3 11 3 0.010868527383461153
10 8 0 2 0.000294781222734187
11 8 0 3 0.000294781222734187
10 9 1 2 0.000294781222734187
11 9 1 3 0.000294781222734187
10 8 10 2 -0.00025211848267063096
11 8 10 3 -0.00025211848267063096
10 9 11 2 -0.00025211848267063096
11 9 11 3 -0.00025211848267063096
10 10 2 2 0.010868527383461151
11 10 2 3 0.010868527383461151
10 11 3 2 0.010868527383461151
11 11 3 3 0.010868527383461151
10 10 8 2 -0.00025211848267063096
11 10 8 3 -0.00025211848267063096
10 11 9 2 -0.00025211848267063096
11 11 9 3 -0.00025211848267063096
10 0 4 4 0.010201090953875686
11 0 4 5 0.010201090953875686
10 1 5 4 0.010201090953875686
11 1 5 5 0.010201090953875686
10 0 6 4 0.00029478122324434384
11 0 6 5 0.00029478122324434384
10 1 7 4 0.00029478122324434384
11 1 7 5 0.00029478122324434384
10 4 0 4 0.010201090953875686
11 4 0 5 0.010201090953875686
10 5 1 4 0.010201090953875686
11 5 1 5 0.010201090953875686
10 4 10 4 0.010868527383461153
11 4 10 5 0.010868527383461153
10 5 11 4 0.010868527383461153
11 5 11 5 0.010868527383461153
10 6 0 4 0.00029478122324434395
11 6 0 5 0.00029478122324434395
10 7 1 4 0.00029478122324434395
11 7 1 5 0.00029478122324434395
10 6 10 4 -0.0002521184821273243
11 6 10 5 -0.0002521184821273243
10 7 11 4 -0.0002521184821273243
11 7 11 5 -0.0002521184821273243
10 10 4 4 0.010868527383461151
11 10 4 5 0.010868527383461151
10 11 5 4 0.010868527383461151
11 11 5 5 0.010868527383461151
10 10 6 4 -0.00025211848212732424
11 10 6 5 -0.00025211848212732424
10 11 7 4 -0.00025211848212732424
11 11 7 5 -0.00025211848212732424
10 0 4 6 -0.00029478186996718107
11 0 4 7 -0.00029478186996718107
10 1 5 6 -0.00029478186996718107
11 1 5 7 -0.00029478186996718107
10 0 6 6 -0.010201090798466836
11 0 6 7 -0.010201090798466836
10 1 7 6 -0.010201090798466836
11 1 7 7 -0.010201090798466836
10 4 0 6 -0.0002947818699671811
11 4 0 7 -0.0002947818699671811
10 5 1 6 -0.0002947818699671811
11 5 1 7 -0.0002947818699671811
10 4 10 6 -0.0002521184821273242
11 4 10 7 -0.0002521184821273242
10 5 11 6 -0.0002521184821273242
11 5 11 7 -0.0002521184821273242
10 6 0 6 -0.010201090798466837
11 6 0 7 -0.010201090798466837
10 7 1 6 -0.010201090798466837
11 7 1 7 -0.010201090798466837
10 6 10 6 0.010868542371772672
11 6 10 7 0.010868542371772672
10 7 11 6 0.010868542371772672
11 7 11 7 0.010868542371772672
10 10 4 6 -0.00025211848212732424
11 10 4 7 -0.00025211848212732424
10 11 5 6 -0.00025211848212732424
11 11 5 7 -0.00025211848212732424
10 10 6 6 0.010868542371772672
11 10 6 7 0.010868542371772672
10 11 7 6 0.010868542371772672
11 11 7 7 0.010868542371772672
10 0 2 8 -0.00029478187047709983
11 0 2 9 -0.00029478187047709983
10 1 3 8 -0.00029478187047709983
11 1 3 9 -0.00029478187047709983
10 0 8 8 -0.010201090798458594
11 0 8 9 -0.010201090798458594
10 1 9 8 -0.010201090798458594
11 1 9 9 -0.010201090798458594
10 2 0 8 -0.00029478187047709983
11 2 0 9 -0.00029478187047709983
10 3 1 8 -0.00029478187047709983
11 3 1 9 -0.00029478187047709983
10 2 10 8 -0.00025211848267063096
11 2 10 9 -0.00025211848267063096
10 3 11 8 -0.00025211848267063096
11 3 11 9 -0.00025211848267063096
10 8 0 8 -0.010201090798458597
11 8 0 9 -0.010201090798458597
10 9 1 8 -0.010201090798458597
11 9 1 9 -0.010201090798458597
10 8 10 8 0.010868542371789105
11 8 10 9 0.010868542371789105
10 9 11 8 0.010868542371789105
11 9 11 9 0.010868542371789105
10 10 2 8 -0.000252118482670631
11 10 2 9 -0.000252118482670631
10 11 3 8 -0.000252118482670631
11 11 3 9 -0.000252118482670631
10 10 8 8 0.010868542371789105
11 10 8 9 0.010868542371789105
10 11 9 8 0.010868542371789105
11 11 9 9 0.010868542371789105
10 0 0 10 0.2542763996669423
11 0 0 11 0.2542763996669423
10 1 1 10 0.2542763996669423
11 1 1 11 0.2542763996669423
10 0 10 10 -7.977814098225622e-08
11 0 10 11 -7.977814098225622e-08
10 1 11 10 -7.977814098225622e-08
11 1 11 11 -7.977814098225622e-08
10 2 2 10 0.23231494259558572
11 2 2 11 0.23231494259558572
10 3 3 10 0.23231494259558572
11 3 3 11 0.23231494259558572
10 2 8 10 -0.00045671294716159933
11 2 8 11 -0.00045671294716159933
10 3 9 10 -0.00045671294716159933
11 3 9 11 -0.00045671294716159933
10 4 4 10 0.23231494259558572
11 4 4 11 0.23231494259558572
10 5 5 10 0.23231494259558572
11 5 5 11 0.23231494259558572
10 4 6 10 -0.00045671293554641563
11 4 6 11 -0.00045671293554641563
10 5 7 10 -0.00045671293554641563
11 5 7 11 -0.00045671293554641563
10 6 4 10 -0.00045671293554641563
11 6 4 11 -0.00045671293554641563
10 7 5 10 -0.00045671293554641563
11 7 5 11 -0.00045671293554641563
10 6 6 10 0.232315075293543
11 6 6 11 0.232315075293543
10 7 7 10 0.232315075293543
11 7 7 11 0.232315075293543
10 8 2 10 -0.0004567129471615991
11 8 2 11 -0.0004567129471615991
10 9 3 10 -0.0004567129471615991
11 9 3 11 -0.0004567129471615991
10 8 8 10 0.23231507529340106
11 8 8 11 0.23231507529340106
10 9 9 10 0.23231507529340106
11 9 9 11 0.23231507529340106
10 10 0 10 -7.977814098225622e-08
11 10 0 11 -7.977814098225622e-08
10 11 1 10 -7.977814098225622e-08
11 11 1 11 -7.977814098225622e-08
10 10 10 10 0.2615393507839141
11 10 10 11 0.2615393507839141
10 11 11 10 0.2615393507839141
11 11 11 11 0.2615393507839141
