-98.75033917408399
0 0 -2.4757155145607124
1 1 -2.4757155145607124
0 10 1.9206808053728874e-08
1 11 1.9206808053728874e-08
2 2 -2.4051582871755075
3 3 -2.4051582871755075
2 8 -0.006970666074838549
3 9 -0.006970666074838549
4 4 -2.4051582871755075
5 5 -2.4051582871755075
4 6 -0.006970666074838549
5 7 -0.006970666074838549
6 4 -0.0069706660748385454
7 5 -0.0069706660748385454
6 6 -2.4051582747825613
7 7 -2.4051582747825613
8 2 -0.0069706660748385454
9 3 -0.0069706660748385454
8 8 -2.4051582747825613
9 9 -2.4051582747825613
10 0 1.920680874501618e-08
11 1 1.920680874501618e-08
10 10 -2.4074143669119232
11 11 -2.4074143669119232
0 0 0 0 0.2464334596971881
1 0 0 1 0.2464334596971881
0 1 1 0 0.2464334596971881
1 1 1 1 0.2464334596971881
0 0 10 0 4.11213485415618e-08
1 0 10 1 4.11213485415618e-08
0 1 11 0 4.11213485415618e-08
1 1 11 1 4.11213485415618e-08
0 2 2 0 0.22394649192178528
1 2 2 1 0.22394649192178528
0 3 3 0 0.22394649192178528
1 3 3 1 0.22394649192178528
0 2 8 0 -0.00030721812773991917
1 2 8 1 -0.00030721812773991917
0 3 9 0 -0.00030721812773991917
1 3 9 1 -0.00030721812773991917
0 4 4 0 0.22394649192178528
1 4 4 1 0.22394649192178528
0 5 5 0 0.22394649192178528
1 5 5 1 0.22394649192178528
0 4 6 0 -0.00030721812773991917
1 4 6 1 -0.00030721812773991917
0 5 7 0 -0.00030721812773991917
1 5 7 1 -0.00030721812773991917
0 6 4 0 -0.00030721812773991917
1 6 4 1 -0.00030721812773991917
0 7 5 0 -0.00030721812773991917
1 7 5 1 -0.00030721812773991917
0 6 6 0 0.22394641897551956
1 6 6 1 0.22394641897551956
0 7 7 0 0.22394641897551956
1 7 7 1 0.22394641897551956
0 8 2 0 -0.00030721812773991917
1 8 2 1 -0.00030721812773991917
0 9 3 0 -0.00030721812773991917
1 9 3 1 -0.00030721812773991917
0 8 8 0 0.22394641897551956
1 8 8 1 0.22394641897551956
0 9 9 0 0.22394641897551956
1 9 9 1 0.22394641897551956
0 10 0 0 4.1121348590134055e-08
1 10 0 1 4.1121348590134055e-08
0 11 1 0 4.1121348590134055e-08
1 11 1 1 4.1121348590134055e-08
0 10 10 0 0.25097765739030103
1 10 10 1 0.25097765739030103
0 11 11 0 0.25097765739030103
1 11 11 1 0.25097765739030103
0 0 2 2 0.010070558423691802
1 0 2 3 0.010070558423691802
0 1 3 2 0.010070558423691802
1 1 3 3 0.010070558423691802
0 0 8 2 0.000253612366124705
1 0 8 3 0.000253612366124705
0 1 9 2 0.000253612366124705
1 1 9 3 0.000253612366124705
0 2 0 2 0.010070558423691802
1 2 0 3 0.010070558423691802
0 3 1 2 0.010070558423691802
1 3 1 3 0.010070558423691802
0 2 10 2 0.01022474298518125
1 2 10 3 0.01022474298518125
0 3 11 2 0.01022474298518125
1 3 11 3 0.01022474298518125
0 8 0 2 0.000253612366124705
1 8 0 3 0.000253612366124705
0 9 1 2 0.000253612366124705
1 9 1 3 0.000253612366124705
0 8 10 2 -0.0002398292153930027
1 8 10 3 -0.0002398292153930027
0 9 11 2 -0.0002398292153930027
1 9 11 3 -0.0002398292153930027
0 10 2 2 0.010224742985181251
1 10 2 3 0.010224742985181251
0 11 3 2 0.010224742985181251
1 11 3 3 0.010224742985181251
0 10 8 2 -0.00023982921539300267
1 10 8 3 -0.00023982921539300267
0 11 9 2 -0.00023982921539300267
1 11 9 3 -0.00023982921539300267
0 0 4 4 0.010070558423691802
1 0 4 5 0.010070558423691802
0 1 5 4 0.010070558423691802
1 1 5 5 0.010070558423691802
0 0 6 4 0.000253612366124705
1 0 6 5 0.000253612366124705
0 1 7 4 0.000253612366124705
1 1 7 5 0.000253612366124705
0 4 0 4 0.010070558423691802
1 4 0 5 0.010070558423691802
0 5 1 4 0.010070558423691802
1 5 1 5 0.010070558423691802
0 4 10 4 0.01022474298518125
1 4 10 5 0.01022474298518125
0 5 11 4 0.01022474298518125
1 5 11 5 0.01022474298518125
0 6 0 4 0.000253612366124705
1 6 0 5 0.000253612366124705
0 7 1 4 0.000253612366124705
1 7 1 5 0.000253612366124705
0 6 10 4 -0.0002398292153930027
1 6 10 5 -0.0002398292153930027
0 7 11 4 -0.0002398292153930027
1 7 11 5 -0.0002398292153930027
0 10 4 4 0.010224742985181251
1 10 4 5 0.010224742985181251
0 11 5 4 0.010224742985181251
1 11 5 5 0.010224742985181251
0 10 6 4 -0.00023982921539300267
1 10 6 5 -0.00023982921539300267
0 11 7 4 -0.00023982921539300267
1 11 7 5 -0.00023982921539300267
0 0 4 6 0.00025361236612470505
1 0 4 7 0.00025361236612470505
0 1 5 6 0.00025361236612470505
1 1 5 7 0.00025361236612470505
0 0 6 6 0.01007055185520149
1 0 6 7 0.01007055185520149
0 1 7 6 0.01007055185520149
1 1 7 7 0.01007055185520149
0 4 0 6 0.00025361236612470505
1 4 0 7 0.00025361236612470505
0 5 1 6 0.00025361236612470505
1 5 1 7 0.00025361236612470505
0 4 10 6 0.00023982895412217673
1 4 10 7 0.00023982895412217673
0 5 11 6 0.00023982895412217673
1 5 11 7 0.00023982895412217673
0 6 0 6 0.01007055185520149
1 6 0 7 0.01007055185520149
0 7 1 6 0.01007055185520149
1 7 1 7 0.01007055185520149
0 6 10 6 -0.010224742712737746
1 6 10 7 -0.010224742712737746
0 7 11 6 -0.010224742712737746
1 7 11 7 -0.010224742712737746
0 10 4 6 0.0002398289541221767
1 10 4 7 0.0002398289541221767
0 11 5 6 0.0002398289541221767
1 11 5 7 0.0002398289541221767
0 10 6 6 -0.010224742712737747
1 10 6 7 -0.010224742712737747
0 11 7 6 -0.010224742712737747
1 11 7 7 -0.010224742712737747
0 0 2 8 0.00025361236612470505
1 0 2 9 0.00025361236612470505
0 1 3 8 0.00025361236612470505
1 1 3 9 0.00025361236612470505
0 0 8 8 0.01007055185520149
1 0 8 9 0.01007055185520149
0 1 9 8 0.01007055185520149
1 1 9 9 0.01007055185520149
0 2 0 8 0.00025361236612470505
1 2 0 9 0.00025361236612470505
0 3 1 8 0.00025361236612470505
1 3 1 9 0.00025361236612470505
0 2 10 8 0.00023982895412217673
1 2 10 9 0.00023982895412217673
0 3 11 8 0.00023982895412217673
1 3 11 9 0.00023982895412217673
0 8 0 8 0.01007055185520149
1 8 0 9 0.01007055185520149
0 9 1 8 0.01007055185520149
1 9 1 9 0.01007055185520149
0 8 10 8 -0.010224742712737746
1 8 10 9 -0.010224742712737746
0 9 11 8 -0.010224742712737746
1 9 11 9 -0.010224742712737746
0 10 2 8 0.0002398289541221767
1 10 2 9 0.0002398289541221767
0 11 3 8 0.0002398289541221767
1 11 3 9 0.0002398289541221767
0 10 8 8 -0.010224742712737747
1 10 8 9 -0.010224742712737747
0 11 9 8 -0.010224742712737747
1 11 9 9 -0.010224742712737747
0 0 0 10 4.1121348590134055e-08
1 0 0 11 4.1121348590134055e-08
0 1 1 10 4.1121348590134055e-08
1 1 1 11 4.1121348590134055e-08
0 0 10 10 0.13123260035767598
1 0 10 11 0.13123260035767598
0 1 11 10 0.13123260035767598
1 1 11 11 0.13123260035767598
0 2 2 10 0.11429211437372272
1 2 2 11 0.11429211437372272
0 3 3 10 0.11429211437372272
1 3 3 11 0.11429211437372272
0 4 4 10 0.11429211437372272
1 4 4 11 0.11429211437372272
0 5 5 10 0.11429211437372272
1 5 5 11 0.11429211437372272
0 6 6 10 -0.11429211513366178
1 6 6 11 -0.11429211513366178
0 7 7 10 -0.11429211513366178
1 7 7 11 -0.11429211513366178
0 8 8 10 -0.11429211513366178
1 8 8 11 -0.11429211513366178
0 9 9 10 -0.11429211513366178
1 9 9 11 -0.11429211513366178
0 10 0 10 0.131232600357676
1 10 0 11 0.131232600357676
0 11 1 10 0.131232600357676
1 11 1 11 0.131232600357676
0 10 10 10 -4.0480174032242466e-08
1 10 10 11 -4.0480174032242466e-08
0 11 11 10 -4.0480174032242466e-08
1 11 11 11 -4.0480174032242466e-08
2 0 2 0 0.010070558423691804
3 0 2 1 0.010070558423691804
2 1 3 0 0.010070558423691804
3 1 3 1 0.010070558423691804
2 0 8 0 0.000253612366124705
3 0 8 1 0.000253612366124705
2 1 9 0 0.000253612366124705
3 1 9 1 0.000253612366124705
2 2 0 0 0.010070558423691802
3 2 0 1 0.010070558423691802
2 3 1 0 0.010070558423691802
3 3 1 1 0.010070558423691802
2 2 10 0 0.01022474298518125
3 2 10 1 0.01022474298518125
2 3 11 0 0.01022474298518125
3 3 11 1 0.01022474298518125
2 8 0 0 0.000253612366124705
3 8 0 1 0.000253612366124705
2 9 1 0 0.000253612366124705
3 9 1 1 0.000253612366124705
2 8 10 0 -0.00023982921539300267
3 8 10 1 -0.00023982921539300267
2 9 11 0 -0.00023982921539300267
3 9 11 1 -0.00023982921539300267
2 10 2 0 0.01022474298518125
3 10 2 1 0.01022474298518125
2 11 3 0 0.01022474298518125
3 11 3 1 0.01022474298518125
2 10 8 0 -0.00023982921539300264
3 10 8 1 -0.00023982921539300264
2 11 9 0 -0.00023982921539300264
3 11 9 1 -0.00023982921539300264
2 0 0 2 0.22394649192178528
3 0 0 3 0.22394649192178528
2 1 1 2 0.22394649192178528
3 1 1 3 0.22394649192178528
2 0 10 2 0.11429211437372266
3 0 10 3 0.11429211437372266
2 1 11 2 0.11429211437372266
3 1 11 3 0.11429211437372266
2 2 2 2 0.3814375970370408
3 2 2 3 0.3814375970370408
2 3 3 2 0.3814375970370408
3 3 3 3 0.3814375970370408
2 2 8 2 -0.0006169165394623943
3 2 8 3 -0.0006169165394623943
2 3 9 2 -0.0006169165394623943
3 3 9 3 -0.0006169165394623943
2 4 4 2 0.34031257219785005
3 4 4 3 0.34031257219785005
2 5 5 2 0.34031257219785005
3 5 5 3 0.34031257219785005
2 4 6 2 -0.00047355004009608817
3 4 6 3 -0.00047355004009608817
2 5 7 2 -0.00047355004009608817
3 5 7 3 -0.00047355004009608817
2 6 4 2 -0.0004735500400960886
3 6 4 3 -0.0004735500400960886
2 7 5 2 -0.0004735500400960886
3 7 5 3 -0.0004735500400960886
2 6 6 2 0.10612141339442803
3 6 6 3 0.10612141339442803
2 7 7 2 0.10612141339442803
3 7 7 3 0.10612141339442803
2 8 2 2 -0.0006169165394623939
3 8 2 3 -0.0006169165394623939
2 9 3 2 -0.0006169165394623939
3 9 3 3 -0.0006169165394623939
2 8 8 2 0.10636478153820034
3 8 8 3 0.10636478153820034
2 9 9 2 0.10636478153820034
3 9 9 3 0.10636478153820034
2 10 0 2 0.11429211437372268
3 10 0 3 0.11429211437372268
2 11 1 2 0.11429211437372268
3 11 1 3 0.11429211437372268
2 10 10 2 0.22920580628062268
3 10 10 3 0.22920580628062268
2 11 11 2 0.22920580628062268
3 11 11 3 0.22920580628062268
2 2 4 4 0.020562512163496492
3 2 4 5 0.020562512163496492
2 3 5 4 0.020562512163496492
3 3 5 5 0.020562512163496492
2 2 6 4 -7.168300109237825e-05
3 2 6 5 -7.168300109237825e-05
2 3 7 4 -7.168300109237825e-05
3 3 7 5 -7.168300109237825e-05
2 4 2 4 0.020562512163496492
3 4 2 5 0.020562512163496492
2 5 3 4 0.020562512163496492
3 5 3 5 0.020562512163496492
2 4 8 4 -7.168300109237825e-05
3 4 8 5 -7.168300109237825e-05
2 5 9 4 -7.168300109237825e-05
3 5 9 5 -7.168300109237825e-05
2 6 2 4 -7.168300109237827e-05
3 6 2 5 -7.168300109237827e-05
2 7 3 4 -7.168300109237827e-05
3 7 3 5 -7.168300109237827e-05
2 6 8 4 0.00012168406582422028
3 6 8 5 0.00012168406582422028
2 7 9 4 0.00012168406582422028
3 7 9 5 0.00012168406582422028
2 8 4 4 -7.168300109237827e-05
3 8 4 5 -7.168300109237827e-05
2 9 5 4 -7.168300109237827e-05
3 9 5 5 -7.168300109237827e-05
2 8 6 4 0.00012168406582422028
3 8 6 5 0.00012168406582422028
2 9 7 4 0.00012168406582422028
3 9 7 5 0.00012168406582422028
2 2 4 6 -7.16830010923783e-05
3 2 4 7 -7.16830010923783e-05
2 3 5 6 -7.16830010923783e-05
3 3 5 7 -7.16830010923783e-05
2 2 6 6 2.1003916890118145e-06
3 2 6 7 2.1003916890118145e-06
2 3 7 6 2.1003916890118145e-06
3 3 7 7 2.1003916890118145e-06
2 4 2 6 -7.16830010923783e-05
3 4 2 7 -7.16830010923783e-05
2 5 3 6 -7.16830010923783e-05
3 5 3 7 -7.16830010923783e-05
2 4 8 6 2.1003916890118145e-06
3 4 8 7 2.1003916890118145e-06
2 5 9 6 2.1003916890118145e-06
3 5 9 7 2.1003916890118145e-06
2 6 2 6 2.1003916890118145e-06
3 6 2 7 2.1003916890118145e-06
2 7 3 6 2.1003916890118145e-06
3 7 3 7 2.1003916890118145e-06
2 6 8 6 -7.168300109237832e-05
3 6 8 7 -7.168300109237832e-05
2 7 9 6 -7.168300109237832e-05
3 7 9 7 -7.168300109237832e-05
2 8 4 6 2.1003916890118145e-06
3 8 4 7 2.1003916890118145e-06
2 9 5 6 2.1003916890118145e-06
3 9 5 7 2.1003916890118145e-06
2 8 6 6 -7.168300109237832e-05
3 8 6 7 -7.168300109237832e-05
2 9 7 6 -7.168300109237832e-05
3 9 7 7 -7.168300109237832e-05
2 0 0 8 -0.0003072181277399193
3 0 0 9 -0.0003072181277399193
2 1 1 8 -0.0003072181277399193
3 1 1 9 -0.0003072181277399193
2 2 2 8 -0.0006169165394623947
3 2 2 9 -0.0006169165394623947
2 3 3 8 -0.0006169165394623947
3 3 3 9 -0.0006169165394623947
2 2 8 8 1.5561918645453316e-05
3 2 8 9 1.5561918645453316e-05
2 3 9 8 1.5561918645453316e-05
3 3 9 9 1.5561918645453316e-05
2 4 4 8 -0.0004735500400960882
3 4 4 9 -0.0004735500400960882
2 5 5 8 -0.0004735500400960882
3 5 5 9 -0.0004735500400960882
2 4 6 8 1.1361623217494984e-05
3 4 6 9 1.1361623217494984e-05
2 5 7 8 1.1361623217494984e-05
3 5 7 9 1.1361623217494984e-05
2 6 4 8 1.1361623217494984e-05
3 6 4 9 1.1361623217494984e-05
2 7 5 8 1.1361623217494984e-05
3 7 5 9 1.1361623217494984e-05
2 6 6 8 -0.0004735500400960882
3 6 6 9 -0.0004735500400960882
2 7 7 8 -0.0004735500400960882
3 7 7 9 -0.0004735500400960882
2 8 2 8 1.5561918645453316e-05
3 8 2 9 1.5561918645453316e-05
2 9 3 8 1.5561918645453316e-05
3 9 3 9 1.5561918645453316e-05
2 8 8 8 -0.0006169165394623948
3 8 8 9 -0.0006169165394623948
2 9 9 8 -0.0006169165394623948
3 9 9 9 -0.0006169165394623948
2 10 10 8 -0.0003767508124690039
3 10 10 9 -0.0003767508124690039
2 11 11 8 -0.0003767508124690039
3 11 11 9 -0.0003767508124690039
2 0 2 10 0.010224742985181253
3 0 2 11 0.010224742985181253
2 1 3 10 0.010224742985181253
3 1 3 11 0.010224742985181253
2 0 8 10 0.00023982895412217667
3 0 8 11 0.00023982895412217667
2 1 9 10 0.00023982895412217667
3 1 9 11 0.00023982895412217667
2 2 0 10 0.010224742985181251
3 2 0 11 0.010224742985181251
2 3 1 10 0.010224742985181251
3 3 1 11 0.010224742985181251
2 2 10 10 0.010754497656165377
3 2 10 11 0.010754497656165377
2 3 11 10 0.010754497656165377
3 3 11 11 0.010754497656165377
2 8 0 10 0.00023982895412217673
3 8 0 11 0.00023982895412217673
2 9 1 10 0.00023982895412217673
3 9 1 11 0.00023982895412217673
2 8 10 10 -0.00021122527510450368
3 8 10 11 -0.00021122527510450368
2 9 11 10 -0.00021122527510450368
3 9 11 11 -0.00021122527510450368
2 10 2 10 0.010754497656165379
3 10 2 11 0.010754497656165379
2 11 3 10 0.010754497656165379
3 11 3 11 0.010754497656165379
2 10 8 10 -0.00021122527510450368
3 10 8 11 -0.00021122527510450368
2 11 9 10 -0.00021122527510450368
3 11 9 11 -0.00021122527510450368
4 0 4 0 0.010070558423691804
5 0 4 1 0.010070558423691804
4 1 5 0 0.010070558423691804
5 1 5 1 0.010070558423691804
4 0 6 0 0.000253612366124705
5 0 6 1 0.000253612366124705
4 1 7 0 0.000253612366124705
5 1 7 1 0.000253612366124705
4 4 0 0 0.010070558423691802
5 4 0 1 0.010070558423691802
4 5 1 0 0.010070558423691802
5 5 1 1 0.010070558423691802
4 4 10 0 0.01022474298518125
5 4 10 1 0.01022474298518125
4 5 11 0 0.01022474298518125
5 5 11 1 0.01022474298518125
4 6 0 0 0.000253612366124705
5 6 0 1 0.000253612366124705
4 7 1 0 0.000253612366124705
5 7 1 1 0.000253612366124705
4 6 10 0 -0.00023982921539300267
5 6 10 1 -0.00023982921539300267
4 7 11 0 -0.00023982921539300267
5 7 11 1 -0.00023982921539300267
4 10 4 0 0.01022474298518125
5 10 4 1 0.01022474298518125
4 11 5 0 0.01022474298518125
5 11 5 1 0.01022474298518125
4 10 6 0 -0.00023982921539300264
5 10 6 1 -0.00023982921539300264
4 11 7 0 -0.00023982921539300264
5 11 7 1 -0.00023982921539300264
4 2 4 2 0.020562512163496492
5 2 4 3 0.020562512163496492
4 3 5 2 0.020562512163496492
5 3 5 3 0.020562512163496492
4 2 6 2 -7.168300109237825e-05
5 2 6 3 -7.168300109237825e-05
4 3 7 2 -7.168300109237825e-05
5 3 7 3 -7.168300109237825e-05
4 4 2 2 0.020562512163496492
5 4 2 3 0.020562512163496492
4 5 3 2 0.020562512163496492
5 5 3 3 0.020562512163496492
4 4 8 2 -7.168300109237825e-05
5 4 8 3 -7.168300109237825e-05
4 5 9 2 -7.168300109237825e-05
5 5 9 3 -7.168300109237825e-05
4 6 2 2 -7.168300109237827e-05
5 6 2 3 -7.168300109237827e-05
4 7 3 2 -7.168300109237827e-05
5 7 3 3 -7.168300109237827e-05
4 6 8 2 0.00012168406582422028
5 6 8 3 0.00012168406582422028
4 7 9 2 0.00012168406582422028
5 7 9 3 0.00012168406582422028
4 8 4 2 -7.168300109237827e-05
5 8 4 3 -7.168300109237827e-05
4 9 5 2 -7.168300109237827e-05
5 9 5 3 -7.168300109237827e-05
4 8 6 2 0.00012168406582422028
5 8 6 3 0.00012168406582422028
4 9 7 2 0.00012168406582422028
5 9 7 3 0.00012168406582422028
4 0 0 4 0.22394649192178528
5 0 0 5 0.22394649192178528
4 1 1 4 0.22394649192178528
5 1 1 5 0.22394649192178528
4 0 10 4 0.11429211437372266
5 0 10 5 0.11429211437372266
4 1 11 4 0.11429211437372266
5 1 11 5 0.11429211437372266
4 2 2 4 0.34031257219785005
5 2 2 5 0.34031257219785005
4 3 3 4 0.34031257219785005
5 3 3 5 0.34031257219785005
4 2 8 4 -0.00047355004009608817
5 2 8 5 -0.00047355004009608817
4 3 9 4 -0.00047355004009608817
5 3 9 5 -0.00047355004009608817
4 4 4 4 0.3814375970370408
5 4 4 5 0.3814375970370408
4 5 5 4 0.3814375970370408
5 5 5 5 0.3814375970370408
4 4 6 4 -0.0006169165394623943
5 4 6 5 -0.0006169165394623943
4 5 7 4 -0.0006169165394623943
5 5 7 5 -0.0006169165394623943
4 6 4 4 -0.0006169165394623939
5 6 4 5 -0.0006169165394623939
4 7 5 4 -0.0006169165394623939
5 7 5 5 -0.0006169165394623939
4 6 6 4 0.10636478153820034
5 6 6 5 0.10636478153820034
4 7 7 4 0.10636478153820034
5 7 7 5 0.10636478153820034
4 8 2 4 -0.0004735500400960886
5 8 2 5 -0.0004735500400960886
4 9 3 4 -0.0004735500400960886
5 9 3 5 -0.0004735500400960886
4 8 8 4 0.10612141339442803
5 8 8 5 0.10612141339442803
4 9 9 4 0.10612141339442803
5 9 9 5 0.10612141339442803
4 10 0 4 0.11429211437372268
5 10 0 5 0.11429211437372268
4 11 1 4 0.11429211437372268
5 11 1 5 0.11429211437372268
4 10 10 4 0.22920580628062268
5 10 10 5 0.22920580628062268
4 11 11 4 0.22920580628062268
5 11 11 5 0.22920580628062268
4 0 0 6 -0.0003072181277399193
5 0 0 7 -0.0003072181277399193
4 1 1 6 -0.0003072181277399193
5 1 1 7 -0.0003072181277399193
4 2 2 6 -0.0004735500400960882
5 2 2 7 -0.0004735500400960882
4 3 3 6 -0.0004735500400960882
5 3 3 7 -0.0004735500400960882
4 2 8 6 1.1361623217494984e-05
5 2 8 7 1.1361623217494984e-05
4 3 9 6 1.1361623217494984e-05
5 3 9 7 1.1361623217494984e-05
4 4 4 6 -0.0006169165394623947
5 4 4 7 -0.0006169165394623947
4 5 5 6 -0.0006169165394623947
5 5 5 7 -0.0006169165394623947
4 4 6 6 1.5561918645453316e-05
5 4 6 7 1.5561918645453316e-05
4 5 7 6 1.5561918645453316e-05
5 5 7 7 1.5561918645453316e-05
4 6 4 6 1.5561918645453316e-05
5 6 4 7 1.5561918645453316e-05
4 7 5 6 1.5561918645453316e-05
5 7 5 7 1.5561918645453316e-05
4 6 6 6 -0.0006169165394623948
5 6 6 7 -0.0006169165394623948
4 7 7 6 -0.0006169165394623948
5 7 7 7 -0.0006169165394623948
4 8 2 6 1.1361623217494984e-05
5 8 2 7 1.1361623217494984e-05
4 9 3 6 1.1361623217494984e-05
5 9 3 7 1.1361623217494984e-05
4 8 8 6 -0.0004735500400960882
5 8 8 7 -0.0004735500400960882
4 9 9 6 -0.0004735500400960882
5 9 9 7 -0.0004735500400960882
4 10 10 6 -0.0003767508124690039
5 10 10 7 -0.0003767508124690039
4 11 11 6 -0.0003767508124690039
5 11 11 7 -0.0003767508124690039
4 2 4 8 -7.16830010923783e-05
5 2 4 9 -7.16830010923783e-05
4 3 5 8 -7.16830010923783e-05
5 3 5 9 -7.16830010923783e-05
4 2 6 8 2.1003916890118145e-06
5 2 6 9 2.1003916890118145e-06
4 3 7 8 2.1003916890118145e-06
5 3 7 9 2.1003916890118145e-06
4 4 2 8 -7.16830010923783e-05
5 4 2 9 -7.16830010923783e-05
4 5 3 8 -7.16830010923783e-05
5 5 3 9 -7.16830010923783e-05
4 4 8 8 2.1003916890118145e-06
5 4 8 9 2.1003916890118145e-06
4 5 9 8 2.1003916890118145e-06
5 5 9 9 2.1003916890118145e-06
4 6 2 8 2.1003916890118145e-06
5 6 2 9 2.1003916890118145e-06
4 7 3 8 2.1003916890118145e-06
5 7 3 9 2.1003916890118145e-06
4 6 8 8 -7.168300109237832e-05
5 6 8 9 -7.168300109237832e-05
4 7 9 8 -7.168300109237832e-05
5 7 9 9 -7.168300109237832e-05
4 8 4 8 2.1003916890118145e-06
5 8 4 9 2.1003916890118145e-06
4 9 5 8 2.1003916890118145e-06
5 9 5 9 2.1003916890118145e-06
4 8 6 8 -7.168300109237832e-05
5 8 6 9 -7.168300109237832e-05
4 9 7 8 -7.168300109237832e-05
5 9 7 9 -7.168300109237832e-05
4 0 4 10 0.010224742985181253
5 0 4 11 0.010224742985181253
4 1 5 10 0.010224742985181253
5 1 5 11 0.010224742985181253
4 0 6 10 0.00023982895412217667
5 0 6 11 0.00023982895412217667
4 1 7 10 0.00023982895412217667
5 1 7 11 0.00023982895412217667
4 4 0 10 0.010224742985181251
5 4 0 11 0.010224742985181251
4 5 1 10 0.010224742985181251
5 5 1 11 0.010224742985181251
4 4 10 10 0.010754497656165377
5 4 10 11 0.010754497656165377
4 5 11 10 0.010754497656165377
5 5 11 11 0.010754497656165377
4 6 0 10 0.00023982895412217673
5 6 0 11 0.00023982895412217673
4 7 1 10 0.00023982895412217673
5 7 1 11 0.00023982895412217673
4 6 10 10 -0.00021122527510450368
5 6 10 11 -0.00021122527510450368
4 7 11 10 -0.00021122527510450368
5 7 11 11 -0.00021122527510450368
4 10 4 10 0.010754497656165379
5 10 4 11 0.010754497656165379
4 11 5 10 0.010754497656165379
5 11 5 11 0.010754497656165379
4 10 6 10 -0.00021122527510450368
5 10 6 11 -0.00021122527510450368
4 11 7 10 -0.00021122527510450368
5 11 7 11 -0.00021122527510450368
6 0 4 0 0.000253612366124705
7 0 4 1 0.000253612366124705
6 1 5 0 0.000253612366124705
7 1 5 1 0.000253612366124705
6 0 6 0 0.01007055185520149
7 0 6 1 0.01007055185520149
6 1 7 0 0.01007055185520149
7 1 7 1 0.01007055185520149
6 4 0 0 0.00025361236612470505
7 4 0 1 0.00025361236612470505
6 5 1 0 0.00025361236612470505
7 5 1 1 0.00025361236612470505
6 4 10 0 0.00023982895412217676
7 4 10 1 0.00023982895412217676
6 5 11 0 0.00023982895412217676
7 5 11 1 0.00023982895412217676
6 6 0 0 0.01007055185520149
7 6 0 1 0.01007055185520149
6 7 1 0 0.01007055185520149
7 7 1 1 0.01007055185520149
6 6 10 0 -0.010224742712737746
7 6 10 1 -0.010224742712737746
6 7 11 0 -0.010224742712737746
7 7 11 1 -0.010224742712737746
6 10 4 0 0.0002398289541221767
7 10 4 1 0.0002398289541221767
6 11 5 0 0.0002398289541221767
7 11 5 1 0.0002398289541221767
6 10 6 0 -0.010224742712737747
7 10 6 1 -0.010224742712737747
6 11 7 0 -0.010224742712737747
7 11 7 1 -0.010224742712737747
6 2 4 2 -7.168300109237832e-05
7 2 4 3 -7.168300109237832e-05
6 3 5 2 -7.168300109237832e-05
7 3 5 3 -7.168300109237832e-05
6 2 6 2 2.1003916890118145e-06
7 2 6 3 2.1003916890118145e-06
6 3 7 2 2.1003916890118145e-06
7 3 7 3 2.1003916890118145e-06
6 4 2 2 -7.168300109237832e-05
7 4 2 3 -7.168300109237832e-05
6 5 3 2 -7.168300109237832e-05
7 5 3 3 -7.168300109237832e-05
6 4 8 2 2.1003916890118145e-06
7 4 8 3 2.1003916890118145e-06
6 5 9 2 2.1003916890118145e-06
7 5 9 3 2.1003916890118145e-06
6 6 2 2 2.1003916890118145e-06
7 6 2 3 2.1003916890118145e-06
6 7 3 2 2.1003916890118145e-06
7 7 3 3 2.1003916890118145e-06
6 6 8 2 -7.16830010923783e-05
7 6 8 3 -7.16830010923783e-05
6 7 9 2 -7.16830010923783e-05
7 7 9 3 -7.16830010923783e-05
6 8 4 2 2.1003916890118145e-06
7 8 4 3 2.1003916890118145e-06
6 9 5 2 2.1003916890118145e-06
7 9 5 3 2.1003916890118145e-06
6 8 6 2 -7.16830010923783e-05
7 8 6 3 -7.16830010923783e-05
6 9 7 2 -7.16830010923783e-05
7 9 7 3 -7.16830010923783e-05
6 0 0 4 -0.0003072181277399193
7 0 0 5 -0.0003072181277399193
6 1 1 4 -0.0003072181277399193
7 1 1 5 -0.0003072181277399193
6 2 2 4 -0.0004735500400960882
7 2 2 5 -0.0004735500400960882
6 3 3 4 -0.0004735500400960882
7 3 3 5 -0.0004735500400960882
6 2 8 4 1.1361623217494984e-05
7 2 8 5 1.1361623217494984e-05
6 3 9 4 1.1361623217494984e-05
7 3 9 5 1.1361623217494984e-05
6 4 4 4 -0.0006169165394623948
7 4 4 5 -0.0006169165394623948
6 5 5 4 -0.0006169165394623948
7 5 5 5 -0.0006169165394623948
6 4 6 4 1.5561918645453316e-05
7 4 6 5 1.5561918645453316e-05
6 5 7 4 1.5561918645453316e-05
7 5 7 5 1.5561918645453316e-05
6 6 4 4 1.5561918645453316e-05
7 6 4 5 1.5561918645453316e-05
6 7 5 4 1.5561918645453316e-05
7 7 5 5 1.5561918645453316e-05
6 6 6 4 -0.0006169165394623947
7 6 6 5 -0.0006169165394623947
6 7 7 4 -0.0006169165394623947
7 7 7 5 -0.0006169165394623947
6 8 2 4 1.1361623217494984e-05
7 8 2 5 1.1361623217494984e-05
6 9 3 4 1.1361623217494984e-05
7 9 3 5 1.1361623217494984e-05
6 8 8 4 -0.0004735500400960882
7 8 8 5 -0.0004735500400960882
6 9 9 4 -0.0004735500400960882
7 9 9 5 -0.0004735500400960882
6 10 10 4 -0.00037675081246900366
7 10 10 5 -0.00037675081246900366
6 11 11 4 -0.00037675081246900366
7 11 11 5 -0.00037675081246900366
6 0 0 6 0.22394641897551953
7 0 0 7 0.22394641897551953
6 1 1 6 0.22394641897551953
7 1 1 7 0.22394641897551953
6 0 10 6 -0.11429211513366169
7 0 10 7 -0.11429211513366169
6 1 11 6 -0.11429211513366169
7 1 11 7 -0.11429211513366169
6 2 2 6 0.10612141339442803
7 2 2 7 0.10612141339442803
6 3 3 6 0.10612141339442803
7 3 3 7 0.10612141339442803
6 2 8 6 -0.0004735500400960886
7 2 8 7 -0.0004735500400960886
6 3 9 6 -0.0004735500400960886
7 3 9 7 -0.0004735500400960886
6 4 4 6 0.10636478153820034
7 4 4 7 0.10636478153820034
6 5 5 6 0.10636478153820034
7 5 5 7 0.10636478153820034
6 4 6 6 -0.0006169165394623939
7 4 6 7 -0.0006169165394623939
6 5 7 6 -0.0006169165394623939
7 5 7 7 -0.0006169165394623939
6 6 4 6 -0.0006169165394623943
7 6 4 7 -0.0006169165394623943
6 7 5 6 -0.0006169165394623943
7 7 5 7 -0.0006169165394623943
6 6 6 6 0.3814375970370408
7 6 6 7 0.3814375970370408
6 7 7 6 0.3814375970370408
7 7 7 7 0.3814375970370408
6 8 2 6 -0.00047355004009608817
7 8 2 7 -0.00047355004009608817
6 9 3 6 -0.00047355004009608817
7 9 3 7 -0.00047355004009608817
6 8 8 6 0.34031257219785005
7 8 8 7 0.34031257219785005
6 9 9 6 0.34031257219785005
7 9 9 7 0.34031257219785005
6 10 0 6 -0.11429211513366173
7 10 0 7 -0.11429211513366173
6 11 1 6 -0.11429211513366173
7 11 1 7 -0.11429211513366173
6 10 10 6 0.22920587575166673
7 10 10 7 0.22920587575166673
6 11 11 6 0.22920587575166673
7 11 11 7 0.22920587575166673
6 2 4 8 0.00012168406582422028
7 2 4 9 0.00012168406582422028
6 3 5 8 0.00012168406582422028
7 3 5 9 0.00012168406582422028
6 2 6 8 -7.168300109237827e-05
7 2 6 9 -7.168300109237827e-05
6 3 7 8 -7.168300109237827e-05
7 3 7 9 -7.168300109237827e-05
6 4 2 8 0.00012168406582422028
7 4 2 9 0.00012168406582422028
6 5 3 8 0.00012168406582422028
7 5 3 9 0.00012168406582422028
6 4 8 8 -7.168300109237827e-05
7 4 8 9 -7.168300109237827e-05
6 5 9 8 -7.168300109237827e-05
7 5 9 9 -7.168300109237827e-05
6 6 2 8 -7.168300109237825e-05
7 6 2 9 -7.168300109237825e-05
6 7 3 8 -7.168300109237825e-05
7 7 3 9 -7.168300109237825e-05
6 6 8 8 0.020562512163496492
7 6 8 9 0.020562512163496492
6 7 9 8 0.020562512163496492
7 7 9 9 0.020562512163496492
6 8 4 8 -7.168300109237825e-05
7 8 4 9 -7.168300109237825e-05
6 9 5 8 -7.168300109237825e-05
7 9 5 9 -7.168300109237825e-05
6 8 6 8 0.020562512163496492
7 8 6 9 0.020562512163496492
6 9 7 8 0.020562512163496492
7 9 7 9 0.020562512163496492
6 0 4 10 -0.0002398292153930027
7 0 4 11 -0.0002398292153930027
6 1 5 10 -0.0002398292153930027
7 1 5 11 -0.0002398292153930027
6 0 6 10 -0.010224742712737747
7 0 6 11 -0.010224742712737747
6 1 7 10 -0.010224742712737747
7 1 7 11 -0.010224742712737747
6 4 0 10 -0.00023982921539300264
7 4 0 11 -0.00023982921539300264
6 5 1 10 -0.00023982921539300264
7 5 1 11 -0.00023982921539300264
6 4 10 10 -0.00021122527510450374
7 4 10 11 -0.00021122527510450374
6 5 11 10 -0.00021122527510450374
7 5 11 11 -0.00021122527510450374
6 6 0 10 -0.010224742712737747
7 6 0 11 -0.010224742712737747
6 7 1 10 -0.010224742712737747
7 7 1 11 -0.010224742712737747
6 6 10 10 0.010754504816734758
7 6 10 11 0.010754504816734758
6 7 11 10 0.010754504816734758
7 7 11 11 0.010754504816734758
6 10 4 10 -0.00021122527510450366
7 10 4 11 -0.00021122527510450366
6 11 5 10 -0.00021122527510450366
7 11 5 11 -0.00021122527510450366
6 10 6 10 0.01075450481673476
7 10 6 11 0.01075450481673476
6 11 7 10 0.01075450481673476
7 11 7 11 0.01075450481673476
8 0 2 0 0.000253612366124705
9 0 2 1 0.000253612366124705
8 1 3 0 0.000253612366124705
9 1 3 1 0.000253612366124705
8 0 8 0 0.01007055185520149
9 0 8 1 0.01007055185520149
8 1 9 0 0.01007055185520149
9 1 9 1 0.01007055185520149
8 2 0 0 0.00025361236612470505
9 2 0 1 0.00025361236612470505
8 3 1 0 0.00025361236612470505
9 3 1 1 0.00025361236612470505
8 2 10 0 0.00023982895412217676
9 2 10 1 0.00023982895412217676
8 3 11 0 0.00023982895412217676
9 3 11 1 0.00023982895412217676
8 8 0 0 0.01007055185520149
9 8 0 1 0.01007055185520149
8 9 1 0 0.01007055185520149
9 9 1 1 0.01007055185520149
8 8 10 0 -0.010224742712737746
9 8 10 1 -0.010224742712737746
8 9 11 0 -0.010224742712737746
9 9 11 1 -0.010224742712737746
8 10 2 0 0.0002398289541221767
9 10 2 1 0.0002398289541221767
8 11 3 0 0.0002398289541221767
9 11 3 1 0.0002398289541221767
8 10 8 0 -0.010224742712737747
9 10 8 1 -0.010224742712737747
8 11 9 0 -0.010224742712737747
9 11 9 1 -0.010224742712737747
8 0 0 2 -0.0003072181277399193
9 0 0 3 -0.0003072181277399193
8 1 1 2 -0.0003072181277399193
9 1 1 3 -0.0003072181277399193
8 2 2 2 -0.0006169165394623948
9 2 2 3 -0.0006169165394623948
8 3 3 2 -0.0006169165394623948
9 3 3 3 -0.0006169165394623948
8 2 8 2 1.5561918645453316e-05
9 2 8 3 1.5561918645453316e-05
8 3 9 2 1.5561918645453316e-05
9 3 9 3 1.5561918645453316e-05
8 4 4 2 -0.0004735500400960882
9 4 4 3 -0.0004735500400960882
8 5 5 2 -0.0004735500400960882
9 5 5 3 -0.0004735500400960882
8 4 6 2 1.1361623217494984e-05
9 4 6 3 1.1361623217494984e-05
8 5 7 2 1.1361623217494984e-05
9 5 7 3 1.1361623217494984e-05
8 6 4 2 1.1361623217494984e-05
9 6 4 3 1.1361623217494984e-05
8 7 5 2 1.1361623217494984e-05
9 7 5 3 1.1361623217494984e-05
8 6 6 2 -0.0004735500400960882
9 6 6 3 -0.0004735500400960882
8 7 7 2 -0.0004735500400960882
9 7 7 3 -0.0004735500400960882
8 8 2 2 1.5561918645453316e-05
9 8 2 3 1.5561918645453316e-05
8 9 3 2 1.5561918645453316e-05
9 9 3 3 1.5561918645453316e-05
8 8 8 2 -0.0006169165394623947
9 8 8 3 -0.0006169165394623947
8 9 9 2 -0.0006169165394623947
9 9 9 3 -0.0006169165394623947
8 10 10 2 -0.00037675081246900366
9 10 10 3 -0.00037675081246900366
8 11 11 2 -0.00037675081246900366
9 11 11 3 -0.00037675081246900366
8 2 4 4 -7.168300109237832e-05
9 2 4 5 -7.168300109237832e-05
8 3 5 4 -7.168300109237832e-05
9 3 5 5 -7.168300109237832e-05
8 2 6 4 2.1003916890118145e-06
9 2 6 5 2.1003916890118145e-06
8 3 7 4 2.1003916890118145e-06
9 3 7 5 2.1003916890118145e-06
8 4 2 4 -7.168300109237832e-05
9 4 2 5 -7.168300109237832e-05
8 5 3 4 -7.168300109237832e-05
9 5 3 5 -7.168300109237832e-05
8 4 8 4 2.1003916890118145e-06
9 4 8 5 2.1003916890118145e-06
8 5 9 4 2.1003916890118145e-06
9 5 9 5 2.1003916890118145e-06
8 6 2 4 2.1003916890118145e-06
9 6 2 5 2.1003916890118145e-06
8 7 3 4 2.1003916890118145e-06
9 7 3 5 2.1003916890118145e-06
8 6 8 4 -7.16830010923783e-05
9 6 8 5 -7.16830010923783e-05
8 7 9 4 -7.16830010923783e-05
9 7 9 5 -7.16830010923783e-05
8 8 4 4 2.1003916890118145e-06
9 8 4 5 2.1003916890118145e-06
8 9 5 4 2.1003916890118145e-06
9 9 5 5 2.1003916890118145e-06
8 8 6 4 -7.16830010923783e-05
9 8 6 5 -7.16830010923783e-05
8 9 7 4 -7.16830010923783e-05
9 9 7 5 -7.16830010923783e-05
8 2 4 6 0.00012168406582422028
9 2 4 7 0.00012168406582422028
8 3 5 6 0.00012168406582422028
9 3 5 7 0.00012168406582422028
8 2 6 6 -7.168300109237827e-05
9 2 6 7 -7.168300109237827e-05
8 3 7 6 -7.168300109237827e-05
9 3 7 7 -7.168300109237827e-05
8 4 2 6 0.00012168406582422028
9 4 2 7 0.00012168406582422028
8 5 3 6 0.00012168406582422028
9 5 3 7 0.00012168406582422028
8 4 8 6 -7.168300109237827e-05
9 4 8 7 -7.168300109237827e-05
8 5 9 6 -7.168300109237827e-05
9 5 9 7 -7.168300109237827e-05
8 6 2 6 -7.168300109237825e-05
9 6 2 7 -7.168300109237825e-05
8 7 3 6 -7.168300109237825e-05
9 7 3 7 -7.168300109237825e-05
8 6 8 6 0.020562512163496492
9 6 8 7 0.020562512163496492
8 7 9 6 0.020562512163496492
9 7 9 7 0.020562512163496492
8 8 4 6 -7.168300109237825e-05
9 8 4 7 -7.168300109237825e-05
8 9 5 6 -7.168300109237825e-05
9 9 5 7 -7.168300109237825e-05
8 8 6 6 0.020562512163496492
9 8 6 7 0.020562512163496492
8 9 7 6 0.020562512163496492
9 9 7 7 0.020562512163496492
8 0 0 8 0.22394641897551953
9 0 0 9 0.22394641897551953
8 1 1 8 0.22394641897551953
9 1 1 9 0.22394641897551953
8 0 10 8 -0.11429211513366169
9 0 10 9 -0.11429211513366169
8 1 11 8 -0.11429211513366169
9 1 11 9 -0.11429211513366169
8 2 2 8 0.10636478153820034
9 2 2 9 0.10636478153820034
8 3 3 8 0.10636478153820034
9 3 3 9 0.10636478153820034
8 2 8 8 -0.0006169165394623939
9 2 8 9 -0.0006169165394623939
8 3 9 8 -0.0006169165394623939
9 3 9 9 -0.0006169165394623939
8 4 4 8 0.10612141339442803
9 4 4 9 0.10612141339442803
8 5 5 8 0.10612141339442803
9 5 5 9 0.10612141339442803
8 4 6 8 -0.0004735500400960886
9 4 6 9 -0.0004735500400960886
8 5 7 8 -0.0004735500400960886
9 5 7 9 -0.0004735500400960886
8 6 4 8 -0.00047355004009608817
9 6 4 9 -0.00047355004009608817
8 7 5 8 -0.00047355004009608817
9 7 5 9 -0.00047355004009608817
8 6 6 8 0.34031257219785005
9 6 6 9 0.34031257219785005
8 7 7 8 0.34031257219785005
9 7 7 9 0.34031257219785005
8 8 2 8 -0.0006169165394623943
9 8 2 9 -0.0006169165394623943
8 9 3 8 -0.0006169165394623943
9 9 3 9 -0.0006169165394623943
8 8 8 8 0.3814375970370408
9 8 8 9 0.3814375970370408
8 9 9 8 0.3814375970370408
9 9 9 9 0.3814375970370408
8 10 0 8 -0.11429211513366173
9 10 0 9 -0.11429211513366173
8 11 1 8 -0.11429211513366173
9 11 1 9 -0.11429211513366173
8 10 10 8 0.22920587575166673
9 10 10 9 0.22920587575166673
8 11 11 8 0.22920587575166673
9 11 11 9 0.22920587575166673
8 0 2 10 -0.0002398292153930027
9 0 2 11 -0.0002398292153930027
8 1 3 10 -0.0002398292153930027
9 1 3 11 -0.0002398292153930027
8 0 8 10 -0.010224742712737747
9 0 8 11 -0.010224742712737747
8 1 9 10 -0.010224742712737747
9 1 9 11 -0.010224742712737747
8 2 0 10 -0.00023982921539300264
9 2 0 11 -0.00023982921539300264
8 3 1 10 -0.00023982921539300264
9 3 1 11 -0.00023982921539300264
8 2 10 10 -0.00021122527510450374
9 2 10 11 -0.00021122527510450374
8 3 11 10 -0.00021122527510450374
9 3 11 11 -0.00021122527510450374
8 8 0 10 -0.010224742712737747
9 8 0 11 -0.010224742712737747
8 9 1 10 -0.010224742712737747
9 9 1 11 -0.010224742712737747
8 8 10 10 0.010754504816734758
9 8 10 11 0.010754504816734758
8 9 11 10 0.010754504816734758
9 9 11 11 0.010754504816734758
8 10 2 10 -0.00021122527510450366
9 10 2 11 -0.00021122527510450366
8 11 3 10 -0.00021122527510450366
9 11 3 11 -0.00021122527510450366
8 10 8 10 0.01075450481673476
9 10 8 11 0.01075450481673476
8 11 9 10 0.01075450481673476
9 11 9 11 0.01075450481673476
10 0 0 0 4.112134857625627e-08
11 0 0 1 4.112134857625627e-08
10 1 1 0 4.112134857625627e-08
11 1 1 1 4.112134857625627e-08
10 0 10 0 0.13123260035767598
11 0 10 1 0.13123260035767598
10 1 11 0 0.13123260035767598
11 1 11 1 0.13123260035767598
10 2 2 0 0.11429211437372273
11 2 2 1 0.11429211437372273
10 3 3 0 0.11429211437372273
11 3 3 1 0.11429211437372273
10 4 4 0 0.11429211437372273
11 4 4 1 0.11429211437372273
10 5 5 0 0.11429211437372273
11 5 5 1 0.11429211437372273
10 6 6 0 -0.11429211513366172
11 6 6 1 -0.11429211513366172
10 7 7 0 -0.11429211513366172
11 7 7 1 -0.11429211513366172
10 8 8 0 -0.11429211513366172
11 8 8 1 -0.11429211513366172
10 9 9 0 -0.11429211513366172
11 9 9 1 -0.11429211513366172
10 10 0 0 0.13123260035767598
11 10 0 1 0.13123260035767598
10 11 1 0 0.13123260035767598
11 11 1 1 0.13123260035767598
10 10 10 0 -4.0480174046120254e-08
11 10 10 1 -4.0480174046120254e-08
10 11 11 0 -4.0480174046120254e-08
11 11 11 1 -4.0480174046120254e-08
10 0 2 2 0.01022474298518125
11 0 2 3 0.01022474298518125
10 1 3 2 0.01022474298518125
11 1 3 3 0.01022474298518125
10 0 8 2 0.00023982895412217673
11 0 8 3 0.00023982895412217673
10 1 9 2 0.00023982895412217673
11 1 9 3 0.00023982895412217673
10 2 0 2 0.010224742985181248
11 2 0 3 0.010224742985181248
10 3 1 2 0.010224742985181248
11 3 1 3 0.010224742985181248
10 2 10 2 0.010754497656165379
11 2 10 3 0.010754497656165379
10 3 11 2 0.010754497656165379
11 3 11 3 0.010754497656165379
10 8 0 2 0.00023982895412217673
11 8 0 3 0.00023982895412217673
10 9 1 2 0.00023982895412217673
11 9 1 3 0.00023982895412217673
10 8 10 2 -0.00021122527510450363
11 8 10 3 -0.00021122527510450363
10 9 11 2 -0.00021122527510450363
11 9 11 3 -0.00021122527510450363
10 10 2 2 0.010754497656165379
11 10 2 3 0.010754497656165379
10 11 3 2 0.010754497656165379
11 11 3 3 0.010754497656165379
10 10 8 2 -0.00021122527510450368
11 10 8 3 -0.00021122527510450368
10 11 9 2 -0.00021122527510450368
11 11 9 3 -0.00021122527510450368
10 0 4 4 0.01022474298518125
11 0 4 5 0.01022474298518125
10 1 5 4 0.01022474298518125
11 1 5 5 0.01022474298518125
10 0 6 4 0.00023982895412217673
11 0 6 5 0.00023982895412217673
10 1 7 4 0.00023982895412217673
11 1 7 5 0.00023982895412217673
10 4 0 4 0.010224742985181248
11 4 0 5 0.010224742985181248
10 5 1 4 0.010224742985181248
11 5 1 5 0.010224742985181248
10 4 10 4 0.010754497656165379
11 4 10 5 0.010754497656165379
10 5 11 4 0.010754497656165379
11 5 11 5 0.010754497656165379
10 6 0 4 0.00023982895412217673
11 6 0 5 0.00023982895412217673
10 7 1 4 0.00023982895412217673
11 7 1 5 0.00023982895412217673
10 6 10 4 -0.00021122527510450363
11 6 10 5 -0.00021122527510450363
10 7 11 4 -0.00021122527510450363
11 7 11 5 -0.00021122527510450363
10 10 4 4 0.010754497656165379
11 10 4 5 0.010754497656165379
10 11 5 4 0.010754497656165379
11 11 5 5 0.010754497656165379
10 10 6 4 -0.00021122527510450368
11 10 6 5 -0.00021122527510450368
10 11 7 4 -0.00021122527510450368
11 11 7 5 -0.00021122527510450368
10 0 4 6 -0.0002398292153930027
11 0 4 7 -0.0002398292153930027
10 1 5 6 -0.0002398292153930027
11 1 5 7 -0.0002398292153930027
10 0 6 6 -0.010224742712737747
11 0 6 7 -0.010224742712737747
10 1 7 6 -0.010224742712737747
11 1 7 7 -0.010224742712737747
10 4 0 6 -0.00023982921539300267
11 4 0 7 -0.00023982921539300267
10 5 1 6 -0.00023982921539300267
11 5 1 7 -0.00023982921539300267
10 4 10 6 -0.0002112252751045037
11 4 10 7 -0.0002112252751045037
10 5 11 6 -0.0002112252751045037
11 5 11 7 -0.0002112252751045037
10 6 0 6 -0.010224742712737747
11 6 0 7 -0.010224742712737747
10 7 1 6 -0.010224742712737747
11 7 1 7 -0.010224742712737747
10 6 10 6 0.010754504816734756
11 6 10 7 0.010754504816734756
10 7 11 6 0.010754504816734756
11 7 11 7 0.010754504816734756
10 10 4 6 -0.00021122527510450366
11 10 4 7 -0.00021122527510450366
10 11 5 6 -0.00021122527510450366
11 11 5 7 -0.00021122527510450366
10 10 6 6 0.010754504816734756
11 10 6 7 0.010754504816734756
10 11 7 6 0.010754504816734756
11 11 7 7 0.010754504816734756
10 0 2 8 -0.0002398292153930027
11 0 2 9 -0.0002398292153930027
10 1 3 8 -0.0002398292153930027
11 1 3 9 -0.0002398292153930027
10 0 8 8 -0.010224742712737747
11 0 8 9 -0.010224742712737747
10 1 9 8 -0.010224742712737747
11 1 9 9 -0.010224742712737747
10 2 0 8 -0.00023982921539300267
11 2 0 9 -0.00023982921539300267
10 3 1 8 -0.00023982921539300267
11 3 1 9 -0.00023982921539300267
10 2 10 8 -0.0002112252751045037
11 2 10 9 -0.0002112252751045037
10 3 11 8 -0.0002112252751045037
11 3 11 9 -0.0002112252751045037
10 8 0 8 -0.010224742712737747
11 8 0 9 -0.010224742712737747
10 9 1 8 -0.010224742712737747
11 9 1 9 -0.010224742712737747
10 8 10 8 0.010754504816734756
11 8 10 9 0.010754504816734756
10 9 11 8 0.010754504816734756
11 9 11 9 0.010754504816734756
10 10 2 8 -0.00021122527510450366
11 10 2 9 -0.00021122527510450366
10 11 3 8 -0.00021122527510450366
11 11 3 9 -0.00021122527510450366
10 10 8 8 0.010754504816734756
11 10 8 9 0.010754504816734756
10 11 9 8 0.010754504816734756
11 11 9 9 0.010754504816734756
10 0 0 10 0.2509776573903011
11 0 0 11 0.2509776573903011
10 1 1 10 0.2509776573903011
11 1 1 11 0.2509776573903011
10 0 10 10 -4.0480174032242466e-08
11 0 10 11 -4.0480174032242466e-08
10 1 11 10 -4.0480174032242466e-08
11 1 11 11 -4.0480174032242466e-08
10 2 2 10 0.22920580628062273
11 2 2 11 0.22920580628062273
10 3 3 10 0.22920580628062273
11 3 3 11 0.22920580628062273
10 2 8 10 -0.00037675081246900366
11 2 8 11 -0.00037675081246900366
10 3 9 10 -0.00037675081246900366
11 3 9 11 -0.00037675081246900366
10 4 4 10 0.22920580628062273
11 4 4 11 0.22920580628062273
10 5 5 10 0.22920580628062273
11 5 5 11 0.22920580628062273
10 4 6 10 -0.00037675081246900366
11 4 6 11 -0.00037675081246900366
10 5 7 10 -0.00037675081246900366
11 5 7 11 -0.00037675081246900366
10 6 4 10 -0.00037675081246900366
11 6 4 11 -0.00037675081246900366
10 7 5 10 -0.00037675081246900366
11 7 5 11 -0.00037675081246900366
10 6 6 10 0.22920587575166676
11 6 6 11 0.22920587575166676
10 7 7 10 0.22920587575166676
11 7 7 11 0.22920587575166676
10 8 2 10 -0.00037675081246900366
11 8 2 11 -0.00037675081246900366
10 9 3 10 -0.00037675081246900366
11 9 3 11 -0.00037675081246900366
10 8 8 10 0.22920587575166676
11 8 8 11 0.22920587575166676
10 9 9 10 0.22920587575166676
11 9 9 11 0.22920587575166676
10 10 0 10 -4.04801739906091e-08
11 10 0 11 -4.04801739906091e-08
10 11 1 10 -4.04801739906091e-08
11 11 1 11 -4.04801739906091e-08
10 10 10 10 0.2571421454790186
11 10 10 11 0.2571421454790186
10 11 11 10 0.2571421454790186
11 11 11 11 0.2571421454790186
