-99.10018034091658
0 0 -2.3280879000093804
1 1 -2.3280879000093804
2 2 -2.295590463246256
3 3 -2.295590463246256
2 8 -0.0016243871849473774
3 9 -0.0016243871849473774
4 4 -2.295590463246256
5 5 -2.295590463246256
4 6 -0.0016243871849473774
5 7 -0.0016243871849473774
6 4 -0.0016243871849473783
7 5 -0.0016243871849473783
6 6 -2.295590415412085
7 7 -2.295590415412085
8 2 -0.0016243871849473783
9 3 -0.0016243871849473783
8 8 -2.295590415412085
9 9 -2.295590415412085
10 10 -2.30601829162236
11 11 -2.30601829162236
0 0 0 0 0.23673077894482036
1 0 0 1 0.23673077894482036
0 1 1 0 0.23673077894482036
1 1 1 1 0.23673077894482036
0 2 2 0 0.21521182261944136
1 2 2 1 0.21521182261944136
0 3 3 0 0.21521182261944136
1 3 3 1 0.21521182261944136
0 2 8 0 -0.00010870872809204762
1 2 8 1 -0.00010870872809204762
0 3 9 0 -0.00010870872809204762
1 3 9 1 -0.00010870872809204762
0 4 4 0 0.21521182261944136
1 4 4 1 0.21521182261944136
0 5 5 0 0.21521182261944136
1 5 5 1 0.21521182261944136
0 4 6 0 -0.00010870872809204762
1 4 6 1 -0.00010870872809204762
0 5 7 0 -0.00010870872809204762
1 5 7 1 -0.00010870872809204762
0 6 4 0 -0.00010870872809204762
1 6 4 1 -0.00010870872809204762
0 7 5 0 -0.00010870872809204762
1 7 5 1 -0.00010870872809204762
0 6 6 0 0.21521181092226935
1 6 6 1 0.21521181092226935
0 7 7 0 0.21521181092226935
1 7 7 1 0.21521181092226935
0 8 2 0 -0.00010870872809204762
1 8 2 1 -0.00010870872809204762
0 9 3 0 -0.00010870872809204762
1 9 3 1 -0.00010870872809204762
0 8 8 0 0.21521181092226935
1 8 8 1 0.21521181092226935
0 9 9 0 0.21521181092226935
1 9 9 1 0.21521181092226935
0 10 10 0 0.23895398722184616
1 10 10 1 0.23895398722184616
0 11 11 0 0.23895398722184616
1 11 11 1 0.23895398722184616
0 0 2 2 0.01014632940061282
1 0 2 3 0.01014632940061282
0 1 3 2 0.01014632940061282
1 1 3 3 0.01014632940061282
0 0 8 2 9.64283427821045e-05
1 0 8 3 9.64283427821045e-05
0 1 9 2 9.64283427821045e-05
1 1 9 3 9.64283427821045e-05
0 2 0 2 0.010146329400612822
1 2 0 3 0.010146329400612822
0 3 1 2 0.010146329400612822
1 3 1 3 0.010146329400612822
0 2 10 2 0.010273261145451046
1 2 10 3 0.010273261145451046
0 3 11 2 0.010273261145451046
1 3 11 3 0.010273261145451046
0 8 0 2 9.64283427821045e-05
1 8 0 3 9.64283427821045e-05
0 9 1 2 9.64283427821045e-05
1 9 1 3 9.64283427821045e-05
0 8 10 2 -9.459715765821896e-05
1 8 10 3 -9.459715765821896e-05
0 9 11 2 -9.459715765821896e-05
1 9 11 3 -9.459715765821896e-05
0 10 2 2 0.010273261145451046
1 10 2 3 0.010273261145451046
0 11 3 2 0.010273261145451046
1 11 3 3 0.010273261145451046
0 10 8 2 -9.459715765821896e-05
1 10 8 3 -9.459715765821896e-05
0 11 9 2 -9.459715765821896e-05
1 11 9 3 -9.459715765821896e-05
0 0 4 4 0.01014632940061282
1 0 4 5 0.01014632940061282
0 1 5 4 0.01014632940061282
1 1 5 5 0.01014632940061282
0 0 6 4 9.64283427821045e-05
1 0 6 5 9.64283427821045e-05
0 1 7 4 9.64283427821045e-05
1 1 7 5 9.64283427821045e-05
0 4 0 4 0.010146329400612822
1 4 0 5 0.010146329400612822
0 5 1 4 0.010146329400612822
1 5 1 5 0.010146329400612822
0 4 10 4 0.010273261145451046
1 4 10 5 0.010273261145451046
0 5 11 4 0.010273261145451046
1 5 11 5 0.010273261145451046
0 6 0 4 9.64283427821045e-05
1 6 0 5 9.64283427821045e-05
0 7 1 4 9.64283427821045e-05
1 7 1 5 9.64283427821045e-05
0 6 10 4 -9.459715765821896e-05
1 6 10 5 -9.459715765821896e-05
0 7 11 4 -9.459715765821896e-05
1 7 11 5 -9.459715765821896e-05
0 10 4 4 0.010273261145451046
1 10 4 5 0.010273261145451046
0 11 5 4 0.010273261145451046
1 11 5 5 0.010273261145451046
0 10 6 4 -9.459715765821896e-05
1 10 6 5 -9.459715765821896e-05
0 11 7 4 -9.459715765821896e-05
1 11 7 5 -9.459715765821896e-05
0 0 4 6 9.64283427821045e-05
1 0 4 7 9.64283427821045e-05
0 1 5 6 9.64283427821045e-05
1 1 5 7 9.64283427821045e-05
0 0 6 6 0.010146328545455956
1 0 6 7 0.010146328545455956
0 1 7 6 0.010146328545455956
1 1 7 7 0.010146328545455956
0 4 0 6 9.642834278210448e-05
1 4 0 7 9.642834278210448e-05
0 5 1 6 9.642834278210448e-05
1 5 1 7 9.642834278210448e-05
0 4 10 6 9.459715193573763e-05
1 4 10 7 9.459715193573763e-05
0 5 11 6 9.459715193573763e-05
1 5 11 7 9.459715193573763e-05
0 6 0 6 0.010146328545455954
1 6 0 7 0.010146328545455954
0 7 1 6 0.010146328545455954
1 7 1 7 0.010146328545455954
0 6 10 6 -0.01027326124380241
1 6 10 7 -0.01027326124380241
0 7 11 6 -0.01027326124380241
1 7 11 7 -0.01027326124380241
0 10 4 6 9.459715193573761e-05
1 10 4 7 9.459715193573761e-05
0 11 5 6 9.459715193573761e-05
1 11 5 7 9.459715193573761e-05
0 10 6 6 -0.010273261243802411
1 10 6 7 -0.010273261243802411
0 11 7 6 -0.010273261243802411
1 11 7 7 -0.010273261243802411
0 0 2 8 9.64283427821045e-05
1 0 2 9 9.64283427821045e-05
0 1 3 8 9.64283427821045e-05
1 1 3 9 9.64283427821045e-05
0 0 8 8 0.010146328545455956
1 0 8 9 0.010146328545455956
0 1 9 8 0.010146328545455956
1 1 9 9 0.010146328545455956
0 2 0 8 9.642834278210448e-05
1 2 0 9 9.642834278210448e-05
0 3 1 8 9.642834278210448e-05
1 3 1 9 9.642834278210448e-05
0 2 10 8 9.459715193573763e-05
1 2 10 9 9.459715193573763e-05
0 3 11 8 9.459715193573763e-05
1 3 11 9 9.459715193573763e-05
0 8 0 8 0.010146328545455954
1 8 0 9 0.010146328545455954
0 9 1 8 0.010146328545455954
1 9 1 9 0.010146328545455954
0 8 10 8 -0.01027326124380241
1 8 10 9 -0.01027326124380241
0 9 11 8 -0.01027326124380241
1 9 11 9 -0.01027326124380241
0 10 2 8 9.459715193573761e-05
1 10 2 9 9.459715193573761e-05
0 11 3 8 9.459715193573761e-05
1 11 3 9 9.459715193573761e-05
0 10 8 8 -0.010273261243802411
1 10 8 9 -0.010273261243802411
0 11 9 8 -0.010273261243802411
1 11 9 9 -0.010273261243802411
0 0 10 10 0.14251789393321662
1 0 10 11 0.14251789393321662
0 1 11 10 0.14251789393321662
1 1 11 11 0.14251789393321662
0 2 2 10 0.12402226601647998
1 2 2 11 0.12402226601647998
0 3 3 10 0.12402226601647998
1 3 3 11 0.12402226601647998
0 4 4 10 0.12402226601647998
1 4 4 11 0.12402226601647998
0 5 5 10 0.12402226601647998
1 5 5 11 0.12402226601647998
0 6 6 10 -0.12402227160691914
1 6 6 11 -0.12402227160691914
0 7 7 10 -0.12402227160691914
1 7 7 11 -0.12402227160691914
0 8 8 10 -0.12402227160691914
1 8 8 11 -0.12402227160691914
0 9 9 10 -0.12402227160691914
1 9 9 11 -0.12402227160691914
0 10 0 10 0.14251789393321662
1 10 0 11 0.14251789393321662
0 11 1 10 0.14251789393321662
1 11 1 11 0.14251789393321662
2 0 2 0 0.010146329400612823
3 0 2 1 0.010146329400612823
2 1 3 0 0.010146329400612823
3 1 3 1 0.010146329400612823
2 0 8 0 9.642834278210449e-05
3 0 8 1 9.642834278210449e-05
2 1 9 0 9.642834278210449e-05
3 1 9 1 9.642834278210449e-05
2 2 0 0 0.010146329400612825
3 2 0 1 0.010146329400612825
2 3 1 0 0.010146329400612825
3 3 1 1 0.010146329400612825
2 2 10 0 0.010273261145451046
3 2 10 1 0.010273261145451046
2 3 11 0 0.010273261145451046
3 3 11 1 0.010273261145451046
2 8 0 0 9.642834278210449e-05
3 8 0 1 9.642834278210449e-05
2 9 1 0 9.642834278210449e-05
3 9 1 1 9.642834278210449e-05
2 8 10 0 -9.459715765821899e-05
3 8 10 1 -9.459715765821899e-05
2 9 11 0 -9.459715765821899e-05
3 9 11 1 -9.459715765821899e-05
2 10 2 0 0.010273261145451046
3 10 2 1 0.010273261145451046
2 11 3 0 0.010273261145451046
3 11 3 1 0.010273261145451046
2 10 8 0 -9.459715765821899e-05
3 10 8 1 -9.459715765821899e-05
2 11 9 0 -9.459715765821899e-05
3 11 9 1 -9.459715765821899e-05
2 0 0 2 0.21521182261944136
3 0 0 3 0.21521182261944136
2 1 1 2 0.21521182261944136
3 1 1 3 0.21521182261944136
2 0 10 2 0.12402226601647999
3 0 10 3 0.12402226601647999
2 1 11 2 0.12402226601647999
3 1 11 3 0.12402226601647999
2 2 2 2 0.3814042229946459
3 2 2 3 0.3814042229946459
2 3 3 2 0.3814042229946459
3 3 3 3 0.3814042229946459
2 2 8 2 -0.00018124899998718167
3 2 8 3 -0.00018124899998718167
2 3 9 2 -0.00018124899998718167
3 3 9 3 -0.00018124899998718167
2 4 4 2 0.34028535404494464
3 4 4 3 0.34028535404494464
2 5 5 2 0.34028535404494464
3 5 5 3 0.34028535404494464
2 4 6 2 -0.00014116343055877863
3 4 6 3 -0.00014116343055877863
2 5 7 2 -0.00014116343055877863
3 5 7 3 -0.00014116343055877863
2 6 4 2 -0.0001411634305587786
3 6 4 3 -0.0001411634305587786
2 7 5 2 -0.0001411634305587786
3 7 5 3 -0.0001411634305587786
2 6 6 2 0.08888156810745286
3 6 6 3 0.08888156810745286
2 7 7 2 0.08888156810745286
3 7 7 3 0.08888156810745286
2 8 2 2 -0.0001812489999871816
3 8 2 3 -0.0001812489999871816
2 9 3 2 -0.0001812489999871816
3 9 3 3 -0.0001812489999871816
2 8 8 2 0.08897653490936304
3 8 8 3 0.08897653490936304
2 9 9 2 0.08897653490936304
3 9 9 3 0.08897653490936304
2 10 0 2 0.12402226601647999
3 10 0 3 0.12402226601647999
2 11 1 2 0.12402226601647999
3 11 1 3 0.12402226601647999
2 10 10 2 0.21743619648637894
3 10 10 3 0.21743619648637894
2 11 11 2 0.21743619648637894
3 11 11 3 0.21743619648637894
2 2 4 4 0.020559434226157858
3 2 4 5 0.020559434226157858
2 3 5 4 0.020559434226157858
3 3 5 5 0.020559434226157858
2 2 6 4 -2.0043034719341603e-05
3 2 6 5 -2.0043034719341603e-05
2 3 7 4 -2.0043034719341603e-05
3 3 7 5 -2.0043034719341603e-05
2 4 2 4 0.020559434226157858
3 4 2 5 0.020559434226157858
2 5 3 4 0.020559434226157858
3 5 3 5 0.020559434226157858
2 4 8 4 -2.0043034719341603e-05
3 4 8 5 -2.0043034719341603e-05
2 5 9 4 -2.0043034719341603e-05
3 5 9 5 -2.0043034719341603e-05
2 6 2 4 -2.0043034719341606e-05
3 6 2 5 -2.0043034719341606e-05
2 7 3 4 -2.0043034719341606e-05
3 7 3 5 -2.0043034719341606e-05
2 6 8 4 4.74831522623396e-05
3 6 8 5 4.74831522623396e-05
2 7 9 4 4.74831522623396e-05
3 7 9 5 4.74831522623396e-05
2 8 4 4 -2.0043034719341606e-05
3 8 4 5 -2.0043034719341606e-05
2 9 5 4 -2.0043034719341606e-05
3 9 5 5 -2.0043034719341606e-05
2 8 6 4 4.74831522623396e-05
3 8 6 5 4.74831522623396e-05
2 9 7 4 4.74831522623396e-05
3 9 7 5 4.74831522623396e-05
2 2 4 6 -2.004303471934161e-05
3 2 4 7 -2.004303471934161e-05
2 3 5 6 -2.004303471934161e-05
3 3 5 7 -2.004303471934161e-05
2 2 6 6 1.23827696201582e-07
3 2 6 7 1.23827696201582e-07
2 3 7 6 1.23827696201582e-07
3 3 7 7 1.23827696201582e-07
2 4 2 6 -2.004303471934161e-05
3 4 2 7 -2.004303471934161e-05
2 5 3 6 -2.004303471934161e-05
3 5 3 7 -2.004303471934161e-05
2 4 8 6 1.23827696201582e-07
3 4 8 7 1.23827696201582e-07
2 5 9 6 1.23827696201582e-07
3 5 9 7 1.23827696201582e-07
2 6 2 6 1.23827696201582e-07
3 6 2 7 1.23827696201582e-07
2 7 3 6 1.23827696201582e-07
3 7 3 7 1.23827696201582e-07
2 6 8 6 -2.004303471934161e-05
3 6 8 7 -2.004303471934161e-05
2 7 9 6 -2.004303471934161e-05
3 7 9 7 -2.004303471934161e-05
2 8 4 6 1.23827696201582e-07
3 8 4 7 1.23827696201582e-07
2 9 5 6 1.23827696201582e-07
3 9 5 7 1.23827696201582e-07
2 8 6 6 -2.004303471934161e-05
3 8 6 7 -2.004303471934161e-05
2 9 7 6 -2.004303471934161e-05
3 9 7 7 -2.004303471934161e-05
2 0 0 8 -0.00010870872809204765
3 0 0 9 -0.00010870872809204765
2 1 1 8 -0.00010870872809204765
3 1 1 9 -0.00010870872809204765
2 2 2 8 -0.0001812489999871816
3 2 2 9 -0.0001812489999871816
2 3 3 8 -0.0001812489999871816
3 3 3 9 -0.0001812489999871816
2 2 8 8 9.921361333542524e-07
3 2 8 9 9.921361333542524e-07
2 3 9 8 9.921361333542524e-07
3 3 9 9 9.921361333542524e-07
2 4 4 8 -0.00014116343055877858
3 4 4 9 -0.00014116343055877858
2 5 5 8 -0.00014116343055877858
3 5 5 9 -0.00014116343055877858
2 4 6 8 7.449833623061956e-07
3 4 6 9 7.449833623061956e-07
2 5 7 8 7.449833623061956e-07
3 5 7 9 7.449833623061956e-07
2 6 4 8 7.449833623061956e-07
3 6 4 9 7.449833623061956e-07
2 7 5 8 7.449833623061956e-07
3 7 5 9 7.449833623061956e-07
2 6 6 8 -0.00014116343055877855
3 6 6 9 -0.00014116343055877855
2 7 7 8 -0.00014116343055877855
3 7 7 9 -0.00014116343055877855
2 8 2 8 9.921361333542524e-07
3 8 2 9 9.921361333542524e-07
2 9 3 8 9.921361333542524e-07
3 9 3 9 9.921361333542524e-07
2 8 8 8 -0.00018124899998718167
3 8 8 9 -0.00018124899998718167
2 9 9 8 -0.00018124899998718167
3 9 9 9 -0.00018124899998718167
2 10 10 8 -0.00011764108349291506
3 10 10 9 -0.00011764108349291506
2 11 11 8 -0.00011764108349291506
3 11 11 9 -0.00011764108349291506
2 0 2 10 0.010273261145451044
3 0 2 11 0.010273261145451044
2 1 3 10 0.010273261145451044
3 1 3 11 0.010273261145451044
2 0 8 10 9.459715193573761e-05
3 0 8 11 9.459715193573761e-05
2 1 9 10 9.459715193573761e-05
3 1 9 11 9.459715193573761e-05
2 2 0 10 0.010273261145451046
3 2 0 11 0.010273261145451046
2 3 1 10 0.010273261145451046
3 3 1 11 0.010273261145451046
2 2 10 10 0.010441589432705792
3 2 10 11 0.010441589432705792
2 3 11 10 0.010441589432705792
3 3 11 11 0.010441589432705792
2 8 0 10 9.459715193573761e-05
3 8 0 11 9.459715193573761e-05
2 9 1 10 9.459715193573761e-05
3 9 1 11 9.459715193573761e-05
2 8 10 10 -9.280059728528352e-05
3 8 10 11 -9.280059728528352e-05
2 9 11 10 -9.280059728528352e-05
3 9 11 11 -9.280059728528352e-05
2 10 2 10 0.010441589432705792
3 10 2 11 0.010441589432705792
2 11 3 10 0.010441589432705792
3 11 3 11 0.010441589432705792
2 10 8 10 -9.280059728528353e-05
3 10 8 11 -9.280059728528353e-05
2 11 9 10 -9.280059728528353e-05
3 11 9 11 -9.280059728528353e-05
4 0 4 0 0.010146329400612823
5 0 4 1 0.010146329400612823
4 1 5 0 0.010146329400612823
5 1 5 1 0.010146329400612823
4 0 6 0 9.642834278210449e-05
5 0 6 1 9.642834278210449e-05
4 1 7 0 9.642834278210449e-05
5 1 7 1 9.642834278210449e-05
4 4 0 0 0.010146329400612825
5 4 0 1 0.010146329400612825
4 5 1 0 0.010146329400612825
5 5 1 1 0.010146329400612825
4 4 10 0 0.010273261145451046
5 4 10 1 0.010273261145451046
4 5 11 0 0.010273261145451046
5 5 11 1 0.010273261145451046
4 6 0 0 9.642834278210449e-05
5 6 0 1 9.642834278210449e-05
4 7 1 0 9.642834278210449e-05
5 7 1 1 9.642834278210449e-05
4 6 10 0 -9.459715765821899e-05
5 6 10 1 -9.459715765821899e-05
4 7 11 0 -9.459715765821899e-05
5 7 11 1 -9.459715765821899e-05
4 10 4 0 0.010273261145451046
5 10 4 1 0.010273261145451046
4 11 5 0 0.010273261145451046
5 11 5 1 0.010273261145451046
4 10 6 0 -9.459715765821899e-05
5 10 6 1 -9.459715765821899e-05
4 11 7 0 -9.459715765821899e-05
5 11 7 1 -9.459715765821899e-05
4 2 4 2 0.020559434226157858
5 2 4 3 0.020559434226157858
4 3 5 2 0.020559434226157858
5 3 5 3 0.020559434226157858
4 2 6 2 -2.0043034719341603e-05
5 2 6 3 -2.0043034719341603e-05
4 3 7 2 -2.0043034719341603e-05
5 3 7 3 -2.0043034719341603e-05
4 4 2 2 0.020559434226157858
5 4 2 3 0.020559434226157858
4 5 3 2 0.020559434226157858
5 5 3 3 0.020559434226157858
4 4 8 2 -2.0043034719341603e-05
5 4 8 3 -2.0043034719341603e-05
4 5 9 2 -2.0043034719341603e-05
5 5 9 3 -2.0043034719341603e-05
4 6 2 2 -2.0043034719341606e-05
5 6 2 3 -2.0043034719341606e-05
4 7 3 2 -2.0043034719341606e-05
5 7 3 3 -2.0043034719341606e-05
4 6 8 2 4.74831522623396e-05
5 6 8 3 4.74831522623396e-05
4 7 9 2 4.74831522623396e-05
5 7 9 3 4.74831522623396e-05
4 8 4 2 -2.0043034719341606e-05
5 8 4 3 -2.0043034719341606e-05
4 9 5 2 -2.0043034719341606e-05
5 9 5 3 -2.0043034719341606e-05
4 8 6 2 4.74831522623396e-05
5 8 6 3 4.74831522623396e-05
4 9 7 2 4.74831522623396e-05
5 9 7 3 4.74831522623396e-05
4 0 0 4 0.21521182261944136
5 0 0 5 0.21521182261944136
4 1 1 4 0.21521182261944136
5 1 1 5 0.21521182261944136
4 0 10 4 0.12402226601647999
5 0 10 5 0.12402226601647999
4 1 11 4 0.12402226601647999
5 1 11 5 0.12402226601647999
4 2 2 4 0.34028535404494464
5 2 2 5 0.34028535404494464
4 3 3 4 0.34028535404494464
5 3 3 5 0.34028535404494464
4 2 8 4 -0.00014116343055877863
5 2 8 5 -0.00014116343055877863
4 3 9 4 -0.00014116343055877863
5 3 9 5 -0.00014116343055877863
4 4 4 4 0.3814042229946459
5 4 4 5 0.3814042229946459
4 5 5 4 0.3814042229946459
5 5 5 5 0.3814042229946459
4 4 6 4 -0.00018124899998718167
5 4 6 5 -0.00018124899998718167
4 5 7 4 -0.00018124899998718167
5 5 7 5 -0.00018124899998718167
4 6 4 4 -0.0001812489999871816
5 6 4 5 -0.0001812489999871816
4 7 5 4 -0.0001812489999871816
5 7 5 5 -0.0001812489999871816
4 6 6 4 0.08897653490936304
5 6 6 5 0.08897653490936304
4 7 7 4 0.08897653490936304
5 7 7 5 0.08897653490936304
4 8 2 4 -0.0001411634305587786
5 8 2 5 -0.0001411634305587786
4 9 3 4 -0.0001411634305587786
5 9 3 5 -0.0001411634305587786
4 8 8 4 0.08888156810745286
5 8 8 5 0.08888156810745286
4 9 9 4 0.08888156810745286
5 9 9 5 0.08888156810745286
4 10 0 4 0.12402226601647999
5 10 0 5 0.12402226601647999
4 11 1 4 0.12402226601647999
5 11 1 5 0.12402226601647999
4 10 10 4 0.21743619648637894
5 10 10 5 0.21743619648637894
4 11 11 4 0.21743619648637894
5 11 11 5 0.21743619648637894
4 0 0 6 -0.00010870872809204765
5 0 0 7 -0.00010870872809204765
4 1 1 6 -0.00010870872809204765
5 1 1 7 -0.00010870872809204765
4 2 2 6 -0.00014116343055877858
5 2 2 7 -0.00014116343055877858
4 3 3 6 -0.00014116343055877858
5 3 3 7 -0.00014116343055877858
4 2 8 6 7.449833623061956e-07
5 2 8 7 7.449833623061956e-07
4 3 9 6 7.449833623061956e-07
5 3 9 7 7.449833623061956e-07
4 4 4 6 -0.0001812489999871816
5 4 4 7 -0.0001812489999871816
4 5 5 6 -0.0001812489999871816
5 5 5 7 -0.0001812489999871816
4 4 6 6 9.921361333542524e-07
5 4 6 7 9.921361333542524e-07
4 5 7 6 9.921361333542524e-07
5 5 7 7 9.921361333542524e-07
4 6 4 6 9.921361333542524e-07
5 6 4 7 9.921361333542524e-07
4 7 5 6 9.921361333542524e-07
5 7 5 7 9.921361333542524e-07
4 6 6 6 -0.00018124899998718167
5 6 6 7 -0.00018124899998718167
4 7 7 6 -0.00018124899998718167
5 7 7 7 -0.00018124899998718167
4 8 2 6 7.449833623061956e-07
5 8 2 7 7.449833623061956e-07
4 9 3 6 7.449833623061956e-07
5 9 3 7 7.449833623061956e-07
4 8 8 6 -0.00014116343055877855
5 8 8 7 -0.00014116343055877855
4 9 9 6 -0.00014116343055877855
5 9 9 7 -0.00014116343055877855
4 10 10 6 -0.00011764108349291506
5 10 10 7 -0.00011764108349291506
4 11 11 6 -0.00011764108349291506
5 11 11 7 -0.00011764108349291506
4 2 4 8 -2.004303471934161e-05
5 2 4 9 -2.004303471934161e-05
4 3 5 8 -2.004303471934161e-05
5 3 5 9 -2.004303471934161e-05
4 2 6 8 1.23827696201582e-07
5 2 6 9 1.23827696201582e-07
4 3 7 8 1.23827696201582e-07
5 3 7 9 1.23827696201582e-07
4 4 2 8 -2.004303471934161e-05
5 4 2 9 -2.004303471934161e-05
4 5 3 8 -2.004303471934161e-05
5 5 3 9 -2.004303471934161e-05
4 4 8 8 1.23827696201582e-07
5 4 8 9 1.23827696201582e-07
4 5 9 8 1.23827696201582e-07
5 5 9 9 1.23827696201582e-07
4 6 2 8 1.23827696201582e-07
5 6 2 9 1.23827696201582e-07
4 7 3 8 1.23827696201582e-07
5 7 3 9 1.23827696201582e-07
4 6 8 8 -2.004303471934161e-05
5 6 8 9 -2.004303471934161e-05
4 7 9 8 -2.004303471934161e-05
5 7 9 9 -2.004303471934161e-05
4 8 4 8 1.23827696201582e-07
5 8 4 9 1.23827696201582e-07
4 9 5 8 1.23827696201582e-07
5 9 5 9 1.23827696201582e-07
4 8 6 8 -2.004303471934161e-05
5 8 6 9 -2.004303471934161e-05
4 9 7 8 -2.004303471934161e-05
5 9 7 9 -2.004303471934161e-05
4 0 4 10 0.010273261145451044
5 0 4 11 0.010273261145451044
4 1 5 10 0.010273261145451044
5 1 5 11 0.010273261145451044
4 0 6 10 9.459715193573761e-05
5 0 6 11 9.459715193573761e-05
4 1 7 10 9.459715193573761e-05
5 1 7 11 9.459715193573761e-05
4 4 0 10 0.010273261145451046
5 4 0 11 0.010273261145451046
4 5 1 10 0.010273261145451046
5 5 1 11 0.010273261145451046
4 4 10 10 0.010441589432705792
5 4 10 11 0.010441589432705792
4 5 11 10 0.010441589432705792
5 5 11 11 0.010441589432705792
4 6 0 10 9.459715193573761e-05
5 6 0 11 9.459715193573761e-05
4 7 1 10 9.459715193573761e-05
5 7 1 11 9.459715193573761e-05
4 6 10 10 -9.280059728528352e-05
5 6 10 11 -9.280059728528352e-05
4 7 11 10 -9.280059728528352e-05
5 7 11 11 -9.280059728528352e-05
4 10 4 10 0.010441589432705792
5 10 4 11 0.010441589432705792
4 11 5 10 0.010441589432705792
5 11 5 11 0.010441589432705792
4 10 6 10 -9.280059728528353e-05
5 10 6 11 -9.280059728528353e-05
4 11 7 10 -9.280059728528353e-05
5 11 7 11 -9.280059728528353e-05
6 0 4 0 9.64283427821045e-05
7 0 4 1 9.64283427821045e-05
6 1 5 0 9.64283427821045e-05
7 1 5 1 9.64283427821045e-05
6 0 6 0 0.010146328545455958
7 0 6 1 0.010146328545455958
6 1 7 0 0.010146328545455958
7 1 7 1 0.010146328545455958
6 4 0 0 9.642834278210449e-05
7 4 0 1 9.642834278210449e-05
6 5 1 0 9.642834278210449e-05
7 5 1 1 9.642834278210449e-05
6 4 10 0 9.459715193573762e-05
7 4 10 1 9.459715193573762e-05
6 5 11 0 9.459715193573762e-05
7 5 11 1 9.459715193573762e-05
6 6 0 0 0.010146328545455956
7 6 0 1 0.010146328545455956
6 7 1 0 0.010146328545455956
7 7 1 1 0.010146328545455956
6 6 10 0 -0.01027326124380241
7 6 10 1 -0.01027326124380241
6 7 11 0 -0.01027326124380241
7 7 11 1 -0.01027326124380241
6 10 4 0 9.45971519357376e-05
7 10 4 1 9.45971519357376e-05
6 11 5 0 9.45971519357376e-05
7 11 5 1 9.45971519357376e-05
6 10 6 0 -0.010273261243802413
7 10 6 1 -0.010273261243802413
6 11 7 0 -0.010273261243802413
7 11 7 1 -0.010273261243802413
6 2 4 2 -2.004303471934161e-05
7 2 4 3 -2.004303471934161e-05
6 3 5 2 -2.004303471934161e-05
7 3 5 3 -2.004303471934161e-05
6 2 6 2 1.23827696201582e-07
7 2 6 3 1.23827696201582e-07
6 3 7 2 1.23827696201582e-07
7 3 7 3 1.23827696201582e-07
6 4 2 2 -2.004303471934161e-05
7 4 2 3 -2.004303471934161e-05
6 5 3 2 -2.004303471934161e-05
7 5 3 3 -2.004303471934161e-05
6 4 8 2 1.23827696201582e-07
7 4 8 3 1.23827696201582e-07
6 5 9 2 1.23827696201582e-07
7 5 9 3 1.23827696201582e-07
6 6 2 2 1.23827696201582e-07
7 6 2 3 1.23827696201582e-07
6 7 3 2 1.23827696201582e-07
7 7 3 3 1.23827696201582e-07
6 6 8 2 -2.004303471934161e-05
7 6 8 3 -2.004303471934161e-05
6 7 9 2 -2.004303471934161e-05
7 7 9 3 -2.004303471934161e-05
6 8 4 2 1.23827696201582e-07
7 8 4 3 1.23827696201582e-07
6 9 5 2 1.23827696201582e-07
7 9 5 3 1.23827696201582e-07
6 8 6 2 -2.004303471934161e-05
7 8 6 3 -2.004303471934161e-05
6 9 7 2 -2.004303471934161e-05
7 9 7 3 -2.004303471934161e-05
6 0 0 4 -0.00010870872809204765
7 0 0 5 -0.00010870872809204765
6 1 1 4 -0.00010870872809204765
7 1 1 5 -0.00010870872809204765
6 2 2 4 -0.00014116343055877855
7 2 2 5 -0.00014116343055877855
6 3 3 4 -0.00014116343055877855
7 3 3 5 -0.00014116343055877855
6 2 8 4 7.449833623061956e-07
7 2 8 5 7.449833623061956e-07
6 3 9 4 7.449833623061956e-07
7 3 9 5 7.449833623061956e-07
6 4 4 4 -0.00018124899998718167
7 4 4 5 -0.00018124899998718167
6 5 5 4 -0.00018124899998718167
7 5 5 5 -0.00018124899998718167
6 4 6 4 9.921361333542524e-07
7 4 6 5 9.921361333542524e-07
6 5 7 4 9.921361333542524e-07
7 5 7 5 9.921361333542524e-07
6 6 4 4 9.921361333542524e-07
7 6 4 5 9.921361333542524e-07
6 7 5 4 9.921361333542524e-07
7 7 5 5 9.921361333542524e-07
6 6 6 4 -0.0001812489999871816
7 6 6 5 -0.0001812489999871816
6 7 7 4 -0.0001812489999871816
7 7 7 5 -0.0001812489999871816
6 8 2 4 7.449833623061956e-07
7 8 2 5 7.449833623061956e-07
6 9 3 4 7.449833623061956e-07
7 9 3 5 7.449833623061956e-07
6 8 8 4 -0.00014116343055877858
7 8 8 5 -0.00014116343055877858
6 9 9 4 -0.00014116343055877858
7 9 9 5 -0.00014116343055877858
6 10 10 4 -0.00011764108349291506
7 10 10 5 -0.00011764108349291506
6 11 11 4 -0.00011764108349291506
7 11 11 5 -0.00011764108349291506
6 0 0 6 0.21521181092226932
7 0 0 7 0.21521181092226932
6 1 1 6 0.21521181092226932
7 1 1 7 0.21521181092226932
6 0 10 6 -0.12402227160691912
7 0 10 7 -0.12402227160691912
6 1 11 6 -0.12402227160691912
7 1 11 7 -0.12402227160691912
6 2 2 6 0.08888156810745286
7 2 2 7 0.08888156810745286
6 3 3 6 0.08888156810745286
7 3 3 7 0.08888156810745286
6 2 8 6 -0.0001411634305587786
7 2 8 7 -0.0001411634305587786
6 3 9 6 -0.0001411634305587786
7 3 9 7 -0.0001411634305587786
6 4 4 6 0.08897653490936304
7 4 4 7 0.08897653490936304
6 5 5 6 0.08897653490936304
7 5 5 7 0.08897653490936304
6 4 6 6 -0.0001812489999871816
7 4 6 7 -0.0001812489999871816
6 5 7 6 -0.0001812489999871816
7 5 7 7 -0.0001812489999871816
6 6 4 6 -0.00018124899998718167
7 6 4 7 -0.00018124899998718167
6 7 5 6 -0.00018124899998718167
7 7 5 7 -0.00018124899998718167
6 6 6 6 0.3814042229946459
7 6 6 7 0.3814042229946459
6 7 7 6 0.3814042229946459
7 7 7 7 0.3814042229946459
6 8 2 6 -0.00014116343055877863
7 8 2 7 -0.00014116343055877863
6 9 3 6 -0.00014116343055877863
7 9 3 7 -0.00014116343055877863
6 8 8 6 0.34028535404494464
7 8 8 7 0.34028535404494464
6 9 9 6 0.34028535404494464
7 9 9 7 0.34028535404494464
6 10 0 6 -0.12402227160691917
7 10 0 7 -0.12402227160691917
6 11 1 6 -0.12402227160691917
7 11 1 7 -0.12402227160691917
6 10 10 6 0.21743619674361067
7 10 10 7 0.21743619674361067
6 11 11 6 0.21743619674361067
7 11 11 7 0.21743619674361067
6 2 4 8 4.74831522623396e-05
7 2 4 9 4.74831522623396e-05
6 3 5 8 4.74831522623396e-05
7 3 5 9 4.74831522623396e-05
6 2 6 8 -2.0043034719341606e-05
7 2 6 9 -2.0043034719341606e-05
6 3 7 8 -2.0043034719341606e-05
7 3 7 9 -2.0043034719341606e-05
6 4 2 8 4.74831522623396e-05
7 4 2 9 4.74831522623396e-05
6 5 3 8 4.74831522623396e-05
7 5 3 9 4.74831522623396e-05
6 4 8 8 -2.0043034719341606e-05
7 4 8 9 -2.0043034719341606e-05
6 5 9 8 -2.0043034719341606e-05
7 5 9 9 -2.0043034719341606e-05
6 6 2 8 -2.0043034719341603e-05
7 6 2 9 -2.0043034719341603e-05
6 7 3 8 -2.0043034719341603e-05
7 7 3 9 -2.0043034719341603e-05
6 6 8 8 0.020559434226157858
7 6 8 9 0.020559434226157858
6 7 9 8 0.020559434226157858
7 7 9 9 0.020559434226157858
6 8 4 8 -2.0043034719341603e-05
7 8 4 9 -2.0043034719341603e-05
6 9 5 8 -2.0043034719341603e-05
7 9 5 9 -2.0043034719341603e-05
6 8 6 8 0.020559434226157858
7 8 6 9 0.020559434226157858
6 9 7 8 0.020559434226157858
7 9 7 9 0.020559434226157858
6 0 4 10 -9.459715765821899e-05
7 0 4 11 -9.459715765821899e-05
6 1 5 10 -9.459715765821899e-05
7 1 5 11 -9.459715765821899e-05
6 0 6 10 -0.010273261243802411
7 0 6 11 -0.010273261243802411
6 1 7 10 -0.010273261243802411
7 1 7 11 -0.010273261243802411
6 4 0 10 -9.459715765821896e-05
7 4 0 11 -9.459715765821896e-05
6 5 1 10 -9.459715765821896e-05
7 5 1 11 -9.459715765821896e-05
6 4 10 10 -9.280059728528355e-05
7 4 10 11 -9.280059728528355e-05
6 5 11 10 -9.280059728528355e-05
7 5 11 11 -9.280059728528355e-05
6 6 0 10 -0.01027326124380241
7 6 0 11 -0.01027326124380241
6 7 1 10 -0.01027326124380241
7 7 1 11 -0.01027326124380241
6 6 10 10 0.010441590189164927
7 6 10 11 0.010441590189164927
6 7 11 10 0.010441590189164927
7 7 11 11 0.010441590189164927
6 10 4 10 -9.280059728528352e-05
7 10 4 11 -9.280059728528352e-05
6 11 5 10 -9.280059728528352e-05
7 11 5 11 -9.280059728528352e-05
6 10 6 10 0.010441590189164929
7 10 6 11 0.010441590189164929
6 11 7 10 0.010441590189164929
7 11 7 11 0.010441590189164929
8 0 2 0 9.64283427821045e-05
9 0 2 1 9.64283427821045e-05
8 1 3 0 9.64283427821045e-05
9 1 3 1 9.64283427821045e-05
8 0 8 0 0.010146328545455958
9 0 8 1 0.010146328545455958
8 1 9 0 0.010146328545455958
9 1 9 1 0.010146328545455958
8 2 0 0 9.642834278210449e-05
9 2 0 1 9.642834278210449e-05
8 3 1 0 9.642834278210449e-05
9 3 1 1 9.642834278210449e-05
8 2 10 0 9.459715193573762e-05
9 2 10 1 9.459715193573762e-05
8 3 11 0 9.459715193573762e-05
9 3 11 1 9.459715193573762e-05
8 8 0 0 0.010146328545455956
9 8 0 1 0.010146328545455956
8 9 1 0 0.010146328545455956
9 9 1 1 0.010146328545455956
8 8 10 0 -0.01027326124380241
9 8 10 1 -0.01027326124380241
8 9 11 0 -0.01027326124380241
9 9 11 1 -0.01027326124380241
8 10 2 0 9.45971519357376e-05
9 10 2 1 9.45971519357376e-05
8 11 3 0 9.45971519357376e-05
9 11 3 1 9.45971519357376e-05
8 10 8 0 -0.010273261243802413
9 10 8 1 -0.010273261243802413
8 11 9 0 -0.010273261243802413
9 11 9 1 -0.010273261243802413
8 0 0 2 -0.00010870872809204765
9 0 0 3 -0.00010870872809204765
8 1 1 2 -0.00010870872809204765
9 1 1 3 -0.00010870872809204765
8 2 2 2 -0.00018124899998718167
9 2 2 3 -0.00018124899998718167
8 3 3 2 -0.00018124899998718167
9 3 3 3 -0.00018124899998718167
8 2 8 2 9.921361333542524e-07
9 2 8 3 9.921361333542524e-07
8 3 9 2 9.921361333542524e-07
9 3 9 3 9.921361333542524e-07
8 4 4 2 -0.00014116343055877855
9 4 4 3 -0.00014116343055877855
8 5 5 2 -0.00014116343055877855
9 5 5 3 -0.00014116343055877855
8 4 6 2 7.449833623061956e-07
9 4 6 3 7.449833623061956e-07
8 5 7 2 7.449833623061956e-07
9 5 7 3 7.449833623061956e-07
8 6 4 2 7.449833623061956e-07
9 6 4 3 7.449833623061956e-07
8 7 5 2 7.449833623061956e-07
9 7 5 3 7.449833623061956e-07
8 6 6 2 -0.00014116343055877858
9 6 6 3 -0.00014116343055877858
8 7 7 2 -0.00014116343055877858
9 7 7 3 -0.00014116343055877858
8 8 2 2 9.921361333542524e-07
9 8 2 3 9.921361333542524e-07
8 9 3 2 9.921361333542524e-07
9 9 3 3 9.921361333542524e-07
8 8 8 2 -0.0001812489999871816
9 8 8 3 -0.0001812489999871816
8 9 9 2 -0.0001812489999871816
9 9 9 3 -0.0001812489999871816
8 10 10 2 -0.00011764108349291506
9 10 10 3 -0.00011764108349291506
8 11 11 2 -0.00011764108349291506
9 11 11 3 -0.00011764108349291506
8 2 4 4 -2.004303471934161e-05
9 2 4 5 -2.004303471934161e-05
8 3 5 4 -2.004303471934161e-05
9 3 5 5 -2.004303471934161e-05
8 2 6 4 1.23827696201582e-07
9 2 6 5 1.23827696201582e-07
8 3 7 4 1.23827696201582e-07
9 3 7 5 1.23827696201582e-07
8 4 2 4 -2.004303471934161e-05
9 4 2 5 -2.004303471934161e-05
8 5 3 4 -2.004303471934161e-05
9 5 3 5 -2.004303471934161e-05
8 4 8 4 1.23827696201582e-07
9 4 8 5 1.23827696201582e-07
8 5 9 4 1.23827696201582e-07
9 5 9 5 1.23827696201582e-07
8 6 2 4 1.23827696201582e-07
9 6 2 5 1.23827696201582e-07
8 7 3 4 1.23827696201582e-07
9 7 3 5 1.23827696201582e-07
8 6 8 4 -2.004303471934161e-05
9 6 8 5 -2.004303471934161e-05
8 7 9 4 -2.004303471934161e-05
9 7 9 5 -2.004303471934161e-05
8 8 4 4 1.23827696201582e-07
9 8 4 5 1.23827696201582e-07
8 9 5 4 1.23827696201582e-07
9 9 5 5 1.23827696201582e-07
8 8 6 4 -2.004303471934161e-05
9 8 6 5 -2.004303471934161e-05
8 9 7 4 -2.004303471934161e-05
9 9 7 5 -2.004303471934161e-05
8 2 4 6 4.74831522623396e-05
9 2 4 7 4.74831522623396e-05
8 3 5 6 4.74831522623396e-05
9 3 5 7 4.74831522623396e-05
8 2 6 6 -2.0043034719341606e-05
9 2 6 7 -2.0043034719341606e-05
8 3 7 6 -2.0043034719341606e-05
9 3 7 7 -2.0043034719341606e-05
8 4 2 6 4.74831522623396e-05
9 4 2 7 4.74831522623396e-05
8 5 3 6 4.74831522623396e-05
9 5 3 7 4.74831522623396e-05
8 4 8 6 -2.0043034719341606e-05
9 4 8 7 -2.0043034719341606e-05
8 5 9 6 -2.0043034719341606e-05
9 5 9 7 -2.0043034719341606e-05
8 6 2 6 -2.0043034719341603e-05
9 6 2 7 -2.0043034719341603e-05
8 7 3 6 -2.0043034719341603e-05
9 7 3 7 -2.0043034719341603e-05
8 6 8 6 0.020559434226157858
9 6 8 7 0.020559434226157858
8 7 9 6 0.020559434226157858
9 7 9 7 0.020559434226157858
8 8 4 6 -2.0043034719341603e-05
9 8 4 7 -2.0043034719341603e-05
8 9 5 6 -2.0043034719341603e-05
9 9 5 7 -2.0043034719341603e-05
8 8 6 6 0.020559434226157858
9 8 6 7 0.020559434226157858
8 9 7 6 0.020559434226157858
9 9 7 7 0.020559434226157858
8 0 0 8 0.21521181092226932
9 0 0 9 0.21521181092226932
8 1 1 8 0.21521181092226932
9 1 1 9 0.21521181092226932
8 0 10 8 -0.12402227160691912
9 0 10 9 -0.12402227160691912
8 1 11 8 -0.12402227160691912
9 1 11 9 -0.12402227160691912
8 2 2 8 0.08897653490936304
9 2 2 9 0.08897653490936304
8 3 3 8 0.08897653490936304
9 3 3 9 0.08897653490936304
8 2 8 8 -0.0001812489999871816
9 2 8 9 -0.0001812489999871816
8 3 9 8 -0.0001812489999871816
9 3 9 9 -0.0001812489999871816
8 4 4 8 0.08888156810745286
9 4 4 9 0.08888156810745286
8 5 5 8 0.08888156810745286
9 5 5 9 0.08888156810745286
8 4 6 8 -0.0001411634305587786
9 4 6 9 -0.0001411634305587786
8 5 7 8 -0.0001411634305587786
9 5 7 9 -0.0001411634305587786
8 6 4 8 -0.00014116343055877863
9 6 4 9 -0.00014116343055877863
8 7 5 8 -0.00014116343055877863
9 7 5 9 -0.00014116343055877863
8 6 6 8 0.34028535404494464
9 6 6 9 0.34028535404494464
8 7 7 8 0.34028535404494464
9 7 7 9 0.34028535404494464
8 8 2 8 -0.00018124899998718167
9 8 2 9 -0.00018124899998718167
8 9 3 8 -0.00018124899998718167
9 9 3 9 -0.00018124899998718167
8 8 8 8 0.3814042229946459
9 8 8 9 0.3814042229946459
8 9 9 8 0.3814042229946459
9 9 9 9 0.3814042229946459
8 10 0 8 -0.12402227160691917
9 10 0 9 -0.12402227160691917
8 11 1 8 -0.12402227160691917
9 11 1 9 -0.12402227160691917
8 10 10 8 0.21743619674361067
9 10 10 9 0.21743619674361067
8 11 11 8 0.21743619674361067
9 11 11 9 0.21743619674361067
8 0 2 10 -9.459715765821899e-05
9 0 2 11 -9.459715765821899e-05
8 1 3 10 -9.459715765821899e-05
9 1 3 11 -9.459715765821899e-05
8 0 8 10 -0.010273261243802411
9 0 8 11 -0.010273261243802411
8 1 9 10 -0.010273261243802411
9 1 9 11 -0.010273261243802411
8 2 0 10 -9.459715765821896e-05
9 2 0 11 -9.459715765821896e-05
8 3 1 10 -9.459715765821896e-05
9 3 1 11 -9.459715765821896e-05
8 2 10 10 -9.280059728528355e-05
9 2 10 11 -9.280059728528355e-05
8 3 11 10 -9.280059728528355e-05
9 3 11 11 -9.280059728528355e-05
8 8 0 10 -0.01027326124380241
9 8 0 11 -0.01027326124380241
8 9 1 10 -0.01027326124380241
9 9 1 11 -0.01027326124380241
8 8 10 10 0.010441590189164927
9 8 10 11 0.010441590189164927
8 9 11 10 0.010441590189164927
9 9 11 11 0.010441590189164927
8 10 2 10 -9.280059728528352e-05
9 10 2 11 -9.280059728528352e-05
8 11 3 10 -9.280059728528352e-05
9 11 3 11 -9.280059728528352e-05
8 10 8 10 0.010441590189164929
9 10 8 11 0.010441590189164929
8 11 9 10 0.010441590189164929
9 11 9 11 0.010441590189164929
10 0 10 0 0.14251789393321662
11 0 10 1 0.14251789393321662
10 1 11 0 0.14251789393321662
11 1 11 1 0.14251789393321662
10 2 2 0 0.12402226601647996
11 2 2 1 0.12402226601647996
10 3 3 0 0.12402226601647996
11 3 3 1 0.12402226601647996
10 4 4 0 0.12402226601647996
11 4 4 1 0.12402226601647996
10 5 5 0 0.12402226601647996
11 5 5 1 0.12402226601647996
10 6 6 0 -0.12402227160691914
11 6 6 1 -0.12402227160691914
10 7 7 0 -0.12402227160691914
11 7 7 1 -0.12402227160691914
10 8 8 0 -0.12402227160691914
11 8 8 1 -0.12402227160691914
10 9 9 0 -0.12402227160691914
11 9 9 1 -0.12402227160691914
10 10 0 0 0.14251789393321662
11 10 0 1 0.14251789393321662
10 11 1 0 0.14251789393321662
11 11 1 1 0.14251789393321662
10 0 2 2 0.010273261145451046
11 0 2 3 0.010273261145451046
10 1 3 2 0.010273261145451046
11 1 3 3 0.010273261145451046
10 0 8 2 9.459715193573761e-05
11 0 8 3 9.459715193573761e-05
10 1 9 2 9.459715193573761e-05
11 1 9 3 9.459715193573761e-05
10 2 0 2 0.010273261145451048
11 2 0 3 0.010273261145451048
10 3 1 2 0.010273261145451048
11 3 1 3 0.010273261145451048
10 2 10 2 0.010441589432705794
11 2 10 3 0.010441589432705794
10 3 11 2 0.010441589432705794
11 3 11 3 0.010441589432705794
10 8 0 2 9.459715193573761e-05
11 8 0 3 9.459715193573761e-05
10 9 1 2 9.459715193573761e-05
11 9 1 3 9.459715193573761e-05
10 8 10 2 -9.280059728528351e-05
11 8 10 3 -9.280059728528351e-05
10 9 11 2 -9.280059728528351e-05
11 9 11 3 -9.280059728528351e-05
10 10 2 2 0.010441589432705794
11 10 2 3 0.010441589432705794
10 11 3 2 0.010441589432705794
11 11 3 3 0.010441589432705794
10 10 8 2 -9.280059728528352e-05
11 10 8 3 -9.280059728528352e-05
10 11 9 2 -9.280059728528352e-05
11 11 9 3 -9.280059728528352e-05
10 0 4 4 0.010273261145451046
11 0 4 5 0.010273261145451046
10 1 5 4 0.010273261145451046
11 1 5 5 0.010273261145451046
10 0 6 4 9.459715193573761e-05
11 0 6 5 9.459715193573761e-05
10 1 7 4 9.459715193573761e-05
11 1 7 5 9.459715193573761e-05
10 4 0 4 0.010273261145451048
11 4 0 5 0.010273261145451048
10 5 1 4 0.010273261145451048
11 5 1 5 0.010273261145451048
10 4 10 4 0.010441589432705794
11 4 10 5 0.010441589432705794
10 5 11 4 0.010441589432705794
11 5 11 5 0.010441589432705794
10 6 0 4 9.459715193573761e-05
11 6 0 5 9.459715193573761e-05
10 7 1 4 9.459715193573761e-05
11 7 1 5 9.459715193573761e-05
10 6 10 4 -9.280059728528351e-05
11 6 10 5 -9.280059728528351e-05
10 7 11 4 -9.280059728528351e-05
11 7 11 5 -9.280059728528351e-05
10 10 4 4 0.010441589432705794
11 10 4 5 0.010441589432705794
10 11 5 4 0.010441589432705794
11 11 5 5 0.010441589432705794
10 10 6 4 -9.280059728528352e-05
11 10 6 5 -9.280059728528352e-05
10 11 7 4 -9.280059728528352e-05
11 11 7 5 -9.280059728528352e-05
10 0 4 6 -9.459715765821897e-05
11 0 4 7 -9.459715765821897e-05
10 1 5 6 -9.459715765821897e-05
11 1 5 7 -9.459715765821897e-05
10 0 6 6 -0.010273261243802411
11 0 6 7 -0.010273261243802411
10 1 7 6 -0.010273261243802411
11 1 7 7 -0.010273261243802411
10 4 0 6 -9.459715765821895e-05
11 4 0 7 -9.459715765821895e-05
10 5 1 6 -9.459715765821895e-05
11 5 1 7 -9.459715765821895e-05
10 4 10 6 -9.280059728528355e-05
11 4 10 7 -9.280059728528355e-05
10 5 11 6 -9.280059728528355e-05
11 5 11 7 -9.280059728528355e-05
10 6 0 6 -0.01027326124380241
11 6 0 7 -0.01027326124380241
10 7 1 6 -0.01027326124380241
11 7 1 7 -0.01027326124380241
10 6 10 6 0.010441590189164927
11 6 10 7 0.010441590189164927
10 7 11 6 0.010441590189164927
11 7 11 7 0.010441590189164927
10 10 4 6 -9.280059728528353e-05
11 10 4 7 -9.280059728528353e-05
10 11 5 6 -9.280059728528353e-05
11 11 5 7 -9.280059728528353e-05
10 10 6 6 0.010441590189164929
11 10 6 7 0.010441590189164929
10 11 7 6 0.010441590189164929
11 11 7 7 0.010441590189164929
10 0 2 8 -9.459715765821897e-05
11 0 2 9 -9.459715765821897e-05
10 1 3 8 -9.459715765821897e-05
11 1 3 9 -9.459715765821897e-05
10 0 8 8 -0.010273261243802411
11 0 8 9 -0.010273261243802411
10 1 9 8 -0.010273261243802411
11 1 9 9 -0.010273261243802411
10 2 0 8 -9.459715765821895e-05
11 2 0 9 -9.459715765821895e-05
10 3 1 8 -9.459715765821895e-05
11 3 1 9 -9.459715765821895e-05
10 2 10 8 -9.280059728528355e-05
11 2 10 9 -9.280059728528355e-05
10 3 11 8 -9.280059728528355e-05
11 3 11 9 -9.280059728528355e-05
10 8 0 8 -0.01027326124380241
11 8 0 9 -0.01027326124380241
10 9 1 8 -0.01027326124380241
11 9 1 9 -0.01027326124380241
10 8 10 8 0.010441590189164927
11 8 10 9 0.010441590189164927
10 9 11 8 0.010441590189164927
11 9 11 9 0.010441590189164927
10 10 2 8 -9.280059728528353e-05
11 10 2 9 -9.280059728528353e-05
10 11 3 8 -9.280059728528353e-05
11 11 3 9 -9.280059728528353e-05
10 10 8 8 0.010441590189164929
11 10 8 9 0.010441590189164929
10 11 9 8 0.010441590189164929
11 11 9 9 0.010441590189164929
10 0 0 10 0.23895398722184621
11 0 0 11 0.23895398722184621
10 1 1 10 0.23895398722184621
11 1 1 11 0.23895398722184621
10 2 2 10 0.21743619648637894
11 2 2 11 0.21743619648637894
10 3 3 10 0.21743619648637894
11 3 3 11 0.21743619648637894
10 2 8 10 -0.00011764108349291512
11 2 8 11 -0.00011764108349291512
10 3 9 10 -0.00011764108349291512
11 3 9 11 -0.00011764108349291512
10 4 4 10 0.21743619648637894
11 4 4 11 0.21743619648637894
10 5 5 10 0.21743619648637894
11 5 5 11 0.21743619648637894
10 4 6 10 -0.00011764108349291512
11 4 6 11 -0.00011764108349291512
10 5 7 10 -0.00011764108349291512
11 5 7 11 -0.00011764108349291512
10 6 4 10 -0.00011764108349291512
11 6 4 11 -0.00011764108349291512
10 7 5 10 -0.00011764108349291512
11 7 5 11 -0.00011764108349291512
10 6 6 10 0.21743619674361073
11 6 6 11 0.21743619674361073
10 7 7 10 0.21743619674361073
11 7 7 11 0.21743619674361073
10 8 2 10 -0.00011764108349291512
11 8 2 11 -0.00011764108349291512
10 9 3 10 -0.00011764108349291512
11 9 3 11 -0.00011764108349291512
10 8 8 10 0.21743619674361073
11 8 8 11 0.21743619674361073
10 9 9 10 0.21743619674361073
11 9 9 11 0.21743619674361073
10 10 10 10 0.2414355924868875
11 10 10 11 0.2414355924868875
10 11 11 10 0.2414355924868875
11 11 11 11 0.2414355924868875
