-98.30482116990905
0 0 -2.6700879229782073
1 1 -2.6700879229782073
0 10 1.3568129267338414e-07
1 11 1.3568129267338414e-07
2 2 -2.533737869131066
3 3 -2.533737869131066
2 8 -0.021512594207109735
3 9 -0.021512594207109735
4 4 -2.533737869131066
5 5 -2.533737869131066
4 6 -0.021512594207109735
5 7 -0.021512594207109735
6 4 -0.02151259420710973
7 5 -0.02151259420710973
6 6 -2.533737451850377
7 7 -2.533737451850377
8 2 -0.02151259420710973
9 3 -0.02151259420710973
8 8 -2.533737451850377
9 9 -2.533737451850377
10 0 1.3568129207663926e-07
11 1 1.3568129207663926e-07
10 10 -2.5132199174782937
11 11 -2.5132199174782937
0 0 0 0 0.26051259597092435
1 0 0 1 0.26051259597092435
0 1 1 0 0.26051259597092435
1 1 1 1 0.26051259597092435
0 0 10 0 1.250737448332817e-08
1 0 10 1 1.250737448332817e-08
0 1 11 0 1.250737448332817e-08
1 1 11 1 1.250737448332817e-08
0 2 2 0 0.23501481428136406
1 2 2 1 0.23501481428136406
0 3 3 0 0.23501481428136406
1 3 3 1 0.23501481428136406
0 2 8 0 -0.0005136167232806247
1 2 8 1 -0.0005136167232806247
0 3 9 0 -0.0005136167232806247
1 3 9 1 -0.0005136167232806247
0 4 4 0 0.23501481428136406
1 4 4 1 0.23501481428136406
0 5 5 0 0.23501481428136406
1 5 5 1 0.23501481428136406
0 4 6 0 -0.0005136167232806247
1 4 6 1 -0.0005136167232806247
0 5 7 0 -0.0005136167232806247
1 5 7 1 -0.0005136167232806247
0 6 4 0 -0.0005136167232806247
1 6 4 1 -0.0005136167232806247
0 7 5 0 -0.0005136167232806247
1 7 5 1 -0.0005136167232806247
0 6 6 0 0.2350147256661837
1 6 6 1 0.2350147256661837
0 7 7 0 0.2350147256661837
1 7 7 1 0.2350147256661837
0 8 2 0 -0.0005136167232806247
1 8 2 1 -0.0005136167232806247
0 9 3 0 -0.0005136167232806247
1 9 3 1 -0.0005136167232806247
0 8 8 0 0.2350147256661837
1 8 8 1 0.2350147256661837
0 9 9 0 0.2350147256661837
1 9 9 1 0.2350147256661837
0 10 0 0 1.250737442781702e-08
1 10 0 1 1.250737442781702e-08
0 11 1 0 1.250737442781702e-08
1 11 1 1 1.250737442781702e-08
0 10 10 0 0.26734057309505804
1 10 10 1 0.26734057309505804
0 11 11 0 0.26734057309505804
1 11 11 1 0.26734057309505804
0 0 2 2 0.010218950914891715
1 0 2 3 0.010218950914891715
0 1 3 2 0.010218950914891715
1 1 3 3 0.010218950914891715
0 0 8 2 0.0005854820553153288
1 0 8 3 0.0005854820553153288
0 1 9 2 0.0005854820553153288
1 1 9 3 0.0005854820553153288
0 2 0 2 0.010218950914891714
1 2 0 3 0.010218950914891714
0 3 1 2 0.010218950914891714
1 3 1 3 0.010218950914891714
0 2 10 2 0.010102231139109262
1 2 10 3 0.010102231139109262
0 3 11 2 0.010102231139109262
1 3 11 3 0.010102231139109262
0 8 0 2 0.0005854820553153289
1 8 0 3 0.0005854820553153289
0 9 1 2 0.0005854820553153289
1 9 1 3 0.0005854820553153289
0 8 10 2 -0.0005764254121070488
1 8 10 3 -0.0005764254121070488
0 9 11 2 -0.0005764254121070488
1 9 11 3 -0.0005764254121070488
0 10 2 2 0.010102231139109262
1 10 2 3 0.010102231139109262
0 11 3 2 0.010102231139109262
1 11 3 3 0.010102231139109262
0 10 8 2 -0.0005764254121070488
1 10 8 3 -0.0005764254121070488
0 11 9 2 -0.0005764254121070488
1 11 9 3 -0.0005764254121070488
0 0 4 4 0.010218950914891715
1 0 4 5 0.010218950914891715
0 1 5 4 0.010218950914891715
1 1 5 5 0.010218950914891715
0 0 6 4 0.0005854820553153288
1 0 6 5 0.0005854820553153288
0 1 7 4 0.0005854820553153288
1 1 7 5 0.0005854820553153288
0 4 0 4 0.010218950914891714
1 4 0 5 0.010218950914891714
0 5 1 4 0.010218950914891714
1 5 1 5 0.010218950914891714
0 4 10 4 0.010102231139109262
1 4 10 5 0.010102231139109262
0 5 11 4 0.010102231139109262
1 5 11 5 0.010102231139109262
0 6 0 4 0.0005854820553153289
1 6 0 5 0.0005854820553153289
0 7 1 4 0.0005854820553153289
1 7 1 5 0.0005854820553153289
0 6 10 4 -0.0005764254121070488
1 6 10 5 -0.0005764254121070488
0 7 11 4 -0.0005764254121070488
1 7 11 5 -0.0005764254121070488
0 10 4 4 0.010102231139109262
1 10 4 5 0.010102231139109262
0 11 5 4 0.010102231139109262
1 11 5 5 0.010102231139109262
0 10 6 4 -0.0005764254121070488
1 10 6 5 -0.0005764254121070488
0 11 7 4 -0.0005764254121070488
1 11 7 5 -0.0005764254121070488
0 0 4 6 0.0005854820553153286
1 0 4 7 0.0005854820553153286
0 1 5 6 0.0005854820553153286
1 1 5 7 0.0005854820553153286
0 0 6 6 0.010218941593657743
1 0 6 7 0.010218941593657743
0 1 7 6 0.010218941593657743
1 1 7 7 0.010218941593657743
0 4 0 6 0.0005854820553153288
1 4 0 7 0.0005854820553153288
0 5 1 6 0.0005854820553153288
1 5 1 7 0.0005854820553153288
0 4 10 6 0.0005764266956257816
1 4 10 7 0.0005764266956257816
0 5 11 6 0.0005764266956257816
1 5 11 7 0.0005764266956257816
0 6 0 6 0.010218941593657743
1 6 0 7 0.010218941593657743
0 7 1 6 0.010218941593657743
1 7 1 7 0.010218941593657743
0 6 10 6 -0.010102242436462901
1 6 10 7 -0.010102242436462901
0 7 11 6 -0.010102242436462901
1 7 11 7 -0.010102242436462901
0 10 4 6 0.0005764266956257817
1 10 4 7 0.0005764266956257817
0 11 5 6 0.0005764266956257817
1 11 5 7 0.0005764266956257817
0 10 6 6 -0.0101022424364629
1 10 6 7 -0.0101022424364629
0 11 7 6 -0.0101022424364629
1 11 7 7 -0.0101022424364629
0 0 2 8 0.0005854820553153286
1 0 2 9 0.0005854820553153286
0 1 3 8 0.0005854820553153286
1 1 3 9 0.0005854820553153286
0 0 8 8 0.010218941593657743
1 0 8 9 0.010218941593657743
0 1 9 8 0.010218941593657743
1 1 9 9 0.010218941593657743
0 2 0 8 0.0005854820553153288
1 2 0 9 0.0005854820553153288
0 3 1 8 0.0005854820553153288
1 3 1 9 0.0005854820553153288
0 2 10 8 0.0005764266956257816
1 2 10 9 0.0005764266956257816
0 3 11 8 0.0005764266956257816
1 3 11 9 0.0005764266956257816
0 8 0 8 0.010218941593657743
1 8 0 9 0.010218941593657743
0 9 1 8 0.010218941593657743
1 9 1 9 0.010218941593657743
0 8 10 8 -0.010102242436462901
1 8 10 9 -0.010102242436462901
0 9 11 8 -0.010102242436462901
1 9 11 9 -0.010102242436462901
0 10 2 8 0.0005764266956257817
1 10 2 9 0.0005764266956257817
0 11 3 8 0.0005764266956257817
1 11 3 9 0.0005764266956257817
0 10 8 8 -0.0101022424364629
1 10 8 9 -0.0101022424364629
0 11 9 8 -0.0101022424364629
1 11 9 9 -0.0101022424364629
0 0 0 10 1.2507374511083746e-08
1 0 0 11 1.2507374511083746e-08
0 1 1 10 1.2507374511083746e-08
1 1 1 11 1.2507374511083746e-08
0 0 10 10 0.1178374792034564
1 0 10 11 0.1178374792034564
0 1 11 10 0.1178374792034564
1 1 11 11 0.1178374792034564
0 2 2 10 0.10317573061964977
1 2 2 11 0.10317573061964977
0 3 3 10 0.10317573061964977
1 3 3 11 0.10317573061964977
0 4 4 10 0.10317573061964977
1 4 4 11 0.10317573061964977
0 5 5 10 0.10317573061964977
1 5 5 11 0.10317573061964977
0 6 6 10 -0.10317579391348422
1 6 6 11 -0.10317579391348422
0 7 7 10 -0.10317579391348422
1 7 7 11 -0.10317579391348422
0 8 8 10 -0.10317579391348422
1 8 8 11 -0.10317579391348422
0 9 9 10 -0.10317579391348422
1 9 9 11 -0.10317579391348422
0 10 0 10 0.11783747920345641
1 10 0 11 0.11783747920345641
0 11 1 10 0.11783747920345641
1 11 1 11 0.11783747920345641
0 10 10 10 -4.000772693690813e-08
1 10 10 11 -4.000772693690813e-08
0 11 11 10 -4.000772693690813e-08
1 11 11 11 -4.000772693690813e-08
2 0 2 0 0.010218950914891712
3 0 2 1 0.010218950914891712
2 1 3 0 0.010218950914891712
3 1 3 1 0.010218950914891712
2 0 8 0 0.0005854820553153288
3 0 8 1 0.0005854820553153288
2 1 9 0 0.0005854820553153288
3 1 9 1 0.0005854820553153288
2 2 0 0 0.010218950914891712
3 2 0 1 0.010218950914891712
2 3 1 0 0.010218950914891712
3 3 1 1 0.010218950914891712
2 2 10 0 0.010102231139109264
3 2 10 1 0.010102231139109264
2 3 11 0 0.010102231139109264
3 3 11 1 0.010102231139109264
2 8 0 0 0.0005854820553153289
3 8 0 1 0.0005854820553153289
2 9 1 0 0.0005854820553153289
3 9 1 1 0.0005854820553153289
2 8 10 0 -0.0005764254121070489
3 8 10 1 -0.0005764254121070489
2 9 11 0 -0.0005764254121070489
3 9 11 1 -0.0005764254121070489
2 10 2 0 0.010102231139109262
3 10 2 1 0.010102231139109262
2 11 3 0 0.010102231139109262
3 11 3 1 0.010102231139109262
2 10 8 0 -0.000576425412107049
3 10 8 1 -0.000576425412107049
2 11 9 0 -0.000576425412107049
3 11 9 1 -0.000576425412107049
2 0 0 2 0.23501481428136412
3 0 0 3 0.23501481428136412
2 1 1 2 0.23501481428136412
3 1 1 3 0.23501481428136412
2 0 10 2 0.10317573061964977
3 0 10 3 0.10317573061964977
2 1 11 2 0.10317573061964977
3 1 11 3 0.10317573061964977
2 2 2 2 0.381664111647377
3 2 2 3 0.381664111647377
2 3 3 2 0.381664111647377
3 3 3 3 0.381664111647377
2 2 8 2 -0.0012980276080052037
3 2 8 3 -0.0012980276080052037
2 3 9 2 -0.0012980276080052037
3 3 9 3 -0.0012980276080052037
2 4 4 2 0.3404968299832495
3 4 4 3 0.3404968299832495
2 5 5 2 0.3404968299832495
3 5 5 3 0.3404968299832495
2 4 6 2 -0.000992088239255556
3 4 6 3 -0.000992088239255556
2 5 7 2 -0.000992088239255556
3 5 7 3 -0.000992088239255556
2 6 4 2 -0.000992088239255556
3 6 4 3 -0.000992088239255556
2 7 5 2 -0.000992088239255556
3 7 5 3 -0.000992088239255556
2 6 6 2 0.12519785612717363
3 6 6 3 0.12519785612717363
2 7 7 2 0.12519785612717363
3 7 7 3 0.12519785612717363
2 8 2 2 -0.001298027608005204
3 8 2 3 -0.001298027608005204
2 9 3 2 -0.001298027608005204
3 9 3 3 -0.001298027608005204
2 8 8 2 0.1257797736039394
3 8 8 3 0.1257797736039394
2 9 9 2 0.1257797736039394
3 9 9 3 0.1257797736039394
2 10 0 2 0.10317573061964977
3 10 0 3 0.10317573061964977
2 11 1 2 0.10317573061964977
3 11 1 3 0.10317573061964977
2 10 10 2 0.2440416905198735
3 10 10 3 0.2440416905198735
2 11 11 2 0.2440416905198735
3 11 11 3 0.2440416905198735
2 2 4 4 0.020583640599897174
3 2 4 5 0.020583640599897174
2 3 5 4 0.020583640599897174
3 3 5 5 0.020583640599897174
2 2 6 4 -0.00015296993536136188
3 2 6 5 -0.00015296993536136188
2 3 7 4 -0.00015296993536136188
3 3 7 5 -0.00015296993536136188
2 4 2 4 0.020583640599897174
3 4 2 5 0.020583640599897174
2 5 3 4 0.020583640599897174
3 5 3 5 0.020583640599897174
2 4 8 4 -0.00015296993536136188
3 4 8 5 -0.00015296993536136188
2 5 9 4 -0.00015296993536136188
3 5 9 5 -0.00015296993536136188
2 6 2 4 -0.0001529699353613619
3 6 2 5 -0.0001529699353613619
2 7 3 4 -0.0001529699353613619
3 7 3 5 -0.0001529699353613619
2 6 8 4 0.0002909585062162733
3 6 8 5 0.0002909585062162733
2 7 9 4 0.0002909585062162733
3 7 9 5 0.0002909585062162733
2 8 4 4 -0.0001529699353613619
3 8 4 5 -0.0001529699353613619
2 9 5 4 -0.0001529699353613619
3 9 5 5 -0.0001529699353613619
2 8 6 4 0.0002909585062162733
3 8 6 5 0.0002909585062162733
2 9 7 4 0.0002909585062162733
3 9 7 5 0.0002909585062162733
2 2 4 6 -0.00015296993536136188
3 2 4 7 -0.00015296993536136188
2 3 5 6 -0.00015296993536136188
3 3 5 7 -0.00015296993536136188
2 2 6 6 1.4526690160158498e-05
3 2 6 7 1.4526690160158498e-05
2 3 7 6 1.4526690160158498e-05
3 3 7 7 1.4526690160158498e-05
2 4 2 6 -0.00015296993536136188
3 4 2 7 -0.00015296993536136188
2 5 3 6 -0.00015296993536136188
3 5 3 7 -0.00015296993536136188
2 4 8 6 1.4526690160158498e-05
3 4 8 7 1.4526690160158498e-05
2 5 9 6 1.4526690160158498e-05
3 5 9 7 1.4526690160158498e-05
2 6 2 6 1.4526690160158496e-05
3 6 2 7 1.4526690160158496e-05
2 7 3 6 1.4526690160158496e-05
3 7 3 7 1.4526690160158496e-05
2 6 8 6 -0.00015296993536136188
3 6 8 7 -0.00015296993536136188
2 7 9 6 -0.00015296993536136188
3 7 9 7 -0.00015296993536136188
2 8 4 6 1.4526690160158496e-05
3 8 4 7 1.4526690160158496e-05
2 9 5 6 1.4526690160158496e-05
3 9 5 7 1.4526690160158496e-05
2 8 6 6 -0.00015296993536136188
3 8 6 7 -0.00015296993536136188
2 9 7 6 -0.00015296993536136188
3 9 7 7 -0.00015296993536136188
2 0 0 8 -0.0005136167232806261
3 0 0 9 -0.0005136167232806261
2 1 1 8 -0.0005136167232806261
3 1 1 9 -0.0005136167232806261
2 2 2 8 -0.0012980276080052024
3 2 2 9 -0.0012980276080052024
2 3 3 8 -0.0012980276080052024
3 3 3 9 -0.0012980276080052024
2 2 8 8 0.00010038072015149932
3 2 8 9 0.00010038072015149932
2 3 9 8 0.00010038072015149932
3 3 9 9 0.00010038072015149932
2 4 4 8 -0.0009920882392555567
3 4 4 9 -0.0009920882392555567
2 5 5 8 -0.0009920882392555567
3 5 5 9 -0.0009920882392555567
2 4 6 8 7.132787681219822e-05
3 4 6 9 7.132787681219822e-05
2 5 7 8 7.132787681219822e-05
3 5 7 9 7.132787681219822e-05
2 6 4 8 7.132787681219822e-05
3 6 4 9 7.132787681219822e-05
2 7 5 8 7.132787681219822e-05
3 7 5 9 7.132787681219822e-05
2 6 6 8 -0.000992088239255555
3 6 6 9 -0.000992088239255555
2 7 7 8 -0.000992088239255555
3 7 7 9 -0.000992088239255555
2 8 2 8 0.00010038072015149932
3 8 2 9 0.00010038072015149932
2 9 3 8 0.00010038072015149932
3 9 3 9 0.00010038072015149932
2 8 8 8 -0.0012980276080052028
3 8 8 9 -0.0012980276080052028
2 9 9 8 -0.0012980276080052028
3 9 9 9 -0.0012980276080052028
2 10 10 8 -0.0007286889893492999
3 10 10 9 -0.0007286889893492999
2 11 11 8 -0.0007286889893492999
3 11 11 9 -0.0007286889893492999
2 0 2 10 0.010102231139109259
3 0 2 11 0.010102231139109259
2 1 3 10 0.010102231139109259
3 1 3 11 0.010102231139109259
2 0 8 10 0.0005764266956257817
3 0 8 11 0.0005764266956257817
2 1 9 10 0.0005764266956257817
3 1 9 11 0.0005764266956257817
2 2 0 10 0.010102231139109259
3 2 0 11 0.010102231139109259
2 3 1 10 0.010102231139109259
3 3 1 11 0.010102231139109259
2 2 10 10 0.011489456287582243
3 2 10 11 0.011489456287582243
2 3 11 10 0.011489456287582243
3 3 11 11 0.011489456287582243
2 8 0 10 0.0005764266956257818
3 8 0 11 0.0005764266956257818
2 9 1 10 0.0005764266956257818
3 9 1 11 0.0005764266956257818
2 8 10 10 -0.0004458352917405214
3 8 10 11 -0.0004458352917405214
2 9 11 10 -0.0004458352917405214
3 9 11 11 -0.0004458352917405214
2 10 2 10 0.011489456287582243
3 10 2 11 0.011489456287582243
2 11 3 10 0.011489456287582243
3 11 3 11 0.011489456287582243
2 10 8 10 -0.00044583529174052134
3 10 8 11 -0.00044583529174052134
2 11 9 10 -0.00044583529174052134
3 11 9 11 -0.00044583529174052134
4 0 4 0 0.010218950914891712
5 0 4 1 0.010218950914891712
4 1 5 0 0.010218950914891712
5 1 5 1 0.010218950914891712
4 0 6 0 0.0005854820553153288
5 0 6 1 0.0005854820553153288
4 1 7 0 0.0005854820553153288
5 1 7 1 0.0005854820553153288
4 4 0 0 0.010218950914891712
5 4 0 1 0.010218950914891712
4 5 1 0 0.010218950914891712
5 5 1 1 0.010218950914891712
4 4 10 0 0.010102231139109264
5 4 10 1 0.010102231139109264
4 5 11 0 0.010102231139109264
5 5 11 1 0.010102231139109264
4 6 0 0 0.0005854820553153289
5 6 0 1 0.0005854820553153289
4 7 1 0 0.0005854820553153289
5 7 1 1 0.0005854820553153289
4 6 10 0 -0.0005764254121070489
5 6 10 1 -0.0005764254121070489
4 7 11 0 -0.0005764254121070489
5 7 11 1 -0.0005764254121070489
4 10 4 0 0.010102231139109262
5 10 4 1 0.010102231139109262
4 11 5 0 0.010102231139109262
5 11 5 1 0.010102231139109262
4 10 6 0 -0.000576425412107049
5 10 6 1 -0.000576425412107049
4 11 7 0 -0.000576425412107049
5 11 7 1 -0.000576425412107049
4 2 4 2 0.020583640599897174
5 2 4 3 0.020583640599897174
4 3 5 2 0.020583640599897174
5 3 5 3 0.020583640599897174
4 2 6 2 -0.00015296993536136188
5 2 6 3 -0.00015296993536136188
4 3 7 2 -0.00015296993536136188
5 3 7 3 -0.00015296993536136188
4 4 2 2 0.020583640599897174
5 4 2 3 0.020583640599897174
4 5 3 2 0.020583640599897174
5 5 3 3 0.020583640599897174
4 4 8 2 -0.00015296993536136188
5 4 8 3 -0.00015296993536136188
4 5 9 2 -0.00015296993536136188
5 5 9 3 -0.00015296993536136188
4 6 2 2 -0.0001529699353613619
5 6 2 3 -0.0001529699353613619
4 7 3 2 -0.0001529699353613619
5 7 3 3 -0.0001529699353613619
4 6 8 2 0.0002909585062162733
5 6 8 3 0.0002909585062162733
4 7 9 2 0.0002909585062162733
5 7 9 3 0.0002909585062162733
4 8 4 2 -0.0001529699353613619
5 8 4 3 -0.0001529699353613619
4 9 5 2 -0.0001529699353613619
5 9 5 3 -0.0001529699353613619
4 8 6 2 0.0002909585062162733
5 8 6 3 0.0002909585062162733
4 9 7 2 0.0002909585062162733
5 9 7 3 0.0002909585062162733
4 0 0 4 0.23501481428136412
5 0 0 5 0.23501481428136412
4 1 1 4 0.23501481428136412
5 1 1 5 0.23501481428136412
4 0 10 4 0.10317573061964977
5 0 10 5 0.10317573061964977
4 1 11 4 0.10317573061964977
5 1 11 5 0.10317573061964977
4 2 2 4 0.3404968299832495
5 2 2 5 0.3404968299832495
4 3 3 4 0.3404968299832495
5 3 3 5 0.3404968299832495
4 2 8 4 -0.000992088239255556
5 2 8 5 -0.000992088239255556
4 3 9 4 -0.000992088239255556
5 3 9 5 -0.000992088239255556
4 4 4 4 0.381664111647377
5 4 4 5 0.381664111647377
4 5 5 4 0.381664111647377
5 5 5 5 0.381664111647377
4 4 6 4 -0.0012980276080052037
5 4 6 5 -0.0012980276080052037
4 5 7 4 -0.0012980276080052037
5 5 7 5 -0.0012980276080052037
4 6 4 4 -0.001298027608005204
5 6 4 5 -0.001298027608005204
4 7 5 4 -0.001298027608005204
5 7 5 5 -0.001298027608005204
4 6 6 4 0.1257797736039394
5 6 6 5 0.1257797736039394
4 7 7 4 0.1257797736039394
5 7 7 5 0.1257797736039394
4 8 2 4 -0.000992088239255556
5 8 2 5 -0.000992088239255556
4 9 3 4 -0.000992088239255556
5 9 3 5 -0.000992088239255556
4 8 8 4 0.12519785612717363
5 8 8 5 0.12519785612717363
4 9 9 4 0.12519785612717363
5 9 9 5 0.12519785612717363
4 10 0 4 0.10317573061964977
5 10 0 5 0.10317573061964977
4 11 1 4 0.10317573061964977
5 11 1 5 0.10317573061964977
4 10 10 4 0.2440416905198735
5 10 10 5 0.2440416905198735
4 11 11 4 0.2440416905198735
5 11 11 5 0.2440416905198735
4 0 0 6 -0.0005136167232806261
5 0 0 7 -0.0005136167232806261
4 1 1 6 -0.0005136167232806261
5 1 1 7 -0.0005136167232806261
4 2 2 6 -0.0009920882392555567
5 2 2 7 -0.0009920882392555567
4 3 3 6 -0.0009920882392555567
5 3 3 7 -0.0009920882392555567
4 2 8 6 7.132787681219822e-05
5 2 8 7 7.132787681219822e-05
4 3 9 6 7.132787681219822e-05
5 3 9 7 7.132787681219822e-05
4 4 4 6 -0.0012980276080052024
5 4 4 7 -0.0012980276080052024
4 5 5 6 -0.0012980276080052024
5 5 5 7 -0.0012980276080052024
4 4 6 6 0.00010038072015149932
5 4 6 7 0.00010038072015149932
4 5 7 6 0.00010038072015149932
5 5 7 7 0.00010038072015149932
4 6 4 6 0.00010038072015149932
5 6 4 7 0.00010038072015149932
4 7 5 6 0.00010038072015149932
5 7 5 7 0.00010038072015149932
4 6 6 6 -0.0012980276080052028
5 6 6 7 -0.0012980276080052028
4 7 7 6 -0.0012980276080052028
5 7 7 7 -0.0012980276080052028
4 8 2 6 7.132787681219822e-05
5 8 2 7 7.132787681219822e-05
4 9 3 6 7.132787681219822e-05
5 9 3 7 7.132787681219822e-05
4 8 8 6 -0.000992088239255555
5 8 8 7 -0.000992088239255555
4 9 9 6 -0.000992088239255555
5 9 9 7 -0.000992088239255555
4 10 10 6 -0.0007286889893492999
5 10 10 7 -0.0007286889893492999
4 11 11 6 -0.0007286889893492999
5 11 11 7 -0.0007286889893492999
4 2 4 8 -0.00015296993536136188
5 2 4 9 -0.00015296993536136188
4 3 5 8 -0.00015296993536136188
5 3 5 9 -0.00015296993536136188
4 2 6 8 1.4526690160158498e-05
5 2 6 9 1.4526690160158498e-05
4 3 7 8 1.4526690160158498e-05
5 3 7 9 1.4526690160158498e-05
4 4 2 8 -0.00015296993536136188
5 4 2 9 -0.00015296993536136188
4 5 3 8 -0.00015296993536136188
5 5 3 9 -0.00015296993536136188
4 4 8 8 1.4526690160158498e-05
5 4 8 9 1.4526690160158498e-05
4 5 9 8 1.4526690160158498e-05
5 5 9 9 1.4526690160158498e-05
4 6 2 8 1.4526690160158496e-05
5 6 2 9 1.4526690160158496e-05
4 7 3 8 1.4526690160158496e-05
5 7 3 9 1.4526690160158496e-05
4 6 8 8 -0.00015296993536136188
5 6 8 9 -0.00015296993536136188
4 7 9 8 -0.00015296993536136188
5 7 9 9 -0.00015296993536136188
4 8 4 8 1.4526690160158496e-05
5 8 4 9 1.4526690160158496e-05
4 9 5 8 1.4526690160158496e-05
5 9 5 9 1.4526690160158496e-05
4 8 6 8 -0.00015296993536136188
5 8 6 9 -0.00015296993536136188
4 9 7 8 -0.00015296993536136188
5 9 7 9 -0.00015296993536136188
4 0 4 10 0.010102231139109259
5 0 4 11 0.010102231139109259
4 1 5 10 0.010102231139109259
5 1 5 11 0.010102231139109259
4 0 6 10 0.0005764266956257817
5 0 6 11 0.0005764266956257817
4 1 7 10 0.0005764266956257817
5 1 7 11 0.0005764266956257817
4 4 0 10 0.010102231139109259
5 4 0 11 0.010102231139109259
4 5 1 10 0.010102231139109259
5 5 1 11 0.010102231139109259
4 4 10 10 0.011489456287582243
5 4 10 11 0.011489456287582243
4 5 11 10 0.011489456287582243
5 5 11 11 0.011489456287582243
4 6 0 10 0.0005764266956257818
5 6 0 11 0.0005764266956257818
4 7 1 10 0.0005764266956257818
5 7 1 11 0.0005764266956257818
4 6 10 10 -0.0004458352917405214
5 6 10 11 -0.0004458352917405214
4 7 11 10 -0.0004458352917405214
5 7 11 11 -0.0004458352917405214
4 10 4 10 0.011489456287582243
5 10 4 11 0.011489456287582243
4 11 5 10 0.011489456287582243
5 11 5 11 0.011489456287582243
4 10 6 10 -0.00044583529174052134
5 10 6 11 -0.00044583529174052134
4 11 7 10 -0.00044583529174052134
5 11 7 11 -0.00044583529174052134
6 0 4 0 0.0005854820553153287
7 0 4 1 0.0005854820553153287
6 1 5 0 0.0005854820553153287
7 1 5 1 0.0005854820553153287
6 0 6 0 0.010218941593657743
7 0 6 1 0.010218941593657743
6 1 7 0 0.010218941593657743
7 1 7 1 0.010218941593657743
6 4 0 0 0.0005854820553153289
7 4 0 1 0.0005854820553153289
6 5 1 0 0.0005854820553153289
7 5 1 1 0.0005854820553153289
6 4 10 0 0.0005764266956257817
7 4 10 1 0.0005764266956257817
6 5 11 0 0.0005764266956257817
7 5 11 1 0.0005764266956257817
6 6 0 0 0.010218941593657743
7 6 0 1 0.010218941593657743
6 7 1 0 0.010218941593657743
7 7 1 1 0.010218941593657743
6 6 10 0 -0.0101022424364629
7 6 10 1 -0.0101022424364629
6 7 11 0 -0.0101022424364629
7 7 11 1 -0.0101022424364629
6 10 4 0 0.0005764266956257817
7 10 4 1 0.0005764266956257817
6 11 5 0 0.0005764266956257817
7 11 5 1 0.0005764266956257817
6 10 6 0 -0.010102242436462898
7 10 6 1 -0.010102242436462898
6 11 7 0 -0.010102242436462898
7 11 7 1 -0.010102242436462898
6 2 4 2 -0.00015296993536136188
7 2 4 3 -0.00015296993536136188
6 3 5 2 -0.00015296993536136188
7 3 5 3 -0.00015296993536136188
6 2 6 2 1.4526690160158496e-05
7 2 6 3 1.4526690160158496e-05
6 3 7 2 1.4526690160158496e-05
7 3 7 3 1.4526690160158496e-05
6 4 2 2 -0.00015296993536136188
7 4 2 3 -0.00015296993536136188
6 5 3 2 -0.00015296993536136188
7 5 3 3 -0.00015296993536136188
6 4 8 2 1.4526690160158496e-05
7 4 8 3 1.4526690160158496e-05
6 5 9 2 1.4526690160158496e-05
7 5 9 3 1.4526690160158496e-05
6 6 2 2 1.4526690160158498e-05
7 6 2 3 1.4526690160158498e-05
6 7 3 2 1.4526690160158498e-05
7 7 3 3 1.4526690160158498e-05
6 6 8 2 -0.00015296993536136188
7 6 8 3 -0.00015296993536136188
6 7 9 2 -0.00015296993536136188
7 7 9 3 -0.00015296993536136188
6 8 4 2 1.4526690160158498e-05
7 8 4 3 1.4526690160158498e-05
6 9 5 2 1.4526690160158498e-05
7 9 5 3 1.4526690160158498e-05
6 8 6 2 -0.00015296993536136188
7 8 6 3 -0.00015296993536136188
6 9 7 2 -0.00015296993536136188
7 9 7 3 -0.00015296993536136188
6 0 0 4 -0.000513616723280627
7 0 0 5 -0.000513616723280627
6 1 1 4 -0.000513616723280627
7 1 1 5 -0.000513616723280627
6 2 2 4 -0.000992088239255555
7 2 2 5 -0.000992088239255555
6 3 3 4 -0.000992088239255555
7 3 3 5 -0.000992088239255555
6 2 8 4 7.132787681219822e-05
7 2 8 5 7.132787681219822e-05
6 3 9 4 7.132787681219822e-05
7 3 9 5 7.132787681219822e-05
6 4 4 4 -0.0012980276080052028
7 4 4 5 -0.0012980276080052028
6 5 5 4 -0.0012980276080052028
7 5 5 5 -0.0012980276080052028
6 4 6 4 0.00010038072015149932
7 4 6 5 0.00010038072015149932
6 5 7 4 0.00010038072015149932
7 5 7 5 0.00010038072015149932
6 6 4 4 0.00010038072015149932
7 6 4 5 0.00010038072015149932
6 7 5 4 0.00010038072015149932
7 7 5 5 0.00010038072015149932
6 6 6 4 -0.0012980276080052024
7 6 6 5 -0.0012980276080052024
6 7 7 4 -0.0012980276080052024
7 7 7 5 -0.0012980276080052024
6 8 2 4 7.132787681219822e-05
7 8 2 5 7.132787681219822e-05
6 9 3 4 7.132787681219822e-05
7 9 3 5 7.132787681219822e-05
6 8 8 4 -0.0009920882392555567
7 8 8 5 -0.0009920882392555567
6 9 9 4 -0.0009920882392555567
7 9 9 5 -0.0009920882392555567
6 10 10 4 -0.0007286889893492999
7 10 10 5 -0.0007286889893492999
6 11 11 4 -0.0007286889893492999
7 11 11 5 -0.0007286889893492999
6 0 0 6 0.2350147256661837
7 0 0 7 0.2350147256661837
6 1 1 6 0.2350147256661837
7 1 1 7 0.2350147256661837
6 0 10 6 -0.10317579391348422
7 0 10 7 -0.10317579391348422
6 1 11 6 -0.10317579391348422
7 1 11 7 -0.10317579391348422
6 2 2 6 0.12519785612717363
7 2 2 7 0.12519785612717363
6 3 3 6 0.12519785612717363
7 3 3 7 0.12519785612717363
6 2 8 6 -0.000992088239255556
7 2 8 7 -0.000992088239255556
6 3 9 6 -0.000992088239255556
7 3 9 7 -0.000992088239255556
6 4 4 6 0.1257797736039394
7 4 4 7 0.1257797736039394
6 5 5 6 0.1257797736039394
7 5 5 7 0.1257797736039394
6 4 6 6 -0.001298027608005204
7 4 6 7 -0.001298027608005204
6 5 7 6 -0.001298027608005204
7 5 7 7 -0.001298027608005204
6 6 4 6 -0.0012980276080052037
7 6 4 7 -0.0012980276080052037
6 7 5 6 -0.0012980276080052037
7 7 5 7 -0.0012980276080052037
6 6 6 6 0.381664111647377
7 6 6 7 0.381664111647377
6 7 7 6 0.381664111647377
7 7 7 7 0.381664111647377
6 8 2 6 -0.000992088239255556
7 8 2 7 -0.000992088239255556
6 9 3 6 -0.000992088239255556
7 9 3 7 -0.000992088239255556
6 8 8 6 0.3404968299832495
7 8 8 7 0.3404968299832495
6 9 9 6 0.3404968299832495
7 9 9 7 0.3404968299832495
6 10 0 6 -0.1031757939134842
7 10 0 7 -0.1031757939134842
6 11 1 6 -0.1031757939134842
7 11 1 7 -0.1031757939134842
6 10 10 6 0.2440416905198735
7 10 10 7 0.2440416905198735
6 11 11 6 0.2440416905198735
7 11 11 7 0.2440416905198735
6 2 4 8 0.0002909585062162733
7 2 4 9 0.0002909585062162733
6 3 5 8 0.0002909585062162733
7 3 5 9 0.0002909585062162733
6 2 6 8 -0.0001529699353613619
7 2 6 9 -0.0001529699353613619
6 3 7 8 -0.0001529699353613619
7 3 7 9 -0.0001529699353613619
6 4 2 8 0.0002909585062162733
7 4 2 9 0.0002909585062162733
6 5 3 8 0.0002909585062162733
7 5 3 9 0.0002909585062162733
6 4 8 8 -0.0001529699353613619
7 4 8 9 -0.0001529699353613619
6 5 9 8 -0.0001529699353613619
7 5 9 9 -0.0001529699353613619
6 6 2 8 -0.00015296993536136188
7 6 2 9 -0.00015296993536136188
6 7 3 8 -0.00015296993536136188
7 7 3 9 -0.00015296993536136188
6 6 8 8 0.020583640599897174
7 6 8 9 0.020583640599897174
6 7 9 8 0.020583640599897174
7 7 9 9 0.020583640599897174
6 8 4 8 -0.00015296993536136188
7 8 4 9 -0.00015296993536136188
6 9 5 8 -0.00015296993536136188
7 9 5 9 -0.00015296993536136188
6 8 6 8 0.020583640599897174
7 8 6 9 0.020583640599897174
6 9 7 8 0.020583640599897174
7 9 7 9 0.020583640599897174
6 0 4 10 -0.0005764254121070487
7 0 4 11 -0.0005764254121070487
6 1 5 10 -0.0005764254121070487
7 1 5 11 -0.0005764254121070487
6 0 6 10 -0.0101022424364629
7 0 6 11 -0.0101022424364629
6 1 7 10 -0.0101022424364629
7 1 7 11 -0.0101022424364629
6 4 0 10 -0.0005764254121070487
7 4 0 11 -0.0005764254121070487
6 5 1 10 -0.0005764254121070487
7 5 1 11 -0.0005764254121070487
6 4 10 10 -0.0004458352917405215
7 4 10 11 -0.0004458352917405215
6 5 11 10 -0.0004458352917405215
7 5 11 11 -0.0004458352917405215
6 6 0 10 -0.0101022424364629
7 6 0 11 -0.0101022424364629
6 7 1 10 -0.0101022424364629
7 7 1 11 -0.0101022424364629
6 6 10 10 0.011489456287582243
7 6 10 11 0.011489456287582243
6 7 11 10 0.011489456287582243
7 7 11 11 0.011489456287582243
6 10 4 10 -0.0004458352917405214
7 10 4 11 -0.0004458352917405214
6 11 5 10 -0.0004458352917405214
7 11 5 11 -0.0004458352917405214
6 10 6 10 0.011489456287582241
7 10 6 11 0.011489456287582241
6 11 7 10 0.011489456287582241
7 11 7 11 0.011489456287582241
8 0 2 0 0.0005854820553153287
9 0 2 1 0.0005854820553153287
8 1 3 0 0.0005854820553153287
9 1 3 1 0.0005854820553153287
8 0 8 0 0.010218941593657743
9 0 8 1 0.010218941593657743
8 1 9 0 0.010218941593657743
9 1 9 1 0.010218941593657743
8 2 0 0 0.0005854820553153289
9 2 0 1 0.0005854820553153289
8 3 1 0 0.0005854820553153289
9 3 1 1 0.0005854820553153289
8 2 10 0 0.0005764266956257817
9 2 10 1 0.0005764266956257817
8 3 11 0 0.0005764266956257817
9 3 11 1 0.0005764266956257817
8 8 0 0 0.010218941593657743
9 8 0 1 0.010218941593657743
8 9 1 0 0.010218941593657743
9 9 1 1 0.010218941593657743
8 8 10 0 -0.0101022424364629
9 8 10 1 -0.0101022424364629
8 9 11 0 -0.0101022424364629
9 9 11 1 -0.0101022424364629
8 10 2 0 0.0005764266956257817
9 10 2 1 0.0005764266956257817
8 11 3 0 0.0005764266956257817
9 11 3 1 0.0005764266956257817
8 10 8 0 -0.010102242436462898
9 10 8 1 -0.010102242436462898
8 11 9 0 -0.010102242436462898
9 11 9 1 -0.010102242436462898
8 0 0 2 -0.000513616723280627
9 0 0 3 -0.000513616723280627
8 1 1 2 -0.000513616723280627
9 1 1 3 -0.000513616723280627
8 2 2 2 -0.0012980276080052028
9 2 2 3 -0.0012980276080052028
8 3 3 2 -0.0012980276080052028
9 3 3 3 -0.0012980276080052028
8 2 8 2 0.00010038072015149932
9 2 8 3 0.00010038072015149932
8 3 9 2 0.00010038072015149932
9 3 9 3 0.00010038072015149932
8 4 4 2 -0.000992088239255555
9 4 4 3 -0.000992088239255555
8 5 5 2 -0.000992088239255555
9 5 5 3 -0.000992088239255555
8 4 6 2 7.132787681219822e-05
9 4 6 3 7.132787681219822e-05
8 5 7 2 7.132787681219822e-05
9 5 7 3 7.132787681219822e-05
8 6 4 2 7.132787681219822e-05
9 6 4 3 7.132787681219822e-05
8 7 5 2 7.132787681219822e-05
9 7 5 3 7.132787681219822e-05
8 6 6 2 -0.0009920882392555567
9 6 6 3 -0.0009920882392555567
8 7 7 2 -0.0009920882392555567
9 7 7 3 -0.0009920882392555567
8 8 2 2 0.00010038072015149932
9 8 2 3 0.00010038072015149932
8 9 3 2 0.00010038072015149932
9 9 3 3 0.00010038072015149932
8 8 8 2 -0.0012980276080052024
9 8 8 3 -0.0012980276080052024
8 9 9 2 -0.0012980276080052024
9 9 9 3 -0.0012980276080052024
8 10 10 2 -0.0007286889893492999
9 10 10 3 -0.0007286889893492999
8 11 11 2 -0.0007286889893492999
9 11 11 3 -0.0007286889893492999
8 2 4 4 -0.00015296993536136188
9 2 4 5 -0.00015296993536136188
8 3 5 4 -0.00015296993536136188
9 3 5 5 -0.00015296993536136188
8 2 6 4 1.4526690160158496e-05
9 2 6 5 1.4526690160158496e-05
8 3 7 4 1.4526690160158496e-05
9 3 7 5 1.4526690160158496e-05
8 4 2 4 -0.00015296993536136188
9 4 2 5 -0.00015296993536136188
8 5 3 4 -0.00015296993536136188
9 5 3 5 -0.00015296993536136188
8 4 8 4 1.4526690160158496e-05
9 4 8 5 1.4526690160158496e-05
8 5 9 4 1.4526690160158496e-05
9 5 9 5 1.4526690160158496e-05
8 6 2 4 1.4526690160158498e-05
9 6 2 5 1.4526690160158498e-05
8 7 3 4 1.4526690160158498e-05
9 7 3 5 1.4526690160158498e-05
8 6 8 4 -0.00015296993536136188
9 6 8 5 -0.00015296993536136188
8 7 9 4 -0.00015296993536136188
9 7 9 5 -0.00015296993536136188
8 8 4 4 1.4526690160158498e-05
9 8 4 5 1.4526690160158498e-05
8 9 5 4 1.4526690160158498e-05
9 9 5 5 1.4526690160158498e-05
8 8 6 4 -0.00015296993536136188
9 8 6 5 -0.00015296993536136188
8 9 7 4 -0.00015296993536136188
9 9 7 5 -0.00015296993536136188
8 2 4 6 0.0002909585062162733
9 2 4 7 0.0002909585062162733
8 3 5 6 0.0002909585062162733
9 3 5 7 0.0002909585062162733
8 2 6 6 -0.0001529699353613619
9 2 6 7 -0.0001529699353613619
8 3 7 6 -0.0001529699353613619
9 3 7 7 -0.0001529699353613619
8 4 2 6 0.0002909585062162733
9 4 2 7 0.0002909585062162733
8 5 3 6 0.0002909585062162733
9 5 3 7 0.0002909585062162733
8 4 8 6 -0.0001529699353613619
9 4 8 7 -0.0001529699353613619
8 5 9 6 -0.0001529699353613619
9 5 9 7 -0.0001529699353613619
8 6 2 6 -0.00015296993536136188
9 6 2 7 -0.00015296993536136188
8 7 3 6 -0.00015296993536136188
9 7 3 7 -0.00015296993536136188
8 6 8 6 0.020583640599897174
9 6 8 7 0.020583640599897174
8 7 9 6 0.020583640599897174
9 7 9 7 0.020583640599897174
8 8 4 6 -0.00015296993536136188
9 8 4 7 -0.00015296993536136188
8 9 5 6 -0.00015296993536136188
9 9 5 7 -0.00015296993536136188
8 8 6 6 0.020583640599897174
9 8 6 7 0.020583640599897174
8 9 7 6 0.020583640599897174
9 9 7 7 0.020583640599897174
8 0 0 8 0.2350147256661837
9 0 0 9 0.2350147256661837
8 1 1 8 0.2350147256661837
9 1 1 9 0.2350147256661837
8 0 10 8 -0.10317579391348422
9 0 10 9 -0.10317579391348422
8 1 11 8 -0.10317579391348422
9 1 11 9 -0.10317579391348422
8 2 2 8 0.1257797736039394
9 2 2 9 0.1257797736039394
8 3 3 8 0.1257797736039394
9 3 3 9 0.1257797736039394
8 2 8 8 -0.001298027608005204
9 2 8 9 -0.001298027608005204
8 3 9 8 -0.001298027608005204
9 3 9 9 -0.001298027608005204
8 4 4 8 0.12519785612717363
9 4 4 9 0.12519785612717363
8 5 5 8 0.12519785612717363
9 5 5 9 0.12519785612717363
8 4 6 8 -0.000992088239255556
9 4 6 9 -0.000992088239255556
8 5 7 8 -0.000992088239255556
9 5 7 9 -0.000992088239255556
8 6 4 8 -0.000992088239255556
9 6 4 9 -0.000992088239255556
8 7 5 8 -0.000992088239255556
9 7 5 9 -0.000992088239255556
8 6 6 8 0.3404968299832495
9 6 6 9 0.3404968299832495
8 7 7 8 0.3404968299832495
9 7 7 9 0.3404968299832495
8 8 2 8 -0.0012980276080052037
9 8 2 9 -0.0012980276080052037
8 9 3 8 -0.0012980276080052037
9 9 3 9 -0.0012980276080052037
8 8 8 8 0.381664111647377
9 8 8 9 0.381664111647377
8 9 9 8 0.381664111647377
9 9 9 9 0.381664111647377
8 10 0 8 -0.1031757939134842
9 10 0 9 -0.1031757939134842
8 11 1 8 -0.1031757939134842
9 11 1 9 -0.1031757939134842
8 10 10 8 0.2440416905198735
9 10 10 9 0.2440416905198735
8 11 11 8 0.2440416905198735
9 11 11 9 0.2440416905198735
8 0 2 10 -0.0005764254121070487
9 0 2 11 -0.0005764254121070487
8 1 3 10 -0.0005764254121070487
9 1 3 11 -0.0005764254121070487
8 0 8 10 -0.0101022424364629
9 0 8 11 -0.0101022424364629
8 1 9 10 -0.0101022424364629
9 1 9 11 -0.0101022424364629
8 2 0 10 -0.0005764254121070487
9 2 0 11 -0.0005764254121070487
8 3 1 10 -0.0005764254121070487
9 3 1 11 -0.0005764254121070487
8 2 10 10 -0.0004458352917405215
9 2 10 11 -0.0004458352917405215
8 3 11 10 -0.0004458352917405215
9 3 11 11 -0.0004458352917405215
8 8 0 10 -0.0101022424364629
9 8 0 11 -0.0101022424364629
8 9 1 10 -0.0101022424364629
9 9 1 11 -0.0101022424364629
8 8 10 10 0.011489456287582243
9 8 10 11 0.011489456287582243
8 9 11 10 0.011489456287582243
9 9 11 11 0.011489456287582243
8 10 2 10 -0.0004458352917405214
9 10 2 11 -0.0004458352917405214
8 11 3 10 -0.0004458352917405214
9 11 3 11 -0.0004458352917405214
8 10 8 10 0.011489456287582241
9 10 8 11 0.011489456287582241
8 11 9 10 0.011489456287582241
9 11 9 11 0.011489456287582241
10 0 0 0 1.2507374497205959e-08
11 0 0 1 1.2507374497205959e-08
10 1 1 0 1.2507374497205959e-08
11 1 1 1 1.2507374497205959e-08
10 0 10 0 0.11783747920345641
11 0 10 1 0.11783747920345641
10 1 11 0 0.11783747920345641
11 1 11 1 0.11783747920345641
10 2 2 0 0.10317573061964974
11 2 2 1 0.10317573061964974
10 3 3 0 0.10317573061964974
11 3 3 1 0.10317573061964974
10 4 4 0 0.10317573061964974
11 4 4 1 0.10317573061964974
10 5 5 0 0.10317573061964974
11 5 5 1 0.10317573061964974
10 6 6 0 -0.10317579391348423
11 6 6 1 -0.10317579391348423
10 7 7 0 -0.10317579391348423
11 7 7 1 -0.10317579391348423
10 8 8 0 -0.10317579391348423
11 8 8 1 -0.10317579391348423
10 9 9 0 -0.10317579391348423
11 9 9 1 -0.10317579391348423
10 10 0 0 0.11783747920345641
11 10 0 1 0.11783747920345641
10 11 1 0 0.11783747920345641
11 11 1 1 0.11783747920345641
10 10 10 0 -4.0007726964663703e-08
11 10 10 1 -4.0007726964663703e-08
10 11 11 0 -4.0007726964663703e-08
11 11 11 1 -4.0007726964663703e-08
10 0 2 2 0.01010223113910926
11 0 2 3 0.01010223113910926
10 1 3 2 0.01010223113910926
11 1 3 3 0.01010223113910926
10 0 8 2 0.0005764266956257817
11 0 8 3 0.0005764266956257817
10 1 9 2 0.0005764266956257817
11 1 9 3 0.0005764266956257817
10 2 0 2 0.010102231139109259
11 2 0 3 0.010102231139109259
10 3 1 2 0.010102231139109259
11 3 1 3 0.010102231139109259
10 2 10 2 0.011489456287582243
11 2 10 3 0.011489456287582243
10 3 11 2 0.011489456287582243
11 3 11 3 0.011489456287582243
10 8 0 2 0.0005764266956257817
11 8 0 3 0.0005764266956257817
10 9 1 2 0.0005764266956257817
11 9 1 3 0.0005764266956257817
10 8 10 2 -0.0004458352917405215
11 8 10 3 -0.0004458352917405215
10 9 11 2 -0.0004458352917405215
11 9 11 3 -0.0004458352917405215
10 10 2 2 0.011489456287582243
11 10 2 3 0.011489456287582243
10 11 3 2 0.011489456287582243
11 11 3 3 0.011489456287582243
10 10 8 2 -0.0004458352917405215
11 10 8 3 -0.0004458352917405215
10 11 9 2 -0.0004458352917405215
11 11 9 3 -0.0004458352917405215
10 0 4 4 0.01010223113910926
11 0 4 5 0.01010223113910926
10 1 5 4 0.01010223113910926
11 1 5 5 0.01010223113910926
10 0 6 4 0.0005764266956257817
11 0 6 5 0.0005764266956257817
10 1 7 4 0.0005764266956257817
11 1 7 5 0.0005764266956257817
10 4 0 4 0.010102231139109259
11 4 0 5 0.010102231139109259
10 5 1 4 0.010102231139109259
11 5 1 5 0.010102231139109259
10 4 10 4 0.011489456287582243
11 4 10 5 0.011489456287582243
10 5 11 4 0.011489456287582243
11 5 11 5 0.011489456287582243
10 6 0 4 0.0005764266956257817
11 6 0 5 0.0005764266956257817
10 7 1 4 0.0005764266956257817
11 7 1 5 0.0005764266956257817
10 6 10 4 -0.0004458352917405215
11 6 10 5 -0.0004458352917405215
10 7 11 4 -0.0004458352917405215
11 7 11 5 -0.0004458352917405215
10 10 4 4 0.011489456287582243
11 10 4 5 0.011489456287582243
10 11 5 4 0.011489456287582243
11 11 5 5 0.011489456287582243
10 10 6 4 -0.0004458352917405215
11 10 6 5 -0.0004458352917405215
10 11 7 4 -0.0004458352917405215
11 11 7 5 -0.0004458352917405215
10 0 4 6 -0.0005764254121070488
11 0 4 7 -0.0005764254121070488
10 1 5 6 -0.0005764254121070488
11 1 5 7 -0.0005764254121070488
10 0 6 6 -0.010102242436462898
11 0 6 7 -0.010102242436462898
10 1 7 6 -0.010102242436462898
11 1 7 7 -0.010102242436462898
10 4 0 6 -0.0005764254121070488
11 4 0 7 -0.0005764254121070488
10 5 1 6 -0.0005764254121070488
11 5 1 7 -0.0005764254121070488
10 4 10 6 -0.0004458352917405215
11 4 10 7 -0.0004458352917405215
10 5 11 6 -0.0004458352917405215
11 5 11 7 -0.0004458352917405215
10 6 0 6 -0.010102242436462898
11 6 0 7 -0.010102242436462898
10 7 1 6 -0.010102242436462898
11 7 1 7 -0.010102242436462898
10 6 10 6 0.011489456287582241
11 6 10 7 0.011489456287582241
10 7 11 6 0.011489456287582241
11 7 11 7 0.011489456287582241
10 10 4 6 -0.00044583529174052145
11 10 4 7 -0.00044583529174052145
10 11 5 6 -0.00044583529174052145
11 11 5 7 -0.00044583529174052145
10 10 6 6 0.011489456287582241
11 10 6 7 0.011489456287582241
10 11 7 6 0.011489456287582241
11 11 7 7 0.011489456287582241
10 0 2 8 -0.0005764254121070488
11 0 2 9 -0.0005764254121070488
10 1 3 8 -0.0005764254121070488
11 1 3 9 -0.0005764254121070488
10 0 8 8 -0.010102242436462898
11 0 8 9 -0.010102242436462898
10 1 9 8 -0.010102242436462898
11 1 9 9 -0.010102242436462898
10 2 0 8 -0.0005764254121070488
11 2 0 9 -0.0005764254121070488
10 3 1 8 -0.0005764254121070488
11 3 1 9 -0.0005764254121070488
10 2 10 8 -0.0004458352917405215
11 2 10 9 -0.0004458352917405215
10 3 11 8 -0.0004458352917405215
11 3 11 9 -0.0004458352917405215
10 8 0 8 -0.010102242436462898
11 8 0 9 -0.010102242436462898
10 9 1 8 -0.010102242436462898
11 9 1 9 -0.010102242436462898
10 8 10 8 0.011489456287582241
11 8 10 9 0.011489456287582241
10 9 11 8 0.011489456287582241
11 9 11 9 0.011489456287582241
10 10 2 8 -0.00044583529174052145
11 10 2 9 -0.00044583529174052145
10 11 3 8 -0.00044583529174052145
11 11 3 9 -0.00044583529174052145
10 10 8 8 0.011489456287582241
11 10 8 9 0.011489456287582241
10 11 9 8 0.011489456287582241
11 11 9 9 0.011489456287582241
10 0 0 10 0.2673405730950581
11 0 0 11 0.2673405730950581
10 1 1 10 0.2673405730950581
11 1 1 11 0.2673405730950581
10 0 10 10 -4.0007726895274764e-08
11 0 10 11 -4.0007726895274764e-08
10 1 11 10 -4.0007726895274764e-08
11 1 11 11 -4.0007726895274764e-08
10 2 2 10 0.2440416905198735
11 2 2 11 0.2440416905198735
10 3 3 10 0.2440416905198735
11 3 3 11 0.2440416905198735
10 2 8 10 -0.0007286889893492979
11 2 8 11 -0.0007286889893492979
10 3 9 10 -0.0007286889893492979
11 3 9 11 -0.0007286889893492979
10 4 4 10 0.2440416905198735
11 4 4 11 0.2440416905198735
10 5 5 10 0.2440416905198735
11 5 5 11 0.2440416905198735
10 4 6 10 -0.0007286889893492979
11 4 6 11 -0.0007286889893492979
10 5 7 10 -0.0007286889893492979
11 5 7 11 -0.0007286889893492979
10 6 4 10 -0.0007286889893492979
11 6 4 11 -0.0007286889893492979
10 7 5 10 -0.0007286889893492979
11 7 5 11 -0.0007286889893492979
10 6 6 10 0.2440416905198735
11 6 6 11 0.2440416905198735
10 7 7 10 0.2440416905198735
11 7 7 11 0.2440416905198735
10 8 2 10 -0.0007286889893492979
11 8 2 11 -0.0007286889893492979
10 9 3 10 -0.0007286889893492979
11 9 3 11 -0.0007286889893492979
10 8 8 10 0.2440416905198735
11 8 8 11 0.2440416905198735
10 9 9 10 0.2440416905198735
11 9 9 11 0.2440416905198735
10 10 0 10 -4.0007726964663703e-08
11 10 0 11 -4.0007726964663703e-08
10 11 1 10 -4.0007726964663703e-08
11 11 1 11 -4.0007726964663703e-08
10 10 10 10 0.2791768192454569
11 10 10 11 0.2791768192454569
10 11 11 10 0.2791768192454569
11 11 11 11 0.2791768192454569
