-98.90824166803212
0 0 -2.407698400948815
1 1 -2.407698400948815
0 10 3.042109942468299e-08
1 11 3.042109942468299e-08
2 2 -2.3563065214531522
3 3 -2.3563065214531522
2 8 -0.0039219144934080265
3 9 -0.0039219144934080265
4 4 -2.3563065214531522
5 5 -2.3563065214531522
4 6 -0.003921914564097217
5 7 -0.003921914564097217
6 4 -0.003921914564097215
7 5 -0.003921914564097215
6 6 -2.356306383845492
7 7 -2.356306383845492
8 2 -0.003921914493408024
9 3 -0.003921914493408024
8 8 -2.356306383844782
9 9 -2.356306383844782
10 0 3.0421099701805066e-08
11 1 3.0421099701805066e-08
10 10 -2.3635193816643714
11 11 -2.3635193816643714
0 0 0 0 0.24187318708333944
1 0 0 1 0.24187318708333944
0 1 1 0 0.24187318708333944
1 1 1 1 0.24187318708333944
0 0 10 0 4.056962446541412e-08
1 0 10 1 4.056962446541412e-08
0 1 11 0 4.056962446541412e-08
1 1 11 1 4.056962446541412e-08
0 2 2 0 0.21998931437371108
1 2 2 1 0.21998931437371108
0 3 3 0 0.21998931437371108
1 3 3 1 0.21998931437371108
0 2 8 0 -0.00021216204286606221
1 2 8 1 -0.00021216204286606221
0 3 9 0 -0.00021216204286606221
1 3 9 1 -0.00021216204286606221
0 4 4 0 0.21998931437371108
1 4 4 1 0.21998931437371108
0 5 5 0 0.21998931437371108
1 5 5 1 0.21998931437371108
0 4 6 0 -0.00021216203626644157
1 4 6 1 -0.00021216203626644157
0 5 7 0 -0.00021216203626644157
1 5 7 1 -0.00021216203626644157
0 6 4 0 -0.00021216203626644162
1 6 4 1 -0.00021216203626644162
0 7 5 0 -0.00021216203626644162
1 7 5 1 -0.00021216203626644162
0 6 6 0 0.219989228248555
1 6 6 1 0.219989228248555
0 7 7 0 0.219989228248555
1 7 7 1 0.219989228248555
0 8 2 0 -0.00021216204286606221
1 8 2 1 -0.00021216204286606221
0 9 3 0 -0.00021216204286606221
1 9 3 1 -0.00021216204286606221
0 8 8 0 0.2199892282485233
1 8 8 1 0.2199892282485233
0 9 9 0 0.2199892282485233
1 9 9 1 0.2199892282485233
0 10 0 0 4.056962446541412e-08
1 10 0 1 4.056962446541412e-08
0 11 1 0 4.056962446541412e-08
1 11 1 1 4.056962446541412e-08
0 10 10 0 0.24542544590375104
1 10 10 1 0.24542544590375104
0 11 11 0 0.24542544590375104
1 11 11 1 0.24542544590375104
0 0 2 2 0.010083401643493941
1 0 2 3 0.010083401643493941
0 1 3 2 0.010083401643493941
1 1 3 3 0.010083401643493941
0 0 8 2 0.00017050377582545378
1 0 8 3 0.00017050377582545378
0 1 9 2 0.00017050377582545378
1 1 9 3 0.00017050377582545378
0 2 0 2 0.010083401643493941
1 2 0 3 0.010083401643493941
0 3 1 2 0.010083401643493941
1 3 1 3 0.010083401643493941
0 2 10 2 0.01025487284203186
1 2 10 3 0.01025487284203186
0 3 11 2 0.01025487284203186
1 3 11 3 0.01025487284203186
0 8 0 2 0.0001705037758254538
1 8 0 3 0.0001705037758254538
0 9 1 2 0.0001705037758254538
1 9 1 3 0.0001705037758254538
0 8 10 2 -0.00016219002928122978
1 8 10 3 -0.00016219002928122978
0 9 11 2 -0.00016219002928122978
1 9 11 3 -0.00016219002928122978
0 10 2 2 0.01025487284203186
1 10 2 3 0.01025487284203186
0 11 3 2 0.01025487284203186
1 11 3 3 0.01025487284203186
0 10 8 2 -0.00016219002928122978
1 10 8 3 -0.00016219002928122978
0 11 9 2 -0.00016219002928122978
1 11 9 3 -0.00016219002928122978
0 0 4 4 0.010083401643493941
1 0 4 5 0.010083401643493941
0 1 5 4 0.010083401643493941
1 1 5 5 0.010083401643493941
0 0 6 4 0.00017050377612797132
1 0 6 5 0.00017050377612797132
0 1 7 4 0.00017050377612797132
1 1 7 5 0.00017050377612797132
0 4 0 4 0.010083401643493941
1 4 0 5 0.010083401643493941
0 5 1 4 0.010083401643493941
1 5 1 5 0.010083401643493941
0 4 10 4 0.01025487284203186
1 4 10 5 0.01025487284203186
0 5 11 4 0.01025487284203186
1 5 11 5 0.01025487284203186
0 6 0 4 0.00017050377612797132
1 6 0 5 0.00017050377612797132
0 7 1 4 0.00017050377612797132
1 7 1 5 0.00017050377612797132
0 6 10 4 -0.0001621900289736017
1 6 10 5 -0.0001621900289736017
0 7 11 4 -0.0001621900289736017
1 7 11 5 -0.0001621900289736017
0 10 4 4 0.01025487284203186
1 10 4 5 0.01025487284203186
0 11 5 4 0.01025487284203186
1 11 5 5 0.01025487284203186
0 10 6 4 -0.00016219002897360167
1 10 6 5 -0.00016219002897360167
0 11 7 4 -0.00016219002897360167
1 11 7 5 -0.00016219002897360167
0 0 4 6 0.00017050377612797132
1 0 4 7 0.00017050377612797132
0 1 5 6 0.00017050377612797132
1 1 5 7 0.00017050377612797132
0 0 6 6 0.010083394008602357
1 0 6 7 0.010083394008602357
0 1 7 6 0.010083394008602357
1 1 7 7 0.010083394008602357
0 4 0 6 0.00017050377612797126
1 4 0 7 0.00017050377612797126
0 5 1 6 0.00017050377612797126
1 5 1 7 0.00017050377612797126
0 4 10 6 0.00016218984430690673
1 4 10 7 0.00016218984430690673
0 5 11 6 0.00016218984430690673
1 5 11 7 0.00016218984430690673
0 6 0 6 0.010083394008602357
1 6 0 7 0.010083394008602357
0 7 1 6 0.010083394008602357
1 7 1 7 0.010083394008602357
0 6 10 6 -0.010254873339516326
1 6 10 7 -0.010254873339516326
0 7 11 6 -0.010254873339516326
1 7 11 7 -0.010254873339516326
0 10 4 6 0.00016218984430690673
1 10 4 7 0.00016218984430690673
0 11 5 6 0.00016218984430690673
1 11 5 7 0.00016218984430690673
0 10 6 6 -0.010254873339516328
1 10 6 7 -0.010254873339516328
0 11 7 6 -0.010254873339516328
1 11 7 7 -0.010254873339516328
0 0 2 8 0.00017050377582545378
1 0 2 9 0.00017050377582545378
0 1 3 8 0.00017050377582545378
1 1 3 9 0.00017050377582545378
0 0 8 8 0.010083394008590093
1 0 8 9 0.010083394008590093
0 1 9 8 0.010083394008590093
1 1 9 9 0.010083394008590093
0 2 0 8 0.00017050377582545376
1 2 0 9 0.00017050377582545376
0 3 1 8 0.00017050377582545376
1 3 1 9 0.00017050377582545376
0 2 10 8 0.00016218984399924593
1 2 10 9 0.00016218984399924593
0 3 11 8 0.00016218984399924593
1 3 11 9 0.00016218984399924593
0 8 0 8 0.010083394008590091
1 8 0 9 0.010083394008590091
0 9 1 8 0.010083394008590091
1 9 1 9 0.010083394008590091
0 8 10 8 -0.010254873339514256
1 8 10 9 -0.010254873339514256
0 9 11 8 -0.010254873339514256
1 9 11 9 -0.010254873339514256
0 10 2 8 0.00016218984399924593
1 10 2 9 0.00016218984399924593
0 11 3 8 0.00016218984399924593
1 11 3 9 0.00016218984399924593
0 10 8 8 -0.010254873339514258
1 10 8 9 -0.010254873339514258
0 11 9 8 -0.010254873339514258
1 11 9 9 -0.010254873339514258
0 0 0 10 4.0569624451536335e-08
1 0 0 11 4.0569624451536335e-08
0 1 1 10 4.0569624451536335e-08
1 1 1 11 4.0569624451536335e-08
0 0 10 10 0.13630613680984688
1 0 10 11 0.13630613680984688
0 1 11 10 0.13630613680984688
1 1 11 11 0.13630613680984688
0 2 2 10 0.11862259680916681
1 2 2 11 0.11862259680916681
0 3 3 10 0.11862259680916681
1 3 3 11 0.11862259680916681
0 4 4 10 0.11862259680916681
1 4 4 11 0.11862259680916681
0 5 5 10 0.11862259680916681
1 5 5 11 0.11862259680916681
0 6 6 10 -0.11862261188655837
1 6 6 11 -0.11862261188655837
0 7 7 10 -0.11862261188655837
1 7 7 11 -0.11862261188655837
0 8 8 10 -0.11862261188653445
1 8 8 11 -0.11862261188653445
0 9 9 10 -0.11862261188653445
1 9 9 11 -0.11862261188653445
0 10 0 10 0.13630613680984682
1 10 0 11 0.13630613680984682
0 11 1 10 0.13630613680984682
1 11 1 11 0.13630613680984682
0 10 10 10 -3.903417448991586e-08
1 10 10 11 -3.903417448991586e-08
0 11 11 10 -3.903417448991586e-08
1 11 11 11 -3.903417448991586e-08
2 0 2 0 0.010083401643493941
3 0 2 1 0.010083401643493941
2 1 3 0 0.010083401643493941
3 1 3 1 0.010083401643493941
2 0 8 0 0.00017050377582545378
3 0 8 1 0.00017050377582545378
2 1 9 0 0.00017050377582545378
3 1 9 1 0.00017050377582545378
2 2 0 0 0.010083401643493941
3 2 0 1 0.010083401643493941
2 3 1 0 0.010083401643493941
3 3 1 1 0.010083401643493941
2 2 10 0 0.010254872842031859
3 2 10 1 0.010254872842031859
2 3 11 0 0.010254872842031859
3 3 11 1 0.010254872842031859
2 8 0 0 0.00017050377582545376
3 8 0 1 0.00017050377582545376
2 9 1 0 0.00017050377582545376
3 9 1 1 0.00017050377582545376
2 8 10 0 -0.00016219002928122978
3 8 10 1 -0.00016219002928122978
2 9 11 0 -0.00016219002928122978
3 9 11 1 -0.00016219002928122978
2 10 2 0 0.010254872842031859
3 10 2 1 0.010254872842031859
2 11 3 0 0.010254872842031859
3 11 3 1 0.010254872842031859
2 10 8 0 -0.00016219002928122978
3 10 8 1 -0.00016219002928122978
2 11 9 0 -0.00016219002928122978
3 11 9 1 -0.00016219002928122978
2 0 0 2 0.21998931437371105
3 0 0 3 0.21998931437371105
2 1 1 2 0.21998931437371105
3 1 1 3 0.21998931437371105
2 0 10 2 0.11862259680916683
3 0 10 3 0.11862259680916683
2 1 11 2 0.11862259680916683
3 1 11 3 0.11862259680916683
2 2 2 2 0.3814139562015621
3 2 2 3 0.3814139562015621
2 3 3 2 0.3814139562015621
3 3 3 3 0.3814139562015621
2 2 8 2 -0.0003922919591107696
3 2 8 3 -0.0003922919591107696
2 3 9 2 -0.0003922919591107696
3 3 9 3 -0.0003922919591107696
2 4 4 2 0.34029330395711693
3 4 4 3 0.34029330395711693
2 5 5 2 0.34029330395711693
3 5 5 3 0.34029330395711693
2 4 6 2 -0.0003026584992656928
3 4 6 3 -0.0003026584992656928
2 5 7 2 -0.0003026584992656928
3 5 7 3 -0.0003026584992656928
2 6 4 2 -0.00030265849926569284
3 6 4 3 -0.00030265849926569284
2 7 5 2 -0.00030265849926569284
3 7 5 3 -0.00030265849926569284
2 6 6 2 0.09851049758724799
3 6 6 3 0.09851049758724799
2 7 7 2 0.09851049758724799
3 7 7 3 0.09851049758724799
2 8 2 2 -0.00039229195911076966
3 8 2 3 -0.00039229195911076966
2 9 3 2 -0.00039229195911076966
3 9 3 3 -0.00039229195911076966
2 8 8 2 0.09867425314343263
3 8 8 3 0.09867425314343263
2 9 9 2 0.09867425314343263
3 9 9 3 0.09867425314343263
2 10 0 2 0.1186225968091668
3 10 0 3 0.1186225968091668
2 11 1 2 0.1186225968091668
3 11 1 3 0.1186225968091668
2 10 10 2 0.22384461767641833
3 10 10 3 0.22384461767641833
2 11 11 2 0.22384461767641833
3 11 11 3 0.22384461767641833
2 2 4 4 0.02056032587555298
3 2 4 5 0.02056032587555298
2 3 5 4 0.02056032587555298
3 3 5 5 0.02056032587555298
2 2 6 4 -4.4816970870970104e-05
3 2 6 5 -4.4816970870970104e-05
2 3 7 4 -4.4816970870970104e-05
3 3 7 5 -4.4816970870970104e-05
2 4 2 4 0.02056032587555298
3 4 2 5 0.02056032587555298
2 5 3 4 0.02056032587555298
3 5 3 5 0.02056032587555298
2 4 8 4 -4.481697148777185e-05
3 4 8 5 -4.481697148777185e-05
2 5 9 4 -4.481697148777185e-05
3 5 9 5 -4.481697148777185e-05
2 6 2 4 -4.4816970870970104e-05
3 6 2 5 -4.4816970870970104e-05
2 7 3 4 -4.4816970870970104e-05
3 7 3 5 -4.4816970870970104e-05
2 6 8 4 8.187753142225892e-05
3 6 8 5 8.187753142225892e-05
2 7 9 4 8.187753142225892e-05
3 7 9 5 8.187753142225892e-05
2 8 4 4 -4.4816971487771867e-05
3 8 4 5 -4.4816971487771867e-05
2 9 5 4 -4.4816971487771867e-05
3 9 5 5 -4.4816971487771867e-05
2 8 6 4 8.187753142225892e-05
3 8 6 5 8.187753142225892e-05
2 9 7 4 8.187753142225892e-05
3 9 7 5 8.187753142225892e-05
2 2 4 6 -4.4816970870970104e-05
3 2 4 7 -4.4816970870970104e-05
2 3 5 6 -4.4816970870970104e-05
3 3 5 7 -4.4816970870970104e-05
2 2 6 6 7.148560579462493e-07
3 2 6 7 7.148560579462493e-07
2 3 7 6 7.148560579462493e-07
3 3 7 7 7.148560579462493e-07
2 4 2 6 -4.4816970870970104e-05
3 4 2 7 -4.4816970870970104e-05
2 5 3 6 -4.4816970870970104e-05
3 5 3 7 -4.4816970870970104e-05
2 4 8 6 7.148560592906786e-07
3 4 8 7 7.148560592906786e-07
2 5 9 6 7.148560592906786e-07
3 5 9 7 7.148560592906786e-07
2 6 2 6 7.148560579462492e-07
3 6 2 7 7.148560579462492e-07
2 7 3 6 7.148560579462492e-07
3 7 3 7 7.148560579462492e-07
2 6 8 6 -4.481697148530314e-05
3 6 8 7 -4.481697148530314e-05
2 7 9 6 -4.481697148530314e-05
3 7 9 7 -4.481697148530314e-05
2 8 4 6 7.148560592906787e-07
3 8 4 7 7.148560592906787e-07
2 9 5 6 7.148560592906787e-07
3 9 5 7 7.148560592906787e-07
2 8 6 6 -4.481697148530314e-05
3 8 6 7 -4.481697148530314e-05
2 9 7 6 -4.481697148530314e-05
3 9 7 7 -4.481697148530314e-05
2 0 0 8 -0.00021216204286606205
3 0 0 9 -0.00021216204286606205
2 1 1 8 -0.00021216204286606205
3 1 1 9 -0.00021216204286606205
2 2 2 8 -0.0003922919591107695
3 2 2 9 -0.0003922919591107695
2 3 3 8 -0.0003922919591107695
3 3 3 9 -0.0003922919591107695
2 2 8 8 5.474035716582646e-06
3 2 8 9 5.474035716582646e-06
2 3 9 8 5.474035716582646e-06
3 3 9 9 5.474035716582646e-06
2 4 4 8 -0.00030265850947440345
3 4 4 9 -0.00030265850947440345
2 5 5 8 -0.00030265850947440345
3 5 5 9 -0.00030265850947440345
2 4 6 8 4.043830247055406e-06
3 4 6 9 4.043830247055406e-06
2 5 7 8 4.043830247055406e-06
3 5 7 9 4.043830247055406e-06
2 6 4 8 4.043830247055407e-06
3 6 4 9 4.043830247055407e-06
2 7 5 8 4.043830247055407e-06
3 7 5 9 4.043830247055407e-06
2 6 6 8 -0.00030265850947422206
3 6 6 9 -0.00030265850947422206
2 7 7 8 -0.00030265850947422206
3 7 7 9 -0.00030265850947422206
2 8 2 8 5.474035716582646e-06
3 8 2 9 5.474035716582646e-06
2 9 3 8 5.474035716582646e-06
3 9 3 9 5.474035716582646e-06
2 8 8 8 -0.00039229195911076955
3 8 8 9 -0.00039229195911076955
2 9 9 8 -0.00039229195911076955
3 9 9 9 -0.00039229195911076955
2 10 10 8 -0.00024555826813472525
3 10 10 9 -0.00024555826813472525
2 11 11 8 -0.00024555826813472525
3 11 11 9 -0.00024555826813472525
2 0 2 10 0.01025487284203186
3 0 2 11 0.01025487284203186
2 1 3 10 0.01025487284203186
3 1 3 11 0.01025487284203186
2 0 8 10 0.00016218984399924598
3 0 8 11 0.00016218984399924598
2 1 9 10 0.00016218984399924598
3 1 9 11 0.00016218984399924598
2 2 0 10 0.01025487284203186
3 2 0 11 0.01025487284203186
2 3 1 10 0.01025487284203186
3 3 1 11 0.01025487284203186
2 2 10 10 0.010591698691420806
3 2 10 11 0.010591698691420806
2 3 11 10 0.010591698691420806
3 3 11 11 0.010591698691420806
2 8 0 10 0.00016218984399924595
3 8 0 11 0.00016218984399924595
2 9 1 10 0.00016218984399924595
3 9 1 11 0.00016218984399924595
2 8 10 10 -0.00015042322356278358
3 8 10 11 -0.00015042322356278358
2 9 11 10 -0.00015042322356278358
3 9 11 11 -0.00015042322356278358
2 10 2 10 0.010591698691420806
3 10 2 11 0.010591698691420806
2 11 3 10 0.010591698691420806
3 11 3 11 0.010591698691420806
2 10 8 10 -0.00015042322356278358
3 10 8 11 -0.00015042322356278358
2 11 9 10 -0.00015042322356278358
3 11 9 11 -0.00015042322356278358
4 0 4 0 0.010083401643493941
5 0 4 1 0.010083401643493941
4 1 5 0 0.010083401643493941
5 1 5 1 0.010083401643493941
4 0 6 0 0.00017050377612797132
5 0 6 1 0.00017050377612797132
4 1 7 0 0.00017050377612797132
5 1 7 1 0.00017050377612797132
4 4 0 0 0.010083401643493941
5 4 0 1 0.010083401643493941
4 5 1 0 0.010083401643493941
5 5 1 1 0.010083401643493941
4 4 10 0 0.010254872842031859
5 4 10 1 0.010254872842031859
4 5 11 0 0.010254872842031859
5 5 11 1 0.010254872842031859
4 6 0 0 0.00017050377612797132
5 6 0 1 0.00017050377612797132
4 7 1 0 0.00017050377612797132
5 7 1 1 0.00017050377612797132
4 6 10 0 -0.0001621900289736017
5 6 10 1 -0.0001621900289736017
4 7 11 0 -0.0001621900289736017
5 7 11 1 -0.0001621900289736017
4 10 4 0 0.010254872842031859
5 10 4 1 0.010254872842031859
4 11 5 0 0.010254872842031859
5 11 5 1 0.010254872842031859
4 10 6 0 -0.00016219002897360167
5 10 6 1 -0.00016219002897360167
4 11 7 0 -0.00016219002897360167
5 11 7 1 -0.00016219002897360167
4 2 4 2 0.02056032587555298
5 2 4 3 0.02056032587555298
4 3 5 2 0.02056032587555298
5 3 5 3 0.02056032587555298
4 2 6 2 -4.4816970870970104e-05
5 2 6 3 -4.4816970870970104e-05
4 3 7 2 -4.4816970870970104e-05
5 3 7 3 -4.4816970870970104e-05
4 4 2 2 0.02056032587555298
5 4 2 3 0.02056032587555298
4 5 3 2 0.02056032587555298
5 5 3 3 0.02056032587555298
4 4 8 2 -4.481697148777185e-05
5 4 8 3 -4.481697148777185e-05
4 5 9 2 -4.481697148777185e-05
5 5 9 3 -4.481697148777185e-05
4 6 2 2 -4.4816970870970104e-05
5 6 2 3 -4.4816970870970104e-05
4 7 3 2 -4.4816970870970104e-05
5 7 3 3 -4.4816970870970104e-05
4 6 8 2 8.187753142225892e-05
5 6 8 3 8.187753142225892e-05
4 7 9 2 8.187753142225892e-05
5 7 9 3 8.187753142225892e-05
4 8 4 2 -4.4816971487771867e-05
5 8 4 3 -4.4816971487771867e-05
4 9 5 2 -4.4816971487771867e-05
5 9 5 3 -4.4816971487771867e-05
4 8 6 2 8.187753142225892e-05
5 8 6 3 8.187753142225892e-05
4 9 7 2 8.187753142225892e-05
5 9 7 3 8.187753142225892e-05
4 0 0 4 0.21998931437371105
5 0 0 5 0.21998931437371105
4 1 1 4 0.21998931437371105
5 1 1 5 0.21998931437371105
4 0 10 4 0.11862259680916683
5 0 10 5 0.11862259680916683
4 1 11 4 0.11862259680916683
5 1 11 5 0.11862259680916683
4 2 2 4 0.34029330395711693
5 2 2 5 0.34029330395711693
4 3 3 4 0.34029330395711693
5 3 3 5 0.34029330395711693
4 2 8 4 -0.00030265850947440367
5 2 8 5 -0.00030265850947440367
4 3 9 4 -0.00030265850947440367
5 3 9 5 -0.00030265850947440367
4 4 4 4 0.3814139562015621
5 4 4 5 0.3814139562015621
4 5 5 4 0.3814139562015621
5 5 5 5 0.3814139562015621
4 4 6 4 -0.0003922919476684553
5 4 6 5 -0.0003922919476684553
4 5 7 4 -0.0003922919476684553
5 5 7 5 -0.0003922919476684553
4 6 4 4 -0.00039229194766845533
5 6 4 5 -0.00039229194766845533
4 7 5 4 -0.00039229194766845533
5 7 5 5 -0.00039229194766845533
4 6 6 4 0.09867425314342901
5 6 6 5 0.09867425314342901
4 7 7 4 0.09867425314342901
5 7 7 5 0.09867425314342901
4 8 2 4 -0.00030265850947440367
5 8 2 5 -0.00030265850947440367
4 9 3 4 -0.00030265850947440367
5 9 3 5 -0.00030265850947440367
4 8 8 4 0.09851049758724625
5 8 8 5 0.09851049758724625
4 9 9 4 0.09851049758724625
5 9 9 5 0.09851049758724625
4 10 0 4 0.1186225968091668
5 10 0 5 0.1186225968091668
4 11 1 4 0.1186225968091668
5 11 1 5 0.1186225968091668
4 10 10 4 0.22384461767641833
5 10 10 5 0.22384461767641833
4 11 11 4 0.22384461767641833
5 11 11 5 0.22384461767641833
4 0 0 6 -0.00021216203626644135
5 0 0 7 -0.00021216203626644135
4 1 1 6 -0.00021216203626644135
5 1 1 7 -0.00021216203626644135
4 2 2 6 -0.0003026584992656928
5 2 2 7 -0.0003026584992656928
4 3 3 6 -0.0003026584992656928
5 3 3 7 -0.0003026584992656928
4 2 8 6 4.043830247055407e-06
5 2 8 7 4.043830247055407e-06
4 3 9 6 4.043830247055407e-06
5 3 9 7 4.043830247055407e-06
4 4 4 6 -0.0003922919476684554
5 4 4 7 -0.0003922919476684554
4 5 5 6 -0.0003922919476684554
5 5 5 7 -0.0003922919476684554
4 4 6 6 5.474035693046365e-06
5 4 6 7 5.474035693046365e-06
4 5 7 6 5.474035693046365e-06
5 5 7 7 5.474035693046365e-06
4 6 4 6 5.474035693046367e-06
5 6 4 7 5.474035693046367e-06
4 7 5 6 5.474035693046367e-06
5 7 5 7 5.474035693046367e-06
4 6 6 6 -0.00039229195615034923
5 6 6 7 -0.00039229195615034923
4 7 7 6 -0.00039229195615034923
5 7 7 7 -0.00039229195615034923
4 8 2 6 4.043830247055407e-06
5 8 2 7 4.043830247055407e-06
4 9 3 6 4.043830247055407e-06
5 9 3 7 4.043830247055407e-06
4 8 8 6 -0.0003026585065191359
5 8 8 7 -0.0003026585065191359
4 9 9 6 -0.0003026585065191359
5 9 9 7 -0.0003026585065191359
4 10 10 6 -0.00024555826141944945
5 10 10 7 -0.00024555826141944945
4 11 11 6 -0.00024555826141944945
5 11 11 7 -0.00024555826141944945
4 2 4 8 -4.481697148777186e-05
5 2 4 9 -4.481697148777186e-05
4 3 5 8 -4.481697148777186e-05
5 3 5 9 -4.481697148777186e-05
4 2 6 8 7.148560592906787e-07
5 2 6 9 7.148560592906787e-07
4 3 7 8 7.148560592906787e-07
5 3 7 9 7.148560592906787e-07
4 4 2 8 -4.481697148777186e-05
5 4 2 9 -4.481697148777186e-05
4 5 3 8 -4.481697148777186e-05
5 5 3 9 -4.481697148777186e-05
4 4 8 8 7.148560606351079e-07
5 4 8 9 7.148560606351079e-07
4 5 9 8 7.148560606351079e-07
5 5 9 9 7.148560606351079e-07
4 6 2 8 7.148560592906786e-07
5 6 2 9 7.148560592906786e-07
4 7 3 8 7.148560592906786e-07
5 7 3 9 7.148560592906786e-07
4 6 8 8 -4.481697148775493e-05
5 6 8 9 -4.481697148775493e-05
4 7 9 8 -4.481697148775493e-05
5 7 9 9 -4.481697148775493e-05
4 8 4 8 7.148560606351079e-07
5 8 4 9 7.148560606351079e-07
4 9 5 8 7.148560606351079e-07
5 9 5 9 7.148560606351079e-07
4 8 6 8 -4.481697148775493e-05
5 8 6 9 -4.481697148775493e-05
4 9 7 8 -4.481697148775493e-05
5 9 7 9 -4.481697148775493e-05
4 0 4 10 0.01025487284203186
5 0 4 11 0.01025487284203186
4 1 5 10 0.01025487284203186
5 1 5 11 0.01025487284203186
4 0 6 10 0.00016218984430690673
5 0 6 11 0.00016218984430690673
4 1 7 10 0.00016218984430690673
5 1 7 11 0.00016218984430690673
4 4 0 10 0.01025487284203186
5 4 0 11 0.01025487284203186
4 5 1 10 0.01025487284203186
5 5 1 11 0.01025487284203186
4 4 10 10 0.010591698691420806
5 4 10 11 0.010591698691420806
4 5 11 10 0.010591698691420806
5 5 11 11 0.010591698691420806
4 6 0 10 0.0001621898443069067
5 6 0 11 0.0001621898443069067
4 7 1 10 0.0001621898443069067
5 7 1 11 0.0001621898443069067
4 6 10 10 -0.0001504232232450496
5 6 10 11 -0.0001504232232450496
4 7 11 10 -0.0001504232232450496
5 7 11 11 -0.0001504232232450496
4 10 4 10 0.010591698691420806
5 10 4 11 0.010591698691420806
4 11 5 10 0.010591698691420806
5 11 5 11 0.010591698691420806
4 10 6 10 -0.00015042322324504957
5 10 6 11 -0.00015042322324504957
4 11 7 10 -0.00015042322324504957
5 11 7 11 -0.00015042322324504957
6 0 4 0 0.00017050377612797132
7 0 4 1 0.00017050377612797132
6 1 5 0 0.00017050377612797132
7 1 5 1 0.00017050377612797132
6 0 6 0 0.010083394008602356
7 0 6 1 0.010083394008602356
6 1 7 0 0.010083394008602356
7 1 7 1 0.010083394008602356
6 4 0 0 0.00017050377612797126
7 4 0 1 0.00017050377612797126
6 5 1 0 0.00017050377612797126
7 5 1 1 0.00017050377612797126
6 4 10 0 0.00016218984430690675
7 4 10 1 0.00016218984430690675
6 5 11 0 0.00016218984430690675
7 5 11 1 0.00016218984430690675
6 6 0 0 0.010083394008602354
7 6 0 1 0.010083394008602354
6 7 1 0 0.010083394008602354
7 7 1 1 0.010083394008602354
6 6 10 0 -0.010254873339516326
7 6 10 1 -0.010254873339516326
6 7 11 0 -0.010254873339516326
7 7 11 1 -0.010254873339516326
6 10 4 0 0.00016218984430690675
7 10 4 1 0.00016218984430690675
6 11 5 0 0.00016218984430690675
7 11 5 1 0.00016218984430690675
6 10 6 0 -0.010254873339516328
7 10 6 1 -0.010254873339516328
6 11 7 0 -0.010254873339516328
7 11 7 1 -0.010254873339516328
6 2 4 2 -4.48169708709701e-05
7 2 4 3 -4.48169708709701e-05
6 3 5 2 -4.48169708709701e-05
7 3 5 3 -4.48169708709701e-05
6 2 6 2 7.148560579462493e-07
7 2 6 3 7.148560579462493e-07
6 3 7 2 7.148560579462493e-07
7 3 7 3 7.148560579462493e-07
6 4 2 2 -4.48169708709701e-05
7 4 2 3 -4.48169708709701e-05
6 5 3 2 -4.48169708709701e-05
7 5 3 3 -4.48169708709701e-05
6 4 8 2 7.148560592906785e-07
7 4 8 3 7.148560592906785e-07
6 5 9 2 7.148560592906785e-07
7 5 9 3 7.148560592906785e-07
6 6 2 2 7.148560579462492e-07
7 6 2 3 7.148560579462492e-07
6 7 3 2 7.148560579462492e-07
7 7 3 3 7.148560579462492e-07
6 6 8 2 -4.481697148530315e-05
7 6 8 3 -4.481697148530315e-05
6 7 9 2 -4.481697148530315e-05
7 7 9 3 -4.481697148530315e-05
6 8 4 2 7.148560592906785e-07
7 8 4 3 7.148560592906785e-07
6 9 5 2 7.148560592906785e-07
7 9 5 3 7.148560592906785e-07
6 8 6 2 -4.481697148530315e-05
7 8 6 3 -4.481697148530315e-05
6 9 7 2 -4.481697148530315e-05
7 9 7 3 -4.481697148530315e-05
6 0 0 4 -0.00021216203626644135
7 0 0 5 -0.00021216203626644135
6 1 1 4 -0.00021216203626644135
7 1 1 5 -0.00021216203626644135
6 2 2 4 -0.00030265849926569273
7 2 2 5 -0.00030265849926569273
6 3 3 4 -0.00030265849926569273
7 3 3 5 -0.00030265849926569273
6 2 8 4 4.043830247055407e-06
7 2 8 5 4.043830247055407e-06
6 3 9 4 4.043830247055407e-06
7 3 9 5 4.043830247055407e-06
6 4 4 4 -0.00039229194766845544
7 4 4 5 -0.00039229194766845544
6 5 5 4 -0.00039229194766845544
7 5 5 5 -0.00039229194766845544
6 4 6 4 5.474035693046366e-06
7 4 6 5 5.474035693046366e-06
6 5 7 4 5.474035693046366e-06
7 5 7 5 5.474035693046366e-06
6 6 4 4 5.474035693046367e-06
7 6 4 5 5.474035693046367e-06
6 7 5 4 5.474035693046367e-06
7 7 5 5 5.474035693046367e-06
6 6 6 4 -0.00039229195615034907
7 6 6 5 -0.00039229195615034907
6 7 7 4 -0.00039229195615034907
7 7 7 5 -0.00039229195615034907
6 8 2 4 4.043830247055407e-06
7 8 2 5 4.043830247055407e-06
6 9 3 4 4.043830247055407e-06
7 9 3 5 4.043830247055407e-06
6 8 8 4 -0.0003026585065191358
7 8 8 5 -0.0003026585065191358
6 9 9 4 -0.0003026585065191358
7 9 9 5 -0.0003026585065191358
6 10 10 4 -0.00024555826141944956
7 10 10 5 -0.00024555826141944956
6 11 11 4 -0.00024555826141944956
7 11 11 5 -0.00024555826141944956
6 0 0 6 0.21998922824855496
7 0 0 7 0.21998922824855496
6 1 1 6 0.21998922824855496
7 1 1 7 0.21998922824855496
6 0 10 6 -0.1186226118865584
7 0 10 7 -0.1186226118865584
6 1 11 6 -0.1186226118865584
7 1 11 7 -0.1186226118865584
6 2 2 6 0.09851049758724799
7 2 2 7 0.09851049758724799
6 3 3 6 0.09851049758724799
7 3 3 7 0.09851049758724799
6 2 8 6 -0.0003026585094742221
7 2 8 7 -0.0003026585094742221
6 3 9 6 -0.0003026585094742221
7 3 9 7 -0.0003026585094742221
6 4 4 6 0.09867425314342901
7 4 4 7 0.09867425314342901
6 5 5 6 0.09867425314342901
7 5 5 7 0.09867425314342901
6 4 6 6 -0.0003922919561503491
7 4 6 7 -0.0003922919561503491
6 5 7 6 -0.0003922919561503491
7 5 7 7 -0.0003922919561503491
6 6 4 6 -0.0003922919561503491
7 6 4 7 -0.0003922919561503491
6 7 5 6 -0.0003922919561503491
7 7 5 7 -0.0003922919561503491
6 6 6 6 0.381413956201669
7 6 6 7 0.381413956201669
6 7 7 6 0.381413956201669
7 7 7 7 0.381413956201669
6 8 2 6 -0.0003026585094742221
7 8 2 7 -0.0003026585094742221
6 9 3 6 -0.0003026585094742221
7 9 3 7 -0.0003026585094742221
6 8 8 6 0.3402933039571675
7 8 8 7 0.3402933039571675
6 9 9 6 0.3402933039571675
7 9 9 7 0.3402933039571675
6 10 0 6 -0.11862261188655839
7 10 0 7 -0.11862261188655839
6 11 1 6 -0.11862261188655839
7 11 1 7 -0.11862261188655839
6 10 10 6 0.22384466950406398
7 10 10 7 0.22384466950406398
6 11 11 6 0.22384466950406398
7 11 11 7 0.22384466950406398
6 2 4 8 8.187753142225892e-05
7 2 4 9 8.187753142225892e-05
6 3 5 8 8.187753142225892e-05
7 3 5 9 8.187753142225892e-05
6 2 6 8 -4.481697148530315e-05
7 2 6 9 -4.481697148530315e-05
6 3 7 8 -4.481697148530315e-05
7 3 7 9 -4.481697148530315e-05
6 4 2 8 8.187753142225892e-05
7 4 2 9 8.187753142225892e-05
6 5 3 8 8.187753142225892e-05
7 5 3 9 8.187753142225892e-05
6 4 8 8 -4.4816971487754946e-05
7 4 8 9 -4.4816971487754946e-05
6 5 9 8 -4.4816971487754946e-05
7 5 9 9 -4.4816971487754946e-05
6 6 2 8 -4.481697148530314e-05
7 6 2 9 -4.481697148530314e-05
6 7 3 8 -4.481697148530314e-05
7 7 3 9 -4.481697148530314e-05
6 6 8 8 0.02056032587555444
7 6 8 9 0.02056032587555444
6 7 9 8 0.02056032587555444
7 7 9 9 0.02056032587555444
6 8 4 8 -4.481697148775493e-05
7 8 4 9 -4.481697148775493e-05
6 9 5 8 -4.481697148775493e-05
7 9 5 9 -4.481697148775493e-05
6 8 6 8 0.02056032587555444
7 8 6 9 0.02056032587555444
6 9 7 8 0.02056032587555444
7 9 7 9 0.02056032587555444
6 0 4 10 -0.0001621900289736016
7 0 4 11 -0.0001621900289736016
6 1 5 10 -0.0001621900289736016
7 1 5 11 -0.0001621900289736016
6 0 6 10 -0.010254873339516326
7 0 6 11 -0.010254873339516326
6 1 7 10 -0.010254873339516326
7 1 7 11 -0.010254873339516326
6 4 0 10 -0.0001621900289736016
7 4 0 11 -0.0001621900289736016
6 5 1 10 -0.0001621900289736016
7 5 1 11 -0.0001621900289736016
6 4 10 10 -0.00015042322324504962
7 4 10 11 -0.00015042322324504962
6 5 11 10 -0.00015042322324504962
7 5 11 11 -0.00015042322324504962
6 6 0 10 -0.010254873339516324
7 6 0 11 -0.010254873339516324
6 7 1 10 -0.010254873339516324
7 7 1 11 -0.010254873339516324
6 6 10 10 0.01059170605188515
7 6 10 11 0.01059170605188515
6 7 11 10 0.01059170605188515
7 7 11 11 0.01059170605188515
6 10 4 10 -0.0001504232232450496
7 10 4 11 -0.0001504232232450496
6 11 5 10 -0.0001504232232450496
7 11 5 11 -0.0001504232232450496
6 10 6 10 0.010591706051885152
7 10 6 11 0.010591706051885152
6 11 7 10 0.010591706051885152
7 11 7 11 0.010591706051885152
8 0 2 0 0.00017050377582545378
9 0 2 1 0.00017050377582545378
8 1 3 0 0.00017050377582545378
9 1 3 1 0.00017050377582545378
8 0 8 0 0.010083394008590093
9 0 8 1 0.010083394008590093
8 1 9 0 0.010083394008590093
9 1 9 1 0.010083394008590093
8 2 0 0 0.00017050377582545373
9 2 0 1 0.00017050377582545373
8 3 1 0 0.00017050377582545373
9 3 1 1 0.00017050377582545373
8 2 10 0 0.00016218984399924595
9 2 10 1 0.00016218984399924595
8 3 11 0 0.00016218984399924595
9 3 11 1 0.00016218984399924595
8 8 0 0 0.010083394008590091
9 8 0 1 0.010083394008590091
8 9 1 0 0.010083394008590091
9 9 1 1 0.010083394008590091
8 8 10 0 -0.010254873339514256
9 8 10 1 -0.010254873339514256
8 9 11 0 -0.010254873339514256
9 9 11 1 -0.010254873339514256
8 10 2 0 0.00016218984399924595
9 10 2 1 0.00016218984399924595
8 11 3 0 0.00016218984399924595
9 11 3 1 0.00016218984399924595
8 10 8 0 -0.010254873339514258
9 10 8 1 -0.010254873339514258
8 11 9 0 -0.010254873339514258
9 11 9 1 -0.010254873339514258
8 0 0 2 -0.00021216204286606205
9 0 0 3 -0.00021216204286606205
8 1 1 2 -0.00021216204286606205
9 1 1 3 -0.00021216204286606205
8 2 2 2 -0.00039229195911076955
9 2 2 3 -0.00039229195911076955
8 3 3 2 -0.00039229195911076955
9 3 3 3 -0.00039229195911076955
8 2 8 2 5.474035716582646e-06
9 2 8 3 5.474035716582646e-06
8 3 9 2 5.474035716582646e-06
9 3 9 3 5.474035716582646e-06
8 4 4 2 -0.00030265850947440334
9 4 4 3 -0.00030265850947440334
8 5 5 2 -0.00030265850947440334
9 5 5 3 -0.00030265850947440334
8 4 6 2 4.043830247055406e-06
9 4 6 3 4.043830247055406e-06
8 5 7 2 4.043830247055406e-06
9 5 7 3 4.043830247055406e-06
8 6 4 2 4.043830247055407e-06
9 6 4 3 4.043830247055407e-06
8 7 5 2 4.043830247055407e-06
9 7 5 3 4.043830247055407e-06
8 6 6 2 -0.00030265850947422217
9 6 6 3 -0.00030265850947422217
8 7 7 2 -0.00030265850947422217
9 7 7 3 -0.00030265850947422217
8 8 2 2 5.474035716582646e-06
9 8 2 3 5.474035716582646e-06
8 9 3 2 5.474035716582646e-06
9 9 3 3 5.474035716582646e-06
8 8 8 2 -0.0003922919591107695
9 8 8 3 -0.0003922919591107695
8 9 9 2 -0.0003922919591107695
9 9 9 3 -0.0003922919591107695
8 10 10 2 -0.00024555826813472525
9 10 10 3 -0.00024555826813472525
8 11 11 2 -0.00024555826813472525
9 11 11 3 -0.00024555826813472525
8 2 4 4 -4.481697148777186e-05
9 2 4 5 -4.481697148777186e-05
8 3 5 4 -4.481697148777186e-05
9 3 5 5 -4.481697148777186e-05
8 2 6 4 7.148560592906786e-07
9 2 6 5 7.148560592906786e-07
8 3 7 4 7.148560592906786e-07
9 3 7 5 7.148560592906786e-07
8 4 2 4 -4.481697148777186e-05
9 4 2 5 -4.481697148777186e-05
8 5 3 4 -4.481697148777186e-05
9 5 3 5 -4.481697148777186e-05
8 4 8 4 7.148560606351079e-07
9 4 8 5 7.148560606351079e-07
8 5 9 4 7.148560606351079e-07
9 5 9 5 7.148560606351079e-07
8 6 2 4 7.148560592906785e-07
9 6 2 5 7.148560592906785e-07
8 7 3 4 7.148560592906785e-07
9 7 3 5 7.148560592906785e-07
8 6 8 4 -4.481697148775494e-05
9 6 8 5 -4.481697148775494e-05
8 7 9 4 -4.481697148775494e-05
9 7 9 5 -4.481697148775494e-05
8 8 4 4 7.148560606351079e-07
9 8 4 5 7.148560606351079e-07
8 9 5 4 7.148560606351079e-07
9 9 5 5 7.148560606351079e-07
8 8 6 4 -4.481697148775494e-05
9 8 6 5 -4.481697148775494e-05
8 9 7 4 -4.481697148775494e-05
9 9 7 5 -4.481697148775494e-05
8 2 4 6 8.187753142225893e-05
9 2 4 7 8.187753142225893e-05
8 3 5 6 8.187753142225893e-05
9 3 5 7 8.187753142225893e-05
8 2 6 6 -4.4816971485303145e-05
9 2 6 7 -4.4816971485303145e-05
8 3 7 6 -4.4816971485303145e-05
9 3 7 7 -4.4816971485303145e-05
8 4 2 6 8.187753142225893e-05
9 4 2 7 8.187753142225893e-05
8 5 3 6 8.187753142225893e-05
9 5 3 7 8.187753142225893e-05
8 4 8 6 -4.4816971487754946e-05
9 4 8 7 -4.4816971487754946e-05
8 5 9 6 -4.4816971487754946e-05
9 5 9 7 -4.4816971487754946e-05
8 6 2 6 -4.481697148530313e-05
9 6 2 7 -4.481697148530313e-05
8 7 3 6 -4.481697148530313e-05
9 7 3 7 -4.481697148530313e-05
8 6 8 6 0.020560325875554442
9 6 8 7 0.020560325875554442
8 7 9 6 0.020560325875554442
9 7 9 7 0.020560325875554442
8 8 4 6 -4.481697148775493e-05
9 8 4 7 -4.481697148775493e-05
8 9 5 6 -4.481697148775493e-05
9 9 5 7 -4.481697148775493e-05
8 8 6 6 0.020560325875554442
9 8 6 7 0.020560325875554442
8 9 7 6 0.020560325875554442
9 9 7 7 0.020560325875554442
8 0 0 8 0.2199892282485233
9 0 0 9 0.2199892282485233
8 1 1 8 0.2199892282485233
9 1 1 9 0.2199892282485233
8 0 10 8 -0.11862261188653446
9 0 10 9 -0.11862261188653446
8 1 11 8 -0.11862261188653446
9 1 11 9 -0.11862261188653446
8 2 2 8 0.09867425314343263
9 2 2 9 0.09867425314343263
8 3 3 8 0.09867425314343263
9 3 3 9 0.09867425314343263
8 2 8 8 -0.00039229195911076966
9 2 8 9 -0.00039229195911076966
8 3 9 8 -0.00039229195911076966
9 3 9 9 -0.00039229195911076966
8 4 4 8 0.09851049758724625
9 4 4 9 0.09851049758724625
8 5 5 8 0.09851049758724625
9 5 5 9 0.09851049758724625
8 4 6 8 -0.0003026585065191359
9 4 6 9 -0.0003026585065191359
8 5 7 8 -0.0003026585065191359
9 5 7 9 -0.0003026585065191359
8 6 4 8 -0.00030265850651913596
9 6 4 9 -0.00030265850651913596
8 7 5 8 -0.00030265850651913596
9 7 5 9 -0.00030265850651913596
8 6 6 8 0.34029330395716745
9 6 6 9 0.34029330395716745
8 7 7 8 0.34029330395716745
9 7 7 9 0.34029330395716745
8 8 2 8 -0.0003922919591107696
9 8 2 9 -0.0003922919591107696
8 9 3 8 -0.0003922919591107696
9 9 3 9 -0.0003922919591107696
8 8 8 8 0.3814139562015621
9 8 8 9 0.3814139562015621
8 9 9 8 0.3814139562015621
9 9 9 9 0.3814139562015621
8 10 0 8 -0.11862261188653445
9 10 0 9 -0.11862261188653445
8 11 1 8 -0.11862261188653445
9 11 1 9 -0.11862261188653445
8 10 10 8 0.22384466950403353
9 10 10 9 0.22384466950403353
8 11 11 8 0.22384466950403353
9 11 11 9 0.22384466950403353
8 0 2 10 -0.0001621900292812297
9 0 2 11 -0.0001621900292812297
8 1 3 10 -0.0001621900292812297
9 1 3 11 -0.0001621900292812297
8 0 8 10 -0.010254873339514258
9 0 8 11 -0.010254873339514258
8 1 9 10 -0.010254873339514258
9 1 9 11 -0.010254873339514258
8 2 0 10 -0.0001621900292812297
9 2 0 11 -0.0001621900292812297
8 3 1 10 -0.0001621900292812297
9 3 1 11 -0.0001621900292812297
8 2 10 10 -0.00015042322356278358
9 2 10 11 -0.00015042322356278358
8 3 11 10 -0.00015042322356278358
9 3 11 11 -0.00015042322356278358
8 8 0 10 -0.010254873339514256
9 8 0 11 -0.010254873339514256
8 9 1 10 -0.010254873339514256
9 9 1 11 -0.010254873339514256
8 8 10 10 0.010591706051892039
9 8 10 11 0.010591706051892039
8 9 11 10 0.010591706051892039
9 9 11 11 0.010591706051892039
8 10 2 10 -0.00015042322356278358
9 10 2 11 -0.00015042322356278358
8 11 3 10 -0.00015042322356278358
9 11 3 11 -0.00015042322356278358
8 10 8 10 0.01059170605189204
9 10 8 11 0.01059170605189204
8 11 9 10 0.01059170605189204
9 11 9 11 0.01059170605189204
10 0 0 0 4.05696244931697e-08
11 0 0 1 4.05696244931697e-08
10 1 1 0 4.05696244931697e-08
11 1 1 1 4.05696244931697e-08
10 0 10 0 0.13630613680984688
11 0 10 1 0.13630613680984688
10 1 11 0 0.13630613680984688
11 1 11 1 0.13630613680984688
10 2 2 0 0.11862259680916686
11 2 2 1 0.11862259680916686
10 3 3 0 0.11862259680916686
11 3 3 1 0.11862259680916686
10 4 4 0 0.11862259680916686
11 4 4 1 0.11862259680916686
10 5 5 0 0.11862259680916686
11 5 5 1 0.11862259680916686
10 6 6 0 -0.11862261188655839
11 6 6 1 -0.11862261188655839
10 7 7 0 -0.11862261188655839
11 7 7 1 -0.11862261188655839
10 8 8 0 -0.11862261188653445
11 8 8 1 -0.11862261188653445
10 9 9 0 -0.11862261188653445
11 9 9 1 -0.11862261188653445
10 10 0 0 0.13630613680984682
11 10 0 1 0.13630613680984682
10 11 1 0 0.13630613680984682
11 11 1 1 0.13630613680984682
10 10 10 0 -3.9034174476038075e-08
11 10 10 1 -3.9034174476038075e-08
10 11 11 0 -3.9034174476038075e-08
11 11 11 1 -3.9034174476038075e-08
10 0 2 2 0.010254872842031859
11 0 2 3 0.010254872842031859
10 1 3 2 0.010254872842031859
11 1 3 3 0.010254872842031859
10 0 8 2 0.000162189843999246
11 0 8 3 0.000162189843999246
10 1 9 2 0.000162189843999246
11 1 9 3 0.000162189843999246
10 2 0 2 0.010254872842031859
11 2 0 3 0.010254872842031859
10 3 1 2 0.010254872842031859
11 3 1 3 0.010254872842031859
10 2 10 2 0.01059169869142081
11 2 10 3 0.01059169869142081
10 3 11 2 0.01059169869142081
11 3 11 3 0.01059169869142081
10 8 0 2 0.00016218984399924595
11 8 0 3 0.00016218984399924595
10 9 1 2 0.00016218984399924595
11 9 1 3 0.00016218984399924595
10 8 10 2 -0.00015042322356278358
11 8 10 3 -0.00015042322356278358
10 9 11 2 -0.00015042322356278358
11 9 11 3 -0.00015042322356278358
10 10 2 2 0.01059169869142081
11 10 2 3 0.01059169869142081
10 11 3 2 0.01059169869142081
11 11 3 3 0.01059169869142081
10 10 8 2 -0.00015042322356278355
11 10 8 3 -0.00015042322356278355
10 11 9 2 -0.00015042322356278355
11 11 9 3 -0.00015042322356278355
10 0 4 4 0.010254872842031859
11 0 4 5 0.010254872842031859
10 1 5 4 0.010254872842031859
11 1 5 5 0.010254872842031859
10 0 6 4 0.0001621898443069067
11 0 6 5 0.0001621898443069067
10 1 7 4 0.0001621898443069067
11 1 7 5 0.0001621898443069067
10 4 0 4 0.010254872842031859
11 4 0 5 0.010254872842031859
10 5 1 4 0.010254872842031859
11 5 1 5 0.010254872842031859
10 4 10 4 0.01059169869142081
11 4 10 5 0.01059169869142081
10 5 11 4 0.01059169869142081
11 5 11 5 0.01059169869142081
10 6 0 4 0.0001621898443069067
11 6 0 5 0.0001621898443069067
10 7 1 4 0.0001621898443069067
11 7 1 5 0.0001621898443069067
10 6 10 4 -0.00015042322324504962
11 6 10 5 -0.00015042322324504962
10 7 11 4 -0.00015042322324504962
11 7 11 5 -0.00015042322324504962
10 10 4 4 0.01059169869142081
11 10 4 5 0.01059169869142081
10 11 5 4 0.01059169869142081
11 11 5 5 0.01059169869142081
10 10 6 4 -0.0001504232232450496
11 10 6 5 -0.0001504232232450496
10 11 7 4 -0.0001504232232450496
11 11 7 5 -0.0001504232232450496
10 0 4 6 -0.00016219002897360167
11 0 4 7 -0.00016219002897360167
10 1 5 6 -0.00016219002897360167
11 1 5 7 -0.00016219002897360167
10 0 6 6 -0.010254873339516326
11 0 6 7 -0.010254873339516326
10 1 7 6 -0.010254873339516326
11 1 7 7 -0.010254873339516326
10 4 0 6 -0.0001621900289736016
11 4 0 7 -0.0001621900289736016
10 5 1 6 -0.0001621900289736016
11 5 1 7 -0.0001621900289736016
10 4 10 6 -0.0001504232232450496
11 4 10 7 -0.0001504232232450496
10 5 11 6 -0.0001504232232450496
11 5 11 7 -0.0001504232232450496
10 6 0 6 -0.010254873339516324
11 6 0 7 -0.010254873339516324
10 7 1 6 -0.010254873339516324
11 7 1 7 -0.010254873339516324
10 6 10 6 0.01059170605188515
11 6 10 7 0.01059170605188515
10 7 11 6 0.01059170605188515
11 7 11 7 0.01059170605188515
10 10 4 6 -0.0001504232232450496
11 10 4 7 -0.0001504232232450496
10 11 5 6 -0.0001504232232450496
11 11 5 7 -0.0001504232232450496
10 10 6 6 0.01059170605188515
11 10 6 7 0.01059170605188515
10 11 7 6 0.01059170605188515
11 11 7 7 0.01059170605188515
10 0 2 8 -0.00016219002928122972
11 0 2 9 -0.00016219002928122972
10 1 3 8 -0.00016219002928122972
11 1 3 9 -0.00016219002928122972
10 0 8 8 -0.010254873339514256
11 0 8 9 -0.010254873339514256
10 1 9 8 -0.010254873339514256
11 1 9 9 -0.010254873339514256
10 2 0 8 -0.0001621900292812297
11 2 0 9 -0.0001621900292812297
10 3 1 8 -0.0001621900292812297
11 3 1 9 -0.0001621900292812297
10 2 10 8 -0.00015042322356278358
11 2 10 9 -0.00015042322356278358
10 3 11 8 -0.00015042322356278358
11 3 11 9 -0.00015042322356278358
10 8 0 8 -0.010254873339514255
11 8 0 9 -0.010254873339514255
10 9 1 8 -0.010254873339514255
11 9 1 9 -0.010254873339514255
10 8 10 8 0.010591706051892037
11 8 10 9 0.010591706051892037
10 9 11 8 0.010591706051892037
11 9 11 9 0.010591706051892037
10 10 2 8 -0.00015042322356278358
11 10 2 9 -0.00015042322356278358
10 11 3 8 -0.00015042322356278358
11 11 3 9 -0.00015042322356278358
10 10 8 8 0.010591706051892039
11 10 8 9 0.010591706051892039
10 11 9 8 0.010591706051892039
11 11 9 9 0.010591706051892039
10 0 0 10 0.24542544590375098
11 0 0 11 0.24542544590375098
10 1 1 10 0.24542544590375098
11 1 1 11 0.24542544590375098
10 0 10 10 -3.903417448991586e-08
11 0 10 11 -3.903417448991586e-08
10 1 11 10 -3.903417448991586e-08
11 1 11 11 -3.903417448991586e-08
10 2 2 10 0.22384461767641828
11 2 2 11 0.22384461767641828
10 3 3 10 0.22384461767641828
11 3 3 11 0.22384461767641828
10 2 8 10 -0.00024555826813472487
11 2 8 11 -0.00024555826813472487
10 3 9 10 -0.00024555826813472487
11 3 9 11 -0.00024555826813472487
10 4 4 10 0.22384461767641828
11 4 4 11 0.22384461767641828
10 5 5 10 0.22384461767641828
11 5 5 11 0.22384461767641828
10 4 6 10 -0.0002455582614194492
11 4 6 11 -0.0002455582614194492
10 5 7 10 -0.0002455582614194492
11 5 7 11 -0.0002455582614194492
10 6 4 10 -0.00024555826141944923
11 6 4 11 -0.00024555826141944923
10 7 5 10 -0.00024555826141944923
11 7 5 11 -0.00024555826141944923
10 6 6 10 0.223844669504064
11 6 6 11 0.223844669504064
10 7 7 10 0.223844669504064
11 7 7 11 0.223844669504064
10 8 2 10 -0.00024555826813472487
11 8 2 11 -0.00024555826813472487
10 9 3 10 -0.00024555826813472487
11 9 3 11 -0.00024555826813472487
10 8 8 10 0.22384466950403348
11 8 8 11 0.22384466950403348
10 9 9 10 0.22384466950403348
11 9 9 11 0.22384466950403348
10 10 0 10 -3.903417448991586e-08
11 10 0 11 -3.903417448991586e-08
10 11 1 10 -3.903417448991586e-08
11 11 1 11 -3.903417448991586e-08
10 10 10 10 0.24981016849412074
11 10 10 11 0.24981016849412074
10 11 11 10 0.24981016849412074
11 11 11 11 0.24981016849412074
