-98.55634465672559
0 0 -2.560646525650059
1 1 -2.560646525650059
0 10 1.4568887891398818e-07
1 11 1.4568887891398818e-07
2 2 -2.4631427472765086
3 3 -2.4631427472765086
2 8 -0.012286253567356527
3 9 -0.012286253567356527
4 4 -2.4631427472765086
5 5 -2.4631427472765086
4 6 -0.012286253567356527
5 7 -0.012286253567356527
6 4 -0.01228625356735653
7 5 -0.01228625356735653
6 6 -2.4631424934128203
7 7 -2.4631424934128203
8 2 -0.01228625356735653
9 3 -0.01228625356735653
8 8 -2.4631424934128203
9 9 -2.4631424934128203
10 0 1.4568887903888827e-07
11 1 1.4568887903888827e-07
10 10 -2.45674259684941
11 11 -2.45674259684941
0 0 0 0 0.25240750753877195
1 0 0 1 0.25240750753877195
0 1 1 0 0.25240750753877195
1 1 1 1 0.25240750753877195
0 2 2 0 0.22882664425037125
1 2 2 1 0.22882664425037125
0 3 3 0 0.22882664425037125
1 3 3 1 0.22882664425037125
0 2 8 0 -0.0004162570779045113
1 2 8 1 -0.0004162570779045113
0 3 9 0 -0.0004162570779045113
1 3 9 1 -0.0004162570779045113
0 4 4 0 0.22882664425037125
1 4 4 1 0.22882664425037125
0 5 5 0 0.22882664425037125
1 5 5 1 0.22882664425037125
0 4 6 0 -0.0004162570779045113
1 4 6 1 -0.0004162570779045113
0 5 7 0 -0.0004162570779045113
1 5 7 1 -0.0004162570779045113
0 6 4 0 -0.00041625707790451125
1 6 4 1 -0.00041625707790451125
0 7 5 0 -0.00041625707790451125
1 7 5 1 -0.00041625707790451125
0 6 6 0 0.22882658922229038
1 6 6 1 0.22882658922229038
0 7 7 0 0.22882658922229038
1 7 7 1 0.22882658922229038
0 8 2 0 -0.00041625707790451125
1 8 2 1 -0.00041625707790451125
0 9 3 0 -0.00041625707790451125
1 9 3 1 -0.00041625707790451125
0 8 8 0 0.22882658922229038
1 8 8 1 0.22882658922229038
0 9 9 0 0.22882658922229038
1 9 9 1 0.22882658922229038
0 10 10 0 0.2580242701750325
1 10 10 1 0.2580242701750325
0 11 11 0 0.2580242701750325
1 11 11 1 0.2580242701750325
0 0 2 2 0.010109952958258313
1 0 2 3 0.010109952958258313
0 1 3 2 0.010109952958258313
1 1 3 3 0.010109952958258313
0 0 8 2 0.00038039825210126835
1 0 8 3 0.00038039825210126835
0 1 9 2 0.00038039825210126835
1 1 9 3 0.00038039825210126835
0 2 0 2 0.010109952958258315
1 2 0 3 0.010109952958258315
0 3 1 2 0.010109952958258315
1 3 1 3 0.010109952958258315
0 2 10 2 0.010170946343826686
1 2 10 3 0.010170946343826686
0 3 11 2 0.010170946343826686
1 3 11 3 0.010170946343826686
0 8 0 2 0.0003803982521012683
1 8 0 3 0.0003803982521012683
0 9 1 2 0.0003803982521012683
1 9 1 3 0.0003803982521012683
0 8 10 2 -0.00036521598885149684
1 8 10 3 -0.00036521598885149684
0 9 11 2 -0.00036521598885149684
1 9 11 3 -0.00036521598885149684
0 10 2 2 0.010170946343826686
1 10 2 3 0.010170946343826686
0 11 3 2 0.010170946343826686
1 11 3 3 0.010170946343826686
0 10 8 2 -0.0003652159888514968
1 10 8 3 -0.0003652159888514968
0 11 9 2 -0.0003652159888514968
1 11 9 3 -0.0003652159888514968
0 0 4 4 0.010109952958258313
1 0 4 5 0.010109952958258313
0 1 5 4 0.010109952958258313
1 1 5 5 0.010109952958258313
0 0 6 4 0.00038039825210126835
1 0 6 5 0.00038039825210126835
0 1 7 4 0.00038039825210126835
1 1 7 5 0.00038039825210126835
0 4 0 4 0.010109952958258315
1 4 0 5 0.010109952958258315
0 5 1 4 0.010109952958258315
1 5 1 5 0.010109952958258315
0 4 10 4 0.010170946343826686
1 4 10 5 0.010170946343826686
0 5 11 4 0.010170946343826686
1 5 11 5 0.010170946343826686
0 6 0 4 0.0003803982521012683
1 6 0 5 0.0003803982521012683
0 7 1 4 0.0003803982521012683
1 7 1 5 0.0003803982521012683
0 6 10 4 -0.00036521598885149684
1 6 10 5 -0.00036521598885149684
0 7 11 4 -0.00036521598885149684
1 7 11 5 -0.00036521598885149684
0 10 4 4 0.010170946343826686
1 10 4 5 0.010170946343826686
0 11 5 4 0.010170946343826686
1 11 5 5 0.010170946343826686
0 10 6 4 -0.0003652159888514968
1 10 6 5 -0.0003652159888514968
0 11 7 4 -0.0003652159888514968
1 11 7 5 -0.0003652159888514968
0 0 4 6 0.0003803982521012684
1 0 4 7 0.0003803982521012684
0 1 5 6 0.0003803982521012684
1 1 5 7 0.0003803982521012684
0 0 6 6 0.010109946848439418
1 0 6 7 0.010109946848439418
0 1 7 6 0.010109946848439418
1 1 7 7 0.010109946848439418
0 4 0 6 0.0003803982521012684
1 4 0 7 0.0003803982521012684
0 5 1 6 0.0003803982521012684
1 5 1 7 0.0003803982521012684
0 4 10 6 0.0003652151759664349
1 4 10 7 0.0003652151759664349
0 5 11 6 0.0003652151759664349
1 5 11 7 0.0003652151759664349
0 6 0 6 0.01010994684843942
1 6 0 7 0.01010994684843942
0 7 1 6 0.01010994684843942
1 7 1 7 0.01010994684843942
0 6 10 6 -0.010170949822544809
1 6 10 7 -0.010170949822544809
0 7 11 6 -0.010170949822544809
1 7 11 7 -0.010170949822544809
0 10 4 6 0.00036521517596643495
1 10 4 7 0.00036521517596643495
0 11 5 6 0.00036521517596643495
1 11 5 7 0.00036521517596643495
0 10 6 6 -0.010170949822544809
1 10 6 7 -0.010170949822544809
0 11 7 6 -0.010170949822544809
1 11 7 7 -0.010170949822544809
0 0 2 8 0.0003803982521012684
1 0 2 9 0.0003803982521012684
0 1 3 8 0.0003803982521012684
1 1 3 9 0.0003803982521012684
0 0 8 8 0.010109946848439418
1 0 8 9 0.010109946848439418
0 1 9 8 0.010109946848439418
1 1 9 9 0.010109946848439418
0 2 0 8 0.0003803982521012684
1 2 0 9 0.0003803982521012684
0 3 1 8 0.0003803982521012684
1 3 1 9 0.0003803982521012684
0 2 10 8 0.0003652151759664349
1 2 10 9 0.0003652151759664349
0 3 11 8 0.0003652151759664349
1 3 11 9 0.0003652151759664349
0 8 0 8 0.01010994684843942
1 8 0 9 0.01010994684843942
0 9 1 8 0.01010994684843942
1 9 1 9 0.01010994684843942
0 8 10 8 -0.010170949822544809
1 8 10 9 -0.010170949822544809
0 9 11 8 -0.010170949822544809
1 9 11 9 -0.010170949822544809
0 10 2 8 0.00036521517596643495
1 10 2 9 0.00036521517596643495
0 11 3 8 0.00036521517596643495
1 11 3 9 0.00036521517596643495
0 10 8 8 -0.010170949822544809
1 10 8 9 -0.010170949822544809
0 11 9 8 -0.010170949822544809
1 11 9 9 -0.010170949822544809
0 0 10 10 0.1251784414472682
1 0 10 11 0.1251784414472682
0 1 11 10 0.1251784414472682
1 1 11 11 0.1251784414472682
0 2 2 10 0.10921020709737064
1 2 2 11 0.10921020709737064
0 3 3 10 0.10921020709737064
1 3 3 11 0.10921020709737064
0 4 4 10 0.10921020709737064
1 4 4 11 0.10921020709737064
0 5 5 10 0.10921020709737064
1 5 5 11 0.10921020709737064
0 6 6 10 -0.10921025239095514
1 6 6 11 -0.10921025239095514
0 7 7 10 -0.10921025239095514
1 7 7 11 -0.10921025239095514
0 8 8 10 -0.10921025239095514
1 8 8 11 -0.10921025239095514
0 9 9 10 -0.10921025239095514
1 9 9 11 -0.10921025239095514
0 10 0 10 0.1251784414472682
1 10 0 11 0.1251784414472682
0 11 1 10 0.1251784414472682
1 11 1 11 0.1251784414472682
0 10 10 10 -3.1824464744034664e-08
1 10 10 11 -3.1824464744034664e-08
0 11 11 10 -3.1824464744034664e-08
1 11 11 11 -3.1824464744034664e-08
2 0 2 0 0.010109952958258313
3 0 2 1 0.010109952958258313
2 1 3 0 0.010109952958258313
3 1 3 1 0.010109952958258313
2 0 8 0 0.0003803982521012683
3 0 8 1 0.0003803982521012683
2 1 9 0 0.0003803982521012683
3 1 9 1 0.0003803982521012683
2 2 0 0 0.010109952958258315
3 2 0 1 0.010109952958258315
2 3 1 0 0.010109952958258315
3 3 1 1 0.010109952958258315
2 2 10 0 0.010170946343826686
3 2 10 1 0.010170946343826686
2 3 11 0 0.010170946343826686
3 3 11 1 0.010170946343826686
2 8 0 0 0.0003803982521012683
3 8 0 1 0.0003803982521012683
2 9 1 0 0.0003803982521012683
3 9 1 1 0.0003803982521012683
2 8 10 0 -0.0003652159888514969
3 8 10 1 -0.0003652159888514969
2 9 11 0 -0.0003652159888514969
3 9 11 1 -0.0003652159888514969
2 10 2 0 0.010170946343826686
3 10 2 1 0.010170946343826686
2 11 3 0 0.010170946343826686
3 11 3 1 0.010170946343826686
2 10 8 0 -0.0003652159888514968
3 10 8 1 -0.0003652159888514968
2 11 9 0 -0.0003652159888514968
3 11 9 1 -0.0003652159888514968
2 0 0 2 0.22882664425037127
3 0 0 3 0.22882664425037127
2 1 1 2 0.22882664425037127
3 1 1 3 0.22882664425037127
2 0 10 2 0.10921020709737063
3 0 10 3 0.10921020709737063
2 1 11 2 0.10921020709737063
3 1 11 3 0.10921020709737063
2 2 2 2 0.38150189944391355
3 2 2 3 0.38150189944391355
2 3 3 2 0.38150189944391355
3 3 3 3 0.38150189944391355
2 2 8 2 -0.0009202672552487034
3 2 8 3 -0.0009202672552487034
2 3 9 2 -0.0009202672552487034
3 3 9 3 -0.0009202672552487034
2 4 4 2 0.34036491668000357
3 4 4 3 0.34036491668000357
2 5 5 2 0.34036491668000357
3 5 5 3 0.34036491668000357
2 4 6 2 -0.0007040162053388805
3 4 6 3 -0.0007040162053388805
2 5 7 2 -0.0007040162053388805
3 5 7 3 -0.0007040162053388805
2 6 4 2 -0.0007040162053388805
3 6 4 3 -0.0007040162053388805
2 7 5 2 -0.0007040162053388805
3 7 5 3 -0.0007040162053388805
2 6 6 2 0.11492927323251331
3 6 6 3 0.11492927323251331
2 7 7 2 0.11492927323251331
3 7 7 3 0.11492927323251331
2 8 2 2 -0.0009202672552487039
3 8 2 3 -0.0009202672552487039
2 9 3 2 -0.0009202672552487039
3 9 3 3 -0.0009202672552487039
2 8 8 2 0.11530092314374711
3 8 8 3 0.11530092314374711
2 9 9 2 0.11530092314374711
3 9 9 3 0.11530092314374711
2 10 0 2 0.1092102070973706
3 10 0 3 0.1092102070973706
2 11 1 2 0.1092102070973706
3 11 1 3 0.1092102070973706
2 10 10 2 0.23577691568835835
3 10 10 3 0.23577691568835835
2 11 11 2 0.23577691568835835
3 11 11 3 0.23577691568835835
2 2 4 4 0.02056849114239127
3 2 4 5 0.02056849114239127
2 3 5 4 0.02056849114239127
3 3 5 5 0.02056849114239127
2 2 6 4 -0.0001081257699639607
3 2 6 5 -0.0001081257699639607
2 3 7 4 -0.0001081257699639607
3 3 7 5 -0.0001081257699639607
2 4 2 4 0.02056849114239127
3 4 2 5 0.02056849114239127
2 5 3 4 0.02056849114239127
3 5 3 5 0.02056849114239127
2 4 8 4 -0.0001081257699639607
3 4 8 5 -0.0001081257699639607
2 5 9 4 -0.0001081257699639607
3 5 9 5 -0.0001081257699639607
2 6 2 4 -0.00010812576996396071
3 6 2 5 -0.00010812576996396071
2 7 3 4 -0.00010812576996396071
3 7 3 5 -0.00010812576996396071
2 6 8 4 0.00018582471605316816
3 6 8 5 0.00018582471605316816
2 7 9 4 0.00018582471605316816
3 7 9 5 0.00018582471605316816
2 8 4 4 -0.00010812576996396071
3 8 4 5 -0.00010812576996396071
2 9 5 4 -0.00010812576996396071
3 9 5 5 -0.00010812576996396071
2 8 6 4 0.00018582471605316816
3 8 6 5 0.00018582471605316816
2 9 7 4 0.00018582471605316816
3 9 7 5 0.00018582471605316816
2 2 4 6 -0.00010812576996396067
3 2 4 7 -0.00010812576996396067
2 3 5 6 -0.00010812576996396067
3 3 5 7 -0.00010812576996396067
2 2 6 6 5.7269499374681275e-06
3 2 6 7 5.7269499374681275e-06
2 3 7 6 5.7269499374681275e-06
3 3 7 7 5.7269499374681275e-06
2 4 2 6 -0.00010812576996396067
3 4 2 7 -0.00010812576996396067
2 5 3 6 -0.00010812576996396067
3 5 3 7 -0.00010812576996396067
2 4 8 6 5.7269499374681275e-06
3 4 8 7 5.7269499374681275e-06
2 5 9 6 5.7269499374681275e-06
3 5 9 7 5.7269499374681275e-06
2 6 2 6 5.7269499374681275e-06
3 6 2 7 5.7269499374681275e-06
2 7 3 6 5.7269499374681275e-06
3 7 3 7 5.7269499374681275e-06
2 6 8 6 -0.00010812576996396067
3 6 8 7 -0.00010812576996396067
2 7 9 6 -0.00010812576996396067
3 7 9 7 -0.00010812576996396067
2 8 4 6 5.7269499374681275e-06
3 8 4 7 5.7269499374681275e-06
2 9 5 6 5.7269499374681275e-06
3 9 5 7 5.7269499374681275e-06
2 8 6 6 -0.00010812576996396067
3 8 6 7 -0.00010812576996396067
2 9 7 6 -0.00010812576996396067
3 9 7 7 -0.00010812576996396067
2 0 0 8 -0.0004162570779045116
3 0 0 9 -0.0004162570779045116
2 1 1 8 -0.0004162570779045116
3 1 1 9 -0.0004162570779045116
2 2 2 8 -0.0009202672552487039
3 2 2 9 -0.0009202672552487039
2 3 3 8 -0.0009202672552487039
3 3 3 9 -0.0009202672552487039
2 2 8 8 4.10195404113403e-05
3 2 8 9 4.10195404113403e-05
2 3 9 8 4.10195404113403e-05
3 3 9 9 4.10195404113403e-05
2 4 4 8 -0.0007040162053388799
3 4 4 9 -0.0007040162053388799
2 5 5 8 -0.0007040162053388799
3 5 5 9 -0.0007040162053388799
2 4 6 8 2.9565661636057654e-05
3 4 6 9 2.9565661636057654e-05
2 5 7 8 2.9565661636057654e-05
3 5 7 9 2.9565661636057654e-05
2 6 4 8 2.9565661636057654e-05
3 6 4 9 2.9565661636057654e-05
2 7 5 8 2.9565661636057654e-05
3 7 5 9 2.9565661636057654e-05
2 6 6 8 -0.00070401620533888
3 6 6 9 -0.00070401620533888
2 7 7 8 -0.00070401620533888
3 7 7 9 -0.00070401620533888
2 8 2 8 4.10195404113403e-05
3 8 2 9 4.10195404113403e-05
2 9 3 8 4.10195404113403e-05
3 9 3 9 4.10195404113403e-05
2 8 8 8 -0.0009202672552487035
3 8 8 9 -0.0009202672552487035
2 9 9 8 -0.0009202672552487035
3 9 9 9 -0.0009202672552487035
2 10 10 8 -0.00054455004104356
3 10 10 9 -0.00054455004104356
2 11 11 8 -0.00054455004104356
3 11 11 9 -0.00054455004104356
2 0 2 10 0.010170946343826683
3 0 2 11 0.010170946343826683
2 1 3 10 0.010170946343826683
3 1 3 11 0.010170946343826683
2 0 8 10 0.000365215175966435
3 0 8 11 0.000365215175966435
2 1 9 10 0.000365215175966435
3 1 9 11 0.000365215175966435
2 2 0 10 0.010170946343826683
3 2 0 11 0.010170946343826683
2 3 1 10 0.010170946343826683
3 3 1 11 0.010170946343826683
2 2 10 10 0.011017005204252583
3 2 10 11 0.011017005204252583
2 3 11 10 0.011017005204252583
3 3 11 11 0.011017005204252583
2 8 0 10 0.00036521517596643506
3 8 0 11 0.00036521517596643506
2 9 1 10 0.00036521517596643506
3 9 1 11 0.00036521517596643506
2 8 10 10 -0.0003027094333062569
3 8 10 11 -0.0003027094333062569
2 9 11 10 -0.0003027094333062569
3 9 11 11 -0.0003027094333062569
2 10 2 10 0.011017005204252583
3 10 2 11 0.011017005204252583
2 11 3 10 0.011017005204252583
3 11 3 11 0.011017005204252583
2 10 8 10 -0.0003027094333062568
3 10 8 11 -0.0003027094333062568
2 11 9 10 -0.0003027094333062568
3 11 9 11 -0.0003027094333062568
4 0 4 0 0.010109952958258313
5 0 4 1 0.010109952958258313
4 1 5 0 0.010109952958258313
5 1 5 1 0.010109952958258313
4 0 6 0 0.0003803982521012683
5 0 6 1 0.0003803982521012683
4 1 7 0 0.0003803982521012683
5 1 7 1 0.0003803982521012683
4 4 0 0 0.010109952958258315
5 4 0 1 0.010109952958258315
4 5 1 0 0.010109952958258315
5 5 1 1 0.010109952958258315
4 4 10 0 0.010170946343826686
5 4 10 1 0.010170946343826686
4 5 11 0 0.010170946343826686
5 5 11 1 0.010170946343826686
4 6 0 0 0.0003803982521012683
5 6 0 1 0.0003803982521012683
4 7 1 0 0.0003803982521012683
5 7 1 1 0.0003803982521012683
4 6 10 0 -0.0003652159888514969
5 6 10 1 -0.0003652159888514969
4 7 11 0 -0.0003652159888514969
5 7 11 1 -0.0003652159888514969
4 10 4 0 0.010170946343826686
5 10 4 1 0.010170946343826686
4 11 5 0 0.010170946343826686
5 11 5 1 0.010170946343826686
4 10 6 0 -0.0003652159888514968
5 10 6 1 -0.0003652159888514968
4 11 7 0 -0.0003652159888514968
5 11 7 1 -0.0003652159888514968
4 2 4 2 0.02056849114239127
5 2 4 3 0.02056849114239127
4 3 5 2 0.02056849114239127
5 3 5 3 0.02056849114239127
4 2 6 2 -0.0001081257699639607
5 2 6 3 -0.0001081257699639607
4 3 7 2 -0.0001081257699639607
5 3 7 3 -0.0001081257699639607
4 4 2 2 0.02056849114239127
5 4 2 3 0.02056849114239127
4 5 3 2 0.02056849114239127
5 5 3 3 0.02056849114239127
4 4 8 2 -0.0001081257699639607
5 4 8 3 -0.0001081257699639607
4 5 9 2 -0.0001081257699639607
5 5 9 3 -0.0001081257699639607
4 6 2 2 -0.00010812576996396071
5 6 2 3 -0.00010812576996396071
4 7 3 2 -0.00010812576996396071
5 7 3 3 -0.00010812576996396071
4 6 8 2 0.00018582471605316816
5 6 8 3 0.00018582471605316816
4 7 9 2 0.00018582471605316816
5 7 9 3 0.00018582471605316816
4 8 4 2 -0.00010812576996396071
5 8 4 3 -0.00010812576996396071
4 9 5 2 -0.00010812576996396071
5 9 5 3 -0.00010812576996396071
4 8 6 2 0.00018582471605316816
5 8 6 3 0.00018582471605316816
4 9 7 2 0.00018582471605316816
5 9 7 3 0.00018582471605316816
4 0 0 4 0.22882664425037127
5 0 0 5 0.22882664425037127
4 1 1 4 0.22882664425037127
5 1 1 5 0.22882664425037127
4 0 10 4 0.10921020709737063
5 0 10 5 0.10921020709737063
4 1 11 4 0.10921020709737063
5 1 11 5 0.10921020709737063
4 2 2 4 0.34036491668000357
5 2 2 5 0.34036491668000357
4 3 3 4 0.34036491668000357
5 3 3 5 0.34036491668000357
4 2 8 4 -0.0007040162053388805
5 2 8 5 -0.0007040162053388805
4 3 9 4 -0.0007040162053388805
5 3 9 5 -0.0007040162053388805
4 4 4 4 0.38150189944391355
5 4 4 5 0.38150189944391355
4 5 5 4 0.38150189944391355
5 5 5 5 0.38150189944391355
4 4 6 4 -0.0009202672552487034
5 4 6 5 -0.0009202672552487034
4 5 7 4 -0.0009202672552487034
5 5 7 5 -0.0009202672552487034
4 6 4 4 -0.0009202672552487039
5 6 4 5 -0.0009202672552487039
4 7 5 4 -0.0009202672552487039
5 7 5 5 -0.0009202672552487039
4 6 6 4 0.11530092314374711
5 6 6 5 0.11530092314374711
4 7 7 4 0.11530092314374711
5 7 7 5 0.11530092314374711
4 8 2 4 -0.0007040162053388805
5 8 2 5 -0.0007040162053388805
4 9 3 4 -0.0007040162053388805
5 9 3 5 -0.0007040162053388805
4 8 8 4 0.11492927323251331
5 8 8 5 0.11492927323251331
4 9 9 4 0.11492927323251331
5 9 9 5 0.11492927323251331
4 10 0 4 0.1092102070973706
5 10 0 5 0.1092102070973706
4 11 1 4 0.1092102070973706
5 11 1 5 0.1092102070973706
4 10 10 4 0.23577691568835835
5 10 10 5 0.23577691568835835
4 11 11 4 0.23577691568835835
5 11 11 5 0.23577691568835835
4 0 0 6 -0.0004162570779045116
5 0 0 7 -0.0004162570779045116
4 1 1 6 -0.0004162570779045116
5 1 1 7 -0.0004162570779045116
4 2 2 6 -0.0007040162053388799
5 2 2 7 -0.0007040162053388799
4 3 3 6 -0.0007040162053388799
5 3 3 7 -0.0007040162053388799
4 2 8 6 2.9565661636057654e-05
5 2 8 7 2.9565661636057654e-05
4 3 9 6 2.9565661636057654e-05
5 3 9 7 2.9565661636057654e-05
4 4 4 6 -0.0009202672552487039
5 4 4 7 -0.0009202672552487039
4 5 5 6 -0.0009202672552487039
5 5 5 7 -0.0009202672552487039
4 4 6 6 4.10195404113403e-05
5 4 6 7 4.10195404113403e-05
4 5 7 6 4.10195404113403e-05
5 5 7 7 4.10195404113403e-05
4 6 4 6 4.10195404113403e-05
5 6 4 7 4.10195404113403e-05
4 7 5 6 4.10195404113403e-05
5 7 5 7 4.10195404113403e-05
4 6 6 6 -0.0009202672552487035
5 6 6 7 -0.0009202672552487035
4 7 7 6 -0.0009202672552487035
5 7 7 7 -0.0009202672552487035
4 8 2 6 2.9565661636057654e-05
5 8 2 7 2.9565661636057654e-05
4 9 3 6 2.9565661636057654e-05
5 9 3 7 2.9565661636057654e-05
4 8 8 6 -0.00070401620533888
5 8 8 7 -0.00070401620533888
4 9 9 6 -0.00070401620533888
5 9 9 7 -0.00070401620533888
4 10 10 6 -0.00054455004104356
5 10 10 7 -0.00054455004104356
4 11 11 6 -0.00054455004104356
5 11 11 7 -0.00054455004104356
4 2 4 8 -0.00010812576996396067
5 2 4 9 -0.00010812576996396067
4 3 5 8 -0.00010812576996396067
5 3 5 9 -0.00010812576996396067
4 2 6 8 5.7269499374681275e-06
5 2 6 9 5.7269499374681275e-06
4 3 7 8 5.7269499374681275e-06
5 3 7 9 5.7269499374681275e-06
4 4 2 8 -0.00010812576996396067
5 4 2 9 -0.00010812576996396067
4 5 3 8 -0.00010812576996396067
5 5 3 9 -0.00010812576996396067
4 4 8 8 5.7269499374681275e-06
5 4 8 9 5.7269499374681275e-06
4 5 9 8 5.7269499374681275e-06
5 5 9 9 5.7269499374681275e-06
4 6 2 8 5.7269499374681275e-06
5 6 2 9 5.7269499374681275e-06
4 7 3 8 5.7269499374681275e-06
5 7 3 9 5.7269499374681275e-06
4 6 8 8 -0.00010812576996396067
5 6 8 9 -0.00010812576996396067
4 7 9 8 -0.00010812576996396067
5 7 9 9 -0.00010812576996396067
4 8 4 8 5.7269499374681275e-06
5 8 4 9 5.7269499374681275e-06
4 9 5 8 5.7269499374681275e-06
5 9 5 9 5.7269499374681275e-06
4 8 6 8 -0.00010812576996396067
5 8 6 9 -0.00010812576996396067
4 9 7 8 -0.00010812576996396067
5 9 7 9 -0.00010812576996396067
4 0 4 10 0.010170946343826683
5 0 4 11 0.010170946343826683
4 1 5 10 0.010170946343826683
5 1 5 11 0.010170946343826683
4 0 6 10 0.000365215175966435
5 0 6 11 0.000365215175966435
4 1 7 10 0.000365215175966435
5 1 7 11 0.000365215175966435
4 4 0 10 0.010170946343826683
5 4 0 11 0.010170946343826683
4 5 1 10 0.010170946343826683
5 5 1 11 0.010170946343826683
4 4 10 10 0.011017005204252583
5 4 10 11 0.011017005204252583
4 5 11 10 0.011017005204252583
5 5 11 11 0.011017005204252583
4 6 0 10 0.00036521517596643506
5 6 0 11 0.00036521517596643506
4 7 1 10 0.00036521517596643506
5 7 1 11 0.00036521517596643506
4 6 10 10 -0.0003027094333062569
5 6 10 11 -0.0003027094333062569
4 7 11 10 -0.0003027094333062569
5 7 11 11 -0.0003027094333062569
4 10 4 10 0.011017005204252583
5 10 4 11 0.011017005204252583
4 11 5 10 0.011017005204252583
5 11 5 11 0.011017005204252583
4 10 6 10 -0.0003027094333062568
5 10 6 11 -0.0003027094333062568
4 11 7 10 -0.0003027094333062568
5 11 7 11 -0.0003027094333062568
6 0 4 0 0.0003803982521012684
7 0 4 1 0.0003803982521012684
6 1 5 0 0.0003803982521012684
7 1 5 1 0.0003803982521012684
6 0 6 0 0.010109946848439416
7 0 6 1 0.010109946848439416
6 1 7 0 0.010109946848439416
7 1 7 1 0.010109946848439416
6 4 0 0 0.00038039825210126835
7 4 0 1 0.00038039825210126835
6 5 1 0 0.00038039825210126835
7 5 1 1 0.00038039825210126835
6 4 10 0 0.0003652151759664349
7 4 10 1 0.0003652151759664349
6 5 11 0 0.0003652151759664349
7 5 11 1 0.0003652151759664349
6 6 0 0 0.010109946848439418
7 6 0 1 0.010109946848439418
6 7 1 0 0.010109946848439418
7 7 1 1 0.010109946848439418
6 6 10 0 -0.010170949822544809
7 6 10 1 -0.010170949822544809
6 7 11 0 -0.010170949822544809
7 7 11 1 -0.010170949822544809
6 10 4 0 0.00036521517596643495
7 10 4 1 0.00036521517596643495
6 11 5 0 0.00036521517596643495
7 11 5 1 0.00036521517596643495
6 10 6 0 -0.010170949822544809
7 10 6 1 -0.010170949822544809
6 11 7 0 -0.010170949822544809
7 11 7 1 -0.010170949822544809
6 2 4 2 -0.00010812576996396067
7 2 4 3 -0.00010812576996396067
6 3 5 2 -0.00010812576996396067
7 3 5 3 -0.00010812576996396067
6 2 6 2 5.7269499374681275e-06
7 2 6 3 5.7269499374681275e-06
6 3 7 2 5.7269499374681275e-06
7 3 7 3 5.7269499374681275e-06
6 4 2 2 -0.00010812576996396067
7 4 2 3 -0.00010812576996396067
6 5 3 2 -0.00010812576996396067
7 5 3 3 -0.00010812576996396067
6 4 8 2 5.7269499374681275e-06
7 4 8 3 5.7269499374681275e-06
6 5 9 2 5.7269499374681275e-06
7 5 9 3 5.7269499374681275e-06
6 6 2 2 5.7269499374681275e-06
7 6 2 3 5.7269499374681275e-06
6 7 3 2 5.7269499374681275e-06
7 7 3 3 5.7269499374681275e-06
6 6 8 2 -0.00010812576996396067
7 6 8 3 -0.00010812576996396067
6 7 9 2 -0.00010812576996396067
7 7 9 3 -0.00010812576996396067
6 8 4 2 5.7269499374681275e-06
7 8 4 3 5.7269499374681275e-06
6 9 5 2 5.7269499374681275e-06
7 9 5 3 5.7269499374681275e-06
6 8 6 2 -0.00010812576996396067
7 8 6 3 -0.00010812576996396067
6 9 7 2 -0.00010812576996396067
7 9 7 3 -0.00010812576996396067
6 0 0 4 -0.0004162570779045116
7 0 0 5 -0.0004162570779045116
6 1 1 4 -0.0004162570779045116
7 1 1 5 -0.0004162570779045116
6 2 2 4 -0.00070401620533888
7 2 2 5 -0.00070401620533888
6 3 3 4 -0.00070401620533888
7 3 3 5 -0.00070401620533888
6 2 8 4 2.9565661636057654e-05
7 2 8 5 2.9565661636057654e-05
6 3 9 4 2.9565661636057654e-05
7 3 9 5 2.9565661636057654e-05
6 4 4 4 -0.0009202672552487035
7 4 4 5 -0.0009202672552487035
6 5 5 4 -0.0009202672552487035
7 5 5 5 -0.0009202672552487035
6 4 6 4 4.10195404113403e-05
7 4 6 5 4.10195404113403e-05
6 5 7 4 4.10195404113403e-05
7 5 7 5 4.10195404113403e-05
6 6 4 4 4.10195404113403e-05
7 6 4 5 4.10195404113403e-05
6 7 5 4 4.10195404113403e-05
7 7 5 5 4.10195404113403e-05
6 6 6 4 -0.0009202672552487039
7 6 6 5 -0.0009202672552487039
6 7 7 4 -0.0009202672552487039
7 7 7 5 -0.0009202672552487039
6 8 2 4 2.9565661636057654e-05
7 8 2 5 2.9565661636057654e-05
6 9 3 4 2.9565661636057654e-05
7 9 3 5 2.9565661636057654e-05
6 8 8 4 -0.0007040162053388799
7 8 8 5 -0.0007040162053388799
6 9 9 4 -0.0007040162053388799
7 9 9 5 -0.0007040162053388799
6 10 10 4 -0.00054455004104356
7 10 10 5 -0.00054455004104356
6 11 11 4 -0.00054455004104356
7 11 11 5 -0.00054455004104356
6 0 0 6 0.22882658922229038
7 0 0 7 0.22882658922229038
6 1 1 6 0.22882658922229038
7 1 1 7 0.22882658922229038
6 0 10 6 -0.10921025239095515
7 0 10 7 -0.10921025239095515
6 1 11 6 -0.10921025239095515
7 1 11 7 -0.10921025239095515
6 2 2 6 0.11492927323251331
7 2 2 7 0.11492927323251331
6 3 3 6 0.11492927323251331
7 3 3 7 0.11492927323251331
6 2 8 6 -0.0007040162053388805
7 2 8 7 -0.0007040162053388805
6 3 9 6 -0.0007040162053388805
7 3 9 7 -0.0007040162053388805
6 4 4 6 0.11530092314374711
7 4 4 7 0.11530092314374711
6 5 5 6 0.11530092314374711
7 5 5 7 0.11530092314374711
6 4 6 6 -0.0009202672552487039
7 4 6 7 -0.0009202672552487039
6 5 7 6 -0.0009202672552487039
7 5 7 7 -0.0009202672552487039
6 6 4 6 -0.0009202672552487034
7 6 4 7 -0.0009202672552487034
6 7 5 6 -0.0009202672552487034
7 7 5 7 -0.0009202672552487034
6 6 6 6 0.38150189944391355
7 6 6 7 0.38150189944391355
6 7 7 6 0.38150189944391355
7 7 7 7 0.38150189944391355
6 8 2 6 -0.0007040162053388805
7 8 2 7 -0.0007040162053388805
6 9 3 6 -0.0007040162053388805
7 9 3 7 -0.0007040162053388805
6 8 8 6 0.34036491668000357
7 8 8 7 0.34036491668000357
6 9 9 6 0.34036491668000357
7 9 9 7 0.34036491668000357
6 10 0 6 -0.10921025239095512
7 10 0 7 -0.10921025239095512
6 11 1 6 -0.10921025239095512
7 11 1 7 -0.10921025239095512
6 10 10 6 0.23577692059235397
7 10 10 7 0.23577692059235397
6 11 11 6 0.23577692059235397
7 11 11 7 0.23577692059235397
6 2 4 8 0.00018582471605316816
7 2 4 9 0.00018582471605316816
6 3 5 8 0.00018582471605316816
7 3 5 9 0.00018582471605316816
6 2 6 8 -0.00010812576996396071
7 2 6 9 -0.00010812576996396071
6 3 7 8 -0.00010812576996396071
7 3 7 9 -0.00010812576996396071
6 4 2 8 0.00018582471605316816
7 4 2 9 0.00018582471605316816
6 5 3 8 0.00018582471605316816
7 5 3 9 0.00018582471605316816
6 4 8 8 -0.00010812576996396071
7 4 8 9 -0.00010812576996396071
6 5 9 8 -0.00010812576996396071
7 5 9 9 -0.00010812576996396071
6 6 2 8 -0.0001081257699639607
7 6 2 9 -0.0001081257699639607
6 7 3 8 -0.0001081257699639607
7 7 3 9 -0.0001081257699639607
6 6 8 8 0.02056849114239127
7 6 8 9 0.02056849114239127
6 7 9 8 0.02056849114239127
7 7 9 9 0.02056849114239127
6 8 4 8 -0.0001081257699639607
7 8 4 9 -0.0001081257699639607
6 9 5 8 -0.0001081257699639607
7 9 5 9 -0.0001081257699639607
6 8 6 8 0.02056849114239127
7 8 6 9 0.02056849114239127
6 9 7 8 0.02056849114239127
7 9 7 9 0.02056849114239127
6 0 4 10 -0.0003652159888514968
7 0 4 11 -0.0003652159888514968
6 1 5 10 -0.0003652159888514968
7 1 5 11 -0.0003652159888514968
6 0 6 10 -0.010170949822544809
7 0 6 11 -0.010170949822544809
6 1 7 10 -0.010170949822544809
7 1 7 11 -0.010170949822544809
6 4 0 10 -0.0003652159888514968
7 4 0 11 -0.0003652159888514968
6 5 1 10 -0.0003652159888514968
7 5 1 11 -0.0003652159888514968
6 4 10 10 -0.0003027094333062568
7 4 10 11 -0.0003027094333062568
6 5 11 10 -0.0003027094333062568
7 5 11 11 -0.0003027094333062568
6 6 0 10 -0.01017094982254481
7 6 0 11 -0.01017094982254481
6 7 1 10 -0.01017094982254481
7 7 1 11 -0.01017094982254481
6 6 10 10 0.011017014724949441
7 6 10 11 0.011017014724949441
6 7 11 10 0.011017014724949441
7 7 11 11 0.011017014724949441
6 10 4 10 -0.0003027094333062567
7 10 4 11 -0.0003027094333062567
6 11 5 10 -0.0003027094333062567
7 11 5 11 -0.0003027094333062567
6 10 6 10 0.011017014724949441
7 10 6 11 0.011017014724949441
6 11 7 10 0.011017014724949441
7 11 7 11 0.011017014724949441
8 0 2 0 0.0003803982521012684
9 0 2 1 0.0003803982521012684
8 1 3 0 0.0003803982521012684
9 1 3 1 0.0003803982521012684
8 0 8 0 0.010109946848439416
9 0 8 1 0.010109946848439416
8 1 9 0 0.010109946848439416
9 1 9 1 0.010109946848439416
8 2 0 0 0.00038039825210126835
9 2 0 1 0.00038039825210126835
8 3 1 0 0.00038039825210126835
9 3 1 1 0.00038039825210126835
8 2 10 0 0.0003652151759664349
9 2 10 1 0.0003652151759664349
8 3 11 0 0.0003652151759664349
9 3 11 1 0.0003652151759664349
8 8 0 0 0.010109946848439418
9 8 0 1 0.010109946848439418
8 9 1 0 0.010109946848439418
9 9 1 1 0.010109946848439418
8 8 10 0 -0.010170949822544809
9 8 10 1 -0.010170949822544809
8 9 11 0 -0.010170949822544809
9 9 11 1 -0.010170949822544809
8 10 2 0 0.00036521517596643495
9 10 2 1 0.00036521517596643495
8 11 3 0 0.00036521517596643495
9 11 3 1 0.00036521517596643495
8 10 8 0 -0.010170949822544809
9 10 8 1 -0.010170949822544809
8 11 9 0 -0.010170949822544809
9 11 9 1 -0.010170949822544809
8 0 0 2 -0.0004162570779045116
9 0 0 3 -0.0004162570779045116
8 1 1 2 -0.0004162570779045116
9 1 1 3 -0.0004162570779045116
8 2 2 2 -0.0009202672552487035
9 2 2 3 -0.0009202672552487035
8 3 3 2 -0.0009202672552487035
9 3 3 3 -0.0009202672552487035
8 2 8 2 4.10195404113403e-05
9 2 8 3 4.10195404113403e-05
8 3 9 2 4.10195404113403e-05
9 3 9 3 4.10195404113403e-05
8 4 4 2 -0.00070401620533888
9 4 4 3 -0.00070401620533888
8 5 5 2 -0.00070401620533888
9 5 5 3 -0.00070401620533888
8 4 6 2 2.9565661636057654e-05
9 4 6 3 2.9565661636057654e-05
8 5 7 2 2.9565661636057654e-05
9 5 7 3 2.9565661636057654e-05
8 6 4 2 2.9565661636057654e-05
9 6 4 3 2.9565661636057654e-05
8 7 5 2 2.9565661636057654e-05
9 7 5 3 2.9565661636057654e-05
8 6 6 2 -0.0007040162053388799
9 6 6 3 -0.0007040162053388799
8 7 7 2 -0.0007040162053388799
9 7 7 3 -0.0007040162053388799
8 8 2 2 4.10195404113403e-05
9 8 2 3 4.10195404113403e-05
8 9 3 2 4.10195404113403e-05
9 9 3 3 4.10195404113403e-05
8 8 8 2 -0.0009202672552487039
9 8 8 3 -0.0009202672552487039
8 9 9 2 -0.0009202672552487039
9 9 9 3 -0.0009202672552487039
8 10 10 2 -0.00054455004104356
9 10 10 3 -0.00054455004104356
8 11 11 2 -0.00054455004104356
9 11 11 3 -0.00054455004104356
8 2 4 4 -0.00010812576996396067
9 2 4 5 -0.00010812576996396067
8 3 5 4 -0.00010812576996396067
9 3 5 5 -0.00010812576996396067
8 2 6 4 5.7269499374681275e-06
9 2 6 5 5.7269499374681275e-06
8 3 7 4 5.7269499374681275e-06
9 3 7 5 5.7269499374681275e-06
8 4 2 4 -0.00010812576996396067
9 4 2 5 -0.00010812576996396067
8 5 3 4 -0.00010812576996396067
9 5 3 5 -0.00010812576996396067
8 4 8 4 5.7269499374681275e-06
9 4 8 5 5.7269499374681275e-06
8 5 9 4 5.7269499374681275e-06
9 5 9 5 5.7269499374681275e-06
8 6 2 4 5.7269499374681275e-06
9 6 2 5 5.7269499374681275e-06
8 7 3 4 5.7269499374681275e-06
9 7 3 5 5.7269499374681275e-06
8 6 8 4 -0.00010812576996396067
9 6 8 5 -0.00010812576996396067
8 7 9 4 -0.00010812576996396067
9 7 9 5 -0.00010812576996396067
8 8 4 4 5.7269499374681275e-06
9 8 4 5 5.7269499374681275e-06
8 9 5 4 5.7269499374681275e-06
9 9 5 5 5.7269499374681275e-06
8 8 6 4 -0.00010812576996396067
9 8 6 5 -0.00010812576996396067
8 9 7 4 -0.00010812576996396067
9 9 7 5 -0.00010812576996396067
8 2 4 6 0.00018582471605316816
9 2 4 7 0.00018582471605316816
8 3 5 6 0.00018582471605316816
9 3 5 7 0.00018582471605316816
8 2 6 6 -0.00010812576996396071
9 2 6 7 -0.00010812576996396071
8 3 7 6 -0.00010812576996396071
9 3 7 7 -0.00010812576996396071
8 4 2 6 0.00018582471605316816
9 4 2 7 0.00018582471605316816
8 5 3 6 0.00018582471605316816
9 5 3 7 0.00018582471605316816
8 4 8 6 -0.00010812576996396071
9 4 8 7 -0.00010812576996396071
8 5 9 6 -0.00010812576996396071
9 5 9 7 -0.00010812576996396071
8 6 2 6 -0.0001081257699639607
9 6 2 7 -0.0001081257699639607
8 7 3 6 -0.0001081257699639607
9 7 3 7 -0.0001081257699639607
8 6 8 6 0.02056849114239127
9 6 8 7 0.02056849114239127
8 7 9 6 0.02056849114239127
9 7 9 7 0.02056849114239127
8 8 4 6 -0.0001081257699639607
9 8 4 7 -0.0001081257699639607
8 9 5 6 -0.0001081257699639607
9 9 5 7 -0.0001081257699639607
8 8 6 6 0.02056849114239127
9 8 6 7 0.02056849114239127
8 9 7 6 0.02056849114239127
9 9 7 7 0.02056849114239127
8 0 0 8 0.22882658922229038
9 0 0 9 0.22882658922229038
8 1 1 8 0.22882658922229038
9 1 1 9 0.22882658922229038
8 0 10 8 -0.10921025239095515
9 0 10 9 -0.10921025239095515
8 1 11 8 -0.10921025239095515
9 1 11 9 -0.10921025239095515
8 2 2 8 0.11530092314374711
9 2 2 9 0.11530092314374711
8 3 3 8 0.11530092314374711
9 3 3 9 0.11530092314374711
8 2 8 8 -0.0009202672552487039
9 2 8 9 -0.0009202672552487039
8 3 9 8 -0.0009202672552487039
9 3 9 9 -0.0009202672552487039
8 4 4 8 0.11492927323251331
9 4 4 9 0.11492927323251331
8 5 5 8 0.11492927323251331
9 5 5 9 0.11492927323251331
8 4 6 8 -0.0007040162053388805
9 4 6 9 -0.0007040162053388805
8 5 7 8 -0.0007040162053388805
9 5 7 9 -0.0007040162053388805
8 6 4 8 -0.0007040162053388805
9 6 4 9 -0.0007040162053388805
8 7 5 8 -0.0007040162053388805
9 7 5 9 -0.0007040162053388805
8 6 6 8 0.34036491668000357
9 6 6 9 0.34036491668000357
8 7 7 8 0.34036491668000357
9 7 7 9 0.34036491668000357
8 8 2 8 -0.0009202672552487034
9 8 2 9 -0.0009202672552487034
8 9 3 8 -0.0009202672552487034
9 9 3 9 -0.0009202672552487034
8 8 8 8 0.38150189944391355
9 8 8 9 0.38150189944391355
8 9 9 8 0.38150189944391355
9 9 9 9 0.38150189944391355
8 10 0 8 -0.10921025239095512
9 10 0 9 -0.10921025239095512
8 11 1 8 -0.10921025239095512
9 11 1 9 -0.10921025239095512
8 10 10 8 0.23577692059235397
9 10 10 9 0.23577692059235397
8 11 11 8 0.23577692059235397
9 11 11 9 0.23577692059235397
8 0 2 10 -0.0003652159888514968
9 0 2 11 -0.0003652159888514968
8 1 3 10 -0.0003652159888514968
9 1 3 11 -0.0003652159888514968
8 0 8 10 -0.010170949822544809
9 0 8 11 -0.010170949822544809
8 1 9 10 -0.010170949822544809
9 1 9 11 -0.010170949822544809
8 2 0 10 -0.0003652159888514968
9 2 0 11 -0.0003652159888514968
8 3 1 10 -0.0003652159888514968
9 3 1 11 -0.0003652159888514968
8 2 10 10 -0.0003027094333062568
9 2 10 11 -0.0003027094333062568
8 3 11 10 -0.0003027094333062568
9 3 11 11 -0.0003027094333062568
8 8 0 10 -0.01017094982254481
9 8 0 11 -0.01017094982254481
8 9 1 10 -0.01017094982254481
9 9 1 11 -0.01017094982254481
8 8 10 10 0.011017014724949441
9 8 10 11 0.011017014724949441
8 9 11 10 0.011017014724949441
9 9 11 11 0.011017014724949441
8 10 2 10 -0.0003027094333062567
9 10 2 11 -0.0003027094333062567
8 11 3 10 -0.0003027094333062567
9 11 3 11 -0.0003027094333062567
8 10 8 10 0.011017014724949441
9 10 8 11 0.011017014724949441
8 11 9 10 0.011017014724949441
9 11 9 11 0.011017014724949441
10 0 10 0 0.12517844144726822
11 0 10 1 0.12517844144726822
10 1 11 0 0.12517844144726822
11 1 11 1 0.12517844144726822
10 2 2 0 0.10921020709737059
11 2 2 1 0.10921020709737059
10 3 3 0 0.10921020709737059
11 3 3 1 0.10921020709737059
10 4 4 0 0.10921020709737059
11 4 4 1 0.10921020709737059
10 5 5 0 0.10921020709737059
11 5 5 1 0.10921020709737059
10 6 6 0 -0.10921025239095512
11 6 6 1 -0.10921025239095512
10 7 7 0 -0.10921025239095512
11 7 7 1 -0.10921025239095512
10 8 8 0 -0.10921025239095512
11 8 8 1 -0.10921025239095512
10 9 9 0 -0.10921025239095512
11 9 9 1 -0.10921025239095512
10 10 0 0 0.12517844144726825
11 10 0 1 0.12517844144726825
10 11 1 0 0.12517844144726825
11 11 1 1 0.12517844144726825
10 10 10 0 -3.182446475791245e-08
11 10 10 1 -3.182446475791245e-08
10 11 11 0 -3.182446475791245e-08
11 11 11 1 -3.182446475791245e-08
10 0 2 2 0.010170946343826683
11 0 2 3 0.010170946343826683
10 1 3 2 0.010170946343826683
11 1 3 3 0.010170946343826683
10 0 8 2 0.0003652151759664349
11 0 8 3 0.0003652151759664349
10 1 9 2 0.0003652151759664349
11 1 9 3 0.0003652151759664349
10 2 0 2 0.010170946343826684
11 2 0 3 0.010170946343826684
10 3 1 2 0.010170946343826684
11 3 1 3 0.010170946343826684
10 2 10 2 0.011017005204252583
11 2 10 3 0.011017005204252583
10 3 11 2 0.011017005204252583
11 3 11 3 0.011017005204252583
10 8 0 2 0.00036521517596643495
11 8 0 3 0.00036521517596643495
10 9 1 2 0.00036521517596643495
11 9 1 3 0.00036521517596643495
10 8 10 2 -0.00030270943330625683
11 8 10 3 -0.00030270943330625683
10 9 11 2 -0.00030270943330625683
11 9 11 3 -0.00030270943330625683
10 10 2 2 0.011017005204252583
11 10 2 3 0.011017005204252583
10 11 3 2 0.011017005204252583
11 11 3 3 0.011017005204252583
10 10 8 2 -0.0003027094333062567
11 10 8 3 -0.0003027094333062567
10 11 9 2 -0.0003027094333062567
11 11 9 3 -0.0003027094333062567
10 0 4 4 0.010170946343826683
11 0 4 5 0.010170946343826683
10 1 5 4 0.010170946343826683
11 1 5 5 0.010170946343826683
10 0 6 4 0.0003652151759664349
11 0 6 5 0.0003652151759664349
10 1 7 4 0.0003652151759664349
11 1 7 5 0.0003652151759664349
10 4 0 4 0.010170946343826684
11 4 0 5 0.010170946343826684
10 5 1 4 0.010170946343826684
11 5 1 5 0.010170946343826684
10 4 10 4 0.011017005204252583
11 4 10 5 0.011017005204252583
10 5 11 4 0.011017005204252583
11 5 11 5 0.011017005204252583
10 6 0 4 0.00036521517596643495
11 6 0 5 0.00036521517596643495
10 7 1 4 0.00036521517596643495
11 7 1 5 0.00036521517596643495
10 6 10 4 -0.00030270943330625683
11 6 10 5 -0.00030270943330625683
10 7 11 4 -0.00030270943330625683
11 7 11 5 -0.00030270943330625683
10 10 4 4 0.011017005204252583
11 10 4 5 0.011017005204252583
10 11 5 4 0.011017005204252583
11 11 5 5 0.011017005204252583
10 10 6 4 -0.0003027094333062567
11 10 6 5 -0.0003027094333062567
10 11 7 4 -0.0003027094333062567
11 11 7 5 -0.0003027094333062567
10 0 4 6 -0.0003652159888514969
11 0 4 7 -0.0003652159888514969
10 1 5 6 -0.0003652159888514969
11 1 5 7 -0.0003652159888514969
10 0 6 6 -0.010170949822544809
11 0 6 7 -0.010170949822544809
10 1 7 6 -0.010170949822544809
11 1 7 7 -0.010170949822544809
10 4 0 6 -0.00036521598885149695
11 4 0 7 -0.00036521598885149695
10 5 1 6 -0.00036521598885149695
11 5 1 7 -0.00036521598885149695
10 4 10 6 -0.0003027094333062567
11 4 10 7 -0.0003027094333062567
10 5 11 6 -0.0003027094333062567
11 5 11 7 -0.0003027094333062567
10 6 0 6 -0.01017094982254481
11 6 0 7 -0.01017094982254481
10 7 1 6 -0.01017094982254481
11 7 1 7 -0.01017094982254481
10 6 10 6 0.011017014724949441
11 6 10 7 0.011017014724949441
10 7 11 6 0.011017014724949441
11 7 11 7 0.011017014724949441
10 10 4 6 -0.0003027094333062567
11 10 4 7 -0.0003027094333062567
10 11 5 6 -0.0003027094333062567
11 11 5 7 -0.0003027094333062567
10 10 6 6 0.011017014724949441
11 10 6 7 0.011017014724949441
10 11 7 6 0.011017014724949441
11 11 7 7 0.011017014724949441
10 0 2 8 -0.0003652159888514969
11 0 2 9 -0.0003652159888514969
10 1 3 8 -0.0003652159888514969
11 1 3 9 -0.0003652159888514969
10 0 8 8 -0.010170949822544809
11 0 8 9 -0.010170949822544809
10 1 9 8 -0.010170949822544809
11 1 9 9 -0.010170949822544809
10 2 0 8 -0.00036521598885149695
11 2 0 9 -0.00036521598885149695
10 3 1 8 -0.00036521598885149695
11 3 1 9 -0.00036521598885149695
10 2 10 8 -0.0003027094333062567
11 2 10 9 -0.0003027094333062567
10 3 11 8 -0.0003027094333062567
11 3 11 9 -0.0003027094333062567
10 8 0 8 -0.01017094982254481
11 8 0 9 -0.01017094982254481
10 9 1 8 -0.01017094982254481
11 9 1 9 -0.01017094982254481
10 8 10 8 0.011017014724949441
11 8 10 9 0.011017014724949441
10 9 11 8 0.011017014724949441
11 9 11 9 0.011017014724949441
10 10 2 8 -0.0003027094333062567
11 10 2 9 -0.0003027094333062567
10 11 3 8 -0.0003027094333062567
11 11 3 9 -0.0003027094333062567
10 10 8 8 0.011017014724949441
11 10 8 9 0.011017014724949441
10 11 9 8 0.011017014724949441
11 11 9 9 0.011017014724949441
10 0 0 10 0.2580242701750325
11 0 0 11 0.2580242701750325
10 1 1 10 0.2580242701750325
11 1 1 11 0.2580242701750325
10 0 10 10 -3.1824464730156876e-08
11 0 10 11 -3.1824464730156876e-08
10 1 11 10 -3.1824464730156876e-08
11 1 11 11 -3.1824464730156876e-08
10 2 2 10 0.23577691568835835
11 2 2 11 0.23577691568835835
10 3 3 10 0.23577691568835835
11 3 3 11 0.23577691568835835
10 2 8 10 -0.000544550041043559
11 2 8 11 -0.000544550041043559
10 3 9 10 -0.000544550041043559
11 3 9 11 -0.000544550041043559
10 4 4 10 0.23577691568835835
11 4 4 11 0.23577691568835835
10 5 5 10 0.23577691568835835
11 5 5 11 0.23577691568835835
10 4 6 10 -0.000544550041043559
11 4 6 11 -0.000544550041043559
10 5 7 10 -0.000544550041043559
11 5 7 11 -0.000544550041043559
10 6 4 10 -0.000544550041043559
11 6 4 11 -0.000544550041043559
10 7 5 10 -0.000544550041043559
11 7 5 11 -0.000544550041043559
10 6 6 10 0.23577692059235394
11 6 6 11 0.23577692059235394
10 7 7 10 0.23577692059235394
11 7 7 11 0.23577692059235394
10 8 2 10 -0.000544550041043559
11 8 2 11 -0.000544550041043559
10 9 3 10 -0.000544550041043559
11 9 3 11 -0.000544550041043559
10 8 8 10 0.23577692059235394
11 8 8 11 0.23577692059235394
10 9 9 10 0.23577692059235394
11 9 9 11 0.23577692059235394
10 10 0 10 -3.182446466076794e-08
11 10 0 11 -3.182446466076794e-08
10 11 1 10 -3.182446466076794e-08
11 11 1 11 -3.182446466076794e-08
10 10 10 10 0.26656955603444915
11 10 10 11 0.26656955603444915
10 11 11 10 0.26656955603444915
11 11 11 11 0.26656955603444915
