-97.6885826384499
0 0 -2.9305259270914084
1 1 -2.9305259270914084
0 10 2.5893591976740987e-08
1 11 2.5893591976740987e-08
2 2 -2.6782854853339852
3 3 -2.6782854853339852
2 8 -0.04931451173220219
3 9 -0.04931451173220219
4 4 -2.6782854853339852
5 5 -2.6782854853339852
4 6 -0.04931451173220219
5 7 -0.04931451173220219
6 4 -0.04931451173220221
7 5 -0.04931451173220221
6 6 -2.678285543189155
7 7 -2.678285543189155
8 2 -0.04931451173220221
9 3 -0.04931451173220221
8 8 -2.678285543189155
9 9 -2.678285543189155
10 0 2.5893592274679744e-08
11 1 2.5893592274679744e-08
10 10 -2.622356182434573
11 11 -2.622356182434573
0 0 0 0 0.2822008534871791
1 0 0 1 0.2822008534871791
0 1 1 0 0.2822008534871791
1 1 1 1 0.2822008534871791
0 2 2 0 0.24879934288388766
1 2 2 1 0.24879934288388766
0 3 3 0 0.24879934288388766
1 3 3 1 0.24879934288388766
0 2 8 0 -0.00032282664310369634
1 2 8 1 -0.00032282664310369634
0 3 9 0 -0.00032282664310369634
1 3 9 1 -0.00032282664310369634
0 4 4 0 0.24879934288388766
1 4 4 1 0.24879934288388766
0 5 5 0 0.24879934288388766
1 5 5 1 0.24879934288388766
0 4 6 0 -0.00032282664310369634
1 4 6 1 -0.00032282664310369634
0 5 7 0 -0.00032282664310369634
1 5 7 1 -0.00032282664310369634
0 6 4 0 -0.00032282664310369634
1 6 4 1 -0.00032282664310369634
0 7 5 0 -0.00032282664310369634
1 7 5 1 -0.00032282664310369634
0 6 6 0 0.24879934274394983
1 6 6 1 0.24879934274394983
0 7 7 0 0.24879934274394983
1 7 7 1 0.24879934274394983
0 8 2 0 -0.00032282664310369634
1 8 2 1 -0.00032282664310369634
0 9 3 0 -0.00032282664310369634
1 9 3 1 -0.00032282664310369634
0 8 8 0 0.24879934274394983
1 8 8 1 0.24879934274394983
0 9 9 0 0.24879934274394983
1 9 9 1 0.24879934274394983
0 10 10 0 0.29007743039047684
1 10 10 1 0.29007743039047684
0 11 11 0 0.29007743039047684
1 11 11 1 0.29007743039047684
0 0 2 2 0.010602505141620503
1 0 2 3 0.010602505141620503
0 1 3 2 0.010602505141620503
1 1 3 3 0.010602505141620503
0 0 8 2 0.0014203712761444607
1 0 8 3 0.0014203712761444607
0 1 9 2 0.0014203712761444607
1 1 9 3 0.0014203712761444607
0 2 0 2 0.010602505141620503
1 2 0 3 0.010602505141620503
0 3 1 2 0.010602505141620503
1 3 1 3 0.010602505141620503
0 2 10 2 0.010400811391215174
1 2 10 3 0.010400811391215174
0 3 11 2 0.010400811391215174
1 3 11 3 0.010400811391215174
0 8 0 2 0.0014203712761444612
1 8 0 3 0.0014203712761444612
0 9 1 2 0.0014203712761444612
1 9 1 3 0.0014203712761444612
0 8 10 2 -0.0012740045635169805
1 8 10 3 -0.0012740045635169805
0 9 11 2 -0.0012740045635169805
1 9 11 3 -0.0012740045635169805
0 10 2 2 0.010400811391215176
1 10 2 3 0.010400811391215176
0 11 3 2 0.010400811391215176
1 11 3 3 0.010400811391215176
0 10 8 2 -0.00127400456351698
1 10 8 3 -0.00127400456351698
0 11 9 2 -0.00127400456351698
1 11 9 3 -0.00127400456351698
0 0 4 4 0.010602505141620503
1 0 4 5 0.010602505141620503
0 1 5 4 0.010602505141620503
1 1 5 5 0.010602505141620503
0 0 6 4 0.0014203712761444607
1 0 6 5 0.0014203712761444607
0 1 7 4 0.0014203712761444607
1 1 7 5 0.0014203712761444607
0 4 0 4 0.010602505141620503
1 4 0 5 0.010602505141620503
0 5 1 4 0.010602505141620503
1 5 1 5 0.010602505141620503
0 4 10 4 0.010400811391215174
1 4 10 5 0.010400811391215174
0 5 11 4 0.010400811391215174
1 5 11 5 0.010400811391215174
0 6 0 4 0.0014203712761444612
1 6 0 5 0.0014203712761444612
0 7 1 4 0.0014203712761444612
1 7 1 5 0.0014203712761444612
0 6 10 4 -0.0012740045635169805
1 6 10 5 -0.0012740045635169805
0 7 11 4 -0.0012740045635169805
1 7 11 5 -0.0012740045635169805
0 10 4 4 0.010400811391215176
1 10 4 5 0.010400811391215176
0 11 5 4 0.010400811391215176
1 11 5 5 0.010400811391215176
0 10 6 4 -0.00127400456351698
1 10 6 5 -0.00127400456351698
0 11 7 4 -0.00127400456351698
1 11 7 5 -0.00127400456351698
0 0 4 6 0.0014203712761444607
1 0 4 7 0.0014203712761444607
0 1 5 6 0.0014203712761444607
1 1 5 7 0.0014203712761444607
0 0 6 6 0.010602505145169564
1 0 6 7 0.010602505145169564
0 1 7 6 0.010602505145169564
1 1 7 7 0.010602505145169564
0 4 0 6 0.001420371276144461
1 4 0 7 0.001420371276144461
0 5 1 6 0.001420371276144461
1 5 1 7 0.001420371276144461
0 4 10 6 0.0012740045755531225
1 4 10 7 0.0012740045755531225
0 5 11 6 0.0012740045755531225
1 5 11 7 0.0012740045755531225
0 6 0 6 0.010602505145169564
1 6 0 7 0.010602505145169564
0 7 1 6 0.010602505145169564
1 7 1 7 0.010602505145169564
0 6 10 6 -0.01040081153139779
1 6 10 7 -0.01040081153139779
0 7 11 6 -0.01040081153139779
1 7 11 7 -0.01040081153139779
0 10 4 6 0.0012740045755531221
1 10 4 7 0.0012740045755531221
0 11 5 6 0.0012740045755531221
1 11 5 7 0.0012740045755531221
0 10 6 6 -0.010400811531397791
1 10 6 7 -0.010400811531397791
0 11 7 6 -0.010400811531397791
1 11 7 7 -0.010400811531397791
0 0 2 8 0.0014203712761444607
1 0 2 9 0.0014203712761444607
0 1 3 8 0.0014203712761444607
1 1 3 9 0.0014203712761444607
0 0 8 8 0.010602505145169564
1 0 8 9 0.010602505145169564
0 1 9 8 0.010602505145169564
1 1 9 9 0.010602505145169564
0 2 0 8 0.001420371276144461
1 2 0 9 0.001420371276144461
0 3 1 8 0.001420371276144461
1 3 1 9 0.001420371276144461
0 2 10 8 0.0012740045755531225
1 2 10 9 0.0012740045755531225
0 3 11 8 0.0012740045755531225
1 3 11 9 0.0012740045755531225
0 8 0 8 0.010602505145169564
1 8 0 9 0.010602505145169564
0 9 1 8 0.010602505145169564
1 9 1 9 0.010602505145169564
0 8 10 8 -0.01040081153139779
1 8 10 9 -0.01040081153139779
0 9 11 8 -0.01040081153139779
1 9 11 9 -0.01040081153139779
0 10 2 8 0.0012740045755531221
1 10 2 9 0.0012740045755531221
0 11 3 8 0.0012740045755531221
1 11 3 9 0.0012740045755531221
0 10 8 8 -0.010400811531397791
1 10 8 9 -0.010400811531397791
0 11 9 8 -0.010400811531397791
1 11 9 9 -0.010400811531397791
0 0 10 10 0.10426006308369667
1 0 10 11 0.10426006308369667
0 1 11 10 0.10426006308369667
1 1 11 11 0.10426006308369667
0 2 2 10 0.09209783754098028
1 2 2 11 0.09209783754098028
0 3 3 10 0.09209783754098028
1 3 3 11 0.09209783754098028
0 4 4 10 0.09209783754098028
1 4 4 11 0.09209783754098028
0 5 5 10 0.09209783754098028
1 5 5 11 0.09209783754098028
0 6 6 10 -0.09209783746892594
1 6 6 11 -0.09209783746892594
0 7 7 10 -0.09209783746892594
1 7 7 11 -0.09209783746892594
0 8 8 10 -0.09209783746892594
1 8 8 11 -0.09209783746892594
0 9 9 10 -0.09209783746892594
1 9 9 11 -0.09209783746892594
0 10 0 10 0.10426006308369673
1 10 0 11 0.10426006308369673
0 11 1 10 0.10426006308369673
1 11 1 11 0.10426006308369673
2 0 2 0 0.010602505141620503
3 0 2 1 0.010602505141620503
2 1 3 0 0.010602505141620503
3 1 3 1 0.010602505141620503
2 0 8 0 0.0014203712761444605
3 0 8 1 0.0014203712761444605
2 1 9 0 0.0014203712761444605
3 1 9 1 0.0014203712761444605
2 2 0 0 0.010602505141620503
3 2 0 1 0.010602505141620503
2 3 1 0 0.010602505141620503
3 3 1 1 0.010602505141620503
2 2 10 0 0.010400811391215174
3 2 10 1 0.010400811391215174
2 3 11 0 0.010400811391215174
3 3 11 1 0.010400811391215174
2 8 0 0 0.001420371276144461
3 8 0 1 0.001420371276144461
2 9 1 0 0.001420371276144461
3 9 1 1 0.001420371276144461
2 8 10 0 -0.0012740045635169805
3 8 10 1 -0.0012740045635169805
2 9 11 0 -0.0012740045635169805
3 9 11 1 -0.0012740045635169805
2 10 2 0 0.010400811391215176
3 10 2 1 0.010400811391215176
2 11 3 0 0.010400811391215176
3 11 3 1 0.010400811391215176
2 10 8 0 -0.00127400456351698
3 10 8 1 -0.00127400456351698
2 11 9 0 -0.00127400456351698
3 11 9 1 -0.00127400456351698
2 0 0 2 0.2487993428838877
3 0 0 3 0.2487993428838877
2 1 1 2 0.2487993428838877
3 1 1 3 0.2487993428838877
2 0 10 2 0.09209783754098026
3 0 10 3 0.09209783754098026
2 1 11 2 0.09209783754098026
3 1 11 3 0.09209783754098026
2 2 2 2 0.3823802659866434
3 2 2 3 0.3823802659866434
2 3 3 2 0.3823802659866434
3 3 3 3 0.3823802659866434
2 2 8 2 -0.001933087286074448
3 2 8 3 -0.001933087286074448
2 3 9 2 -0.001933087286074448
3 3 9 3 -0.001933087286074448
2 4 4 2 0.34107831770519004
3 4 4 3 0.34107831770519004
2 5 5 2 0.34107831770519004
3 5 5 3 0.34107831770519004
2 4 6 2 -0.0014860771781373858
3 4 6 3 -0.0014860771781373858
2 5 7 2 -0.0014860771781373858
3 5 7 3 -0.0014860771781373858
2 6 4 2 -0.0014860771781373858
3 6 4 3 -0.0014860771781373858
2 7 5 2 -0.0014860771781373858
3 7 5 3 -0.0014860771781373858
2 6 6 2 0.14402815520439205
3 6 6 3 0.14402815520439205
2 7 7 2 0.14402815520439205
3 7 7 3 0.14402815520439205
2 8 2 2 -0.0019330872860744476
3 8 2 3 -0.0019330872860744476
2 9 3 2 -0.0019330872860744476
3 9 3 3 -0.0019330872860744476
2 8 8 2 0.14520769716539936
3 8 8 3 0.14520769716539936
2 9 9 2 0.14520769716539936
3 9 9 3 0.14520769716539936
2 10 0 2 0.09209783754098033
3 10 0 3 0.09209783754098033
2 11 1 2 0.09209783754098033
3 11 1 3 0.09209783754098033
2 10 10 2 0.2611295217670888
3 10 10 3 0.2611295217670888
2 11 11 2 0.2611295217670888
3 11 11 3 0.2611295217670888
2 2 4 4 0.02065097384860751
3 2 4 5 0.02065097384860751
2 3 5 4 0.02065097384860751
3 3 5 5 0.02065097384860751
2 2 6 4 -0.0002235047707355629
3 2 6 5 -0.0002235047707355629
2 3 7 4 -0.0002235047707355629
3 3 7 5 -0.0002235047707355629
2 4 2 4 0.02065097384860751
3 4 2 5 0.02065097384860751
2 5 3 4 0.02065097384860751
3 5 3 5 0.02065097384860751
2 4 8 4 -0.0002235047707355629
3 4 8 5 -0.0002235047707355629
2 5 9 4 -0.0002235047707355629
3 5 9 5 -0.0002235047707355629
2 6 2 4 -0.000223504770735563
3 6 2 5 -0.000223504770735563
2 7 3 4 -0.000223504770735563
3 7 3 5 -0.000223504770735563
2 6 8 4 0.000589770939838984
3 6 8 5 0.000589770939838984
2 7 9 4 0.000589770939838984
3 7 9 5 0.000589770939838984
2 8 4 4 -0.000223504770735563
3 8 4 5 -0.000223504770735563
2 9 5 4 -0.000223504770735563
3 9 5 5 -0.000223504770735563
2 8 6 4 0.000589770939838984
3 8 6 5 0.000589770939838984
2 9 7 4 0.000589770939838984
3 9 7 5 0.000589770939838984
2 2 4 6 -0.00022350477073556293
3 2 4 7 -0.00022350477073556293
2 3 5 6 -0.00022350477073556293
3 3 5 7 -0.00022350477073556293
2 2 6 6 5.172786082295361e-05
3 2 6 7 5.172786082295361e-05
2 3 7 6 5.172786082295361e-05
3 3 7 7 5.172786082295361e-05
2 4 2 6 -0.00022350477073556293
3 4 2 7 -0.00022350477073556293
2 5 3 6 -0.00022350477073556293
3 5 3 7 -0.00022350477073556293
2 4 8 6 5.172786082295361e-05
3 4 8 7 5.172786082295361e-05
2 5 9 6 5.172786082295361e-05
3 5 9 7 5.172786082295361e-05
2 6 2 6 5.172786082295361e-05
3 6 2 7 5.172786082295361e-05
2 7 3 6 5.172786082295361e-05
3 7 3 7 5.172786082295361e-05
2 6 8 6 -0.00022350477073556285
3 6 8 7 -0.00022350477073556285
2 7 9 6 -0.00022350477073556285
3 7 9 7 -0.00022350477073556285
2 8 4 6 5.172786082295361e-05
3 8 4 7 5.172786082295361e-05
2 9 5 6 5.172786082295361e-05
3 9 5 7 5.172786082295361e-05
2 8 6 6 -0.00022350477073556285
3 8 6 7 -0.00022350477073556285
2 9 7 6 -0.00022350477073556285
3 9 7 7 -0.00022350477073556285
2 0 0 8 -0.00032282664310369705
3 0 0 9 -0.00032282664310369705
2 1 1 8 -0.00032282664310369705
3 1 1 9 -0.00032282664310369705
2 2 2 8 -0.0019330872860744506
3 2 2 9 -0.0019330872860744506
2 3 3 8 -0.0019330872860744506
3 3 3 9 -0.0019330872860744506
2 2 8 8 0.00033687866067157044
3 2 8 9 0.00033687866067157044
2 3 9 8 0.00033687866067157044
3 3 9 9 0.00033687866067157044
2 4 4 8 -0.0014860771781373856
3 4 4 9 -0.0014860771781373856
2 5 5 8 -0.0014860771781373856
3 5 5 9 -0.0014860771781373856
2 4 6 8 0.0002334223547874619
3 4 6 9 0.0002334223547874619
2 5 7 8 0.0002334223547874619
3 5 7 9 0.0002334223547874619
2 6 4 8 0.0002334223547874619
3 6 4 9 0.0002334223547874619
2 7 5 8 0.0002334223547874619
3 7 5 9 0.0002334223547874619
2 6 6 8 -0.001486077178137384
3 6 6 9 -0.001486077178137384
2 7 7 8 -0.001486077178137384
3 7 7 9 -0.001486077178137384
2 8 2 8 0.00033687866067157044
3 8 2 9 0.00033687866067157044
2 9 3 8 0.00033687866067157044
3 9 3 9 0.00033687866067157044
2 8 8 8 -0.0019330872860744506
3 8 8 9 -0.0019330872860744506
2 9 9 8 -0.0019330872860744506
3 9 9 9 -0.0019330872860744506
2 10 10 8 -0.0009027177082865396
3 10 10 9 -0.0009027177082865396
2 11 11 8 -0.0009027177082865396
3 11 11 9 -0.0009027177082865396
2 0 2 10 0.010400811391215172
3 0 2 11 0.010400811391215172
2 1 3 10 0.010400811391215172
3 1 3 11 0.010400811391215172
2 0 8 10 0.0012740045755531228
3 0 8 11 0.0012740045755531228
2 1 9 10 0.0012740045755531228
3 1 9 11 0.0012740045755531228
2 2 0 10 0.010400811391215172
3 2 0 11 0.010400811391215172
2 3 1 10 0.010400811391215172
3 3 1 11 0.010400811391215172
2 2 10 10 0.013140027160662938
3 2 10 11 0.013140027160662938
2 3 11 10 0.013140027160662938
3 3 11 11 0.013140027160662938
2 8 0 10 0.001274004575553123
3 8 0 11 0.001274004575553123
2 9 1 10 0.001274004575553123
3 9 1 11 0.001274004575553123
2 8 10 10 -0.0008520435453492737
3 8 10 11 -0.0008520435453492737
2 9 11 10 -0.0008520435453492737
3 9 11 11 -0.0008520435453492737
2 10 2 10 0.013140027160662936
3 10 2 11 0.013140027160662936
2 11 3 10 0.013140027160662936
3 11 3 11 0.013140027160662936
2 10 8 10 -0.0008520435453492735
3 10 8 11 -0.0008520435453492735
2 11 9 10 -0.0008520435453492735
3 11 9 11 -0.0008520435453492735
4 0 4 0 0.010602505141620503
5 0 4 1 0.010602505141620503
4 1 5 0 0.010602505141620503
5 1 5 1 0.010602505141620503
4 0 6 0 0.0014203712761444605
5 0 6 1 0.0014203712761444605
4 1 7 0 0.0014203712761444605
5 1 7 1 0.0014203712761444605
4 4 0 0 0.010602505141620503
5 4 0 1 0.010602505141620503
4 5 1 0 0.010602505141620503
5 5 1 1 0.010602505141620503
4 4 10 0 0.010400811391215174
5 4 10 1 0.010400811391215174
4 5 11 0 0.010400811391215174
5 5 11 1 0.010400811391215174
4 6 0 0 0.001420371276144461
5 6 0 1 0.001420371276144461
4 7 1 0 0.001420371276144461
5 7 1 1 0.001420371276144461
4 6 10 0 -0.0012740045635169805
5 6 10 1 -0.0012740045635169805
4 7 11 0 -0.0012740045635169805
5 7 11 1 -0.0012740045635169805
4 10 4 0 0.010400811391215176
5 10 4 1 0.010400811391215176
4 11 5 0 0.010400811391215176
5 11 5 1 0.010400811391215176
4 10 6 0 -0.00127400456351698
5 10 6 1 -0.00127400456351698
4 11 7 0 -0.00127400456351698
5 11 7 1 -0.00127400456351698
4 2 4 2 0.02065097384860751
5 2 4 3 0.02065097384860751
4 3 5 2 0.02065097384860751
5 3 5 3 0.02065097384860751
4 2 6 2 -0.0002235047707355629
5 2 6 3 -0.0002235047707355629
4 3 7 2 -0.0002235047707355629
5 3 7 3 -0.0002235047707355629
4 4 2 2 0.02065097384860751
5 4 2 3 0.02065097384860751
4 5 3 2 0.02065097384860751
5 5 3 3 0.02065097384860751
4 4 8 2 -0.0002235047707355629
5 4 8 3 -0.0002235047707355629
4 5 9 2 -0.0002235047707355629
5 5 9 3 -0.0002235047707355629
4 6 2 2 -0.000223504770735563
5 6 2 3 -0.000223504770735563
4 7 3 2 -0.000223504770735563
5 7 3 3 -0.000223504770735563
4 6 8 2 0.000589770939838984
5 6 8 3 0.000589770939838984
4 7 9 2 0.000589770939838984
5 7 9 3 0.000589770939838984
4 8 4 2 -0.000223504770735563
5 8 4 3 -0.000223504770735563
4 9 5 2 -0.000223504770735563
5 9 5 3 -0.000223504770735563
4 8 6 2 0.000589770939838984
5 8 6 3 0.000589770939838984
4 9 7 2 0.000589770939838984
5 9 7 3 0.000589770939838984
4 0 0 4 0.2487993428838877
5 0 0 5 0.2487993428838877
4 1 1 4 0.2487993428838877
5 1 1 5 0.2487993428838877
4 0 10 4 0.09209783754098026
5 0 10 5 0.09209783754098026
4 1 11 4 0.09209783754098026
5 1 11 5 0.09209783754098026
4 2 2 4 0.34107831770519004
5 2 2 5 0.34107831770519004
4 3 3 4 0.34107831770519004
5 3 3 5 0.34107831770519004
4 2 8 4 -0.0014860771781373858
5 2 8 5 -0.0014860771781373858
4 3 9 4 -0.0014860771781373858
5 3 9 5 -0.0014860771781373858
4 4 4 4 0.3823802659866434
5 4 4 5 0.3823802659866434
4 5 5 4 0.3823802659866434
5 5 5 5 0.3823802659866434
4 4 6 4 -0.001933087286074448
5 4 6 5 -0.001933087286074448
4 5 7 4 -0.001933087286074448
5 5 7 5 -0.001933087286074448
4 6 4 4 -0.0019330872860744476
5 6 4 5 -0.0019330872860744476
4 7 5 4 -0.0019330872860744476
5 7 5 5 -0.0019330872860744476
4 6 6 4 0.14520769716539936
5 6 6 5 0.14520769716539936
4 7 7 4 0.14520769716539936
5 7 7 5 0.14520769716539936
4 8 2 4 -0.0014860771781373858
5 8 2 5 -0.0014860771781373858
4 9 3 4 -0.0014860771781373858
5 9 3 5 -0.0014860771781373858
4 8 8 4 0.14402815520439205
5 8 8 5 0.14402815520439205
4 9 9 4 0.14402815520439205
5 9 9 5 0.14402815520439205
4 10 0 4 0.09209783754098033
5 10 0 5 0.09209783754098033
4 11 1 4 0.09209783754098033
5 11 1 5 0.09209783754098033
4 10 10 4 0.2611295217670888
5 10 10 5 0.2611295217670888
4 11 11 4 0.2611295217670888
5 11 11 5 0.2611295217670888
4 0 0 6 -0.00032282664310369705
5 0 0 7 -0.00032282664310369705
4 1 1 6 -0.00032282664310369705
5 1 1 7 -0.00032282664310369705
4 2 2 6 -0.0014860771781373856
5 2 2 7 -0.0014860771781373856
4 3 3 6 -0.0014860771781373856
5 3 3 7 -0.0014860771781373856
4 2 8 6 0.0002334223547874619
5 2 8 7 0.0002334223547874619
4 3 9 6 0.0002334223547874619
5 3 9 7 0.0002334223547874619
4 4 4 6 -0.0019330872860744506
5 4 4 7 -0.0019330872860744506
4 5 5 6 -0.0019330872860744506
5 5 5 7 -0.0019330872860744506
4 4 6 6 0.00033687866067157044
5 4 6 7 0.00033687866067157044
4 5 7 6 0.00033687866067157044
5 5 7 7 0.00033687866067157044
4 6 4 6 0.00033687866067157044
5 6 4 7 0.00033687866067157044
4 7 5 6 0.00033687866067157044
5 7 5 7 0.00033687866067157044
4 6 6 6 -0.0019330872860744506
5 6 6 7 -0.0019330872860744506
4 7 7 6 -0.0019330872860744506
5 7 7 7 -0.0019330872860744506
4 8 2 6 0.0002334223547874619
5 8 2 7 0.0002334223547874619
4 9 3 6 0.0002334223547874619
5 9 3 7 0.0002334223547874619
4 8 8 6 -0.001486077178137384
5 8 8 7 -0.001486077178137384
4 9 9 6 -0.001486077178137384
5 9 9 7 -0.001486077178137384
4 10 10 6 -0.0009027177082865396
5 10 10 7 -0.0009027177082865396
4 11 11 6 -0.0009027177082865396
5 11 11 7 -0.0009027177082865396
4 2 4 8 -0.00022350477073556293
5 2 4 9 -0.00022350477073556293
4 3 5 8 -0.00022350477073556293
5 3 5 9 -0.00022350477073556293
4 2 6 8 5.172786082295361e-05
5 2 6 9 5.172786082295361e-05
4 3 7 8 5.172786082295361e-05
5 3 7 9 5.172786082295361e-05
4 4 2 8 -0.00022350477073556293
5 4 2 9 -0.00022350477073556293
4 5 3 8 -0.00022350477073556293
5 5 3 9 -0.00022350477073556293
4 4 8 8 5.172786082295361e-05
5 4 8 9 5.172786082295361e-05
4 5 9 8 5.172786082295361e-05
5 5 9 9 5.172786082295361e-05
4 6 2 8 5.172786082295361e-05
5 6 2 9 5.172786082295361e-05
4 7 3 8 5.172786082295361e-05
5 7 3 9 5.172786082295361e-05
4 6 8 8 -0.00022350477073556285
5 6 8 9 -0.00022350477073556285
4 7 9 8 -0.00022350477073556285
5 7 9 9 -0.00022350477073556285
4 8 4 8 5.172786082295361e-05
5 8 4 9 5.172786082295361e-05
4 9 5 8 5.172786082295361e-05
5 9 5 9 5.172786082295361e-05
4 8 6 8 -0.00022350477073556285
5 8 6 9 -0.00022350477073556285
4 9 7 8 -0.00022350477073556285
5 9 7 9 -0.00022350477073556285
4 0 4 10 0.010400811391215172
5 0 4 11 0.010400811391215172
4 1 5 10 0.010400811391215172
5 1 5 11 0.010400811391215172
4 0 6 10 0.0012740045755531228
5 0 6 11 0.0012740045755531228
4 1 7 10 0.0012740045755531228
5 1 7 11 0.0012740045755531228
4 4 0 10 0.010400811391215172
5 4 0 11 0.010400811391215172
4 5 1 10 0.010400811391215172
5 5 1 11 0.010400811391215172
4 4 10 10 0.013140027160662938
5 4 10 11 0.013140027160662938
4 5 11 10 0.013140027160662938
5 5 11 11 0.013140027160662938
4 6 0 10 0.001274004575553123
5 6 0 11 0.001274004575553123
4 7 1 10 0.001274004575553123
5 7 1 11 0.001274004575553123
4 6 10 10 -0.0008520435453492737
5 6 10 11 -0.0008520435453492737
4 7 11 10 -0.0008520435453492737
5 7 11 11 -0.0008520435453492737
4 10 4 10 0.013140027160662936
5 10 4 11 0.013140027160662936
4 11 5 10 0.013140027160662936
5 11 5 11 0.013140027160662936
4 10 6 10 -0.0008520435453492735
5 10 6 11 -0.0008520435453492735
4 11 7 10 -0.0008520435453492735
5 11 7 11 -0.0008520435453492735
6 0 4 0 0.001420371276144461
7 0 4 1 0.001420371276144461
6 1 5 0 0.001420371276144461
7 1 5 1 0.001420371276144461
6 0 6 0 0.010602505145169566
7 0 6 1 0.010602505145169566
6 1 7 0 0.010602505145169566
7 1 7 1 0.010602505145169566
6 4 0 0 0.0014203712761444612
7 4 0 1 0.0014203712761444612
6 5 1 0 0.0014203712761444612
7 5 1 1 0.0014203712761444612
6 4 10 0 0.0012740045755531228
7 4 10 1 0.0012740045755531228
6 5 11 0 0.0012740045755531228
7 5 11 1 0.0012740045755531228
6 6 0 0 0.010602505145169566
7 6 0 1 0.010602505145169566
6 7 1 0 0.010602505145169566
7 7 1 1 0.010602505145169566
6 6 10 0 -0.010400811531397791
7 6 10 1 -0.010400811531397791
6 7 11 0 -0.010400811531397791
7 7 11 1 -0.010400811531397791
6 10 4 0 0.0012740045755531223
7 10 4 1 0.0012740045755531223
6 11 5 0 0.0012740045755531223
7 11 5 1 0.0012740045755531223
6 10 6 0 -0.010400811531397793
7 10 6 1 -0.010400811531397793
6 11 7 0 -0.010400811531397793
7 11 7 1 -0.010400811531397793
6 2 4 2 -0.00022350477073556285
7 2 4 3 -0.00022350477073556285
6 3 5 2 -0.00022350477073556285
7 3 5 3 -0.00022350477073556285
6 2 6 2 5.172786082295361e-05
7 2 6 3 5.172786082295361e-05
6 3 7 2 5.172786082295361e-05
7 3 7 3 5.172786082295361e-05
6 4 2 2 -0.00022350477073556285
7 4 2 3 -0.00022350477073556285
6 5 3 2 -0.00022350477073556285
7 5 3 3 -0.00022350477073556285
6 4 8 2 5.172786082295361e-05
7 4 8 3 5.172786082295361e-05
6 5 9 2 5.172786082295361e-05
7 5 9 3 5.172786082295361e-05
6 6 2 2 5.172786082295361e-05
7 6 2 3 5.172786082295361e-05
6 7 3 2 5.172786082295361e-05
7 7 3 3 5.172786082295361e-05
6 6 8 2 -0.00022350477073556293
7 6 8 3 -0.00022350477073556293
6 7 9 2 -0.00022350477073556293
7 7 9 3 -0.00022350477073556293
6 8 4 2 5.172786082295361e-05
7 8 4 3 5.172786082295361e-05
6 9 5 2 5.172786082295361e-05
7 9 5 3 5.172786082295361e-05
6 8 6 2 -0.00022350477073556293
7 8 6 3 -0.00022350477073556293
6 9 7 2 -0.00022350477073556293
7 9 7 3 -0.00022350477073556293
6 0 0 4 -0.00032282664310369705
7 0 0 5 -0.00032282664310369705
6 1 1 4 -0.00032282664310369705
7 1 1 5 -0.00032282664310369705
6 2 2 4 -0.001486077178137384
7 2 2 5 -0.001486077178137384
6 3 3 4 -0.001486077178137384
7 3 3 5 -0.001486077178137384
6 2 8 4 0.0002334223547874619
7 2 8 5 0.0002334223547874619
6 3 9 4 0.0002334223547874619
7 3 9 5 0.0002334223547874619
6 4 4 4 -0.0019330872860744506
7 4 4 5 -0.0019330872860744506
6 5 5 4 -0.0019330872860744506
7 5 5 5 -0.0019330872860744506
6 4 6 4 0.00033687866067157044
7 4 6 5 0.00033687866067157044
6 5 7 4 0.00033687866067157044
7 5 7 5 0.00033687866067157044
6 6 4 4 0.00033687866067157044
7 6 4 5 0.00033687866067157044
6 7 5 4 0.00033687866067157044
7 7 5 5 0.00033687866067157044
6 6 6 4 -0.0019330872860744506
7 6 6 5 -0.0019330872860744506
6 7 7 4 -0.0019330872860744506
7 7 7 5 -0.0019330872860744506
6 8 2 4 0.0002334223547874619
7 8 2 5 0.0002334223547874619
6 9 3 4 0.0002334223547874619
7 9 3 5 0.0002334223547874619
6 8 8 4 -0.0014860771781373856
7 8 8 5 -0.0014860771781373856
6 9 9 4 -0.0014860771781373856
7 9 9 5 -0.0014860771781373856
6 10 10 4 -0.0009027177082865379
7 10 10 5 -0.0009027177082865379
6 11 11 4 -0.0009027177082865379
7 11 11 5 -0.0009027177082865379
6 0 0 6 0.24879934274394977
7 0 0 7 0.24879934274394977
6 1 1 6 0.24879934274394977
7 1 1 7 0.24879934274394977
6 0 10 6 -0.09209783746892594
7 0 10 7 -0.09209783746892594
6 1 11 6 -0.09209783746892594
7 1 11 7 -0.09209783746892594
6 2 2 6 0.14402815520439205
7 2 2 7 0.14402815520439205
6 3 3 6 0.14402815520439205
7 3 3 7 0.14402815520439205
6 2 8 6 -0.0014860771781373858
7 2 8 7 -0.0014860771781373858
6 3 9 6 -0.0014860771781373858
7 3 9 7 -0.0014860771781373858
6 4 4 6 0.14520769716539936
7 4 4 7 0.14520769716539936
6 5 5 6 0.14520769716539936
7 5 5 7 0.14520769716539936
6 4 6 6 -0.0019330872860744476
7 4 6 7 -0.0019330872860744476
6 5 7 6 -0.0019330872860744476
7 5 7 7 -0.0019330872860744476
6 6 4 6 -0.001933087286074448
7 6 4 7 -0.001933087286074448
6 7 5 6 -0.001933087286074448
7 7 5 7 -0.001933087286074448
6 6 6 6 0.3823802659866434
7 6 6 7 0.3823802659866434
6 7 7 6 0.3823802659866434
7 7 7 7 0.3823802659866434
6 8 2 6 -0.0014860771781373858
7 8 2 7 -0.0014860771781373858
6 9 3 6 -0.0014860771781373858
7 9 3 7 -0.0014860771781373858
6 8 8 6 0.34107831770519004
7 8 8 7 0.34107831770519004
6 9 9 6 0.34107831770519004
7 9 9 7 0.34107831770519004
6 10 0 6 -0.09209783746892593
7 10 0 7 -0.09209783746892593
6 11 1 6 -0.09209783746892593
7 11 1 7 -0.09209783746892593
6 10 10 6 0.26112952176708876
7 10 10 7 0.26112952176708876
6 11 11 6 0.26112952176708876
7 11 11 7 0.26112952176708876
6 2 4 8 0.000589770939838984
7 2 4 9 0.000589770939838984
6 3 5 8 0.000589770939838984
7 3 5 9 0.000589770939838984
6 2 6 8 -0.000223504770735563
7 2 6 9 -0.000223504770735563
6 3 7 8 -0.000223504770735563
7 3 7 9 -0.000223504770735563
6 4 2 8 0.000589770939838984
7 4 2 9 0.000589770939838984
6 5 3 8 0.000589770939838984
7 5 3 9 0.000589770939838984
6 4 8 8 -0.000223504770735563
7 4 8 9 -0.000223504770735563
6 5 9 8 -0.000223504770735563
7 5 9 9 -0.000223504770735563
6 6 2 8 -0.0002235047707355629
7 6 2 9 -0.0002235047707355629
6 7 3 8 -0.0002235047707355629
7 7 3 9 -0.0002235047707355629
6 6 8 8 0.02065097384860751
7 6 8 9 0.02065097384860751
6 7 9 8 0.02065097384860751
7 7 9 9 0.02065097384860751
6 8 4 8 -0.0002235047707355629
7 8 4 9 -0.0002235047707355629
6 9 5 8 -0.0002235047707355629
7 9 5 9 -0.0002235047707355629
6 8 6 8 0.02065097384860751
7 8 6 9 0.02065097384860751
6 9 7 8 0.02065097384860751
7 9 7 9 0.02065097384860751
6 0 4 10 -0.0012740045635169803
7 0 4 11 -0.0012740045635169803
6 1 5 10 -0.0012740045635169803
7 1 5 11 -0.0012740045635169803
6 0 6 10 -0.010400811531397791
7 0 6 11 -0.010400811531397791
6 1 7 10 -0.010400811531397791
7 1 7 11 -0.010400811531397791
6 4 0 10 -0.0012740045635169807
7 4 0 11 -0.0012740045635169807
6 5 1 10 -0.0012740045635169807
7 5 1 11 -0.0012740045635169807
6 4 10 10 -0.0008520435453492731
7 4 10 11 -0.0008520435453492731
6 5 11 10 -0.0008520435453492731
7 5 11 11 -0.0008520435453492731
6 6 0 10 -0.01040081153139779
7 6 0 11 -0.01040081153139779
6 7 1 10 -0.01040081153139779
7 7 1 11 -0.01040081153139779
6 6 10 10 0.013140027160662938
7 6 10 11 0.013140027160662938
6 7 11 10 0.013140027160662938
7 7 11 11 0.013140027160662938
6 10 4 10 -0.0008520435453492737
7 10 4 11 -0.0008520435453492737
6 11 5 10 -0.0008520435453492737
7 11 5 11 -0.0008520435453492737
6 10 6 10 0.013140027160662938
7 10 6 11 0.013140027160662938
6 11 7 10 0.013140027160662938
7 11 7 11 0.013140027160662938
8 0 2 0 0.001420371276144461
9 0 2 1 0.001420371276144461
8 1 3 0 0.001420371276144461
9 1 3 1 0.001420371276144461
8 0 8 0 0.010602505145169566
9 0 8 1 0.010602505145169566
8 1 9 0 0.010602505145169566
9 1 9 1 0.010602505145169566
8 2 0 0 0.0014203712761444612
9 2 0 1 0.0014203712761444612
8 3 1 0 0.0014203712761444612
9 3 1 1 0.0014203712761444612
8 2 10 0 0.0012740045755531228
9 2 10 1 0.0012740045755531228
8 3 11 0 0.0012740045755531228
9 3 11 1 0.0012740045755531228
8 8 0 0 0.010602505145169566
9 8 0 1 0.010602505145169566
8 9 1 0 0.010602505145169566
9 9 1 1 0.010602505145169566
8 8 10 0 -0.010400811531397791
9 8 10 1 -0.010400811531397791
8 9 11 0 -0.010400811531397791
9 9 11 1 -0.010400811531397791
8 10 2 0 0.0012740045755531223
9 10 2 1 0.0012740045755531223
8 11 3 0 0.0012740045755531223
9 11 3 1 0.0012740045755531223
8 10 8 0 -0.010400811531397793
9 10 8 1 -0.010400811531397793
8 11 9 0 -0.010400811531397793
9 11 9 1 -0.010400811531397793
8 0 0 2 -0.00032282664310369705
9 0 0 3 -0.00032282664310369705
8 1 1 2 -0.00032282664310369705
9 1 1 3 -0.00032282664310369705
8 2 2 2 -0.0019330872860744506
9 2 2 3 -0.0019330872860744506
8 3 3 2 -0.0019330872860744506
9 3 3 3 -0.0019330872860744506
8 2 8 2 0.00033687866067157044
9 2 8 3 0.00033687866067157044
8 3 9 2 0.00033687866067157044
9 3 9 3 0.00033687866067157044
8 4 4 2 -0.001486077178137384
9 4 4 3 -0.001486077178137384
8 5 5 2 -0.001486077178137384
9 5 5 3 -0.001486077178137384
8 4 6 2 0.0002334223547874619
9 4 6 3 0.0002334223547874619
8 5 7 2 0.0002334223547874619
9 5 7 3 0.0002334223547874619
8 6 4 2 0.0002334223547874619
9 6 4 3 0.0002334223547874619
8 7 5 2 0.0002334223547874619
9 7 5 3 0.0002334223547874619
8 6 6 2 -0.0014860771781373856
9 6 6 3 -0.0014860771781373856
8 7 7 2 -0.0014860771781373856
9 7 7 3 -0.0014860771781373856
8 8 2 2 0.00033687866067157044
9 8 2 3 0.00033687866067157044
8 9 3 2 0.00033687866067157044
9 9 3 3 0.00033687866067157044
8 8 8 2 -0.0019330872860744506
9 8 8 3 -0.0019330872860744506
8 9 9 2 -0.0019330872860744506
9 9 9 3 -0.0019330872860744506
8 10 10 2 -0.0009027177082865379
9 10 10 3 -0.0009027177082865379
8 11 11 2 -0.0009027177082865379
9 11 11 3 -0.0009027177082865379
8 2 4 4 -0.00022350477073556285
9 2 4 5 -0.00022350477073556285
8 3 5 4 -0.00022350477073556285
9 3 5 5 -0.00022350477073556285
8 2 6 4 5.172786082295361e-05
9 2 6 5 5.172786082295361e-05
8 3 7 4 5.172786082295361e-05
9 3 7 5 5.172786082295361e-05
8 4 2 4 -0.00022350477073556285
9 4 2 5 -0.00022350477073556285
8 5 3 4 -0.00022350477073556285
9 5 3 5 -0.00022350477073556285
8 4 8 4 5.172786082295361e-05
9 4 8 5 5.172786082295361e-05
8 5 9 4 5.172786082295361e-05
9 5 9 5 5.172786082295361e-05
8 6 2 4 5.172786082295361e-05
9 6 2 5 5.172786082295361e-05
8 7 3 4 5.172786082295361e-05
9 7 3 5 5.172786082295361e-05
8 6 8 4 -0.00022350477073556293
9 6 8 5 -0.00022350477073556293
8 7 9 4 -0.00022350477073556293
9 7 9 5 -0.00022350477073556293
8 8 4 4 5.172786082295361e-05
9 8 4 5 5.172786082295361e-05
8 9 5 4 5.172786082295361e-05
9 9 5 5 5.172786082295361e-05
8 8 6 4 -0.00022350477073556293
9 8 6 5 -0.00022350477073556293
8 9 7 4 -0.00022350477073556293
9 9 7 5 -0.00022350477073556293
8 2 4 6 0.000589770939838984
9 2 4 7 0.000589770939838984
8 3 5 6 0.000589770939838984
9 3 5 7 0.000589770939838984
8 2 6 6 -0.000223504770735563
9 2 6 7 -0.000223504770735563
8 3 7 6 -0.000223504770735563
9 3 7 7 -0.000223504770735563
8 4 2 6 0.000589770939838984
9 4 2 7 0.000589770939838984
8 5 3 6 0.000589770939838984
9 5 3 7 0.000589770939838984
8 4 8 6 -0.000223504770735563
9 4 8 7 -0.000223504770735563
8 5 9 6 -0.000223504770735563
9 5 9 7 -0.000223504770735563
8 6 2 6 -0.0002235047707355629
9 6 2 7 -0.0002235047707355629
8 7 3 6 -0.0002235047707355629
9 7 3 7 -0.0002235047707355629
8 6 8 6 0.02065097384860751
9 6 8 7 0.02065097384860751
8 7 9 6 0.02065097384860751
9 7 9 7 0.02065097384860751
8 8 4 6 -0.0002235047707355629
9 8 4 7 -0.0002235047707355629
8 9 5 6 -0.0002235047707355629
9 9 5 7 -0.0002235047707355629
8 8 6 6 0.02065097384860751
9 8 6 7 0.02065097384860751
8 9 7 6 0.02065097384860751
9 9 7 7 0.02065097384860751
8 0 0 8 0.24879934274394977
9 0 0 9 0.24879934274394977
8 1 1 8 0.24879934274394977
9 1 1 9 0.24879934274394977
8 0 10 8 -0.09209783746892594
9 0 10 9 -0.09209783746892594
8 1 11 8 -0.09209783746892594
9 1 11 9 -0.09209783746892594
8 2 2 8 0.14520769716539936
9 2 2 9 0.14520769716539936
8 3 3 8 0.14520769716539936
9 3 3 9 0.14520769716539936
8 2 8 8 -0.0019330872860744476
9 2 8 9 -0.0019330872860744476
8 3 9 8 -0.0019330872860744476
9 3 9 9 -0.0019330872860744476
8 4 4 8 0.14402815520439205
9 4 4 9 0.14402815520439205
8 5 5 8 0.14402815520439205
9 5 5 9 0.14402815520439205
8 4 6 8 -0.0014860771781373858
9 4 6 9 -0.0014860771781373858
8 5 7 8 -0.0014860771781373858
9 5 7 9 -0.0014860771781373858
8 6 4 8 -0.0014860771781373858
9 6 4 9 -0.0014860771781373858
8 7 5 8 -0.0014860771781373858
9 7 5 9 -0.0014860771781373858
8 6 6 8 0.34107831770519004
9 6 6 9 0.34107831770519004
8 7 7 8 0.34107831770519004
9 7 7 9 0.34107831770519004
8 8 2 8 -0.001933087286074448
9 8 2 9 -0.001933087286074448
8 9 3 8 -0.001933087286074448
9 9 3 9 -0.001933087286074448
8 8 8 8 0.3823802659866434
9 8 8 9 0.3823802659866434
8 9 9 8 0.3823802659866434
9 9 9 9 0.3823802659866434
8 10 0 8 -0.09209783746892593
9 10 0 9 -0.09209783746892593
8 11 1 8 -0.09209783746892593
9 11 1 9 -0.09209783746892593
8 10 10 8 0.26112952176708876
9 10 10 9 0.26112952176708876
8 11 11 8 0.26112952176708876
9 11 11 9 0.26112952176708876
8 0 2 10 -0.0012740045635169803
9 0 2 11 -0.0012740045635169803
8 1 3 10 -0.0012740045635169803
9 1 3 11 -0.0012740045635169803
8 0 8 10 -0.010400811531397791
9 0 8 11 -0.010400811531397791
8 1 9 10 -0.010400811531397791
9 1 9 11 -0.010400811531397791
8 2 0 10 -0.0012740045635169807
9 2 0 11 -0.0012740045635169807
8 3 1 10 -0.0012740045635169807
9 3 1 11 -0.0012740045635169807
8 2 10 10 -0.0008520435453492731
9 2 10 11 -0.0008520435453492731
8 3 11 10 -0.0008520435453492731
9 3 11 11 -0.0008520435453492731
8 8 0 10 -0.01040081153139779
9 8 0 11 -0.01040081153139779
8 9 1 10 -0.01040081153139779
9 9 1 11 -0.01040081153139779
8 8 10 10 0.013140027160662938
9 8 10 11 0.013140027160662938
8 9 11 10 0.013140027160662938
9 9 11 11 0.013140027160662938
8 10 2 10 -0.0008520435453492737
9 10 2 11 -0.0008520435453492737
8 11 3 10 -0.0008520435453492737
9 11 3 11 -0.0008520435453492737
8 10 8 10 0.013140027160662938
9 10 8 11 0.013140027160662938
8 11 9 10 0.013140027160662938
9 11 9 11 0.013140027160662938
10 0 10 0 0.10426006308369666
11 0 10 1 0.10426006308369666
10 1 11 0 0.10426006308369666
11 1 11 1 0.10426006308369666
10 2 2 0 0.0920978375409803
11 2 2 1 0.0920978375409803
10 3 3 0 0.0920978375409803
11 3 3 1 0.0920978375409803
10 4 4 0 0.0920978375409803
11 4 4 1 0.0920978375409803
10 5 5 0 0.0920978375409803
11 5 5 1 0.0920978375409803
10 6 6 0 -0.09209783746892598
11 6 6 1 -0.09209783746892598
10 7 7 0 -0.09209783746892598
11 7 7 1 -0.09209783746892598
10 8 8 0 -0.09209783746892598
11 8 8 1 -0.09209783746892598
10 9 9 0 -0.09209783746892598
11 9 9 1 -0.09209783746892598
10 10 0 0 0.10426006308369673
11 10 0 1 0.10426006308369673
10 11 1 0 0.10426006308369673
11 11 1 1 0.10426006308369673
10 0 2 2 0.010400811391215172
11 0 2 3 0.010400811391215172
10 1 3 2 0.010400811391215172
11 1 3 3 0.010400811391215172
10 0 8 2 0.0012740045755531221
11 0 8 3 0.0012740045755531221
10 1 9 2 0.0012740045755531221
11 1 9 3 0.0012740045755531221
10 2 0 2 0.010400811391215172
11 2 0 3 0.010400811391215172
10 3 1 2 0.010400811391215172
11 3 1 3 0.010400811391215172
10 2 10 2 0.013140027160662938
11 2 10 3 0.013140027160662938
10 3 11 2 0.013140027160662938
11 3 11 3 0.013140027160662938
10 8 0 2 0.0012740045755531228
11 8 0 3 0.0012740045755531228
10 9 1 2 0.0012740045755531228
11 9 1 3 0.0012740045755531228
10 8 10 2 -0.0008520435453492737
11 8 10 3 -0.0008520435453492737
10 9 11 2 -0.0008520435453492737
11 9 11 3 -0.0008520435453492737
10 10 2 2 0.013140027160662936
11 10 2 3 0.013140027160662936
10 11 3 2 0.013140027160662936
11 11 3 3 0.013140027160662936
10 10 8 2 -0.0008520435453492737
11 10 8 3 -0.0008520435453492737
10 11 9 2 -0.0008520435453492737
11 11 9 3 -0.0008520435453492737
10 0 4 4 0.010400811391215172
11 0 4 5 0.010400811391215172
10 1 5 4 0.010400811391215172
11 1 5 5 0.010400811391215172
10 0 6 4 0.0012740045755531221
11 0 6 5 0.0012740045755531221
10 1 7 4 0.0012740045755531221
11 1 7 5 0.0012740045755531221
10 4 0 4 0.010400811391215172
11 4 0 5 0.010400811391215172
10 5 1 4 0.010400811391215172
11 5 1 5 0.010400811391215172
10 4 10 4 0.013140027160662938
11 4 10 5 0.013140027160662938
10 5 11 4 0.013140027160662938
11 5 11 5 0.013140027160662938
10 6 0 4 0.0012740045755531228
11 6 0 5 0.0012740045755531228
10 7 1 4 0.0012740045755531228
11 7 1 5 0.0012740045755531228
10 6 10 4 -0.0008520435453492737
11 6 10 5 -0.0008520435453492737
10 7 11 4 -0.0008520435453492737
11 7 11 5 -0.0008520435453492737
10 10 4 4 0.013140027160662936
11 10 4 5 0.013140027160662936
10 11 5 4 0.013140027160662936
11 11 5 5 0.013140027160662936
10 10 6 4 -0.0008520435453492737
11 10 6 5 -0.0008520435453492737
10 11 7 4 -0.0008520435453492737
11 11 7 5 -0.0008520435453492737
10 0 4 6 -0.0012740045635169807
11 0 4 7 -0.0012740045635169807
10 1 5 6 -0.0012740045635169807
11 1 5 7 -0.0012740045635169807
10 0 6 6 -0.010400811531397791
11 0 6 7 -0.010400811531397791
10 1 7 6 -0.010400811531397791
11 1 7 7 -0.010400811531397791
10 4 0 6 -0.001274004563516981
11 4 0 7 -0.001274004563516981
10 5 1 6 -0.001274004563516981
11 5 1 7 -0.001274004563516981
10 4 10 6 -0.0008520435453492733
11 4 10 7 -0.0008520435453492733
10 5 11 6 -0.0008520435453492733
11 5 11 7 -0.0008520435453492733
10 6 0 6 -0.010400811531397791
11 6 0 7 -0.010400811531397791
10 7 1 6 -0.010400811531397791
11 7 1 7 -0.010400811531397791
10 6 10 6 0.013140027160662938
11 6 10 7 0.013140027160662938
10 7 11 6 0.013140027160662938
11 7 11 7 0.013140027160662938
10 10 4 6 -0.000852043545349274
11 10 4 7 -0.000852043545349274
10 11 5 6 -0.000852043545349274
11 11 5 7 -0.000852043545349274
10 10 6 6 0.013140027160662936
11 10 6 7 0.013140027160662936
10 11 7 6 0.013140027160662936
11 11 7 7 0.013140027160662936
10 0 2 8 -0.0012740045635169807
11 0 2 9 -0.0012740045635169807
10 1 3 8 -0.0012740045635169807
11 1 3 9 -0.0012740045635169807
10 0 8 8 -0.010400811531397791
11 0 8 9 -0.010400811531397791
10 1 9 8 -0.010400811531397791
11 1 9 9 -0.010400811531397791
10 2 0 8 -0.001274004563516981
11 2 0 9 -0.001274004563516981
10 3 1 8 -0.001274004563516981
11 3 1 9 -0.001274004563516981
10 2 10 8 -0.0008520435453492733
11 2 10 9 -0.0008520435453492733
10 3 11 8 -0.0008520435453492733
11 3 11 9 -0.0008520435453492733
10 8 0 8 -0.010400811531397791
11 8 0 9 -0.010400811531397791
10 9 1 8 -0.010400811531397791
11 9 1 9 -0.010400811531397791
10 8 10 8 0.013140027160662938
11 8 10 9 0.013140027160662938
10 9 11 8 0.013140027160662938
11 9 11 9 0.013140027160662938
10 10 2 8 -0.000852043545349274
11 10 2 9 -0.000852043545349274
10 11 3 8 -0.000852043545349274
11 11 3 9 -0.000852043545349274
10 10 8 8 0.013140027160662936
11 10 8 9 0.013140027160662936
10 11 9 8 0.013140027160662936
11 11 9 9 0.013140027160662936
10 0 0 10 0.2900774303904769
11 0 0 11 0.2900774303904769
10 1 1 10 0.2900774303904769
11 1 1 11 0.2900774303904769
10 2 2 10 0.26112952176708876
11 2 2 11 0.26112952176708876
10 3 3 10 0.26112952176708876
11 3 3 11 0.26112952176708876
10 2 8 10 -0.0009027177082865359
11 2 8 11 -0.0009027177082865359
10 3 9 10 -0.0009027177082865359
11 3 9 11 -0.0009027177082865359
10 4 4 10 0.26112952176708876
11 4 4 11 0.26112952176708876
10 5 5 10 0.26112952176708876
11 5 5 11 0.26112952176708876
10 4 6 10 -0.0009027177082865359
11 4 6 11 -0.0009027177082865359
10 5 7 10 -0.0009027177082865359
11 5 7 11 -0.0009027177082865359
10 6 4 10 -0.0009027177082865357
11 6 4 11 -0.0009027177082865357
10 7 5 10 -0.0009027177082865357
11 7 5 11 -0.0009027177082865357
10 6 6 10 0.2611295217670888
11 6 6 11 0.2611295217670888
10 7 7 10 0.2611295217670888
11 7 7 11 0.2611295217670888
10 8 2 10 -0.0009027177082865357
11 8 2 11 -0.0009027177082865357
10 9 3 10 -0.0009027177082865357
11 9 3 11 -0.0009027177082865357
10 8 8 10 0.2611295217670888
11 8 8 11 0.2611295217670888
10 9 9 10 0.2611295217670888
11 9 9 11 0.2611295217670888
10 10 10 10 0.3075874662241215
11 10 10 11 0.3075874662241215
10 11 11 10 0.3075874662241215
11 11 11 11 0.3075874662241215
