-98.43982855660147
0 0 -2.6116029663473217
1 1 -2.6116029663473217
0 10 4.884571543697924e-07
1 11 4.884571543697924e-07
2 2 -2.4965696075451147
3 3 -2.4965696075451147
2 8 -0.016269102442815726
3 9 -0.016269102442815726
4 4 -2.4965696075451147
5 5 -2.4965696075451147
4 6 -0.016269102442815726
5 7 -0.016269102442815726
6 4 -0.016269102442815736
7 5 -0.016269102442815736
6 6 -2.49656878110481
7 7 -2.49656878110481
8 2 -0.016269102442815736
9 3 -0.016269102442815736
8 8 -2.49656878110481
9 9 -2.49656878110481
10 0 4.884571545051009e-07
11 1 4.884571545051009e-07
10 10 -2.4839102615604505
11 11 -2.4839102615604505
0 0 0 0 0.25612591591383727
1 0 0 1 0.25612591591383727
0 1 1 0 0.25612591591383727
1 1 1 1 0.25612591591383727
0 0 10 0 1.120269936538687e-08
1 0 10 1 1.120269936538687e-08
0 1 11 0 1.120269936538687e-08
1 1 11 1 1.120269936538687e-08
0 2 2 0 0.23172520931379154
1 2 2 1 0.23172520931379154
0 3 3 0 0.23172520931379154
1 3 3 1 0.23172520931379154
0 2 8 0 -0.00046962917888173077
1 2 8 1 -0.00046962917888173077
0 3 9 0 -0.00046962917888173077
1 3 9 1 -0.00046962917888173077
0 4 4 0 0.23172520931379154
1 4 4 1 0.23172520931379154
0 5 5 0 0.23172520931379154
1 5 5 1 0.23172520931379154
0 4 6 0 -0.00046962917888173077
1 4 6 1 -0.00046962917888173077
0 5 7 0 -0.00046962917888173077
1 5 7 1 -0.00046962917888173077
0 6 4 0 -0.00046962917888173077
1 6 4 1 -0.00046962917888173077
0 7 5 0 -0.00046962917888173077
1 7 5 1 -0.00046962917888173077
0 6 6 0 0.23172503046847495
1 6 6 1 0.23172503046847495
0 7 7 0 0.23172503046847495
1 7 7 1 0.23172503046847495
0 8 2 0 -0.00046962917888173077
1 8 2 1 -0.00046962917888173077
0 9 3 0 -0.00046962917888173077
1 9 3 1 -0.00046962917888173077
0 8 8 0 0.23172503046847495
1 8 8 1 0.23172503046847495
0 9 9 0 0.23172503046847495
1 9 9 1 0.23172503046847495
0 10 0 0 1.120269936538687e-08
1 10 0 1 1.120269936538687e-08
0 11 1 0 1.120269936538687e-08
1 11 1 1 1.120269936538687e-08
0 10 10 0 0.2623284220672766
1 10 10 1 0.2623284220672766
0 11 11 0 0.2623284220672766
1 11 11 1 0.2623284220672766
0 0 2 2 0.010155207429480482
1 0 2 3 0.010155207429480482
0 1 3 2 0.010155207429480482
1 1 3 3 0.010155207429480482
0 0 8 2 0.0004691889607282899
1 0 8 3 0.0004691889607282899
0 1 9 2 0.0004691889607282899
1 1 9 3 0.0004691889607282899
0 2 0 2 0.01015520742948048
1 2 0 3 0.01015520742948048
0 3 1 2 0.01015520742948048
1 3 1 3 0.01015520742948048
0 2 10 2 0.010135834383421697
1 2 10 3 0.010135834383421697
0 3 11 2 0.010135834383421697
1 3 11 3 0.010135834383421697
0 8 0 2 0.00046918896072829
1 8 0 3 0.00046918896072829
0 9 1 2 0.00046918896072829
1 9 1 3 0.00046918896072829
0 8 10 2 -0.00045649918941209156
1 8 10 3 -0.00045649918941209156
0 9 11 2 -0.00045649918941209156
1 9 11 3 -0.00045649918941209156
0 10 2 2 0.010135834383421697
1 10 2 3 0.010135834383421697
0 11 3 2 0.010135834383421697
1 11 3 3 0.010135834383421697
0 10 8 2 -0.00045649918941209145
1 10 8 3 -0.00045649918941209145
0 11 9 2 -0.00045649918941209145
1 11 9 3 -0.00045649918941209145
0 0 4 4 0.010155207429480482
1 0 4 5 0.010155207429480482
0 1 5 4 0.010155207429480482
1 1 5 5 0.010155207429480482
0 0 6 4 0.0004691889607282899
1 0 6 5 0.0004691889607282899
0 1 7 4 0.0004691889607282899
1 1 7 5 0.0004691889607282899
0 4 0 4 0.01015520742948048
1 4 0 5 0.01015520742948048
0 5 1 4 0.01015520742948048
1 5 1 5 0.01015520742948048
0 4 10 4 0.010135834383421697
1 4 10 5 0.010135834383421697
0 5 11 4 0.010135834383421697
1 5 11 5 0.010135834383421697
0 6 0 4 0.00046918896072829
1 6 0 5 0.00046918896072829
0 7 1 4 0.00046918896072829
1 7 1 5 0.00046918896072829
0 6 10 4 -0.00045649918941209156
1 6 10 5 -0.00045649918941209156
0 7 11 4 -0.00045649918941209156
1 7 11 5 -0.00045649918941209156
0 10 4 4 0.010135834383421697
1 10 4 5 0.010135834383421697
0 11 5 4 0.010135834383421697
1 11 5 5 0.010135834383421697
0 10 6 4 -0.00045649918941209145
1 10 6 5 -0.00045649918941209145
0 11 7 4 -0.00045649918941209145
1 11 7 5 -0.00045649918941209145
0 0 4 6 0.00046918896072829
1 0 4 7 0.00046918896072829
0 1 5 6 0.00046918896072829
1 1 5 7 0.00046918896072829
0 0 6 6 0.010155187747952371
1 0 6 7 0.010155187747952371
0 1 7 6 0.010155187747952371
1 1 7 7 0.010155187747952371
0 4 0 6 0.0004691889607282899
1 4 0 7 0.0004691889607282899
0 5 1 6 0.0004691889607282899
1 5 1 7 0.0004691889607282899
0 4 10 6 0.0004564974062246565
1 4 10 7 0.0004564974062246565
0 5 11 6 0.0004564974062246565
1 5 11 7 0.0004564974062246565
0 6 0 6 0.01015518774795237
1 6 0 7 0.01015518774795237
0 7 1 6 0.01015518774795237
1 7 1 7 0.01015518774795237
0 6 10 6 -0.010135850117526487
1 6 10 7 -0.010135850117526487
0 7 11 6 -0.010135850117526487
1 7 11 7 -0.010135850117526487
0 10 4 6 0.00045649740622465666
1 10 4 7 0.00045649740622465666
0 11 5 6 0.00045649740622465666
1 11 5 7 0.00045649740622465666
0 10 6 6 -0.010135850117526487
1 10 6 7 -0.010135850117526487
0 11 7 6 -0.010135850117526487
1 11 7 7 -0.010135850117526487
0 0 2 8 0.00046918896072829
1 0 2 9 0.00046918896072829
0 1 3 8 0.00046918896072829
1 1 3 9 0.00046918896072829
0 0 8 8 0.010155187747952371
1 0 8 9 0.010155187747952371
0 1 9 8 0.010155187747952371
1 1 9 9 0.010155187747952371
0 2 0 8 0.0004691889607282899
1 2 0 9 0.0004691889607282899
0 3 1 8 0.0004691889607282899
1 3 1 9 0.0004691889607282899
0 2 10 8 0.0004564974062246565
1 2 10 9 0.0004564974062246565
0 3 11 8 0.0004564974062246565
1 3 11 9 0.0004564974062246565
0 8 0 8 0.01015518774795237
1 8 0 9 0.01015518774795237
0 9 1 8 0.01015518774795237
1 9 1 9 0.01015518774795237
0 8 10 8 -0.010135850117526487
1 8 10 9 -0.010135850117526487
0 9 11 8 -0.010135850117526487
1 9 11 9 -0.010135850117526487
0 10 2 8 0.00045649740622465666
1 10 2 9 0.00045649740622465666
0 11 3 8 0.00045649740622465666
1 11 3 9 0.00045649740622465666
0 10 8 8 -0.010135850117526487
1 10 8 9 -0.010135850117526487
0 11 9 8 -0.010135850117526487
1 11 9 9 -0.010135850117526487
0 0 0 10 1.1202699379264658e-08
1 0 0 11 1.1202699379264658e-08
0 1 1 10 1.1202699379264658e-08
1 1 1 11 1.1202699379264658e-08
0 0 10 10 0.12169083341874418
1 0 10 11 0.12169083341874418
0 1 11 10 0.12169083341874418
1 1 11 11 0.12169083341874418
0 2 2 10 0.10632627283957893
1 2 2 11 0.10632627283957893
0 3 3 10 0.10632627283957893
1 3 3 11 0.10632627283957893
0 4 4 10 0.10632627283957893
1 4 4 11 0.10632627283957893
0 5 5 10 0.10632627283957893
1 5 5 11 0.10632627283957893
0 6 6 10 -0.10632642264122427
1 6 6 11 -0.10632642264122427
0 7 7 10 -0.10632642264122427
1 7 7 11 -0.10632642264122427
0 8 8 10 -0.10632642264122427
1 8 8 11 -0.10632642264122427
0 9 9 10 -0.10632642264122427
1 9 9 11 -0.10632642264122427
0 10 0 10 0.12169083341874418
1 10 0 11 0.12169083341874418
0 11 1 10 0.12169083341874418
1 11 1 11 0.12169083341874418
0 10 10 10 -1.098406381405681e-07
1 10 10 11 -1.098406381405681e-07
0 11 11 10 -1.098406381405681e-07
1 11 11 11 -1.098406381405681e-07
2 0 2 0 0.010155207429480482
3 0 2 1 0.010155207429480482
2 1 3 0 0.010155207429480482
3 1 3 1 0.010155207429480482
2 0 8 0 0.00046918896072828994
3 0 8 1 0.00046918896072828994
2 1 9 0 0.00046918896072828994
3 1 9 1 0.00046918896072828994
2 2 0 0 0.01015520742948048
3 2 0 1 0.01015520742948048
2 3 1 0 0.01015520742948048
3 3 1 1 0.01015520742948048
2 2 10 0 0.010135834383421697
3 2 10 1 0.010135834383421697
2 3 11 0 0.010135834383421697
3 3 11 1 0.010135834383421697
2 8 0 0 0.00046918896072828994
3 8 0 1 0.00046918896072828994
2 9 1 0 0.00046918896072828994
3 9 1 1 0.00046918896072828994
2 8 10 0 -0.0004564991894120915
3 8 10 1 -0.0004564991894120915
2 9 11 0 -0.0004564991894120915
3 9 11 1 -0.0004564991894120915
2 10 2 0 0.010135834383421697
3 10 2 1 0.010135834383421697
2 11 3 0 0.010135834383421697
3 11 3 1 0.010135834383421697
2 10 8 0 -0.0004564991894120915
3 10 8 1 -0.0004564991894120915
2 11 9 0 -0.0004564991894120915
3 11 9 1 -0.0004564991894120915
2 0 0 2 0.2317252093137916
3 0 0 3 0.2317252093137916
2 1 1 2 0.2317252093137916
3 1 1 3 0.2317252093137916
2 0 10 2 0.10632627283957884
3 0 10 3 0.10632627283957884
2 1 11 2 0.10632627283957884
3 1 11 3 0.10632627283957884
2 2 2 2 0.3815652232733243
3 2 2 3 0.3815652232733243
2 3 3 2 0.3815652232733243
3 3 3 3 0.3815652232733243
2 2 8 2 -0.0011008907227450077
3 2 8 3 -0.0011008907227450077
2 3 9 2 -0.0011008907227450077
3 3 9 3 -0.0011008907227450077
2 4 4 2 0.34041642872383626
3 4 4 3 0.34041642872383626
2 5 5 2 0.34041642872383626
3 5 5 3 0.34041642872383626
2 4 6 2 -0.0008414991915094251
3 4 6 3 -0.0008414991915094251
2 5 7 2 -0.0008414991915094251
3 5 7 3 -0.0008414991915094251
2 6 4 2 -0.0008414991915094246
3 6 4 3 -0.0008414991915094246
2 7 5 2 -0.0008414991915094246
3 7 5 3 -0.0008414991915094246
2 6 6 2 0.11986251622290553
3 6 6 3 0.11986251622290553
2 7 7 2 0.11986251622290553
3 7 7 3 0.11986251622290553
2 8 2 2 -0.0011008907227450073
3 8 2 3 -0.0011008907227450073
2 9 3 2 -0.0011008907227450073
3 9 3 3 -0.0011008907227450073
2 8 8 2 0.12032623431130941
3 8 8 3 0.12032623431130941
2 9 9 2 0.12032623431130941
3 9 9 3 0.12032623431130941
2 10 0 2 0.10632627283957888
3 10 0 3 0.10632627283957888
2 11 1 2 0.10632627283957888
3 11 1 3 0.10632627283957888
2 10 10 2 0.2396585023839044
3 10 10 3 0.2396585023839044
2 11 11 2 0.2396585023839044
3 11 11 3 0.2396585023839044
2 2 4 4 0.020574397024257354
3 2 4 5 0.020574397024257354
2 3 5 4 0.020574397024257354
3 3 5 5 0.020574397024257354
2 2 6 4 -0.00012969575514337568
3 2 6 5 -0.00012969575514337568
2 3 7 4 -0.00012969575514337568
3 3 7 5 -0.00012969575514337568
2 4 2 4 0.020574397024257354
3 4 2 5 0.020574397024257354
2 5 3 4 0.020574397024257354
3 5 3 5 0.020574397024257354
2 4 8 4 -0.00012969575514337568
3 4 8 5 -0.00012969575514337568
2 5 9 4 -0.00012969575514337568
3 5 9 5 -0.00012969575514337568
2 6 2 4 -0.00012969575514337568
3 6 2 5 -0.00012969575514337568
2 7 3 4 -0.00012969575514337568
3 7 3 5 -0.00012969575514337568
2 6 8 4 0.0002318590439098303
3 6 8 5 0.0002318590439098303
2 7 9 4 0.0002318590439098303
3 7 9 5 0.0002318590439098303
2 8 4 4 -0.00012969575514337568
3 8 4 5 -0.00012969575514337568
2 9 5 4 -0.00012969575514337568
3 9 5 5 -0.00012969575514337568
2 8 6 4 0.0002318590439098303
3 8 6 5 0.0002318590439098303
2 9 7 4 0.0002318590439098303
3 9 7 5 0.0002318590439098303
2 2 4 6 -0.00012969575514337574
3 2 4 7 -0.00012969575514337574
2 3 5 6 -0.00012969575514337574
3 3 5 7 -0.00012969575514337574
2 2 6 6 9.201866035173195e-06
3 2 6 7 9.201866035173195e-06
2 3 7 6 9.201866035173195e-06
3 3 7 7 9.201866035173195e-06
2 4 2 6 -0.00012969575514337574
3 4 2 7 -0.00012969575514337574
2 5 3 6 -0.00012969575514337574
3 5 3 7 -0.00012969575514337574
2 4 8 6 9.201866035173195e-06
3 4 8 7 9.201866035173195e-06
2 5 9 6 9.201866035173195e-06
3 5 9 7 9.201866035173195e-06
2 6 2 6 9.201866035173195e-06
3 6 2 7 9.201866035173195e-06
2 7 3 6 9.201866035173195e-06
3 7 3 7 9.201866035173195e-06
2 6 8 6 -0.00012969575514337574
3 6 8 7 -0.00012969575514337574
2 7 9 6 -0.00012969575514337574
3 7 9 7 -0.00012969575514337574
2 8 4 6 9.201866035173195e-06
3 8 4 7 9.201866035173195e-06
2 9 5 6 9.201866035173195e-06
3 9 5 7 9.201866035173195e-06
2 8 6 6 -0.00012969575514337574
3 8 6 7 -0.00012969575514337574
2 9 7 6 -0.00012969575514337574
3 9 7 7 -0.00012969575514337574
2 0 0 8 -0.0004696291788817311
3 0 0 9 -0.0004696291788817311
2 1 1 8 -0.0004696291788817311
3 1 1 9 -0.0004696291788817311
2 2 2 8 -0.0011008907227450062
3 2 2 9 -0.0011008907227450062
2 3 3 8 -0.0011008907227450062
3 3 3 9 -0.0011008907227450062
2 2 8 8 6.475606839358884e-05
3 2 8 9 6.475606839358884e-05
2 3 9 8 6.475606839358884e-05
3 3 9 9 6.475606839358884e-05
2 4 4 8 -0.0008414991915094247
3 4 4 9 -0.0008414991915094247
2 5 5 8 -0.0008414991915094247
3 5 5 9 -0.0008414991915094247
2 4 6 8 4.635183534982252e-05
3 4 6 9 4.635183534982252e-05
2 5 7 8 4.635183534982252e-05
3 5 7 9 4.635183534982252e-05
2 6 4 8 4.635183534982252e-05
3 6 4 9 4.635183534982252e-05
2 7 5 8 4.635183534982252e-05
3 7 5 9 4.635183534982252e-05
2 6 6 8 -0.0008414991915094245
3 6 6 9 -0.0008414991915094245
2 7 7 8 -0.0008414991915094245
3 7 7 9 -0.0008414991915094245
2 8 2 8 6.475606839358884e-05
3 8 2 9 6.475606839358884e-05
2 9 3 8 6.475606839358884e-05
3 9 3 9 6.475606839358884e-05
2 8 8 8 -0.0011008907227450064
3 8 8 9 -0.0011008907227450064
2 9 9 8 -0.0011008907227450064
3 9 9 9 -0.0011008907227450064
2 10 10 8 -0.0006370390316219362
3 10 10 9 -0.0006370390316219362
2 11 11 8 -0.0006370390316219362
3 11 11 9 -0.0006370390316219362
2 0 2 10 0.010135834383421697
3 0 2 11 0.010135834383421697
2 1 3 10 0.010135834383421697
3 1 3 11 0.010135834383421697
2 0 8 10 0.0004564974062246567
3 0 8 11 0.0004564974062246567
2 1 9 10 0.0004564974062246567
3 1 9 11 0.0004564974062246567
2 2 0 10 0.010135834383421695
3 2 0 11 0.010135834383421695
2 3 1 10 0.010135834383421695
3 3 1 11 0.010135834383421695
2 2 10 10 0.011215986781995027
3 2 10 11 0.011215986781995027
2 3 11 10 0.011215986781995027
3 3 11 11 0.011215986781995027
2 8 0 10 0.0004564974062246567
3 8 0 11 0.0004564974062246567
2 9 1 10 0.0004564974062246567
3 9 1 11 0.0004564974062246567
2 8 10 10 -0.0003659355495466164
3 8 10 11 -0.0003659355495466164
2 9 11 10 -0.0003659355495466164
3 9 11 11 -0.0003659355495466164
2 10 2 10 0.011215986781995027
3 10 2 11 0.011215986781995027
2 11 3 10 0.011215986781995027
3 11 3 11 0.011215986781995027
2 10 8 10 -0.0003659355495466164
3 10 8 11 -0.0003659355495466164
2 11 9 10 -0.0003659355495466164
3 11 9 11 -0.0003659355495466164
4 0 4 0 0.010155207429480482
5 0 4 1 0.010155207429480482
4 1 5 0 0.010155207429480482
5 1 5 1 0.010155207429480482
4 0 6 0 0.00046918896072828994
5 0 6 1 0.00046918896072828994
4 1 7 0 0.00046918896072828994
5 1 7 1 0.00046918896072828994
4 4 0 0 0.01015520742948048
5 4 0 1 0.01015520742948048
4 5 1 0 0.01015520742948048
5 5 1 1 0.01015520742948048
4 4 10 0 0.010135834383421697
5 4 10 1 0.010135834383421697
4 5 11 0 0.010135834383421697
5 5 11 1 0.010135834383421697
4 6 0 0 0.00046918896072828994
5 6 0 1 0.00046918896072828994
4 7 1 0 0.00046918896072828994
5 7 1 1 0.00046918896072828994
4 6 10 0 -0.0004564991894120915
5 6 10 1 -0.0004564991894120915
4 7 11 0 -0.0004564991894120915
5 7 11 1 -0.0004564991894120915
4 10 4 0 0.010135834383421697
5 10 4 1 0.010135834383421697
4 11 5 0 0.010135834383421697
5 11 5 1 0.010135834383421697
4 10 6 0 -0.0004564991894120915
5 10 6 1 -0.0004564991894120915
4 11 7 0 -0.0004564991894120915
5 11 7 1 -0.0004564991894120915
4 2 4 2 0.020574397024257354
5 2 4 3 0.020574397024257354
4 3 5 2 0.020574397024257354
5 3 5 3 0.020574397024257354
4 2 6 2 -0.00012969575514337568
5 2 6 3 -0.00012969575514337568
4 3 7 2 -0.00012969575514337568
5 3 7 3 -0.00012969575514337568
4 4 2 2 0.020574397024257354
5 4 2 3 0.020574397024257354
4 5 3 2 0.020574397024257354
5 5 3 3 0.020574397024257354
4 4 8 2 -0.00012969575514337568
5 4 8 3 -0.00012969575514337568
4 5 9 2 -0.00012969575514337568
5 5 9 3 -0.00012969575514337568
4 6 2 2 -0.00012969575514337568
5 6 2 3 -0.00012969575514337568
4 7 3 2 -0.00012969575514337568
5 7 3 3 -0.00012969575514337568
4 6 8 2 0.0002318590439098303
5 6 8 3 0.0002318590439098303
4 7 9 2 0.0002318590439098303
5 7 9 3 0.0002318590439098303
4 8 4 2 -0.00012969575514337568
5 8 4 3 -0.00012969575514337568
4 9 5 2 -0.00012969575514337568
5 9 5 3 -0.00012969575514337568
4 8 6 2 0.0002318590439098303
5 8 6 3 0.0002318590439098303
4 9 7 2 0.0002318590439098303
5 9 7 3 0.0002318590439098303
4 0 0 4 0.2317252093137916
5 0 0 5 0.2317252093137916
4 1 1 4 0.2317252093137916
5 1 1 5 0.2317252093137916
4 0 10 4 0.10632627283957884
5 0 10 5 0.10632627283957884
4 1 11 4 0.10632627283957884
5 1 11 5 0.10632627283957884
4 2 2 4 0.34041642872383626
5 2 2 5 0.34041642872383626
4 3 3 4 0.34041642872383626
5 3 3 5 0.34041642872383626
4 2 8 4 -0.0008414991915094251
5 2 8 5 -0.0008414991915094251
4 3 9 4 -0.0008414991915094251
5 3 9 5 -0.0008414991915094251
4 4 4 4 0.3815652232733243
5 4 4 5 0.3815652232733243
4 5 5 4 0.3815652232733243
5 5 5 5 0.3815652232733243
4 4 6 4 -0.0011008907227450077
5 4 6 5 -0.0011008907227450077
4 5 7 4 -0.0011008907227450077
5 5 7 5 -0.0011008907227450077
4 6 4 4 -0.0011008907227450073
5 6 4 5 -0.0011008907227450073
4 7 5 4 -0.0011008907227450073
5 7 5 5 -0.0011008907227450073
4 6 6 4 0.12032623431130941
5 6 6 5 0.12032623431130941
4 7 7 4 0.12032623431130941
5 7 7 5 0.12032623431130941
4 8 2 4 -0.0008414991915094246
5 8 2 5 -0.0008414991915094246
4 9 3 4 -0.0008414991915094246
5 9 3 5 -0.0008414991915094246
4 8 8 4 0.11986251622290553
5 8 8 5 0.11986251622290553
4 9 9 4 0.11986251622290553
5 9 9 5 0.11986251622290553
4 10 0 4 0.10632627283957888
5 10 0 5 0.10632627283957888
4 11 1 4 0.10632627283957888
5 11 1 5 0.10632627283957888
4 10 10 4 0.2396585023839044
5 10 10 5 0.2396585023839044
4 11 11 4 0.2396585023839044
5 11 11 5 0.2396585023839044
4 0 0 6 -0.0004696291788817311
5 0 0 7 -0.0004696291788817311
4 1 1 6 -0.0004696291788817311
5 1 1 7 -0.0004696291788817311
4 2 2 6 -0.0008414991915094247
5 2 2 7 -0.0008414991915094247
4 3 3 6 -0.0008414991915094247
5 3 3 7 -0.0008414991915094247
4 2 8 6 4.635183534982252e-05
5 2 8 7 4.635183534982252e-05
4 3 9 6 4.635183534982252e-05
5 3 9 7 4.635183534982252e-05
4 4 4 6 -0.0011008907227450062
5 4 4 7 -0.0011008907227450062
4 5 5 6 -0.0011008907227450062
5 5 5 7 -0.0011008907227450062
4 4 6 6 6.475606839358884e-05
5 4 6 7 6.475606839358884e-05
4 5 7 6 6.475606839358884e-05
5 5 7 7 6.475606839358884e-05
4 6 4 6 6.475606839358884e-05
5 6 4 7 6.475606839358884e-05
4 7 5 6 6.475606839358884e-05
5 7 5 7 6.475606839358884e-05
4 6 6 6 -0.0011008907227450064
5 6 6 7 -0.0011008907227450064
4 7 7 6 -0.0011008907227450064
5 7 7 7 -0.0011008907227450064
4 8 2 6 4.635183534982252e-05
5 8 2 7 4.635183534982252e-05
4 9 3 6 4.635183534982252e-05
5 9 3 7 4.635183534982252e-05
4 8 8 6 -0.0008414991915094245
5 8 8 7 -0.0008414991915094245
4 9 9 6 -0.0008414991915094245
5 9 9 7 -0.0008414991915094245
4 10 10 6 -0.0006370390316219362
5 10 10 7 -0.0006370390316219362
4 11 11 6 -0.0006370390316219362
5 11 11 7 -0.0006370390316219362
4 2 4 8 -0.00012969575514337574
5 2 4 9 -0.00012969575514337574
4 3 5 8 -0.00012969575514337574
5 3 5 9 -0.00012969575514337574
4 2 6 8 9.201866035173195e-06
5 2 6 9 9.201866035173195e-06
4 3 7 8 9.201866035173195e-06
5 3 7 9 9.201866035173195e-06
4 4 2 8 -0.00012969575514337574
5 4 2 9 -0.00012969575514337574
4 5 3 8 -0.00012969575514337574
5 5 3 9 -0.00012969575514337574
4 4 8 8 9.201866035173195e-06
5 4 8 9 9.201866035173195e-06
4 5 9 8 9.201866035173195e-06
5 5 9 9 9.201866035173195e-06
4 6 2 8 9.201866035173195e-06
5 6 2 9 9.201866035173195e-06
4 7 3 8 9.201866035173195e-06
5 7 3 9 9.201866035173195e-06
4 6 8 8 -0.00012969575514337574
5 6 8 9 -0.00012969575514337574
4 7 9 8 -0.00012969575514337574
5 7 9 9 -0.00012969575514337574
4 8 4 8 9.201866035173195e-06
5 8 4 9 9.201866035173195e-06
4 9 5 8 9.201866035173195e-06
5 9 5 9 9.201866035173195e-06
4 8 6 8 -0.00012969575514337574
5 8 6 9 -0.00012969575514337574
4 9 7 8 -0.00012969575514337574
5 9 7 9 -0.00012969575514337574
4 0 4 10 0.010135834383421697
5 0 4 11 0.010135834383421697
4 1 5 10 0.010135834383421697
5 1 5 11 0.010135834383421697
4 0 6 10 0.0004564974062246567
5 0 6 11 0.0004564974062246567
4 1 7 10 0.0004564974062246567
5 1 7 11 0.0004564974062246567
4 4 0 10 0.010135834383421695
5 4 0 11 0.010135834383421695
4 5 1 10 0.010135834383421695
5 5 1 11 0.010135834383421695
4 4 10 10 0.011215986781995027
5 4 10 11 0.011215986781995027
4 5 11 10 0.011215986781995027
5 5 11 11 0.011215986781995027
4 6 0 10 0.0004564974062246567
5 6 0 11 0.0004564974062246567
4 7 1 10 0.0004564974062246567
5 7 1 11 0.0004564974062246567
4 6 10 10 -0.0003659355495466164
5 6 10 11 -0.0003659355495466164
4 7 11 10 -0.0003659355495466164
5 7 11 11 -0.0003659355495466164
4 10 4 10 0.011215986781995027
5 10 4 11 0.011215986781995027
4 11 5 10 0.011215986781995027
5 11 5 11 0.011215986781995027
4 10 6 10 -0.0003659355495466164
5 10 6 11 -0.0003659355495466164
4 11 7 10 -0.0003659355495466164
5 11 7 11 -0.0003659355495466164
6 0 4 0 0.00046918896072829005
7 0 4 1 0.00046918896072829005
6 1 5 0 0.00046918896072829005
7 1 5 1 0.00046918896072829005
6 0 6 0 0.010155187747952371
7 0 6 1 0.010155187747952371
6 1 7 0 0.010155187747952371
7 1 7 1 0.010155187747952371
6 4 0 0 0.00046918896072828994
7 4 0 1 0.00046918896072828994
6 5 1 0 0.00046918896072828994
7 5 1 1 0.00046918896072828994
6 4 10 0 0.0004564974062246566
7 4 10 1 0.0004564974062246566
6 5 11 0 0.0004564974062246566
7 5 11 1 0.0004564974062246566
6 6 0 0 0.01015518774795237
7 6 0 1 0.01015518774795237
6 7 1 0 0.01015518774795237
7 7 1 1 0.01015518774795237
6 6 10 0 -0.010135850117526487
7 6 10 1 -0.010135850117526487
6 7 11 0 -0.010135850117526487
7 7 11 1 -0.010135850117526487
6 10 4 0 0.0004564974062246567
7 10 4 1 0.0004564974062246567
6 11 5 0 0.0004564974062246567
7 11 5 1 0.0004564974062246567
6 10 6 0 -0.010135850117526489
7 10 6 1 -0.010135850117526489
6 11 7 0 -0.010135850117526489
7 11 7 1 -0.010135850117526489
6 2 4 2 -0.00012969575514337574
7 2 4 3 -0.00012969575514337574
6 3 5 2 -0.00012969575514337574
7 3 5 3 -0.00012969575514337574
6 2 6 2 9.201866035173195e-06
7 2 6 3 9.201866035173195e-06
6 3 7 2 9.201866035173195e-06
7 3 7 3 9.201866035173195e-06
6 4 2 2 -0.00012969575514337574
7 4 2 3 -0.00012969575514337574
6 5 3 2 -0.00012969575514337574
7 5 3 3 -0.00012969575514337574
6 4 8 2 9.201866035173195e-06
7 4 8 3 9.201866035173195e-06
6 5 9 2 9.201866035173195e-06
7 5 9 3 9.201866035173195e-06
6 6 2 2 9.201866035173195e-06
7 6 2 3 9.201866035173195e-06
6 7 3 2 9.201866035173195e-06
7 7 3 3 9.201866035173195e-06
6 6 8 2 -0.00012969575514337574
7 6 8 3 -0.00012969575514337574
6 7 9 2 -0.00012969575514337574
7 7 9 3 -0.00012969575514337574
6 8 4 2 9.201866035173195e-06
7 8 4 3 9.201866035173195e-06
6 9 5 2 9.201866035173195e-06
7 9 5 3 9.201866035173195e-06
6 8 6 2 -0.00012969575514337574
7 8 6 3 -0.00012969575514337574
6 9 7 2 -0.00012969575514337574
7 9 7 3 -0.00012969575514337574
6 0 0 4 -0.0004696291788817311
7 0 0 5 -0.0004696291788817311
6 1 1 4 -0.0004696291788817311
7 1 1 5 -0.0004696291788817311
6 2 2 4 -0.0008414991915094245
7 2 2 5 -0.0008414991915094245
6 3 3 4 -0.0008414991915094245
7 3 3 5 -0.0008414991915094245
6 2 8 4 4.635183534982252e-05
7 2 8 5 4.635183534982252e-05
6 3 9 4 4.635183534982252e-05
7 3 9 5 4.635183534982252e-05
6 4 4 4 -0.0011008907227450064
7 4 4 5 -0.0011008907227450064
6 5 5 4 -0.0011008907227450064
7 5 5 5 -0.0011008907227450064
6 4 6 4 6.475606839358884e-05
7 4 6 5 6.475606839358884e-05
6 5 7 4 6.475606839358884e-05
7 5 7 5 6.475606839358884e-05
6 6 4 4 6.475606839358884e-05
7 6 4 5 6.475606839358884e-05
6 7 5 4 6.475606839358884e-05
7 7 5 5 6.475606839358884e-05
6 6 6 4 -0.0011008907227450062
7 6 6 5 -0.0011008907227450062
6 7 7 4 -0.0011008907227450062
7 7 7 5 -0.0011008907227450062
6 8 2 4 4.635183534982252e-05
7 8 2 5 4.635183534982252e-05
6 9 3 4 4.635183534982252e-05
7 9 3 5 4.635183534982252e-05
6 8 8 4 -0.0008414991915094247
7 8 8 5 -0.0008414991915094247
6 9 9 4 -0.0008414991915094247
7 9 9 5 -0.0008414991915094247
6 10 10 4 -0.0006370390316219358
7 10 10 5 -0.0006370390316219358
6 11 11 4 -0.0006370390316219358
7 11 11 5 -0.0006370390316219358
6 0 0 6 0.23172503046847492
7 0 0 7 0.23172503046847492
6 1 1 6 0.23172503046847492
7 1 1 7 0.23172503046847492
6 0 10 6 -0.10632642264122423
7 0 10 7 -0.10632642264122423
6 1 11 6 -0.10632642264122423
7 1 11 7 -0.10632642264122423
6 2 2 6 0.11986251622290553
7 2 2 7 0.11986251622290553
6 3 3 6 0.11986251622290553
7 3 3 7 0.11986251622290553
6 2 8 6 -0.0008414991915094246
7 2 8 7 -0.0008414991915094246
6 3 9 6 -0.0008414991915094246
7 3 9 7 -0.0008414991915094246
6 4 4 6 0.12032623431130941
7 4 4 7 0.12032623431130941
6 5 5 6 0.12032623431130941
7 5 5 7 0.12032623431130941
6 4 6 6 -0.0011008907227450073
7 4 6 7 -0.0011008907227450073
6 5 7 6 -0.0011008907227450073
7 5 7 7 -0.0011008907227450073
6 6 4 6 -0.0011008907227450077
7 6 4 7 -0.0011008907227450077
6 7 5 6 -0.0011008907227450077
7 7 5 7 -0.0011008907227450077
6 6 6 6 0.3815652232733243
7 6 6 7 0.3815652232733243
6 7 7 6 0.3815652232733243
7 7 7 7 0.3815652232733243
6 8 2 6 -0.0008414991915094251
7 8 2 7 -0.0008414991915094251
6 9 3 6 -0.0008414991915094251
7 9 3 7 -0.0008414991915094251
6 8 8 6 0.34041642872383626
7 8 8 7 0.34041642872383626
6 9 9 6 0.34041642872383626
7 9 9 7 0.34041642872383626
6 10 0 6 -0.10632642264122424
7 10 0 7 -0.10632642264122424
6 11 1 6 -0.10632642264122424
7 11 1 7 -0.10632642264122424
6 10 10 6 0.23965852502867271
7 10 10 7 0.23965852502867271
6 11 11 6 0.23965852502867271
7 11 11 7 0.23965852502867271
6 2 4 8 0.0002318590439098303
7 2 4 9 0.0002318590439098303
6 3 5 8 0.0002318590439098303
7 3 5 9 0.0002318590439098303
6 2 6 8 -0.00012969575514337568
7 2 6 9 -0.00012969575514337568
6 3 7 8 -0.00012969575514337568
7 3 7 9 -0.00012969575514337568
6 4 2 8 0.0002318590439098303
7 4 2 9 0.0002318590439098303
6 5 3 8 0.0002318590439098303
7 5 3 9 0.0002318590439098303
6 4 8 8 -0.00012969575514337568
7 4 8 9 -0.00012969575514337568
6 5 9 8 -0.00012969575514337568
7 5 9 9 -0.00012969575514337568
6 6 2 8 -0.00012969575514337568
7 6 2 9 -0.00012969575514337568
6 7 3 8 -0.00012969575514337568
7 7 3 9 -0.00012969575514337568
6 6 8 8 0.020574397024257354
7 6 8 9 0.020574397024257354
6 7 9 8 0.020574397024257354
7 7 9 9 0.020574397024257354
6 8 4 8 -0.00012969575514337568
7 8 4 9 -0.00012969575514337568
6 9 5 8 -0.00012969575514337568
7 9 5 9 -0.00012969575514337568
6 8 6 8 0.020574397024257354
7 8 6 9 0.020574397024257354
6 9 7 8 0.020574397024257354
7 9 7 9 0.020574397024257354
6 0 4 10 -0.00045649918941209145
7 0 4 11 -0.00045649918941209145
6 1 5 10 -0.00045649918941209145
7 1 5 11 -0.00045649918941209145
6 0 6 10 -0.010135850117526489
7 0 6 11 -0.010135850117526489
6 1 7 10 -0.010135850117526489
7 1 7 11 -0.010135850117526489
6 4 0 10 -0.00045649918941209145
7 4 0 11 -0.00045649918941209145
6 5 1 10 -0.00045649918941209145
7 5 1 11 -0.00045649918941209145
6 4 10 10 -0.0003659355495466164
7 4 10 11 -0.0003659355495466164
6 5 11 10 -0.0003659355495466164
7 5 11 11 -0.0003659355495466164
6 6 0 10 -0.010135850117526485
7 6 0 11 -0.010135850117526485
6 7 1 10 -0.010135850117526485
7 7 1 11 -0.010135850117526485
6 6 10 10 0.01121601338391948
7 6 10 11 0.01121601338391948
6 7 11 10 0.01121601338391948
7 7 11 11 0.01121601338391948
6 10 4 10 -0.0003659355495466165
7 10 4 11 -0.0003659355495466165
6 11 5 10 -0.0003659355495466165
7 11 5 11 -0.0003659355495466165
6 10 6 10 0.01121601338391948
7 10 6 11 0.01121601338391948
6 11 7 10 0.01121601338391948
7 11 7 11 0.01121601338391948
8 0 2 0 0.00046918896072829005
9 0 2 1 0.00046918896072829005
8 1 3 0 0.00046918896072829005
9 1 3 1 0.00046918896072829005
8 0 8 0 0.010155187747952371
9 0 8 1 0.010155187747952371
8 1 9 0 0.010155187747952371
9 1 9 1 0.010155187747952371
8 2 0 0 0.00046918896072828994
9 2 0 1 0.00046918896072828994
8 3 1 0 0.00046918896072828994
9 3 1 1 0.00046918896072828994
8 2 10 0 0.0004564974062246566
9 2 10 1 0.0004564974062246566
8 3 11 0 0.0004564974062246566
9 3 11 1 0.0004564974062246566
8 8 0 0 0.01015518774795237
9 8 0 1 0.01015518774795237
8 9 1 0 0.01015518774795237
9 9 1 1 0.01015518774795237
8 8 10 0 -0.010135850117526487
9 8 10 1 -0.010135850117526487
8 9 11 0 -0.010135850117526487
9 9 11 1 -0.010135850117526487
8 10 2 0 0.0004564974062246567
9 10 2 1 0.0004564974062246567
8 11 3 0 0.0004564974062246567
9 11 3 1 0.0004564974062246567
8 10 8 0 -0.010135850117526489
9 10 8 1 -0.010135850117526489
8 11 9 0 -0.010135850117526489
9 11 9 1 -0.010135850117526489
8 0 0 2 -0.0004696291788817311
9 0 0 3 -0.0004696291788817311
8 1 1 2 -0.0004696291788817311
9 1 1 3 -0.0004696291788817311
8 2 2 2 -0.0011008907227450064
9 2 2 3 -0.0011008907227450064
8 3 3 2 -0.0011008907227450064
9 3 3 3 -0.0011008907227450064
8 2 8 2 6.475606839358884e-05
9 2 8 3 6.475606839358884e-05
8 3 9 2 6.475606839358884e-05
9 3 9 3 6.475606839358884e-05
8 4 4 2 -0.0008414991915094245
9 4 4 3 -0.0008414991915094245
8 5 5 2 -0.0008414991915094245
9 5 5 3 -0.0008414991915094245
8 4 6 2 4.635183534982252e-05
9 4 6 3 4.635183534982252e-05
8 5 7 2 4.635183534982252e-05
9 5 7 3 4.635183534982252e-05
8 6 4 2 4.635183534982252e-05
9 6 4 3 4.635183534982252e-05
8 7 5 2 4.635183534982252e-05
9 7 5 3 4.635183534982252e-05
8 6 6 2 -0.0008414991915094247
9 6 6 3 -0.0008414991915094247
8 7 7 2 -0.0008414991915094247
9 7 7 3 -0.0008414991915094247
8 8 2 2 6.475606839358884e-05
9 8 2 3 6.475606839358884e-05
8 9 3 2 6.475606839358884e-05
9 9 3 3 6.475606839358884e-05
8 8 8 2 -0.0011008907227450062
9 8 8 3 -0.0011008907227450062
8 9 9 2 -0.0011008907227450062
9 9 9 3 -0.0011008907227450062
8 10 10 2 -0.0006370390316219358
9 10 10 3 -0.0006370390316219358
8 11 11 2 -0.0006370390316219358
9 11 11 3 -0.0006370390316219358
8 2 4 4 -0.00012969575514337574
9 2 4 5 -0.00012969575514337574
8 3 5 4 -0.00012969575514337574
9 3 5 5 -0.00012969575514337574
8 2 6 4 9.201866035173195e-06
9 2 6 5 9.201866035173195e-06
8 3 7 4 9.201866035173195e-06
9 3 7 5 9.201866035173195e-06
8 4 2 4 -0.00012969575514337574
9 4 2 5 -0.00012969575514337574
8 5 3 4 -0.00012969575514337574
9 5 3 5 -0.00012969575514337574
8 4 8 4 9.201866035173195e-06
9 4 8 5 9.201866035173195e-06
8 5 9 4 9.201866035173195e-06
9 5 9 5 9.201866035173195e-06
8 6 2 4 9.201866035173195e-06
9 6 2 5 9.201866035173195e-06
8 7 3 4 9.201866035173195e-06
9 7 3 5 9.201866035173195e-06
8 6 8 4 -0.00012969575514337574
9 6 8 5 -0.00012969575514337574
8 7 9 4 -0.00012969575514337574
9 7 9 5 -0.00012969575514337574
8 8 4 4 9.201866035173195e-06
9 8 4 5 9.201866035173195e-06
8 9 5 4 9.201866035173195e-06
9 9 5 5 9.201866035173195e-06
8 8 6 4 -0.00012969575514337574
9 8 6 5 -0.00012969575514337574
8 9 7 4 -0.00012969575514337574
9 9 7 5 -0.00012969575514337574
8 2 4 6 0.0002318590439098303
9 2 4 7 0.0002318590439098303
8 3 5 6 0.0002318590439098303
9 3 5 7 0.0002318590439098303
8 2 6 6 -0.00012969575514337568
9 2 6 7 -0.00012969575514337568
8 3 7 6 -0.00012969575514337568
9 3 7 7 -0.00012969575514337568
8 4 2 6 0.0002318590439098303
9 4 2 7 0.0002318590439098303
8 5 3 6 0.0002318590439098303
9 5 3 7 0.0002318590439098303
8 4 8 6 -0.00012969575514337568
9 4 8 7 -0.00012969575514337568
8 5 9 6 -0.00012969575514337568
9 5 9 7 -0.00012969575514337568
8 6 2 6 -0.00012969575514337568
9 6 2 7 -0.00012969575514337568
8 7 3 6 -0.00012969575514337568
9 7 3 7 -0.00012969575514337568
8 6 8 6 0.020574397024257354
9 6 8 7 0.020574397024257354
8 7 9 6 0.020574397024257354
9 7 9 7 0.020574397024257354
8 8 4 6 -0.00012969575514337568
9 8 4 7 -0.00012969575514337568
8 9 5 6 -0.00012969575514337568
9 9 5 7 -0.00012969575514337568
8 8 6 6 0.020574397024257354
9 8 6 7 0.020574397024257354
8 9 7 6 0.020574397024257354
9 9 7 7 0.020574397024257354
8 0 0 8 0.23172503046847492
9 0 0 9 0.23172503046847492
8 1 1 8 0.23172503046847492
9 1 1 9 0.23172503046847492
8 0 10 8 -0.10632642264122423
9 0 10 9 -0.10632642264122423
8 1 11 8 -0.10632642264122423
9 1 11 9 -0.10632642264122423
8 2 2 8 0.12032623431130941
9 2 2 9 0.12032623431130941
8 3 3 8 0.12032623431130941
9 3 3 9 0.12032623431130941
8 2 8 8 -0.0011008907227450073
9 2 8 9 -0.0011008907227450073
8 3 9 8 -0.0011008907227450073
9 3 9 9 -0.0011008907227450073
8 4 4 8 0.11986251622290553
9 4 4 9 0.11986251622290553
8 5 5 8 0.11986251622290553
9 5 5 9 0.11986251622290553
8 4 6 8 -0.0008414991915094246
9 4 6 9 -0.0008414991915094246
8 5 7 8 -0.0008414991915094246
9 5 7 9 -0.0008414991915094246
8 6 4 8 -0.0008414991915094251
9 6 4 9 -0.0008414991915094251
8 7 5 8 -0.0008414991915094251
9 7 5 9 -0.0008414991915094251
8 6 6 8 0.34041642872383626
9 6 6 9 0.34041642872383626
8 7 7 8 0.34041642872383626
9 7 7 9 0.34041642872383626
8 8 2 8 -0.0011008907227450077
9 8 2 9 -0.0011008907227450077
8 9 3 8 -0.0011008907227450077
9 9 3 9 -0.0011008907227450077
8 8 8 8 0.3815652232733243
9 8 8 9 0.3815652232733243
8 9 9 8 0.3815652232733243
9 9 9 9 0.3815652232733243
8 10 0 8 -0.10632642264122424
9 10 0 9 -0.10632642264122424
8 11 1 8 -0.10632642264122424
9 11 1 9 -0.10632642264122424
8 10 10 8 0.23965852502867271
9 10 10 9 0.23965852502867271
8 11 11 8 0.23965852502867271
9 11 11 9 0.23965852502867271
8 0 2 10 -0.00045649918941209145
9 0 2 11 -0.00045649918941209145
8 1 3 10 -0.00045649918941209145
9 1 3 11 -0.00045649918941209145
8 0 8 10 -0.010135850117526489
9 0 8 11 -0.010135850117526489
8 1 9 10 -0.010135850117526489
9 1 9 11 -0.010135850117526489
8 2 0 10 -0.00045649918941209145
9 2 0 11 -0.00045649918941209145
8 3 1 10 -0.00045649918941209145
9 3 1 11 -0.00045649918941209145
8 2 10 10 -0.0003659355495466164
9 2 10 11 -0.0003659355495466164
8 3 11 10 -0.0003659355495466164
9 3 11 11 -0.0003659355495466164
8 8 0 10 -0.010135850117526485
9 8 0 11 -0.010135850117526485
8 9 1 10 -0.010135850117526485
9 9 1 11 -0.010135850117526485
8 8 10 10 0.01121601338391948
9 8 10 11 0.01121601338391948
8 9 11 10 0.01121601338391948
9 9 11 11 0.01121601338391948
8 10 2 10 -0.0003659355495466165
9 10 2 11 -0.0003659355495466165
8 11 3 10 -0.0003659355495466165
9 11 3 11 -0.0003659355495466165
8 10 8 10 0.01121601338391948
9 10 8 11 0.01121601338391948
8 11 9 10 0.01121601338391948
9 11 9 11 0.01121601338391948
10 0 0 0 1.1202699351509082e-08
11 0 0 1 1.1202699351509082e-08
10 1 1 0 1.1202699351509082e-08
11 1 1 1 1.1202699351509082e-08
10 0 10 0 0.12169083341874418
11 0 10 1 0.12169083341874418
10 1 11 0 0.12169083341874418
11 1 11 1 0.12169083341874418
10 2 2 0 0.10632627283957889
11 2 2 1 0.10632627283957889
10 3 3 0 0.10632627283957889
11 3 3 1 0.10632627283957889
10 4 4 0 0.10632627283957889
11 4 4 1 0.10632627283957889
10 5 5 0 0.10632627283957889
11 5 5 1 0.10632627283957889
10 6 6 0 -0.10632642264122426
11 6 6 1 -0.10632642264122426
10 7 7 0 -0.10632642264122426
11 7 7 1 -0.10632642264122426
10 8 8 0 -0.10632642264122426
11 8 8 1 -0.10632642264122426
10 9 9 0 -0.10632642264122426
11 9 9 1 -0.10632642264122426
10 10 0 0 0.12169083341874418
11 10 0 1 0.12169083341874418
10 11 1 0 0.12169083341874418
11 11 1 1 0.12169083341874418
10 10 10 0 -1.0984063816832368e-07
11 10 10 1 -1.0984063816832368e-07
10 11 11 0 -1.0984063816832368e-07
11 11 11 1 -1.0984063816832368e-07
10 0 2 2 0.010135834383421697
11 0 2 3 0.010135834383421697
10 1 3 2 0.010135834383421697
11 1 3 3 0.010135834383421697
10 0 8 2 0.00045649740622465677
11 0 8 3 0.00045649740622465677
10 1 9 2 0.00045649740622465677
11 1 9 3 0.00045649740622465677
10 2 0 2 0.010135834383421697
11 2 0 3 0.010135834383421697
10 3 1 2 0.010135834383421697
11 3 1 3 0.010135834383421697
10 2 10 2 0.011215986781995028
11 2 10 3 0.011215986781995028
10 3 11 2 0.011215986781995028
11 3 11 3 0.011215986781995028
10 8 0 2 0.00045649740622465666
11 8 0 3 0.00045649740622465666
10 9 1 2 0.00045649740622465666
11 9 1 3 0.00045649740622465666
10 8 10 2 -0.0003659355495466164
11 8 10 3 -0.0003659355495466164
10 9 11 2 -0.0003659355495466164
11 9 11 3 -0.0003659355495466164
10 10 2 2 0.011215986781995028
11 10 2 3 0.011215986781995028
10 11 3 2 0.011215986781995028
11 11 3 3 0.011215986781995028
10 10 8 2 -0.0003659355495466164
11 10 8 3 -0.0003659355495466164
10 11 9 2 -0.0003659355495466164
11 11 9 3 -0.0003659355495466164
10 0 4 4 0.010135834383421697
11 0 4 5 0.010135834383421697
10 1 5 4 0.010135834383421697
11 1 5 5 0.010135834383421697
10 0 6 4 0.00045649740622465677
11 0 6 5 0.00045649740622465677
10 1 7 4 0.00045649740622465677
11 1 7 5 0.00045649740622465677
10 4 0 4 0.010135834383421697
11 4 0 5 0.010135834383421697
10 5 1 4 0.010135834383421697
11 5 1 5 0.010135834383421697
10 4 10 4 0.011215986781995028
11 4 10 5 0.011215986781995028
10 5 11 4 0.011215986781995028
11 5 11 5 0.011215986781995028
10 6 0 4 0.00045649740622465666
11 6 0 5 0.00045649740622465666
10 7 1 4 0.00045649740622465666
11 7 1 5 0.00045649740622465666
10 6 10 4 -0.0003659355495466164
11 6 10 5 -0.0003659355495466164
10 7 11 4 -0.0003659355495466164
11 7 11 5 -0.0003659355495466164
10 10 4 4 0.011215986781995028
11 10 4 5 0.011215986781995028
10 11 5 4 0.011215986781995028
11 11 5 5 0.011215986781995028
10 10 6 4 -0.0003659355495466164
11 10 6 5 -0.0003659355495466164
10 11 7 4 -0.0003659355495466164
11 11 7 5 -0.0003659355495466164
10 0 4 6 -0.00045649918941209156
11 0 4 7 -0.00045649918941209156
10 1 5 6 -0.00045649918941209156
11 1 5 7 -0.00045649918941209156
10 0 6 6 -0.010135850117526489
11 0 6 7 -0.010135850117526489
10 1 7 6 -0.010135850117526489
11 1 7 7 -0.010135850117526489
10 4 0 6 -0.0004564991894120915
11 4 0 7 -0.0004564991894120915
10 5 1 6 -0.0004564991894120915
11 5 1 7 -0.0004564991894120915
10 4 10 6 -0.0003659355495466163
11 4 10 7 -0.0003659355495466163
10 5 11 6 -0.0003659355495466163
11 5 11 7 -0.0003659355495466163
10 6 0 6 -0.010135850117526485
11 6 0 7 -0.010135850117526485
10 7 1 6 -0.010135850117526485
11 7 1 7 -0.010135850117526485
10 6 10 6 0.011216013383919482
11 6 10 7 0.011216013383919482
10 7 11 6 0.011216013383919482
11 7 11 7 0.011216013383919482
10 10 4 6 -0.00036593554954661645
11 10 4 7 -0.00036593554954661645
10 11 5 6 -0.00036593554954661645
11 11 5 7 -0.00036593554954661645
10 10 6 6 0.011216013383919482
11 10 6 7 0.011216013383919482
10 11 7 6 0.011216013383919482
11 11 7 7 0.011216013383919482
10 0 2 8 -0.00045649918941209156
11 0 2 9 -0.00045649918941209156
10 1 3 8 -0.00045649918941209156
11 1 3 9 -0.00045649918941209156
10 0 8 8 -0.010135850117526489
11 0 8 9 -0.010135850117526489
10 1 9 8 -0.010135850117526489
11 1 9 9 -0.010135850117526489
10 2 0 8 -0.0004564991894120915
11 2 0 9 -0.0004564991894120915
10 3 1 8 -0.0004564991894120915
11 3 1 9 -0.0004564991894120915
10 2 10 8 -0.0003659355495466163
11 2 10 9 -0.0003659355495466163
10 3 11 8 -0.0003659355495466163
11 3 11 9 -0.0003659355495466163
10 8 0 8 -0.010135850117526485
11 8 0 9 -0.010135850117526485
10 9 1 8 -0.010135850117526485
11 9 1 9 -0.010135850117526485
10 8 10 8 0.011216013383919482
11 8 10 9 0.011216013383919482
10 9 11 8 0.011216013383919482
11 9 11 9 0.011216013383919482
10 10 2 8 -0.00036593554954661645
11 10 2 9 -0.00036593554954661645
10 11 3 8 -0.00036593554954661645
11 11 3 9 -0.00036593554954661645
10 10 8 8 0.011216013383919482
11 10 8 9 0.011216013383919482
10 11 9 8 0.011216013383919482
11 11 9 9 0.011216013383919482
10 0 0 10 0.2623284220672766
11 0 0 11 0.2623284220672766
10 1 1 10 0.2623284220672766
11 1 1 11 0.2623284220672766
10 0 10 10 -1.0984063815444589e-07
11 0 10 11 -1.0984063815444589e-07
10 1 11 10 -1.0984063815444589e-07
11 1 11 11 -1.0984063815444589e-07
10 2 2 10 0.23965850238390443
11 2 2 11 0.23965850238390443
10 3 3 10 0.23965850238390443
11 3 3 11 0.23965850238390443
10 2 8 10 -0.0006370390316219356
11 2 8 11 -0.0006370390316219356
10 3 9 10 -0.0006370390316219356
11 3 9 11 -0.0006370390316219356
10 4 4 10 0.23965850238390443
11 4 4 11 0.23965850238390443
10 5 5 10 0.23965850238390443
11 5 5 11 0.23965850238390443
10 4 6 10 -0.0006370390316219356
11 4 6 11 -0.0006370390316219356
10 5 7 10 -0.0006370390316219356
11 5 7 11 -0.0006370390316219356
10 6 4 10 -0.0006370390316219358
11 6 4 11 -0.0006370390316219358
10 7 5 10 -0.0006370390316219358
11 7 5 11 -0.0006370390316219358
10 6 6 10 0.23965852502867274
11 6 6 11 0.23965852502867274
10 7 7 10 0.23965852502867274
11 7 7 11 0.23965852502867274
10 8 2 10 -0.0006370390316219358
11 8 2 11 -0.0006370390316219358
10 9 3 10 -0.0006370390316219358
11 9 3 11 -0.0006370390316219358
10 8 8 10 0.23965852502867274
11 8 8 11 0.23965852502867274
10 9 9 10 0.23965852502867274
11 9 9 11 0.23965852502867274
10 10 0 10 -1.0984063815444589e-07
11 10 0 11 -1.0984063815444589e-07
10 11 1 10 -1.0984063815444589e-07
11 11 1 11 -1.0984063815444589e-07
10 10 10 10 0.2723847585387785
11 10 10 11 0.2723847585387785
10 11 11 10 0.2723847585387785
11 11 11 11 0.2723847585387785
