-99.04107496447811
0 0 -2.3521518093146385
1 1 -2.3521518093146385
0 10 1.694012220169322e-08
1 11 1.694012220169322e-08
2 2 -2.314408623752059
3 3 -2.314408623752059
2 8 -0.0021843234519127817
3 9 -0.0021843234519127817
4 4 -2.314408623752059
5 5 -2.314408623752059
4 6 -0.0021843234982009564
5 7 -0.0021843234982009564
6 4 -0.0021843234982009546
7 5 -0.0021843234982009546
6 6 -2.3144085340231437
7 7 -2.3144085340231437
8 2 -0.00218432345191278
9 3 -0.00218432345191278
8 8 -2.314408534022889
9 9 -2.314408534022889
10 0 1.694012320002658e-08
11 1 1.694012320002658e-08
10 10 -2.3241806850597495
11 11 -2.3241806850597495
0 0 0 0 0.238276294691982
1 0 0 1 0.238276294691982
0 1 1 0 0.238276294691982
1 1 1 1 0.238276294691982
0 0 10 0 7.293644840866698e-09
1 0 10 1 7.293644840866698e-09
0 1 11 0 7.293644840866698e-09
1 1 11 1 7.293644840866698e-09
0 2 2 0 0.2166839730009626
1 2 2 1 0.2166839730009626
0 3 3 0 0.2166839730009626
1 3 3 1 0.2166839730009626
0 2 8 0 -0.00013786607236575
1 2 8 1 -0.00013786607236575
0 3 9 0 -0.00013786607236575
1 3 9 1 -0.00013786607236575
0 4 4 0 0.2166839730009626
1 4 4 1 0.2166839730009626
0 5 5 0 0.2166839730009626
1 5 5 1 0.2166839730009626
0 4 6 0 -0.00013786606803208252
1 4 6 1 -0.00013786606803208252
0 5 7 0 -0.00013786606803208252
1 5 7 1 -0.00013786606803208252
0 6 4 0 -0.00013786606803208252
1 6 4 1 -0.00013786606803208252
0 7 5 0 -0.00013786606803208252
1 7 5 1 -0.00013786606803208252
0 6 6 0 0.21668394978406047
1 6 6 1 0.21668394978406047
0 7 7 0 0.21668394978406047
1 7 7 1 0.21668394978406047
0 8 2 0 -0.00013786607236575
1 8 2 1 -0.00013786607236575
0 9 3 0 -0.00013786607236575
1 9 3 1 -0.00013786607236575
0 8 8 0 0.2166839497840503
1 8 8 1 0.2166839497840503
0 9 9 0 0.2166839497840503
1 9 9 1 0.2166839497840503
0 10 0 0 7.293644882500061e-09
1 10 0 1 7.293644882500061e-09
0 11 1 0 7.293644882500061e-09
1 11 1 1 7.293644882500061e-09
0 10 10 0 0.24091417629669215
1 10 10 1 0.24091417629669215
0 11 11 0 0.24091417629669215
1 11 11 1 0.24091417629669215
0 0 2 2 0.010123283217794005
1 0 2 3 0.010123283217794005
0 1 3 2 0.010123283217794005
1 1 3 3 0.010123283217794005
0 0 8 2 0.00011603099235527444
1 0 8 3 0.00011603099235527444
0 1 9 2 0.00011603099235527444
1 1 9 3 0.00011603099235527444
0 2 0 2 0.010123283217794005
1 2 0 3 0.010123283217794005
0 3 1 2 0.010123283217794005
1 3 1 3 0.010123283217794005
0 2 10 2 0.010269415350798849
1 2 10 3 0.010269415350798849
0 3 11 2 0.010269415350798849
1 3 11 3 0.010269415350798849
0 8 0 2 0.00011603099235527444
1 8 0 3 0.00011603099235527444
0 9 1 2 0.00011603099235527444
1 9 1 3 0.00011603099235527444
0 8 10 2 -0.00011255510870783921
1 8 10 3 -0.00011255510870783921
0 9 11 2 -0.00011255510870783921
1 9 11 3 -0.00011255510870783921
0 10 2 2 0.01026941535079885
1 10 2 3 0.01026941535079885
0 11 3 2 0.01026941535079885
1 11 3 3 0.01026941535079885
0 10 8 2 -0.00011255510870783921
1 10 8 3 -0.00011255510870783921
0 11 9 2 -0.00011255510870783921
1 11 9 3 -0.00011255510870783921
0 0 4 4 0.010123283217794005
1 0 4 5 0.010123283217794005
0 1 5 4 0.010123283217794005
1 1 5 5 0.010123283217794005
0 0 6 4 0.00011603099255774396
1 0 6 5 0.00011603099255774396
0 1 7 4 0.00011603099255774396
1 1 7 5 0.00011603099255774396
0 4 0 4 0.010123283217794005
1 4 0 5 0.010123283217794005
0 5 1 4 0.010123283217794005
1 5 1 5 0.010123283217794005
0 4 10 4 0.010269415350798849
1 4 10 5 0.010269415350798849
0 5 11 4 0.010269415350798849
1 5 11 5 0.010269415350798849
0 6 0 4 0.00011603099255774395
1 6 0 5 0.00011603099255774395
0 7 1 4 0.00011603099255774395
1 7 1 5 0.00011603099255774395
0 6 10 4 -0.00011255510850245532
1 6 10 5 -0.00011255510850245532
0 7 11 4 -0.00011255510850245532
1 7 11 5 -0.00011255510850245532
0 10 4 4 0.01026941535079885
1 10 4 5 0.01026941535079885
0 11 5 4 0.01026941535079885
1 11 5 5 0.01026941535079885
0 10 6 4 -0.00011255510850245532
1 10 6 5 -0.00011255510850245532
0 11 7 4 -0.00011255510850245532
1 11 7 5 -0.00011255510850245532
0 0 4 6 0.00011603099255774399
1 0 4 7 0.00011603099255774399
0 1 5 6 0.00011603099255774399
1 1 5 7 0.00011603099255774399
0 0 6 6 0.010123281374826643
1 0 6 7 0.010123281374826643
0 1 7 6 0.010123281374826643
1 1 7 7 0.010123281374826643
0 4 0 6 0.00011603099255774397
1 4 0 7 0.00011603099255774397
0 5 1 6 0.00011603099255774397
1 5 1 7 0.00011603099255774397
0 4 10 6 0.00011255508234141081
1 4 10 7 0.00011255508234141081
0 5 11 6 0.00011255508234141081
1 5 11 7 0.00011255508234141081
0 6 0 6 0.010123281374826643
1 6 0 7 0.010123281374826643
0 7 1 6 0.010123281374826643
1 7 1 7 0.010123281374826643
0 6 10 6 -0.010269415587373518
1 6 10 7 -0.010269415587373518
0 7 11 6 -0.010269415587373518
1 7 11 7 -0.010269415587373518
0 10 4 6 0.00011255508234141081
1 10 4 7 0.00011255508234141081
0 11 5 6 0.00011255508234141081
1 11 5 7 0.00011255508234141081
0 10 6 6 -0.010269415587373518
1 10 6 7 -0.010269415587373518
0 11 7 6 -0.010269415587373518
1 11 7 7 -0.010269415587373518
0 0 2 8 0.00011603099235527445
1 0 2 9 0.00011603099235527445
0 1 3 8 0.00011603099235527445
1 1 3 9 0.00011603099235527445
0 0 8 8 0.010123281374821269
1 0 8 9 0.010123281374821269
0 1 9 8 0.010123281374821269
1 1 9 9 0.010123281374821269
0 2 0 8 0.00011603099235527444
1 2 0 9 0.00011603099235527444
0 3 1 8 0.00011603099235527444
1 3 1 9 0.00011603099235527444
0 2 10 8 0.00011255508213601877
1 2 10 9 0.00011255508213601877
0 3 11 8 0.00011255508213601877
1 3 11 9 0.00011255508213601877
0 8 0 8 0.01012328137482127
1 8 0 9 0.01012328137482127
0 9 1 8 0.01012328137482127
1 9 1 9 0.01012328137482127
0 8 10 8 -0.010269415587372776
1 8 10 9 -0.010269415587372776
0 9 11 8 -0.010269415587372776
1 9 11 9 -0.010269415587372776
0 10 2 8 0.00011255508213601877
1 10 2 9 0.00011255508213601877
0 11 3 8 0.00011255508213601877
1 11 3 9 0.00011255508213601877
0 10 8 8 -0.010269415587372776
1 10 8 9 -0.010269415587372776
0 11 9 8 -0.010269415587372776
1 11 9 9 -0.010269415587372776
0 0 0 10 7.293644813111122e-09
1 0 0 11 7.293644813111122e-09
0 1 1 10 7.293644813111122e-09
1 1 1 11 7.293644813111122e-09
0 0 10 10 0.14060838729825176
1 0 10 11 0.14060838729825176
0 1 11 10 0.14060838729825176
1 1 11 11 0.14060838729825176
0 2 2 10 0.12234958372433916
1 2 2 11 0.12234958372433916
0 3 3 10 0.12234958372433916
1 3 3 11 0.12234958372433916
0 4 4 10 0.12234958372433916
1 4 4 11 0.12234958372433916
0 5 5 10 0.12234958372433916
1 5 5 11 0.12234958372433916
0 6 6 10 -0.12234959424874409
1 6 6 11 -0.12234959424874409
0 7 7 10 -0.12234959424874409
1 7 7 11 -0.12234959424874409
0 8 8 10 -0.12234959424873523
1 8 8 11 -0.12234959424873523
0 9 9 10 -0.12234959424873523
1 9 9 11 -0.12234959424873523
0 10 0 10 0.1406083872982518
1 10 0 11 0.1406083872982518
0 11 1 10 0.1406083872982518
1 11 1 11 0.1406083872982518
0 10 10 10 -6.47972094036664e-09
1 10 10 11 -6.47972094036664e-09
0 11 11 10 -6.47972094036664e-09
1 11 11 11 -6.47972094036664e-09
2 0 2 0 0.010123283217794005
3 0 2 1 0.010123283217794005
2 1 3 0 0.010123283217794005
3 1 3 1 0.010123283217794005
2 0 8 0 0.00011603099235527444
3 0 8 1 0.00011603099235527444
2 1 9 0 0.00011603099235527444
3 1 9 1 0.00011603099235527444
2 2 0 0 0.010123283217794005
3 2 0 1 0.010123283217794005
2 3 1 0 0.010123283217794005
3 3 1 1 0.010123283217794005
2 2 10 0 0.010269415350798849
3 2 10 1 0.010269415350798849
2 3 11 0 0.010269415350798849
3 3 11 1 0.010269415350798849
2 8 0 0 0.00011603099235527441
3 8 0 1 0.00011603099235527441
2 9 1 0 0.00011603099235527441
3 9 1 1 0.00011603099235527441
2 8 10 0 -0.00011255510870783922
3 8 10 1 -0.00011255510870783922
2 9 11 0 -0.00011255510870783922
3 9 11 1 -0.00011255510870783922
2 10 2 0 0.010269415350798847
3 10 2 1 0.010269415350798847
2 11 3 0 0.010269415350798847
3 11 3 1 0.010269415350798847
2 10 8 0 -0.00011255510870783922
3 10 8 1 -0.00011255510870783922
2 11 9 0 -0.00011255510870783922
3 11 9 1 -0.00011255510870783922
2 0 0 2 0.21668397300096265
3 0 0 3 0.21668397300096265
2 1 1 2 0.21668397300096265
3 1 1 3 0.21668397300096265
2 0 10 2 0.12234958372433913
3 0 10 3 0.12234958372433913
2 1 11 2 0.12234958372433913
3 1 11 3 0.12234958372433913
2 2 2 2 0.38140586799019816
3 2 2 3 0.38140586799019816
2 3 3 2 0.38140586799019816
3 3 3 3 0.38140586799019816
2 2 8 2 -0.0002372783843238118
3 2 8 3 -0.0002372783843238118
2 3 9 2 -0.0002372783843238118
3 3 9 3 -0.0002372783843238118
2 4 4 2 0.34028669906413456
3 4 4 3 0.34028669906413456
2 5 5 2 0.34028669906413456
3 5 5 3 0.34028669906413456
2 4 6 2 -0.0001841901847666443
3 4 6 3 -0.0001841901847666443
2 5 7 2 -0.0001841901847666443
3 5 7 3 -0.0001841901847666443
2 6 4 2 -0.00018419018476664427
3 6 4 3 -0.00018419018476664427
2 7 5 2 -0.00018419018476664427
3 7 5 3 -0.00018419018476664427
2 6 6 2 0.09188217347465916
3 6 6 3 0.09188217347465916
2 7 7 2 0.09188217347465916
3 7 7 3 0.09188217347465916
2 8 2 2 -0.00023727838432381174
3 8 2 3 -0.00023727838432381174
2 9 3 2 -0.00023727838432381174
3 9 3 3 -0.00023727838432381174
2 8 8 2 0.09199534094750504
3 8 8 3 0.09199534094750504
2 9 9 2 0.09199534094750504
3 9 9 3 0.09199534094750504
2 10 0 2 0.12234958372433916
3 10 0 3 0.12234958372433916
2 11 1 2 0.12234958372433916
3 11 1 3 0.12234958372433916
2 10 10 2 0.2193889685536638
3 10 10 3 0.2193889685536638
2 11 11 2 0.2193889685536638
3 11 11 3 0.2193889685536638
2 2 4 4 0.02055958421122539
3 2 4 5 0.02055958421122539
2 3 5 4 0.02055958421122539
3 3 5 5 0.02055958421122539
2 2 6 4 -2.65438468579823e-05
3 2 6 5 -2.65438468579823e-05
2 3 7 4 -2.65438468579823e-05
3 3 7 5 -2.65438468579823e-05
2 4 2 4 0.02055958421122539
3 4 2 5 0.02055958421122539
2 5 3 4 0.02055958421122539
3 5 3 5 0.02055958421122539
2 4 8 4 -2.6543847269172363e-05
3 4 8 5 -2.6543847269172363e-05
2 5 9 4 -2.6543847269172363e-05
3 5 9 5 -2.6543847269172363e-05
2 6 2 4 -2.6543846857982302e-05
3 6 2 5 -2.6543846857982302e-05
2 7 3 4 -2.6543846857982302e-05
3 7 3 5 -2.6543846857982302e-05
2 6 8 4 5.65839846220915e-05
3 6 8 5 5.65839846220915e-05
2 7 9 4 5.65839846220915e-05
3 7 9 5 5.65839846220915e-05
2 8 4 4 -2.654384726917236e-05
3 8 4 5 -2.654384726917236e-05
2 9 5 4 -2.654384726917236e-05
3 9 5 5 -2.654384726917236e-05
2 8 6 4 5.65839846220915e-05
3 8 6 5 5.65839846220915e-05
2 9 7 4 5.65839846220915e-05
3 9 7 5 5.65839846220915e-05
2 2 4 6 -2.6543846857982302e-05
3 2 4 7 -2.6543846857982302e-05
2 3 5 6 -2.6543846857982302e-05
3 3 5 7 -2.6543846857982302e-05
2 2 6 6 2.2625008096694441e-07
3 2 6 7 2.2625008096694441e-07
2 3 7 6 2.2625008096694441e-07
3 3 7 7 2.2625008096694441e-07
2 4 2 6 -2.6543846857982302e-05
3 4 2 7 -2.6543846857982302e-05
2 5 3 6 -2.6543846857982302e-05
3 5 3 7 -2.6543846857982302e-05
2 4 8 6 2.2625008149781236e-07
3 4 8 7 2.2625008149781236e-07
2 5 9 6 2.2625008149781236e-07
3 5 9 7 2.2625008149781236e-07
2 6 2 6 2.2625008096694441e-07
3 6 2 7 2.2625008096694441e-07
2 7 3 6 2.2625008096694441e-07
3 7 3 7 2.2625008096694441e-07
2 6 8 6 -2.654384685798587e-05
3 6 8 7 -2.654384685798587e-05
2 7 9 6 -2.654384685798587e-05
3 7 9 7 -2.654384685798587e-05
2 8 4 6 2.2625008149781236e-07
3 8 4 7 2.2625008149781236e-07
2 9 5 6 2.2625008149781236e-07
3 9 5 7 2.2625008149781236e-07
2 8 6 6 -2.6543846857985877e-05
3 8 6 7 -2.6543846857985877e-05
2 9 7 6 -2.6543846857985877e-05
3 9 7 7 -2.6543846857985877e-05
2 0 0 8 -0.00013786607236575
3 0 0 9 -0.00013786607236575
2 1 1 8 -0.00013786607236575
3 1 1 9 -0.00013786607236575
2 2 2 8 -0.00023727838432381165
3 2 2 9 -0.00023727838432381165
2 3 3 8 -0.00023727838432381165
3 3 3 9 -0.00023727838432381165
2 2 8 8 1.7859461457793986e-06
3 2 8 9 1.7859461457793986e-06
2 3 9 8 1.7859461457793986e-06
3 3 9 9 1.7859461457793986e-06
2 4 4 8 -0.0001841901915723606
3 4 4 9 -0.0001841901915723606
2 5 5 8 -0.0001841901915723606
3 5 5 9 -0.0001841901915723606
2 4 6 8 1.3339423781553594e-06
3 4 6 9 1.3339423781553594e-06
2 5 7 8 1.3339423781553594e-06
3 5 7 9 1.3339423781553594e-06
2 6 4 8 1.3339423781553594e-06
3 6 4 9 1.3339423781553594e-06
2 7 5 8 1.3339423781553594e-06
3 7 5 9 1.3339423781553594e-06
2 6 6 8 -0.00018419018660427818
3 6 6 9 -0.00018419018660427818
2 7 7 8 -0.00018419018660427818
3 7 7 9 -0.00018419018660427818
2 8 2 8 1.7859461457793983e-06
3 8 2 9 1.7859461457793983e-06
2 9 3 8 1.7859461457793983e-06
3 9 3 9 1.7859461457793983e-06
2 8 8 8 -0.0002372783785356651
3 8 8 9 -0.0002372783785356651
2 9 9 8 -0.0002372783785356651
3 9 9 9 -0.0002372783785356651
2 10 10 8 -0.00015212107820321058
3 10 10 9 -0.00015212107820321058
2 11 11 8 -0.00015212107820321058
3 11 11 9 -0.00015212107820321058
2 0 2 10 0.010269415350798845
3 0 2 11 0.010269415350798845
2 1 3 10 0.010269415350798845
3 1 3 11 0.010269415350798845
2 0 8 10 0.00011255508213601874
3 0 8 11 0.00011255508213601874
2 1 9 10 0.00011255508213601874
3 1 9 11 0.00011255508213601874
2 2 0 10 0.010269415350798845
3 2 0 11 0.010269415350798845
2 3 1 10 0.010269415350798845
3 3 1 11 0.010269415350798845
2 2 10 10 0.010482573270994104
3 2 10 11 0.010482573270994104
2 3 11 10 0.010482573270994104
3 3 11 11 0.010482573270994104
2 8 0 10 0.00011255508213601877
3 8 0 11 0.00011255508213601877
2 9 1 10 0.00011255508213601877
3 9 1 11 0.00011255508213601877
2 8 10 10 -0.00010870764502326686
3 8 10 11 -0.00010870764502326686
2 9 11 10 -0.00010870764502326686
3 9 11 11 -0.00010870764502326686
2 10 2 10 0.010482573270994106
3 10 2 11 0.010482573270994106
2 11 3 10 0.010482573270994106
3 11 3 11 0.010482573270994106
2 10 8 10 -0.00010870764502326686
3 10 8 11 -0.00010870764502326686
2 11 9 10 -0.00010870764502326686
3 11 9 11 -0.00010870764502326686
4 0 4 0 0.010123283217794005
5 0 4 1 0.010123283217794005
4 1 5 0 0.010123283217794005
5 1 5 1 0.010123283217794005
4 0 6 0 0.00011603099255774396
5 0 6 1 0.00011603099255774396
4 1 7 0 0.00011603099255774396
5 1 7 1 0.00011603099255774396
4 4 0 0 0.010123283217794005
5 4 0 1 0.010123283217794005
4 5 1 0 0.010123283217794005
5 5 1 1 0.010123283217794005
4 4 10 0 0.010269415350798849
5 4 10 1 0.010269415350798849
4 5 11 0 0.010269415350798849
5 5 11 1 0.010269415350798849
4 6 0 0 0.00011603099255774396
5 6 0 1 0.00011603099255774396
4 7 1 0 0.00011603099255774396
5 7 1 1 0.00011603099255774396
4 6 10 0 -0.00011255510850245531
5 6 10 1 -0.00011255510850245531
4 7 11 0 -0.00011255510850245531
5 7 11 1 -0.00011255510850245531
4 10 4 0 0.010269415350798847
5 10 4 1 0.010269415350798847
4 11 5 0 0.010269415350798847
5 11 5 1 0.010269415350798847
4 10 6 0 -0.00011255510850245533
5 10 6 1 -0.00011255510850245533
4 11 7 0 -0.00011255510850245533
5 11 7 1 -0.00011255510850245533
4 2 4 2 0.02055958421122539
5 2 4 3 0.02055958421122539
4 3 5 2 0.02055958421122539
5 3 5 3 0.02055958421122539
4 2 6 2 -2.65438468579823e-05
5 2 6 3 -2.65438468579823e-05
4 3 7 2 -2.65438468579823e-05
5 3 7 3 -2.65438468579823e-05
4 4 2 2 0.02055958421122539
5 4 2 3 0.02055958421122539
4 5 3 2 0.02055958421122539
5 5 3 3 0.02055958421122539
4 4 8 2 -2.6543847269172363e-05
5 4 8 3 -2.6543847269172363e-05
4 5 9 2 -2.6543847269172363e-05
5 5 9 3 -2.6543847269172363e-05
4 6 2 2 -2.6543846857982302e-05
5 6 2 3 -2.6543846857982302e-05
4 7 3 2 -2.6543846857982302e-05
5 7 3 3 -2.6543846857982302e-05
4 6 8 2 5.65839846220915e-05
5 6 8 3 5.65839846220915e-05
4 7 9 2 5.65839846220915e-05
5 7 9 3 5.65839846220915e-05
4 8 4 2 -2.654384726917236e-05
5 8 4 3 -2.654384726917236e-05
4 9 5 2 -2.654384726917236e-05
5 9 5 3 -2.654384726917236e-05
4 8 6 2 5.65839846220915e-05
5 8 6 3 5.65839846220915e-05
4 9 7 2 5.65839846220915e-05
5 9 7 3 5.65839846220915e-05
4 0 0 4 0.21668397300096265
5 0 0 5 0.21668397300096265
4 1 1 4 0.21668397300096265
5 1 1 5 0.21668397300096265
4 0 10 4 0.12234958372433913
5 0 10 5 0.12234958372433913
4 1 11 4 0.12234958372433913
5 1 11 5 0.12234958372433913
4 2 2 4 0.34028669906413456
5 2 2 5 0.34028669906413456
4 3 3 4 0.34028669906413456
5 3 3 5 0.34028669906413456
4 2 8 4 -0.00018419019157236052
5 2 8 5 -0.00018419019157236052
4 3 9 4 -0.00018419019157236052
5 3 9 5 -0.00018419019157236052
4 4 4 4 0.38140586799019816
5 4 4 5 0.38140586799019816
4 5 5 4 0.38140586799019816
5 5 5 5 0.38140586799019816
4 4 6 4 -0.0002372783766957154
5 4 6 5 -0.0002372783766957154
4 5 7 4 -0.0002372783766957154
5 5 7 5 -0.0002372783766957154
4 6 4 4 -0.0002372783766957154
5 6 4 5 -0.0002372783766957154
4 7 5 4 -0.0002372783766957154
5 7 5 5 -0.0002372783766957154
4 6 6 4 0.0919953409475022
5 6 6 5 0.0919953409475022
4 7 7 4 0.0919953409475022
5 7 7 5 0.0919953409475022
4 8 2 4 -0.00018419019157236058
5 8 2 5 -0.00018419019157236058
4 9 3 4 -0.00018419019157236058
5 9 3 5 -0.00018419019157236058
4 8 8 4 0.09188217347465989
5 8 8 5 0.09188217347465989
4 9 9 4 0.09188217347465989
5 9 9 5 0.09188217347465989
4 10 0 4 0.12234958372433916
5 10 0 5 0.12234958372433916
4 11 1 4 0.12234958372433916
5 11 1 5 0.12234958372433916
4 10 10 4 0.2193889685536638
5 10 10 5 0.2193889685536638
4 11 11 4 0.2193889685536638
5 11 11 5 0.2193889685536638
4 0 0 6 -0.00013786606803208257
5 0 0 7 -0.00013786606803208257
4 1 1 6 -0.00013786606803208257
5 1 1 7 -0.00013786606803208257
4 2 2 6 -0.00018419018476664432
5 2 2 7 -0.00018419018476664432
4 3 3 6 -0.00018419018476664432
5 3 3 7 -0.00018419018476664432
4 2 8 6 1.3339423781553596e-06
5 2 8 7 1.3339423781553596e-06
4 3 9 6 1.3339423781553596e-06
5 3 9 7 1.3339423781553596e-06
4 4 4 6 -0.0002372783766957152
5 4 4 7 -0.0002372783766957152
4 5 5 6 -0.0002372783766957152
5 5 5 7 -0.0002372783766957152
4 4 6 6 1.7859461362884073e-06
5 4 6 7 1.7859461362884073e-06
4 5 7 6 1.7859461362884073e-06
5 5 7 7 1.7859461362884073e-06
4 6 4 6 1.7859461362884073e-06
5 6 4 7 1.7859461362884073e-06
4 7 5 6 1.7859461362884073e-06
5 7 5 7 1.7859461362884073e-06
4 6 6 6 -0.00023727837669571526
5 6 6 7 -0.00023727837669571526
4 7 7 6 -0.00023727837669571526
5 7 7 7 -0.00023727837669571526
4 8 2 6 1.3339423781553596e-06
5 8 2 7 1.3339423781553596e-06
4 9 3 6 1.3339423781553596e-06
5 9 3 7 1.3339423781553596e-06
4 8 8 6 -0.00018419018476668414
5 8 8 7 -0.00018419018476668414
4 9 9 6 -0.00018419018476668414
5 9 9 7 -0.00018419018476668414
4 10 10 6 -0.0001521210738154438
5 10 10 7 -0.0001521210738154438
4 11 11 6 -0.0001521210738154438
5 11 11 7 -0.0001521210738154438
4 2 4 8 -2.6543847269172363e-05
5 2 4 9 -2.6543847269172363e-05
4 3 5 8 -2.6543847269172363e-05
5 3 5 9 -2.6543847269172363e-05
4 2 6 8 2.262500814978123e-07
5 2 6 9 2.262500814978123e-07
4 3 7 8 2.262500814978123e-07
5 3 7 9 2.262500814978123e-07
4 4 2 8 -2.6543847269172363e-05
5 4 2 9 -2.6543847269172363e-05
4 5 3 8 -2.6543847269172363e-05
5 5 3 9 -2.6543847269172363e-05
4 4 8 8 2.262500820286803e-07
5 4 8 9 2.262500820286803e-07
4 5 9 8 2.262500820286803e-07
5 5 9 9 2.262500820286803e-07
4 6 2 8 2.262500814978123e-07
5 6 2 9 2.262500814978123e-07
4 7 3 8 2.262500814978123e-07
5 7 3 9 2.262500814978123e-07
4 6 8 8 -2.6543846859116584e-05
5 6 8 9 -2.6543846859116584e-05
4 7 9 8 -2.6543846859116584e-05
5 7 9 9 -2.6543846859116584e-05
4 8 4 8 2.2625008202868026e-07
5 8 4 9 2.2625008202868026e-07
4 9 5 8 2.2625008202868026e-07
5 9 5 9 2.2625008202868026e-07
4 8 6 8 -2.654384685911659e-05
5 8 6 9 -2.654384685911659e-05
4 9 7 8 -2.654384685911659e-05
5 9 7 9 -2.654384685911659e-05
4 0 4 10 0.010269415350798845
5 0 4 11 0.010269415350798845
4 1 5 10 0.010269415350798845
5 1 5 11 0.010269415350798845
4 0 6 10 0.00011255508234141081
5 0 6 11 0.00011255508234141081
4 1 7 10 0.00011255508234141081
5 1 7 11 0.00011255508234141081
4 4 0 10 0.010269415350798845
5 4 0 11 0.010269415350798845
4 5 1 10 0.010269415350798845
5 5 1 11 0.010269415350798845
4 4 10 10 0.010482573270994104
5 4 10 11 0.010482573270994104
4 5 11 10 0.010482573270994104
5 5 11 11 0.010482573270994104
4 6 0 10 0.00011255508234141081
5 6 0 11 0.00011255508234141081
4 7 1 10 0.00011255508234141081
5 7 1 11 0.00011255508234141081
4 6 10 10 -0.00010870764481361967
5 6 10 11 -0.00010870764481361967
4 7 11 10 -0.00010870764481361967
5 7 11 11 -0.00010870764481361967
4 10 4 10 0.010482573270994106
5 10 4 11 0.010482573270994106
4 11 5 10 0.010482573270994106
5 11 5 11 0.010482573270994106
4 10 6 10 -0.00010870764481361967
5 10 6 11 -0.00010870764481361967
4 11 7 10 -0.00010870764481361967
5 11 7 11 -0.00010870764481361967
6 0 4 0 0.00011603099255774399
7 0 4 1 0.00011603099255774399
6 1 5 0 0.00011603099255774399
7 1 5 1 0.00011603099255774399
6 0 6 0 0.010123281374826643
7 0 6 1 0.010123281374826643
6 1 7 0 0.010123281374826643
7 1 7 1 0.010123281374826643
6 4 0 0 0.00011603099255774396
7 4 0 1 0.00011603099255774396
6 5 1 0 0.00011603099255774396
7 5 1 1 0.00011603099255774396
6 4 10 0 0.0001125550823414108
7 4 10 1 0.0001125550823414108
6 5 11 0 0.0001125550823414108
7 5 11 1 0.0001125550823414108
6 6 0 0 0.010123281374826643
7 6 0 1 0.010123281374826643
6 7 1 0 0.010123281374826643
7 7 1 1 0.010123281374826643
6 6 10 0 -0.010269415587373518
7 6 10 1 -0.010269415587373518
6 7 11 0 -0.010269415587373518
7 7 11 1 -0.010269415587373518
6 10 4 0 0.0001125550823414108
7 10 4 1 0.0001125550823414108
6 11 5 0 0.0001125550823414108
7 11 5 1 0.0001125550823414108
6 10 6 0 -0.010269415587373518
7 10 6 1 -0.010269415587373518
6 11 7 0 -0.010269415587373518
7 11 7 1 -0.010269415587373518
6 2 4 2 -2.654384685798231e-05
7 2 4 3 -2.654384685798231e-05
6 3 5 2 -2.654384685798231e-05
7 3 5 3 -2.654384685798231e-05
6 2 6 2 2.2625008096694441e-07
7 2 6 3 2.2625008096694441e-07
6 3 7 2 2.2625008096694441e-07
7 3 7 3 2.2625008096694441e-07
6 4 2 2 -2.654384685798231e-05
7 4 2 3 -2.654384685798231e-05
6 5 3 2 -2.654384685798231e-05
7 5 3 3 -2.654384685798231e-05
6 4 8 2 2.2625008149781236e-07
7 4 8 3 2.2625008149781236e-07
6 5 9 2 2.2625008149781236e-07
7 5 9 3 2.2625008149781236e-07
6 6 2 2 2.2625008096694441e-07
7 6 2 3 2.2625008096694441e-07
6 7 3 2 2.2625008096694441e-07
7 7 3 3 2.2625008096694441e-07
6 6 8 2 -2.6543846857985863e-05
7 6 8 3 -2.6543846857985863e-05
6 7 9 2 -2.6543846857985863e-05
7 7 9 3 -2.6543846857985863e-05
6 8 4 2 2.2625008149781233e-07
7 8 4 3 2.2625008149781233e-07
6 9 5 2 2.2625008149781233e-07
7 9 5 3 2.2625008149781233e-07
6 8 6 2 -2.6543846857985873e-05
7 8 6 3 -2.6543846857985873e-05
6 9 7 2 -2.6543846857985873e-05
7 9 7 3 -2.6543846857985873e-05
6 0 0 4 -0.00013786606803208262
7 0 0 5 -0.00013786606803208262
6 1 1 4 -0.00013786606803208262
7 1 1 5 -0.00013786606803208262
6 2 2 4 -0.0001841901847666443
7 2 2 5 -0.0001841901847666443
6 3 3 4 -0.0001841901847666443
7 3 3 5 -0.0001841901847666443
6 2 8 4 1.3339423781553594e-06
7 2 8 5 1.3339423781553594e-06
6 3 9 4 1.3339423781553594e-06
7 3 9 5 1.3339423781553594e-06
6 4 4 4 -0.00023727837669571526
7 4 4 5 -0.00023727837669571526
6 5 5 4 -0.00023727837669571526
7 5 5 5 -0.00023727837669571526
6 4 6 4 1.7859461362884073e-06
7 4 6 5 1.7859461362884073e-06
6 5 7 4 1.7859461362884073e-06
7 5 7 5 1.7859461362884073e-06
6 6 4 4 1.7859461362884073e-06
7 6 4 5 1.7859461362884073e-06
6 7 5 4 1.7859461362884073e-06
7 7 5 5 1.7859461362884073e-06
6 6 6 4 -0.0002372783766957152
7 6 6 5 -0.0002372783766957152
6 7 7 4 -0.0002372783766957152
7 7 7 5 -0.0002372783766957152
6 8 2 4 1.3339423781553596e-06
7 8 2 5 1.3339423781553596e-06
6 9 3 4 1.3339423781553596e-06
7 9 3 5 1.3339423781553596e-06
6 8 8 4 -0.00018419018476668414
7 8 8 5 -0.00018419018476668414
6 9 9 4 -0.00018419018476668414
7 9 9 5 -0.00018419018476668414
6 10 10 4 -0.0001521210738154438
7 10 10 5 -0.0001521210738154438
6 11 11 4 -0.0001521210738154438
7 11 11 5 -0.0001521210738154438
6 0 0 6 0.21668394978406047
7 0 0 7 0.21668394978406047
6 1 1 6 0.21668394978406047
7 1 1 7 0.21668394978406047
6 0 10 6 -0.12234959424874406
7 0 10 7 -0.12234959424874406
6 1 11 6 -0.12234959424874406
7 1 11 7 -0.12234959424874406
6 2 2 6 0.09188217347465916
7 2 2 7 0.09188217347465916
6 3 3 6 0.09188217347465916
7 3 3 7 0.09188217347465916
6 2 8 6 -0.0001841901866042781
7 2 8 7 -0.0001841901866042781
6 3 9 6 -0.0001841901866042781
7 3 9 7 -0.0001841901866042781
6 4 4 6 0.0919953409475022
7 4 4 7 0.0919953409475022
6 5 5 6 0.0919953409475022
7 5 5 7 0.0919953409475022
6 4 6 6 -0.0002372783766957154
7 4 6 7 -0.0002372783766957154
6 5 7 6 -0.0002372783766957154
7 5 7 7 -0.0002372783766957154
6 6 4 6 -0.0002372783766957154
7 6 4 7 -0.0002372783766957154
6 7 5 6 -0.0002372783766957154
7 7 5 7 -0.0002372783766957154
6 6 6 6 0.38140586799019816
7 6 6 7 0.38140586799019816
6 7 7 6 0.38140586799019816
7 7 7 7 0.38140586799019816
6 8 2 6 -0.00018419018660427813
7 8 2 7 -0.00018419018660427813
6 9 3 6 -0.00018419018660427813
7 9 3 7 -0.00018419018660427813
6 8 8 6 0.3402866990641173
7 8 8 7 0.3402866990641173
6 9 9 6 0.3402866990641173
7 9 9 7 0.3402866990641173
6 10 0 6 -0.1223495942487441
7 10 0 7 -0.1223495942487441
6 11 1 6 -0.1223495942487441
7 11 1 7 -0.1223495942487441
6 10 10 6 0.2193889688663192
7 10 10 7 0.2193889688663192
6 11 11 6 0.2193889688663192
7 11 11 7 0.2193889688663192
6 2 4 8 5.658398462209149e-05
7 2 4 9 5.658398462209149e-05
6 3 5 8 5.658398462209149e-05
7 3 5 9 5.658398462209149e-05
6 2 6 8 -2.654384685798587e-05
7 2 6 9 -2.654384685798587e-05
6 3 7 8 -2.654384685798587e-05
7 3 7 9 -2.654384685798587e-05
6 4 2 8 5.658398462209149e-05
7 4 2 9 5.658398462209149e-05
6 5 3 8 5.658398462209149e-05
7 5 3 9 5.658398462209149e-05
6 4 8 8 -2.6543846859116584e-05
7 4 8 9 -2.6543846859116584e-05
6 5 9 8 -2.6543846859116584e-05
7 5 9 9 -2.6543846859116584e-05
6 6 2 8 -2.6543846857985867e-05
7 6 2 9 -2.6543846857985867e-05
6 7 3 8 -2.6543846857985867e-05
7 7 3 9 -2.6543846857985867e-05
6 6 8 8 0.020559584211224963
7 6 8 9 0.020559584211224963
6 7 9 8 0.020559584211224963
7 7 9 9 0.020559584211224963
6 8 4 8 -2.6543846859116584e-05
7 8 4 9 -2.6543846859116584e-05
6 9 5 8 -2.6543846859116584e-05
7 9 5 9 -2.6543846859116584e-05
6 8 6 8 0.020559584211224967
7 8 6 9 0.020559584211224967
6 9 7 8 0.020559584211224967
7 9 7 9 0.020559584211224967
6 0 4 10 -0.00011255510850245531
7 0 4 11 -0.00011255510850245531
6 1 5 10 -0.00011255510850245531
7 1 5 11 -0.00011255510850245531
6 0 6 10 -0.01026941558737352
7 0 6 11 -0.01026941558737352
6 1 7 10 -0.01026941558737352
7 1 7 11 -0.01026941558737352
6 4 0 10 -0.00011255510850245531
7 4 0 11 -0.00011255510850245531
6 5 1 10 -0.00011255510850245531
7 5 1 11 -0.00011255510850245531
6 4 10 10 -0.00010870764481361966
7 4 10 11 -0.00010870764481361966
6 5 11 10 -0.00010870764481361966
7 5 11 11 -0.00010870764481361966
6 6 0 10 -0.010269415587373518
7 6 0 11 -0.010269415587373518
6 7 1 10 -0.010269415587373518
7 7 1 11 -0.010269415587373518
6 6 10 10 0.010482574865421956
7 6 10 11 0.010482574865421956
6 7 11 10 0.010482574865421956
7 7 11 11 0.010482574865421956
6 10 4 10 -0.00010870764481361966
7 10 4 11 -0.00010870764481361966
6 11 5 10 -0.00010870764481361966
7 11 5 11 -0.00010870764481361966
6 10 6 10 0.010482574865421956
7 10 6 11 0.010482574865421956
6 11 7 10 0.010482574865421956
7 11 7 11 0.010482574865421956
8 0 2 0 0.00011603099235527446
9 0 2 1 0.00011603099235527446
8 1 3 0 0.00011603099235527446
9 1 3 1 0.00011603099235527446
8 0 8 0 0.010123281374821269
9 0 8 1 0.010123281374821269
8 1 9 0 0.010123281374821269
9 1 9 1 0.010123281374821269
8 2 0 0 0.00011603099235527444
9 2 0 1 0.00011603099235527444
8 3 1 0 0.00011603099235527444
9 3 1 1 0.00011603099235527444
8 2 10 0 0.00011255508213601875
9 2 10 1 0.00011255508213601875
8 3 11 0 0.00011255508213601875
9 3 11 1 0.00011255508213601875
8 8 0 0 0.01012328137482127
9 8 0 1 0.01012328137482127
8 9 1 0 0.01012328137482127
9 9 1 1 0.01012328137482127
8 8 10 0 -0.010269415587372776
9 8 10 1 -0.010269415587372776
8 9 11 0 -0.010269415587372776
9 9 11 1 -0.010269415587372776
8 10 2 0 0.00011255508213601875
9 10 2 1 0.00011255508213601875
8 11 3 0 0.00011255508213601875
9 11 3 1 0.00011255508213601875
8 10 8 0 -0.010269415587372776
9 10 8 1 -0.010269415587372776
8 11 9 0 -0.010269415587372776
9 11 9 1 -0.010269415587372776
8 0 0 2 -0.00013786607236575005
9 0 0 3 -0.00013786607236575005
8 1 1 2 -0.00013786607236575005
9 1 1 3 -0.00013786607236575005
8 2 2 2 -0.00023727838432381165
9 2 2 3 -0.00023727838432381165
8 3 3 2 -0.00023727838432381165
9 3 3 3 -0.00023727838432381165
8 2 8 2 1.7859461457793986e-06
9 2 8 3 1.7859461457793986e-06
8 3 9 2 1.7859461457793986e-06
9 3 9 3 1.7859461457793986e-06
8 4 4 2 -0.00018419019157236055
9 4 4 3 -0.00018419019157236055
8 5 5 2 -0.00018419019157236055
9 5 5 3 -0.00018419019157236055
8 4 6 2 1.3339423781553596e-06
9 4 6 3 1.3339423781553596e-06
8 5 7 2 1.3339423781553596e-06
9 5 7 3 1.3339423781553596e-06
8 6 4 2 1.3339423781553594e-06
9 6 4 3 1.3339423781553594e-06
8 7 5 2 1.3339423781553594e-06
9 7 5 3 1.3339423781553594e-06
8 6 6 2 -0.00018419018660427816
9 6 6 3 -0.00018419018660427816
8 7 7 2 -0.00018419018660427816
9 7 7 3 -0.00018419018660427816
8 8 2 2 1.7859461457793983e-06
9 8 2 3 1.7859461457793983e-06
8 9 3 2 1.7859461457793983e-06
9 9 3 3 1.7859461457793983e-06
8 8 8 2 -0.00023727837853566505
9 8 8 3 -0.00023727837853566505
8 9 9 2 -0.00023727837853566505
9 9 9 3 -0.00023727837853566505
8 10 10 2 -0.00015212107820321058
9 10 10 3 -0.00015212107820321058
8 11 11 2 -0.00015212107820321058
9 11 11 3 -0.00015212107820321058
8 2 4 4 -2.6543847269172366e-05
9 2 4 5 -2.6543847269172366e-05
8 3 5 4 -2.6543847269172366e-05
9 3 5 5 -2.6543847269172366e-05
8 2 6 4 2.262500814978123e-07
9 2 6 5 2.262500814978123e-07
8 3 7 4 2.262500814978123e-07
9 3 7 5 2.262500814978123e-07
8 4 2 4 -2.6543847269172366e-05
9 4 2 5 -2.6543847269172366e-05
8 5 3 4 -2.6543847269172366e-05
9 5 3 5 -2.6543847269172366e-05
8 4 8 4 2.2625008202868028e-07
9 4 8 5 2.2625008202868028e-07
8 5 9 4 2.2625008202868028e-07
9 5 9 5 2.2625008202868028e-07
8 6 2 4 2.2625008149781233e-07
9 6 2 5 2.2625008149781233e-07
8 7 3 4 2.2625008149781233e-07
9 7 3 5 2.2625008149781233e-07
8 6 8 4 -2.654384685911658e-05
9 6 8 5 -2.654384685911658e-05
8 7 9 4 -2.654384685911658e-05
9 7 9 5 -2.654384685911658e-05
8 8 4 4 2.2625008202868026e-07
9 8 4 5 2.2625008202868026e-07
8 9 5 4 2.2625008202868026e-07
9 9 5 5 2.2625008202868026e-07
8 8 6 4 -2.654384685911659e-05
9 8 6 5 -2.654384685911659e-05
8 9 7 4 -2.654384685911659e-05
9 9 7 5 -2.654384685911659e-05
8 2 4 6 5.658398462209149e-05
9 2 4 7 5.658398462209149e-05
8 3 5 6 5.658398462209149e-05
9 3 5 7 5.658398462209149e-05
8 2 6 6 -2.6543846857985867e-05
9 2 6 7 -2.6543846857985867e-05
8 3 7 6 -2.6543846857985867e-05
9 3 7 7 -2.6543846857985867e-05
8 4 2 6 5.658398462209149e-05
9 4 2 7 5.658398462209149e-05
8 5 3 6 5.658398462209149e-05
9 5 3 7 5.658398462209149e-05
8 4 8 6 -2.654384685911658e-05
9 4 8 7 -2.654384685911658e-05
8 5 9 6 -2.654384685911658e-05
9 5 9 7 -2.654384685911658e-05
8 6 2 6 -2.6543846857985863e-05
9 6 2 7 -2.6543846857985863e-05
8 7 3 6 -2.6543846857985863e-05
9 7 3 7 -2.6543846857985863e-05
8 6 8 6 0.020559584211224963
9 6 8 7 0.020559584211224963
8 7 9 6 0.020559584211224963
9 7 9 7 0.020559584211224963
8 8 4 6 -2.654384685911658e-05
9 8 4 7 -2.654384685911658e-05
8 9 5 6 -2.654384685911658e-05
9 9 5 7 -2.654384685911658e-05
8 8 6 6 0.020559584211224967
9 8 6 7 0.020559584211224967
8 9 7 6 0.020559584211224967
9 9 7 7 0.020559584211224967
8 0 0 8 0.2166839497840503
9 0 0 9 0.2166839497840503
8 1 1 8 0.2166839497840503
9 1 1 9 0.2166839497840503
8 0 10 8 -0.12234959424873522
9 0 10 9 -0.12234959424873522
8 1 11 8 -0.12234959424873522
9 1 11 9 -0.12234959424873522
8 2 2 8 0.09199534094750506
9 2 2 9 0.09199534094750506
8 3 3 8 0.09199534094750506
9 3 3 9 0.09199534094750506
8 2 8 8 -0.00023727837853566492
9 2 8 9 -0.00023727837853566492
8 3 9 8 -0.00023727837853566492
9 3 9 9 -0.00023727837853566492
8 4 4 8 0.09188217347465989
9 4 4 9 0.09188217347465989
8 5 5 8 0.09188217347465989
9 5 5 9 0.09188217347465989
8 4 6 8 -0.0001841901847666843
9 4 6 9 -0.0001841901847666843
8 5 7 8 -0.0001841901847666843
9 5 7 9 -0.0001841901847666843
8 6 4 8 -0.00018419018476668433
9 6 4 9 -0.00018419018476668433
8 7 5 8 -0.00018419018476668433
9 7 5 9 -0.00018419018476668433
8 6 6 8 0.34028669906411735
9 6 6 9 0.34028669906411735
8 7 7 8 0.34028669906411735
9 7 7 9 0.34028669906411735
8 8 2 8 -0.00023727837853566497
9 8 2 9 -0.00023727837853566497
8 9 3 8 -0.00023727837853566497
9 9 3 9 -0.00023727837853566497
8 8 8 8 0.3814058679901621
9 8 8 9 0.3814058679901621
8 9 9 8 0.3814058679901621
9 9 9 9 0.3814058679901621
8 10 0 8 -0.12234959424873526
9 10 0 9 -0.12234959424873526
8 11 1 8 -0.12234959424873526
9 11 1 9 -0.12234959424873526
8 10 10 8 0.21938896886630943
9 10 10 9 0.21938896886630943
8 11 11 8 0.21938896886630943
9 11 11 9 0.21938896886630943
8 0 2 10 -0.00011255510870783922
9 0 2 11 -0.00011255510870783922
8 1 3 10 -0.00011255510870783922
9 1 3 11 -0.00011255510870783922
8 0 8 10 -0.010269415587372774
9 0 8 11 -0.010269415587372774
8 1 9 10 -0.010269415587372774
9 1 9 11 -0.010269415587372774
8 2 0 10 -0.00011255510870783922
9 2 0 11 -0.00011255510870783922
8 3 1 10 -0.00011255510870783922
9 3 1 11 -0.00011255510870783922
8 2 10 10 -0.00010870764502326686
9 2 10 11 -0.00010870764502326686
8 3 11 10 -0.00010870764502326686
9 3 11 11 -0.00010870764502326686
8 8 0 10 -0.010269415587372776
9 8 0 11 -0.010269415587372776
8 9 1 10 -0.010269415587372776
9 9 1 11 -0.010269415587372776
8 8 10 10 0.010482574865425545
9 8 10 11 0.010482574865425545
8 9 11 10 0.010482574865425545
9 9 11 11 0.010482574865425545
8 10 2 10 -0.00010870764502326686
9 10 2 11 -0.00010870764502326686
8 11 3 10 -0.00010870764502326686
9 11 3 11 -0.00010870764502326686
8 10 8 10 0.010482574865425545
9 10 8 11 0.010482574865425545
8 11 9 10 0.010482574865425545
9 11 9 11 0.010482574865425545
10 0 0 0 7.293644813111122e-09
11 0 0 1 7.293644813111122e-09
10 1 1 0 7.293644813111122e-09
11 1 1 1 7.293644813111122e-09
10 0 10 0 0.14060838729825176
11 0 10 1 0.14060838729825176
10 1 11 0 0.14060838729825176
11 1 11 1 0.14060838729825176
10 2 2 0 0.12234958372433913
11 2 2 1 0.12234958372433913
10 3 3 0 0.12234958372433913
11 3 3 1 0.12234958372433913
10 4 4 0 0.12234958372433913
11 4 4 1 0.12234958372433913
10 5 5 0 0.12234958372433913
11 5 5 1 0.12234958372433913
10 6 6 0 -0.12234959424874407
11 6 6 1 -0.12234959424874407
10 7 7 0 -0.12234959424874407
11 7 7 1 -0.12234959424874407
10 8 8 0 -0.12234959424873519
11 8 8 1 -0.12234959424873519
10 9 9 0 -0.12234959424873519
11 9 9 1 -0.12234959424873519
10 10 0 0 0.1406083872982518
11 10 0 1 0.1406083872982518
10 11 1 0 0.1406083872982518
11 11 1 1 0.1406083872982518
10 10 10 0 -6.479720954244428e-09
11 10 10 1 -6.479720954244428e-09
10 11 11 0 -6.479720954244428e-09
11 11 11 1 -6.479720954244428e-09
10 0 2 2 0.010269415350798845
11 0 2 3 0.010269415350798845
10 1 3 2 0.010269415350798845
11 1 3 3 0.010269415350798845
10 0 8 2 0.00011255508213601878
11 0 8 3 0.00011255508213601878
10 1 9 2 0.00011255508213601878
11 1 9 3 0.00011255508213601878
10 2 0 2 0.010269415350798845
11 2 0 3 0.010269415350798845
10 3 1 2 0.010269415350798845
11 3 1 3 0.010269415350798845
10 2 10 2 0.010482573270994104
11 2 10 3 0.010482573270994104
10 3 11 2 0.010482573270994104
11 3 11 3 0.010482573270994104
10 8 0 2 0.0001125550821360188
11 8 0 3 0.0001125550821360188
10 9 1 2 0.0001125550821360188
11 9 1 3 0.0001125550821360188
10 8 10 2 -0.00010870764502326683
11 8 10 3 -0.00010870764502326683
10 9 11 2 -0.00010870764502326683
11 9 11 3 -0.00010870764502326683
10 10 2 2 0.010482573270994106
11 10 2 3 0.010482573270994106
10 11 3 2 0.010482573270994106
11 11 3 3 0.010482573270994106
10 10 8 2 -0.00010870764502326683
11 10 8 3 -0.00010870764502326683
10 11 9 2 -0.00010870764502326683
11 11 9 3 -0.00010870764502326683
10 0 4 4 0.010269415350798845
11 0 4 5 0.010269415350798845
10 1 5 4 0.010269415350798845
11 1 5 5 0.010269415350798845
10 0 6 4 0.0001125550823414108
11 0 6 5 0.0001125550823414108
10 1 7 4 0.0001125550823414108
11 1 7 5 0.0001125550823414108
10 4 0 4 0.010269415350798845
11 4 0 5 0.010269415350798845
10 5 1 4 0.010269415350798845
11 5 1 5 0.010269415350798845
10 4 10 4 0.010482573270994104
11 4 10 5 0.010482573270994104
10 5 11 4 0.010482573270994104
11 5 11 5 0.010482573270994104
10 6 0 4 0.0001125550823414108
11 6 0 5 0.0001125550823414108
10 7 1 4 0.0001125550823414108
11 7 1 5 0.0001125550823414108
10 6 10 4 -0.00010870764481361966
11 6 10 5 -0.00010870764481361966
10 7 11 4 -0.00010870764481361966
11 7 11 5 -0.00010870764481361966
10 10 4 4 0.010482573270994106
11 10 4 5 0.010482573270994106
10 11 5 4 0.010482573270994106
11 11 5 5 0.010482573270994106
10 10 6 4 -0.00010870764481361966
11 10 6 5 -0.00010870764481361966
10 11 7 4 -0.00010870764481361966
11 11 7 5 -0.00010870764481361966
10 0 4 6 -0.00011255510850245533
11 0 4 7 -0.00011255510850245533
10 1 5 6 -0.00011255510850245533
11 1 5 7 -0.00011255510850245533
10 0 6 6 -0.010269415587373518
11 0 6 7 -0.010269415587373518
10 1 7 6 -0.010269415587373518
11 1 7 7 -0.010269415587373518
10 4 0 6 -0.00011255510850245531
11 4 0 7 -0.00011255510850245531
10 5 1 6 -0.00011255510850245531
11 5 1 7 -0.00011255510850245531
10 4 10 6 -0.00010870764481361966
11 4 10 7 -0.00010870764481361966
10 5 11 6 -0.00010870764481361966
11 5 11 7 -0.00010870764481361966
10 6 0 6 -0.010269415587373518
11 6 0 7 -0.010269415587373518
10 7 1 6 -0.010269415587373518
11 7 1 7 -0.010269415587373518
10 6 10 6 0.010482574865421956
11 6 10 7 0.010482574865421956
10 7 11 6 0.010482574865421956
11 7 11 7 0.010482574865421956
10 10 4 6 -0.00010870764481361967
11 10 4 7 -0.00010870764481361967
10 11 5 6 -0.00010870764481361967
11 11 5 7 -0.00010870764481361967
10 10 6 6 0.010482574865421956
11 10 6 7 0.010482574865421956
10 11 7 6 0.010482574865421956
11 11 7 7 0.010482574865421956
10 0 2 8 -0.00011255510870783923
11 0 2 9 -0.00011255510870783923
10 1 3 8 -0.00011255510870783923
11 1 3 9 -0.00011255510870783923
10 0 8 8 -0.010269415587372776
11 0 8 9 -0.010269415587372776
10 1 9 8 -0.010269415587372776
11 1 9 9 -0.010269415587372776
10 2 0 8 -0.00011255510870783921
11 2 0 9 -0.00011255510870783921
10 3 1 8 -0.00011255510870783921
11 3 1 9 -0.00011255510870783921
10 2 10 8 -0.00010870764502326686
11 2 10 9 -0.00010870764502326686
10 3 11 8 -0.00010870764502326686
11 3 11 9 -0.00010870764502326686
10 8 0 8 -0.010269415587372776
11 8 0 9 -0.010269415587372776
10 9 1 8 -0.010269415587372776
11 9 1 9 -0.010269415587372776
10 8 10 8 0.010482574865425547
11 8 10 9 0.010482574865425547
10 9 11 8 0.010482574865425547
11 9 11 9 0.010482574865425547
10 10 2 8 -0.00010870764502326686
11 10 2 9 -0.00010870764502326686
10 11 3 8 -0.00010870764502326686
11 11 3 9 -0.00010870764502326686
10 10 8 8 0.010482574865425547
11 10 8 9 0.010482574865425547
10 11 9 8 0.010482574865425547
11 11 9 9 0.010482574865425547
10 0 0 10 0.2409141762966921
11 0 0 11 0.2409141762966921
10 1 1 10 0.2409141762966921
11 1 1 11 0.2409141762966921
10 0 10 10 -6.479720926488852e-09
11 0 10 11 -6.479720926488852e-09
10 1 11 10 -6.479720926488852e-09
11 1 11 11 -6.479720926488852e-09
10 2 2 10 0.2193889685536638
11 2 2 11 0.2193889685536638
10 3 3 10 0.2193889685536638
11 3 3 11 0.2193889685536638
10 2 8 10 -0.00015212107820321063
11 2 8 11 -0.00015212107820321063
10 3 9 10 -0.00015212107820321063
11 3 9 11 -0.00015212107820321063
10 4 4 10 0.2193889685536638
11 4 4 11 0.2193889685536638
10 5 5 10 0.2193889685536638
11 5 5 11 0.2193889685536638
10 4 6 10 -0.00015212107381544382
11 4 6 11 -0.00015212107381544382
10 5 7 10 -0.00015212107381544382
11 5 7 11 -0.00015212107381544382
10 6 4 10 -0.00015212107381544382
11 6 4 11 -0.00015212107381544382
10 7 5 10 -0.00015212107381544382
11 7 5 11 -0.00015212107381544382
10 6 6 10 0.21938896886631923
11 6 6 11 0.21938896886631923
10 7 7 10 0.21938896886631923
11 7 7 11 0.21938896886631923
10 8 2 10 -0.00015212107820321063
11 8 2 11 -0.00015212107820321063
10 9 3 10 -0.00015212107820321063
11 9 3 11 -0.00015212107820321063
10 8 8 10 0.21938896886630946
11 8 8 11 0.21938896886630946
10 9 9 10 0.21938896886630946
11 9 9 11 0.21938896886630946
10 10 0 10 -6.479720884855489e-09
11 10 0 11 -6.479720884855489e-09
10 11 1 10 -6.479720884855489e-09
11 11 1 11 -6.479720884855489e-09
10 10 10 10 0.24394297205643417
11 10 10 11 0.24394297205643417
10 11 11 10 0.24394297205643417
11 11 11 11 0.24394297205643417
