-97.31299213370605
0 0 -3.0951597314498462
1 1 -3.0951597314498462
0 10 -1.7196900021360095e-07
1 11 -1.7196900021360095e-07
2 2 -2.7447090762565454
3 3 -2.7447090762565454
2 8 -0.06486747260643468
3 9 -0.06486747260643468
4 4 -2.7447090762565454
5 5 -2.7447090762565454
4 6 -0.06486747260643468
5 7 -0.06486747260643468
6 4 -0.06486747260643466
7 5 -0.06486747260643466
6 6 -2.744709244234257
7 7 -2.744709244234257
8 2 -0.06486747260643466
9 3 -0.06486747260643466
8 8 -2.744709244234257
9 9 -2.744709244234257
10 0 -1.7196899962856546e-07
11 1 -1.7196899962856546e-07
10 10 -2.6724810259087484
11 11 -2.6724810259087484
0 0 0 0 0.2985803962114714
1 0 0 1 0.2985803962114714
0 1 1 0 0.2985803962114714
1 1 1 1 0.2985803962114714
0 0 10 0 1.964636882345605e-08
1 0 10 1 1.964636882345605e-08
0 1 11 0 1.964636882345605e-08
1 1 11 1 1.964636882345605e-08
0 2 2 0 0.25634715486565496
1 2 2 1 0.25634715486565496
0 3 3 0 0.25634715486565496
1 3 3 1 0.25634715486565496
0 2 8 0 0.00019017948297212877
1 2 8 1 0.00019017948297212877
0 3 9 0 0.00019017948297212877
1 3 9 1 0.00019017948297212877
0 4 4 0 0.25634715486565496
1 4 4 1 0.25634715486565496
0 5 5 0 0.25634715486565496
1 5 5 1 0.25634715486565496
0 4 6 0 0.00019017948297212877
1 4 6 1 0.00019017948297212877
0 5 7 0 0.00019017948297212877
1 5 7 1 0.00019017948297212877
0 6 4 0 0.00019017948297212877
1 6 4 1 0.00019017948297212877
0 7 5 0 0.00019017948297212877
1 7 5 1 0.00019017948297212877
0 6 6 0 0.2563471759316418
1 6 6 1 0.2563471759316418
0 7 7 0 0.2563471759316418
1 7 7 1 0.2563471759316418
0 8 2 0 0.00019017948297212877
1 8 2 1 0.00019017948297212877
0 9 3 0 0.00019017948297212877
1 9 3 1 0.00019017948297212877
0 8 8 0 0.2563471759316418
1 8 8 1 0.2563471759316418
0 9 9 0 0.2563471759316418
1 9 9 1 0.2563471759316418
0 10 0 0 1.9646368865089414e-08
1 10 0 1 1.9646368865089414e-08
0 11 1 0 1.9646368865089414e-08
1 11 1 1 1.9646368865089414e-08
0 10 10 0 0.30355699363936556
1 10 10 1 0.30355699363936556
0 11 11 0 0.30355699363936556
1 11 11 1 0.30355699363936556
0 0 2 2 0.011113587101267242
1 0 2 3 0.011113587101267242
0 1 3 2 0.011113587101267242
1 1 3 3 0.011113587101267242
0 0 8 2 0.0023055848710885375
1 0 8 3 0.0023055848710885375
0 1 9 2 0.0023055848710885375
1 1 9 3 0.0023055848710885375
0 2 0 2 0.011113587101267242
1 2 0 3 0.011113587101267242
0 3 1 2 0.011113587101267242
1 3 1 3 0.011113587101267242
0 2 10 2 0.011203327824190404
1 2 10 3 0.011203327824190404
0 3 11 2 0.011203327824190404
1 3 11 3 0.011203327824190404
0 8 0 2 0.0023055848710885367
1 8 0 3 0.0023055848710885367
0 9 1 2 0.0023055848710885367
1 9 1 3 0.0023055848710885367
0 8 10 2 -0.001763407217371585
1 8 10 3 -0.001763407217371585
0 9 11 2 -0.001763407217371585
1 9 11 3 -0.001763407217371585
0 10 2 2 0.011203327824190402
1 10 2 3 0.011203327824190402
0 11 3 2 0.011203327824190402
1 11 3 3 0.011203327824190402
0 10 8 2 -0.0017634072173715847
1 10 8 3 -0.0017634072173715847
0 11 9 2 -0.0017634072173715847
1 11 9 3 -0.0017634072173715847
0 0 4 4 0.011113587101267242
1 0 4 5 0.011113587101267242
0 1 5 4 0.011113587101267242
1 1 5 5 0.011113587101267242
0 0 6 4 0.0023055848710885375
1 0 6 5 0.0023055848710885375
0 1 7 4 0.0023055848710885375
1 1 7 5 0.0023055848710885375
0 4 0 4 0.011113587101267242
1 4 0 5 0.011113587101267242
0 5 1 4 0.011113587101267242
1 5 1 5 0.011113587101267242
0 4 10 4 0.011203327824190404
1 4 10 5 0.011203327824190404
0 5 11 4 0.011203327824190404
1 5 11 5 0.011203327824190404
0 6 0 4 0.0023055848710885367
1 6 0 5 0.0023055848710885367
0 7 1 4 0.0023055848710885367
1 7 1 5 0.0023055848710885367
0 6 10 4 -0.001763407217371585
1 6 10 5 -0.001763407217371585
0 7 11 4 -0.001763407217371585
1 7 11 5 -0.001763407217371585
0 10 4 4 0.011203327824190402
1 10 4 5 0.011203327824190402
0 11 5 4 0.011203327824190402
1 11 5 5 0.011203327824190402
0 10 6 4 -0.0017634072173715847
1 10 6 5 -0.0017634072173715847
0 11 7 4 -0.0017634072173715847
1 11 7 5 -0.0017634072173715847
0 0 4 6 0.002305584871088537
1 0 4 7 0.002305584871088537
0 1 5 6 0.002305584871088537
1 1 5 7 0.002305584871088537
0 0 6 6 0.011113583233890277
1 0 6 7 0.011113583233890277
0 1 7 6 0.011113583233890277
1 1 7 7 0.011113583233890277
0 4 0 6 0.0023055848710885367
1 4 0 7 0.0023055848710885367
0 5 1 6 0.0023055848710885367
1 5 1 7 0.0023055848710885367
0 4 10 6 0.0017634061806194052
1 4 10 7 0.0017634061806194052
0 5 11 6 0.0017634061806194052
1 5 11 7 0.0017634061806194052
0 6 0 6 0.011113583233890275
1 6 0 7 0.011113583233890275
0 7 1 6 0.011113583233890275
1 7 1 7 0.011113583233890275
0 6 10 6 -0.011203319235665369
1 6 10 7 -0.011203319235665369
0 7 11 6 -0.011203319235665369
1 7 11 7 -0.011203319235665369
0 10 4 6 0.0017634061806194048
1 10 4 7 0.0017634061806194048
0 11 5 6 0.0017634061806194048
1 11 5 7 0.0017634061806194048
0 10 6 6 -0.011203319235665369
1 10 6 7 -0.011203319235665369
0 11 7 6 -0.011203319235665369
1 11 7 7 -0.011203319235665369
0 0 2 8 0.002305584871088537
1 0 2 9 0.002305584871088537
0 1 3 8 0.002305584871088537
1 1 3 9 0.002305584871088537
0 0 8 8 0.011113583233890277
1 0 8 9 0.011113583233890277
0 1 9 8 0.011113583233890277
1 1 9 9 0.011113583233890277
0 2 0 8 0.0023055848710885367
1 2 0 9 0.0023055848710885367
0 3 1 8 0.0023055848710885367
1 3 1 9 0.0023055848710885367
0 2 10 8 0.0017634061806194052
1 2 10 9 0.0017634061806194052
0 3 11 8 0.0017634061806194052
1 3 11 9 0.0017634061806194052
0 8 0 8 0.011113583233890275
1 8 0 9 0.011113583233890275
0 9 1 8 0.011113583233890275
1 9 1 9 0.011113583233890275
0 8 10 8 -0.011203319235665369
1 8 10 9 -0.011203319235665369
0 9 11 8 -0.011203319235665369
1 9 11 9 -0.011203319235665369
0 10 2 8 0.0017634061806194048
1 10 2 9 0.0017634061806194048
0 11 3 8 0.0017634061806194048
1 11 3 9 0.0017634061806194048
0 10 8 8 -0.011203319235665369
1 10 8 9 -0.011203319235665369
0 11 9 8 -0.011203319235665369
1 11 9 9 -0.011203319235665369
0 0 0 10 1.964636882345605e-08
1 0 0 11 1.964636882345605e-08
0 1 1 10 1.964636882345605e-08
1 1 1 11 1.964636882345605e-08
0 0 10 10 0.09997183748990865
1 0 10 11 0.09997183748990865
0 1 11 10 0.09997183748990865
1 1 11 11 0.09997183748990865
0 2 2 10 0.08820084435090018
1 2 2 11 0.08820084435090018
0 3 3 10 0.08820084435090018
1 3 3 11 0.08820084435090018
0 4 4 10 0.08820084435090018
1 4 4 11 0.08820084435090018
0 5 5 10 0.08820084435090018
1 5 5 11 0.08820084435090018
0 6 6 10 -0.0882008007043795
1 6 6 11 -0.0882008007043795
0 7 7 10 -0.0882008007043795
1 7 7 11 -0.0882008007043795
0 8 8 10 -0.0882008007043795
1 8 8 11 -0.0882008007043795
0 9 9 10 -0.0882008007043795
1 9 9 11 -0.0882008007043795
0 10 0 10 0.09997183748990868
1 10 0 11 0.09997183748990868
0 11 1 10 0.09997183748990868
1 11 1 11 0.09997183748990868
0 10 10 10 2.8610983610066754e-08
1 10 10 11 2.8610983610066754e-08
0 11 11 10 2.8610983610066754e-08
1 11 11 11 2.8610983610066754e-08
2 0 2 0 0.011113587101267242
3 0 2 1 0.011113587101267242
2 1 3 0 0.011113587101267242
3 1 3 1 0.011113587101267242
2 0 8 0 0.0023055848710885375
3 0 8 1 0.0023055848710885375
2 1 9 0 0.0023055848710885375
3 1 9 1 0.0023055848710885375
2 2 0 0 0.011113587101267244
3 2 0 1 0.011113587101267244
2 3 1 0 0.011113587101267244
3 3 1 1 0.011113587101267244
2 2 10 0 0.011203327824190404
3 2 10 1 0.011203327824190404
2 3 11 0 0.011203327824190404
3 3 11 1 0.011203327824190404
2 8 0 0 0.0023055848710885367
3 8 0 1 0.0023055848710885367
2 9 1 0 0.0023055848710885367
3 9 1 1 0.0023055848710885367
2 8 10 0 -0.0017634072173715852
3 8 10 1 -0.0017634072173715852
2 9 11 0 -0.0017634072173715852
3 9 11 1 -0.0017634072173715852
2 10 2 0 0.011203327824190402
3 10 2 1 0.011203327824190402
2 11 3 0 0.011203327824190402
3 11 3 1 0.011203327824190402
2 10 8 0 -0.0017634072173715847
3 10 8 1 -0.0017634072173715847
2 11 9 0 -0.0017634072173715847
3 11 9 1 -0.0017634072173715847
2 0 0 2 0.2563471548656548
3 0 0 3 0.2563471548656548
2 1 1 2 0.2563471548656548
3 1 1 3 0.2563471548656548
2 0 10 2 0.08820084435090021
3 0 10 3 0.08820084435090021
2 1 11 2 0.08820084435090021
3 1 11 3 0.08820084435090021
2 2 2 2 0.38286714019353396
3 2 2 3 0.38286714019353396
2 3 3 2 0.38286714019353396
3 3 3 3 0.38286714019353396
2 2 8 2 -0.0021261460454400334
3 2 8 3 -0.0021261460454400334
2 3 9 2 -0.0021261460454400334
3 3 9 3 -0.0021261460454400334
2 4 4 2 0.34147314453136884
3 4 4 3 0.34147314453136884
2 5 5 2 0.34147314453136884
3 5 5 3 0.34147314453136884
2 4 6 2 -0.0016428043412641492
3 4 6 3 -0.0016428043412641492
2 5 7 2 -0.0016428043412641492
3 5 7 3 -0.0016428043412641492
2 6 4 2 -0.00164280434126415
3 6 4 3 -0.00164280434126415
2 7 5 2 -0.00164280434126415
3 7 5 3 -0.00164280434126415
2 6 6 2 0.15138546422007637
3 6 6 3 0.15138546422007637
2 7 7 2 0.15138546422007637
3 7 7 3 0.15138546422007637
2 8 2 2 -0.0021261460454400317
3 8 2 3 -0.0021261460454400317
2 9 3 2 -0.0021261460454400317
3 9 3 3 -0.0021261460454400317
2 8 8 2 0.15288481150653643
3 8 8 3 0.15288481150653643
2 9 9 2 0.15288481150653643
3 9 9 3 0.15288481150653643
2 10 0 2 0.08820084435090017
3 10 0 3 0.08820084435090017
2 11 1 2 0.08820084435090017
3 11 1 3 0.08820084435090017
2 10 10 2 0.2682864649018381
3 10 10 3 0.2682864649018381
2 11 11 2 0.2682864649018381
3 11 11 3 0.2682864649018381
2 2 4 4 0.020696997577579715
3 2 4 5 0.020696997577579715
2 3 5 4 0.020696997577579715
3 3 5 5 0.020696997577579715
2 2 6 4 -0.00024167083985667927
3 2 6 5 -0.00024167083985667927
2 3 7 4 -0.00024167083985667927
3 3 7 5 -0.00024167083985667927
2 4 2 4 0.020696997577579715
3 4 2 5 0.020696997577579715
2 5 3 4 0.020696997577579715
3 5 3 5 0.020696997577579715
2 4 8 4 -0.00024167083985667927
3 4 8 5 -0.00024167083985667927
2 5 9 4 -0.00024167083985667927
3 5 9 5 -0.00024167083985667927
2 6 2 4 -0.00024167083985667927
3 6 2 5 -0.00024167083985667927
2 7 3 4 -0.00024167083985667927
3 7 3 5 -0.00024167083985667927
2 6 8 4 0.0007496736420551638
3 6 8 5 0.0007496736420551638
2 7 9 4 0.0007496736420551638
3 7 9 5 0.0007496736420551638
2 8 4 4 -0.00024167083985667927
3 8 4 5 -0.00024167083985667927
2 9 5 4 -0.00024167083985667927
3 9 5 5 -0.00024167083985667927
2 8 6 4 0.0007496736420551638
3 8 6 5 0.0007496736420551638
2 9 7 4 0.0007496736420551638
3 9 7 5 0.0007496736420551638
2 2 4 6 -0.00024167083985667927
3 2 4 7 -0.00024167083985667927
2 3 5 6 -0.00024167083985667927
3 3 5 7 -0.00024167083985667927
2 2 6 6 7.653970969291017e-05
3 2 6 7 7.653970969291017e-05
2 3 7 6 7.653970969291017e-05
3 3 7 7 7.653970969291017e-05
2 4 2 6 -0.00024167083985667927
3 4 2 7 -0.00024167083985667927
2 5 3 6 -0.00024167083985667927
3 5 3 7 -0.00024167083985667927
2 4 8 6 7.653970969291017e-05
3 4 8 7 7.653970969291017e-05
2 5 9 6 7.653970969291017e-05
3 5 9 7 7.653970969291017e-05
2 6 2 6 7.653970969291017e-05
3 6 2 7 7.653970969291017e-05
2 7 3 6 7.653970969291017e-05
3 7 3 7 7.653970969291017e-05
2 6 8 6 -0.00024167083985667925
3 6 8 7 -0.00024167083985667925
2 7 9 6 -0.00024167083985667925
3 7 9 7 -0.00024167083985667925
2 8 4 6 7.653970969291017e-05
3 8 4 7 7.653970969291017e-05
2 9 5 6 7.653970969291017e-05
3 9 5 7 7.653970969291017e-05
2 8 6 6 -0.00024167083985667925
3 8 6 7 -0.00024167083985667925
2 9 7 6 -0.00024167083985667925
3 9 7 7 -0.00024167083985667925
2 0 0 8 0.00019017948297212796
3 0 0 9 0.00019017948297212796
2 1 1 8 0.00019017948297212796
3 1 1 9 0.00019017948297212796
2 2 2 8 -0.002126146045440037
3 2 2 9 -0.002126146045440037
2 3 3 8 -0.002126146045440037
3 3 3 9 -0.002126146045440037
2 2 8 8 0.0004877478511226969
3 2 8 9 0.0004877478511226969
2 3 9 8 0.0004877478511226969
3 3 9 9 0.0004877478511226969
2 4 4 8 -0.0016428043412641483
3 4 4 9 -0.0016428043412641483
2 5 5 8 -0.0016428043412641483
3 5 5 9 -0.0016428043412641483
2 4 6 8 0.0003346684293871808
3 4 6 9 0.0003346684293871808
2 5 7 8 0.0003346684293871808
3 5 7 9 0.0003346684293871808
2 6 4 8 0.00033466842938718075
3 6 4 9 0.00033466842938718075
2 7 5 8 0.00033466842938718075
3 7 5 9 0.00033466842938718075
2 6 6 8 -0.00164280434126415
3 6 6 9 -0.00164280434126415
2 7 7 8 -0.00164280434126415
3 7 7 9 -0.00164280434126415
2 8 2 8 0.00048774785112269697
3 8 2 9 0.00048774785112269697
2 9 3 8 0.00048774785112269697
3 9 3 9 0.00048774785112269697
2 8 8 8 -0.0021261460454400326
3 8 8 9 -0.0021261460454400326
2 9 9 8 -0.0021261460454400326
3 9 9 9 -0.0021261460454400326
2 10 10 8 -0.0008934298020231053
3 10 10 9 -0.0008934298020231053
2 11 11 8 -0.0008934298020231053
3 11 11 9 -0.0008934298020231053
2 0 2 10 0.011203327824190404
3 0 2 11 0.011203327824190404
2 1 3 10 0.011203327824190404
3 1 3 11 0.011203327824190404
2 0 8 10 0.0017634061806194043
3 0 8 11 0.0017634061806194043
2 1 9 10 0.0017634061806194043
3 1 9 11 0.0017634061806194043
2 2 0 10 0.011203327824190406
3 2 0 11 0.011203327824190406
2 3 1 10 0.011203327824190406
3 3 1 11 0.011203327824190406
2 2 10 10 0.014082253917846583
3 2 10 11 0.014082253917846583
2 3 11 10 0.014082253917846583
3 3 11 11 0.014082253917846583
2 8 0 10 0.0017634061806194043
3 8 0 11 0.0017634061806194043
2 9 1 10 0.0017634061806194043
3 9 1 11 0.0017634061806194043
2 8 10 10 -0.0010709811458031663
3 8 10 11 -0.0010709811458031663
2 9 11 10 -0.0010709811458031663
3 9 11 11 -0.0010709811458031663
2 10 2 10 0.014082253917846581
3 10 2 11 0.014082253917846581
2 11 3 10 0.014082253917846581
3 11 3 11 0.014082253917846581
2 10 8 10 -0.0010709811458031676
3 10 8 11 -0.0010709811458031676
2 11 9 10 -0.0010709811458031676
3 11 9 11 -0.0010709811458031676
4 0 4 0 0.011113587101267242
5 0 4 1 0.011113587101267242
4 1 5 0 0.011113587101267242
5 1 5 1 0.011113587101267242
4 0 6 0 0.0023055848710885375
5 0 6 1 0.0023055848710885375
4 1 7 0 0.0023055848710885375
5 1 7 1 0.0023055848710885375
4 4 0 0 0.011113587101267244
5 4 0 1 0.011113587101267244
4 5 1 0 0.011113587101267244
5 5 1 1 0.011113587101267244
4 4 10 0 0.011203327824190404
5 4 10 1 0.011203327824190404
4 5 11 0 0.011203327824190404
5 5 11 1 0.011203327824190404
4 6 0 0 0.0023055848710885367
5 6 0 1 0.0023055848710885367
4 7 1 0 0.0023055848710885367
5 7 1 1 0.0023055848710885367
4 6 10 0 -0.0017634072173715852
5 6 10 1 -0.0017634072173715852
4 7 11 0 -0.0017634072173715852
5 7 11 1 -0.0017634072173715852
4 10 4 0 0.011203327824190402
5 10 4 1 0.011203327824190402
4 11 5 0 0.011203327824190402
5 11 5 1 0.011203327824190402
4 10 6 0 -0.0017634072173715847
5 10 6 1 -0.0017634072173715847
4 11 7 0 -0.0017634072173715847
5 11 7 1 -0.0017634072173715847
4 2 4 2 0.020696997577579715
5 2 4 3 0.020696997577579715
4 3 5 2 0.020696997577579715
5 3 5 3 0.020696997577579715
4 2 6 2 -0.00024167083985667927
5 2 6 3 -0.00024167083985667927
4 3 7 2 -0.00024167083985667927
5 3 7 3 -0.00024167083985667927
4 4 2 2 0.020696997577579715
5 4 2 3 0.020696997577579715
4 5 3 2 0.020696997577579715
5 5 3 3 0.020696997577579715
4 4 8 2 -0.00024167083985667927
5 4 8 3 -0.00024167083985667927
4 5 9 2 -0.00024167083985667927
5 5 9 3 -0.00024167083985667927
4 6 2 2 -0.00024167083985667927
5 6 2 3 -0.00024167083985667927
4 7 3 2 -0.00024167083985667927
5 7 3 3 -0.00024167083985667927
4 6 8 2 0.0007496736420551638
5 6 8 3 0.0007496736420551638
4 7 9 2 0.0007496736420551638
5 7 9 3 0.0007496736420551638
4 8 4 2 -0.00024167083985667927
5 8 4 3 -0.00024167083985667927
4 9 5 2 -0.00024167083985667927
5 9 5 3 -0.00024167083985667927
4 8 6 2 0.0007496736420551638
5 8 6 3 0.0007496736420551638
4 9 7 2 0.0007496736420551638
5 9 7 3 0.0007496736420551638
4 0 0 4 0.2563471548656548
5 0 0 5 0.2563471548656548
4 1 1 4 0.2563471548656548
5 1 1 5 0.2563471548656548
4 0 10 4 0.08820084435090021
5 0 10 5 0.08820084435090021
4 1 11 4 0.08820084435090021
5 1 11 5 0.08820084435090021
4 2 2 4 0.34147314453136884
5 2 2 5 0.34147314453136884
4 3 3 4 0.34147314453136884
5 3 3 5 0.34147314453136884
4 2 8 4 -0.0016428043412641492
5 2 8 5 -0.0016428043412641492
4 3 9 4 -0.0016428043412641492
5 3 9 5 -0.0016428043412641492
4 4 4 4 0.38286714019353396
5 4 4 5 0.38286714019353396
4 5 5 4 0.38286714019353396
5 5 5 5 0.38286714019353396
4 4 6 4 -0.0021261460454400334
5 4 6 5 -0.0021261460454400334
4 5 7 4 -0.0021261460454400334
5 5 7 5 -0.0021261460454400334
4 6 4 4 -0.0021261460454400317
5 6 4 5 -0.0021261460454400317
4 7 5 4 -0.0021261460454400317
5 7 5 5 -0.0021261460454400317
4 6 6 4 0.15288481150653643
5 6 6 5 0.15288481150653643
4 7 7 4 0.15288481150653643
5 7 7 5 0.15288481150653643
4 8 2 4 -0.00164280434126415
5 8 2 5 -0.00164280434126415
4 9 3 4 -0.00164280434126415
5 9 3 5 -0.00164280434126415
4 8 8 4 0.15138546422007637
5 8 8 5 0.15138546422007637
4 9 9 4 0.15138546422007637
5 9 9 5 0.15138546422007637
4 10 0 4 0.08820084435090017
5 10 0 5 0.08820084435090017
4 11 1 4 0.08820084435090017
5 11 1 5 0.08820084435090017
4 10 10 4 0.2682864649018381
5 10 10 5 0.2682864649018381
4 11 11 4 0.2682864649018381
5 11 11 5 0.2682864649018381
4 0 0 6 0.00019017948297212796
5 0 0 7 0.00019017948297212796
4 1 1 6 0.00019017948297212796
5 1 1 7 0.00019017948297212796
4 2 2 6 -0.0016428043412641483
5 2 2 7 -0.0016428043412641483
4 3 3 6 -0.0016428043412641483
5 3 3 7 -0.0016428043412641483
4 2 8 6 0.0003346684293871808
5 2 8 7 0.0003346684293871808
4 3 9 6 0.0003346684293871808
5 3 9 7 0.0003346684293871808
4 4 4 6 -0.002126146045440037
5 4 4 7 -0.002126146045440037
4 5 5 6 -0.002126146045440037
5 5 5 7 -0.002126146045440037
4 4 6 6 0.0004877478511226969
5 4 6 7 0.0004877478511226969
4 5 7 6 0.0004877478511226969
5 5 7 7 0.0004877478511226969
4 6 4 6 0.00048774785112269697
5 6 4 7 0.00048774785112269697
4 7 5 6 0.00048774785112269697
5 7 5 7 0.00048774785112269697
4 6 6 6 -0.0021261460454400326
5 6 6 7 -0.0021261460454400326
4 7 7 6 -0.0021261460454400326
5 7 7 7 -0.0021261460454400326
4 8 2 6 0.00033466842938718075
5 8 2 7 0.00033466842938718075
4 9 3 6 0.00033466842938718075
5 9 3 7 0.00033466842938718075
4 8 8 6 -0.00164280434126415
5 8 8 7 -0.00164280434126415
4 9 9 6 -0.00164280434126415
5 9 9 7 -0.00164280434126415
4 10 10 6 -0.0008934298020231053
5 10 10 7 -0.0008934298020231053
4 11 11 6 -0.0008934298020231053
5 11 11 7 -0.0008934298020231053
4 2 4 8 -0.00024167083985667927
5 2 4 9 -0.00024167083985667927
4 3 5 8 -0.00024167083985667927
5 3 5 9 -0.00024167083985667927
4 2 6 8 7.653970969291017e-05
5 2 6 9 7.653970969291017e-05
4 3 7 8 7.653970969291017e-05
5 3 7 9 7.653970969291017e-05
4 4 2 8 -0.00024167083985667927
5 4 2 9 -0.00024167083985667927
4 5 3 8 -0.00024167083985667927
5 5 3 9 -0.00024167083985667927
4 4 8 8 7.653970969291017e-05
5 4 8 9 7.653970969291017e-05
4 5 9 8 7.653970969291017e-05
5 5 9 9 7.653970969291017e-05
4 6 2 8 7.653970969291017e-05
5 6 2 9 7.653970969291017e-05
4 7 3 8 7.653970969291017e-05
5 7 3 9 7.653970969291017e-05
4 6 8 8 -0.00024167083985667925
5 6 8 9 -0.00024167083985667925
4 7 9 8 -0.00024167083985667925
5 7 9 9 -0.00024167083985667925
4 8 4 8 7.653970969291017e-05
5 8 4 9 7.653970969291017e-05
4 9 5 8 7.653970969291017e-05
5 9 5 9 7.653970969291017e-05
4 8 6 8 -0.00024167083985667925
5 8 6 9 -0.00024167083985667925
4 9 7 8 -0.00024167083985667925
5 9 7 9 -0.00024167083985667925
4 0 4 10 0.011203327824190404
5 0 4 11 0.011203327824190404
4 1 5 10 0.011203327824190404
5 1 5 11 0.011203327824190404
4 0 6 10 0.0017634061806194043
5 0 6 11 0.0017634061806194043
4 1 7 10 0.0017634061806194043
5 1 7 11 0.0017634061806194043
4 4 0 10 0.011203327824190406
5 4 0 11 0.011203327824190406
4 5 1 10 0.011203327824190406
5 5 1 11 0.011203327824190406
4 4 10 10 0.014082253917846583
5 4 10 11 0.014082253917846583
4 5 11 10 0.014082253917846583
5 5 11 11 0.014082253917846583
4 6 0 10 0.0017634061806194043
5 6 0 11 0.0017634061806194043
4 7 1 10 0.0017634061806194043
5 7 1 11 0.0017634061806194043
4 6 10 10 -0.0010709811458031663
5 6 10 11 -0.0010709811458031663
4 7 11 10 -0.0010709811458031663
5 7 11 11 -0.0010709811458031663
4 10 4 10 0.014082253917846581
5 10 4 11 0.014082253917846581
4 11 5 10 0.014082253917846581
5 11 5 11 0.014082253917846581
4 10 6 10 -0.0010709811458031676
5 10 6 11 -0.0010709811458031676
4 11 7 10 -0.0010709811458031676
5 11 7 11 -0.0010709811458031676
6 0 4 0 0.0023055848710885367
7 0 4 1 0.0023055848710885367
6 1 5 0 0.0023055848710885367
7 1 5 1 0.0023055848710885367
6 0 6 0 0.011113583233890273
7 0 6 1 0.011113583233890273
6 1 7 0 0.011113583233890273
7 1 7 1 0.011113583233890273
6 4 0 0 0.0023055848710885367
7 4 0 1 0.0023055848710885367
6 5 1 0 0.0023055848710885367
7 5 1 1 0.0023055848710885367
6 4 10 0 0.0017634061806194048
7 4 10 1 0.0017634061806194048
6 5 11 0 0.0017634061806194048
7 5 11 1 0.0017634061806194048
6 6 0 0 0.011113583233890273
7 6 0 1 0.011113583233890273
6 7 1 0 0.011113583233890273
7 7 1 1 0.011113583233890273
6 6 10 0 -0.011203319235665369
7 6 10 1 -0.011203319235665369
6 7 11 0 -0.011203319235665369
7 7 11 1 -0.011203319235665369
6 10 4 0 0.0017634061806194048
7 10 4 1 0.0017634061806194048
6 11 5 0 0.0017634061806194048
7 11 5 1 0.0017634061806194048
6 10 6 0 -0.011203319235665369
7 10 6 1 -0.011203319235665369
6 11 7 0 -0.011203319235665369
7 11 7 1 -0.011203319235665369
6 2 4 2 -0.00024167083985667925
7 2 4 3 -0.00024167083985667925
6 3 5 2 -0.00024167083985667925
7 3 5 3 -0.00024167083985667925
6 2 6 2 7.653970969291017e-05
7 2 6 3 7.653970969291017e-05
6 3 7 2 7.653970969291017e-05
7 3 7 3 7.653970969291017e-05
6 4 2 2 -0.00024167083985667925
7 4 2 3 -0.00024167083985667925
6 5 3 2 -0.00024167083985667925
7 5 3 3 -0.00024167083985667925
6 4 8 2 7.653970969291017e-05
7 4 8 3 7.653970969291017e-05
6 5 9 2 7.653970969291017e-05
7 5 9 3 7.653970969291017e-05
6 6 2 2 7.653970969291017e-05
7 6 2 3 7.653970969291017e-05
6 7 3 2 7.653970969291017e-05
7 7 3 3 7.653970969291017e-05
6 6 8 2 -0.00024167083985667927
7 6 8 3 -0.00024167083985667927
6 7 9 2 -0.00024167083985667927
7 7 9 3 -0.00024167083985667927
6 8 4 2 7.653970969291017e-05
7 8 4 3 7.653970969291017e-05
6 9 5 2 7.653970969291017e-05
7 9 5 3 7.653970969291017e-05
6 8 6 2 -0.00024167083985667927
7 8 6 3 -0.00024167083985667927
6 9 7 2 -0.00024167083985667927
7 9 7 3 -0.00024167083985667927
6 0 0 4 0.00019017948297212796
7 0 0 5 0.00019017948297212796
6 1 1 4 0.00019017948297212796
7 1 1 5 0.00019017948297212796
6 2 2 4 -0.00164280434126415
7 2 2 5 -0.00164280434126415
6 3 3 4 -0.00164280434126415
7 3 3 5 -0.00164280434126415
6 2 8 4 0.00033466842938718075
7 2 8 5 0.00033466842938718075
6 3 9 4 0.00033466842938718075
7 3 9 5 0.00033466842938718075
6 4 4 4 -0.0021261460454400326
7 4 4 5 -0.0021261460454400326
6 5 5 4 -0.0021261460454400326
7 5 5 5 -0.0021261460454400326
6 4 6 4 0.00048774785112269697
7 4 6 5 0.00048774785112269697
6 5 7 4 0.00048774785112269697
7 5 7 5 0.00048774785112269697
6 6 4 4 0.0004877478511226969
7 6 4 5 0.0004877478511226969
6 7 5 4 0.0004877478511226969
7 7 5 5 0.0004877478511226969
6 6 6 4 -0.002126146045440037
7 6 6 5 -0.002126146045440037
6 7 7 4 -0.002126146045440037
7 7 7 5 -0.002126146045440037
6 8 2 4 0.0003346684293871808
7 8 2 5 0.0003346684293871808
6 9 3 4 0.0003346684293871808
7 9 3 5 0.0003346684293871808
6 8 8 4 -0.0016428043412641483
7 8 8 5 -0.0016428043412641483
6 9 9 4 -0.0016428043412641483
7 9 9 5 -0.0016428043412641483
6 10 10 4 -0.0008934298020231036
7 10 10 5 -0.0008934298020231036
6 11 11 4 -0.0008934298020231036
7 11 11 5 -0.0008934298020231036
6 0 0 6 0.25634717593164175
7 0 0 7 0.25634717593164175
6 1 1 6 0.25634717593164175
7 1 1 7 0.25634717593164175
6 0 10 6 -0.0882008007043795
7 0 10 7 -0.0882008007043795
6 1 11 6 -0.0882008007043795
7 1 11 7 -0.0882008007043795
6 2 2 6 0.15138546422007637
7 2 2 7 0.15138546422007637
6 3 3 6 0.15138546422007637
7 3 3 7 0.15138546422007637
6 2 8 6 -0.00164280434126415
7 2 8 7 -0.00164280434126415
6 3 9 6 -0.00164280434126415
7 3 9 7 -0.00164280434126415
6 4 4 6 0.15288481150653643
7 4 4 7 0.15288481150653643
6 5 5 6 0.15288481150653643
7 5 5 7 0.15288481150653643
6 4 6 6 -0.0021261460454400317
7 4 6 7 -0.0021261460454400317
6 5 7 6 -0.0021261460454400317
7 5 7 7 -0.0021261460454400317
6 6 4 6 -0.0021261460454400334
7 6 4 7 -0.0021261460454400334
6 7 5 6 -0.0021261460454400334
7 7 5 7 -0.0021261460454400334
6 6 6 6 0.38286714019353396
7 6 6 7 0.38286714019353396
6 7 7 6 0.38286714019353396
7 7 7 7 0.38286714019353396
6 8 2 6 -0.0016428043412641492
7 8 2 7 -0.0016428043412641492
6 9 3 6 -0.0016428043412641492
7 9 3 7 -0.0016428043412641492
6 8 8 6 0.34147314453136884
7 8 8 7 0.34147314453136884
6 9 9 6 0.34147314453136884
7 9 9 7 0.34147314453136884
6 10 0 6 -0.08820080070437948
7 10 0 7 -0.08820080070437948
6 11 1 6 -0.08820080070437948
7 11 1 7 -0.08820080070437948
6 10 10 6 0.26828646490183816
7 10 10 7 0.26828646490183816
6 11 11 6 0.26828646490183816
7 11 11 7 0.26828646490183816
6 2 4 8 0.0007496736420551638
7 2 4 9 0.0007496736420551638
6 3 5 8 0.0007496736420551638
7 3 5 9 0.0007496736420551638
6 2 6 8 -0.00024167083985667927
7 2 6 9 -0.00024167083985667927
6 3 7 8 -0.00024167083985667927
7 3 7 9 -0.00024167083985667927
6 4 2 8 0.0007496736420551638
7 4 2 9 0.0007496736420551638
6 5 3 8 0.0007496736420551638
7 5 3 9 0.0007496736420551638
6 4 8 8 -0.00024167083985667927
7 4 8 9 -0.00024167083985667927
6 5 9 8 -0.00024167083985667927
7 5 9 9 -0.00024167083985667927
6 6 2 8 -0.00024167083985667927
7 6 2 9 -0.00024167083985667927
6 7 3 8 -0.00024167083985667927
7 7 3 9 -0.00024167083985667927
6 6 8 8 0.020696997577579715
7 6 8 9 0.020696997577579715
6 7 9 8 0.020696997577579715
7 7 9 9 0.020696997577579715
6 8 4 8 -0.00024167083985667927
7 8 4 9 -0.00024167083985667927
6 9 5 8 -0.00024167083985667927
7 9 5 9 -0.00024167083985667927
6 8 6 8 0.020696997577579715
7 8 6 9 0.020696997577579715
6 9 7 8 0.020696997577579715
7 9 7 9 0.020696997577579715
6 0 4 10 -0.0017634072173715852
7 0 4 11 -0.0017634072173715852
6 1 5 10 -0.0017634072173715852
7 1 5 11 -0.0017634072173715852
6 0 6 10 -0.011203319235665369
7 0 6 11 -0.011203319235665369
6 1 7 10 -0.011203319235665369
7 1 7 11 -0.011203319235665369
6 4 0 10 -0.0017634072173715854
7 4 0 11 -0.0017634072173715854
6 5 1 10 -0.0017634072173715854
7 5 1 11 -0.0017634072173715854
6 4 10 10 -0.0010709811458031668
7 4 10 11 -0.0010709811458031668
6 5 11 10 -0.0010709811458031668
7 5 11 11 -0.0010709811458031668
6 6 0 10 -0.011203319235665367
7 6 0 11 -0.011203319235665367
6 7 1 10 -0.011203319235665367
7 7 1 11 -0.011203319235665367
6 6 10 10 0.014082253917846581
7 6 10 11 0.014082253917846581
6 7 11 10 0.014082253917846581
7 7 11 11 0.014082253917846581
6 10 4 10 -0.001070981145803168
7 10 4 11 -0.001070981145803168
6 11 5 10 -0.001070981145803168
7 11 5 11 -0.001070981145803168
6 10 6 10 0.014082253917846581
7 10 6 11 0.014082253917846581
6 11 7 10 0.014082253917846581
7 11 7 11 0.014082253917846581
8 0 2 0 0.0023055848710885367
9 0 2 1 0.0023055848710885367
8 1 3 0 0.0023055848710885367
9 1 3 1 0.0023055848710885367
8 0 8 0 0.011113583233890273
9 0 8 1 0.011113583233890273
8 1 9 0 0.011113583233890273
9 1 9 1 0.011113583233890273
8 2 0 0 0.0023055848710885367
9 2 0 1 0.0023055848710885367
8 3 1 0 0.0023055848710885367
9 3 1 1 0.0023055848710885367
8 2 10 0 0.0017634061806194048
9 2 10 1 0.0017634061806194048
8 3 11 0 0.0017634061806194048
9 3 11 1 0.0017634061806194048
8 8 0 0 0.011113583233890273
9 8 0 1 0.011113583233890273
8 9 1 0 0.011113583233890273
9 9 1 1 0.011113583233890273
8 8 10 0 -0.011203319235665369
9 8 10 1 -0.011203319235665369
8 9 11 0 -0.011203319235665369
9 9 11 1 -0.011203319235665369
8 10 2 0 0.0017634061806194048
9 10 2 1 0.0017634061806194048
8 11 3 0 0.0017634061806194048
9 11 3 1 0.0017634061806194048
8 10 8 0 -0.011203319235665369
9 10 8 1 -0.011203319235665369
8 11 9 0 -0.011203319235665369
9 11 9 1 -0.011203319235665369
8 0 0 2 0.00019017948297212796
9 0 0 3 0.00019017948297212796
8 1 1 2 0.00019017948297212796
9 1 1 3 0.00019017948297212796
8 2 2 2 -0.0021261460454400326
9 2 2 3 -0.0021261460454400326
8 3 3 2 -0.0021261460454400326
9 3 3 3 -0.0021261460454400326
8 2 8 2 0.00048774785112269697
9 2 8 3 0.00048774785112269697
8 3 9 2 0.00048774785112269697
9 3 9 3 0.00048774785112269697
8 4 4 2 -0.00164280434126415
9 4 4 3 -0.00164280434126415
8 5 5 2 -0.00164280434126415
9 5 5 3 -0.00164280434126415
8 4 6 2 0.00033466842938718075
9 4 6 3 0.00033466842938718075
8 5 7 2 0.00033466842938718075
9 5 7 3 0.00033466842938718075
8 6 4 2 0.0003346684293871808
9 6 4 3 0.0003346684293871808
8 7 5 2 0.0003346684293871808
9 7 5 3 0.0003346684293871808
8 6 6 2 -0.0016428043412641483
9 6 6 3 -0.0016428043412641483
8 7 7 2 -0.0016428043412641483
9 7 7 3 -0.0016428043412641483
8 8 2 2 0.0004877478511226969
9 8 2 3 0.0004877478511226969
8 9 3 2 0.0004877478511226969
9 9 3 3 0.0004877478511226969
8 8 8 2 -0.002126146045440037
9 8 8 3 -0.002126146045440037
8 9 9 2 -0.002126146045440037
9 9 9 3 -0.002126146045440037
8 10 10 2 -0.0008934298020231036
9 10 10 3 -0.0008934298020231036
8 11 11 2 -0.0008934298020231036
9 11 11 3 -0.0008934298020231036
8 2 4 4 -0.00024167083985667925
9 2 4 5 -0.00024167083985667925
8 3 5 4 -0.00024167083985667925
9 3 5 5 -0.00024167083985667925
8 2 6 4 7.653970969291017e-05
9 2 6 5 7.653970969291017e-05
8 3 7 4 7.653970969291017e-05
9 3 7 5 7.653970969291017e-05
8 4 2 4 -0.00024167083985667925
9 4 2 5 -0.00024167083985667925
8 5 3 4 -0.00024167083985667925
9 5 3 5 -0.00024167083985667925
8 4 8 4 7.653970969291017e-05
9 4 8 5 7.653970969291017e-05
8 5 9 4 7.653970969291017e-05
9 5 9 5 7.653970969291017e-05
8 6 2 4 7.653970969291017e-05
9 6 2 5 7.653970969291017e-05
8 7 3 4 7.653970969291017e-05
9 7 3 5 7.653970969291017e-05
8 6 8 4 -0.00024167083985667927
9 6 8 5 -0.00024167083985667927
8 7 9 4 -0.00024167083985667927
9 7 9 5 -0.00024167083985667927
8 8 4 4 7.653970969291017e-05
9 8 4 5 7.653970969291017e-05
8 9 5 4 7.653970969291017e-05
9 9 5 5 7.653970969291017e-05
8 8 6 4 -0.00024167083985667927
9 8 6 5 -0.00024167083985667927
8 9 7 4 -0.00024167083985667927
9 9 7 5 -0.00024167083985667927
8 2 4 6 0.0007496736420551638
9 2 4 7 0.0007496736420551638
8 3 5 6 0.0007496736420551638
9 3 5 7 0.0007496736420551638
8 2 6 6 -0.00024167083985667927
9 2 6 7 -0.00024167083985667927
8 3 7 6 -0.00024167083985667927
9 3 7 7 -0.00024167083985667927
8 4 2 6 0.0007496736420551638
9 4 2 7 0.0007496736420551638
8 5 3 6 0.0007496736420551638
9 5 3 7 0.0007496736420551638
8 4 8 6 -0.00024167083985667927
9 4 8 7 -0.00024167083985667927
8 5 9 6 -0.00024167083985667927
9 5 9 7 -0.00024167083985667927
8 6 2 6 -0.00024167083985667927
9 6 2 7 -0.00024167083985667927
8 7 3 6 -0.00024167083985667927
9 7 3 7 -0.00024167083985667927
8 6 8 6 0.020696997577579715
9 6 8 7 0.020696997577579715
8 7 9 6 0.020696997577579715
9 7 9 7 0.020696997577579715
8 8 4 6 -0.00024167083985667927
9 8 4 7 -0.00024167083985667927
8 9 5 6 -0.00024167083985667927
9 9 5 7 -0.00024167083985667927
8 8 6 6 0.020696997577579715
9 8 6 7 0.020696997577579715
8 9 7 6 0.020696997577579715
9 9 7 7 0.020696997577579715
8 0 0 8 0.25634717593164175
9 0 0 9 0.25634717593164175
8 1 1 8 0.25634717593164175
9 1 1 9 0.25634717593164175
8 0 10 8 -0.0882008007043795
9 0 10 9 -0.0882008007043795
8 1 11 8 -0.0882008007043795
9 1 11 9 -0.0882008007043795
8 2 2 8 0.15288481150653643
9 2 2 9 0.15288481150653643
8 3 3 8 0.15288481150653643
9 3 3 9 0.15288481150653643
8 2 8 8 -0.0021261460454400317
9 2 8 9 -0.0021261460454400317
8 3 9 8 -0.0021261460454400317
9 3 9 9 -0.0021261460454400317
8 4 4 8 0.15138546422007637
9 4 4 9 0.15138546422007637
8 5 5 8 0.15138546422007637
9 5 5 9 0.15138546422007637
8 4 6 8 -0.00164280434126415
9 4 6 9 -0.00164280434126415
8 5 7 8 -0.00164280434126415
9 5 7 9 -0.00164280434126415
8 6 4 8 -0.0016428043412641492
9 6 4 9 -0.0016428043412641492
8 7 5 8 -0.0016428043412641492
9 7 5 9 -0.0016428043412641492
8 6 6 8 0.34147314453136884
9 6 6 9 0.34147314453136884
8 7 7 8 0.34147314453136884
9 7 7 9 0.34147314453136884
8 8 2 8 -0.0021261460454400334
9 8 2 9 -0.0021261460454400334
8 9 3 8 -0.0021261460454400334
9 9 3 9 -0.0021261460454400334
8 8 8 8 0.38286714019353396
9 8 8 9 0.38286714019353396
8 9 9 8 0.38286714019353396
9 9 9 9 0.38286714019353396
8 10 0 8 -0.08820080070437948
9 10 0 9 -0.08820080070437948
8 11 1 8 -0.08820080070437948
9 11 1 9 -0.08820080070437948
8 10 10 8 0.26828646490183816
9 10 10 9 0.26828646490183816
8 11 11 8 0.26828646490183816
9 11 11 9 0.26828646490183816
8 0 2 10 -0.0017634072173715852
9 0 2 11 -0.0017634072173715852
8 1 3 10 -0.0017634072173715852
9 1 3 11 -0.0017634072173715852
8 0 8 10 -0.011203319235665369
9 0 8 11 -0.011203319235665369
8 1 9 10 -0.011203319235665369
9 1 9 11 -0.011203319235665369
8 2 0 10 -0.0017634072173715854
9 2 0 11 -0.0017634072173715854
8 3 1 10 -0.0017634072173715854
9 3 1 11 -0.0017634072173715854
8 2 10 10 -0.0010709811458031668
9 2 10 11 -0.0010709811458031668
8 3 11 10 -0.0010709811458031668
9 3 11 11 -0.0010709811458031668
8 8 0 10 -0.011203319235665367
9 8 0 11 -0.011203319235665367
8 9 1 10 -0.011203319235665367
9 9 1 11 -0.011203319235665367
8 8 10 10 0.014082253917846581
9 8 10 11 0.014082253917846581
8 9 11 10 0.014082253917846581
9 9 11 11 0.014082253917846581
8 10 2 10 -0.001070981145803168
9 10 2 11 -0.001070981145803168
8 11 3 10 -0.001070981145803168
9 11 3 11 -0.001070981145803168
8 10 8 10 0.014082253917846581
9 10 8 11 0.014082253917846581
8 11 9 10 0.014082253917846581
9 11 9 11 0.014082253917846581
10 0 0 0 1.9646368781822687e-08
11 0 0 1 1.9646368781822687e-08
10 1 1 0 1.9646368781822687e-08
11 1 1 1 1.9646368781822687e-08
10 0 10 0 0.09997183748990866
11 0 10 1 0.09997183748990866
10 1 11 0 0.09997183748990866
11 1 11 1 0.09997183748990866
10 2 2 0 0.08820084435090023
11 2 2 1 0.08820084435090023
10 3 3 0 0.08820084435090023
11 3 3 1 0.08820084435090023
10 4 4 0 0.08820084435090023
11 4 4 1 0.08820084435090023
10 5 5 0 0.08820084435090023
11 5 5 1 0.08820084435090023
10 6 6 0 -0.0882008007043795
11 6 6 1 -0.0882008007043795
10 7 7 0 -0.0882008007043795
11 7 7 1 -0.0882008007043795
10 8 8 0 -0.0882008007043795
11 8 8 1 -0.0882008007043795
10 9 9 0 -0.0882008007043795
11 9 9 1 -0.0882008007043795
10 10 0 0 0.09997183748990869
11 10 0 1 0.09997183748990869
10 11 1 0 0.09997183748990869
11 11 1 1 0.09997183748990869
10 10 10 0 2.8610983610066754e-08
11 10 10 1 2.8610983610066754e-08
10 11 11 0 2.8610983610066754e-08
11 11 11 1 2.8610983610066754e-08
10 0 2 2 0.011203327824190402
11 0 2 3 0.011203327824190402
10 1 3 2 0.011203327824190402
11 1 3 3 0.011203327824190402
10 0 8 2 0.0017634061806194048
11 0 8 3 0.0017634061806194048
10 1 9 2 0.0017634061806194048
11 1 9 3 0.0017634061806194048
10 2 0 2 0.011203327824190406
11 2 0 3 0.011203327824190406
10 3 1 2 0.011203327824190406
11 3 1 3 0.011203327824190406
10 2 10 2 0.014082253917846586
11 2 10 3 0.014082253917846586
10 3 11 2 0.014082253917846586
11 3 11 3 0.014082253917846586
10 8 0 2 0.0017634061806194052
11 8 0 3 0.0017634061806194052
10 9 1 2 0.0017634061806194052
11 9 1 3 0.0017634061806194052
10 8 10 2 -0.001070981145803166
11 8 10 3 -0.001070981145803166
10 9 11 2 -0.001070981145803166
11 9 11 3 -0.001070981145803166
10 10 2 2 0.014082253917846586
11 10 2 3 0.014082253917846586
10 11 3 2 0.014082253917846586
11 11 3 3 0.014082253917846586
10 10 8 2 -0.001070981145803168
11 10 8 3 -0.001070981145803168
10 11 9 2 -0.001070981145803168
11 11 9 3 -0.001070981145803168
10 0 4 4 0.011203327824190402
11 0 4 5 0.011203327824190402
10 1 5 4 0.011203327824190402
11 1 5 5 0.011203327824190402
10 0 6 4 0.0017634061806194048
11 0 6 5 0.0017634061806194048
10 1 7 4 0.0017634061806194048
11 1 7 5 0.0017634061806194048
10 4 0 4 0.011203327824190406
11 4 0 5 0.011203327824190406
10 5 1 4 0.011203327824190406
11 5 1 5 0.011203327824190406
10 4 10 4 0.014082253917846586
11 4 10 5 0.014082253917846586
10 5 11 4 0.014082253917846586
11 5 11 5 0.014082253917846586
10 6 0 4 0.0017634061806194052
11 6 0 5 0.0017634061806194052
10 7 1 4 0.0017634061806194052
11 7 1 5 0.0017634061806194052
10 6 10 4 -0.001070981145803166
11 6 10 5 -0.001070981145803166
10 7 11 4 -0.001070981145803166
11 7 11 5 -0.001070981145803166
10 10 4 4 0.014082253917846586
11 10 4 5 0.014082253917846586
10 11 5 4 0.014082253917846586
11 11 5 5 0.014082253917846586
10 10 6 4 -0.001070981145803168
11 10 6 5 -0.001070981145803168
10 11 7 4 -0.001070981145803168
11 11 7 5 -0.001070981145803168
10 0 4 6 -0.0017634072173715856
11 0 4 7 -0.0017634072173715856
10 1 5 6 -0.0017634072173715856
11 1 5 7 -0.0017634072173715856
10 0 6 6 -0.01120331923566537
11 0 6 7 -0.01120331923566537
10 1 7 6 -0.01120331923566537
11 1 7 7 -0.01120331923566537
10 4 0 6 -0.0017634072173715852
11 4 0 7 -0.0017634072173715852
10 5 1 6 -0.0017634072173715852
11 5 1 7 -0.0017634072173715852
10 4 10 6 -0.0010709811458031668
11 4 10 7 -0.0010709811458031668
10 5 11 6 -0.0010709811458031668
11 5 11 7 -0.0010709811458031668
10 6 0 6 -0.011203319235665367
11 6 0 7 -0.011203319235665367
10 7 1 6 -0.011203319235665367
11 7 1 7 -0.011203319235665367
10 6 10 6 0.014082253917846581
11 6 10 7 0.014082253917846581
10 7 11 6 0.014082253917846581
11 7 11 7 0.014082253917846581
10 10 4 6 -0.0010709811458031685
11 10 4 7 -0.0010709811458031685
10 11 5 6 -0.0010709811458031685
11 11 5 7 -0.0010709811458031685
10 10 6 6 0.014082253917846583
11 10 6 7 0.014082253917846583
10 11 7 6 0.014082253917846583
11 11 7 7 0.014082253917846583
10 0 2 8 -0.0017634072173715856
11 0 2 9 -0.0017634072173715856
10 1 3 8 -0.0017634072173715856
11 1 3 9 -0.0017634072173715856
10 0 8 8 -0.01120331923566537
11 0 8 9 -0.01120331923566537
10 1 9 8 -0.01120331923566537
11 1 9 9 -0.01120331923566537
10 2 0 8 -0.0017634072173715852
11 2 0 9 -0.0017634072173715852
10 3 1 8 -0.0017634072173715852
11 3 1 9 -0.0017634072173715852
10 2 10 8 -0.0010709811458031668
11 2 10 9 -0.0010709811458031668
10 3 11 8 -0.0010709811458031668
11 3 11 9 -0.0010709811458031668
10 8 0 8 -0.011203319235665367
11 8 0 9 -0.011203319235665367
10 9 1 8 -0.011203319235665367
11 9 1 9 -0.011203319235665367
10 8 10 8 0.014082253917846581
11 8 10 9 0.014082253917846581
10 9 11 8 0.014082253917846581
11 9 11 9 0.014082253917846581
10 10 2 8 -0.0010709811458031685
11 10 2 9 -0.0010709811458031685
10 11 3 8 -0.0010709811458031685
11 11 3 9 -0.0010709811458031685
10 10 8 8 0.014082253917846583
11 10 8 9 0.014082253917846583
10 11 9 8 0.014082253917846583
11 11 9 9 0.014082253917846583
10 0 0 10 0.30355699363936567
11 0 0 11 0.30355699363936567
10 1 1 10 0.30355699363936567
11 1 1 11 0.30355699363936567
10 0 10 10 2.8610983596188966e-08
11 0 10 11 2.8610983596188966e-08
10 1 11 10 2.8610983596188966e-08
11 1 11 11 2.8610983596188966e-08
10 2 2 10 0.2682864649018381
11 2 2 11 0.2682864649018381
10 3 3 10 0.2682864649018381
11 3 3 11 0.2682864649018381
10 2 8 10 -0.0008934298020231086
11 2 8 11 -0.0008934298020231086
10 3 9 10 -0.0008934298020231086
11 3 9 11 -0.0008934298020231086
10 4 4 10 0.2682864649018381
11 4 4 11 0.2682864649018381
10 5 5 10 0.2682864649018381
11 5 5 11 0.2682864649018381
10 4 6 10 -0.0008934298020231086
11 4 6 11 -0.0008934298020231086
10 5 7 10 -0.0008934298020231086
11 5 7 11 -0.0008934298020231086
10 6 4 10 -0.0008934298020231085
11 6 4 11 -0.0008934298020231085
10 7 5 10 -0.0008934298020231085
11 7 5 11 -0.0008934298020231085
10 6 6 10 0.26828646490183805
11 6 6 11 0.26828646490183805
10 7 7 10 0.26828646490183805
11 7 7 11 0.26828646490183805
10 8 2 10 -0.0008934298020231085
11 8 2 11 -0.0008934298020231085
10 9 3 10 -0.0008934298020231085
11 9 3 11 -0.0008934298020231085
10 8 8 10 0.26828646490183805
11 8 8 11 0.26828646490183805
10 9 9 10 0.26828646490183805
11 9 9 11 0.26828646490183805
10 10 0 10 2.8610983665577905e-08
11 10 0 11 2.8610983665577905e-08
10 11 1 10 2.8610983665577905e-08
11 11 1 11 2.8610983665577905e-08
10 10 10 10 0.31988853246015014
11 10 10 11 0.31988853246015014
10 11 11 10 0.31988853246015014
11 11 11 11 0.31988853246015014
