-98.83296539976672
0 0 -2.439916141254038
1 1 -2.439916141254038
0 10 6.817715212607128e-08
1 11 6.817715212607128e-08
2 2 -2.379749197678302
3 3 -2.379749197678302
2 8 -0.005234688443503882
3 9 -0.005234688443503882
4 4 -2.379749197678302
5 5 -2.379749197678302
4 6 -0.0052346883959089145
5 7 -0.0052346883959089145
6 4 -0.005234688395908913
7 5 -0.005234688395908913
6 6 -2.3797489208650395
7 7 -2.3797489208650395
8 2 -0.005234688443503881
9 3 -0.005234688443503881
8 8 -2.379748920865681
9 9 -2.379748920865681
10 0 6.817715269592795e-08
11 1 6.817715269592795e-08
10 10 -2.3848519438304336
11 11 -2.3848519438304336
0 0 0 0 0.24400799727596495
1 0 0 1 0.24400799727596495
0 1 1 0 0.24400799727596495
1 1 1 1 0.24400799727596495
0 0 10 0 6.394834736744848e-08
1 0 10 1 6.394834736744848e-08
0 1 11 0 6.394834736744848e-08
1 1 11 1 6.394834736744848e-08
0 2 2 0 0.22187138724761812
1 2 2 1 0.22187138724761812
0 3 3 0 0.22187138724761812
1 3 3 1 0.22187138724761812
0 2 8 0 -0.000257299936818691
1 2 8 1 -0.000257299936818691
0 3 9 0 -0.000257299936818691
1 3 9 1 -0.000257299936818691
0 4 4 0 0.22187138724761812
1 4 4 1 0.22187138724761812
0 5 5 0 0.22187138724761812
1 5 5 1 0.22187138724761812
0 4 6 0 -0.00025729994125604956
1 4 6 1 -0.00025729994125604956
0 5 7 0 -0.00025729994125604956
1 5 7 1 -0.00025729994125604956
0 6 4 0 -0.00025729994125604956
1 6 4 1 -0.00025729994125604956
0 7 5 0 -0.00025729994125604956
1 7 5 1 -0.00025729994125604956
0 6 6 0 0.22187124294303856
1 6 6 1 0.22187124294303856
0 7 7 0 0.22187124294303856
1 7 7 1 0.22187124294303856
0 8 2 0 -0.00025729993681869077
1 8 2 1 -0.00025729993681869077
0 9 3 0 -0.00025729993681869077
1 9 3 1 -0.00025729993681869077
0 8 8 0 0.22187124294306854
1 8 8 1 0.22187124294306854
0 9 9 0 0.22187124294306854
1 9 9 1 0.22187124294306854
0 10 0 0 6.394834736744848e-08
1 10 0 1 6.394834736744848e-08
0 11 1 0 6.394834736744848e-08
1 11 1 1 6.394834736744848e-08
0 10 10 0 0.2480480325778322
1 10 10 1 0.2480480325778322
0 11 11 0 0.2480480325778322
1 11 11 1 0.2480480325778322
0 0 2 2 0.010071994602105453
1 0 2 3 0.010071994602105453
0 1 3 2 0.010071994602105453
1 1 3 3 0.010071994602105453
0 0 8 2 0.00020773528519240153
1 0 8 3 0.00020773528519240153
0 1 9 2 0.00020773528519240153
1 1 9 3 0.00020773528519240153
0 2 0 2 0.01007199460210545
1 2 0 3 0.01007199460210545
0 3 1 2 0.01007199460210545
1 3 1 3 0.01007199460210545
0 2 10 2 0.010242316807373551
1 2 10 3 0.010242316807373551
0 3 11 2 0.010242316807373551
1 3 11 3 0.010242316807373551
0 8 0 2 0.00020773528519240153
1 8 0 3 0.00020773528519240153
0 9 1 2 0.00020773528519240153
1 9 1 3 0.00020773528519240153
0 8 10 2 -0.00019655314298307536
1 8 10 3 -0.00019655314298307536
0 9 11 2 -0.00019655314298307536
1 9 11 3 -0.00019655314298307536
0 10 2 2 0.01024231680737355
1 10 2 3 0.01024231680737355
0 11 3 2 0.01024231680737355
1 11 3 3 0.01024231680737355
0 10 8 2 -0.0001965531429830754
1 10 8 3 -0.0001965531429830754
0 11 9 2 -0.0001965531429830754
1 11 9 3 -0.0001965531429830754
0 0 4 4 0.010071994602105453
1 0 4 5 0.010071994602105453
0 1 5 4 0.010071994602105453
1 1 5 5 0.010071994602105453
0 0 6 4 0.00020773528499094484
1 0 6 5 0.00020773528499094484
0 1 7 4 0.00020773528499094484
1 1 7 5 0.00020773528499094484
0 4 0 4 0.01007199460210545
1 4 0 5 0.01007199460210545
0 5 1 4 0.01007199460210545
1 5 1 5 0.01007199460210545
0 4 10 4 0.010242316807373551
1 4 10 5 0.010242316807373551
0 5 11 4 0.010242316807373551
1 5 11 5 0.010242316807373551
0 6 0 4 0.00020773528499094484
1 6 0 5 0.00020773528499094484
0 7 1 4 0.00020773528499094484
1 7 1 5 0.00020773528499094484
0 6 10 4 -0.00019655314318790178
1 6 10 5 -0.00019655314318790178
0 7 11 4 -0.00019655314318790178
1 7 11 5 -0.00019655314318790178
0 10 4 4 0.01024231680737355
1 10 4 5 0.01024231680737355
0 11 5 4 0.01024231680737355
1 11 5 5 0.01024231680737355
0 10 6 4 -0.00019655314318790178
1 10 6 5 -0.00019655314318790178
0 11 7 4 -0.00019655314318790178
1 11 7 5 -0.00019655314318790178
0 0 4 6 0.0002077352849909448
1 0 4 7 0.0002077352849909448
0 1 5 6 0.0002077352849909448
1 1 5 7 0.0002077352849909448
0 0 6 6 0.01007198122308087
1 0 6 7 0.01007198122308087
0 1 7 6 0.01007198122308087
1 1 7 7 0.01007198122308087
0 4 0 6 0.00020773528499094484
1 4 0 7 0.00020773528499094484
0 5 1 6 0.00020773528499094484
1 5 1 7 0.00020773528499094484
0 4 10 6 0.0001965527015787309
1 4 10 7 0.0001965527015787309
0 5 11 6 0.0001965527015787309
1 5 11 7 0.0001965527015787309
0 6 0 6 0.01007198122308087
1 6 0 7 0.01007198122308087
0 7 1 6 0.01007198122308087
1 7 1 7 0.01007198122308087
0 6 10 6 -0.01024231828969556
1 6 10 7 -0.01024231828969556
0 7 11 6 -0.01024231828969556
1 7 11 7 -0.01024231828969556
0 10 4 6 0.00019655270157873089
1 10 4 7 0.00019655270157873089
0 11 5 6 0.00019655270157873089
1 11 5 7 0.00019655270157873089
0 10 6 6 -0.010242318289695558
1 10 6 7 -0.010242318289695558
0 11 7 6 -0.010242318289695558
1 11 7 7 -0.010242318289695558
0 0 2 8 0.00020773528519240148
1 0 2 9 0.00020773528519240148
0 1 3 8 0.00020773528519240148
1 1 3 9 0.00020773528519240148
0 0 8 8 0.010071981223091006
1 0 8 9 0.010071981223091006
0 1 9 8 0.010071981223091006
1 1 9 9 0.010071981223091006
0 2 0 8 0.0002077352851924015
1 2 0 9 0.0002077352851924015
0 3 1 8 0.0002077352851924015
1 3 1 9 0.0002077352851924015
0 2 10 8 0.00019655270178359297
1 2 10 9 0.00019655270178359297
0 3 11 8 0.00019655270178359297
1 3 11 9 0.00019655270178359297
0 8 0 8 0.010071981223091008
1 8 0 9 0.010071981223091008
0 9 1 8 0.010071981223091008
1 9 1 9 0.010071981223091008
0 8 10 8 -0.010242318289697419
1 8 10 9 -0.010242318289697419
0 9 11 8 -0.010242318289697419
1 9 11 9 -0.010242318289697419
0 10 2 8 0.00019655270178359295
1 10 2 9 0.00019655270178359295
0 11 3 8 0.00019655270178359295
1 11 3 9 0.00019655270178359295
0 10 8 8 -0.010242318289697417
1 10 8 9 -0.010242318289697417
0 11 9 8 -0.010242318289697417
1 11 9 9 -0.010242318289697417
0 0 0 10 6.39483473396929e-08
1 0 0 11 6.39483473396929e-08
0 1 1 10 6.39483473396929e-08
1 1 1 11 6.39483473396929e-08
0 0 10 10 0.13387688660713915
1 0 10 11 0.13387688660713915
0 1 11 10 0.13387688660713915
1 1 11 11 0.13387688660713915
0 2 2 10 0.11654090575329151
1 2 2 11 0.11654090575329151
0 3 3 10 0.11654090575329151
1 3 3 11 0.11654090575329151
0 4 4 10 0.11654090575329151
1 4 4 11 0.11654090575329151
0 5 5 10 0.11654090575329151
1 5 5 11 0.11654090575329151
0 6 6 10 -0.11654093746218432
1 6 6 11 -0.11654093746218432
0 7 7 10 -0.11654093746218432
1 7 7 11 -0.11654093746218432
0 8 8 10 -0.11654093746220542
1 8 8 11 -0.11654093746220542
0 9 9 10 -0.11654093746220542
1 9 9 11 -0.11654093746220542
0 10 0 10 0.13387688660713912
1 10 0 11 0.13387688660713912
0 11 1 10 0.13387688660713912
1 11 1 11 0.13387688660713912
0 10 10 10 -6.27162046462626e-08
1 10 10 11 -6.27162046462626e-08
0 11 11 10 -6.27162046462626e-08
1 11 11 11 -6.27162046462626e-08
2 0 2 0 0.010071994602105451
3 0 2 1 0.010071994602105451
2 1 3 0 0.010071994602105451
3 1 3 1 0.010071994602105451
2 0 8 0 0.00020773528519240153
3 0 8 1 0.00020773528519240153
2 1 9 0 0.00020773528519240153
3 1 9 1 0.00020773528519240153
2 2 0 0 0.01007199460210545
3 2 0 1 0.01007199460210545
2 3 1 0 0.01007199460210545
3 3 1 1 0.01007199460210545
2 2 10 0 0.010242316807373548
3 2 10 1 0.010242316807373548
2 3 11 0 0.010242316807373548
3 3 11 1 0.010242316807373548
2 8 0 0 0.00020773528519240153
3 8 0 1 0.00020773528519240153
2 9 1 0 0.00020773528519240153
3 9 1 1 0.00020773528519240153
2 8 10 0 -0.00019655314298307539
3 8 10 1 -0.00019655314298307539
2 9 11 0 -0.00019655314298307539
3 9 11 1 -0.00019655314298307539
2 10 2 0 0.010242316807373546
3 10 2 1 0.010242316807373546
2 11 3 0 0.010242316807373546
3 11 3 1 0.010242316807373546
2 10 8 0 -0.0001965531429830754
3 10 8 1 -0.0001965531429830754
2 11 9 0 -0.0001965531429830754
3 11 9 1 -0.0001965531429830754
2 0 0 2 0.22187138724761815
3 0 0 3 0.22187138724761815
2 1 1 2 0.22187138724761815
3 1 1 3 0.22187138724761815
2 0 10 2 0.11654090575329151
3 0 10 3 0.11654090575329151
2 1 11 2 0.11654090575329151
3 1 11 3 0.11654090575329151
2 2 2 2 0.3814227619492759
3 2 2 3 0.3814227619492759
2 3 3 2 0.3814227619492759
3 3 3 3 0.3814227619492759
2 2 8 2 -0.0004951166051610212
3 2 8 3 -0.0004951166051610212
2 3 9 2 -0.0004951166051610212
3 3 9 3 -0.0004951166051610212
2 4 4 2 0.3403004842478013
3 4 4 3 0.3403004842478013
2 5 5 2 0.3403004842478013
3 5 5 3 0.3403004842478013
2 4 6 2 -0.0003809567226724749
3 4 6 3 -0.0003809567226724749
2 5 7 2 -0.0003809567226724749
3 5 7 3 -0.0003809567226724749
2 6 4 2 -0.00038095672267247525
3 6 4 3 -0.00038095672267247525
2 7 5 2 -0.00038095672267247525
3 7 5 3 -0.00038095672267247525
2 6 6 2 0.10218084065805613
3 6 6 3 0.10218084065805613
2 7 7 2 0.10218084065805613
3 7 7 3 0.10218084065805613
2 8 2 2 -0.0004951166051610213
3 8 2 3 -0.0004951166051610213
2 9 3 2 -0.0004951166051610213
3 9 3 3 -0.0004951166051610213
2 8 8 2 0.102379791326803
3 8 8 3 0.102379791326803
2 9 9 2 0.102379791326803
3 9 9 3 0.102379791326803
2 10 0 2 0.1165409057532915
3 10 0 3 0.1165409057532915
2 11 1 2 0.1165409057532915
3 11 1 3 0.1165409057532915
2 10 10 2 0.2263962723522089
3 10 10 3 0.2263962723522089
2 11 11 2 0.2263962723522089
3 11 11 3 0.2263962723522089
2 2 4 4 0.02056113860071675
3 2 4 5 0.02056113860071675
2 3 5 4 0.02056113860071675
3 3 5 5 0.02056113860071675
2 2 6 4 -5.707994505843908e-05
3 2 6 5 -5.707994505843908e-05
2 3 7 4 -5.707994505843908e-05
3 3 7 5 -5.707994505843908e-05
2 4 2 4 0.02056113860071675
3 4 2 5 0.02056113860071675
2 5 3 4 0.02056113860071675
3 5 3 5 0.02056113860071675
2 4 8 4 -5.707994464722573e-05
3 4 8 5 -5.707994464722573e-05
2 5 9 4 -5.707994464722573e-05
3 5 9 5 -5.707994464722573e-05
2 6 2 4 -5.7079945058439085e-05
3 6 2 5 -5.7079945058439085e-05
2 7 3 4 -5.7079945058439085e-05
3 7 3 5 -5.7079945058439085e-05
2 6 8 4 9.947558439352155e-05
3 6 8 5 9.947558439352155e-05
2 7 9 4 9.947558439352155e-05
3 7 9 5 9.947558439352155e-05
2 8 4 4 -5.707994464722573e-05
3 8 4 5 -5.707994464722573e-05
2 9 5 4 -5.707994464722573e-05
3 9 5 5 -5.707994464722573e-05
2 8 6 4 9.947558439352154e-05
3 8 6 5 9.947558439352154e-05
2 9 7 4 9.947558439352154e-05
3 9 7 5 9.947558439352154e-05
2 2 4 6 -5.7079945058439105e-05
3 2 4 7 -5.7079945058439105e-05
2 3 5 6 -5.7079945058439105e-05
3 3 5 7 -5.7079945058439105e-05
2 2 6 6 1.2369872523344561e-06
3 2 6 7 1.2369872523344561e-06
2 3 7 6 1.2369872523344561e-06
3 3 7 7 1.2369872523344561e-06
2 4 2 6 -5.7079945058439105e-05
3 4 2 7 -5.7079945058439105e-05
2 5 3 6 -5.7079945058439105e-05
3 5 3 7 -5.7079945058439105e-05
2 4 8 6 1.2369872511929814e-06
3 4 8 7 1.2369872511929814e-06
2 5 9 6 1.2369872511929814e-06
3 5 9 7 1.2369872511929814e-06
2 6 2 6 1.2369872523344561e-06
3 6 2 7 1.2369872523344561e-06
2 7 3 6 1.2369872523344561e-06
3 7 3 7 1.2369872523344561e-06
2 6 8 6 -5.7079945058419536e-05
3 6 8 7 -5.7079945058419536e-05
2 7 9 6 -5.7079945058419536e-05
3 7 9 7 -5.7079945058419536e-05
2 8 4 6 1.2369872511929812e-06
3 8 4 7 1.2369872511929812e-06
2 9 5 6 1.2369872511929812e-06
3 9 5 7 1.2369872511929812e-06
2 8 6 6 -5.707994505841955e-05
3 8 6 7 -5.707994505841955e-05
2 9 7 6 -5.707994505841955e-05
3 9 7 7 -5.707994505841955e-05
2 0 0 8 -0.00025729993681869153
3 0 0 9 -0.00025729993681869153
2 1 1 8 -0.00025729993681869153
3 1 1 9 -0.00025729993681869153
2 2 2 8 -0.0004951166051610209
3 2 2 9 -0.0004951166051610209
2 3 3 8 -0.0004951166051610209
3 3 3 9 -0.0004951166051610209
2 2 8 8 9.317121818344209e-06
3 2 8 9 9.317121818344209e-06
2 3 9 8 9.317121818344209e-06
3 3 9 9 9.317121818344209e-06
2 4 4 8 -0.00038095671586657007
3 4 4 9 -0.00038095671586657007
2 5 5 8 -0.00038095671586657007
3 5 5 9 -0.00038095671586657007
2 4 6 8 6.843147325859638e-06
3 4 6 9 6.843147325859638e-06
2 5 7 8 6.843147325859638e-06
3 5 7 9 6.843147325859638e-06
2 6 4 8 6.843147325859637e-06
3 6 4 9 6.843147325859637e-06
2 7 5 8 6.843147325859637e-06
3 7 5 9 6.843147325859637e-06
2 6 6 8 -0.00038095672062891397
3 6 6 9 -0.00038095672062891397
2 7 7 8 -0.00038095672062891397
3 7 7 9 -0.00038095672062891397
2 8 2 8 9.31712181834421e-06
3 8 2 9 9.31712181834421e-06
2 9 3 8 9.31712181834421e-06
3 9 3 9 9.31712181834421e-06
2 8 8 8 -0.0004951166107415399
3 8 8 9 -0.0004951166107415399
2 9 9 8 -0.0004951166107415399
3 9 9 9 -0.0004951166107415399
2 10 10 8 -0.0003062262279306015
3 10 10 9 -0.0003062262279306015
2 11 11 8 -0.0003062262279306015
3 11 11 9 -0.0003062262279306015
2 0 2 10 0.010242316807373551
3 0 2 11 0.010242316807373551
2 1 3 10 0.010242316807373551
3 1 3 11 0.010242316807373551
2 0 8 10 0.00019655270178359292
3 0 8 11 0.00019655270178359292
2 1 9 10 0.00019655270178359292
3 1 9 11 0.00019655270178359292
2 2 0 10 0.01024231680737355
3 2 0 11 0.01024231680737355
2 3 1 10 0.01024231680737355
3 3 1 11 0.01024231680737355
2 2 10 10 0.010664445808045103
3 2 10 11 0.010664445808045103
2 3 11 10 0.010664445808045103
3 3 11 11 0.010664445808045103
2 8 0 10 0.00019655270178359292
3 8 0 11 0.00019655270178359292
2 9 1 10 0.00019655270178359292
3 9 1 11 0.00019655270178359292
2 8 10 10 -0.0001778656509199832
3 8 10 11 -0.0001778656509199832
2 9 11 10 -0.0001778656509199832
3 9 11 11 -0.0001778656509199832
2 10 2 10 0.010664445808045101
3 10 2 11 0.010664445808045101
2 11 3 10 0.010664445808045101
3 11 3 11 0.010664445808045101
2 10 8 10 -0.0001778656509199832
3 10 8 11 -0.0001778656509199832
2 11 9 10 -0.0001778656509199832
3 11 9 11 -0.0001778656509199832
4 0 4 0 0.010071994602105451
5 0 4 1 0.010071994602105451
4 1 5 0 0.010071994602105451
5 1 5 1 0.010071994602105451
4 0 6 0 0.00020773528499094484
5 0 6 1 0.00020773528499094484
4 1 7 0 0.00020773528499094484
5 1 7 1 0.00020773528499094484
4 4 0 0 0.01007199460210545
5 4 0 1 0.01007199460210545
4 5 1 0 0.01007199460210545
5 5 1 1 0.01007199460210545
4 4 10 0 0.010242316807373548
5 4 10 1 0.010242316807373548
4 5 11 0 0.010242316807373548
5 5 11 1 0.010242316807373548
4 6 0 0 0.00020773528499094484
5 6 0 1 0.00020773528499094484
4 7 1 0 0.00020773528499094484
5 7 1 1 0.00020773528499094484
4 6 10 0 -0.00019655314318790172
5 6 10 1 -0.00019655314318790172
4 7 11 0 -0.00019655314318790172
5 7 11 1 -0.00019655314318790172
4 10 4 0 0.010242316807373546
5 10 4 1 0.010242316807373546
4 11 5 0 0.010242316807373546
5 11 5 1 0.010242316807373546
4 10 6 0 -0.00019655314318790175
5 10 6 1 -0.00019655314318790175
4 11 7 0 -0.00019655314318790175
5 11 7 1 -0.00019655314318790175
4 2 4 2 0.02056113860071675
5 2 4 3 0.02056113860071675
4 3 5 2 0.02056113860071675
5 3 5 3 0.02056113860071675
4 2 6 2 -5.707994505843908e-05
5 2 6 3 -5.707994505843908e-05
4 3 7 2 -5.707994505843908e-05
5 3 7 3 -5.707994505843908e-05
4 4 2 2 0.02056113860071675
5 4 2 3 0.02056113860071675
4 5 3 2 0.02056113860071675
5 5 3 3 0.02056113860071675
4 4 8 2 -5.707994464722573e-05
5 4 8 3 -5.707994464722573e-05
4 5 9 2 -5.707994464722573e-05
5 5 9 3 -5.707994464722573e-05
4 6 2 2 -5.7079945058439085e-05
5 6 2 3 -5.7079945058439085e-05
4 7 3 2 -5.7079945058439085e-05
5 7 3 3 -5.7079945058439085e-05
4 6 8 2 9.947558439352155e-05
5 6 8 3 9.947558439352155e-05
4 7 9 2 9.947558439352155e-05
5 7 9 3 9.947558439352155e-05
4 8 4 2 -5.707994464722573e-05
5 8 4 3 -5.707994464722573e-05
4 9 5 2 -5.707994464722573e-05
5 9 5 3 -5.707994464722573e-05
4 8 6 2 9.947558439352154e-05
5 8 6 3 9.947558439352154e-05
4 9 7 2 9.947558439352154e-05
5 9 7 3 9.947558439352154e-05
4 0 0 4 0.22187138724761815
5 0 0 5 0.22187138724761815
4 1 1 4 0.22187138724761815
5 1 1 5 0.22187138724761815
4 0 10 4 0.11654090575329151
5 0 10 5 0.11654090575329151
4 1 11 4 0.11654090575329151
5 1 11 5 0.11654090575329151
4 2 2 4 0.3403004842478013
5 2 2 5 0.3403004842478013
4 3 3 4 0.3403004842478013
5 3 3 5 0.3403004842478013
4 2 8 4 -0.0003809567158665701
5 2 8 5 -0.0003809567158665701
4 3 9 4 -0.0003809567158665701
5 3 9 5 -0.0003809567158665701
4 4 4 4 0.3814227619492759
5 4 4 5 0.3814227619492759
4 5 5 4 0.3814227619492759
5 5 5 5 0.3814227619492759
4 4 6 4 -0.000495116612789353
5 4 6 5 -0.000495116612789353
4 5 7 4 -0.000495116612789353
5 5 7 5 -0.000495116612789353
4 6 4 4 -0.0004951166127893529
5 6 4 5 -0.0004951166127893529
4 7 5 4 -0.0004951166127893529
5 7 5 5 -0.0004951166127893529
4 6 6 4 0.1023797913268042
5 6 6 5 0.1023797913268042
4 7 7 4 0.1023797913268042
5 7 7 5 0.1023797913268042
4 8 2 4 -0.00038095671586657034
5 8 2 5 -0.00038095671586657034
4 9 3 4 -0.00038095671586657034
5 9 3 5 -0.00038095671586657034
4 8 8 4 0.10218084065805944
5 8 8 5 0.10218084065805944
4 9 9 4 0.10218084065805944
5 9 9 5 0.10218084065805944
4 10 0 4 0.1165409057532915
5 10 0 5 0.1165409057532915
4 11 1 4 0.1165409057532915
5 11 1 5 0.1165409057532915
4 10 10 4 0.2263962723522089
5 10 10 5 0.2263962723522089
4 11 11 4 0.2263962723522089
5 11 11 5 0.2263962723522089
4 0 0 6 -0.0002572999412560503
5 0 0 7 -0.0002572999412560503
4 1 1 6 -0.0002572999412560503
5 1 1 7 -0.0002572999412560503
4 2 2 6 -0.00038095672267247503
5 2 2 7 -0.00038095672267247503
4 3 3 6 -0.00038095672267247503
5 3 3 7 -0.00038095672267247503
4 2 8 6 6.843147325859635e-06
5 2 8 7 6.843147325859635e-06
4 3 9 6 6.843147325859635e-06
5 3 9 7 6.843147325859635e-06
4 4 4 6 -0.0004951166127893526
5 4 4 7 -0.0004951166127893526
4 5 5 6 -0.0004951166127893526
5 5 5 7 -0.0004951166127893526
4 4 6 6 9.317121838146979e-06
5 4 6 7 9.317121838146979e-06
4 5 7 6 9.317121838146979e-06
5 5 7 7 9.317121838146979e-06
4 6 4 6 9.317121838146979e-06
5 6 4 7 9.317121838146979e-06
4 7 5 6 9.317121838146979e-06
5 7 5 7 9.317121838146979e-06
4 6 6 6 -0.0004951166127893526
5 6 6 7 -0.0004951166127893526
4 7 7 6 -0.0004951166127893526
5 7 7 7 -0.0004951166127893526
4 8 2 6 6.843147325859638e-06
5 8 2 7 6.843147325859638e-06
4 9 3 6 6.843147325859638e-06
5 9 3 7 6.843147325859638e-06
4 8 8 6 -0.00038095672267227055
5 8 8 7 -0.00038095672267227055
4 9 9 6 -0.00038095672267227055
5 9 9 7 -0.00038095672267227055
4 10 10 6 -0.0003062262324584524
5 10 10 7 -0.0003062262324584524
4 11 11 6 -0.0003062262324584524
5 11 11 7 -0.0003062262324584524
4 2 4 8 -5.707994464722575e-05
5 2 4 9 -5.707994464722575e-05
4 3 5 8 -5.707994464722575e-05
5 3 5 9 -5.707994464722575e-05
4 2 6 8 1.2369872511929814e-06
5 2 6 9 1.2369872511929814e-06
4 3 7 8 1.2369872511929814e-06
5 3 7 9 1.2369872511929814e-06
4 4 2 8 -5.707994464722575e-05
5 4 2 9 -5.707994464722575e-05
4 5 3 8 -5.707994464722575e-05
5 5 3 9 -5.707994464722575e-05
4 4 8 8 1.2369872500515067e-06
5 4 8 9 1.2369872500515067e-06
4 5 9 8 1.2369872500515067e-06
5 5 9 9 1.2369872500515067e-06
4 6 2 8 1.2369872511929814e-06
5 6 2 9 1.2369872511929814e-06
4 7 3 8 1.2369872511929814e-06
5 7 3 9 1.2369872511929814e-06
4 6 8 8 -5.707994505643523e-05
5 6 8 9 -5.707994505643523e-05
4 7 9 8 -5.707994505643523e-05
5 7 9 9 -5.707994505643523e-05
4 8 4 8 1.2369872500515067e-06
5 8 4 9 1.2369872500515067e-06
4 9 5 8 1.2369872500515067e-06
5 9 5 9 1.2369872500515067e-06
4 8 6 8 -5.707994505643524e-05
5 8 6 9 -5.707994505643524e-05
4 9 7 8 -5.707994505643524e-05
5 9 7 9 -5.707994505643524e-05
4 0 4 10 0.010242316807373551
5 0 4 11 0.010242316807373551
4 1 5 10 0.010242316807373551
5 1 5 11 0.010242316807373551
4 0 6 10 0.00019655270157873086
5 0 6 11 0.00019655270157873086
4 1 7 10 0.00019655270157873086
5 1 7 11 0.00019655270157873086
4 4 0 10 0.01024231680737355
5 4 0 11 0.01024231680737355
4 5 1 10 0.01024231680737355
5 5 1 11 0.01024231680737355
4 4 10 10 0.010664445808045103
5 4 10 11 0.010664445808045103
4 5 11 10 0.010664445808045103
5 5 11 11 0.010664445808045103
4 6 0 10 0.00019655270157873086
5 6 0 11 0.00019655270157873086
4 7 1 10 0.00019655270157873086
5 7 1 11 0.00019655270157873086
4 6 10 10 -0.00017786565113325377
5 6 10 11 -0.00017786565113325377
4 7 11 10 -0.00017786565113325377
5 7 11 11 -0.00017786565113325377
4 10 4 10 0.010664445808045101
5 10 4 11 0.010664445808045101
4 11 5 10 0.010664445808045101
5 11 5 11 0.010664445808045101
4 10 6 10 -0.00017786565113325374
5 10 6 11 -0.00017786565113325374
4 11 7 10 -0.00017786565113325374
5 11 7 11 -0.00017786565113325374
6 0 4 0 0.0002077352849909449
7 0 4 1 0.0002077352849909449
6 1 5 0 0.0002077352849909449
7 1 5 1 0.0002077352849909449
6 0 6 0 0.01007198122308087
7 0 6 1 0.01007198122308087
6 1 7 0 0.01007198122308087
7 1 7 1 0.01007198122308087
6 4 0 0 0.0002077352849909449
7 4 0 1 0.0002077352849909449
6 5 1 0 0.0002077352849909449
7 5 1 1 0.0002077352849909449
6 4 10 0 0.00019655270157873089
7 4 10 1 0.00019655270157873089
6 5 11 0 0.00019655270157873089
7 5 11 1 0.00019655270157873089
6 6 0 0 0.01007198122308087
7 6 0 1 0.01007198122308087
6 7 1 0 0.01007198122308087
7 7 1 1 0.01007198122308087
6 6 10 0 -0.010242318289695561
7 6 10 1 -0.010242318289695561
6 7 11 0 -0.010242318289695561
7 7 11 1 -0.010242318289695561
6 10 4 0 0.00019655270157873089
7 10 4 1 0.00019655270157873089
6 11 5 0 0.00019655270157873089
7 11 5 1 0.00019655270157873089
6 10 6 0 -0.01024231828969556
7 10 6 1 -0.01024231828969556
6 11 7 0 -0.01024231828969556
7 11 7 1 -0.01024231828969556
6 2 4 2 -5.707994505843911e-05
7 2 4 3 -5.707994505843911e-05
6 3 5 2 -5.707994505843911e-05
7 3 5 3 -5.707994505843911e-05
6 2 6 2 1.2369872523344561e-06
7 2 6 3 1.2369872523344561e-06
6 3 7 2 1.2369872523344561e-06
7 3 7 3 1.2369872523344561e-06
6 4 2 2 -5.707994505843911e-05
7 4 2 3 -5.707994505843911e-05
6 5 3 2 -5.707994505843911e-05
7 5 3 3 -5.707994505843911e-05
6 4 8 2 1.2369872511929814e-06
7 4 8 3 1.2369872511929814e-06
6 5 9 2 1.2369872511929814e-06
7 5 9 3 1.2369872511929814e-06
6 6 2 2 1.2369872523344561e-06
7 6 2 3 1.2369872523344561e-06
6 7 3 2 1.2369872523344561e-06
7 7 3 3 1.2369872523344561e-06
6 6 8 2 -5.707994505841953e-05
7 6 8 3 -5.707994505841953e-05
6 7 9 2 -5.707994505841953e-05
7 7 9 3 -5.707994505841953e-05
6 8 4 2 1.2369872511929812e-06
7 8 4 3 1.2369872511929812e-06
6 9 5 2 1.2369872511929812e-06
7 9 5 3 1.2369872511929812e-06
6 8 6 2 -5.707994505841954e-05
7 8 6 3 -5.707994505841954e-05
6 9 7 2 -5.707994505841954e-05
7 9 7 3 -5.707994505841954e-05
6 0 0 4 -0.0002572999412560501
7 0 0 5 -0.0002572999412560501
6 1 1 4 -0.0002572999412560501
7 1 1 5 -0.0002572999412560501
6 2 2 4 -0.00038095672267247503
7 2 2 5 -0.00038095672267247503
6 3 3 4 -0.00038095672267247503
7 3 3 5 -0.00038095672267247503
6 2 8 4 6.843147325859637e-06
7 2 8 5 6.843147325859637e-06
6 3 9 4 6.843147325859637e-06
7 3 9 5 6.843147325859637e-06
6 4 4 4 -0.0004951166127893526
7 4 4 5 -0.0004951166127893526
6 5 5 4 -0.0004951166127893526
7 5 5 5 -0.0004951166127893526
6 4 6 4 9.317121838146979e-06
7 4 6 5 9.317121838146979e-06
6 5 7 4 9.317121838146979e-06
7 5 7 5 9.317121838146979e-06
6 6 4 4 9.317121838146979e-06
7 6 4 5 9.317121838146979e-06
6 7 5 4 9.317121838146979e-06
7 7 5 5 9.317121838146979e-06
6 6 6 4 -0.0004951166127893526
7 6 6 5 -0.0004951166127893526
6 7 7 4 -0.0004951166127893526
7 7 7 5 -0.0004951166127893526
6 8 2 4 6.843147325859638e-06
7 8 2 5 6.843147325859638e-06
6 9 3 4 6.843147325859638e-06
7 9 3 5 6.843147325859638e-06
6 8 8 4 -0.00038095672267227066
7 8 8 5 -0.00038095672267227066
6 9 9 4 -0.00038095672267227066
7 9 9 5 -0.00038095672267227066
6 10 10 4 -0.00030622623245845227
7 10 10 5 -0.00030622623245845227
6 11 11 4 -0.00030622623245845227
7 11 11 5 -0.00030622623245845227
6 0 0 6 0.22187124294303856
7 0 0 7 0.22187124294303856
6 1 1 6 0.22187124294303856
7 1 1 7 0.22187124294303856
6 0 10 6 -0.11654093746218425
7 0 10 7 -0.11654093746218425
6 1 11 6 -0.11654093746218425
7 1 11 7 -0.11654093746218425
6 2 2 6 0.10218084065805613
7 2 2 7 0.10218084065805613
6 3 3 6 0.10218084065805613
7 3 3 7 0.10218084065805613
6 2 8 6 -0.0003809567206289139
7 2 8 7 -0.0003809567206289139
6 3 9 6 -0.0003809567206289139
7 3 9 7 -0.0003809567206289139
6 4 4 6 0.1023797913268042
7 4 4 7 0.1023797913268042
6 5 5 6 0.1023797913268042
7 5 5 7 0.1023797913268042
6 4 6 6 -0.0004951166127893529
7 4 6 7 -0.0004951166127893529
6 5 7 6 -0.0004951166127893529
7 5 7 7 -0.0004951166127893529
6 6 4 6 -0.000495116612789353
7 6 4 7 -0.000495116612789353
6 7 5 6 -0.000495116612789353
7 7 5 7 -0.000495116612789353
6 6 6 6 0.3814227619492759
7 6 6 7 0.3814227619492759
6 7 7 6 0.3814227619492759
7 7 7 7 0.3814227619492759
6 8 2 6 -0.0003809567206289138
7 8 2 7 -0.0003809567206289138
6 9 3 6 -0.0003809567206289138
7 9 3 7 -0.0003809567206289138
6 8 8 6 0.34030048424784787
7 8 8 7 0.34030048424784787
6 9 9 6 0.34030048424784787
7 9 9 7 0.34030048424784787
6 10 0 6 -0.11654093746218429
7 10 0 7 -0.11654093746218429
6 11 1 6 -0.11654093746218429
7 11 1 7 -0.11654093746218429
6 10 10 6 0.22639634720515456
7 10 10 7 0.22639634720515456
6 11 11 6 0.22639634720515456
7 11 11 7 0.22639634720515456
6 2 4 8 9.947558439352154e-05
7 2 4 9 9.947558439352154e-05
6 3 5 8 9.947558439352154e-05
7 3 5 9 9.947558439352154e-05
6 2 6 8 -5.7079945058419536e-05
7 2 6 9 -5.7079945058419536e-05
6 3 7 8 -5.7079945058419536e-05
7 3 7 9 -5.7079945058419536e-05
6 4 2 8 9.947558439352154e-05
7 4 2 9 9.947558439352154e-05
6 5 3 8 9.947558439352154e-05
7 5 3 9 9.947558439352154e-05
6 4 8 8 -5.7079945056435215e-05
7 4 8 9 -5.7079945056435215e-05
6 5 9 8 -5.7079945056435215e-05
7 5 9 9 -5.7079945056435215e-05
6 6 2 8 -5.707994505841953e-05
7 6 2 9 -5.707994505841953e-05
6 7 3 8 -5.707994505841953e-05
7 7 3 9 -5.707994505841953e-05
6 6 8 8 0.020561138600718194
7 6 8 9 0.020561138600718194
6 7 9 8 0.020561138600718194
7 7 9 9 0.020561138600718194
6 8 4 8 -5.707994505643522e-05
7 8 4 9 -5.707994505643522e-05
6 9 5 8 -5.707994505643522e-05
7 9 5 9 -5.707994505643522e-05
6 8 6 8 0.020561138600718197
7 8 6 9 0.020561138600718197
6 9 7 8 0.020561138600718197
7 9 7 9 0.020561138600718197
6 0 4 10 -0.00019655314318790178
7 0 4 11 -0.00019655314318790178
6 1 5 10 -0.00019655314318790178
7 1 5 11 -0.00019655314318790178
6 0 6 10 -0.010242318289695561
7 0 6 11 -0.010242318289695561
6 1 7 10 -0.010242318289695561
7 1 7 11 -0.010242318289695561
6 4 0 10 -0.00019655314318790175
7 4 0 11 -0.00019655314318790175
6 5 1 10 -0.00019655314318790175
7 5 1 11 -0.00019655314318790175
6 4 10 10 -0.00017786565113325377
7 4 10 11 -0.00017786565113325377
6 5 11 10 -0.00017786565113325377
7 5 11 11 -0.00017786565113325377
6 6 0 10 -0.010242318289695561
7 6 0 11 -0.010242318289695561
6 7 1 10 -0.010242318289695561
7 7 1 11 -0.010242318289695561
6 6 10 10 0.010664458806350773
7 6 10 11 0.010664458806350773
6 7 11 10 0.010664458806350773
7 7 11 11 0.010664458806350773
6 10 4 10 -0.00017786565113325374
7 10 4 11 -0.00017786565113325374
6 11 5 10 -0.00017786565113325374
7 11 5 11 -0.00017786565113325374
6 10 6 10 0.01066445880635077
7 10 6 11 0.01066445880635077
6 11 7 10 0.01066445880635077
7 11 7 11 0.01066445880635077
8 0 2 0 0.00020773528519240156
9 0 2 1 0.00020773528519240156
8 1 3 0 0.00020773528519240156
9 1 3 1 0.00020773528519240156
8 0 8 0 0.010071981223091008
9 0 8 1 0.010071981223091008
8 1 9 0 0.010071981223091008
9 1 9 1 0.010071981223091008
8 2 0 0 0.00020773528519240156
9 2 0 1 0.00020773528519240156
8 3 1 0 0.00020773528519240156
9 3 1 1 0.00020773528519240156
8 2 10 0 0.00019655270178359295
9 2 10 1 0.00019655270178359295
8 3 11 0 0.00019655270178359295
9 3 11 1 0.00019655270178359295
8 8 0 0 0.01007198122309101
9 8 0 1 0.01007198122309101
8 9 1 0 0.01007198122309101
9 9 1 1 0.01007198122309101
8 8 10 0 -0.010242318289697419
9 8 10 1 -0.010242318289697419
8 9 11 0 -0.010242318289697419
9 9 11 1 -0.010242318289697419
8 10 2 0 0.00019655270178359295
9 10 2 1 0.00019655270178359295
8 11 3 0 0.00019655270178359295
9 11 3 1 0.00019655270178359295
8 10 8 0 -0.010242318289697417
9 10 8 1 -0.010242318289697417
8 11 9 0 -0.010242318289697417
9 11 9 1 -0.010242318289697417
8 0 0 2 -0.00025729993681869164
9 0 0 3 -0.00025729993681869164
8 1 1 2 -0.00025729993681869164
9 1 1 3 -0.00025729993681869164
8 2 2 2 -0.000495116605161021
9 2 2 3 -0.000495116605161021
8 3 3 2 -0.000495116605161021
9 3 3 3 -0.000495116605161021
8 2 8 2 9.317121818344209e-06
9 2 8 3 9.317121818344209e-06
8 3 9 2 9.317121818344209e-06
9 3 9 3 9.317121818344209e-06
8 4 4 2 -0.00038095671586657024
9 4 4 3 -0.00038095671586657024
8 5 5 2 -0.00038095671586657024
9 5 5 3 -0.00038095671586657024
8 4 6 2 6.843147325859638e-06
9 4 6 3 6.843147325859638e-06
8 5 7 2 6.843147325859638e-06
9 5 7 3 6.843147325859638e-06
8 6 4 2 6.843147325859638e-06
9 6 4 3 6.843147325859638e-06
8 7 5 2 6.843147325859638e-06
9 7 5 3 6.843147325859638e-06
8 6 6 2 -0.00038095672062891386
9 6 6 3 -0.00038095672062891386
8 7 7 2 -0.00038095672062891386
9 7 7 3 -0.00038095672062891386
8 8 2 2 9.31712181834421e-06
9 8 2 3 9.31712181834421e-06
8 9 3 2 9.31712181834421e-06
9 9 3 3 9.31712181834421e-06
8 8 8 2 -0.0004951166107415398
9 8 8 3 -0.0004951166107415398
8 9 9 2 -0.0004951166107415398
9 9 9 3 -0.0004951166107415398
8 10 10 2 -0.0003062262279306013
9 10 10 3 -0.0003062262279306013
8 11 11 2 -0.0003062262279306013
9 11 11 3 -0.0003062262279306013
8 2 4 4 -5.707994464722576e-05
9 2 4 5 -5.707994464722576e-05
8 3 5 4 -5.707994464722576e-05
9 3 5 5 -5.707994464722576e-05
8 2 6 4 1.2369872511929814e-06
9 2 6 5 1.2369872511929814e-06
8 3 7 4 1.2369872511929814e-06
9 3 7 5 1.2369872511929814e-06
8 4 2 4 -5.707994464722576e-05
9 4 2 5 -5.707994464722576e-05
8 5 3 4 -5.707994464722576e-05
9 5 3 5 -5.707994464722576e-05
8 4 8 4 1.2369872500515065e-06
9 4 8 5 1.2369872500515065e-06
8 5 9 4 1.2369872500515065e-06
9 5 9 5 1.2369872500515065e-06
8 6 2 4 1.2369872511929814e-06
9 6 2 5 1.2369872511929814e-06
8 7 3 4 1.2369872511929814e-06
9 7 3 5 1.2369872511929814e-06
8 6 8 4 -5.707994505643522e-05
9 6 8 5 -5.707994505643522e-05
8 7 9 4 -5.707994505643522e-05
9 7 9 5 -5.707994505643522e-05
8 8 4 4 1.2369872500515063e-06
9 8 4 5 1.2369872500515063e-06
8 9 5 4 1.2369872500515063e-06
9 9 5 5 1.2369872500515063e-06
8 8 6 4 -5.7079945056435236e-05
9 8 6 5 -5.7079945056435236e-05
8 9 7 4 -5.7079945056435236e-05
9 9 7 5 -5.7079945056435236e-05
8 2 4 6 9.947558439352154e-05
9 2 4 7 9.947558439352154e-05
8 3 5 6 9.947558439352154e-05
9 3 5 7 9.947558439352154e-05
8 2 6 6 -5.707994505841953e-05
9 2 6 7 -5.707994505841953e-05
8 3 7 6 -5.707994505841953e-05
9 3 7 7 -5.707994505841953e-05
8 4 2 6 9.947558439352154e-05
9 4 2 7 9.947558439352154e-05
8 5 3 6 9.947558439352154e-05
9 5 3 7 9.947558439352154e-05
8 4 8 6 -5.7079945056435215e-05
9 4 8 7 -5.7079945056435215e-05
8 5 9 6 -5.7079945056435215e-05
9 5 9 7 -5.7079945056435215e-05
8 6 2 6 -5.707994505841952e-05
9 6 2 7 -5.707994505841952e-05
8 7 3 6 -5.707994505841952e-05
9 7 3 7 -5.707994505841952e-05
8 6 8 6 0.020561138600718197
9 6 8 7 0.020561138600718197
8 7 9 6 0.020561138600718197
9 7 9 7 0.020561138600718197
8 8 4 6 -5.707994505643522e-05
9 8 4 7 -5.707994505643522e-05
8 9 5 6 -5.707994505643522e-05
9 9 5 7 -5.707994505643522e-05
8 8 6 6 0.0205611386007182
9 8 6 7 0.0205611386007182
8 9 7 6 0.0205611386007182
9 9 7 7 0.0205611386007182
8 0 0 8 0.22187124294306856
9 0 0 9 0.22187124294306856
8 1 1 8 0.22187124294306856
9 1 1 9 0.22187124294306856
8 0 10 8 -0.11654093746220541
9 0 10 9 -0.11654093746220541
8 1 11 8 -0.11654093746220541
9 1 11 9 -0.11654093746220541
8 2 2 8 0.10237979132680299
9 2 2 9 0.10237979132680299
8 3 3 8 0.10237979132680299
9 3 3 9 0.10237979132680299
8 2 8 8 -0.0004951166107415401
9 2 8 9 -0.0004951166107415401
8 3 9 8 -0.0004951166107415401
9 3 9 9 -0.0004951166107415401
8 4 4 8 0.10218084065805945
9 4 4 9 0.10218084065805945
8 5 5 8 0.10218084065805945
9 5 5 9 0.10218084065805945
8 4 6 8 -0.0003809567226722707
9 4 6 9 -0.0003809567226722707
8 5 7 8 -0.0003809567226722707
9 5 7 9 -0.0003809567226722707
8 6 4 8 -0.0003809567226722704
9 6 4 9 -0.0003809567226722704
8 7 5 8 -0.0003809567226722704
9 7 5 9 -0.0003809567226722704
8 6 6 8 0.34030048424784787
9 6 6 9 0.34030048424784787
8 7 7 8 0.34030048424784787
9 7 7 9 0.34030048424784787
8 8 2 8 -0.0004951166107415404
9 8 2 9 -0.0004951166107415404
8 9 3 8 -0.0004951166107415404
9 9 3 9 -0.0004951166107415404
8 8 8 8 0.38142276194937474
9 8 8 9 0.38142276194937474
8 9 9 8 0.38142276194937474
9 9 9 9 0.38142276194937474
8 10 0 8 -0.11654093746220545
9 10 0 9 -0.11654093746220545
8 11 1 8 -0.11654093746220545
9 11 1 9 -0.11654093746220545
8 10 10 8 0.22639634720518342
9 10 10 9 0.22639634720518342
8 11 11 8 0.22639634720518342
9 11 11 9 0.22639634720518342
8 0 2 10 -0.00019655314298307539
9 0 2 11 -0.00019655314298307539
8 1 3 10 -0.00019655314298307539
9 1 3 11 -0.00019655314298307539
8 0 8 10 -0.010242318289697419
9 0 8 11 -0.010242318289697419
8 1 9 10 -0.010242318289697419
9 1 9 11 -0.010242318289697419
8 2 0 10 -0.00019655314298307536
9 2 0 11 -0.00019655314298307536
8 3 1 10 -0.00019655314298307536
9 3 1 11 -0.00019655314298307536
8 2 10 10 -0.0001778656509199832
9 2 10 11 -0.0001778656509199832
8 3 11 10 -0.0001778656509199832
9 3 11 11 -0.0001778656509199832
8 8 0 10 -0.01024231828969742
9 8 0 11 -0.01024231828969742
8 9 1 10 -0.01024231828969742
9 9 1 11 -0.01024231828969742
8 8 10 10 0.010664458806345596
9 8 10 11 0.010664458806345596
8 9 11 10 0.010664458806345596
9 9 11 11 0.010664458806345596
8 10 2 10 -0.00017786565091998318
9 10 2 11 -0.00017786565091998318
8 11 3 10 -0.00017786565091998318
9 11 3 11 -0.00017786565091998318
8 10 8 10 0.010664458806345596
9 10 8 11 0.010664458806345596
8 11 9 10 0.010664458806345596
9 11 9 11 0.010664458806345596
10 0 0 0 6.394834736744848e-08
11 0 0 1 6.394834736744848e-08
10 1 1 0 6.394834736744848e-08
11 1 1 1 6.394834736744848e-08
10 0 10 0 0.13387688660713915
11 0 10 1 0.13387688660713915
10 1 11 0 0.13387688660713915
11 1 11 1 0.13387688660713915
10 2 2 0 0.11654090575329146
11 2 2 1 0.11654090575329146
10 3 3 0 0.11654090575329146
11 3 3 1 0.11654090575329146
10 4 4 0 0.11654090575329146
11 4 4 1 0.11654090575329146
10 5 5 0 0.11654090575329146
11 5 5 1 0.11654090575329146
10 6 6 0 -0.11654093746218429
11 6 6 1 -0.11654093746218429
10 7 7 0 -0.11654093746218429
11 7 7 1 -0.11654093746218429
10 8 8 0 -0.11654093746220545
11 8 8 1 -0.11654093746220545
10 9 9 0 -0.11654093746220545
11 9 9 1 -0.11654093746220545
10 10 0 0 0.13387688660713912
11 10 0 1 0.13387688660713912
10 11 1 0 0.13387688660713912
11 11 1 1 0.13387688660713912
10 10 10 0 -6.27162046462626e-08
11 10 10 1 -6.27162046462626e-08
10 11 11 0 -6.27162046462626e-08
11 11 11 1 -6.27162046462626e-08
10 0 2 2 0.010242316807373551
11 0 2 3 0.010242316807373551
10 1 3 2 0.010242316807373551
11 1 3 3 0.010242316807373551
10 0 8 2 0.00019655270178359292
11 0 8 3 0.00019655270178359292
10 1 9 2 0.00019655270178359292
11 1 9 3 0.00019655270178359292
10 2 0 2 0.010242316807373548
11 2 0 3 0.010242316807373548
10 3 1 2 0.010242316807373548
11 3 1 3 0.010242316807373548
10 2 10 2 0.010664445808045101
11 2 10 3 0.010664445808045101
10 3 11 2 0.010664445808045101
11 3 11 3 0.010664445808045101
10 8 0 2 0.00019655270178359292
11 8 0 3 0.00019655270178359292
10 9 1 2 0.00019655270178359292
11 9 1 3 0.00019655270178359292
10 8 10 2 -0.00017786565091998318
11 8 10 3 -0.00017786565091998318
10 9 11 2 -0.00017786565091998318
11 9 11 3 -0.00017786565091998318
10 10 2 2 0.0106644458080451
11 10 2 3 0.0106644458080451
10 11 3 2 0.0106644458080451
11 11 3 3 0.0106644458080451
10 10 8 2 -0.0001778656509199832
11 10 8 3 -0.0001778656509199832
10 11 9 2 -0.0001778656509199832
11 11 9 3 -0.0001778656509199832
10 0 4 4 0.010242316807373551
11 0 4 5 0.010242316807373551
10 1 5 4 0.010242316807373551
11 1 5 5 0.010242316807373551
10 0 6 4 0.00019655270157873089
11 0 6 5 0.00019655270157873089
10 1 7 4 0.00019655270157873089
11 1 7 5 0.00019655270157873089
10 4 0 4 0.010242316807373548
11 4 0 5 0.010242316807373548
10 5 1 4 0.010242316807373548
11 5 1 5 0.010242316807373548
10 4 10 4 0.010664445808045101
11 4 10 5 0.010664445808045101
10 5 11 4 0.010664445808045101
11 5 11 5 0.010664445808045101
10 6 0 4 0.00019655270157873089
11 6 0 5 0.00019655270157873089
10 7 1 4 0.00019655270157873089
11 7 1 5 0.00019655270157873089
10 6 10 4 -0.00017786565113325377
11 6 10 5 -0.00017786565113325377
10 7 11 4 -0.00017786565113325377
11 7 11 5 -0.00017786565113325377
10 10 4 4 0.0106644458080451
11 10 4 5 0.0106644458080451
10 11 5 4 0.0106644458080451
11 11 5 5 0.0106644458080451
10 10 6 4 -0.00017786565113325377
11 10 6 5 -0.00017786565113325377
10 11 7 4 -0.00017786565113325377
11 11 7 5 -0.00017786565113325377
10 0 4 6 -0.0001965531431879018
11 0 4 7 -0.0001965531431879018
10 1 5 6 -0.0001965531431879018
11 1 5 7 -0.0001965531431879018
10 0 6 6 -0.01024231828969556
11 0 6 7 -0.01024231828969556
10 1 7 6 -0.01024231828969556
11 1 7 7 -0.01024231828969556
10 4 0 6 -0.00019655314318790178
11 4 0 7 -0.00019655314318790178
10 5 1 6 -0.00019655314318790178
11 5 1 7 -0.00019655314318790178
10 4 10 6 -0.00017786565113325382
11 4 10 7 -0.00017786565113325382
10 5 11 6 -0.00017786565113325382
11 5 11 7 -0.00017786565113325382
10 6 0 6 -0.01024231828969556
11 6 0 7 -0.01024231828969556
10 7 1 6 -0.01024231828969556
11 7 1 7 -0.01024231828969556
10 6 10 6 0.010664458806350774
11 6 10 7 0.010664458806350774
10 7 11 6 0.010664458806350774
11 7 11 7 0.010664458806350774
10 10 4 6 -0.00017786565113325374
11 10 4 7 -0.00017786565113325374
10 11 5 6 -0.00017786565113325374
11 11 5 7 -0.00017786565113325374
10 10 6 6 0.010664458806350773
11 10 6 7 0.010664458806350773
10 11 7 6 0.010664458806350773
11 11 7 7 0.010664458806350773
10 0 2 8 -0.0001965531429830754
11 0 2 9 -0.0001965531429830754
10 1 3 8 -0.0001965531429830754
11 1 3 9 -0.0001965531429830754
10 0 8 8 -0.010242318289697417
11 0 8 9 -0.010242318289697417
10 1 9 8 -0.010242318289697417
11 1 9 9 -0.010242318289697417
10 2 0 8 -0.00019655314298307539
11 2 0 9 -0.00019655314298307539
10 3 1 8 -0.00019655314298307539
11 3 1 9 -0.00019655314298307539
10 2 10 8 -0.00017786565091998323
11 2 10 9 -0.00017786565091998323
10 3 11 8 -0.00017786565091998323
11 3 11 9 -0.00017786565091998323
10 8 0 8 -0.010242318289697419
11 8 0 9 -0.010242318289697419
10 9 1 8 -0.010242318289697419
11 9 1 9 -0.010242318289697419
10 8 10 8 0.010664458806345596
11 8 10 9 0.010664458806345596
10 9 11 8 0.010664458806345596
11 9 11 9 0.010664458806345596
10 10 2 8 -0.00017786565091998315
11 10 2 9 -0.00017786565091998315
10 11 3 8 -0.00017786565091998315
11 11 3 9 -0.00017786565091998315
10 10 8 8 0.010664458806345594
11 10 8 9 0.010664458806345594
10 11 9 8 0.010664458806345594
11 11 9 9 0.010664458806345594
10 0 0 10 0.2480480325778322
11 0 0 11 0.2480480325778322
10 1 1 10 0.2480480325778322
11 1 1 11 0.2480480325778322
10 0 10 10 -6.271620461850702e-08
11 0 10 11 -6.271620461850702e-08
10 1 11 10 -6.271620461850702e-08
11 1 11 11 -6.271620461850702e-08
10 2 2 10 0.22639627235220897
11 2 2 11 0.22639627235220897
10 3 3 10 0.22639627235220897
11 3 3 11 0.22639627235220897
10 2 8 10 -0.00030622622793060163
11 2 8 11 -0.00030622622793060163
10 3 9 10 -0.00030622622793060163
11 3 9 11 -0.00030622622793060163
10 4 4 10 0.22639627235220897
11 4 4 11 0.22639627235220897
10 5 5 10 0.22639627235220897
11 5 5 11 0.22639627235220897
10 4 6 10 -0.0003062262324584524
11 4 6 11 -0.0003062262324584524
10 5 7 10 -0.0003062262324584524
11 5 7 11 -0.0003062262324584524
10 6 4 10 -0.0003062262324584524
11 6 4 11 -0.0003062262324584524
10 7 5 10 -0.0003062262324584524
11 7 5 11 -0.0003062262324584524
10 6 6 10 0.22639634720515459
11 6 6 11 0.22639634720515459
10 7 7 10 0.22639634720515459
11 7 7 11 0.22639634720515459
10 8 2 10 -0.00030622622793060136
11 8 2 11 -0.00030622622793060136
10 9 3 10 -0.00030622622793060136
11 9 3 11 -0.00030622622793060136
10 8 8 10 0.22639634720518342
11 8 8 11 0.22639634720518342
10 9 9 10 0.22639634720518342
11 9 9 11 0.22639634720518342
10 10 0 10 -6.271620460462923e-08
11 10 0 11 -6.271620460462923e-08
10 11 1 10 -6.271620460462923e-08
11 11 1 11 -6.271620460462923e-08
10 10 10 10 0.2532616944024144
11 10 10 11 0.2532616944024144
10 11 11 10 0.2532616944024144
11 11 11 11 0.2532616944024144
