-98.33964370389538
0 0 -2.639322099488333
1 1 -2.639322099488333
2 2 -2.5494125203477553
3 3 -2.5494125203477553
4 4 -2.5494125203477553
5 5 -2.5494125203477553
6 6 -2.5063024644170646
7 7 -2.5063024644170646
8 8 -2.5063024644170646
9 9 -2.5063024644170646
10 10 -2.520298739651291
11 11 -2.520298739651291
0 0 0 0 0.2556477911719763
1 0 0 1 0.2556477911719763
0 1 1 0 0.2556477911719763
1 1 1 1 0.2556477911719763
0 2 2 0 0.23189215244530137
1 2 2 1 0.23189215244530137
0 3 3 0 0.23189215244530137
1 3 3 1 0.23189215244530137
0 4 4 0 0.23189215244530137
1 4 4 1 0.23189215244530137
0 5 5 0 0.23189215244530137
1 5 5 1 0.23189215244530137
0 6 6 0 0.23349944822431767
1 6 6 1 0.23349944822431767
0 7 7 0 0.23349944822431767
1 7 7 1 0.23349944822431767
0 8 8 0 0.23349944822431767
1 8 8 1 0.23349944822431767
0 9 9 0 0.23349944822431767
1 9 9 1 0.23349944822431767
0 10 10 0 0.26283682571428524
1 10 10 1 0.26283682571428524
0 11 11 0 0.26283682571428524
1 11 11 1 0.26283682571428524
0 0 2 2 0.011117118525090224
1 0 2 3 0.011117118525090224
0 1 3 2 0.011117118525090224
1 1 3 3 0.011117118525090224
0 2 0 2 0.011117118525090225
1 2 0 3 0.011117118525090225
0 3 1 2 0.011117118525090225
1 3 1 3 0.011117118525090225
0 8 10 2 -0.009548962256814873
1 8 10 3 -0.009548962256814873
0 9 11 2 -0.009548962256814873
1 9 11 3 -0.009548962256814873
0 10 8 2 -0.00954896225681487
1 10 8 3 -0.00954896225681487
0 11 9 2 -0.00954896225681487
1 11 9 3 -0.00954896225681487
0 0 4 4 0.011117118525090224
1 0 4 5 0.011117118525090224
0 1 5 4 0.011117118525090224
1 1 5 5 0.011117118525090224
0 4 0 4 0.011117118525090225
1 4 0 5 0.011117118525090225
0 5 1 4 0.011117118525090225
1 5 1 5 0.011117118525090225
0 6 10 4 -0.009548962256814873
1 6 10 5 -0.009548962256814873
0 7 11 4 -0.009548962256814873
1 7 11 5 -0.009548962256814873
0 10 6 4 -0.00954896225681487
1 10 6 5 -0.00954896225681487
0 11 7 4 -0.00954896225681487
1 11 7 5 -0.00954896225681487
0 0 6 6 0.010689426998060013
1 0 6 7 0.010689426998060013
0 1 7 6 0.010689426998060013
1 1 7 7 0.010689426998060013
0 4 10 6 -0.008544758150378598
1 4 10 7 -0.008544758150378598
0 5 11 6 -0.008544758150378598
1 5 11 7 -0.008544758150378598
0 6 0 6 0.010689426998060012
1 6 0 7 0.010689426998060012
0 7 1 6 0.010689426998060012
1 7 1 7 0.010689426998060012
0 10 4 6 -0.008544758150378595
1 10 4 7 -0.008544758150378595
0 11 5 6 -0.008544758150378595
1 11 5 7 -0.008544758150378595
0 0 8 8 0.010689426998060013
1 0 8 9 0.010689426998060013
0 1 9 8 0.010689426998060013
1 1 9 9 0.010689426998060013
0 2 10 8 -0.008544758150378598
1 2 10 9 -0.008544758150378598
0 3 11 8 -0.008544758150378598
1 3 11 9 -0.008544758150378598
0 8 0 8 0.010689426998060012
1 8 0 9 0.010689426998060012
0 9 1 8 0.010689426998060012
1 9 1 9 0.010689426998060012
0 10 2 8 -0.008544758150378595
1 10 2 9 -0.008544758150378595
0 11 3 8 -0.008544758150378595
1 11 3 9 -0.008544758150378595
0 0 10 10 0.11164113586851815
1 0 10 11 0.11164113586851815
0 1 11 10 0.11164113586851815
1 1 11 11 0.11164113586851815
0 2 8 10 -0.09995918934473114
1 2 8 11 -0.09995918934473114
0 3 9 10 -0.09995918934473114
1 3 9 11 -0.09995918934473114
0 4 6 10 -0.09995918934473114
1 4 6 11 -0.09995918934473114
0 5 7 10 -0.09995918934473114
1 5 7 11 -0.09995918934473114
0 6 4 10 -0.09995918934473111
1 6 4 11 -0.09995918934473111
0 7 5 10 -0.09995918934473111
1 7 5 11 -0.09995918934473111
0 8 2 10 -0.09995918934473111
1 8 2 11 -0.09995918934473111
0 9 3 10 -0.09995918934473111
1 9 3 11 -0.09995918934473111
0 10 0 10 0.11164113586851815
1 10 0 11 0.11164113586851815
0 11 1 10 0.11164113586851815
1 11 1 11 0.11164113586851815
2 0 2 0 0.011117118525090222
3 0 2 1 0.011117118525090222
2 1 3 0 0.011117118525090222
3 1 3 1 0.011117118525090222
2 2 0 0 0.011117118525090225
3 2 0 1 0.011117118525090225
2 3 1 0 0.011117118525090225
3 3 1 1 0.011117118525090225
2 8 10 0 -0.009548962256814873
3 8 10 1 -0.009548962256814873
2 9 11 0 -0.009548962256814873
3 9 11 1 -0.009548962256814873
2 10 8 0 -0.00954896225681487
3 10 8 1 -0.00954896225681487
2 11 9 0 -0.00954896225681487
3 11 9 1 -0.00954896225681487
2 0 0 2 0.23189215244530137
3 0 0 3 0.23189215244530137
2 1 1 2 0.23189215244530137
3 1 1 3 0.23189215244530137
2 2 2 2 0.2512262724187639
3 2 2 3 0.2512262724187639
2 3 3 2 0.2512262724187639
3 3 3 3 0.2512262724187639
2 4 4 2 0.23093449839605365
3 4 4 3 0.23093449839605365
2 5 5 2 0.23093449839605365
3 5 5 3 0.23093449839605365
2 6 6 2 0.23277601859288716
3 6 6 3 0.23277601859288716
2 7 7 2 0.23277601859288716
3 7 7 3 0.23277601859288716
2 8 8 2 0.25362156562576854
3 8 8 3 0.25362156562576854
2 9 9 2 0.25362156562576854
3 9 9 3 0.25362156562576854
2 10 10 2 0.2448369279921575
3 10 10 3 0.2448369279921575
2 11 11 2 0.2448369279921575
3 11 11 3 0.2448369279921575
2 2 4 4 0.010145886545705928
3 2 4 5 0.010145886545705928
2 3 5 4 0.010145886545705928
3 3 5 5 0.010145886545705928
2 4 2 4 0.010145886545705928
3 4 2 5 0.010145886545705928
2 5 3 4 0.010145886545705928
3 5 3 5 0.010145886545705928
2 6 8 4 0.010422773015783583
3 6 8 5 0.010422773015783583
2 7 9 4 0.010422773015783583
3 7 9 5 0.010422773015783583
2 8 6 4 0.010422773015783583
3 8 6 5 0.010422773015783583
2 9 7 4 0.010422773015783583
3 9 7 5 0.010422773015783583
2 2 6 6 0.010146341195672611
3 2 6 7 0.010146341195672611
2 3 7 6 0.010146341195672611
3 3 7 7 0.010146341195672611
2 4 8 6 0.010146341195672611
3 4 8 7 0.010146341195672611
2 5 9 6 0.010146341195672611
3 5 9 7 0.010146341195672611
2 6 2 6 0.010146341195672611
3 6 2 7 0.010146341195672611
2 7 3 6 0.010146341195672611
3 7 3 7 0.010146341195672611
2 8 4 6 0.010146341195672611
3 8 4 7 0.010146341195672611
2 9 5 6 0.010146341195672611
3 9 5 7 0.010146341195672611
2 0 10 8 -0.09995918934473112
3 0 10 9 -0.09995918934473112
2 1 11 8 -0.09995918934473112
3 1 11 9 -0.09995918934473112
2 2 8 8 0.12794217089844556
3 2 8 9 0.12794217089844556
2 3 9 8 0.12794217089844556
3 3 9 9 0.12794217089844556
2 4 6 8 0.10764948850710036
3 4 6 9 0.10764948850710036
2 5 7 8 0.10764948850710036
3 5 7 9 0.10764948850710036
2 6 4 8 0.10764948850710036
3 6 4 9 0.10764948850710036
2 7 5 8 0.10764948850710036
3 7 5 9 0.10764948850710036
2 8 2 8 0.1279421708984456
3 8 2 9 0.1279421708984456
2 9 3 8 0.1279421708984456
3 9 3 9 0.1279421708984456
2 10 0 8 -0.09995918934473112
3 10 0 9 -0.09995918934473112
2 11 1 8 -0.09995918934473112
3 11 1 9 -0.09995918934473112
2 0 8 10 -0.008544758150378598
3 0 8 11 -0.008544758150378598
2 1 9 10 -0.008544758150378598
3 1 9 11 -0.008544758150378598
2 2 10 10 0.011479656725180396
3 2 10 11 0.011479656725180396
2 3 11 10 0.011479656725180396
3 3 11 11 0.011479656725180396
2 8 0 10 -0.008544758150378598
3 8 0 11 -0.008544758150378598
2 9 1 10 -0.008544758150378598
3 9 1 11 -0.008544758150378598
2 10 2 10 0.011479656725180396
3 10 2 11 0.011479656725180396
2 11 3 10 0.011479656725180396
3 11 3 11 0.011479656725180396
4 0 4 0 0.011117118525090222
5 0 4 1 0.011117118525090222
4 1 5 0 0.011117118525090222
5 1 5 1 0.011117118525090222
4 4 0 0 0.011117118525090225
5 4 0 1 0.011117118525090225
4 5 1 0 0.011117118525090225
5 5 1 1 0.011117118525090225
4 6 10 0 -0.009548962256814873
5 6 10 1 -0.009548962256814873
4 7 11 0 -0.009548962256814873
5 7 11 1 -0.009548962256814873
4 10 6 0 -0.00954896225681487
5 10 6 1 -0.00954896225681487
4 11 7 0 -0.00954896225681487
5 11 7 1 -0.00954896225681487
4 2 4 2 0.010145886545705928
5 2 4 3 0.010145886545705928
4 3 5 2 0.010145886545705928
5 3 5 3 0.010145886545705928
4 4 2 2 0.010145886545705928
5 4 2 3 0.010145886545705928
4 5 3 2 0.010145886545705928
5 5 3 3 0.010145886545705928
4 6 8 2 0.010422773015783583
5 6 8 3 0.010422773015783583
4 7 9 2 0.010422773015783583
5 7 9 3 0.010422773015783583
4 8 6 2 0.010422773015783583
5 8 6 3 0.010422773015783583
4 9 7 2 0.010422773015783583
5 9 7 3 0.010422773015783583
4 0 0 4 0.23189215244530137
5 0 0 5 0.23189215244530137
4 1 1 4 0.23189215244530137
5 1 1 5 0.23189215244530137
4 2 2 4 0.23093449839605365
5 2 2 5 0.23093449839605365
4 3 3 4 0.23093449839605365
5 3 3 5 0.23093449839605365
4 4 4 4 0.2512262724187639
5 4 4 5 0.2512262724187639
4 5 5 4 0.2512262724187639
5 5 5 5 0.2512262724187639
4 6 6 4 0.25362156562576854
5 6 6 5 0.25362156562576854
4 7 7 4 0.25362156562576854
5 7 7 5 0.25362156562576854
4 8 8 4 0.23277601859288716
5 8 8 5 0.23277601859288716
4 9 9 4 0.23277601859288716
5 9 9 5 0.23277601859288716
4 10 10 4 0.2448369279921575
5 10 10 5 0.2448369279921575
4 11 11 4 0.2448369279921575
5 11 11 5 0.2448369279921575
4 0 10 6 -0.09995918934473112
5 0 10 7 -0.09995918934473112
4 1 11 6 -0.09995918934473112
5 1 11 7 -0.09995918934473112
4 2 8 6 0.10764948850710036
5 2 8 7 0.10764948850710036
4 3 9 6 0.10764948850710036
5 3 9 7 0.10764948850710036
4 4 6 6 0.12794217089844556
5 4 6 7 0.12794217089844556
4 5 7 6 0.12794217089844556
5 5 7 7 0.12794217089844556
4 6 4 6 0.1279421708984456
5 6 4 7 0.1279421708984456
4 7 5 6 0.1279421708984456
5 7 5 7 0.1279421708984456
4 8 2 6 0.10764948850710036
5 8 2 7 0.10764948850710036
4 9 3 6 0.10764948850710036
5 9 3 7 0.10764948850710036
4 10 0 6 -0.09995918934473112
5 10 0 7 -0.09995918934473112
4 11 1 6 -0.09995918934473112
5 11 1 7 -0.09995918934473112
4 2 6 8 0.010146341195672611
5 2 6 9 0.010146341195672611
4 3 7 8 0.010146341195672611
5 3 7 9 0.010146341195672611
4 4 8 8 0.010146341195672611
5 4 8 9 0.010146341195672611
4 5 9 8 0.010146341195672611
5 5 9 9 0.010146341195672611
4 6 2 8 0.010146341195672611
5 6 2 9 0.010146341195672611
4 7 3 8 0.010146341195672611
5 7 3 9 0.010146341195672611
4 8 4 8 0.010146341195672611
5 8 4 9 0.010146341195672611
4 9 5 8 0.010146341195672611
5 9 5 9 0.010146341195672611
4 0 6 10 -0.008544758150378598
5 0 6 11 -0.008544758150378598
4 1 7 10 -0.008544758150378598
5 1 7 11 -0.008544758150378598
4 4 10 10 0.011479656725180396
5 4 10 11 0.011479656725180396
4 5 11 10 0.011479656725180396
5 5 11 11 0.011479656725180396
4 6 0 10 -0.008544758150378598
5 6 0 11 -0.008544758150378598
4 7 1 10 -0.008544758150378598
5 7 1 11 -0.008544758150378598
4 10 4 10 0.011479656725180396
5 10 4 11 0.011479656725180396
4 11 5 10 0.011479656725180396
5 11 5 11 0.011479656725180396
6 0 6 0 0.010689426998060013
7 0 6 1 0.010689426998060013
6 1 7 0 0.010689426998060013
7 1 7 1 0.010689426998060013
6 4 10 0 -0.008544758150378598
7 4 10 1 -0.008544758150378598
6 5 11 0 -0.008544758150378598
7 5 11 1 -0.008544758150378598
6 6 0 0 0.010689426998060012
7 6 0 1 0.010689426998060012
6 7 1 0 0.010689426998060012
7 7 1 1 0.010689426998060012
6 10 4 0 -0.008544758150378595
7 10 4 1 -0.008544758150378595
6 11 5 0 -0.008544758150378595
7 11 5 1 -0.008544758150378595
6 2 6 2 0.01014634119567261
7 2 6 3 0.01014634119567261
6 3 7 2 0.01014634119567261
7 3 7 3 0.01014634119567261
6 4 8 2 0.01014634119567261
7 4 8 3 0.01014634119567261
6 5 9 2 0.01014634119567261
7 5 9 3 0.01014634119567261
6 6 2 2 0.01014634119567261
7 6 2 3 0.01014634119567261
6 7 3 2 0.01014634119567261
7 7 3 3 0.01014634119567261
6 8 4 2 0.01014634119567261
7 8 4 3 0.01014634119567261
6 9 5 2 0.01014634119567261
7 9 5 3 0.01014634119567261
6 0 10 4 -0.09995918934473111
7 0 10 5 -0.09995918934473111
6 1 11 4 -0.09995918934473111
7 1 11 5 -0.09995918934473111
6 2 8 4 0.10764948850710036
7 2 8 5 0.10764948850710036
6 3 9 4 0.10764948850710036
7 3 9 5 0.10764948850710036
6 4 6 4 0.12794217089844556
7 4 6 5 0.12794217089844556
6 5 7 4 0.12794217089844556
7 5 7 5 0.12794217089844556
6 6 4 4 0.1279421708984456
7 6 4 5 0.1279421708984456
6 7 5 4 0.1279421708984456
7 7 5 5 0.1279421708984456
6 8 2 4 0.10764948850710036
7 8 2 5 0.10764948850710036
6 9 3 4 0.10764948850710036
7 9 3 5 0.10764948850710036
6 10 0 4 -0.09995918934473111
7 10 0 5 -0.09995918934473111
6 11 1 4 -0.09995918934473111
7 11 1 5 -0.09995918934473111
6 0 0 6 0.23349944822431767
7 0 0 7 0.23349944822431767
6 1 1 6 0.23349944822431767
7 1 1 7 0.23349944822431767
6 2 2 6 0.23277601859288718
7 2 2 7 0.23277601859288718
6 3 3 6 0.23277601859288718
7 3 3 7 0.23277601859288718
6 4 4 6 0.2536215656257686
7 4 4 7 0.2536215656257686
6 5 5 6 0.2536215656257686
7 5 5 7 0.2536215656257686
6 6 6 6 0.25641838170678943
7 6 6 7 0.25641838170678943
6 7 7 6 0.25641838170678943
7 7 7 7 0.25641838170678943
6 8 8 6 0.23490285029161634
7 8 8 7 0.23490285029161634
6 9 9 6 0.23490285029161634
7 9 9 7 0.23490285029161634
6 10 10 6 0.2461233735415924
7 10 10 7 0.2461233735415924
6 11 11 6 0.2461233735415924
7 11 11 7 0.2461233735415924
6 2 4 8 0.01042277301578358
7 2 4 9 0.01042277301578358
6 3 5 8 0.01042277301578358
7 3 5 9 0.01042277301578358
6 4 2 8 0.01042277301578358
7 4 2 9 0.01042277301578358
6 5 3 8 0.01042277301578358
7 5 3 9 0.01042277301578358
6 6 8 8 0.010757766245883522
7 6 8 9 0.010757766245883522
6 7 9 8 0.010757766245883522
7 7 9 9 0.010757766245883522
6 8 6 8 0.010757766245883522
7 8 6 9 0.010757766245883522
6 9 7 8 0.010757766245883522
7 9 7 9 0.010757766245883522
6 0 4 10 -0.009548962256814869
7 0 4 11 -0.009548962256814869
6 1 5 10 -0.009548962256814869
7 1 5 11 -0.009548962256814869
6 4 0 10 -0.00954896225681487
7 4 0 11 -0.00954896225681487
6 5 1 10 -0.00954896225681487
7 5 1 11 -0.00954896225681487
6 6 10 10 0.012488752460340556
7 6 10 11 0.012488752460340556
6 7 11 10 0.012488752460340556
7 7 11 11 0.012488752460340556
6 10 6 10 0.012488752460340554
7 10 6 11 0.012488752460340554
6 11 7 10 0.012488752460340554
7 11 7 11 0.012488752460340554
8 0 8 0 0.010689426998060013
9 0 8 1 0.010689426998060013
8 1 9 0 0.010689426998060013
9 1 9 1 0.010689426998060013
8 2 10 0 -0.008544758150378598
9 2 10 1 -0.008544758150378598
8 3 11 0 -0.008544758150378598
9 3 11 1 -0.008544758150378598
8 8 0 0 0.010689426998060012
9 8 0 1 0.010689426998060012
8 9 1 0 0.010689426998060012
9 9 1 1 0.010689426998060012
8 10 2 0 -0.008544758150378595
9 10 2 1 -0.008544758150378595
8 11 3 0 -0.008544758150378595
9 11 3 1 -0.008544758150378595
8 0 10 2 -0.09995918934473111
9 0 10 3 -0.09995918934473111
8 1 11 2 -0.09995918934473111
9 1 11 3 -0.09995918934473111
8 2 8 2 0.12794217089844556
9 2 8 3 0.12794217089844556
8 3 9 2 0.12794217089844556
9 3 9 3 0.12794217089844556
8 4 6 2 0.10764948850710036
9 4 6 3 0.10764948850710036
8 5 7 2 0.10764948850710036
9 5 7 3 0.10764948850710036
8 6 4 2 0.10764948850710036
9 6 4 3 0.10764948850710036
8 7 5 2 0.10764948850710036
9 7 5 3 0.10764948850710036
8 8 2 2 0.1279421708984456
9 8 2 3 0.1279421708984456
8 9 3 2 0.1279421708984456
9 9 3 3 0.1279421708984456
8 10 0 2 -0.09995918934473111
9 10 0 3 -0.09995918934473111
8 11 1 2 -0.09995918934473111
9 11 1 3 -0.09995918934473111
8 2 6 4 0.01014634119567261
9 2 6 5 0.01014634119567261
8 3 7 4 0.01014634119567261
9 3 7 5 0.01014634119567261
8 4 8 4 0.01014634119567261
9 4 8 5 0.01014634119567261
8 5 9 4 0.01014634119567261
9 5 9 5 0.01014634119567261
8 6 2 4 0.01014634119567261
9 6 2 5 0.01014634119567261
8 7 3 4 0.01014634119567261
9 7 3 5 0.01014634119567261
8 8 4 4 0.01014634119567261
9 8 4 5 0.01014634119567261
8 9 5 4 0.01014634119567261
9 9 5 5 0.01014634119567261
8 2 4 6 0.01042277301578358
9 2 4 7 0.01042277301578358
8 3 5 6 0.01042277301578358
9 3 5 7 0.01042277301578358
8 4 2 6 0.01042277301578358
9 4 2 7 0.01042277301578358
8 5 3 6 0.01042277301578358
9 5 3 7 0.01042277301578358
8 6 8 6 0.010757766245883522
9 6 8 7 0.010757766245883522
8 7 9 6 0.010757766245883522
9 7 9 7 0.010757766245883522
8 8 6 6 0.010757766245883522
9 8 6 7 0.010757766245883522
8 9 7 6 0.010757766245883522
9 9 7 7 0.010757766245883522
8 0 0 8 0.23349944822431767
9 0 0 9 0.23349944822431767
8 1 1 8 0.23349944822431767
9 1 1 9 0.23349944822431767
8 2 2 8 0.2536215656257686
9 2 2 9 0.2536215656257686
8 3 3 8 0.2536215656257686
9 3 3 9 0.2536215656257686
8 4 4 8 0.23277601859288718
9 4 4 9 0.23277601859288718
8 5 5 8 0.23277601859288718
9 5 5 9 0.23277601859288718
8 6 6 8 0.23490285029161634
9 6 6 9 0.23490285029161634
8 7 7 8 0.23490285029161634
9 7 7 9 0.23490285029161634
8 8 8 8 0.25641838170678943
9 8 8 9 0.25641838170678943
8 9 9 8 0.25641838170678943
9 9 9 9 0.25641838170678943
8 10 10 8 0.2461233735415924
9 10 10 9 0.2461233735415924
8 11 11 8 0.2461233735415924
9 11 11 9 0.2461233735415924
8 0 2 10 -0.009548962256814869
9 0 2 11 -0.009548962256814869
8 1 3 10 -0.009548962256814869
9 1 3 11 -0.009548962256814869
8 2 0 10 -0.00954896225681487
9 2 0 11 -0.00954896225681487
8 3 1 10 -0.00954896225681487
9 3 1 11 -0.00954896225681487
8 8 10 10 0.012488752460340556
9 8 10 11 0.012488752460340556
8 9 11 10 0.012488752460340556
9 9 11 11 0.012488752460340556
8 10 8 10 0.012488752460340554
9 10 8 11 0.012488752460340554
8 11 9 10 0.012488752460340554
9 11 9 11 0.012488752460340554
10 0 10 0 0.11164113586851818
11 0 10 1 0.11164113586851818
10 1 11 0 0.11164113586851818
11 1 11 1 0.11164113586851818
10 2 8 0 -0.09995918934473114
11 2 8 1 -0.09995918934473114
10 3 9 0 -0.09995918934473114
11 3 9 1 -0.09995918934473114
10 4 6 0 -0.09995918934473114
11 4 6 1 -0.09995918934473114
10 5 7 0 -0.09995918934473114
11 5 7 1 -0.09995918934473114
10 6 4 0 -0.09995918934473111
11 6 4 1 -0.09995918934473111
10 7 5 0 -0.09995918934473111
11 7 5 1 -0.09995918934473111
10 8 2 0 -0.09995918934473111
11 8 2 1 -0.09995918934473111
10 9 3 0 -0.09995918934473111
11 9 3 1 -0.09995918934473111
10 10 0 0 0.11164113586851816
11 10 0 1 0.11164113586851816
10 11 1 0 0.11164113586851816
11 11 1 1 0.11164113586851816
10 0 8 2 -0.008544758150378598
11 0 8 3 -0.008544758150378598
10 1 9 2 -0.008544758150378598
11 1 9 3 -0.008544758150378598
10 2 10 2 0.0114796567251804
11 2 10 3 0.0114796567251804
10 3 11 2 0.0114796567251804
11 3 11 3 0.0114796567251804
10 8 0 2 -0.008544758150378598
11 8 0 3 -0.008544758150378598
10 9 1 2 -0.008544758150378598
11 9 1 3 -0.008544758150378598
10 10 2 2 0.011479656725180396
11 10 2 3 0.011479656725180396
10 11 3 2 0.011479656725180396
11 11 3 3 0.011479656725180396
10 0 6 4 -0.008544758150378598
11 0 6 5 -0.008544758150378598
10 1 7 4 -0.008544758150378598
11 1 7 5 -0.008544758150378598
10 4 10 4 0.0114796567251804
11 4 10 5 0.0114796567251804
10 5 11 4 0.0114796567251804
11 5 11 5 0.0114796567251804
10 6 0 4 -0.008544758150378598
11 6 0 5 -0.008544758150378598
10 7 1 4 -0.008544758150378598
11 7 1 5 -0.008544758150378598
10 10 4 4 0.011479656725180396
11 10 4 5 0.011479656725180396
10 11 5 4 0.011479656725180396
11 11 5 5 0.011479656725180396
10 0 4 6 -0.009548962256814869
11 0 4 7 -0.009548962256814869
10 1 5 6 -0.009548962256814869
11 1 5 7 -0.009548962256814869
10 4 0 6 -0.00954896225681487
11 4 0 7 -0.00954896225681487
10 5 1 6 -0.00954896225681487
11 5 1 7 -0.00954896225681487
10 6 10 6 0.012488752460340556
11 6 10 7 0.012488752460340556
10 7 11 6 0.012488752460340556
11 7 11 7 0.012488752460340556
10 10 6 6 0.012488752460340554
11 10 6 7 0.012488752460340554
10 11 7 6 0.012488752460340554
11 11 7 7 0.012488752460340554
10 0 2 8 -0.009548962256814869
11 0 2 9 -0.009548962256814869
10 1 3 8 -0.009548962256814869
11 1 3 9 -0.009548962256814869
10 2 0 8 -0.00954896225681487
11 2 0 9 -0.00954896225681487
10 3 1 8 -0.00954896225681487
11 3 1 9 -0.00954896225681487
10 8 10 8 0.012488752460340556
11 8 10 9 0.012488752460340556
10 9 11 8 0.012488752460340556
11 9 11 9 0.012488752460340556
10 10 8 8 0.012488752460340554
11 10 8 9 0.012488752460340554
10 11 9 8 0.012488752460340554
11 11 9 9 0.012488752460340554
10 0 0 10 0.26283682571428524
11 0 0 11 0.26283682571428524
10 1 1 10 0.26283682571428524
11 1 1 11 0.26283682571428524
10 2 2 10 0.2448369279921575
11 2 2 11 0.2448369279921575
10 3 3 10 0.2448369279921575
11 3 3 11 0.2448369279921575
10 4 4 10 0.2448369279921575
11 4 4 11 0.2448369279921575
10 5 5 10 0.2448369279921575
11 5 5 11 0.2448369279921575
10 6 6 10 0.2461233735415923
11 6 6 11 0.2461233735415923
10 7 7 10 0.2461233735415923
11 7 7 11 0.2461233735415923
10 8 8 10 0.2461233735415923
11 8 8 11 0.2461233735415923
10 9 9 10 0.2461233735415923
11 9 9 11 0.2461233735415923
10 10 10 10 0.28338827736337896
11 10 10 11 0.28338827736337896
10 11 11 10 0.28338827736337896
11 11 11 11 0.28338827736337896
