-96.23012814944741
0 0 -3.1387134595602957
1 1 -3.1387134595602957
2 2 -3.2230089740300745
3 3 -3.2230089740300745
4 4 -3.2230089740300745
5 5 -3.2230089740300745
6 6 -2.81288155516903
7 7 -2.81288155516903
8 8 -2.81288155516903
9 9 -2.81288155516903
10 10 -2.387972988369296
11 11 -2.387972988369296
0 0 0 0 0.29245900214525755
1 0 0 1 0.29245900214525755
0 1 1 0 0.29245900214525755
1 1 1 1 0.29245900214525755
0 2 2 0 0.25888256870138115
1 2 2 1 0.25888256870138115
0 3 3 0 0.25888256870138115
1 3 3 1 0.25888256870138115
0 4 4 0 0.25888256870138115
1 4 4 1 0.25888256870138115
0 5 5 0 0.25888256870138115
1 5 5 1 0.25888256870138115
0 6 6 0 0.27026834383212583
1 6 6 1 0.27026834383212583
0 7 7 0 0.27026834383212583
1 7 7 1 0.27026834383212583
0 8 8 0 0.27026834383212583
1 8 8 1 0.27026834383212583
0 9 9 0 0.27026834383212583
1 9 9 1 0.27026834383212583
0 10 10 0 0.2970444376633236
1 10 10 1 0.2970444376633236
0 11 11 0 0.2970444376633236
1 11 11 1 0.2970444376633236
0 0 2 2 0.014030272223470093
1 0 2 3 0.014030272223470093
0 1 3 2 0.014030272223470093
1 1 3 3 0.014030272223470093
0 2 0 2 0.014030272223470093
1 2 0 3 0.014030272223470093
0 3 1 2 0.014030272223470093
1 3 1 3 0.014030272223470093
0 8 10 2 -0.0002203850676786405
1 8 10 3 -0.0002203850676786405
0 9 11 2 -0.0002203850676786405
1 9 11 3 -0.0002203850676786405
0 10 8 2 -0.0002203850676786353
1 10 8 3 -0.0002203850676786353
0 11 9 2 -0.0002203850676786353
1 11 9 3 -0.0002203850676786353
0 0 4 4 0.014030272223470093
1 0 4 5 0.014030272223470093
0 1 5 4 0.014030272223470093
1 1 5 5 0.014030272223470093
0 4 0 4 0.014030272223470093
1 4 0 5 0.014030272223470093
0 5 1 4 0.014030272223470093
1 5 1 5 0.014030272223470093
0 6 10 4 -0.0002203850676786405
1 6 10 5 -0.0002203850676786405
0 7 11 4 -0.0002203850676786405
1 7 11 5 -0.0002203850676786405
0 10 6 4 -0.0002203850676786353
1 10 6 5 -0.0002203850676786353
0 11 7 4 -0.0002203850676786353
1 11 7 5 -0.0002203850676786353
0 0 6 6 0.019084787780425327
1 0 6 7 0.019084787780425327
0 1 7 6 0.019084787780425327
1 1 7 7 0.019084787780425327
0 4 10 6 0.0022078846266833773
1 4 10 7 0.0022078846266833773
0 5 11 6 0.0022078846266833773
1 5 11 7 0.0022078846266833773
0 6 0 6 0.019084787780425327
1 6 0 7 0.019084787780425327
0 7 1 6 0.019084787780425327
1 7 1 7 0.019084787780425327
0 10 4 6 0.002207884626683373
1 10 4 7 0.002207884626683373
0 11 5 6 0.002207884626683373
1 11 5 7 0.002207884626683373
0 0 8 8 0.019084787780425327
1 0 8 9 0.019084787780425327
0 1 9 8 0.019084787780425327
1 1 9 9 0.019084787780425327
0 2 10 8 0.0022078846266833773
1 2 10 9 0.0022078846266833773
0 3 11 8 0.0022078846266833773
1 3 11 9 0.0022078846266833773
0 8 0 8 0.019084787780425327
1 8 0 9 0.019084787780425327
0 9 1 8 0.019084787780425327
1 9 1 9 0.019084787780425327
0 10 2 8 0.002207884626683373
1 10 2 9 0.002207884626683373
0 11 3 8 0.002207884626683373
1 11 3 9 0.002207884626683373
0 0 10 10 0.0459075195162292
1 0 10 11 0.0459075195162292
0 1 11 10 0.0459075195162292
1 1 11 11 0.0459075195162292
0 2 8 10 -0.04606634420992051
1 2 8 11 -0.04606634420992051
0 3 9 10 -0.04606634420992051
1 3 9 11 -0.04606634420992051
0 4 6 10 -0.04606634420992051
1 4 6 11 -0.04606634420992051
0 5 7 10 -0.04606634420992051
1 5 7 11 -0.04606634420992051
0 6 4 10 -0.046066344209920465
1 6 4 11 -0.046066344209920465
0 7 5 10 -0.046066344209920465
1 7 5 11 -0.046066344209920465
0 8 2 10 -0.046066344209920465
1 8 2 11 -0.046066344209920465
0 9 3 10 -0.046066344209920465
1 9 3 11 -0.046066344209920465
0 10 0 10 0.04590751951622917
1 10 0 11 0.04590751951622917
0 11 1 10 0.04590751951622917
1 11 1 11 0.04590751951622917
2 0 2 0 0.014030272223470091
3 0 2 1 0.014030272223470091
2 1 3 0 0.014030272223470091
3 1 3 1 0.014030272223470091
2 2 0 0 0.014030272223470091
3 2 0 1 0.014030272223470091
2 3 1 0 0.014030272223470091
3 3 1 1 0.014030272223470091
2 8 10 0 -0.0002203850676786411
3 8 10 1 -0.0002203850676786411
2 9 11 0 -0.0002203850676786411
3 9 11 1 -0.0002203850676786411
2 10 8 0 -0.00022038506767863784
3 10 8 1 -0.00022038506767863784
2 11 9 0 -0.00022038506767863784
3 11 9 1 -0.00022038506767863784
2 0 0 2 0.2588825687013812
3 0 0 3 0.2588825687013812
2 1 1 2 0.2588825687013812
3 1 1 3 0.2588825687013812
2 2 2 2 0.2940166595706512
3 2 2 3 0.2940166595706512
2 3 3 2 0.2940166595706512
3 3 3 3 0.2940166595706512
2 4 4 2 0.2700261039572275
3 4 4 3 0.2700261039572275
2 5 5 2 0.2700261039572275
3 5 5 3 0.2700261039572275
2 6 6 2 0.27066198495412874
3 6 6 3 0.27066198495412874
2 7 7 2 0.27066198495412874
3 7 7 3 0.27066198495412874
2 8 8 2 0.29353960429166986
3 8 8 3 0.29353960429166986
2 9 9 2 0.29353960429166986
3 9 9 3 0.29353960429166986
2 10 10 2 0.30997935694734535
3 10 10 3 0.30997935694734535
2 11 11 2 0.30997935694734535
3 11 11 3 0.30997935694734535
2 2 4 4 0.01199527719553792
3 2 4 5 0.01199527719553792
2 3 5 4 0.01199527719553792
3 3 5 5 0.01199527719553792
2 4 2 4 0.01199527719553792
3 4 2 5 0.01199527719553792
2 5 3 4 0.01199527719553792
3 5 3 5 0.01199527719553792
2 6 8 4 0.011438809668770592
3 6 8 5 0.011438809668770592
2 7 9 4 0.011438809668770592
3 7 9 5 0.011438809668770592
2 8 6 4 0.011438809668770592
3 8 6 5 0.011438809668770592
2 9 7 4 0.011438809668770592
3 9 7 5 0.011438809668770592
2 2 6 6 0.0094899692853994
3 2 6 7 0.0094899692853994
2 3 7 6 0.0094899692853994
3 3 7 7 0.0094899692853994
2 4 8 6 0.0094899692853994
3 4 8 7 0.0094899692853994
2 5 9 6 0.0094899692853994
3 5 9 7 0.0094899692853994
2 6 2 6 0.0094899692853994
3 6 2 7 0.0094899692853994
2 7 3 6 0.0094899692853994
3 7 3 7 0.0094899692853994
2 8 4 6 0.0094899692853994
3 8 4 7 0.0094899692853994
2 9 5 6 0.0094899692853994
3 9 5 7 0.0094899692853994
2 0 10 8 -0.04606634420992048
3 0 10 9 -0.04606634420992048
2 1 11 8 -0.04606634420992048
3 1 11 9 -0.04606634420992048
2 2 8 8 0.09383089246519356
3 2 8 9 0.09383089246519356
2 3 9 8 0.09383089246519356
3 3 9 9 0.09383089246519356
2 4 6 8 0.07485095389439478
3 4 6 9 0.07485095389439478
2 5 7 8 0.07485095389439478
3 5 7 9 0.07485095389439478
2 6 4 8 0.07485095389439478
3 6 4 9 0.07485095389439478
2 7 5 8 0.07485095389439478
3 7 5 9 0.07485095389439478
2 8 2 8 0.09383089246519358
3 8 2 9 0.09383089246519358
2 9 3 8 0.09383089246519358
3 9 3 9 0.09383089246519358
2 10 0 8 -0.04606634420992049
3 10 0 9 -0.04606634420992049
2 11 1 8 -0.04606634420992049
3 11 1 9 -0.04606634420992049
2 0 8 10 0.002207884626683386
3 0 8 11 0.002207884626683386
2 1 9 10 0.002207884626683386
3 1 9 11 0.002207884626683386
2 2 10 10 0.01766722852239301
3 2 10 11 0.01766722852239301
2 3 11 10 0.01766722852239301
3 3 11 11 0.01766722852239301
2 8 0 10 0.0022078846266833842
3 8 0 11 0.0022078846266833842
2 9 1 10 0.0022078846266833842
3 9 1 11 0.0022078846266833842
2 10 2 10 0.017667228522393018
3 10 2 11 0.017667228522393018
2 11 3 10 0.017667228522393018
3 11 3 11 0.017667228522393018
4 0 4 0 0.014030272223470091
5 0 4 1 0.014030272223470091
4 1 5 0 0.014030272223470091
5 1 5 1 0.014030272223470091
4 4 0 0 0.014030272223470091
5 4 0 1 0.014030272223470091
4 5 1 0 0.014030272223470091
5 5 1 1 0.014030272223470091
4 6 10 0 -0.0002203850676786411
5 6 10 1 -0.0002203850676786411
4 7 11 0 -0.0002203850676786411
5 7 11 1 -0.0002203850676786411
4 10 6 0 -0.00022038506767863784
5 10 6 1 -0.00022038506767863784
4 11 7 0 -0.00022038506767863784
5 11 7 1 -0.00022038506767863784
4 2 4 2 0.01199527719553792
5 2 4 3 0.01199527719553792
4 3 5 2 0.01199527719553792
5 3 5 3 0.01199527719553792
4 4 2 2 0.01199527719553792
5 4 2 3 0.01199527719553792
4 5 3 2 0.01199527719553792
5 5 3 3 0.01199527719553792
4 6 8 2 0.011438809668770592
5 6 8 3 0.011438809668770592
4 7 9 2 0.011438809668770592
5 7 9 3 0.011438809668770592
4 8 6 2 0.011438809668770592
5 8 6 3 0.011438809668770592
4 9 7 2 0.011438809668770592
5 9 7 3 0.011438809668770592
4 0 0 4 0.2588825687013812
5 0 0 5 0.2588825687013812
4 1 1 4 0.2588825687013812
5 1 1 5 0.2588825687013812
4 2 2 4 0.2700261039572275
5 2 2 5 0.2700261039572275
4 3 3 4 0.2700261039572275
5 3 3 5 0.2700261039572275
4 4 4 4 0.2940166595706512
5 4 4 5 0.2940166595706512
4 5 5 4 0.2940166595706512
5 5 5 5 0.2940166595706512
4 6 6 4 0.29353960429166986
5 6 6 5 0.29353960429166986
4 7 7 4 0.29353960429166986
5 7 7 5 0.29353960429166986
4 8 8 4 0.27066198495412874
5 8 8 5 0.27066198495412874
4 9 9 4 0.27066198495412874
5 9 9 5 0.27066198495412874
4 10 10 4 0.30997935694734535
5 10 10 5 0.30997935694734535
4 11 11 4 0.30997935694734535
5 11 11 5 0.30997935694734535
4 0 10 6 -0.04606634420992048
5 0 10 7 -0.04606634420992048
4 1 11 6 -0.04606634420992048
5 1 11 7 -0.04606634420992048
4 2 8 6 0.07485095389439478
5 2 8 7 0.07485095389439478
4 3 9 6 0.07485095389439478
5 3 9 7 0.07485095389439478
4 4 6 6 0.09383089246519356
5 4 6 7 0.09383089246519356
4 5 7 6 0.09383089246519356
5 5 7 7 0.09383089246519356
4 6 4 6 0.09383089246519358
5 6 4 7 0.09383089246519358
4 7 5 6 0.09383089246519358
5 7 5 7 0.09383089246519358
4 8 2 6 0.07485095389439478
5 8 2 7 0.07485095389439478
4 9 3 6 0.07485095389439478
5 9 3 7 0.07485095389439478
4 10 0 6 -0.04606634420992049
5 10 0 7 -0.04606634420992049
4 11 1 6 -0.04606634420992049
5 11 1 7 -0.04606634420992049
4 2 6 8 0.0094899692853994
5 2 6 9 0.0094899692853994
4 3 7 8 0.0094899692853994
5 3 7 9 0.0094899692853994
4 4 8 8 0.0094899692853994
5 4 8 9 0.0094899692853994
4 5 9 8 0.0094899692853994
5 5 9 9 0.0094899692853994
4 6 2 8 0.0094899692853994
5 6 2 9 0.0094899692853994
4 7 3 8 0.0094899692853994
5 7 3 9 0.0094899692853994
4 8 4 8 0.0094899692853994
5 8 4 9 0.0094899692853994
4 9 5 8 0.0094899692853994
5 9 5 9 0.0094899692853994
4 0 6 10 0.002207884626683386
5 0 6 11 0.002207884626683386
4 1 7 10 0.002207884626683386
5 1 7 11 0.002207884626683386
4 4 10 10 0.01766722852239301
5 4 10 11 0.01766722852239301
4 5 11 10 0.01766722852239301
5 5 11 11 0.01766722852239301
4 6 0 10 0.0022078846266833842
5 6 0 11 0.0022078846266833842
4 7 1 10 0.0022078846266833842
5 7 1 11 0.0022078846266833842
4 10 4 10 0.017667228522393018
5 10 4 11 0.017667228522393018
4 11 5 10 0.017667228522393018
5 11 5 11 0.017667228522393018
6 0 6 0 0.019084787780425327
7 0 6 1 0.019084787780425327
6 1 7 0 0.019084787780425327
7 1 7 1 0.019084787780425327
6 4 10 0 0.0022078846266833764
7 4 10 1 0.0022078846266833764
6 5 11 0 0.0022078846266833764
7 5 11 1 0.0022078846266833764
6 6 0 0 0.019084787780425327
7 6 0 1 0.019084787780425327
6 7 1 0 0.019084787780425327
7 7 1 1 0.019084787780425327
6 10 4 0 0.002207884626683373
7 10 4 1 0.002207884626683373
6 11 5 0 0.002207884626683373
7 11 5 1 0.002207884626683373
6 2 6 2 0.0094899692853994
7 2 6 3 0.0094899692853994
6 3 7 2 0.0094899692853994
7 3 7 3 0.0094899692853994
6 4 8 2 0.0094899692853994
7 4 8 3 0.0094899692853994
6 5 9 2 0.0094899692853994
7 5 9 3 0.0094899692853994
6 6 2 2 0.0094899692853994
7 6 2 3 0.0094899692853994
6 7 3 2 0.0094899692853994
7 7 3 3 0.0094899692853994
6 8 4 2 0.0094899692853994
7 8 4 3 0.0094899692853994
6 9 5 2 0.0094899692853994
7 9 5 3 0.0094899692853994
6 0 10 4 -0.04606634420992048
7 0 10 5 -0.04606634420992048
6 1 11 4 -0.04606634420992048
7 1 11 5 -0.04606634420992048
6 2 8 4 0.07485095389439479
7 2 8 5 0.07485095389439479
6 3 9 4 0.07485095389439479
7 3 9 5 0.07485095389439479
6 4 6 4 0.09383089246519356
7 4 6 5 0.09383089246519356
6 5 7 4 0.09383089246519356
7 5 7 5 0.09383089246519356
6 6 4 4 0.09383089246519358
7 6 4 5 0.09383089246519358
6 7 5 4 0.09383089246519358
7 7 5 5 0.09383089246519358
6 8 2 4 0.07485095389439476
7 8 2 5 0.07485095389439476
6 9 3 4 0.07485095389439476
7 9 3 5 0.07485095389439476
6 10 0 4 -0.04606634420992049
7 10 0 5 -0.04606634420992049
6 11 1 4 -0.04606634420992049
7 11 1 5 -0.04606634420992049
6 0 0 6 0.2702683438321259
7 0 0 7 0.2702683438321259
6 1 1 6 0.2702683438321259
7 1 1 7 0.2702683438321259
6 2 2 6 0.27066198495412874
7 2 2 7 0.27066198495412874
6 3 3 6 0.27066198495412874
7 3 3 7 0.27066198495412874
6 4 4 6 0.29353960429166986
7 4 4 7 0.29353960429166986
6 5 5 6 0.29353960429166986
7 5 5 7 0.29353960429166986
6 6 6 6 0.30237479139058066
7 6 6 7 0.30237479139058066
6 7 7 6 0.30237479139058066
7 7 7 7 0.30237479139058066
6 8 8 6 0.27730642751304047
7 8 8 7 0.27730642751304047
6 9 9 6 0.27730642751304047
7 9 9 7 0.27730642751304047
6 10 10 6 0.3106755135907588
7 10 10 7 0.3106755135907588
6 11 11 6 0.3106755135907588
7 11 11 7 0.3106755135907588
6 2 4 8 0.011438809668770592
7 2 4 9 0.011438809668770592
6 3 5 8 0.011438809668770592
7 3 5 9 0.011438809668770592
6 4 2 8 0.011438809668770592
7 4 2 9 0.011438809668770592
6 5 3 8 0.011438809668770592
7 5 3 9 0.011438809668770592
6 6 8 8 0.012534181938770178
7 6 8 9 0.012534181938770178
6 7 9 8 0.012534181938770178
7 7 9 9 0.012534181938770178
6 8 6 8 0.012534181938770178
7 8 6 9 0.012534181938770178
6 9 7 8 0.012534181938770178
7 9 7 9 0.012534181938770178
6 0 4 10 -0.00022038506767863925
7 0 4 11 -0.00022038506767863925
6 1 5 10 -0.00022038506767863925
7 1 5 11 -0.00022038506767863925
6 4 0 10 -0.00022038506767863708
7 4 0 11 -0.00022038506767863708
6 5 1 10 -0.00022038506767863708
7 5 1 11 -0.00022038506767863708
6 6 10 10 0.023581807369106058
7 6 10 11 0.023581807369106058
6 7 11 10 0.023581807369106058
7 7 11 11 0.023581807369106058
6 10 6 10 0.02358180736910606
7 10 6 11 0.02358180736910606
6 11 7 10 0.02358180736910606
7 11 7 11 0.02358180736910606
8 0 8 0 0.019084787780425327
9 0 8 1 0.019084787780425327
8 1 9 0 0.019084787780425327
9 1 9 1 0.019084787780425327
8 2 10 0 0.0022078846266833764
9 2 10 1 0.0022078846266833764
8 3 11 0 0.0022078846266833764
9 3 11 1 0.0022078846266833764
8 8 0 0 0.019084787780425327
9 8 0 1 0.019084787780425327
8 9 1 0 0.019084787780425327
9 9 1 1 0.019084787780425327
8 10 2 0 0.002207884626683373
9 10 2 1 0.002207884626683373
8 11 3 0 0.002207884626683373
9 11 3 1 0.002207884626683373
8 0 10 2 -0.04606634420992048
9 0 10 3 -0.04606634420992048
8 1 11 2 -0.04606634420992048
9 1 11 3 -0.04606634420992048
8 2 8 2 0.09383089246519356
9 2 8 3 0.09383089246519356
8 3 9 2 0.09383089246519356
9 3 9 3 0.09383089246519356
8 4 6 2 0.07485095389439479
9 4 6 3 0.07485095389439479
8 5 7 2 0.07485095389439479
9 5 7 3 0.07485095389439479
8 6 4 2 0.07485095389439476
9 6 4 3 0.07485095389439476
8 7 5 2 0.07485095389439476
9 7 5 3 0.07485095389439476
8 8 2 2 0.09383089246519358
9 8 2 3 0.09383089246519358
8 9 3 2 0.09383089246519358
9 9 3 3 0.09383089246519358
8 10 0 2 -0.04606634420992049
9 10 0 3 -0.04606634420992049
8 11 1 2 -0.04606634420992049
9 11 1 3 -0.04606634420992049
8 2 6 4 0.0094899692853994
9 2 6 5 0.0094899692853994
8 3 7 4 0.0094899692853994
9 3 7 5 0.0094899692853994
8 4 8 4 0.0094899692853994
9 4 8 5 0.0094899692853994
8 5 9 4 0.0094899692853994
9 5 9 5 0.0094899692853994
8 6 2 4 0.0094899692853994
9 6 2 5 0.0094899692853994
8 7 3 4 0.0094899692853994
9 7 3 5 0.0094899692853994
8 8 4 4 0.0094899692853994
9 8 4 5 0.0094899692853994
8 9 5 4 0.0094899692853994
9 9 5 5 0.0094899692853994
8 2 4 6 0.011438809668770592
9 2 4 7 0.011438809668770592
8 3 5 6 0.011438809668770592
9 3 5 7 0.011438809668770592
8 4 2 6 0.011438809668770592
9 4 2 7 0.011438809668770592
8 5 3 6 0.011438809668770592
9 5 3 7 0.011438809668770592
8 6 8 6 0.012534181938770178
9 6 8 7 0.012534181938770178
8 7 9 6 0.012534181938770178
9 7 9 7 0.012534181938770178
8 8 6 6 0.012534181938770178
9 8 6 7 0.012534181938770178
8 9 7 6 0.012534181938770178
9 9 7 7 0.012534181938770178
8 0 0 8 0.2702683438321259
9 0 0 9 0.2702683438321259
8 1 1 8 0.2702683438321259
9 1 1 9 0.2702683438321259
8 2 2 8 0.29353960429166986
9 2 2 9 0.29353960429166986
8 3 3 8 0.29353960429166986
9 3 3 9 0.29353960429166986
8 4 4 8 0.27066198495412874
9 4 4 9 0.27066198495412874
8 5 5 8 0.27066198495412874
9 5 5 9 0.27066198495412874
8 6 6 8 0.27730642751304047
9 6 6 9 0.27730642751304047
8 7 7 8 0.27730642751304047
9 7 7 9 0.27730642751304047
8 8 8 8 0.30237479139058066
9 8 8 9 0.30237479139058066
8 9 9 8 0.30237479139058066
9 9 9 9 0.30237479139058066
8 10 10 8 0.3106755135907588
9 10 10 9 0.3106755135907588
8 11 11 8 0.3106755135907588
9 11 11 9 0.3106755135907588
8 0 2 10 -0.00022038506767863925
9 0 2 11 -0.00022038506767863925
8 1 3 10 -0.00022038506767863925
9 1 3 11 -0.00022038506767863925
8 2 0 10 -0.00022038506767863708
9 2 0 11 -0.00022038506767863708
8 3 1 10 -0.00022038506767863708
9 3 1 11 -0.00022038506767863708
8 8 10 10 0.023581807369106058
9 8 10 11 0.023581807369106058
8 9 11 10 0.023581807369106058
9 9 11 11 0.023581807369106058
8 10 8 10 0.02358180736910606
9 10 8 11 0.02358180736910606
8 11 9 10 0.02358180736910606
9 11 9 11 0.02358180736910606
10 0 10 0 0.04590751951622918
11 0 10 1 0.04590751951622918
10 1 11 0 0.04590751951622918
11 1 11 1 0.04590751951622918
10 2 8 0 -0.04606634420992052
11 2 8 1 -0.04606634420992052
10 3 9 0 -0.04606634420992052
11 3 9 1 -0.04606634420992052
10 4 6 0 -0.04606634420992052
11 4 6 1 -0.04606634420992052
10 5 7 0 -0.04606634420992052
11 5 7 1 -0.04606634420992052
10 6 4 0 -0.04606634420992048
11 6 4 1 -0.04606634420992048
10 7 5 0 -0.04606634420992048
11 7 5 1 -0.04606634420992048
10 8 2 0 -0.04606634420992048
11 8 2 1 -0.04606634420992048
10 9 3 0 -0.04606634420992048
11 9 3 1 -0.04606634420992048
10 10 0 0 0.04590751951622918
11 10 0 1 0.04590751951622918
10 11 1 0 0.04590751951622918
11 11 1 1 0.04590751951622918
10 0 8 2 0.0022078846266833894
11 0 8 3 0.0022078846266833894
10 1 9 2 0.0022078846266833894
11 1 9 3 0.0022078846266833894
10 2 10 2 0.01766722852239301
11 2 10 3 0.01766722852239301
10 3 11 2 0.01766722852239301
11 3 11 3 0.01766722852239301
10 8 0 2 0.0022078846266833894
11 8 0 3 0.0022078846266833894
10 9 1 2 0.0022078846266833894
11 9 1 3 0.0022078846266833894
10 10 2 2 0.017667228522393014
11 10 2 3 0.017667228522393014
10 11 3 2 0.017667228522393014
11 11 3 3 0.017667228522393014
10 0 6 4 0.0022078846266833894
11 0 6 5 0.0022078846266833894
10 1 7 4 0.0022078846266833894
11 1 7 5 0.0022078846266833894
10 4 10 4 0.01766722852239301
11 4 10 5 0.01766722852239301
10 5 11 4 0.01766722852239301
11 5 11 5 0.01766722852239301
10 6 0 4 0.0022078846266833894
11 6 0 5 0.0022078846266833894
10 7 1 4 0.0022078846266833894
11 7 1 5 0.0022078846266833894
10 10 4 4 0.017667228522393014
11 10 4 5 0.017667228522393014
10 11 5 4 0.017667228522393014
11 11 5 5 0.017667228522393014
10 0 4 6 -0.0002203850676786353
11 0 4 7 -0.0002203850676786353
10 1 5 6 -0.0002203850676786353
11 1 5 7 -0.0002203850676786353
10 4 0 6 -0.0002203850676786405
11 4 0 7 -0.0002203850676786405
10 5 1 6 -0.0002203850676786405
11 5 1 7 -0.0002203850676786405
10 6 10 6 0.023581807369106058
11 6 10 7 0.023581807369106058
10 7 11 6 0.023581807369106058
11 7 11 7 0.023581807369106058
10 10 6 6 0.023581807369106058
11 10 6 7 0.023581807369106058
10 11 7 6 0.023581807369106058
11 11 7 7 0.023581807369106058
10 0 2 8 -0.0002203850676786353
11 0 2 9 -0.0002203850676786353
10 1 3 8 -0.0002203850676786353
11 1 3 9 -0.0002203850676786353
10 2 0 8 -0.0002203850676786405
11 2 0 9 -0.0002203850676786405
10 3 1 8 -0.0002203850676786405
11 3 1 9 -0.0002203850676786405
10 8 10 8 0.023581807369106058
11 8 10 9 0.023581807369106058
10 9 11 8 0.023581807369106058
11 9 11 9 0.023581807369106058
10 10 8 8 0.023581807369106058
11 10 8 9 0.023581807369106058
10 11 9 8 0.023581807369106058
11 11 9 9 0.023581807369106058
10 0 0 10 0.2970444376633239
11 0 0 11 0.2970444376633239
10 1 1 10 0.2970444376633239
11 1 1 11 0.2970444376633239
10 2 2 10 0.3099793569473454
11 2 2 11 0.3099793569473454
10 3 3 10 0.3099793569473454
11 3 3 11 0.3099793569473454
10 4 4 10 0.3099793569473454
11 4 4 11 0.3099793569473454
10 5 5 10 0.3099793569473454
11 5 5 11 0.3099793569473454
10 6 6 10 0.3106755135907585
11 6 6 11 0.3106755135907585
10 7 7 10 0.3106755135907585
11 7 7 11 0.3106755135907585
10 8 8 10 0.3106755135907585
11 8 8 11 0.3106755135907585
10 9 9 10 0.3106755135907585
11 9 9 11 0.3106755135907585
10 10 10 10 0.38001243849105504
11 10 10 11 0.38001243849105504
10 11 11 10 0.38001243849105504
11 11 11 11 0.38001243849105504
