-99.0964919259905
0 0 -2.327117431783347
1 1 -2.327117431783347
2 2 -2.2975659657264758
3 3 -2.2975659657264758
4 4 -2.2975659657264758
5 5 -2.2975659657264758
6 6 -2.294213650594781
7 7 -2.294213650594781
8 8 -2.294213650594781
9 9 -2.294213650594781
10 10 -2.3102752605074715
11 11 -2.3102752605074715
0 0 0 0 0.23623123172872884
1 0 0 1 0.23623123172872884
0 1 1 0 0.23623123172872884
1 1 1 1 0.23623123172872884
0 2 2 0 0.21484517776353218
1 2 2 1 0.21484517776353218
0 3 3 0 0.21484517776353218
1 3 3 1 0.21484517776353218
0 4 4 0 0.21484517776353218
1 4 4 1 0.21484517776353218
0 5 5 0 0.21484517776353218
1 5 5 1 0.21484517776353218
0 6 6 0 0.21506988326265217
1 6 6 1 0.21506988326265217
0 7 7 0 0.21506988326265217
1 7 7 1 0.21506988326265217
0 8 8 0 0.21506988326265217
1 8 8 1 0.21506988326265217
0 9 9 0 0.21506988326265217
1 9 9 1 0.21506988326265217
0 10 10 0 0.23885797580506846
1 10 10 1 0.23885797580506846
0 11 11 0 0.23885797580506846
1 11 11 1 0.23885797580506846
0 0 2 2 0.010268201701427289
1 0 2 3 0.010268201701427289
0 1 3 2 0.010268201701427289
1 1 3 3 0.010268201701427289
0 2 0 2 0.010268201701427285
1 2 0 3 0.010268201701427285
0 3 1 2 0.010268201701427285
1 3 1 3 0.010268201701427285
0 8 10 2 -0.010303671761838348
1 8 10 3 -0.010303671761838348
0 9 11 2 -0.010303671761838348
1 9 11 3 -0.010303671761838348
0 10 8 2 -0.01030367176183835
1 10 8 3 -0.01030367176183835
0 11 9 2 -0.01030367176183835
1 11 9 3 -0.01030367176183835
0 0 4 4 0.010268201701427289
1 0 4 5 0.010268201701427289
0 1 5 4 0.010268201701427289
1 1 5 5 0.010268201701427289
0 4 0 4 0.010268201701427285
1 4 0 5 0.010268201701427285
0 5 1 4 0.010268201701427285
1 5 1 5 0.010268201701427285
0 6 10 4 -0.010303671761838348
1 6 10 5 -0.010303671761838348
0 7 11 4 -0.010303671761838348
1 7 11 5 -0.010303671761838348
0 10 6 4 -0.01030367176183835
1 10 6 5 -0.01030367176183835
0 11 7 4 -0.01030367176183835
1 11 7 5 -0.01030367176183835
0 0 6 6 0.01010221381251171
1 0 6 7 0.01010221381251171
0 1 7 6 0.01010221381251171
1 1 7 7 0.01010221381251171
0 4 10 6 -0.010112629315006682
1 4 10 7 -0.010112629315006682
0 5 11 6 -0.010112629315006682
1 5 11 7 -0.010112629315006682
0 6 0 6 0.01010221381251171
1 6 0 7 0.01010221381251171
0 7 1 6 0.01010221381251171
1 7 1 7 0.01010221381251171
0 10 4 6 -0.010112629315006682
1 10 4 7 -0.010112629315006682
0 11 5 6 -0.010112629315006682
1 11 5 7 -0.010112629315006682
0 0 8 8 0.01010221381251171
1 0 8 9 0.01010221381251171
0 1 9 8 0.01010221381251171
1 1 9 9 0.01010221381251171
0 2 10 8 -0.010112629315006682
1 2 10 9 -0.010112629315006682
0 3 11 8 -0.010112629315006682
1 3 11 9 -0.010112629315006682
0 8 0 8 0.01010221381251171
1 8 0 9 0.01010221381251171
0 9 1 8 0.01010221381251171
1 9 1 9 0.01010221381251171
0 10 2 8 -0.010112629315006682
1 10 2 9 -0.010112629315006682
0 11 3 8 -0.010112629315006682
1 11 3 9 -0.010112629315006682
0 0 10 10 0.14183117440162357
1 0 10 11 0.14183117440162357
0 1 11 10 0.14183117440162357
1 1 11 11 0.14183117440162357
0 2 8 10 -0.12369338684841
1 2 8 11 -0.12369338684841
0 3 9 10 -0.12369338684841
1 3 9 11 -0.12369338684841
0 4 6 10 -0.12369338684841
1 4 6 11 -0.12369338684841
0 5 7 10 -0.12369338684841
1 5 7 11 -0.12369338684841
0 6 4 10 -0.12369338684840998
1 6 4 11 -0.12369338684840998
0 7 5 10 -0.12369338684840998
1 7 5 11 -0.12369338684840998
0 8 2 10 -0.12369338684840998
1 8 2 11 -0.12369338684840998
0 9 3 10 -0.12369338684840998
1 9 3 11 -0.12369338684840998
0 10 0 10 0.14183117440162352
1 10 0 11 0.14183117440162352
0 11 1 10 0.14183117440162352
1 11 1 11 0.14183117440162352
2 0 2 0 0.010268201701427289
3 0 2 1 0.010268201701427289
2 1 3 0 0.010268201701427289
3 1 3 1 0.010268201701427289
2 2 0 0 0.010268201701427287
3 2 0 1 0.010268201701427287
2 3 1 0 0.010268201701427287
3 3 1 1 0.010268201701427287
2 8 10 0 -0.010303671761838346
3 8 10 1 -0.010303671761838346
2 9 11 0 -0.010303671761838346
3 9 11 1 -0.010303671761838346
2 10 8 0 -0.01030367176183835
3 10 8 1 -0.01030367176183835
2 11 9 0 -0.01030367176183835
3 11 9 1 -0.01030367176183835
2 0 0 2 0.21484517776353218
3 0 0 3 0.21484517776353218
2 1 1 2 0.21484517776353218
3 1 1 3 0.21484517776353218
2 2 2 2 0.2348288734961023
3 2 2 3 0.2348288734961023
2 3 3 2 0.2348288734961023
3 3 3 3 0.2348288734961023
2 4 4 2 0.21430187957072339
3 4 4 3 0.21430187957072339
2 5 5 2 0.21430187957072339
3 5 5 3 0.21430187957072339
2 6 6 2 0.21458271615275532
3 6 6 3 0.21458271615275532
2 7 7 2 0.21458271615275532
3 7 7 3 0.21458271615275532
2 8 8 2 0.23518938688154406
3 8 8 3 0.23518938688154406
2 9 9 2 0.23518938688154406
3 9 9 3 0.23518938688154406
2 10 10 2 0.21769663932838548
3 10 10 3 0.21769663932838548
2 11 11 2 0.21769663932838548
3 11 11 3 0.21769663932838548
2 2 4 4 0.010263496465297105
3 2 4 5 0.010263496465297105
2 3 5 4 0.010263496465297105
3 3 5 5 0.010263496465297105
2 4 2 4 0.010263496465297105
3 4 2 5 0.010263496465297105
2 5 3 4 0.010263496465297105
3 5 3 5 0.010263496465297105
2 6 8 4 0.010303334864390942
3 6 8 5 0.010303334864390942
2 7 9 4 0.010303334864390942
3 7 9 5 0.010303334864390942
2 8 6 4 0.010303334864390942
3 8 6 5 0.010303334864390942
2 9 7 4 0.010303334864390942
3 9 7 5 0.010303334864390942
2 2 6 6 0.010255975539811578
3 2 6 7 0.010255975539811578
2 3 7 6 0.010255975539811578
3 3 7 7 0.010255975539811578
2 4 8 6 0.010255975539811578
3 4 8 7 0.010255975539811578
2 5 9 6 0.010255975539811578
3 5 9 7 0.010255975539811578
2 6 2 6 0.010255975539811578
3 6 2 7 0.010255975539811578
2 7 3 6 0.010255975539811578
3 7 3 7 0.010255975539811578
2 8 4 6 0.010255975539811578
3 8 4 7 0.010255975539811578
2 9 5 6 0.010255975539811578
3 9 5 7 0.010255975539811578
2 0 10 8 -0.12369338684840998
3 0 10 9 -0.12369338684840998
2 1 11 8 -0.12369338684840998
3 1 11 9 -0.12369338684840998
2 2 8 8 0.14621384408346938
3 2 8 9 0.14621384408346938
2 3 9 8 0.14621384408346938
3 3 9 9 0.14621384408346938
2 4 6 8 0.12570189300384624
3 4 6 9 0.12570189300384624
2 5 7 8 0.12570189300384624
3 5 7 9 0.12570189300384624
2 6 4 8 0.1257018930038462
3 6 4 9 0.1257018930038462
2 7 5 8 0.1257018930038462
3 7 5 9 0.1257018930038462
2 8 2 8 0.14621384408346935
3 8 2 9 0.14621384408346935
2 9 3 8 0.14621384408346935
3 9 3 9 0.14621384408346935
2 10 0 8 -0.12369338684840997
3 10 0 9 -0.12369338684840997
2 11 1 8 -0.12369338684840997
3 11 1 9 -0.12369338684840997
2 0 8 10 -0.010112629315006682
3 0 8 11 -0.010112629315006682
2 1 9 10 -0.010112629315006682
3 1 9 11 -0.010112629315006682
2 2 10 10 0.010388080095080666
3 2 10 11 0.010388080095080666
2 3 11 10 0.010388080095080666
3 3 11 11 0.010388080095080666
2 8 0 10 -0.01011262931500668
3 8 0 11 -0.01011262931500668
2 9 1 10 -0.01011262931500668
3 9 1 11 -0.01011262931500668
2 10 2 10 0.010388080095080668
3 10 2 11 0.010388080095080668
2 11 3 10 0.010388080095080668
3 11 3 11 0.010388080095080668
4 0 4 0 0.010268201701427289
5 0 4 1 0.010268201701427289
4 1 5 0 0.010268201701427289
5 1 5 1 0.010268201701427289
4 4 0 0 0.010268201701427287
5 4 0 1 0.010268201701427287
4 5 1 0 0.010268201701427287
5 5 1 1 0.010268201701427287
4 6 10 0 -0.010303671761838346
5 6 10 1 -0.010303671761838346
4 7 11 0 -0.010303671761838346
5 7 11 1 -0.010303671761838346
4 10 6 0 -0.01030367176183835
5 10 6 1 -0.01030367176183835
4 11 7 0 -0.01030367176183835
5 11 7 1 -0.01030367176183835
4 2 4 2 0.010263496465297105
5 2 4 3 0.010263496465297105
4 3 5 2 0.010263496465297105
5 3 5 3 0.010263496465297105
4 4 2 2 0.010263496465297105
5 4 2 3 0.010263496465297105
4 5 3 2 0.010263496465297105
5 5 3 3 0.010263496465297105
4 6 8 2 0.010303334864390942
5 6 8 3 0.010303334864390942
4 7 9 2 0.010303334864390942
5 7 9 3 0.010303334864390942
4 8 6 2 0.010303334864390942
5 8 6 3 0.010303334864390942
4 9 7 2 0.010303334864390942
5 9 7 3 0.010303334864390942
4 0 0 4 0.21484517776353218
5 0 0 5 0.21484517776353218
4 1 1 4 0.21484517776353218
5 1 1 5 0.21484517776353218
4 2 2 4 0.21430187957072339
5 2 2 5 0.21430187957072339
4 3 3 4 0.21430187957072339
5 3 3 5 0.21430187957072339
4 4 4 4 0.2348288734961023
5 4 4 5 0.2348288734961023
4 5 5 4 0.2348288734961023
5 5 5 5 0.2348288734961023
4 6 6 4 0.23518938688154406
5 6 6 5 0.23518938688154406
4 7 7 4 0.23518938688154406
5 7 7 5 0.23518938688154406
4 8 8 4 0.21458271615275532
5 8 8 5 0.21458271615275532
4 9 9 4 0.21458271615275532
5 9 9 5 0.21458271615275532
4 10 10 4 0.21769663932838548
5 10 10 5 0.21769663932838548
4 11 11 4 0.21769663932838548
5 11 11 5 0.21769663932838548
4 0 10 6 -0.12369338684840998
5 0 10 7 -0.12369338684840998
4 1 11 6 -0.12369338684840998
5 1 11 7 -0.12369338684840998
4 2 8 6 0.12570189300384624
5 2 8 7 0.12570189300384624
4 3 9 6 0.12570189300384624
5 3 9 7 0.12570189300384624
4 4 6 6 0.14621384408346938
5 4 6 7 0.14621384408346938
4 5 7 6 0.14621384408346938
5 5 7 7 0.14621384408346938
4 6 4 6 0.14621384408346935
5 6 4 7 0.14621384408346935
4 7 5 6 0.14621384408346935
5 7 5 7 0.14621384408346935
4 8 2 6 0.1257018930038462
5 8 2 7 0.1257018930038462
4 9 3 6 0.1257018930038462
5 9 3 7 0.1257018930038462
4 10 0 6 -0.12369338684840997
5 10 0 7 -0.12369338684840997
4 11 1 6 -0.12369338684840997
5 11 1 7 -0.12369338684840997
4 2 6 8 0.010255975539811578
5 2 6 9 0.010255975539811578
4 3 7 8 0.010255975539811578
5 3 7 9 0.010255975539811578
4 4 8 8 0.010255975539811578
5 4 8 9 0.010255975539811578
4 5 9 8 0.010255975539811578
5 5 9 9 0.010255975539811578
4 6 2 8 0.010255975539811578
5 6 2 9 0.010255975539811578
4 7 3 8 0.010255975539811578
5 7 3 9 0.010255975539811578
4 8 4 8 0.010255975539811578
5 8 4 9 0.010255975539811578
4 9 5 8 0.010255975539811578
5 9 5 9 0.010255975539811578
4 0 6 10 -0.010112629315006682
5 0 6 11 -0.010112629315006682
4 1 7 10 -0.010112629315006682
5 1 7 11 -0.010112629315006682
4 4 10 10 0.010388080095080666
5 4 10 11 0.010388080095080666
4 5 11 10 0.010388080095080666
5 5 11 11 0.010388080095080666
4 6 0 10 -0.01011262931500668
5 6 0 11 -0.01011262931500668
4 7 1 10 -0.01011262931500668
5 7 1 11 -0.01011262931500668
4 10 4 10 0.010388080095080668
5 10 4 11 0.010388080095080668
4 11 5 10 0.010388080095080668
5 11 5 11 0.010388080095080668
6 0 6 0 0.01010221381251171
7 0 6 1 0.01010221381251171
6 1 7 0 0.01010221381251171
7 1 7 1 0.01010221381251171
6 4 10 0 -0.010112629315006682
7 4 10 1 -0.010112629315006682
6 5 11 0 -0.010112629315006682
7 5 11 1 -0.010112629315006682
6 6 0 0 0.01010221381251171
7 6 0 1 0.01010221381251171
6 7 1 0 0.01010221381251171
7 7 1 1 0.01010221381251171
6 10 4 0 -0.010112629315006682
7 10 4 1 -0.010112629315006682
6 11 5 0 -0.010112629315006682
7 11 5 1 -0.010112629315006682
6 2 6 2 0.010255975539811578
7 2 6 3 0.010255975539811578
6 3 7 2 0.010255975539811578
7 3 7 3 0.010255975539811578
6 4 8 2 0.010255975539811578
7 4 8 3 0.010255975539811578
6 5 9 2 0.010255975539811578
7 5 9 3 0.010255975539811578
6 6 2 2 0.01025597553981158
7 6 2 3 0.01025597553981158
6 7 3 2 0.01025597553981158
7 7 3 3 0.01025597553981158
6 8 4 2 0.01025597553981158
7 8 4 3 0.01025597553981158
6 9 5 2 0.01025597553981158
7 9 5 3 0.01025597553981158
6 0 10 4 -0.12369338684840997
7 0 10 5 -0.12369338684840997
6 1 11 4 -0.12369338684840997
7 1 11 5 -0.12369338684840997
6 2 8 4 0.12570189300384624
7 2 8 5 0.12570189300384624
6 3 9 4 0.12570189300384624
7 3 9 5 0.12570189300384624
6 4 6 4 0.14621384408346938
7 4 6 5 0.14621384408346938
6 5 7 4 0.14621384408346938
7 5 7 5 0.14621384408346938
6 6 4 4 0.14621384408346932
7 6 4 5 0.14621384408346932
6 7 5 4 0.14621384408346932
7 7 5 5 0.14621384408346932
6 8 2 4 0.1257018930038462
7 8 2 5 0.1257018930038462
6 9 3 4 0.1257018930038462
7 9 3 5 0.1257018930038462
6 10 0 4 -0.12369338684840997
7 10 0 5 -0.12369338684840997
6 11 1 4 -0.12369338684840997
7 11 1 5 -0.12369338684840997
6 0 0 6 0.2150698832626521
7 0 0 7 0.2150698832626521
6 1 1 6 0.2150698832626521
7 1 1 7 0.2150698832626521
6 2 2 6 0.21458271615275534
7 2 2 7 0.21458271615275534
6 3 3 6 0.21458271615275534
7 3 3 7 0.21458271615275534
6 4 4 6 0.23518938688154403
7 4 4 7 0.23518938688154403
6 5 5 6 0.23518938688154403
7 5 5 7 0.23518938688154403
6 6 6 6 0.23555386881046333
7 6 6 7 0.23555386881046333
6 7 7 6 0.23555386881046333
7 7 7 7 0.23555386881046333
6 8 8 6 0.21486653266741412
7 8 8 7 0.21486653266741412
6 9 9 6 0.21486653266741412
7 9 9 7 0.21486653266741412
6 10 10 6 0.2179243981718726
7 10 10 7 0.2179243981718726
6 11 11 6 0.2179243981718726
7 11 11 7 0.2179243981718726
6 2 4 8 0.01030333486439094
7 2 4 9 0.01030333486439094
6 3 5 8 0.01030333486439094
7 3 5 9 0.01030333486439094
6 4 2 8 0.01030333486439094
7 4 2 9 0.01030333486439094
6 5 3 8 0.01030333486439094
7 5 3 9 0.01030333486439094
6 6 8 8 0.010343668574152837
7 6 8 9 0.010343668574152837
6 7 9 8 0.010343668574152837
7 7 9 9 0.010343668574152837
6 8 6 8 0.010343668574152837
7 8 6 9 0.010343668574152837
6 9 7 8 0.010343668574152837
7 9 7 9 0.010343668574152837
6 0 4 10 -0.01030367176183835
7 0 4 11 -0.01030367176183835
6 1 5 10 -0.01030367176183835
7 1 5 11 -0.01030367176183835
6 4 0 10 -0.010303671761838346
7 4 0 11 -0.010303671761838346
6 5 1 10 -0.010303671761838346
7 5 1 11 -0.010303671761838346
6 6 10 10 0.010598111867079393
7 6 10 11 0.010598111867079393
6 7 11 10 0.010598111867079393
7 7 11 11 0.010598111867079393
6 10 6 10 0.010598111867079395
7 10 6 11 0.010598111867079395
6 11 7 10 0.010598111867079395
7 11 7 11 0.010598111867079395
8 0 8 0 0.01010221381251171
9 0 8 1 0.01010221381251171
8 1 9 0 0.01010221381251171
9 1 9 1 0.01010221381251171
8 2 10 0 -0.010112629315006682
9 2 10 1 -0.010112629315006682
8 3 11 0 -0.010112629315006682
9 3 11 1 -0.010112629315006682
8 8 0 0 0.01010221381251171
9 8 0 1 0.01010221381251171
8 9 1 0 0.01010221381251171
9 9 1 1 0.01010221381251171
8 10 2 0 -0.010112629315006682
9 10 2 1 -0.010112629315006682
8 11 3 0 -0.010112629315006682
9 11 3 1 -0.010112629315006682
8 0 10 2 -0.12369338684840997
9 0 10 3 -0.12369338684840997
8 1 11 2 -0.12369338684840997
9 1 11 3 -0.12369338684840997
8 2 8 2 0.14621384408346938
9 2 8 3 0.14621384408346938
8 3 9 2 0.14621384408346938
9 3 9 3 0.14621384408346938
8 4 6 2 0.12570189300384624
9 4 6 3 0.12570189300384624
8 5 7 2 0.12570189300384624
9 5 7 3 0.12570189300384624
8 6 4 2 0.1257018930038462
9 6 4 3 0.1257018930038462
8 7 5 2 0.1257018930038462
9 7 5 3 0.1257018930038462
8 8 2 2 0.14621384408346932
9 8 2 3 0.14621384408346932
8 9 3 2 0.14621384408346932
9 9 3 3 0.14621384408346932
8 10 0 2 -0.12369338684840997
9 10 0 3 -0.12369338684840997
8 11 1 2 -0.12369338684840997
9 11 1 3 -0.12369338684840997
8 2 6 4 0.010255975539811578
9 2 6 5 0.010255975539811578
8 3 7 4 0.010255975539811578
9 3 7 5 0.010255975539811578
8 4 8 4 0.010255975539811578
9 4 8 5 0.010255975539811578
8 5 9 4 0.010255975539811578
9 5 9 5 0.010255975539811578
8 6 2 4 0.01025597553981158
9 6 2 5 0.01025597553981158
8 7 3 4 0.01025597553981158
9 7 3 5 0.01025597553981158
8 8 4 4 0.01025597553981158
9 8 4 5 0.01025597553981158
8 9 5 4 0.01025597553981158
9 9 5 5 0.01025597553981158
8 2 4 6 0.01030333486439094
9 2 4 7 0.01030333486439094
8 3 5 6 0.01030333486439094
9 3 5 7 0.01030333486439094
8 4 2 6 0.01030333486439094
9 4 2 7 0.01030333486439094
8 5 3 6 0.01030333486439094
9 5 3 7 0.01030333486439094
8 6 8 6 0.010343668574152837
9 6 8 7 0.010343668574152837
8 7 9 6 0.010343668574152837
9 7 9 7 0.010343668574152837
8 8 6 6 0.010343668574152837
9 8 6 7 0.010343668574152837
8 9 7 6 0.010343668574152837
9 9 7 7 0.010343668574152837
8 0 0 8 0.2150698832626521
9 0 0 9 0.2150698832626521
8 1 1 8 0.2150698832626521
9 1 1 9 0.2150698832626521
8 2 2 8 0.23518938688154403
9 2 2 9 0.23518938688154403
8 3 3 8 0.23518938688154403
9 3 3 9 0.23518938688154403
8 4 4 8 0.21458271615275534
9 4 4 9 0.21458271615275534
8 5 5 8 0.21458271615275534
9 5 5 9 0.21458271615275534
8 6 6 8 0.21486653266741412
9 6 6 9 0.21486653266741412
8 7 7 8 0.21486653266741412
9 7 7 9 0.21486653266741412
8 8 8 8 0.23555386881046333
9 8 8 9 0.23555386881046333
8 9 9 8 0.23555386881046333
9 9 9 9 0.23555386881046333
8 10 10 8 0.2179243981718726
9 10 10 9 0.2179243981718726
8 11 11 8 0.2179243981718726
9 11 11 9 0.2179243981718726
8 0 2 10 -0.01030367176183835
9 0 2 11 -0.01030367176183835
8 1 3 10 -0.01030367176183835
9 1 3 11 -0.01030367176183835
8 2 0 10 -0.010303671761838346
9 2 0 11 -0.010303671761838346
8 3 1 10 -0.010303671761838346
9 3 1 11 -0.010303671761838346
8 8 10 10 0.010598111867079393
9 8 10 11 0.010598111867079393
8 9 11 10 0.010598111867079393
9 9 11 11 0.010598111867079393
8 10 8 10 0.010598111867079395
9 10 8 11 0.010598111867079395
8 11 9 10 0.010598111867079395
9 11 9 11 0.010598111867079395
10 0 10 0 0.14183117440162357
11 0 10 1 0.14183117440162357
10 1 11 0 0.14183117440162357
11 1 11 1 0.14183117440162357
10 2 8 0 -0.12369338684840997
11 2 8 1 -0.12369338684840997
10 3 9 0 -0.12369338684840997
11 3 9 1 -0.12369338684840997
10 4 6 0 -0.12369338684840997
11 4 6 1 -0.12369338684840997
10 5 7 0 -0.12369338684840997
11 5 7 1 -0.12369338684840997
10 6 4 0 -0.12369338684840997
11 6 4 1 -0.12369338684840997
10 7 5 0 -0.12369338684840997
11 7 5 1 -0.12369338684840997
10 8 2 0 -0.12369338684840997
11 8 2 1 -0.12369338684840997
10 9 3 0 -0.12369338684840997
11 9 3 1 -0.12369338684840997
10 10 0 0 0.14183117440162352
11 10 0 1 0.14183117440162352
10 11 1 0 0.14183117440162352
11 11 1 1 0.14183117440162352
10 0 8 2 -0.010112629315006678
11 0 8 3 -0.010112629315006678
10 1 9 2 -0.010112629315006678
11 1 9 3 -0.010112629315006678
10 2 10 2 0.010388080095080666
11 2 10 3 0.010388080095080666
10 3 11 2 0.010388080095080666
11 3 11 3 0.010388080095080666
10 8 0 2 -0.010112629315006678
11 8 0 3 -0.010112629315006678
10 9 1 2 -0.010112629315006678
11 9 1 3 -0.010112629315006678
10 10 2 2 0.010388080095080668
11 10 2 3 0.010388080095080668
10 11 3 2 0.010388080095080668
11 11 3 3 0.010388080095080668
10 0 6 4 -0.010112629315006678
11 0 6 5 -0.010112629315006678
10 1 7 4 -0.010112629315006678
11 1 7 5 -0.010112629315006678
10 4 10 4 0.010388080095080666
11 4 10 5 0.010388080095080666
10 5 11 4 0.010388080095080666
11 5 11 5 0.010388080095080666
10 6 0 4 -0.010112629315006678
11 6 0 5 -0.010112629315006678
10 7 1 4 -0.010112629315006678
11 7 1 5 -0.010112629315006678
10 10 4 4 0.010388080095080668
11 10 4 5 0.010388080095080668
10 11 5 4 0.010388080095080668
11 11 5 5 0.010388080095080668
10 0 4 6 -0.010303671761838348
11 0 4 7 -0.010303671761838348
10 1 5 6 -0.010303671761838348
11 1 5 7 -0.010303671761838348
10 4 0 6 -0.010303671761838346
11 4 0 7 -0.010303671761838346
10 5 1 6 -0.010303671761838346
11 5 1 7 -0.010303671761838346
10 6 10 6 0.010598111867079391
11 6 10 7 0.010598111867079391
10 7 11 6 0.010598111867079391
11 7 11 7 0.010598111867079391
10 10 6 6 0.010598111867079395
11 10 6 7 0.010598111867079395
10 11 7 6 0.010598111867079395
11 11 7 7 0.010598111867079395
10 0 2 8 -0.010303671761838348
11 0 2 9 -0.010303671761838348
10 1 3 8 -0.010303671761838348
11 1 3 9 -0.010303671761838348
10 2 0 8 -0.010303671761838346
11 2 0 9 -0.010303671761838346
10 3 1 8 -0.010303671761838346
11 3 1 9 -0.010303671761838346
10 8 10 8 0.010598111867079391
11 8 10 9 0.010598111867079391
10 9 11 8 0.010598111867079391
11 9 11 9 0.010598111867079391
10 10 8 8 0.010598111867079395
11 10 8 9 0.010598111867079395
10 11 9 8 0.010598111867079395
11 11 9 9 0.010598111867079395
10 0 0 10 0.23885797580506846
11 0 0 11 0.23885797580506846
10 1 1 10 0.23885797580506846
11 1 1 11 0.23885797580506846
10 2 2 10 0.21769663932838548
11 2 2 11 0.21769663932838548
10 3 3 10 0.21769663932838548
11 3 3 11 0.21769663932838548
10 4 4 10 0.21769663932838548
11 4 4 11 0.21769663932838548
10 5 5 10 0.21769663932838548
11 5 5 11 0.21769663932838548
10 6 6 10 0.21792439817187262
11 6 6 11 0.21792439817187262
10 7 7 10 0.21792439817187262
11 7 7 11 0.21792439817187262
10 8 8 10 0.21792439817187262
11 8 8 11 0.21792439817187262
10 9 9 10 0.21792439817187262
11 9 9 11 0.21792439817187262
10 10 10 10 0.24238799749282988
11 10 10 11 0.24238799749282988
10 11 11 10 0.24238799749282988
11 11 11 11 0.24238799749282988
