-96.67439132556927
0 0 -3.076275227384497
1 1 -3.076275227384497
2 2 -3.1043902192368904
3 3 -3.1043902192368904
4 4 -3.1043902192368904
5 5 -3.1043902192368904
6 6 -2.7786833574498377
7 7 -2.7786833574498377
8 8 -2.7786833574498377
9 9 -2.7786833574498377
10 10 -2.5000593805849594
11 11 -2.5000593805849594
0 0 0 0 0.28776862858647684
1 0 0 1 0.28776862858647684
0 1 1 0 0.28776862858647684
1 1 1 1 0.28776862858647684
0 2 2 0 0.2552882109371985
1 2 2 1 0.2552882109371985
0 3 3 0 0.2552882109371985
1 3 3 1 0.2552882109371985
0 4 4 0 0.2552882109371985
1 4 4 1 0.2552882109371985
0 5 5 0 0.2552882109371985
1 5 5 1 0.2552882109371985
0 6 6 0 0.26487000054766446
1 6 6 1 0.26487000054766446
0 7 7 0 0.26487000054766446
1 7 7 1 0.26487000054766446
0 8 8 0 0.26487000054766446
1 8 8 1 0.26487000054766446
0 9 9 0 0.26487000054766446
1 9 9 1 0.26487000054766446
0 10 10 0 0.29243114743150783
1 10 10 1 0.29243114743150783
0 11 11 0 0.29243114743150783
1 11 11 1 0.29243114743150783
0 0 2 2 0.01380485826409467
1 0 2 3 0.01380485826409467
0 1 3 2 0.01380485826409467
1 1 3 3 0.01380485826409467
0 2 0 2 0.01380485826409467
1 2 0 3 0.01380485826409467
0 3 1 2 0.01380485826409467
1 3 1 3 0.01380485826409467
0 8 10 2 -0.0019936940158124996
1 8 10 3 -0.0019936940158124996
0 9 11 2 -0.0019936940158124996
1 9 11 3 -0.0019936940158124996
0 10 8 2 -0.001993694015812496
1 10 8 3 -0.001993694015812496
0 11 9 2 -0.001993694015812496
1 11 9 3 -0.001993694015812496
0 0 4 4 0.01380485826409467
1 0 4 5 0.01380485826409467
0 1 5 4 0.01380485826409467
1 1 5 5 0.01380485826409467
0 4 0 4 0.01380485826409467
1 4 0 5 0.01380485826409467
0 5 1 4 0.01380485826409467
1 5 1 5 0.01380485826409467
0 6 10 4 -0.0019936940158124996
1 6 10 5 -0.0019936940158124996
0 7 11 4 -0.0019936940158124996
1 7 11 5 -0.0019936940158124996
0 10 6 4 -0.001993694015812496
1 10 6 5 -0.001993694015812496
0 11 7 4 -0.001993694015812496
1 11 7 5 -0.001993694015812496
0 0 6 6 0.01766741976856754
1 0 6 7 0.01766741976856754
0 1 7 6 0.01766741976856754
1 1 7 7 0.01766741976856754
0 4 10 6 0.0004946987231597179
1 4 10 7 0.0004946987231597179
0 5 11 6 0.0004946987231597179
1 5 11 7 0.0004946987231597179
0 6 0 6 0.01766741976856754
1 6 0 7 0.01766741976856754
0 7 1 6 0.01766741976856754
1 7 1 7 0.01766741976856754
0 10 4 6 0.0004946987231597387
1 10 4 7 0.0004946987231597387
0 11 5 6 0.0004946987231597387
1 11 5 7 0.0004946987231597387
0 0 8 8 0.01766741976856754
1 0 8 9 0.01766741976856754
0 1 9 8 0.01766741976856754
1 1 9 9 0.01766741976856754
0 2 10 8 0.0004946987231597179
1 2 10 9 0.0004946987231597179
0 3 11 8 0.0004946987231597179
1 3 11 9 0.0004946987231597179
0 8 0 8 0.01766741976856754
1 8 0 9 0.01766741976856754
0 9 1 8 0.01766741976856754
1 9 1 9 0.01766741976856754
0 10 2 8 0.0004946987231597387
1 10 2 9 0.0004946987231597387
0 11 3 8 0.0004946987231597387
1 11 3 9 0.0004946987231597387
0 0 10 10 0.052061277497971514
1 0 10 11 0.052061277497971514
0 1 11 10 0.052061277497971514
1 1 11 11 0.052061277497971514
0 2 8 10 -0.052443244281780564
1 2 8 11 -0.052443244281780564
0 3 9 10 -0.052443244281780564
1 3 9 11 -0.052443244281780564
0 4 6 10 -0.052443244281780564
1 4 6 11 -0.052443244281780564
0 5 7 10 -0.052443244281780564
1 5 7 11 -0.052443244281780564
0 6 4 10 -0.052443244281780474
1 6 4 11 -0.052443244281780474
0 7 5 10 -0.052443244281780474
1 7 5 11 -0.052443244281780474
0 8 2 10 -0.052443244281780474
1 8 2 11 -0.052443244281780474
0 9 3 10 -0.052443244281780474
1 9 3 11 -0.052443244281780474
0 10 0 10 0.05206127749797142
1 10 0 11 0.05206127749797142
0 11 1 10 0.05206127749797142
1 11 1 11 0.05206127749797142
2 0 2 0 0.01380485826409467
3 0 2 1 0.01380485826409467
2 1 3 0 0.01380485826409467
3 1 3 1 0.01380485826409467
2 2 0 0 0.01380485826409467
3 2 0 1 0.01380485826409467
2 3 1 0 0.01380485826409467
3 3 1 1 0.01380485826409467
2 8 10 0 -0.0019936940158124987
3 8 10 1 -0.0019936940158124987
2 9 11 0 -0.0019936940158124987
3 9 11 1 -0.0019936940158124987
2 10 8 0 -0.0019936940158124987
3 10 8 1 -0.0019936940158124987
2 11 9 0 -0.0019936940158124987
3 11 9 1 -0.0019936940158124987
2 0 0 2 0.2552882109371985
3 0 0 3 0.2552882109371985
2 1 1 2 0.2552882109371985
3 1 1 3 0.2552882109371985
2 2 2 2 0.2863048497072517
3 2 2 3 0.2863048497072517
2 3 3 2 0.2863048497072517
3 3 3 3 0.2863048497072517
2 4 4 2 0.2634398650390548
3 4 4 3 0.2634398650390548
2 5 5 2 0.2634398650390548
3 5 5 3 0.2634398650390548
2 6 6 2 0.26492904751974733
3 6 6 3 0.26492904751974733
2 7 7 2 0.26492904751974733
3 7 7 3 0.26492904751974733
2 8 8 2 0.2873561462513609
3 8 8 3 0.2873561462513609
2 9 9 2 0.2873561462513609
3 9 9 3 0.2873561462513609
2 10 10 2 0.3011795630636769
3 10 10 3 0.3011795630636769
2 11 11 2 0.3011795630636769
3 11 11 3 0.3011795630636769
2 2 4 4 0.011432492002939587
3 2 4 5 0.011432492002939587
2 3 5 4 0.011432492002939587
3 3 5 5 0.011432492002939587
2 4 2 4 0.011432492002939587
3 4 2 5 0.011432492002939587
2 5 3 4 0.011432492002939587
3 5 3 5 0.011432492002939587
2 6 8 4 0.011213548838196528
3 6 8 5 0.011213548838196528
2 7 9 4 0.011213548838196528
3 7 9 5 0.011213548838196528
2 8 6 4 0.011213548838196528
3 8 6 5 0.011213548838196528
2 9 7 4 0.011213548838196528
3 9 7 5 0.011213548838196528
2 2 6 6 0.009615593544093356
3 2 6 7 0.009615593544093356
2 3 7 6 0.009615593544093356
3 3 7 7 0.009615593544093356
2 4 8 6 0.009615593544093356
3 4 8 7 0.009615593544093356
2 5 9 6 0.009615593544093356
3 5 9 7 0.009615593544093356
2 6 2 6 0.009615593544093354
3 6 2 7 0.009615593544093354
2 7 3 6 0.009615593544093354
3 7 3 7 0.009615593544093354
2 8 4 6 0.009615593544093354
3 8 4 7 0.009615593544093354
2 9 5 6 0.009615593544093354
3 9 5 7 0.009615593544093354
2 0 10 8 -0.05244324428178054
3 0 10 9 -0.05244324428178054
2 1 11 8 -0.05244324428178054
3 1 11 9 -0.05244324428178054
2 2 8 8 0.0983748605902417
3 2 8 9 0.0983748605902417
2 3 9 8 0.0983748605902417
3 3 9 9 0.0983748605902417
2 4 6 8 0.07914367350205498
3 4 6 9 0.07914367350205498
2 5 7 8 0.07914367350205498
3 5 7 9 0.07914367350205498
2 6 4 8 0.07914367350205495
3 6 4 9 0.07914367350205495
2 7 5 8 0.07914367350205495
3 7 5 9 0.07914367350205495
2 8 2 8 0.09837486059024168
3 8 2 9 0.09837486059024168
2 9 3 8 0.09837486059024168
3 9 3 9 0.09837486059024168
2 10 0 8 -0.05244324428178054
3 10 0 9 -0.05244324428178054
2 11 1 8 -0.05244324428178054
3 11 1 9 -0.05244324428178054
2 0 8 10 0.0004946987231597207
3 0 8 11 0.0004946987231597207
2 1 9 10 0.0004946987231597207
3 1 9 11 0.0004946987231597207
2 2 10 10 0.0167745745134819
3 2 10 11 0.0167745745134819
2 3 11 10 0.0167745745134819
3 3 11 11 0.0167745745134819
2 8 0 10 0.0004946987231597194
3 8 0 11 0.0004946987231597194
2 9 1 10 0.0004946987231597194
3 9 1 11 0.0004946987231597194
2 10 2 10 0.016774574513481928
3 10 2 11 0.016774574513481928
2 11 3 10 0.016774574513481928
3 11 3 11 0.016774574513481928
4 0 4 0 0.01380485826409467
5 0 4 1 0.01380485826409467
4 1 5 0 0.01380485826409467
5 1 5 1 0.01380485826409467
4 4 0 0 0.01380485826409467
5 4 0 1 0.01380485826409467
4 5 1 0 0.01380485826409467
5 5 1 1 0.01380485826409467
4 6 10 0 -0.0019936940158124987
5 6 10 1 -0.0019936940158124987
4 7 11 0 -0.0019936940158124987
5 7 11 1 -0.0019936940158124987
4 10 6 0 -0.0019936940158124987
5 10 6 1 -0.0019936940158124987
4 11 7 0 -0.0019936940158124987
5 11 7 1 -0.0019936940158124987
4 2 4 2 0.011432492002939587
5 2 4 3 0.011432492002939587
4 3 5 2 0.011432492002939587
5 3 5 3 0.011432492002939587
4 4 2 2 0.011432492002939587
5 4 2 3 0.011432492002939587
4 5 3 2 0.011432492002939587
5 5 3 3 0.011432492002939587
4 6 8 2 0.011213548838196528
5 6 8 3 0.011213548838196528
4 7 9 2 0.011213548838196528
5 7 9 3 0.011213548838196528
4 8 6 2 0.011213548838196528
5 8 6 3 0.011213548838196528
4 9 7 2 0.011213548838196528
5 9 7 3 0.011213548838196528
4 0 0 4 0.2552882109371985
5 0 0 5 0.2552882109371985
4 1 1 4 0.2552882109371985
5 1 1 5 0.2552882109371985
4 2 2 4 0.2634398650390548
5 2 2 5 0.2634398650390548
4 3 3 4 0.2634398650390548
5 3 3 5 0.2634398650390548
4 4 4 4 0.2863048497072517
5 4 4 5 0.2863048497072517
4 5 5 4 0.2863048497072517
5 5 5 5 0.2863048497072517
4 6 6 4 0.2873561462513609
5 6 6 5 0.2873561462513609
4 7 7 4 0.2873561462513609
5 7 7 5 0.2873561462513609
4 8 8 4 0.26492904751974733
5 8 8 5 0.26492904751974733
4 9 9 4 0.26492904751974733
5 9 9 5 0.26492904751974733
4 10 10 4 0.3011795630636769
5 10 10 5 0.3011795630636769
4 11 11 4 0.3011795630636769
5 11 11 5 0.3011795630636769
4 0 10 6 -0.05244324428178054
5 0 10 7 -0.05244324428178054
4 1 11 6 -0.05244324428178054
5 1 11 7 -0.05244324428178054
4 2 8 6 0.07914367350205498
5 2 8 7 0.07914367350205498
4 3 9 6 0.07914367350205498
5 3 9 7 0.07914367350205498
4 4 6 6 0.0983748605902417
5 4 6 7 0.0983748605902417
4 5 7 6 0.0983748605902417
5 5 7 7 0.0983748605902417
4 6 4 6 0.09837486059024168
5 6 4 7 0.09837486059024168
4 7 5 6 0.09837486059024168
5 7 5 7 0.09837486059024168
4 8 2 6 0.07914367350205495
5 8 2 7 0.07914367350205495
4 9 3 6 0.07914367350205495
5 9 3 7 0.07914367350205495
4 10 0 6 -0.05244324428178054
5 10 0 7 -0.05244324428178054
4 11 1 6 -0.05244324428178054
5 11 1 7 -0.05244324428178054
4 2 6 8 0.009615593544093356
5 2 6 9 0.009615593544093356
4 3 7 8 0.009615593544093356
5 3 7 9 0.009615593544093356
4 4 8 8 0.009615593544093356
5 4 8 9 0.009615593544093356
4 5 9 8 0.009615593544093356
5 5 9 9 0.009615593544093356
4 6 2 8 0.009615593544093354
5 6 2 9 0.009615593544093354
4 7 3 8 0.009615593544093354
5 7 3 9 0.009615593544093354
4 8 4 8 0.009615593544093354
5 8 4 9 0.009615593544093354
4 9 5 8 0.009615593544093354
5 9 5 9 0.009615593544093354
4 0 6 10 0.0004946987231597207
5 0 6 11 0.0004946987231597207
4 1 7 10 0.0004946987231597207
5 1 7 11 0.0004946987231597207
4 4 10 10 0.0167745745134819
5 4 10 11 0.0167745745134819
4 5 11 10 0.0167745745134819
5 5 11 11 0.0167745745134819
4 6 0 10 0.0004946987231597194
5 6 0 11 0.0004946987231597194
4 7 1 10 0.0004946987231597194
5 7 1 11 0.0004946987231597194
4 10 4 10 0.016774574513481928
5 10 4 11 0.016774574513481928
4 11 5 10 0.016774574513481928
5 11 5 11 0.016774574513481928
6 0 6 0 0.01766741976856754
7 0 6 1 0.01766741976856754
6 1 7 0 0.01766741976856754
7 1 7 1 0.01766741976856754
6 4 10 0 0.000494698723159718
7 4 10 1 0.000494698723159718
6 5 11 0 0.000494698723159718
7 5 11 1 0.000494698723159718
6 6 0 0 0.01766741976856754
7 6 0 1 0.01766741976856754
6 7 1 0 0.01766741976856754
7 7 1 1 0.01766741976856754
6 10 4 0 0.0004946987231597383
7 10 4 1 0.0004946987231597383
6 11 5 0 0.0004946987231597383
7 11 5 1 0.0004946987231597383
6 2 6 2 0.009615593544093356
7 2 6 3 0.009615593544093356
6 3 7 2 0.009615593544093356
7 3 7 3 0.009615593544093356
6 4 8 2 0.009615593544093356
7 4 8 3 0.009615593544093356
6 5 9 2 0.009615593544093356
7 5 9 3 0.009615593544093356
6 6 2 2 0.009615593544093354
7 6 2 3 0.009615593544093354
6 7 3 2 0.009615593544093354
7 7 3 3 0.009615593544093354
6 8 4 2 0.009615593544093354
7 8 4 3 0.009615593544093354
6 9 5 2 0.009615593544093354
7 9 5 3 0.009615593544093354
6 0 10 4 -0.05244324428178054
7 0 10 5 -0.05244324428178054
6 1 11 4 -0.05244324428178054
7 1 11 5 -0.05244324428178054
6 2 8 4 0.07914367350205498
7 2 8 5 0.07914367350205498
6 3 9 4 0.07914367350205498
7 3 9 5 0.07914367350205498
6 4 6 4 0.09837486059024168
7 4 6 5 0.09837486059024168
6 5 7 4 0.09837486059024168
7 5 7 5 0.09837486059024168
6 6 4 4 0.09837486059024167
7 6 4 5 0.09837486059024167
6 7 5 4 0.09837486059024167
7 7 5 5 0.09837486059024167
6 8 2 4 0.07914367350205495
7 8 2 5 0.07914367350205495
6 9 3 4 0.07914367350205495
7 9 3 5 0.07914367350205495
6 10 0 4 -0.052443244281780536
7 10 0 5 -0.052443244281780536
6 11 1 4 -0.052443244281780536
7 11 1 5 -0.052443244281780536
6 0 0 6 0.26487000054766446
7 0 0 7 0.26487000054766446
6 1 1 6 0.26487000054766446
7 1 1 7 0.26487000054766446
6 2 2 6 0.26492904751974733
7 2 2 7 0.26492904751974733
6 3 3 6 0.26492904751974733
7 3 3 7 0.26492904751974733
6 4 4 6 0.2873561462513609
7 4 4 7 0.2873561462513609
6 5 5 6 0.2873561462513609
7 5 5 7 0.2873561462513609
6 6 6 6 0.2955343685996984
7 6 6 7 0.2955343685996984
6 7 7 6 0.2955343685996984
7 7 7 7 0.2955343685996984
6 8 8 6 0.2710808767293053
7 8 8 7 0.2710808767293053
6 9 9 6 0.2710808767293053
7 9 9 7 0.2710808767293053
6 10 10 6 0.30216905350607526
7 10 10 7 0.30216905350607526
6 11 11 6 0.30216905350607526
7 11 11 7 0.30216905350607526
6 2 4 8 0.011213548838196528
7 2 4 9 0.011213548838196528
6 3 5 8 0.011213548838196528
7 3 5 9 0.011213548838196528
6 4 2 8 0.011213548838196528
7 4 2 9 0.011213548838196528
6 5 3 8 0.011213548838196528
7 5 3 9 0.011213548838196528
6 6 8 8 0.01222674677579795
7 6 8 9 0.01222674677579795
6 7 9 8 0.01222674677579795
7 7 9 9 0.01222674677579795
6 8 6 8 0.01222674677579795
7 8 6 9 0.01222674677579795
6 9 7 8 0.01222674677579795
7 9 7 9 0.01222674677579795
6 0 4 10 -0.0019936940158124914
7 0 4 11 -0.0019936940158124914
6 1 5 10 -0.0019936940158124914
7 1 5 11 -0.0019936940158124914
6 4 0 10 -0.0019936940158124957
7 4 0 11 -0.0019936940158124957
6 5 1 10 -0.0019936940158124957
7 5 1 11 -0.0019936940158124957
6 6 10 10 0.0217348417871884
7 6 10 11 0.0217348417871884
6 7 11 10 0.0217348417871884
7 7 11 11 0.0217348417871884
6 10 6 10 0.021734841787188406
7 10 6 11 0.021734841787188406
6 11 7 10 0.021734841787188406
7 11 7 11 0.021734841787188406
8 0 8 0 0.01766741976856754
9 0 8 1 0.01766741976856754
8 1 9 0 0.01766741976856754
9 1 9 1 0.01766741976856754
8 2 10 0 0.000494698723159718
9 2 10 1 0.000494698723159718
8 3 11 0 0.000494698723159718
9 3 11 1 0.000494698723159718
8 8 0 0 0.01766741976856754
9 8 0 1 0.01766741976856754
8 9 1 0 0.01766741976856754
9 9 1 1 0.01766741976856754
8 10 2 0 0.0004946987231597383
9 10 2 1 0.0004946987231597383
8 11 3 0 0.0004946987231597383
9 11 3 1 0.0004946987231597383
8 0 10 2 -0.05244324428178054
9 0 10 3 -0.05244324428178054
8 1 11 2 -0.05244324428178054
9 1 11 3 -0.05244324428178054
8 2 8 2 0.09837486059024168
9 2 8 3 0.09837486059024168
8 3 9 2 0.09837486059024168
9 3 9 3 0.09837486059024168
8 4 6 2 0.07914367350205498
9 4 6 3 0.07914367350205498
8 5 7 2 0.07914367350205498
9 5 7 3 0.07914367350205498
8 6 4 2 0.07914367350205495
9 6 4 3 0.07914367350205495
8 7 5 2 0.07914367350205495
9 7 5 3 0.07914367350205495
8 8 2 2 0.09837486059024167
9 8 2 3 0.09837486059024167
8 9 3 2 0.09837486059024167
9 9 3 3 0.09837486059024167
8 10 0 2 -0.052443244281780536
9 10 0 3 -0.052443244281780536
8 11 1 2 -0.052443244281780536
9 11 1 3 -0.052443244281780536
8 2 6 4 0.009615593544093356
9 2 6 5 0.009615593544093356
8 3 7 4 0.009615593544093356
9 3 7 5 0.009615593544093356
8 4 8 4 0.009615593544093356
9 4 8 5 0.009615593544093356
8 5 9 4 0.009615593544093356
9 5 9 5 0.009615593544093356
8 6 2 4 0.009615593544093354
9 6 2 5 0.009615593544093354
8 7 3 4 0.009615593544093354
9 7 3 5 0.009615593544093354
8 8 4 4 0.009615593544093354
9 8 4 5 0.009615593544093354
8 9 5 4 0.009615593544093354
9 9 5 5 0.009615593544093354
8 2 4 6 0.011213548838196528
9 2 4 7 0.011213548838196528
8 3 5 6 0.011213548838196528
9 3 5 7 0.011213548838196528
8 4 2 6 0.011213548838196528
9 4 2 7 0.011213548838196528
8 5 3 6 0.011213548838196528
9 5 3 7 0.011213548838196528
8 6 8 6 0.01222674677579795
9 6 8 7 0.01222674677579795
8 7 9 6 0.01222674677579795
9 7 9 7 0.01222674677579795
8 8 6 6 0.01222674677579795
9 8 6 7 0.01222674677579795
8 9 7 6 0.01222674677579795
9 9 7 7 0.01222674677579795
8 0 0 8 0.26487000054766446
9 0 0 9 0.26487000054766446
8 1 1 8 0.26487000054766446
9 1 1 9 0.26487000054766446
8 2 2 8 0.2873561462513609
9 2 2 9 0.2873561462513609
8 3 3 8 0.2873561462513609
9 3 3 9 0.2873561462513609
8 4 4 8 0.26492904751974733
9 4 4 9 0.26492904751974733
8 5 5 8 0.26492904751974733
9 5 5 9 0.26492904751974733
8 6 6 8 0.2710808767293053
9 6 6 9 0.2710808767293053
8 7 7 8 0.2710808767293053
9 7 7 9 0.2710808767293053
8 8 8 8 0.2955343685996984
9 8 8 9 0.2955343685996984
8 9 9 8 0.2955343685996984
9 9 9 9 0.2955343685996984
8 10 10 8 0.30216905350607526
9 10 10 9 0.30216905350607526
8 11 11 8 0.30216905350607526
9 11 11 9 0.30216905350607526
8 0 2 10 -0.0019936940158124914
9 0 2 11 -0.0019936940158124914
8 1 3 10 -0.0019936940158124914
9 1 3 11 -0.0019936940158124914
8 2 0 10 -0.0019936940158124957
9 2 0 11 -0.0019936940158124957
8 3 1 10 -0.0019936940158124957
9 3 1 11 -0.0019936940158124957
8 8 10 10 0.0217348417871884
9 8 10 11 0.0217348417871884
8 9 11 10 0.0217348417871884
9 9 11 11 0.0217348417871884
8 10 8 10 0.021734841787188406
9 10 8 11 0.021734841787188406
8 11 9 10 0.021734841787188406
9 11 9 11 0.021734841787188406
10 0 10 0 0.05206127749797152
11 0 10 1 0.05206127749797152
10 1 11 0 0.05206127749797152
11 1 11 1 0.05206127749797152
10 2 8 0 -0.05244324428178054
11 2 8 1 -0.05244324428178054
10 3 9 0 -0.05244324428178054
11 3 9 1 -0.05244324428178054
10 4 6 0 -0.05244324428178054
11 4 6 1 -0.05244324428178054
10 5 7 0 -0.05244324428178054
11 5 7 1 -0.05244324428178054
10 6 4 0 -0.052443244281780474
11 6 4 1 -0.052443244281780474
10 7 5 0 -0.052443244281780474
11 7 5 1 -0.052443244281780474
10 8 2 0 -0.052443244281780474
11 8 2 1 -0.052443244281780474
10 9 3 0 -0.052443244281780474
11 9 3 1 -0.052443244281780474
10 10 0 0 0.05206127749797142
11 10 0 1 0.05206127749797142
10 11 1 0 0.05206127749797142
11 11 1 1 0.05206127749797142
10 0 8 2 0.0004946987231597231
11 0 8 3 0.0004946987231597231
10 1 9 2 0.0004946987231597231
11 1 9 3 0.0004946987231597231
10 2 10 2 0.016774574513481896
11 2 10 3 0.016774574513481896
10 3 11 2 0.016774574513481896
11 3 11 3 0.016774574513481896
10 8 0 2 0.0004946987231597231
11 8 0 3 0.0004946987231597231
10 9 1 2 0.0004946987231597231
11 9 1 3 0.0004946987231597231
10 10 2 2 0.016774574513481924
11 10 2 3 0.016774574513481924
10 11 3 2 0.016774574513481924
11 11 3 3 0.016774574513481924
10 0 6 4 0.0004946987231597231
11 0 6 5 0.0004946987231597231
10 1 7 4 0.0004946987231597231
11 1 7 5 0.0004946987231597231
10 4 10 4 0.016774574513481896
11 4 10 5 0.016774574513481896
10 5 11 4 0.016774574513481896
11 5 11 5 0.016774574513481896
10 6 0 4 0.0004946987231597231
11 6 0 5 0.0004946987231597231
10 7 1 4 0.0004946987231597231
11 7 1 5 0.0004946987231597231
10 10 4 4 0.016774574513481924
11 10 4 5 0.016774574513481924
10 11 5 4 0.016774574513481924
11 11 5 5 0.016774574513481924
10 0 4 6 -0.0019936940158124875
11 0 4 7 -0.0019936940158124875
10 1 5 6 -0.0019936940158124875
11 1 5 7 -0.0019936940158124875
10 4 0 6 -0.001993694015812491
11 4 0 7 -0.001993694015812491
10 5 1 6 -0.001993694015812491
11 5 1 7 -0.001993694015812491
10 6 10 6 0.021734841787188403
11 6 10 7 0.021734841787188403
10 7 11 6 0.021734841787188403
11 7 11 7 0.021734841787188403
10 10 6 6 0.02173484178718841
11 10 6 7 0.02173484178718841
10 11 7 6 0.02173484178718841
11 11 7 7 0.02173484178718841
10 0 2 8 -0.0019936940158124875
11 0 2 9 -0.0019936940158124875
10 1 3 8 -0.0019936940158124875
11 1 3 9 -0.0019936940158124875
10 2 0 8 -0.001993694015812491
11 2 0 9 -0.001993694015812491
10 3 1 8 -0.001993694015812491
11 3 1 9 -0.001993694015812491
10 8 10 8 0.021734841787188403
11 8 10 9 0.021734841787188403
10 9 11 8 0.021734841787188403
11 9 11 9 0.021734841787188403
10 10 8 8 0.02173484178718841
11 10 8 9 0.02173484178718841
10 11 9 8 0.02173484178718841
11 11 9 9 0.02173484178718841
10 0 0 10 0.29243114743150794
11 0 0 11 0.29243114743150794
10 1 1 10 0.29243114743150794
11 1 1 11 0.29243114743150794
10 2 2 10 0.30117956306367694
11 2 2 11 0.30117956306367694
10 3 3 10 0.30117956306367694
11 3 3 11 0.30117956306367694
10 4 4 10 0.30117956306367694
11 4 4 11 0.30117956306367694
10 5 5 10 0.30117956306367694
11 5 5 11 0.30117956306367694
10 6 6 10 0.30216905350607504
11 6 6 11 0.30216905350607504
10 7 7 10 0.30216905350607504
11 7 7 11 0.30216905350607504
10 8 8 10 0.30216905350607504
11 8 8 11 0.30216905350607504
10 9 9 10 0.30216905350607504
11 9 9 11 0.30216905350607504
10 10 10 10 0.37054907950243365
11 10 10 11 0.37054907950243365
10 11 11 10 0.37054907950243365
11 11 11 11 0.37054907950243365
