-98.74595902483787
0 0 -2.470997926675373
1 1 -2.470997926675373
2 2 -2.4123151653079926
3 3 -2.4123151653079926
4 4 -2.4123151653079926
5 5 -2.4123151653079926
6 6 -2.398053518488644
7 7 -2.398053518488644
8 8 -2.398053518488644
9 9 -2.398053518488644
10 10 -2.417192608331785
11 11 -2.417192608331785
0 0 0 0 0.24495156766657714
1 0 0 1 0.24495156766657714
0 1 1 0 0.24495156766657714
1 1 1 1 0.24495156766657714
0 2 2 0 0.22287945965431413
1 2 2 1 0.22287945965431413
0 3 3 0 0.22287945965431413
1 3 3 1 0.22287945965431413
0 4 4 0 0.22287945965431413
1 4 4 1 0.22287945965431413
0 5 5 0 0.22287945965431413
1 5 5 1 0.22287945965431413
0 6 6 0 0.2235771155253336
1 6 6 1 0.2235771155253336
0 7 7 0 0.2235771155253336
1 7 7 1 0.2235771155253336
0 8 8 0 0.2235771155253336
1 8 8 1 0.2235771155253336
0 9 9 0 0.2235771155253336
1 9 9 1 0.2235771155253336
0 10 10 0 0.250203839260407
1 10 10 1 0.250203839260407
0 11 11 0 0.250203839260407
1 11 11 1 0.250203839260407
0 0 2 2 0.01044282568441153
1 0 2 3 0.01044282568441153
0 1 3 2 0.01044282568441153
1 1 3 3 0.01044282568441153
0 2 0 2 0.010442825684411534
1 2 0 3 0.010442825684411534
0 3 1 2 0.010442825684411534
1 3 1 3 0.010442825684411534
0 8 10 2 0.01016193336306899
1 8 10 3 0.01016193336306899
0 9 11 2 0.01016193336306899
1 9 11 3 0.01016193336306899
0 10 8 2 0.01016193336306899
1 10 8 3 0.01016193336306899
0 11 9 2 0.01016193336306899
1 11 9 3 0.01016193336306899
0 0 4 4 0.01044282568441153
1 0 4 5 0.01044282568441153
0 1 5 4 0.01044282568441153
1 1 5 5 0.01044282568441153
0 4 0 4 0.010442825684411534
1 4 0 5 0.010442825684411534
0 5 1 4 0.010442825684411534
1 5 1 5 0.010442825684411534
0 6 10 4 0.01016193336306899
1 6 10 5 0.01016193336306899
0 7 11 4 0.01016193336306899
1 7 11 5 0.01016193336306899
0 10 6 4 0.01016193336306899
1 10 6 5 0.01016193336306899
0 11 7 4 0.01016193336306899
1 11 7 5 0.01016193336306899
0 0 6 6 0.010081859484702898
1 0 6 7 0.010081859484702898
0 1 7 6 0.010081859484702898
1 1 7 7 0.010081859484702898
0 4 10 6 0.009687816426324679
1 4 10 7 0.009687816426324679
0 5 11 6 0.009687816426324679
1 5 11 7 0.009687816426324679
0 6 0 6 0.010081859484702898
1 6 0 7 0.010081859484702898
0 7 1 6 0.010081859484702898
1 7 1 7 0.010081859484702898
0 10 4 6 0.009687816426324679
1 10 4 7 0.009687816426324679
0 11 5 6 0.009687816426324679
1 11 5 7 0.009687816426324679
0 0 8 8 0.010081859484702898
1 0 8 9 0.010081859484702898
0 1 9 8 0.010081859484702898
1 1 9 9 0.010081859484702898
0 2 10 8 0.009687816426324679
1 2 10 9 0.009687816426324679
0 3 11 8 0.009687816426324679
1 3 11 9 0.009687816426324679
0 8 0 8 0.010081859484702898
1 8 0 9 0.010081859484702898
0 9 1 8 0.010081859484702898
1 9 1 9 0.010081859484702898
0 10 2 8 0.009687816426324679
1 10 2 9 0.009687816426324679
0 11 3 8 0.009687816426324679
1 11 3 9 0.009687816426324679
0 0 10 10 0.12877050069384405
1 0 10 11 0.12877050069384405
0 1 11 10 0.12877050069384405
1 1 11 11 0.12877050069384405
0 2 8 10 0.11307773383000475
1 2 8 11 0.11307773383000475
0 3 9 10 0.11307773383000475
1 3 9 11 0.11307773383000475
0 4 6 10 0.11307773383000475
1 4 6 11 0.11307773383000475
0 5 7 10 0.11307773383000475
1 5 7 11 0.11307773383000475
0 6 4 10 0.11307773383000475
1 6 4 11 0.11307773383000475
0 7 5 10 0.11307773383000475
1 7 5 11 0.11307773383000475
0 8 2 10 0.11307773383000475
1 8 2 11 0.11307773383000475
0 9 3 10 0.11307773383000475
1 9 3 11 0.11307773383000475
0 10 0 10 0.128770500693844
1 10 0 11 0.128770500693844
0 11 1 10 0.128770500693844
1 11 1 11 0.128770500693844
2 0 2 0 0.010442825684411532
3 0 2 1 0.010442825684411532
2 1 3 0 0.010442825684411532
3 1 3 1 0.010442825684411532
2 2 0 0 0.010442825684411534
3 2 0 1 0.010442825684411534
2 3 1 0 0.010442825684411534
3 3 1 1 0.010442825684411534
2 8 10 0 0.01016193336306899
3 8 10 1 0.01016193336306899
2 9 11 0 0.01016193336306899
3 9 11 1 0.01016193336306899
2 10 8 0 0.01016193336306899
3 10 8 1 0.01016193336306899
2 11 9 0 0.01016193336306899
3 11 9 1 0.01016193336306899
2 0 0 2 0.2228794596543141
3 0 0 3 0.2228794596543141
2 1 1 2 0.2228794596543141
3 1 1 3 0.2228794596543141
2 2 2 2 0.24268291793521282
3 2 2 3 0.24268291793521282
2 3 3 2 0.24268291793521282
3 3 3 3 0.24268291793521282
2 4 4 2 0.2222812541631877
3 4 4 3 0.2222812541631877
2 5 5 2 0.2222812541631877
3 5 5 3 0.2222812541631877
2 6 6 2 0.22320563102699745
3 6 6 3 0.22320563102699745
2 7 7 2 0.22320563102699745
3 7 7 3 0.22320563102699745
2 8 8 2 0.24388562720953116
3 8 8 3 0.24388562720953116
2 9 9 2 0.24388562720953116
3 9 9 3 0.24388562720953116
2 10 10 2 0.22978795838941607
3 10 10 3 0.22978795838941607
2 11 11 2 0.22978795838941607
3 11 11 3 0.22978795838941607
2 2 4 4 0.010200832496088766
3 2 4 5 0.010200832496088766
2 3 5 4 0.010200832496088766
3 3 5 5 0.010200832496088766
2 4 2 4 0.010200832496088766
3 4 2 5 0.010200832496088766
2 5 3 4 0.010200832496088766
3 5 3 5 0.010200832496088766
2 6 8 4 0.01033999771621141
3 6 8 5 0.01033999771621141
2 7 9 4 0.01033999771621141
3 7 9 5 0.01033999771621141
2 8 6 4 0.01033999771621141
3 8 6 5 0.01033999771621141
2 9 7 4 0.01033999771621141
3 9 7 5 0.01033999771621141
2 2 6 6 0.010220414042154381
3 2 6 7 0.010220414042154381
2 3 7 6 0.010220414042154381
3 3 7 7 0.010220414042154381
2 4 8 6 0.010220414042154381
3 4 8 7 0.010220414042154381
2 5 9 6 0.010220414042154381
3 5 9 7 0.010220414042154381
2 6 2 6 0.010220414042154381
3 6 2 7 0.010220414042154381
2 7 3 6 0.010220414042154381
3 7 3 7 0.010220414042154381
2 8 4 6 0.010220414042154381
3 8 4 7 0.010220414042154381
2 9 5 6 0.010220414042154381
3 9 5 7 0.010220414042154381
2 0 10 8 0.11307773383000475
3 0 10 9 0.11307773383000475
2 1 11 8 0.11307773383000475
3 1 11 9 0.11307773383000475
2 2 8 8 0.13753640765950367
3 2 8 9 0.13753640765950367
2 3 9 8 0.13753640765950367
3 3 9 9 0.13753640765950367
2 4 6 8 0.11709557932515795
3 4 6 9 0.11709557932515795
2 5 7 8 0.11709557932515795
3 5 7 9 0.11709557932515795
2 6 4 8 0.11709557932515795
3 6 4 9 0.11709557932515795
2 7 5 8 0.11709557932515795
3 7 5 9 0.11709557932515795
2 8 2 8 0.13753640765950365
3 8 2 9 0.13753640765950365
2 9 3 8 0.13753640765950365
3 9 3 9 0.13753640765950365
2 10 0 8 0.11307773383000475
3 10 0 9 0.11307773383000475
2 11 1 8 0.11307773383000475
3 11 1 9 0.11307773383000475
2 0 8 10 0.009687816426324679
3 0 8 11 0.009687816426324679
2 1 9 10 0.009687816426324679
3 1 9 11 0.009687816426324679
2 2 10 10 0.010729688887304287
3 2 10 11 0.010729688887304287
2 3 11 10 0.010729688887304287
3 3 11 11 0.010729688887304287
2 8 0 10 0.009687816426324677
3 8 0 11 0.009687816426324677
2 9 1 10 0.009687816426324677
3 9 1 11 0.009687816426324677
2 10 2 10 0.010729688887304287
3 10 2 11 0.010729688887304287
2 11 3 10 0.010729688887304287
3 11 3 11 0.010729688887304287
4 0 4 0 0.010442825684411532
5 0 4 1 0.010442825684411532
4 1 5 0 0.010442825684411532
5 1 5 1 0.010442825684411532
4 4 0 0 0.010442825684411534
5 4 0 1 0.010442825684411534
4 5 1 0 0.010442825684411534
5 5 1 1 0.010442825684411534
4 6 10 0 0.01016193336306899
5 6 10 1 0.01016193336306899
4 7 11 0 0.01016193336306899
5 7 11 1 0.01016193336306899
4 10 6 0 0.01016193336306899
5 10 6 1 0.01016193336306899
4 11 7 0 0.01016193336306899
5 11 7 1 0.01016193336306899
4 2 4 2 0.010200832496088766
5 2 4 3 0.010200832496088766
4 3 5 2 0.010200832496088766
5 3 5 3 0.010200832496088766
4 4 2 2 0.010200832496088766
5 4 2 3 0.010200832496088766
4 5 3 2 0.010200832496088766
5 5 3 3 0.010200832496088766
4 6 8 2 0.01033999771621141
5 6 8 3 0.01033999771621141
4 7 9 2 0.01033999771621141
5 7 9 3 0.01033999771621141
4 8 6 2 0.01033999771621141
5 8 6 3 0.01033999771621141
4 9 7 2 0.01033999771621141
5 9 7 3 0.01033999771621141
4 0 0 4 0.2228794596543141
5 0 0 5 0.2228794596543141
4 1 1 4 0.2228794596543141
5 1 1 5 0.2228794596543141
4 2 2 4 0.2222812541631877
5 2 2 5 0.2222812541631877
4 3 3 4 0.2222812541631877
5 3 3 5 0.2222812541631877
4 4 4 4 0.24268291793521282
5 4 4 5 0.24268291793521282
4 5 5 4 0.24268291793521282
5 5 5 5 0.24268291793521282
4 6 6 4 0.24388562720953116
5 6 6 5 0.24388562720953116
4 7 7 4 0.24388562720953116
5 7 7 5 0.24388562720953116
4 8 8 4 0.22320563102699745
5 8 8 5 0.22320563102699745
4 9 9 4 0.22320563102699745
5 9 9 5 0.22320563102699745
4 10 10 4 0.22978795838941607
5 10 10 5 0.22978795838941607
4 11 11 4 0.22978795838941607
5 11 11 5 0.22978795838941607
4 0 10 6 0.11307773383000475
5 0 10 7 0.11307773383000475
4 1 11 6 0.11307773383000475
5 1 11 7 0.11307773383000475
4 2 8 6 0.11709557932515795
5 2 8 7 0.11709557932515795
4 3 9 6 0.11709557932515795
5 3 9 7 0.11709557932515795
4 4 6 6 0.13753640765950367
5 4 6 7 0.13753640765950367
4 5 7 6 0.13753640765950367
5 5 7 7 0.13753640765950367
4 6 4 6 0.13753640765950365
5 6 4 7 0.13753640765950365
4 7 5 6 0.13753640765950365
5 7 5 7 0.13753640765950365
4 8 2 6 0.11709557932515795
5 8 2 7 0.11709557932515795
4 9 3 6 0.11709557932515795
5 9 3 7 0.11709557932515795
4 10 0 6 0.11307773383000475
5 10 0 7 0.11307773383000475
4 11 1 6 0.11307773383000475
5 11 1 7 0.11307773383000475
4 2 6 8 0.010220414042154381
5 2 6 9 0.010220414042154381
4 3 7 8 0.010220414042154381
5 3 7 9 0.010220414042154381
4 4 8 8 0.010220414042154381
5 4 8 9 0.010220414042154381
4 5 9 8 0.010220414042154381
5 5 9 9 0.010220414042154381
4 6 2 8 0.010220414042154381
5 6 2 9 0.010220414042154381
4 7 3 8 0.010220414042154381
5 7 3 9 0.010220414042154381
4 8 4 8 0.010220414042154381
5 8 4 9 0.010220414042154381
4 9 5 8 0.010220414042154381
5 9 5 9 0.010220414042154381
4 0 6 10 0.009687816426324679
5 0 6 11 0.009687816426324679
4 1 7 10 0.009687816426324679
5 1 7 11 0.009687816426324679
4 4 10 10 0.010729688887304287
5 4 10 11 0.010729688887304287
4 5 11 10 0.010729688887304287
5 5 11 11 0.010729688887304287
4 6 0 10 0.009687816426324677
5 6 0 11 0.009687816426324677
4 7 1 10 0.009687816426324677
5 7 1 11 0.009687816426324677
4 10 4 10 0.010729688887304287
5 10 4 11 0.010729688887304287
4 11 5 10 0.010729688887304287
5 11 5 11 0.010729688887304287
6 0 6 0 0.010081859484702898
7 0 6 1 0.010081859484702898
6 1 7 0 0.010081859484702898
7 1 7 1 0.010081859484702898
6 4 10 0 0.009687816426324677
7 4 10 1 0.009687816426324677
6 5 11 0 0.009687816426324677
7 5 11 1 0.009687816426324677
6 6 0 0 0.010081859484702898
7 6 0 1 0.010081859484702898
6 7 1 0 0.010081859484702898
7 7 1 1 0.010081859484702898
6 10 4 0 0.009687816426324679
7 10 4 1 0.009687816426324679
6 11 5 0 0.009687816426324679
7 11 5 1 0.009687816426324679
6 2 6 2 0.010220414042154381
7 2 6 3 0.010220414042154381
6 3 7 2 0.010220414042154381
7 3 7 3 0.010220414042154381
6 4 8 2 0.010220414042154381
7 4 8 3 0.010220414042154381
6 5 9 2 0.010220414042154381
7 5 9 3 0.010220414042154381
6 6 2 2 0.010220414042154381
7 6 2 3 0.010220414042154381
6 7 3 2 0.010220414042154381
7 7 3 3 0.010220414042154381
6 8 4 2 0.010220414042154381
7 8 4 3 0.010220414042154381
6 9 5 2 0.010220414042154381
7 9 5 3 0.010220414042154381
6 0 10 4 0.11307773383000475
7 0 10 5 0.11307773383000475
6 1 11 4 0.11307773383000475
7 1 11 5 0.11307773383000475
6 2 8 4 0.11709557932515793
7 2 8 5 0.11709557932515793
6 3 9 4 0.11709557932515793
7 3 9 5 0.11709557932515793
6 4 6 4 0.13753640765950367
7 4 6 5 0.13753640765950367
6 5 7 4 0.13753640765950367
7 5 7 5 0.13753640765950367
6 6 4 4 0.13753640765950367
7 6 4 5 0.13753640765950367
6 7 5 4 0.13753640765950367
7 7 5 5 0.13753640765950367
6 8 2 4 0.11709557932515793
7 8 2 5 0.11709557932515793
6 9 3 4 0.11709557932515793
7 9 3 5 0.11709557932515793
6 10 0 4 0.11307773383000475
7 10 0 5 0.11307773383000475
6 11 1 4 0.11307773383000475
7 11 1 5 0.11307773383000475
6 0 0 6 0.22357711552533355
7 0 0 7 0.22357711552533355
6 1 1 6 0.22357711552533355
7 1 1 7 0.22357711552533355
6 2 2 6 0.22320563102699748
7 2 2 7 0.22320563102699748
6 3 3 6 0.22320563102699748
7 3 3 7 0.22320563102699748
6 4 4 6 0.2438856272095311
7 4 4 7 0.2438856272095311
6 5 5 6 0.2438856272095311
7 5 5 7 0.2438856272095311
6 6 6 6 0.24515058415873092
7 6 6 7 0.24515058415873092
6 7 7 6 0.24515058415873092
7 7 7 7 0.24515058415873092
6 8 8 6 0.2241754543839087
7 8 8 7 0.2241754543839087
6 9 9 6 0.2241754543839087
7 9 9 7 0.2241754543839087
6 10 10 6 0.23048406480845016
7 10 10 7 0.23048406480845016
6 11 11 6 0.23048406480845016
7 11 11 7 0.23048406480845016
6 2 4 8 0.01033999771621141
7 2 4 9 0.01033999771621141
6 3 5 8 0.01033999771621141
7 3 5 9 0.01033999771621141
6 4 2 8 0.01033999771621141
7 4 2 9 0.01033999771621141
6 5 3 8 0.01033999771621141
7 5 3 9 0.01033999771621141
6 6 8 8 0.010487564503124155
7 6 8 9 0.010487564503124155
6 7 9 8 0.010487564503124155
7 7 9 9 0.010487564503124155
6 8 6 8 0.010487564503124155
7 8 6 9 0.010487564503124155
6 9 7 8 0.010487564503124155
7 9 7 9 0.010487564503124155
6 0 4 10 0.010161933363068988
7 0 4 11 0.010161933363068988
6 1 5 10 0.010161933363068988
7 1 5 11 0.010161933363068988
6 4 0 10 0.01016193336306899
7 4 0 11 0.01016193336306899
6 5 1 10 0.01016193336306899
7 5 1 11 0.01016193336306899
6 6 10 10 0.011217687095429578
7 6 10 11 0.011217687095429578
6 7 11 10 0.011217687095429578
7 7 11 11 0.011217687095429578
6 10 6 10 0.011217687095429578
7 10 6 11 0.011217687095429578
6 11 7 10 0.011217687095429578
7 11 7 11 0.011217687095429578
8 0 8 0 0.010081859484702898
9 0 8 1 0.010081859484702898
8 1 9 0 0.010081859484702898
9 1 9 1 0.010081859484702898
8 2 10 0 0.009687816426324677
9 2 10 1 0.009687816426324677
8 3 11 0 0.009687816426324677
9 3 11 1 0.009687816426324677
8 8 0 0 0.010081859484702898
9 8 0 1 0.010081859484702898
8 9 1 0 0.010081859484702898
9 9 1 1 0.010081859484702898
8 10 2 0 0.009687816426324679
9 10 2 1 0.009687816426324679
8 11 3 0 0.009687816426324679
9 11 3 1 0.009687816426324679
8 0 10 2 0.11307773383000475
9 0 10 3 0.11307773383000475
8 1 11 2 0.11307773383000475
9 1 11 3 0.11307773383000475
8 2 8 2 0.13753640765950367
9 2 8 3 0.13753640765950367
8 3 9 2 0.13753640765950367
9 3 9 3 0.13753640765950367
8 4 6 2 0.11709557932515793
9 4 6 3 0.11709557932515793
8 5 7 2 0.11709557932515793
9 5 7 3 0.11709557932515793
8 6 4 2 0.11709557932515793
9 6 4 3 0.11709557932515793
8 7 5 2 0.11709557932515793
9 7 5 3 0.11709557932515793
8 8 2 2 0.13753640765950367
9 8 2 3 0.13753640765950367
8 9 3 2 0.13753640765950367
9 9 3 3 0.13753640765950367
8 10 0 2 0.11307773383000475
9 10 0 3 0.11307773383000475
8 11 1 2 0.11307773383000475
9 11 1 3 0.11307773383000475
8 2 6 4 0.010220414042154381
9 2 6 5 0.010220414042154381
8 3 7 4 0.010220414042154381
9 3 7 5 0.010220414042154381
8 4 8 4 0.010220414042154381
9 4 8 5 0.010220414042154381
8 5 9 4 0.010220414042154381
9 5 9 5 0.010220414042154381
8 6 2 4 0.010220414042154381
9 6 2 5 0.010220414042154381
8 7 3 4 0.010220414042154381
9 7 3 5 0.010220414042154381
8 8 4 4 0.010220414042154381
9 8 4 5 0.010220414042154381
8 9 5 4 0.010220414042154381
9 9 5 5 0.010220414042154381
8 2 4 6 0.01033999771621141
9 2 4 7 0.01033999771621141
8 3 5 6 0.01033999771621141
9 3 5 7 0.01033999771621141
8 4 2 6 0.01033999771621141
9 4 2 7 0.01033999771621141
8 5 3 6 0.01033999771621141
9 5 3 7 0.01033999771621141
8 6 8 6 0.010487564503124155
9 6 8 7 0.010487564503124155
8 7 9 6 0.010487564503124155
9 7 9 7 0.010487564503124155
8 8 6 6 0.010487564503124155
9 8 6 7 0.010487564503124155
8 9 7 6 0.010487564503124155
9 9 7 7 0.010487564503124155
8 0 0 8 0.22357711552533355
9 0 0 9 0.22357711552533355
8 1 1 8 0.22357711552533355
9 1 1 9 0.22357711552533355
8 2 2 8 0.2438856272095311
9 2 2 9 0.2438856272095311
8 3 3 8 0.2438856272095311
9 3 3 9 0.2438856272095311
8 4 4 8 0.22320563102699748
9 4 4 9 0.22320563102699748
8 5 5 8 0.22320563102699748
9 5 5 9 0.22320563102699748
8 6 6 8 0.2241754543839087
9 6 6 9 0.2241754543839087
8 7 7 8 0.2241754543839087
9 7 7 9 0.2241754543839087
8 8 8 8 0.24515058415873092
9 8 8 9 0.24515058415873092
8 9 9 8 0.24515058415873092
9 9 9 9 0.24515058415873092
8 10 10 8 0.23048406480845016
9 10 10 9 0.23048406480845016
8 11 11 8 0.23048406480845016
9 11 11 9 0.23048406480845016
8 0 2 10 0.010161933363068988
9 0 2 11 0.010161933363068988
8 1 3 10 0.010161933363068988
9 1 3 11 0.010161933363068988
8 2 0 10 0.01016193336306899
9 2 0 11 0.01016193336306899
8 3 1 10 0.01016193336306899
9 3 1 11 0.01016193336306899
8 8 10 10 0.011217687095429578
9 8 10 11 0.011217687095429578
8 9 11 10 0.011217687095429578
9 9 11 11 0.011217687095429578
8 10 8 10 0.011217687095429578
9 10 8 11 0.011217687095429578
8 11 9 10 0.011217687095429578
9 11 9 11 0.011217687095429578
10 0 10 0 0.12877050069384405
11 0 10 1 0.12877050069384405
10 1 11 0 0.12877050069384405
11 1 11 1 0.12877050069384405
10 2 8 0 0.11307773383000473
11 2 8 1 0.11307773383000473
10 3 9 0 0.11307773383000473
11 3 9 1 0.11307773383000473
10 4 6 0 0.11307773383000473
11 4 6 1 0.11307773383000473
10 5 7 0 0.11307773383000473
11 5 7 1 0.11307773383000473
10 6 4 0 0.11307773383000473
11 6 4 1 0.11307773383000473
10 7 5 0 0.11307773383000473
11 7 5 1 0.11307773383000473
10 8 2 0 0.11307773383000473
11 8 2 1 0.11307773383000473
10 9 3 0 0.11307773383000473
11 9 3 1 0.11307773383000473
10 10 0 0 0.128770500693844
11 10 0 1 0.128770500693844
10 11 1 0 0.128770500693844
11 11 1 1 0.128770500693844
10 0 8 2 0.009687816426324679
11 0 8 3 0.009687816426324679
10 1 9 2 0.009687816426324679
11 1 9 3 0.009687816426324679
10 2 10 2 0.010729688887304287
11 2 10 3 0.010729688887304287
10 3 11 2 0.010729688887304287
11 3 11 3 0.010729688887304287
10 8 0 2 0.009687816426324675
11 8 0 3 0.009687816426324675
10 9 1 2 0.009687816426324675
11 9 1 3 0.009687816426324675
10 10 2 2 0.010729688887304287
11 10 2 3 0.010729688887304287
10 11 3 2 0.010729688887304287
11 11 3 3 0.010729688887304287
10 0 6 4 0.009687816426324679
11 0 6 5 0.009687816426324679
10 1 7 4 0.009687816426324679
11 1 7 5 0.009687816426324679
10 4 10 4 0.010729688887304287
11 4 10 5 0.010729688887304287
10 5 11 4 0.010729688887304287
11 5 11 5 0.010729688887304287
10 6 0 4 0.009687816426324675
11 6 0 5 0.009687816426324675
10 7 1 4 0.009687816426324675
11 7 1 5 0.009687816426324675
10 10 4 4 0.010729688887304287
11 10 4 5 0.010729688887304287
10 11 5 4 0.010729688887304287
11 11 5 5 0.010729688887304287
10 0 4 6 0.010161933363068986
11 0 4 7 0.010161933363068986
10 1 5 6 0.010161933363068986
11 1 5 7 0.010161933363068986
10 4 0 6 0.010161933363068988
11 4 0 7 0.010161933363068988
10 5 1 6 0.010161933363068988
11 5 1 7 0.010161933363068988
10 6 10 6 0.011217687095429578
11 6 10 7 0.011217687095429578
10 7 11 6 0.011217687095429578
11 7 11 7 0.011217687095429578
10 10 6 6 0.011217687095429578
11 10 6 7 0.011217687095429578
10 11 7 6 0.011217687095429578
11 11 7 7 0.011217687095429578
10 0 2 8 0.010161933363068986
11 0 2 9 0.010161933363068986
10 1 3 8 0.010161933363068986
11 1 3 9 0.010161933363068986
10 2 0 8 0.010161933363068988
11 2 0 9 0.010161933363068988
10 3 1 8 0.010161933363068988
11 3 1 9 0.010161933363068988
10 8 10 8 0.011217687095429578
11 8 10 9 0.011217687095429578
10 9 11 8 0.011217687095429578
11 9 11 9 0.011217687095429578
10 10 8 8 0.011217687095429578
11 10 8 9 0.011217687095429578
10 11 9 8 0.011217687095429578
11 11 9 9 0.011217687095429578
10 0 0 10 0.250203839260407
11 0 0 11 0.250203839260407
10 1 1 10 0.250203839260407
11 1 1 11 0.250203839260407
10 2 2 10 0.22978795838941607
11 2 2 11 0.22978795838941607
10 3 3 10 0.22978795838941607
11 3 3 11 0.22978795838941607
10 4 4 10 0.22978795838941607
11 4 4 11 0.22978795838941607
10 5 5 10 0.22978795838941607
11 5 5 11 0.22978795838941607
10 6 6 10 0.23048406480845016
11 6 6 11 0.23048406480845016
10 7 7 10 0.23048406480845016
11 7 7 11 0.23048406480845016
10 8 8 10 0.23048406480845016
11 8 8 11 0.23048406480845016
10 9 9 10 0.23048406480845016
11 9 9 11 0.23048406480845016
10 10 10 10 0.2596656881854762
11 10 10 11 0.2596656881854762
10 11 11 10 0.2596656881854762
11 11 11 11 0.2596656881854762
