-98.56059566513788
0 0 -2.5487789603919646
1 1 -2.5487789603919646
2 2 -2.474162783743136
3 3 -2.474162783743136
4 4 -2.474162783743136
5 5 -2.474162783743136
6 6 -2.449212648960814
7 7 -2.449212648960814
8 8 -2.449212648960814
9 9 -2.449212648960814
10 10 -2.467764338900019
11 11 -2.467764338900019
0 0 0 0 0.2498176425443182
1 0 0 1 0.2498176425443182
0 1 1 0 0.2498176425443182
1 1 1 1 0.2498176425443182
0 2 2 0 0.2270630334195695
1 2 2 1 0.2270630334195695
0 3 3 0 0.2270630334195695
1 3 3 1 0.2270630334195695
0 4 4 0 0.2270630334195695
1 4 4 1 0.2270630334195695
0 5 5 0 0.2270630334195695
1 5 5 1 0.2270630334195695
0 6 6 0 0.22811583432895477
1 6 6 1 0.22811583432895477
0 7 7 0 0.22811583432895477
1 7 7 1 0.22811583432895477
0 8 8 0 0.22811583432895477
1 8 8 1 0.22811583432895477
0 9 9 0 0.22811583432895477
1 9 9 1 0.22811583432895477
0 10 10 0 0.2561421438785353
1 10 10 1 0.2561421438785353
0 11 11 0 0.2561421438785353
1 11 11 1 0.2561421438785353
0 0 2 2 0.010694947658010646
1 0 2 3 0.010694947658010646
0 1 3 2 0.010694947658010646
1 1 3 3 0.010694947658010646
0 2 0 2 0.010694947658010647
1 2 0 3 0.010694947658010647
0 3 1 2 0.010694947658010647
1 3 1 3 0.010694947658010647
0 8 10 2 0.0099589808758617
1 8 10 3 0.0099589808758617
0 9 11 2 0.0099589808758617
1 9 11 3 0.0099589808758617
0 10 8 2 0.009958980875861702
1 10 8 3 0.009958980875861702
0 11 9 2 0.009958980875861702
1 11 9 3 0.009958980875861702
0 0 4 4 0.010694947658010646
1 0 4 5 0.010694947658010646
0 1 5 4 0.010694947658010646
1 1 5 5 0.010694947658010646
0 4 0 4 0.010694947658010647
1 4 0 5 0.010694947658010647
0 5 1 4 0.010694947658010647
1 5 1 5 0.010694947658010647
0 6 10 4 0.0099589808758617
1 6 10 5 0.0099589808758617
0 7 11 4 0.0099589808758617
1 7 11 5 0.0099589808758617
0 10 6 4 0.009958980875861702
1 10 6 5 0.009958980875861702
0 11 7 4 0.009958980875861702
1 11 7 5 0.009958980875861702
0 0 6 6 0.010256312001833426
1 0 6 7 0.010256312001833426
0 1 7 6 0.010256312001833426
1 1 7 7 0.010256312001833426
0 4 10 6 0.009265813673917765
1 4 10 7 0.009265813673917765
0 5 11 6 0.009265813673917765
1 5 11 7 0.009265813673917765
0 6 0 6 0.010256312001833428
1 6 0 7 0.010256312001833428
0 7 1 6 0.010256312001833428
1 7 1 7 0.010256312001833428
0 10 4 6 0.009265813673917765
1 10 4 7 0.009265813673917765
0 11 5 6 0.009265813673917765
1 11 5 7 0.009265813673917765
0 0 8 8 0.010256312001833426
1 0 8 9 0.010256312001833426
0 1 9 8 0.010256312001833426
1 1 9 9 0.010256312001833426
0 2 10 8 0.009265813673917765
1 2 10 9 0.009265813673917765
0 3 11 8 0.009265813673917765
1 3 11 9 0.009265813673917765
0 8 0 8 0.010256312001833428
1 8 0 9 0.010256312001833428
0 9 1 8 0.010256312001833428
1 9 1 9 0.010256312001833428
0 10 2 8 0.009265813673917765
1 10 2 9 0.009265813673917765
0 11 3 8 0.009265813673917765
1 11 3 9 0.009265813673917765
0 0 10 10 0.12121006174055038
1 0 10 11 0.12121006174055038
0 1 11 10 0.12121006174055038
1 1 11 11 0.12121006174055038
0 2 8 10 0.10721139859860469
1 2 8 11 0.10721139859860469
0 3 9 10 0.10721139859860469
1 3 9 11 0.10721139859860469
0 4 6 10 0.10721139859860469
1 4 6 11 0.10721139859860469
0 5 7 10 0.10721139859860469
1 5 7 11 0.10721139859860469
0 6 4 10 0.10721139859860465
1 6 4 11 0.10721139859860465
0 7 5 10 0.10721139859860465
1 7 5 11 0.10721139859860465
0 8 2 10 0.10721139859860465
1 8 2 11 0.10721139859860465
0 9 3 10 0.10721139859860465
1 9 3 11 0.10721139859860465
0 10 0 10 0.12121006174055035
1 10 0 11 0.12121006174055035
0 11 1 10 0.12121006174055035
1 11 1 11 0.12121006174055035
2 0 2 0 0.010694947658010646
3 0 2 1 0.010694947658010646
2 1 3 0 0.010694947658010646
3 1 3 1 0.010694947658010646
2 2 0 0 0.01069494765801065
3 2 0 1 0.01069494765801065
2 3 1 0 0.01069494765801065
3 3 1 1 0.01069494765801065
2 8 10 0 0.0099589808758617
3 8 10 1 0.0099589808758617
2 9 11 0 0.0099589808758617
3 9 11 1 0.0099589808758617
2 10 8 0 0.009958980875861702
3 10 8 1 0.009958980875861702
2 11 9 0 0.009958980875861702
3 11 9 1 0.009958980875861702
2 0 0 2 0.22706303341956952
3 0 0 3 0.22706303341956952
2 1 1 2 0.22706303341956952
3 1 1 3 0.22706303341956952
2 2 2 2 0.2466018964695789
3 2 2 3 0.2466018964695789
2 3 3 2 0.2466018964695789
3 3 3 3 0.2466018964695789
2 4 4 2 0.22626862834102673
3 4 4 3 0.22626862834102673
2 5 5 2 0.22626862834102673
3 5 5 3 0.22626862834102673
2 6 6 2 0.22761752924196665
3 6 6 3 0.22761752924196665
2 7 7 2 0.22761752924196665
3 7 7 3 0.22761752924196665
2 8 8 2 0.24836039169596474
3 8 8 3 0.24836039169596474
2 9 9 2 0.24836039169596474
3 9 9 3 0.24836039169596474
2 10 10 2 0.2365186764634215
3 10 10 3 0.2365186764634215
2 11 11 2 0.2365186764634215
3 11 11 3 0.2365186764634215
2 2 4 4 0.010166633345244078
3 2 4 5 0.010166633345244078
2 3 5 4 0.010166633345244078
3 3 5 5 0.010166633345244078
2 4 2 4 0.010166633345244078
3 4 2 5 0.010166633345244078
2 5 3 4 0.010166633345244078
3 5 3 5 0.010166633345244078
2 6 8 4 0.010371430976885485
3 6 8 5 0.010371430976885485
2 7 9 4 0.010371430976885485
3 7 9 5 0.010371430976885485
2 8 6 4 0.010371430976885485
3 8 6 5 0.010371430976885485
2 9 7 4 0.010371430976885485
3 9 7 5 0.010371430976885485
2 2 6 6 0.010191333210811447
3 2 6 7 0.010191333210811447
2 3 7 6 0.010191333210811447
3 3 7 7 0.010191333210811447
2 4 8 6 0.010191333210811447
3 4 8 7 0.010191333210811447
2 5 9 6 0.010191333210811447
3 5 9 7 0.010191333210811447
2 6 2 6 0.010191333210811448
3 6 2 7 0.010191333210811448
2 7 3 6 0.010191333210811448
3 7 3 7 0.010191333210811448
2 8 4 6 0.010191333210811448
3 8 4 7 0.010191333210811448
2 9 5 6 0.010191333210811448
3 9 5 7 0.010191333210811448
2 0 10 8 0.10721139859860467
3 0 10 9 0.10721139859860467
2 1 11 8 0.10721139859860467
3 1 11 9 0.10721139859860467
2 2 8 8 0.1331004881192925
3 2 8 9 0.1331004881192925
2 3 9 8 0.1331004881192925
3 3 9 9 0.1331004881192925
2 4 6 8 0.11271782169766958
3 4 6 9 0.11271782169766958
2 5 7 8 0.11271782169766958
3 5 7 9 0.11271782169766958
2 6 4 8 0.11271782169766963
3 6 4 9 0.11271782169766963
2 7 5 8 0.11271782169766963
3 7 5 9 0.11271782169766963
2 8 2 8 0.1331004881192925
3 8 2 9 0.1331004881192925
2 9 3 8 0.1331004881192925
3 9 3 9 0.1331004881192925
2 10 0 8 0.10721139859860467
3 10 0 9 0.10721139859860467
2 11 1 8 0.10721139859860467
3 11 1 9 0.10721139859860467
2 0 8 10 0.009265813673917763
3 0 8 11 0.009265813673917763
2 1 9 10 0.009265813673917763
3 1 9 11 0.009265813673917763
2 2 10 10 0.011020734885235537
3 2 10 11 0.011020734885235537
2 3 11 10 0.011020734885235537
3 3 11 11 0.011020734885235537
2 8 0 10 0.009265813673917767
3 8 0 11 0.009265813673917767
2 9 1 10 0.009265813673917767
3 9 1 11 0.009265813673917767
2 10 2 10 0.011020734885235537
3 10 2 11 0.011020734885235537
2 11 3 10 0.011020734885235537
3 11 3 11 0.011020734885235537
4 0 4 0 0.010694947658010646
5 0 4 1 0.010694947658010646
4 1 5 0 0.010694947658010646
5 1 5 1 0.010694947658010646
4 4 0 0 0.01069494765801065
5 4 0 1 0.01069494765801065
4 5 1 0 0.01069494765801065
5 5 1 1 0.01069494765801065
4 6 10 0 0.0099589808758617
5 6 10 1 0.0099589808758617
4 7 11 0 0.0099589808758617
5 7 11 1 0.0099589808758617
4 10 6 0 0.009958980875861702
5 10 6 1 0.009958980875861702
4 11 7 0 0.009958980875861702
5 11 7 1 0.009958980875861702
4 2 4 2 0.010166633345244078
5 2 4 3 0.010166633345244078
4 3 5 2 0.010166633345244078
5 3 5 3 0.010166633345244078
4 4 2 2 0.010166633345244078
5 4 2 3 0.010166633345244078
4 5 3 2 0.010166633345244078
5 5 3 3 0.010166633345244078
4 6 8 2 0.010371430976885485
5 6 8 3 0.010371430976885485
4 7 9 2 0.010371430976885485
5 7 9 3 0.010371430976885485
4 8 6 2 0.010371430976885485
5 8 6 3 0.010371430976885485
4 9 7 2 0.010371430976885485
5 9 7 3 0.010371430976885485
4 0 0 4 0.22706303341956952
5 0 0 5 0.22706303341956952
4 1 1 4 0.22706303341956952
5 1 1 5 0.22706303341956952
4 2 2 4 0.22626862834102673
5 2 2 5 0.22626862834102673
4 3 3 4 0.22626862834102673
5 3 3 5 0.22626862834102673
4 4 4 4 0.2466018964695789
5 4 4 5 0.2466018964695789
4 5 5 4 0.2466018964695789
5 5 5 5 0.2466018964695789
4 6 6 4 0.24836039169596474
5 6 6 5 0.24836039169596474
4 7 7 4 0.24836039169596474
5 7 7 5 0.24836039169596474
4 8 8 4 0.22761752924196665
5 8 8 5 0.22761752924196665
4 9 9 4 0.22761752924196665
5 9 9 5 0.22761752924196665
4 10 10 4 0.2365186764634215
5 10 10 5 0.2365186764634215
4 11 11 4 0.2365186764634215
5 11 11 5 0.2365186764634215
4 0 10 6 0.10721139859860467
5 0 10 7 0.10721139859860467
4 1 11 6 0.10721139859860467
5 1 11 7 0.10721139859860467
4 2 8 6 0.11271782169766958
5 2 8 7 0.11271782169766958
4 3 9 6 0.11271782169766958
5 3 9 7 0.11271782169766958
4 4 6 6 0.1331004881192925
5 4 6 7 0.1331004881192925
4 5 7 6 0.1331004881192925
5 5 7 7 0.1331004881192925
4 6 4 6 0.1331004881192925
5 6 4 7 0.1331004881192925
4 7 5 6 0.1331004881192925
5 7 5 7 0.1331004881192925
4 8 2 6 0.11271782169766963
5 8 2 7 0.11271782169766963
4 9 3 6 0.11271782169766963
5 9 3 7 0.11271782169766963
4 10 0 6 0.10721139859860467
5 10 0 7 0.10721139859860467
4 11 1 6 0.10721139859860467
5 11 1 7 0.10721139859860467
4 2 6 8 0.010191333210811447
5 2 6 9 0.010191333210811447
4 3 7 8 0.010191333210811447
5 3 7 9 0.010191333210811447
4 4 8 8 0.010191333210811447
5 4 8 9 0.010191333210811447
4 5 9 8 0.010191333210811447
5 5 9 9 0.010191333210811447
4 6 2 8 0.010191333210811448
5 6 2 9 0.010191333210811448
4 7 3 8 0.010191333210811448
5 7 3 9 0.010191333210811448
4 8 4 8 0.010191333210811448
5 8 4 9 0.010191333210811448
4 9 5 8 0.010191333210811448
5 9 5 9 0.010191333210811448
4 0 6 10 0.009265813673917763
5 0 6 11 0.009265813673917763
4 1 7 10 0.009265813673917763
5 1 7 11 0.009265813673917763
4 4 10 10 0.011020734885235537
5 4 10 11 0.011020734885235537
4 5 11 10 0.011020734885235537
5 5 11 11 0.011020734885235537
4 6 0 10 0.009265813673917767
5 6 0 11 0.009265813673917767
4 7 1 10 0.009265813673917767
5 7 1 11 0.009265813673917767
4 10 4 10 0.011020734885235537
5 10 4 11 0.011020734885235537
4 11 5 10 0.011020734885235537
5 11 5 11 0.011020734885235537
6 0 6 0 0.010256312001833424
7 0 6 1 0.010256312001833424
6 1 7 0 0.010256312001833424
7 1 7 1 0.010256312001833424
6 4 10 0 0.009265813673917765
7 4 10 1 0.009265813673917765
6 5 11 0 0.009265813673917765
7 5 11 1 0.009265813673917765
6 6 0 0 0.010256312001833426
7 6 0 1 0.010256312001833426
6 7 1 0 0.010256312001833426
7 7 1 1 0.010256312001833426
6 10 4 0 0.009265813673917765
7 10 4 1 0.009265813673917765
6 11 5 0 0.009265813673917765
7 11 5 1 0.009265813673917765
6 2 6 2 0.010191333210811447
7 2 6 3 0.010191333210811447
6 3 7 2 0.010191333210811447
7 3 7 3 0.010191333210811447
6 4 8 2 0.010191333210811447
7 4 8 3 0.010191333210811447
6 5 9 2 0.010191333210811447
7 5 9 3 0.010191333210811447
6 6 2 2 0.010191333210811448
7 6 2 3 0.010191333210811448
6 7 3 2 0.010191333210811448
7 7 3 3 0.010191333210811448
6 8 4 2 0.010191333210811448
7 8 4 3 0.010191333210811448
6 9 5 2 0.010191333210811448
7 9 5 3 0.010191333210811448
6 0 10 4 0.10721139859860467
7 0 10 5 0.10721139859860467
6 1 11 4 0.10721139859860467
7 1 11 5 0.10721139859860467
6 2 8 4 0.11271782169766958
7 2 8 5 0.11271782169766958
6 3 9 4 0.11271782169766958
7 3 9 5 0.11271782169766958
6 4 6 4 0.1331004881192925
7 4 6 5 0.1331004881192925
6 5 7 4 0.1331004881192925
7 5 7 5 0.1331004881192925
6 6 4 4 0.13310048811929254
7 6 4 5 0.13310048811929254
6 7 5 4 0.13310048811929254
7 7 5 5 0.13310048811929254
6 8 2 4 0.11271782169766963
7 8 2 5 0.11271782169766963
6 9 3 4 0.11271782169766963
7 9 3 5 0.11271782169766963
6 10 0 4 0.10721139859860465
7 10 0 5 0.10721139859860465
6 11 1 4 0.10721139859860465
7 11 1 5 0.10721139859860465
6 0 0 6 0.22811583432895477
7 0 0 7 0.22811583432895477
6 1 1 6 0.22811583432895477
7 1 1 7 0.22811583432895477
6 2 2 6 0.22761752924196665
7 2 2 7 0.22761752924196665
6 3 3 6 0.22761752924196665
7 3 3 7 0.22761752924196665
6 4 4 6 0.24836039169596474
7 4 4 7 0.24836039169596474
6 5 5 6 0.24836039169596474
7 5 5 7 0.24836039169596474
6 6 6 6 0.2502829650809295
7 6 6 7 0.2502829650809295
6 7 7 6 0.2502829650809295
7 7 7 7 0.2502829650809295
6 8 8 6 0.22908469278710664
7 8 8 7 0.22908469278710664
6 9 9 6 0.22908469278710664
7 9 9 7 0.22908469278710664
6 10 10 6 0.2374996409639582
7 10 10 7 0.2374996409639582
6 11 11 6 0.2374996409639582
7 11 11 7 0.2374996409639582
6 2 4 8 0.010371430976885487
7 2 4 9 0.010371430976885487
6 3 5 8 0.010371430976885487
7 3 5 9 0.010371430976885487
6 4 2 8 0.010371430976885487
7 4 2 9 0.010371430976885487
6 5 3 8 0.010371430976885487
7 5 3 9 0.010371430976885487
6 6 8 8 0.01059913640791564
7 6 8 9 0.01059913640791564
6 7 9 8 0.01059913640791564
7 7 9 9 0.01059913640791564
6 8 6 8 0.01059913640791564
7 8 6 9 0.01059913640791564
6 9 7 8 0.01059913640791564
7 9 7 9 0.01059913640791564
6 0 4 10 0.009958980875861698
7 0 4 11 0.009958980875861698
6 1 5 10 0.009958980875861698
7 1 5 11 0.009958980875861698
6 4 0 10 0.009958980875861702
7 4 0 11 0.009958980875861702
6 5 1 10 0.009958980875861702
7 5 1 11 0.009958980875861702
6 6 10 10 0.01171710891169951
7 6 10 11 0.01171710891169951
6 7 11 10 0.01171710891169951
7 7 11 11 0.01171710891169951
6 10 6 10 0.011717108911699508
7 10 6 11 0.011717108911699508
6 11 7 10 0.011717108911699508
7 11 7 11 0.011717108911699508
8 0 8 0 0.010256312001833424
9 0 8 1 0.010256312001833424
8 1 9 0 0.010256312001833424
9 1 9 1 0.010256312001833424
8 2 10 0 0.009265813673917765
9 2 10 1 0.009265813673917765
8 3 11 0 0.009265813673917765
9 3 11 1 0.009265813673917765
8 8 0 0 0.010256312001833426
9 8 0 1 0.010256312001833426
8 9 1 0 0.010256312001833426
9 9 1 1 0.010256312001833426
8 10 2 0 0.009265813673917765
9 10 2 1 0.009265813673917765
8 11 3 0 0.009265813673917765
9 11 3 1 0.009265813673917765
8 0 10 2 0.10721139859860467
9 0 10 3 0.10721139859860467
8 1 11 2 0.10721139859860467
9 1 11 3 0.10721139859860467
8 2 8 2 0.1331004881192925
9 2 8 3 0.1331004881192925
8 3 9 2 0.1331004881192925
9 3 9 3 0.1331004881192925
8 4 6 2 0.11271782169766958
9 4 6 3 0.11271782169766958
8 5 7 2 0.11271782169766958
9 5 7 3 0.11271782169766958
8 6 4 2 0.11271782169766963
9 6 4 3 0.11271782169766963
8 7 5 2 0.11271782169766963
9 7 5 3 0.11271782169766963
8 8 2 2 0.13310048811929254
9 8 2 3 0.13310048811929254
8 9 3 2 0.13310048811929254
9 9 3 3 0.13310048811929254
8 10 0 2 0.10721139859860465
9 10 0 3 0.10721139859860465
8 11 1 2 0.10721139859860465
9 11 1 3 0.10721139859860465
8 2 6 4 0.010191333210811447
9 2 6 5 0.010191333210811447
8 3 7 4 0.010191333210811447
9 3 7 5 0.010191333210811447
8 4 8 4 0.010191333210811447
9 4 8 5 0.010191333210811447
8 5 9 4 0.010191333210811447
9 5 9 5 0.010191333210811447
8 6 2 4 0.010191333210811448
9 6 2 5 0.010191333210811448
8 7 3 4 0.010191333210811448
9 7 3 5 0.010191333210811448
8 8 4 4 0.010191333210811448
9 8 4 5 0.010191333210811448
8 9 5 4 0.010191333210811448
9 9 5 5 0.010191333210811448
8 2 4 6 0.010371430976885487
9 2 4 7 0.010371430976885487
8 3 5 6 0.010371430976885487
9 3 5 7 0.010371430976885487
8 4 2 6 0.010371430976885487
9 4 2 7 0.010371430976885487
8 5 3 6 0.010371430976885487
9 5 3 7 0.010371430976885487
8 6 8 6 0.01059913640791564
9 6 8 7 0.01059913640791564
8 7 9 6 0.01059913640791564
9 7 9 7 0.01059913640791564
8 8 6 6 0.01059913640791564
9 8 6 7 0.01059913640791564
8 9 7 6 0.01059913640791564
9 9 7 7 0.01059913640791564
8 0 0 8 0.22811583432895477
9 0 0 9 0.22811583432895477
8 1 1 8 0.22811583432895477
9 1 1 9 0.22811583432895477
8 2 2 8 0.24836039169596474
9 2 2 9 0.24836039169596474
8 3 3 8 0.24836039169596474
9 3 3 9 0.24836039169596474
8 4 4 8 0.22761752924196665
9 4 4 9 0.22761752924196665
8 5 5 8 0.22761752924196665
9 5 5 9 0.22761752924196665
8 6 6 8 0.22908469278710664
9 6 6 9 0.22908469278710664
8 7 7 8 0.22908469278710664
9 7 7 9 0.22908469278710664
8 8 8 8 0.2502829650809295
9 8 8 9 0.2502829650809295
8 9 9 8 0.2502829650809295
9 9 9 9 0.2502829650809295
8 10 10 8 0.2374996409639582
9 10 10 9 0.2374996409639582
8 11 11 8 0.2374996409639582
9 11 11 9 0.2374996409639582
8 0 2 10 0.009958980875861698
9 0 2 11 0.009958980875861698
8 1 3 10 0.009958980875861698
9 1 3 11 0.009958980875861698
8 2 0 10 0.009958980875861702
9 2 0 11 0.009958980875861702
8 3 1 10 0.009958980875861702
9 3 1 11 0.009958980875861702
8 8 10 10 0.01171710891169951
9 8 10 11 0.01171710891169951
8 9 11 10 0.01171710891169951
9 9 11 11 0.01171710891169951
8 10 8 10 0.011717108911699508
9 10 8 11 0.011717108911699508
8 11 9 10 0.011717108911699508
9 11 9 11 0.011717108911699508
10 0 10 0 0.12121006174055038
11 0 10 1 0.12121006174055038
10 1 11 0 0.12121006174055038
11 1 11 1 0.12121006174055038
10 2 8 0 0.10721139859860469
11 2 8 1 0.10721139859860469
10 3 9 0 0.10721139859860469
11 3 9 1 0.10721139859860469
10 4 6 0 0.10721139859860469
11 4 6 1 0.10721139859860469
10 5 7 0 0.10721139859860469
11 5 7 1 0.10721139859860469
10 6 4 0 0.10721139859860464
11 6 4 1 0.10721139859860464
10 7 5 0 0.10721139859860464
11 7 5 1 0.10721139859860464
10 8 2 0 0.10721139859860464
11 8 2 1 0.10721139859860464
10 9 3 0 0.10721139859860464
11 9 3 1 0.10721139859860464
10 10 0 0 0.12121006174055036
11 10 0 1 0.12121006174055036
10 11 1 0 0.12121006174055036
11 11 1 1 0.12121006174055036
10 0 8 2 0.009265813673917765
11 0 8 3 0.009265813673917765
10 1 9 2 0.009265813673917765
11 1 9 3 0.009265813673917765
10 2 10 2 0.011020734885235535
11 2 10 3 0.011020734885235535
10 3 11 2 0.011020734885235535
11 3 11 3 0.011020734885235535
10 8 0 2 0.009265813673917767
11 8 0 3 0.009265813673917767
10 9 1 2 0.009265813673917767
11 9 1 3 0.009265813673917767
10 10 2 2 0.011020734885235535
11 10 2 3 0.011020734885235535
10 11 3 2 0.011020734885235535
11 11 3 3 0.011020734885235535
10 0 6 4 0.009265813673917765
11 0 6 5 0.009265813673917765
10 1 7 4 0.009265813673917765
11 1 7 5 0.009265813673917765
10 4 10 4 0.011020734885235535
11 4 10 5 0.011020734885235535
10 5 11 4 0.011020734885235535
11 5 11 5 0.011020734885235535
10 6 0 4 0.009265813673917767
11 6 0 5 0.009265813673917767
10 7 1 4 0.009265813673917767
11 7 1 5 0.009265813673917767
10 10 4 4 0.011020734885235535
11 10 4 5 0.011020734885235535
10 11 5 4 0.011020734885235535
11 11 5 5 0.011020734885235535
10 0 4 6 0.0099589808758617
11 0 4 7 0.0099589808758617
10 1 5 6 0.0099589808758617
11 1 5 7 0.0099589808758617
10 4 0 6 0.009958980875861702
11 4 0 7 0.009958980875861702
10 5 1 6 0.009958980875861702
11 5 1 7 0.009958980875861702
10 6 10 6 0.011717108911699508
11 6 10 7 0.011717108911699508
10 7 11 6 0.011717108911699508
11 7 11 7 0.011717108911699508
10 10 6 6 0.011717108911699508
11 10 6 7 0.011717108911699508
10 11 7 6 0.011717108911699508
11 11 7 7 0.011717108911699508
10 0 2 8 0.0099589808758617
11 0 2 9 0.0099589808758617
10 1 3 8 0.0099589808758617
11 1 3 9 0.0099589808758617
10 2 0 8 0.009958980875861702
11 2 0 9 0.009958980875861702
10 3 1 8 0.009958980875861702
11 3 1 9 0.009958980875861702
10 8 10 8 0.011717108911699508
11 8 10 9 0.011717108911699508
10 9 11 8 0.011717108911699508
11 9 11 9 0.011717108911699508
10 10 8 8 0.011717108911699508
11 10 8 9 0.011717108911699508
10 11 9 8 0.011717108911699508
11 11 9 9 0.011717108911699508
10 0 0 10 0.25614214387853523
11 0 0 11 0.25614214387853523
10 1 1 10 0.25614214387853523
11 1 1 11 0.25614214387853523
10 2 2 10 0.2365186764634215
11 2 2 11 0.2365186764634215
10 3 3 10 0.2365186764634215
11 3 3 11 0.2365186764634215
10 4 4 10 0.2365186764634215
11 4 4 11 0.2365186764634215
10 5 5 10 0.2365186764634215
11 5 5 11 0.2365186764634215
10 6 6 10 0.23749964096395818
11 6 6 11 0.23749964096395818
10 7 7 10 0.23749964096395818
11 7 7 11 0.23749964096395818
10 8 8 10 0.23749964096395818
11 8 8 11 0.23749964096395818
10 9 9 10 0.23749964096395818
11 9 9 11 0.23749964096395818
10 10 10 10 0.2700309122929925
11 10 10 11 0.2700309122929925
10 11 11 10 0.2700309122929925
11 11 11 11 0.2700309122929925
