-98.21278232246914
0 0 -2.6888698762145458
1 1 -2.6888698762145458
2 2 -2.5933735070450554
3 3 -2.5933735070450554
4 4 -2.5933735070450554
5 5 -2.5933735070450554
6 6 -2.536995629183501
7 7 -2.536995629183501
8 8 -2.536995629183501
9 9 -2.536995629183501
10 10 -2.5458613680116375
11 11 -2.5458613680116375
0 0 0 0 0.2589298566270264
1 0 0 1 0.2589298566270264
0 1 1 0 0.2589298566270264
1 1 1 1 0.2589298566270264
0 2 2 0 0.23451842628257413
1 2 2 1 0.23451842628257413
0 3 3 0 0.23451842628257413
1 3 3 1 0.23451842628257413
0 4 4 0 0.23451842628257413
1 4 4 1 0.23451842628257413
0 5 5 0 0.23451842628257413
1 5 5 1 0.23451842628257413
0 6 6 0 0.236525391047268
1 6 6 1 0.236525391047268
0 7 7 0 0.236525391047268
1 7 7 1 0.236525391047268
0 8 8 0 0.236525391047268
1 8 8 1 0.236525391047268
0 9 9 0 0.236525391047268
1 9 9 1 0.236525391047268
0 10 10 0 0.26637901396133895
1 10 10 1 0.26637901396133895
0 11 11 0 0.26637901396133895
1 11 11 1 0.26637901396133895
0 0 2 2 0.011396691959518536
1 0 2 3 0.011396691959518536
0 1 3 2 0.011396691959518536
1 1 3 3 0.011396691959518536
0 2 0 2 0.011396691959518536
1 2 0 3 0.011396691959518536
0 3 1 2 0.011396691959518536
1 3 1 3 0.011396691959518536
0 8 10 2 -0.009216589313467465
1 8 10 3 -0.009216589313467465
0 9 11 2 -0.009216589313467465
1 9 11 3 -0.009216589313467465
0 10 8 2 -0.009216589313467466
1 10 8 3 -0.009216589313467466
0 11 9 2 -0.009216589313467466
1 11 9 3 -0.009216589313467466
0 0 4 4 0.011396691959518536
1 0 4 5 0.011396691959518536
0 1 5 4 0.011396691959518536
1 1 5 5 0.011396691959518536
0 4 0 4 0.011396691959518536
1 4 0 5 0.011396691959518536
0 5 1 4 0.011396691959518536
1 5 1 5 0.011396691959518536
0 6 10 4 -0.009216589313467465
1 6 10 5 -0.009216589313467465
0 7 11 4 -0.009216589313467465
1 7 11 5 -0.009216589313467465
0 10 6 4 -0.009216589313467466
1 10 6 5 -0.009216589313467466
0 11 7 4 -0.009216589313467466
1 11 7 5 -0.009216589313467466
0 0 6 6 0.01105056345892143
1 0 6 7 0.01105056345892143
0 1 7 6 0.01105056345892143
1 1 7 7 0.01105056345892143
0 4 10 6 -0.008019208864944102
1 4 10 7 -0.008019208864944102
0 5 11 6 -0.008019208864944102
1 5 11 7 -0.008019208864944102
0 6 0 6 0.01105056345892143
1 6 0 7 0.01105056345892143
0 7 1 6 0.01105056345892143
1 7 1 7 0.01105056345892143
0 10 4 6 -0.008019208864944102
1 10 4 7 -0.008019208864944102
0 11 5 6 -0.008019208864944102
1 11 5 7 -0.008019208864944102
0 0 8 8 0.01105056345892143
1 0 8 9 0.01105056345892143
0 1 9 8 0.01105056345892143
1 1 9 9 0.01105056345892143
0 2 10 8 -0.008019208864944102
1 2 10 9 -0.008019208864944102
0 3 11 8 -0.008019208864944102
1 3 11 9 -0.008019208864944102
0 8 0 8 0.01105056345892143
1 8 0 9 0.01105056345892143
0 9 1 8 0.01105056345892143
1 9 1 9 0.01105056345892143
0 10 2 8 -0.008019208864944102
1 10 2 9 -0.008019208864944102
0 11 3 8 -0.008019208864944102
1 11 3 9 -0.008019208864944102
0 0 10 10 0.10591749659249791
1 0 10 11 0.10591749659249791
0 1 11 10 0.10591749659249791
1 1 11 11 0.10591749659249791
0 2 8 10 -0.09567668778014196
1 2 8 11 -0.09567668778014196
0 3 9 10 -0.09567668778014196
1 3 9 11 -0.09567668778014196
0 4 6 10 -0.09567668778014196
1 4 6 11 -0.09567668778014196
0 5 7 10 -0.09567668778014196
1 5 7 11 -0.09567668778014196
0 6 4 10 -0.09567668778014198
1 6 4 11 -0.09567668778014198
0 7 5 10 -0.09567668778014198
1 7 5 11 -0.09567668778014198
0 8 2 10 -0.09567668778014198
1 8 2 11 -0.09567668778014198
0 9 3 10 -0.09567668778014198
1 9 3 11 -0.09567668778014198
0 10 0 10 0.1059174965924979
1 10 0 11 0.1059174965924979
0 11 1 10 0.1059174965924979
1 11 1 11 0.1059174965924979
2 0 2 0 0.011396691959518535
3 0 2 1 0.011396691959518535
2 1 3 0 0.011396691959518535
3 1 3 1 0.011396691959518535
2 2 0 0 0.011396691959518535
3 2 0 1 0.011396691959518535
2 3 1 0 0.011396691959518535
3 3 1 1 0.011396691959518535
2 8 10 0 -0.009216589313467466
3 8 10 1 -0.009216589313467466
2 9 11 0 -0.009216589313467466
3 9 11 1 -0.009216589313467466
2 10 8 0 -0.009216589313467468
3 10 8 1 -0.009216589313467468
2 11 9 0 -0.009216589313467468
3 11 9 1 -0.009216589313467468
2 0 0 2 0.2345184262825742
3 0 0 3 0.2345184262825742
2 1 1 2 0.2345184262825742
3 1 1 3 0.2345184262825742
2 2 2 2 0.2539007332780195
3 2 2 3 0.2539007332780195
2 3 3 2 0.2539007332780195
3 3 3 3 0.2539007332780195
2 4 4 2 0.23359966610486813
3 4 4 3 0.23359966610486813
2 5 5 2 0.23359966610486813
3 5 5 3 0.23359966610486813
2 6 6 2 0.23569008935553537
3 6 6 3 0.23569008935553537
2 7 7 2 0.23569008935553537
3 7 7 3 0.23569008935553537
2 8 8 2 0.25660977509948374
3 8 8 3 0.25660977509948374
2 9 9 2 0.25660977509948374
3 9 9 3 0.25660977509948374
2 10 10 2 0.2497389993026416
3 10 10 3 0.2497389993026416
2 11 11 2 0.2497389993026416
3 11 11 3 0.2497389993026416
2 2 4 4 0.010150533586575701
3 2 4 5 0.010150533586575701
2 3 5 4 0.010150533586575701
3 3 5 5 0.010150533586575701
2 4 2 4 0.010150533586575701
3 4 2 5 0.010150533586575701
2 5 3 4 0.010150533586575701
3 5 3 5 0.010150533586575701
2 6 8 4 0.010459842871974233
3 6 8 5 0.010459842871974233
2 7 9 4 0.010459842871974233
3 7 9 5 0.010459842871974233
2 8 6 4 0.010459842871974233
3 8 6 5 0.010459842871974233
2 9 7 4 0.010459842871974233
3 9 7 5 0.010459842871974233
2 2 6 6 0.010115457225115773
3 2 6 7 0.010115457225115773
2 3 7 6 0.010115457225115773
3 3 7 7 0.010115457225115773
2 4 8 6 0.010115457225115773
3 4 8 7 0.010115457225115773
2 5 9 6 0.010115457225115773
3 5 9 7 0.010115457225115773
2 6 2 6 0.010115457225115771
3 6 2 7 0.010115457225115771
2 7 3 6 0.010115457225115771
3 7 3 7 0.010115457225115771
2 8 4 6 0.010115457225115771
3 8 4 7 0.010115457225115771
2 9 5 6 0.010115457225115771
3 9 5 7 0.010115457225115771
2 0 10 8 -0.09567668778014196
3 0 10 9 -0.09567668778014196
2 1 11 8 -0.09567668778014196
3 1 11 9 -0.09567668778014196
2 2 8 8 0.12505307548210612
3 2 8 9 0.12505307548210612
2 3 9 8 0.12505307548210612
3 3 9 9 0.12505307548210612
2 4 6 8 0.10482216053078093
3 4 6 9 0.10482216053078093
2 5 7 8 0.10482216053078093
3 5 7 9 0.10482216053078093
2 6 4 8 0.10482216053078093
3 6 4 9 0.10482216053078093
2 7 5 8 0.10482216053078093
3 7 5 9 0.10482216053078093
2 8 2 8 0.12505307548210617
3 8 2 9 0.12505307548210617
2 9 3 8 0.12505307548210617
3 9 3 9 0.12505307548210617
2 10 0 8 -0.09567668778014196
3 10 0 9 -0.09567668778014196
2 11 1 8 -0.09567668778014196
3 11 1 9 -0.09567668778014196
2 0 8 10 -0.008019208864944104
3 0 8 11 -0.008019208864944104
2 1 9 10 -0.008019208864944104
3 1 9 11 -0.008019208864944104
2 2 10 10 0.011800651493904322
3 2 10 11 0.011800651493904322
2 3 11 10 0.011800651493904322
3 3 11 11 0.011800651493904322
2 8 0 10 -0.008019208864944102
3 8 0 11 -0.008019208864944102
2 9 1 10 -0.008019208864944102
3 9 1 11 -0.008019208864944102
2 10 2 10 0.011800651493904322
3 10 2 11 0.011800651493904322
2 11 3 10 0.011800651493904322
3 11 3 11 0.011800651493904322
4 0 4 0 0.011396691959518535
5 0 4 1 0.011396691959518535
4 1 5 0 0.011396691959518535
5 1 5 1 0.011396691959518535
4 4 0 0 0.011396691959518535
5 4 0 1 0.011396691959518535
4 5 1 0 0.011396691959518535
5 5 1 1 0.011396691959518535
4 6 10 0 -0.009216589313467466
5 6 10 1 -0.009216589313467466
4 7 11 0 -0.009216589313467466
5 7 11 1 -0.009216589313467466
4 10 6 0 -0.009216589313467468
5 10 6 1 -0.009216589313467468
4 11 7 0 -0.009216589313467468
5 11 7 1 -0.009216589313467468
4 2 4 2 0.010150533586575701
5 2 4 3 0.010150533586575701
4 3 5 2 0.010150533586575701
5 3 5 3 0.010150533586575701
4 4 2 2 0.010150533586575701
5 4 2 3 0.010150533586575701
4 5 3 2 0.010150533586575701
5 5 3 3 0.010150533586575701
4 6 8 2 0.010459842871974233
5 6 8 3 0.010459842871974233
4 7 9 2 0.010459842871974233
5 7 9 3 0.010459842871974233
4 8 6 2 0.010459842871974233
5 8 6 3 0.010459842871974233
4 9 7 2 0.010459842871974233
5 9 7 3 0.010459842871974233
4 0 0 4 0.2345184262825742
5 0 0 5 0.2345184262825742
4 1 1 4 0.2345184262825742
5 1 1 5 0.2345184262825742
4 2 2 4 0.23359966610486813
5 2 2 5 0.23359966610486813
4 3 3 4 0.23359966610486813
5 3 3 5 0.23359966610486813
4 4 4 4 0.2539007332780195
5 4 4 5 0.2539007332780195
4 5 5 4 0.2539007332780195
5 5 5 5 0.2539007332780195
4 6 6 4 0.25660977509948374
5 6 6 5 0.25660977509948374
4 7 7 4 0.25660977509948374
5 7 7 5 0.25660977509948374
4 8 8 4 0.23569008935553537
5 8 8 5 0.23569008935553537
4 9 9 4 0.23569008935553537
5 9 9 5 0.23569008935553537
4 10 10 4 0.2497389993026416
5 10 10 5 0.2497389993026416
4 11 11 4 0.2497389993026416
5 11 11 5 0.2497389993026416
4 0 10 6 -0.09567668778014196
5 0 10 7 -0.09567668778014196
4 1 11 6 -0.09567668778014196
5 1 11 7 -0.09567668778014196
4 2 8 6 0.10482216053078093
5 2 8 7 0.10482216053078093
4 3 9 6 0.10482216053078093
5 3 9 7 0.10482216053078093
4 4 6 6 0.12505307548210612
5 4 6 7 0.12505307548210612
4 5 7 6 0.12505307548210612
5 5 7 7 0.12505307548210612
4 6 4 6 0.12505307548210617
5 6 4 7 0.12505307548210617
4 7 5 6 0.12505307548210617
5 7 5 7 0.12505307548210617
4 8 2 6 0.10482216053078093
5 8 2 7 0.10482216053078093
4 9 3 6 0.10482216053078093
5 9 3 7 0.10482216053078093
4 10 0 6 -0.09567668778014196
5 10 0 7 -0.09567668778014196
4 11 1 6 -0.09567668778014196
5 11 1 7 -0.09567668778014196
4 2 6 8 0.010115457225115773
5 2 6 9 0.010115457225115773
4 3 7 8 0.010115457225115773
5 3 7 9 0.010115457225115773
4 4 8 8 0.010115457225115773
5 4 8 9 0.010115457225115773
4 5 9 8 0.010115457225115773
5 5 9 9 0.010115457225115773
4 6 2 8 0.010115457225115771
5 6 2 9 0.010115457225115771
4 7 3 8 0.010115457225115771
5 7 3 9 0.010115457225115771
4 8 4 8 0.010115457225115771
5 8 4 9 0.010115457225115771
4 9 5 8 0.010115457225115771
5 9 5 9 0.010115457225115771
4 0 6 10 -0.008019208864944104
5 0 6 11 -0.008019208864944104
4 1 7 10 -0.008019208864944104
5 1 7 11 -0.008019208864944104
4 4 10 10 0.011800651493904322
5 4 10 11 0.011800651493904322
4 5 11 10 0.011800651493904322
5 5 11 11 0.011800651493904322
4 6 0 10 -0.008019208864944102
5 6 0 11 -0.008019208864944102
4 7 1 10 -0.008019208864944102
5 7 1 11 -0.008019208864944102
4 10 4 10 0.011800651493904322
5 10 4 11 0.011800651493904322
4 11 5 10 0.011800651493904322
5 11 5 11 0.011800651493904322
6 0 6 0 0.011050563458921431
7 0 6 1 0.011050563458921431
6 1 7 0 0.011050563458921431
7 1 7 1 0.011050563458921431
6 4 10 0 -0.008019208864944102
7 4 10 1 -0.008019208864944102
6 5 11 0 -0.008019208864944102
7 5 11 1 -0.008019208864944102
6 6 0 0 0.011050563458921431
7 6 0 1 0.011050563458921431
6 7 1 0 0.011050563458921431
7 7 1 1 0.011050563458921431
6 10 4 0 -0.008019208864944102
7 10 4 1 -0.008019208864944102
6 11 5 0 -0.008019208864944102
7 11 5 1 -0.008019208864944102
6 2 6 2 0.010115457225115773
7 2 6 3 0.010115457225115773
6 3 7 2 0.010115457225115773
7 3 7 3 0.010115457225115773
6 4 8 2 0.010115457225115773
7 4 8 3 0.010115457225115773
6 5 9 2 0.010115457225115773
7 5 9 3 0.010115457225115773
6 6 2 2 0.01011545722511577
7 6 2 3 0.01011545722511577
6 7 3 2 0.01011545722511577
7 7 3 3 0.01011545722511577
6 8 4 2 0.01011545722511577
7 8 4 3 0.01011545722511577
6 9 5 2 0.01011545722511577
7 9 5 3 0.01011545722511577
6 0 10 4 -0.09567668778014198
7 0 10 5 -0.09567668778014198
6 1 11 4 -0.09567668778014198
7 1 11 5 -0.09567668778014198
6 2 8 4 0.10482216053078093
7 2 8 5 0.10482216053078093
6 3 9 4 0.10482216053078093
7 3 9 5 0.10482216053078093
6 4 6 4 0.12505307548210612
7 4 6 5 0.12505307548210612
6 5 7 4 0.12505307548210612
7 5 7 5 0.12505307548210612
6 6 4 4 0.12505307548210617
7 6 4 5 0.12505307548210617
6 7 5 4 0.12505307548210617
7 7 5 5 0.12505307548210617
6 8 2 4 0.10482216053078093
7 8 2 5 0.10482216053078093
6 9 3 4 0.10482216053078093
7 9 3 5 0.10482216053078093
6 10 0 4 -0.09567668778014196
7 10 0 5 -0.09567668778014196
6 11 1 4 -0.09567668778014196
7 11 1 5 -0.09567668778014196
6 0 0 6 0.23652539104726802
7 0 0 7 0.23652539104726802
6 1 1 6 0.23652539104726802
7 1 1 7 0.23652539104726802
6 2 2 6 0.23569008935553531
7 2 2 7 0.23569008935553531
6 3 3 6 0.23569008935553531
7 3 3 7 0.23569008935553531
6 4 4 6 0.2566097750994838
7 4 4 7 0.2566097750994838
6 5 5 6 0.2566097750994838
7 5 5 7 0.2566097750994838
6 6 6 6 0.259930296278569
7 6 6 7 0.259930296278569
6 7 7 6 0.259930296278569
7 7 7 7 0.259930296278569
6 8 8 6 0.23821163853942617
7 8 8 7 0.23821163853942617
6 9 9 6 0.23821163853942617
7 9 9 7 0.23821163853942617
6 10 10 6 0.25116655546622946
7 10 10 7 0.25116655546622946
6 11 11 6 0.25116655546622946
7 11 11 7 0.25116655546622946
6 2 4 8 0.010459842871974233
7 2 4 9 0.010459842871974233
6 3 5 8 0.010459842871974233
7 3 5 9 0.010459842871974233
6 4 2 8 0.010459842871974233
7 4 2 9 0.010459842871974233
6 5 3 8 0.010459842871974233
7 5 3 9 0.010459842871974233
6 6 8 8 0.010859328869571461
7 6 8 9 0.010859328869571461
6 7 9 8 0.010859328869571461
7 7 9 9 0.010859328869571461
6 8 6 8 0.010859328869571461
7 8 6 9 0.010859328869571461
6 9 7 8 0.010859328869571461
7 9 7 9 0.010859328869571461
6 0 4 10 -0.009216589313467466
7 0 4 11 -0.009216589313467466
6 1 5 10 -0.009216589313467466
7 1 5 11 -0.009216589313467466
6 4 0 10 -0.009216589313467468
7 4 0 11 -0.009216589313467468
6 5 1 10 -0.009216589313467468
7 5 1 11 -0.009216589313467468
6 6 10 10 0.013023643396063881
7 6 10 11 0.013023643396063881
6 7 11 10 0.013023643396063881
7 7 11 11 0.013023643396063881
6 10 6 10 0.013023643396063881
7 10 6 11 0.013023643396063881
6 11 7 10 0.013023643396063881
7 11 7 11 0.013023643396063881
8 0 8 0 0.011050563458921431
9 0 8 1 0.011050563458921431
8 1 9 0 0.011050563458921431
9 1 9 1 0.011050563458921431
8 2 10 0 -0.008019208864944102
9 2 10 1 -0.008019208864944102
8 3 11 0 -0.008019208864944102
9 3 11 1 -0.008019208864944102
8 8 0 0 0.011050563458921431
9 8 0 1 0.011050563458921431
8 9 1 0 0.011050563458921431
9 9 1 1 0.011050563458921431
8 10 2 0 -0.008019208864944102
9 10 2 1 -0.008019208864944102
8 11 3 0 -0.008019208864944102
9 11 3 1 -0.008019208864944102
8 0 10 2 -0.09567668778014198
9 0 10 3 -0.09567668778014198
8 1 11 2 -0.09567668778014198
9 1 11 3 -0.09567668778014198
8 2 8 2 0.12505307548210612
9 2 8 3 0.12505307548210612
8 3 9 2 0.12505307548210612
9 3 9 3 0.12505307548210612
8 4 6 2 0.10482216053078093
9 4 6 3 0.10482216053078093
8 5 7 2 0.10482216053078093
9 5 7 3 0.10482216053078093
8 6 4 2 0.10482216053078093
9 6 4 3 0.10482216053078093
8 7 5 2 0.10482216053078093
9 7 5 3 0.10482216053078093
8 8 2 2 0.12505307548210617
9 8 2 3 0.12505307548210617
8 9 3 2 0.12505307548210617
9 9 3 3 0.12505307548210617
8 10 0 2 -0.09567668778014196
9 10 0 3 -0.09567668778014196
8 11 1 2 -0.09567668778014196
9 11 1 3 -0.09567668778014196
8 2 6 4 0.010115457225115773
9 2 6 5 0.010115457225115773
8 3 7 4 0.010115457225115773
9 3 7 5 0.010115457225115773
8 4 8 4 0.010115457225115773
9 4 8 5 0.010115457225115773
8 5 9 4 0.010115457225115773
9 5 9 5 0.010115457225115773
8 6 2 4 0.01011545722511577
9 6 2 5 0.01011545722511577
8 7 3 4 0.01011545722511577
9 7 3 5 0.01011545722511577
8 8 4 4 0.01011545722511577
9 8 4 5 0.01011545722511577
8 9 5 4 0.01011545722511577
9 9 5 5 0.01011545722511577
8 2 4 6 0.010459842871974233
9 2 4 7 0.010459842871974233
8 3 5 6 0.010459842871974233
9 3 5 7 0.010459842871974233
8 4 2 6 0.010459842871974233
9 4 2 7 0.010459842871974233
8 5 3 6 0.010459842871974233
9 5 3 7 0.010459842871974233
8 6 8 6 0.010859328869571461
9 6 8 7 0.010859328869571461
8 7 9 6 0.010859328869571461
9 7 9 7 0.010859328869571461
8 8 6 6 0.010859328869571461
9 8 6 7 0.010859328869571461
8 9 7 6 0.010859328869571461
9 9 7 7 0.010859328869571461
8 0 0 8 0.23652539104726802
9 0 0 9 0.23652539104726802
8 1 1 8 0.23652539104726802
9 1 1 9 0.23652539104726802
8 2 2 8 0.2566097750994838
9 2 2 9 0.2566097750994838
8 3 3 8 0.2566097750994838
9 3 3 9 0.2566097750994838
8 4 4 8 0.23569008935553531
9 4 4 9 0.23569008935553531
8 5 5 8 0.23569008935553531
9 5 5 9 0.23569008935553531
8 6 6 8 0.23821163853942617
9 6 6 9 0.23821163853942617
8 7 7 8 0.23821163853942617
9 7 7 9 0.23821163853942617
8 8 8 8 0.259930296278569
9 8 8 9 0.259930296278569
8 9 9 8 0.259930296278569
9 9 9 9 0.259930296278569
8 10 10 8 0.25116655546622946
9 10 10 9 0.25116655546622946
8 11 11 8 0.25116655546622946
9 11 11 9 0.25116655546622946
8 0 2 10 -0.009216589313467466
9 0 2 11 -0.009216589313467466
8 1 3 10 -0.009216589313467466
9 1 3 11 -0.009216589313467466
8 2 0 10 -0.009216589313467468
9 2 0 11 -0.009216589313467468
8 3 1 10 -0.009216589313467468
9 3 1 11 -0.009216589313467468
8 8 10 10 0.013023643396063881
9 8 10 11 0.013023643396063881
8 9 11 10 0.013023643396063881
9 9 11 11 0.013023643396063881
8 10 8 10 0.013023643396063881
9 10 8 11 0.013023643396063881
8 11 9 10 0.013023643396063881
9 11 9 11 0.013023643396063881
10 0 10 0 0.1059174965924979
11 0 10 1 0.1059174965924979
10 1 11 0 0.1059174965924979
11 1 11 1 0.1059174965924979
10 2 8 0 -0.09567668778014195
11 2 8 1 -0.09567668778014195
10 3 9 0 -0.09567668778014195
11 3 9 1 -0.09567668778014195
10 4 6 0 -0.09567668778014195
11 4 6 1 -0.09567668778014195
10 5 7 0 -0.09567668778014195
11 5 7 1 -0.09567668778014195
10 6 4 0 -0.09567668778014199
11 6 4 1 -0.09567668778014199
10 7 5 0 -0.09567668778014199
11 7 5 1 -0.09567668778014199
10 8 2 0 -0.09567668778014199
11 8 2 1 -0.09567668778014199
10 9 3 0 -0.09567668778014199
11 9 3 1 -0.09567668778014199
10 10 0 0 0.10591749659249788
11 10 0 1 0.10591749659249788
10 11 1 0 0.10591749659249788
11 11 1 1 0.10591749659249788
10 0 8 2 -0.008019208864944102
11 0 8 3 -0.008019208864944102
10 1 9 2 -0.008019208864944102
11 1 9 3 -0.008019208864944102
10 2 10 2 0.011800651493904322
11 2 10 3 0.011800651493904322
10 3 11 2 0.011800651493904322
11 3 11 3 0.011800651493904322
10 8 0 2 -0.008019208864944102
11 8 0 3 -0.008019208864944102
10 9 1 2 -0.008019208864944102
11 9 1 3 -0.008019208864944102
10 10 2 2 0.011800651493904322
11 10 2 3 0.011800651493904322
10 11 3 2 0.011800651493904322
11 11 3 3 0.011800651493904322
10 0 6 4 -0.008019208864944102
11 0 6 5 -0.008019208864944102
10 1 7 4 -0.008019208864944102
11 1 7 5 -0.008019208864944102
10 4 10 4 0.011800651493904322
11 4 10 5 0.011800651493904322
10 5 11 4 0.011800651493904322
11 5 11 5 0.011800651493904322
10 6 0 4 -0.008019208864944102
11 6 0 5 -0.008019208864944102
10 7 1 4 -0.008019208864944102
11 7 1 5 -0.008019208864944102
10 10 4 4 0.011800651493904322
11 10 4 5 0.011800651493904322
10 11 5 4 0.011800651493904322
11 11 5 5 0.011800651493904322
10 0 4 6 -0.009216589313467468
11 0 4 7 -0.009216589313467468
10 1 5 6 -0.009216589313467468
11 1 5 7 -0.009216589313467468
10 4 0 6 -0.009216589313467468
11 4 0 7 -0.009216589313467468
10 5 1 6 -0.009216589313467468
11 5 1 7 -0.009216589313467468
10 6 10 6 0.013023643396063881
11 6 10 7 0.013023643396063881
10 7 11 6 0.013023643396063881
11 7 11 7 0.013023643396063881
10 10 6 6 0.013023643396063883
11 10 6 7 0.013023643396063883
10 11 7 6 0.013023643396063883
11 11 7 7 0.013023643396063883
10 0 2 8 -0.009216589313467468
11 0 2 9 -0.009216589313467468
10 1 3 8 -0.009216589313467468
11 1 3 9 -0.009216589313467468
10 2 0 8 -0.009216589313467468
11 2 0 9 -0.009216589313467468
10 3 1 8 -0.009216589313467468
11 3 1 9 -0.009216589313467468
10 8 10 8 0.013023643396063881
11 8 10 9 0.013023643396063881
10 9 11 8 0.013023643396063881
11 9 11 9 0.013023643396063881
10 10 8 8 0.013023643396063883
11 10 8 9 0.013023643396063883
10 11 9 8 0.013023643396063883
11 11 9 9 0.013023643396063883
10 0 0 10 0.2663790139613389
11 0 0 11 0.2663790139613389
10 1 1 10 0.2663790139613389
11 1 1 11 0.2663790139613389
10 2 2 10 0.2497389993026416
11 2 2 11 0.2497389993026416
10 3 3 10 0.2497389993026416
11 3 3 11 0.2497389993026416
10 4 4 10 0.2497389993026416
11 4 4 11 0.2497389993026416
10 5 5 10 0.2497389993026416
11 5 5 11 0.2497389993026416
10 6 6 10 0.2511665554662295
11 6 6 11 0.2511665554662295
10 7 7 10 0.2511665554662295
11 7 7 11 0.2511665554662295
10 8 8 10 0.2511665554662295
11 8 8 11 0.2511665554662295
10 9 9 10 0.2511665554662295
11 9 9 11 0.2511665554662295
10 10 10 10 0.29145705335816185
11 10 10 11 0.29145705335816185
10 11 11 10 0.29145705335816185
11 11 11 11 0.29145705335816185
