-98.97234149004585
0 0 -2.3770423338505826
1 1 -2.3770423338505826
2 2 -2.337987250282902
3 3 -2.337987250282902
4 4 -2.337987250282902
5 5 -2.337987250282902
6 6 -2.331957439869574
7 7 -2.331957439869574
8 8 -2.331957439869574
9 9 -2.331957439869574
10 10 -2.349496393043739
11 11 -2.349496393043739
0 0 0 0 0.2392436256670211
1 0 0 1 0.2392436256670211
0 1 1 0 0.2392436256670211
1 1 1 1 0.2392436256670211
0 2 2 0 0.21771931013117932
1 2 2 1 0.21771931013117932
0 3 3 0 0.21771931013117932
1 3 3 1 0.21771931013117932
0 4 4 0 0.21771931013117932
1 4 4 1 0.21771931013117932
0 5 5 0 0.21771931013117932
1 5 5 1 0.21771931013117932
0 6 6 0 0.2180832131276501
1 6 6 1 0.2180832131276501
0 7 7 0 0.2180832131276501
1 7 7 1 0.2180832131276501
0 8 8 0 0.2180832131276501
1 8 8 1 0.2180832131276501
0 9 9 0 0.2180832131276501
1 9 9 1 0.2180832131276501
0 10 10 0 0.24285084186907463
1 10 10 1 0.24285084186907463
0 11 11 0 0.24285084186907463
1 11 11 1 0.24285084186907463
0 0 2 2 0.01028965294801401
1 0 2 3 0.01028965294801401
0 1 3 2 0.01028965294801401
1 1 3 3 0.01028965294801401
0 2 0 2 0.01028965294801401
1 2 0 3 0.01028965294801401
0 3 1 2 0.01028965294801401
1 3 1 3 0.01028965294801401
0 8 10 2 0.010280369868115079
1 8 10 3 0.010280369868115079
0 9 11 2 0.010280369868115079
1 9 11 3 0.010280369868115079
0 10 8 2 0.010280369868115077
1 10 8 3 0.010280369868115077
0 11 9 2 0.010280369868115077
1 11 9 3 0.010280369868115077
0 0 4 4 0.01028965294801401
1 0 4 5 0.01028965294801401
0 1 5 4 0.01028965294801401
1 1 5 5 0.01028965294801401
0 4 0 4 0.01028965294801401
1 4 0 5 0.01028965294801401
0 5 1 4 0.01028965294801401
1 5 1 5 0.01028965294801401
0 6 10 4 0.010280369868115079
1 6 10 5 0.010280369868115079
0 7 11 4 0.010280369868115079
1 7 11 5 0.010280369868115079
0 10 6 4 0.010280369868115077
1 10 6 5 0.010280369868115077
0 11 7 4 0.010280369868115077
1 11 7 5 0.010280369868115077
0 0 6 6 0.010059103909832813
1 0 6 7 0.010059103909832813
0 1 7 6 0.010059103909832813
1 1 7 7 0.010059103909832813
0 4 10 6 0.010008776280935373
1 4 10 7 0.010008776280935373
0 5 11 6 0.010008776280935373
1 5 11 7 0.010008776280935373
0 6 0 6 0.010059103909832813
1 6 0 7 0.010059103909832813
0 7 1 6 0.010059103909832813
1 7 1 7 0.010059103909832813
0 10 4 6 0.010008776280935373
1 10 4 7 0.010008776280935373
0 11 5 6 0.010008776280935373
1 11 5 7 0.010008776280935373
0 0 8 8 0.010059103909832813
1 0 8 9 0.010059103909832813
0 1 9 8 0.010059103909832813
1 1 9 9 0.010059103909832813
0 2 10 8 0.010008776280935373
1 2 10 9 0.010008776280935373
0 3 11 8 0.010008776280935373
1 3 11 9 0.010008776280935373
0 8 0 8 0.010059103909832813
1 8 0 9 0.010059103909832813
0 9 1 8 0.010059103909832813
1 9 1 9 0.010059103909832813
0 10 2 8 0.010008776280935373
1 10 2 9 0.010008776280935373
0 11 3 8 0.010008776280935373
1 11 3 9 0.010008776280935373
0 0 10 10 0.13739319792665655
1 0 10 11 0.13739319792665655
0 1 11 10 0.13739319792665655
1 1 11 11 0.13739319792665655
0 2 8 10 0.11999805635052042
1 2 8 11 0.11999805635052042
0 3 9 10 0.11999805635052042
1 3 9 11 0.11999805635052042
0 4 6 10 0.11999805635052042
1 4 6 11 0.11999805635052042
0 5 7 10 0.11999805635052042
1 5 7 11 0.11999805635052042
0 6 4 10 0.11999805635052041
1 6 4 11 0.11999805635052041
0 7 5 10 0.11999805635052041
1 7 5 11 0.11999805635052041
0 8 2 10 0.11999805635052041
1 8 2 11 0.11999805635052041
0 9 3 10 0.11999805635052041
1 9 3 11 0.11999805635052041
0 10 0 10 0.1373931979266566
1 10 0 11 0.1373931979266566
0 11 1 10 0.1373931979266566
1 11 1 11 0.1373931979266566
2 0 2 0 0.01028965294801401
3 0 2 1 0.01028965294801401
2 1 3 0 0.01028965294801401
3 1 3 1 0.01028965294801401
2 2 0 0 0.010289652948014006
3 2 0 1 0.010289652948014006
2 3 1 0 0.010289652948014006
3 3 1 1 0.010289652948014006
2 8 10 0 0.010280369868115077
3 8 10 1 0.010280369868115077
2 9 11 0 0.010280369868115077
3 9 11 1 0.010280369868115077
2 10 8 0 0.010280369868115077
3 10 8 1 0.010280369868115077
2 11 9 0 0.010280369868115077
3 11 9 1 0.010280369868115077
2 0 0 2 0.2177193101311793
3 0 0 3 0.2177193101311793
2 1 1 2 0.2177193101311793
3 1 1 3 0.2177193101311793
2 2 2 2 0.2377040539106743
3 2 2 3 0.2377040539106743
2 3 3 2 0.2377040539106743
3 3 3 3 0.2377040539106743
2 4 4 2 0.21721440651238202
3 4 4 3 0.21721440651238202
2 5 5 2 0.21721440651238202
3 5 5 3 0.21721440651238202
2 6 6 2 0.21768476991567726
3 6 6 3 0.21768476991567726
2 7 7 2 0.21768476991567726
3 7 7 3 0.21768476991567726
2 8 8 2 0.23831165834808568
3 8 8 3 0.23831165834808568
2 9 9 2 0.23831165834808568
3 9 9 3 0.23831165834808568
2 10 10 2 0.2218786364270774
3 10 10 3 0.2218786364270774
2 11 11 2 0.2218786364270774
3 11 11 3 0.2218786364270774
2 2 4 4 0.010244824318005764
3 2 4 5 0.010244824318005764
2 3 5 4 0.010244824318005764
3 3 5 5 0.010244824318005764
2 4 2 4 0.010244824318005764
3 4 2 5 0.010244824318005764
2 5 3 4 0.010244824318005764
3 5 3 5 0.010244824318005764
2 6 8 4 0.010313443841195069
3 6 8 5 0.010313443841195069
2 7 9 4 0.010313443841195069
3 7 9 5 0.010313443841195069
2 8 6 4 0.010313443841195069
3 8 6 5 0.010313443841195069
2 9 7 4 0.010313443841195069
3 9 7 5 0.010313443841195069
2 2 6 6 0.010246003689487958
3 2 6 7 0.010246003689487958
2 3 7 6 0.010246003689487958
3 3 7 7 0.010246003689487958
2 4 8 6 0.010246003689487958
3 4 8 7 0.010246003689487958
2 5 9 6 0.010246003689487958
3 5 9 7 0.010246003689487958
2 6 2 6 0.010246003689487958
3 6 2 7 0.010246003689487958
2 7 3 6 0.010246003689487958
3 7 3 7 0.010246003689487958
2 8 4 6 0.010246003689487958
3 8 4 7 0.010246003689487958
2 9 5 6 0.010246003689487958
3 9 5 7 0.010246003689487958
2 0 10 8 0.11999805635052041
3 0 10 9 0.11999805635052041
2 1 11 8 0.11999805635052041
3 1 11 9 0.11999805635052041
2 2 8 8 0.1430940003295669
3 2 8 9 0.1430940003295669
2 3 9 8 0.1430940003295669
3 3 9 9 0.1430940003295669
2 4 6 8 0.12260199270058487
3 4 6 9 0.12260199270058487
2 5 7 8 0.12260199270058487
3 5 7 9 0.12260199270058487
2 6 4 8 0.12260199270058487
3 6 4 9 0.12260199270058487
2 7 5 8 0.12260199270058487
3 7 5 9 0.12260199270058487
2 8 2 8 0.14309400032956687
3 8 2 9 0.14309400032956687
2 9 3 8 0.14309400032956687
3 9 3 9 0.14309400032956687
2 10 0 8 0.11999805635052041
3 10 0 9 0.11999805635052041
2 11 1 8 0.11999805635052041
3 11 1 9 0.11999805635052041
2 0 8 10 0.010008776280935371
3 0 8 11 0.010008776280935371
2 1 9 10 0.010008776280935371
3 1 9 11 0.010008776280935371
2 2 10 10 0.010479961637780106
3 2 10 11 0.010479961637780106
2 3 11 10 0.010479961637780106
3 3 11 11 0.010479961637780106
2 8 0 10 0.010008776280935371
3 8 0 11 0.010008776280935371
2 9 1 10 0.010008776280935371
3 9 1 11 0.010008776280935371
2 10 2 10 0.010479961637780106
3 10 2 11 0.010479961637780106
2 11 3 10 0.010479961637780106
3 11 3 11 0.010479961637780106
4 0 4 0 0.01028965294801401
5 0 4 1 0.01028965294801401
4 1 5 0 0.01028965294801401
5 1 5 1 0.01028965294801401
4 4 0 0 0.010289652948014006
5 4 0 1 0.010289652948014006
4 5 1 0 0.010289652948014006
5 5 1 1 0.010289652948014006
4 6 10 0 0.010280369868115077
5 6 10 1 0.010280369868115077
4 7 11 0 0.010280369868115077
5 7 11 1 0.010280369868115077
4 10 6 0 0.010280369868115077
5 10 6 1 0.010280369868115077
4 11 7 0 0.010280369868115077
5 11 7 1 0.010280369868115077
4 2 4 2 0.010244824318005764
5 2 4 3 0.010244824318005764
4 3 5 2 0.010244824318005764
5 3 5 3 0.010244824318005764
4 4 2 2 0.010244824318005764
5 4 2 3 0.010244824318005764
4 5 3 2 0.010244824318005764
5 5 3 3 0.010244824318005764
4 6 8 2 0.010313443841195069
5 6 8 3 0.010313443841195069
4 7 9 2 0.010313443841195069
5 7 9 3 0.010313443841195069
4 8 6 2 0.010313443841195069
5 8 6 3 0.010313443841195069
4 9 7 2 0.010313443841195069
5 9 7 3 0.010313443841195069
4 0 0 4 0.2177193101311793
5 0 0 5 0.2177193101311793
4 1 1 4 0.2177193101311793
5 1 1 5 0.2177193101311793
4 2 2 4 0.21721440651238202
5 2 2 5 0.21721440651238202
4 3 3 4 0.21721440651238202
5 3 3 5 0.21721440651238202
4 4 4 4 0.2377040539106743
5 4 4 5 0.2377040539106743
4 5 5 4 0.2377040539106743
5 5 5 5 0.2377040539106743
4 6 6 4 0.23831165834808568
5 6 6 5 0.23831165834808568
4 7 7 4 0.23831165834808568
5 7 7 5 0.23831165834808568
4 8 8 4 0.21768476991567726
5 8 8 5 0.21768476991567726
4 9 9 4 0.21768476991567726
5 9 9 5 0.21768476991567726
4 10 10 4 0.2218786364270774
5 10 10 5 0.2218786364270774
4 11 11 4 0.2218786364270774
5 11 11 5 0.2218786364270774
4 0 10 6 0.11999805635052041
5 0 10 7 0.11999805635052041
4 1 11 6 0.11999805635052041
5 1 11 7 0.11999805635052041
4 2 8 6 0.12260199270058487
5 2 8 7 0.12260199270058487
4 3 9 6 0.12260199270058487
5 3 9 7 0.12260199270058487
4 4 6 6 0.1430940003295669
5 4 6 7 0.1430940003295669
4 5 7 6 0.1430940003295669
5 5 7 7 0.1430940003295669
4 6 4 6 0.14309400032956687
5 6 4 7 0.14309400032956687
4 7 5 6 0.14309400032956687
5 7 5 7 0.14309400032956687
4 8 2 6 0.12260199270058487
5 8 2 7 0.12260199270058487
4 9 3 6 0.12260199270058487
5 9 3 7 0.12260199270058487
4 10 0 6 0.11999805635052041
5 10 0 7 0.11999805635052041
4 11 1 6 0.11999805635052041
5 11 1 7 0.11999805635052041
4 2 6 8 0.010246003689487958
5 2 6 9 0.010246003689487958
4 3 7 8 0.010246003689487958
5 3 7 9 0.010246003689487958
4 4 8 8 0.010246003689487958
5 4 8 9 0.010246003689487958
4 5 9 8 0.010246003689487958
5 5 9 9 0.010246003689487958
4 6 2 8 0.010246003689487958
5 6 2 9 0.010246003689487958
4 7 3 8 0.010246003689487958
5 7 3 9 0.010246003689487958
4 8 4 8 0.010246003689487958
5 8 4 9 0.010246003689487958
4 9 5 8 0.010246003689487958
5 9 5 9 0.010246003689487958
4 0 6 10 0.010008776280935371
5 0 6 11 0.010008776280935371
4 1 7 10 0.010008776280935371
5 1 7 11 0.010008776280935371
4 4 10 10 0.010479961637780106
5 4 10 11 0.010479961637780106
4 5 11 10 0.010479961637780106
5 5 11 11 0.010479961637780106
4 6 0 10 0.010008776280935371
5 6 0 11 0.010008776280935371
4 7 1 10 0.010008776280935371
5 7 1 11 0.010008776280935371
4 10 4 10 0.010479961637780106
5 10 4 11 0.010479961637780106
4 11 5 10 0.010479961637780106
5 11 5 11 0.010479961637780106
6 0 6 0 0.010059103909832811
7 0 6 1 0.010059103909832811
6 1 7 0 0.010059103909832811
7 1 7 1 0.010059103909832811
6 4 10 0 0.010008776280935373
7 4 10 1 0.010008776280935373
6 5 11 0 0.010008776280935373
7 5 11 1 0.010008776280935373
6 6 0 0 0.010059103909832811
7 6 0 1 0.010059103909832811
6 7 1 0 0.010059103909832811
7 7 1 1 0.010059103909832811
6 10 4 0 0.010008776280935373
7 10 4 1 0.010008776280935373
6 11 5 0 0.010008776280935373
7 11 5 1 0.010008776280935373
6 2 6 2 0.01024600368948796
7 2 6 3 0.01024600368948796
6 3 7 2 0.01024600368948796
7 3 7 3 0.01024600368948796
6 4 8 2 0.01024600368948796
7 4 8 3 0.01024600368948796
6 5 9 2 0.01024600368948796
7 5 9 3 0.01024600368948796
6 6 2 2 0.01024600368948796
7 6 2 3 0.01024600368948796
6 7 3 2 0.01024600368948796
7 7 3 3 0.01024600368948796
6 8 4 2 0.01024600368948796
7 8 4 3 0.01024600368948796
6 9 5 2 0.01024600368948796
7 9 5 3 0.01024600368948796
6 0 10 4 0.11999805635052042
7 0 10 5 0.11999805635052042
6 1 11 4 0.11999805635052042
7 1 11 5 0.11999805635052042
6 2 8 4 0.12260199270058487
7 2 8 5 0.12260199270058487
6 3 9 4 0.12260199270058487
7 3 9 5 0.12260199270058487
6 4 6 4 0.1430940003295669
7 4 6 5 0.1430940003295669
6 5 7 4 0.1430940003295669
7 5 7 5 0.1430940003295669
6 6 4 4 0.14309400032956687
7 6 4 5 0.14309400032956687
6 7 5 4 0.14309400032956687
7 7 5 5 0.14309400032956687
6 8 2 4 0.12260199270058487
7 8 2 5 0.12260199270058487
6 9 3 4 0.12260199270058487
7 9 3 5 0.12260199270058487
6 10 0 4 0.11999805635052042
7 10 0 5 0.11999805635052042
6 11 1 4 0.11999805635052042
7 11 1 5 0.11999805635052042
6 0 0 6 0.21808321312765014
7 0 0 7 0.21808321312765014
6 1 1 6 0.21808321312765014
7 1 1 7 0.21808321312765014
6 2 2 6 0.2176847699156772
7 2 2 7 0.2176847699156772
6 3 3 6 0.2176847699156772
7 3 3 7 0.2176847699156772
6 4 4 6 0.2383116583480857
7 4 4 7 0.2383116583480857
6 5 5 6 0.2383116583480857
7 5 5 7 0.2383116583480857
6 6 6 6 0.23893188752531336
7 6 6 7 0.23893188752531336
6 7 7 6 0.23893188752531336
7 7 7 7 0.23893188752531336
6 8 8 6 0.21816451195549894
7 8 8 7 0.21816451195549894
6 9 9 6 0.21816451195549894
7 9 9 7 0.21816451195549894
6 10 10 6 0.22224956411008476
7 10 10 7 0.22224956411008476
6 11 11 6 0.22224956411008476
7 11 11 7 0.22224956411008476
6 2 4 8 0.010313443841195069
7 2 4 9 0.010313443841195069
6 3 5 8 0.010313443841195069
7 3 5 9 0.010313443841195069
6 4 2 8 0.010313443841195069
7 4 2 9 0.010313443841195069
6 5 3 8 0.010313443841195069
7 5 3 9 0.010313443841195069
6 6 8 8 0.010383687406167904
7 6 8 9 0.010383687406167904
6 7 9 8 0.010383687406167904
7 7 9 9 0.010383687406167904
6 8 6 8 0.010383687406167904
7 8 6 9 0.010383687406167904
6 9 7 8 0.010383687406167904
7 9 7 9 0.010383687406167904
6 0 4 10 0.010280369868115079
7 0 4 11 0.010280369868115079
6 1 5 10 0.010280369868115079
7 1 5 11 0.010280369868115079
6 4 0 10 0.010280369868115077
7 4 0 11 0.010280369868115077
6 5 1 10 0.010280369868115077
7 5 1 11 0.010280369868115077
6 6 10 10 0.010772283849122564
7 6 10 11 0.010772283849122564
6 7 11 10 0.010772283849122564
7 7 11 11 0.010772283849122564
6 10 6 10 0.010772283849122564
7 10 6 11 0.010772283849122564
6 11 7 10 0.010772283849122564
7 11 7 11 0.010772283849122564
8 0 8 0 0.010059103909832811
9 0 8 1 0.010059103909832811
8 1 9 0 0.010059103909832811
9 1 9 1 0.010059103909832811
8 2 10 0 0.010008776280935373
9 2 10 1 0.010008776280935373
8 3 11 0 0.010008776280935373
9 3 11 1 0.010008776280935373
8 8 0 0 0.010059103909832811
9 8 0 1 0.010059103909832811
8 9 1 0 0.010059103909832811
9 9 1 1 0.010059103909832811
8 10 2 0 0.010008776280935373
9 10 2 1 0.010008776280935373
8 11 3 0 0.010008776280935373
9 11 3 1 0.010008776280935373
8 0 10 2 0.11999805635052042
9 0 10 3 0.11999805635052042
8 1 11 2 0.11999805635052042
9 1 11 3 0.11999805635052042
8 2 8 2 0.1430940003295669
9 2 8 3 0.1430940003295669
8 3 9 2 0.1430940003295669
9 3 9 3 0.1430940003295669
8 4 6 2 0.12260199270058487
9 4 6 3 0.12260199270058487
8 5 7 2 0.12260199270058487
9 5 7 3 0.12260199270058487
8 6 4 2 0.12260199270058487
9 6 4 3 0.12260199270058487
8 7 5 2 0.12260199270058487
9 7 5 3 0.12260199270058487
8 8 2 2 0.14309400032956687
9 8 2 3 0.14309400032956687
8 9 3 2 0.14309400032956687
9 9 3 3 0.14309400032956687
8 10 0 2 0.11999805635052042
9 10 0 3 0.11999805635052042
8 11 1 2 0.11999805635052042
9 11 1 3 0.11999805635052042
8 2 6 4 0.01024600368948796
9 2 6 5 0.01024600368948796
8 3 7 4 0.01024600368948796
9 3 7 5 0.01024600368948796
8 4 8 4 0.01024600368948796
9 4 8 5 0.01024600368948796
8 5 9 4 0.01024600368948796
9 5 9 5 0.01024600368948796
8 6 2 4 0.01024600368948796
9 6 2 5 0.01024600368948796
8 7 3 4 0.01024600368948796
9 7 3 5 0.01024600368948796
8 8 4 4 0.01024600368948796
9 8 4 5 0.01024600368948796
8 9 5 4 0.01024600368948796
9 9 5 5 0.01024600368948796
8 2 4 6 0.010313443841195069
9 2 4 7 0.010313443841195069
8 3 5 6 0.010313443841195069
9 3 5 7 0.010313443841195069
8 4 2 6 0.010313443841195069
9 4 2 7 0.010313443841195069
8 5 3 6 0.010313443841195069
9 5 3 7 0.010313443841195069
8 6 8 6 0.010383687406167904
9 6 8 7 0.010383687406167904
8 7 9 6 0.010383687406167904
9 7 9 7 0.010383687406167904
8 8 6 6 0.010383687406167904
9 8 6 7 0.010383687406167904
8 9 7 6 0.010383687406167904
9 9 7 7 0.010383687406167904
8 0 0 8 0.21808321312765014
9 0 0 9 0.21808321312765014
8 1 1 8 0.21808321312765014
9 1 1 9 0.21808321312765014
8 2 2 8 0.2383116583480857
9 2 2 9 0.2383116583480857
8 3 3 8 0.2383116583480857
9 3 3 9 0.2383116583480857
8 4 4 8 0.2176847699156772
9 4 4 9 0.2176847699156772
8 5 5 8 0.2176847699156772
9 5 5 9 0.2176847699156772
8 6 6 8 0.21816451195549894
9 6 6 9 0.21816451195549894
8 7 7 8 0.21816451195549894
9 7 7 9 0.21816451195549894
8 8 8 8 0.23893188752531336
9 8 8 9 0.23893188752531336
8 9 9 8 0.23893188752531336
9 9 9 9 0.23893188752531336
8 10 10 8 0.22224956411008476
9 10 10 9 0.22224956411008476
8 11 11 8 0.22224956411008476
9 11 11 9 0.22224956411008476
8 0 2 10 0.010280369868115079
9 0 2 11 0.010280369868115079
8 1 3 10 0.010280369868115079
9 1 3 11 0.010280369868115079
8 2 0 10 0.010280369868115077
9 2 0 11 0.010280369868115077
8 3 1 10 0.010280369868115077
9 3 1 11 0.010280369868115077
8 8 10 10 0.010772283849122564
9 8 10 11 0.010772283849122564
8 9 11 10 0.010772283849122564
9 9 11 11 0.010772283849122564
8 10 8 10 0.010772283849122564
9 10 8 11 0.010772283849122564
8 11 9 10 0.010772283849122564
9 11 9 11 0.010772283849122564
10 0 10 0 0.13739319792665652
11 0 10 1 0.13739319792665652
10 1 11 0 0.13739319792665652
11 1 11 1 0.13739319792665652
10 2 8 0 0.11999805635052042
11 2 8 1 0.11999805635052042
10 3 9 0 0.11999805635052042
11 3 9 1 0.11999805635052042
10 4 6 0 0.11999805635052042
11 4 6 1 0.11999805635052042
10 5 7 0 0.11999805635052042
11 5 7 1 0.11999805635052042
10 6 4 0 0.11999805635052041
11 6 4 1 0.11999805635052041
10 7 5 0 0.11999805635052041
11 7 5 1 0.11999805635052041
10 8 2 0 0.11999805635052041
11 8 2 1 0.11999805635052041
10 9 3 0 0.11999805635052041
11 9 3 1 0.11999805635052041
10 10 0 0 0.1373931979266566
11 10 0 1 0.1373931979266566
10 11 1 0 0.1373931979266566
11 11 1 1 0.1373931979266566
10 0 8 2 0.010008776280935371
11 0 8 3 0.010008776280935371
10 1 9 2 0.010008776280935371
11 1 9 3 0.010008776280935371
10 2 10 2 0.010479961637780104
11 2 10 3 0.010479961637780104
10 3 11 2 0.010479961637780104
11 3 11 3 0.010479961637780104
10 8 0 2 0.010008776280935371
11 8 0 3 0.010008776280935371
10 9 1 2 0.010008776280935371
11 9 1 3 0.010008776280935371
10 10 2 2 0.010479961637780104
11 10 2 3 0.010479961637780104
10 11 3 2 0.010479961637780104
11 11 3 3 0.010479961637780104
10 0 6 4 0.010008776280935371
11 0 6 5 0.010008776280935371
10 1 7 4 0.010008776280935371
11 1 7 5 0.010008776280935371
10 4 10 4 0.010479961637780104
11 4 10 5 0.010479961637780104
10 5 11 4 0.010479961637780104
11 5 11 5 0.010479961637780104
10 6 0 4 0.010008776280935371
11 6 0 5 0.010008776280935371
10 7 1 4 0.010008776280935371
11 7 1 5 0.010008776280935371
10 10 4 4 0.010479961637780104
11 10 4 5 0.010479961637780104
10 11 5 4 0.010479961637780104
11 11 5 5 0.010479961637780104
10 0 4 6 0.010280369868115079
11 0 4 7 0.010280369868115079
10 1 5 6 0.010280369868115079
11 1 5 7 0.010280369868115079
10 4 0 6 0.010280369868115077
11 4 0 7 0.010280369868115077
10 5 1 6 0.010280369868115077
11 5 1 7 0.010280369868115077
10 6 10 6 0.010772283849122564
11 6 10 7 0.010772283849122564
10 7 11 6 0.010772283849122564
11 7 11 7 0.010772283849122564
10 10 6 6 0.010772283849122564
11 10 6 7 0.010772283849122564
10 11 7 6 0.010772283849122564
11 11 7 7 0.010772283849122564
10 0 2 8 0.010280369868115079
11 0 2 9 0.010280369868115079
10 1 3 8 0.010280369868115079
11 1 3 9 0.010280369868115079
10 2 0 8 0.010280369868115077
11 2 0 9 0.010280369868115077
10 3 1 8 0.010280369868115077
11 3 1 9 0.010280369868115077
10 8 10 8 0.010772283849122564
11 8 10 9 0.010772283849122564
10 9 11 8 0.010772283849122564
11 9 11 9 0.010772283849122564
10 10 8 8 0.010772283849122564
11 10 8 9 0.010772283849122564
10 11 9 8 0.010772283849122564
11 11 9 9 0.010772283849122564
10 0 0 10 0.24285084186907463
11 0 0 11 0.24285084186907463
10 1 1 10 0.24285084186907463
11 1 1 11 0.24285084186907463
10 2 2 10 0.22187863642707736
11 2 2 11 0.22187863642707736
10 3 3 10 0.22187863642707736
11 3 3 11 0.22187863642707736
10 4 4 10 0.22187863642707736
11 4 4 11 0.22187863642707736
10 5 5 10 0.22187863642707736
11 5 5 11 0.22187863642707736
10 6 6 10 0.22224956411008479
11 6 6 11 0.22224956411008479
10 7 7 10 0.22224956411008479
11 7 7 11 0.22224956411008479
10 8 8 10 0.22224956411008479
11 8 8 11 0.22224956411008479
10 9 9 10 0.22224956411008479
11 9 9 11 0.22224956411008479
10 10 10 10 0.24814343631636873
11 10 10 11 0.24814343631636873
10 11 11 10 0.24814343631636873
11 11 11 11 0.24814343631636873
