-99.03672554069877
0 0 -2.3509657938804858
1 1 -2.3509657938804858
2 2 -2.317007061267107
3 3 -2.317007061267107
4 4 -2.317007061267107
5 5 -2.317007061267107
6 6 -2.3125060329894525
7 7 -2.3125060329894525
8 8 -2.3125060329894525
9 9 -2.3125060329894525
10 10 -2.3293202813577
11 11 -2.3293202813577
0 0 0 0 0.23767525299093634
1 0 0 1 0.23767525299093634
0 1 1 0 0.23767525299093634
1 1 1 1 0.23767525299093634
0 2 2 0 0.21623627727363437
1 2 2 1 0.21623627727363437
0 3 3 0 0.21623627727363437
1 3 3 1 0.21623627727363437
0 4 4 0 0.21623627727363437
1 4 4 1 0.21623627727363437
0 5 5 0 0.21623627727363437
1 5 5 1 0.21623627727363437
0 6 6 0 0.2165238665972609
1 6 6 1 0.2165238665972609
0 7 7 0 0.2165238665972609
1 7 7 1 0.2165238665972609
0 8 8 0 0.2165238665972609
1 8 8 1 0.2165238665972609
0 9 9 0 0.2165238665972609
1 9 9 1 0.2165238665972609
0 10 10 0 0.2407741100331524
1 10 10 1 0.2407741100331524
0 11 11 0 0.2407741100331524
1 11 11 1 0.2407741100331524
0 0 2 2 0.010274221980147942
1 0 2 3 0.010274221980147942
0 1 3 2 0.010274221980147942
1 1 3 3 0.010274221980147942
0 2 0 2 0.010274221980147942
1 2 0 3 0.010274221980147942
0 3 1 2 0.010274221980147942
1 3 1 3 0.010274221980147942
0 8 10 2 -0.010295223833912369
1 8 10 3 -0.010295223833912369
0 9 11 2 -0.010295223833912369
1 9 11 3 -0.010295223833912369
0 10 8 2 -0.010295223833912369
1 10 8 3 -0.010295223833912369
0 11 9 2 -0.010295223833912369
1 11 9 3 -0.010295223833912369
0 0 4 4 0.010274221980147942
1 0 4 5 0.010274221980147942
0 1 5 4 0.010274221980147942
1 1 5 5 0.010274221980147942
0 4 0 4 0.010274221980147942
1 4 0 5 0.010274221980147942
0 5 1 4 0.010274221980147942
1 5 1 5 0.010274221980147942
0 6 10 4 -0.010295223833912369
1 6 10 5 -0.010295223833912369
0 7 11 4 -0.010295223833912369
1 7 11 5 -0.010295223833912369
0 10 6 4 -0.010295223833912369
1 10 6 5 -0.010295223833912369
0 11 7 4 -0.010295223833912369
1 11 7 5 -0.010295223833912369
0 0 6 6 0.010078545776370948
1 0 6 7 0.010078545776370948
0 1 7 6 0.010078545776370948
1 1 7 7 0.010078545776370948
0 4 10 6 -0.010067966734800888
1 4 10 7 -0.010067966734800888
0 5 11 6 -0.010067966734800888
1 5 11 7 -0.010067966734800888
0 6 0 6 0.010078545776370946
1 6 0 7 0.010078545776370946
0 7 1 6 0.010078545776370946
1 7 1 7 0.010078545776370946
0 10 4 6 -0.010067966734800888
1 10 4 7 -0.010067966734800888
0 11 5 6 -0.010067966734800888
1 11 5 7 -0.010067966734800888
0 0 8 8 0.010078545776370948
1 0 8 9 0.010078545776370948
0 1 9 8 0.010078545776370948
1 1 9 9 0.010078545776370948
0 2 10 8 -0.010067966734800888
1 2 10 9 -0.010067966734800888
0 3 11 8 -0.010067966734800888
1 3 11 9 -0.010067966734800888
0 8 0 8 0.010078545776370946
1 8 0 9 0.010078545776370946
0 9 1 8 0.010078545776370946
1 9 1 9 0.010078545776370946
0 10 2 8 -0.010067966734800888
1 10 2 9 -0.010067966734800888
0 11 3 8 -0.010067966734800888
1 11 3 9 -0.010067966734800888
0 0 10 10 0.1397201813586546
1 0 10 11 0.1397201813586546
0 1 11 10 0.1397201813586546
1 1 11 11 0.1397201813586546
0 2 8 10 -0.12192241551344452
1 2 8 11 -0.12192241551344452
0 3 9 10 -0.12192241551344452
1 3 9 11 -0.12192241551344452
0 4 6 10 -0.12192241551344452
1 4 6 11 -0.12192241551344452
0 5 7 10 -0.12192241551344452
1 5 7 11 -0.12192241551344452
0 6 4 10 -0.12192241551344452
1 6 4 11 -0.12192241551344452
0 7 5 10 -0.12192241551344452
1 7 5 11 -0.12192241551344452
0 8 2 10 -0.12192241551344452
1 8 2 11 -0.12192241551344452
0 9 3 10 -0.12192241551344452
1 9 3 11 -0.12192241551344452
0 10 0 10 0.13972018135865463
1 10 0 11 0.13972018135865463
0 11 1 10 0.13972018135865463
1 11 1 11 0.13972018135865463
2 0 2 0 0.01027422198014794
3 0 2 1 0.01027422198014794
2 1 3 0 0.01027422198014794
3 1 3 1 0.01027422198014794
2 2 0 0 0.010274221980147942
3 2 0 1 0.010274221980147942
2 3 1 0 0.010274221980147942
3 3 1 1 0.010274221980147942
2 8 10 0 -0.010295223833912369
3 8 10 1 -0.010295223833912369
2 9 11 0 -0.010295223833912369
3 9 11 1 -0.010295223833912369
2 10 8 0 -0.010295223833912369
3 10 8 1 -0.010295223833912369
2 11 9 0 -0.010295223833912369
3 11 9 1 -0.010295223833912369
2 0 0 2 0.21623627727363434
3 0 0 3 0.21623627727363434
2 1 1 2 0.21623627727363434
3 1 1 3 0.21623627727363434
2 2 2 2 0.23622783830169553
3 2 2 3 0.23622783830169553
2 3 3 2 0.23622783830169553
3 3 3 3 0.23622783830169553
2 4 4 2 0.2157173940794625
3 4 4 3 0.2157173940794625
2 5 5 2 0.2157173940794625
3 5 5 3 0.2157173940794625
2 6 6 2 0.21608310667995315
3 6 6 3 0.21608310667995315
2 7 7 2 0.21608310667995315
3 7 7 3 0.21608310667995315
2 8 8 2 0.23669882329094222
3 8 8 3 0.23669882329094222
2 9 9 2 0.23669882329094222
3 9 9 3 0.23669882329094222
2 10 10 2 0.2196949944708874
3 10 10 3 0.2196949944708874
2 11 11 2 0.2196949944708874
3 11 11 3 0.2196949944708874
2 2 4 4 0.01025522285572648
3 2 4 5 0.01025522285572648
2 3 5 4 0.01025522285572648
3 3 5 5 0.01025522285572648
2 4 2 4 0.01025522285572648
3 4 2 5 0.01025522285572648
2 5 3 4 0.01025522285572648
3 5 3 5 0.01025522285572648
2 6 8 4 0.010307858055491281
3 6 8 5 0.010307858055491281
2 7 9 4 0.010307858055491281
3 7 9 5 0.010307858055491281
2 8 6 4 0.010307858055491281
3 8 6 5 0.010307858055491281
2 9 7 4 0.010307858055491281
3 9 7 5 0.010307858055491281
2 2 6 6 0.010251500319815374
3 2 6 7 0.010251500319815374
2 3 7 6 0.010251500319815374
3 3 7 7 0.010251500319815374
2 4 8 6 0.010251500319815374
3 4 8 7 0.010251500319815374
2 5 9 6 0.010251500319815374
3 5 9 7 0.010251500319815374
2 6 2 6 0.010251500319815374
3 6 2 7 0.010251500319815374
2 7 3 6 0.010251500319815374
3 7 3 7 0.010251500319815374
2 8 4 6 0.010251500319815374
3 8 4 7 0.010251500319815374
2 9 5 6 0.010251500319815374
3 9 5 7 0.010251500319815374
2 0 10 8 -0.12192241551344452
3 0 10 9 -0.12192241551344452
2 1 11 8 -0.12192241551344452
3 1 11 9 -0.12192241551344452
2 2 8 8 0.14470526643639314
3 2 8 9 0.14470526643639314
2 3 9 8 0.14470526643639314
3 3 9 9 0.14470526643639314
2 4 6 8 0.12420226529675586
3 4 6 9 0.12420226529675586
2 5 7 8 0.12420226529675586
3 5 7 9 0.12420226529675586
2 6 4 8 0.12420226529675582
3 6 4 9 0.12420226529675582
2 7 5 8 0.12420226529675582
3 7 5 9 0.12420226529675582
2 8 2 8 0.14470526643639314
3 8 2 9 0.14470526643639314
2 9 3 8 0.14470526643639314
3 9 3 9 0.14470526643639314
2 10 0 8 -0.12192241551344452
3 10 0 9 -0.12192241551344452
2 11 1 8 -0.12192241551344452
3 11 1 9 -0.12192241551344452
2 0 8 10 -0.01006796673480089
3 0 8 11 -0.01006796673480089
2 1 9 10 -0.01006796673480089
3 1 9 11 -0.01006796673480089
2 2 10 10 0.010428536950550576
3 2 10 11 0.010428536950550576
2 3 11 10 0.010428536950550576
3 3 11 11 0.010428536950550576
2 8 0 10 -0.010067966734800888
3 8 0 11 -0.010067966734800888
2 9 1 10 -0.010067966734800888
3 9 1 11 -0.010067966734800888
2 10 2 10 0.010428536950550576
3 10 2 11 0.010428536950550576
2 11 3 10 0.010428536950550576
3 11 3 11 0.010428536950550576
4 0 4 0 0.01027422198014794
5 0 4 1 0.01027422198014794
4 1 5 0 0.01027422198014794
5 1 5 1 0.01027422198014794
4 4 0 0 0.010274221980147942
5 4 0 1 0.010274221980147942
4 5 1 0 0.010274221980147942
5 5 1 1 0.010274221980147942
4 6 10 0 -0.010295223833912369
5 6 10 1 -0.010295223833912369
4 7 11 0 -0.010295223833912369
5 7 11 1 -0.010295223833912369
4 10 6 0 -0.010295223833912369
5 10 6 1 -0.010295223833912369
4 11 7 0 -0.010295223833912369
5 11 7 1 -0.010295223833912369
4 2 4 2 0.01025522285572648
5 2 4 3 0.01025522285572648
4 3 5 2 0.01025522285572648
5 3 5 3 0.01025522285572648
4 4 2 2 0.01025522285572648
5 4 2 3 0.01025522285572648
4 5 3 2 0.01025522285572648
5 5 3 3 0.01025522285572648
4 6 8 2 0.010307858055491281
5 6 8 3 0.010307858055491281
4 7 9 2 0.010307858055491281
5 7 9 3 0.010307858055491281
4 8 6 2 0.010307858055491281
5 8 6 3 0.010307858055491281
4 9 7 2 0.010307858055491281
5 9 7 3 0.010307858055491281
4 0 0 4 0.21623627727363434
5 0 0 5 0.21623627727363434
4 1 1 4 0.21623627727363434
5 1 1 5 0.21623627727363434
4 2 2 4 0.2157173940794625
5 2 2 5 0.2157173940794625
4 3 3 4 0.2157173940794625
5 3 3 5 0.2157173940794625
4 4 4 4 0.23622783830169553
5 4 4 5 0.23622783830169553
4 5 5 4 0.23622783830169553
5 5 5 5 0.23622783830169553
4 6 6 4 0.23669882329094222
5 6 6 5 0.23669882329094222
4 7 7 4 0.23669882329094222
5 7 7 5 0.23669882329094222
4 8 8 4 0.21608310667995315
5 8 8 5 0.21608310667995315
4 9 9 4 0.21608310667995315
5 9 9 5 0.21608310667995315
4 10 10 4 0.2196949944708874
5 10 10 5 0.2196949944708874
4 11 11 4 0.2196949944708874
5 11 11 5 0.2196949944708874
4 0 10 6 -0.12192241551344452
5 0 10 7 -0.12192241551344452
4 1 11 6 -0.12192241551344452
5 1 11 7 -0.12192241551344452
4 2 8 6 0.12420226529675586
5 2 8 7 0.12420226529675586
4 3 9 6 0.12420226529675586
5 3 9 7 0.12420226529675586
4 4 6 6 0.14470526643639314
5 4 6 7 0.14470526643639314
4 5 7 6 0.14470526643639314
5 5 7 7 0.14470526643639314
4 6 4 6 0.14470526643639314
5 6 4 7 0.14470526643639314
4 7 5 6 0.14470526643639314
5 7 5 7 0.14470526643639314
4 8 2 6 0.12420226529675582
5 8 2 7 0.12420226529675582
4 9 3 6 0.12420226529675582
5 9 3 7 0.12420226529675582
4 10 0 6 -0.12192241551344452
5 10 0 7 -0.12192241551344452
4 11 1 6 -0.12192241551344452
5 11 1 7 -0.12192241551344452
4 2 6 8 0.010251500319815374
5 2 6 9 0.010251500319815374
4 3 7 8 0.010251500319815374
5 3 7 9 0.010251500319815374
4 4 8 8 0.010251500319815374
5 4 8 9 0.010251500319815374
4 5 9 8 0.010251500319815374
5 5 9 9 0.010251500319815374
4 6 2 8 0.010251500319815374
5 6 2 9 0.010251500319815374
4 7 3 8 0.010251500319815374
5 7 3 9 0.010251500319815374
4 8 4 8 0.010251500319815374
5 8 4 9 0.010251500319815374
4 9 5 8 0.010251500319815374
5 9 5 9 0.010251500319815374
4 0 6 10 -0.01006796673480089
5 0 6 11 -0.01006796673480089
4 1 7 10 -0.01006796673480089
5 1 7 11 -0.01006796673480089
4 4 10 10 0.010428536950550576
5 4 10 11 0.010428536950550576
4 5 11 10 0.010428536950550576
5 5 11 11 0.010428536950550576
4 6 0 10 -0.010067966734800888
5 6 0 11 -0.010067966734800888
4 7 1 10 -0.010067966734800888
5 7 1 11 -0.010067966734800888
4 10 4 10 0.010428536950550576
5 10 4 11 0.010428536950550576
4 11 5 10 0.010428536950550576
5 11 5 11 0.010428536950550576
6 0 6 0 0.010078545776370948
7 0 6 1 0.010078545776370948
6 1 7 0 0.010078545776370948
7 1 7 1 0.010078545776370948
6 4 10 0 -0.010067966734800888
7 4 10 1 -0.010067966734800888
6 5 11 0 -0.010067966734800888
7 5 11 1 -0.010067966734800888
6 6 0 0 0.010078545776370946
7 6 0 1 0.010078545776370946
6 7 1 0 0.010078545776370946
7 7 1 1 0.010078545776370946
6 10 4 0 -0.010067966734800888
7 10 4 1 -0.010067966734800888
6 11 5 0 -0.010067966734800888
7 11 5 1 -0.010067966734800888
6 2 6 2 0.010251500319815374
7 2 6 3 0.010251500319815374
6 3 7 2 0.010251500319815374
7 3 7 3 0.010251500319815374
6 4 8 2 0.010251500319815374
7 4 8 3 0.010251500319815374
6 5 9 2 0.010251500319815374
7 5 9 3 0.010251500319815374
6 6 2 2 0.010251500319815374
7 6 2 3 0.010251500319815374
6 7 3 2 0.010251500319815374
7 7 3 3 0.010251500319815374
6 8 4 2 0.010251500319815374
7 8 4 3 0.010251500319815374
6 9 5 2 0.010251500319815374
7 9 5 3 0.010251500319815374
6 0 10 4 -0.12192241551344452
7 0 10 5 -0.12192241551344452
6 1 11 4 -0.12192241551344452
7 1 11 5 -0.12192241551344452
6 2 8 4 0.12420226529675586
7 2 8 5 0.12420226529675586
6 3 9 4 0.12420226529675586
7 3 9 5 0.12420226529675586
6 4 6 4 0.14470526643639314
7 4 6 5 0.14470526643639314
6 5 7 4 0.14470526643639314
7 5 7 5 0.14470526643639314
6 6 4 4 0.14470526643639314
7 6 4 5 0.14470526643639314
6 7 5 4 0.14470526643639314
7 7 5 5 0.14470526643639314
6 8 2 4 0.12420226529675582
7 8 2 5 0.12420226529675582
6 9 3 4 0.12420226529675582
7 9 3 5 0.12420226529675582
6 10 0 4 -0.12192241551344452
7 10 0 5 -0.12192241551344452
6 11 1 4 -0.12192241551344452
7 11 1 5 -0.12192241551344452
6 0 0 6 0.21652386659726092
7 0 0 7 0.21652386659726092
6 1 1 6 0.21652386659726092
7 1 1 7 0.21652386659726092
6 2 2 6 0.2160831066799531
7 2 2 7 0.2160831066799531
6 3 3 6 0.2160831066799531
7 3 3 7 0.2160831066799531
6 4 4 6 0.23669882329094216
7 4 4 7 0.23669882329094216
6 5 5 6 0.23669882329094216
7 5 5 7 0.23669882329094216
6 6 6 6 0.23717695206535463
7 6 6 7 0.23717695206535463
6 7 7 6 0.23717695206535463
7 7 7 7 0.23717695206535463
6 8 8 6 0.21645415505041912
7 8 8 7 0.21645415505041912
6 9 9 6 0.21645415505041912
7 9 9 7 0.21645415505041912
6 10 10 6 0.219987530943497
7 10 10 7 0.219987530943497
6 11 11 6 0.219987530943497
7 11 11 7 0.219987530943497
6 2 4 8 0.01030785805549128
7 2 4 9 0.01030785805549128
6 3 5 8 0.01030785805549128
7 3 5 9 0.01030785805549128
6 4 2 8 0.01030785805549128
7 4 2 9 0.01030785805549128
6 5 3 8 0.01030785805549128
7 5 3 9 0.01030785805549128
6 6 8 8 0.010361398255651503
7 6 8 9 0.010361398255651503
6 7 9 8 0.010361398255651503
7 7 9 9 0.010361398255651503
6 8 6 8 0.010361398255651503
7 8 6 9 0.010361398255651503
6 9 7 8 0.010361398255651503
7 9 7 9 0.010361398255651503
6 0 4 10 -0.010295223833912365
7 0 4 11 -0.010295223833912365
6 1 5 10 -0.010295223833912365
7 1 5 11 -0.010295223833912365
6 4 0 10 -0.010295223833912367
7 4 0 11 -0.010295223833912367
6 5 1 10 -0.010295223833912367
7 5 1 11 -0.010295223833912367
6 6 10 10 0.01067606024328539
7 6 10 11 0.01067606024328539
6 7 11 10 0.01067606024328539
7 7 11 11 0.01067606024328539
6 10 6 10 0.01067606024328539
7 10 6 11 0.01067606024328539
6 11 7 10 0.01067606024328539
7 11 7 11 0.01067606024328539
8 0 8 0 0.010078545776370948
9 0 8 1 0.010078545776370948
8 1 9 0 0.010078545776370948
9 1 9 1 0.010078545776370948
8 2 10 0 -0.010067966734800888
9 2 10 1 -0.010067966734800888
8 3 11 0 -0.010067966734800888
9 3 11 1 -0.010067966734800888
8 8 0 0 0.010078545776370946
9 8 0 1 0.010078545776370946
8 9 1 0 0.010078545776370946
9 9 1 1 0.010078545776370946
8 10 2 0 -0.010067966734800888
9 10 2 1 -0.010067966734800888
8 11 3 0 -0.010067966734800888
9 11 3 1 -0.010067966734800888
8 0 10 2 -0.12192241551344452
9 0 10 3 -0.12192241551344452
8 1 11 2 -0.12192241551344452
9 1 11 3 -0.12192241551344452
8 2 8 2 0.14470526643639314
9 2 8 3 0.14470526643639314
8 3 9 2 0.14470526643639314
9 3 9 3 0.14470526643639314
8 4 6 2 0.12420226529675586
9 4 6 3 0.12420226529675586
8 5 7 2 0.12420226529675586
9 5 7 3 0.12420226529675586
8 6 4 2 0.12420226529675582
9 6 4 3 0.12420226529675582
8 7 5 2 0.12420226529675582
9 7 5 3 0.12420226529675582
8 8 2 2 0.14470526643639314
9 8 2 3 0.14470526643639314
8 9 3 2 0.14470526643639314
9 9 3 3 0.14470526643639314
8 10 0 2 -0.12192241551344452
9 10 0 3 -0.12192241551344452
8 11 1 2 -0.12192241551344452
9 11 1 3 -0.12192241551344452
8 2 6 4 0.010251500319815374
9 2 6 5 0.010251500319815374
8 3 7 4 0.010251500319815374
9 3 7 5 0.010251500319815374
8 4 8 4 0.010251500319815374
9 4 8 5 0.010251500319815374
8 5 9 4 0.010251500319815374
9 5 9 5 0.010251500319815374
8 6 2 4 0.010251500319815374
9 6 2 5 0.010251500319815374
8 7 3 4 0.010251500319815374
9 7 3 5 0.010251500319815374
8 8 4 4 0.010251500319815374
9 8 4 5 0.010251500319815374
8 9 5 4 0.010251500319815374
9 9 5 5 0.010251500319815374
8 2 4 6 0.01030785805549128
9 2 4 7 0.01030785805549128
8 3 5 6 0.01030785805549128
9 3 5 7 0.01030785805549128
8 4 2 6 0.01030785805549128
9 4 2 7 0.01030785805549128
8 5 3 6 0.01030785805549128
9 5 3 7 0.01030785805549128
8 6 8 6 0.010361398255651503
9 6 8 7 0.010361398255651503
8 7 9 6 0.010361398255651503
9 7 9 7 0.010361398255651503
8 8 6 6 0.010361398255651503
9 8 6 7 0.010361398255651503
8 9 7 6 0.010361398255651503
9 9 7 7 0.010361398255651503
8 0 0 8 0.21652386659726092
9 0 0 9 0.21652386659726092
8 1 1 8 0.21652386659726092
9 1 1 9 0.21652386659726092
8 2 2 8 0.23669882329094216
9 2 2 9 0.23669882329094216
8 3 3 8 0.23669882329094216
9 3 3 9 0.23669882329094216
8 4 4 8 0.2160831066799531
9 4 4 9 0.2160831066799531
8 5 5 8 0.2160831066799531
9 5 5 9 0.2160831066799531
8 6 6 8 0.21645415505041912
9 6 6 9 0.21645415505041912
8 7 7 8 0.21645415505041912
9 7 7 9 0.21645415505041912
8 8 8 8 0.23717695206535463
9 8 8 9 0.23717695206535463
8 9 9 8 0.23717695206535463
9 9 9 9 0.23717695206535463
8 10 10 8 0.219987530943497
9 10 10 9 0.219987530943497
8 11 11 8 0.219987530943497
9 11 11 9 0.219987530943497
8 0 2 10 -0.010295223833912365
9 0 2 11 -0.010295223833912365
8 1 3 10 -0.010295223833912365
9 1 3 11 -0.010295223833912365
8 2 0 10 -0.010295223833912367
9 2 0 11 -0.010295223833912367
8 3 1 10 -0.010295223833912367
9 3 1 11 -0.010295223833912367
8 8 10 10 0.01067606024328539
9 8 10 11 0.01067606024328539
8 9 11 10 0.01067606024328539
9 9 11 11 0.01067606024328539
8 10 8 10 0.01067606024328539
9 10 8 11 0.01067606024328539
8 11 9 10 0.01067606024328539
9 11 9 11 0.01067606024328539
10 0 10 0 0.1397201813586546
11 0 10 1 0.1397201813586546
10 1 11 0 0.1397201813586546
11 1 11 1 0.1397201813586546
10 2 8 0 -0.1219224155134445
11 2 8 1 -0.1219224155134445
10 3 9 0 -0.1219224155134445
11 3 9 1 -0.1219224155134445
10 4 6 0 -0.1219224155134445
11 4 6 1 -0.1219224155134445
10 5 7 0 -0.1219224155134445
11 5 7 1 -0.1219224155134445
10 6 4 0 -0.1219224155134445
11 6 4 1 -0.1219224155134445
10 7 5 0 -0.1219224155134445
11 7 5 1 -0.1219224155134445
10 8 2 0 -0.1219224155134445
11 8 2 1 -0.1219224155134445
10 9 3 0 -0.1219224155134445
11 9 3 1 -0.1219224155134445
10 10 0 0 0.1397201813586546
11 10 0 1 0.1397201813586546
10 11 1 0 0.1397201813586546
11 11 1 1 0.1397201813586546
10 0 8 2 -0.010067966734800888
11 0 8 3 -0.010067966734800888
10 1 9 2 -0.010067966734800888
11 1 9 3 -0.010067966734800888
10 2 10 2 0.010428536950550578
11 2 10 3 0.010428536950550578
10 3 11 2 0.010428536950550578
11 3 11 3 0.010428536950550578
10 8 0 2 -0.010067966734800888
11 8 0 3 -0.010067966734800888
10 9 1 2 -0.010067966734800888
11 9 1 3 -0.010067966734800888
10 10 2 2 0.010428536950550578
11 10 2 3 0.010428536950550578
10 11 3 2 0.010428536950550578
11 11 3 3 0.010428536950550578
10 0 6 4 -0.010067966734800888
11 0 6 5 -0.010067966734800888
10 1 7 4 -0.010067966734800888
11 1 7 5 -0.010067966734800888
10 4 10 4 0.010428536950550578
11 4 10 5 0.010428536950550578
10 5 11 4 0.010428536950550578
11 5 11 5 0.010428536950550578
10 6 0 4 -0.010067966734800888
11 6 0 5 -0.010067966734800888
10 7 1 4 -0.010067966734800888
11 7 1 5 -0.010067966734800888
10 10 4 4 0.010428536950550578
11 10 4 5 0.010428536950550578
10 11 5 4 0.010428536950550578
11 11 5 5 0.010428536950550578
10 0 4 6 -0.010295223833912365
11 0 4 7 -0.010295223833912365
10 1 5 6 -0.010295223833912365
11 1 5 7 -0.010295223833912365
10 4 0 6 -0.010295223833912367
11 4 0 7 -0.010295223833912367
10 5 1 6 -0.010295223833912367
11 5 1 7 -0.010295223833912367
10 6 10 6 0.01067606024328539
11 6 10 7 0.01067606024328539
10 7 11 6 0.01067606024328539
11 7 11 7 0.01067606024328539
10 10 6 6 0.01067606024328539
11 10 6 7 0.01067606024328539
10 11 7 6 0.01067606024328539
11 11 7 7 0.01067606024328539
10 0 2 8 -0.010295223833912365
11 0 2 9 -0.010295223833912365
10 1 3 8 -0.010295223833912365
11 1 3 9 -0.010295223833912365
10 2 0 8 -0.010295223833912367
11 2 0 9 -0.010295223833912367
10 3 1 8 -0.010295223833912367
11 3 1 9 -0.010295223833912367
10 8 10 8 0.01067606024328539
11 8 10 9 0.01067606024328539
10 9 11 8 0.01067606024328539
11 9 11 9 0.01067606024328539
10 10 8 8 0.01067606024328539
11 10 8 9 0.01067606024328539
10 11 9 8 0.01067606024328539
11 11 9 9 0.01067606024328539
10 0 0 10 0.2407741100331524
11 0 0 11 0.2407741100331524
10 1 1 10 0.2407741100331524
11 1 1 11 0.2407741100331524
10 2 2 10 0.21969499447088736
11 2 2 11 0.21969499447088736
10 3 3 10 0.21969499447088736
11 3 3 11 0.21969499447088736
10 4 4 10 0.21969499447088736
11 4 4 11 0.21969499447088736
10 5 5 10 0.21969499447088736
11 5 5 11 0.21969499447088736
10 6 6 10 0.21998753094349693
11 6 6 11 0.21998753094349693
10 7 7 10 0.21998753094349693
11 7 7 11 0.21998753094349693
10 8 8 10 0.21998753094349693
11 8 8 11 0.21998753094349693
10 9 9 10 0.21998753094349693
11 9 9 11 0.21998753094349693
10 10 10 10 0.2451067226718527
11 10 10 11 0.2451067226718527
10 11 11 10 0.2451067226718527
11 11 11 11 0.2451067226718527
