-98.82758530873129
0 0 -2.4368288143096892
1 1 -2.4368288143096892
2 2 -2.385393048071016
3 3 -2.385393048071016
4 4 -2.385393048071016
5 5 -2.385393048071016
6 6 -2.374657915165442
7 7 -2.374657915165442
8 8 -2.374657915165442
9 9 -2.374657915165442
10 10 -2.393431908154348
11 11 -2.393431908154348
0 0 0 0 0.24285646647003828
1 0 0 1 0.24285646647003828
0 1 1 0 0.24285646647003828
1 1 1 1 0.24285646647003828
0 2 2 0 0.22102419687959735
1 2 2 1 0.22102419687959735
0 3 3 0 0.22102419687959735
1 3 3 1 0.22102419687959735
0 4 4 0 0.22102419687959735
1 4 4 1 0.22102419687959735
0 5 5 0 0.22102419687959735
1 5 5 1 0.22102419687959735
0 6 6 0 0.22158990757504649
1 6 6 1 0.22158990757504649
0 7 7 0 0.22158990757504649
1 7 7 1 0.22158990757504649
0 8 8 0 0.22158990757504649
1 8 8 1 0.22158990757504649
0 9 9 0 0.22158990757504649
1 9 9 1 0.22158990757504649
0 10 10 0 0.24755153223604942
1 10 10 1 0.24755153223604942
0 11 11 0 0.24755153223604942
1 11 11 1 0.24755153223604942
0 0 2 2 0.010368078767671195
1 0 2 3 0.010368078767671195
0 1 3 2 0.010368078767671195
1 1 3 3 0.010368078767671195
0 2 0 2 0.010368078767671193
1 2 0 3 0.010368078767671193
0 3 1 2 0.010368078767671193
1 3 1 3 0.010368078767671193
0 8 10 2 0.0102185245859004
1 8 10 3 0.0102185245859004
0 9 11 2 0.0102185245859004
1 9 11 3 0.0102185245859004
0 10 8 2 0.0102185245859004
1 10 8 3 0.0102185245859004
0 11 9 2 0.0102185245859004
1 11 9 3 0.0102185245859004
0 0 4 4 0.010368078767671195
1 0 4 5 0.010368078767671195
0 1 5 4 0.010368078767671195
1 1 5 5 0.010368078767671195
0 4 0 4 0.010368078767671193
1 4 0 5 0.010368078767671193
0 5 1 4 0.010368078767671193
1 5 1 5 0.010368078767671193
0 6 10 4 0.0102185245859004
1 6 10 5 0.0102185245859004
0 7 11 4 0.0102185245859004
1 7 11 5 0.0102185245859004
0 10 6 4 0.0102185245859004
1 10 6 5 0.0102185245859004
0 11 7 4 0.0102185245859004
1 11 7 5 0.0102185245859004
0 0 6 6 0.010053290491303124
1 0 6 7 0.010053290491303124
0 1 7 6 0.010053290491303124
1 1 7 7 0.010053290491303124
0 4 10 6 0.009825924131779743
1 4 10 7 0.009825924131779743
0 5 11 6 0.009825924131779743
1 5 11 7 0.009825924131779743
0 6 0 6 0.010053290491303124
1 6 0 7 0.010053290491303124
0 7 1 6 0.010053290491303124
1 7 1 7 0.010053290491303124
0 10 4 6 0.009825924131779743
1 10 4 7 0.009825924131779743
0 11 5 6 0.009825924131779743
1 11 5 7 0.009825924131779743
0 0 8 8 0.010053290491303124
1 0 8 9 0.010053290491303124
0 1 9 8 0.010053290491303124
1 1 9 9 0.010053290491303124
0 2 10 8 0.009825924131779743
1 2 10 9 0.009825924131779743
0 3 11 8 0.009825924131779743
1 3 11 9 0.009825924131779743
0 8 0 8 0.010053290491303124
1 8 0 9 0.010053290491303124
0 9 1 8 0.010053290491303124
1 9 1 9 0.010053290491303124
0 10 2 8 0.009825924131779743
1 10 2 9 0.009825924131779743
0 11 3 8 0.009825924131779743
1 11 3 9 0.009825924131779743
0 0 10 10 0.13195787709149853
1 0 10 11 0.13195787709149853
0 1 11 10 0.13195787709149853
1 1 11 11 0.13195787709149853
0 2 8 10 0.11560191355840692
1 2 8 11 0.11560191355840692
0 3 9 10 0.11560191355840692
1 3 9 11 0.11560191355840692
0 4 6 10 0.11560191355840692
1 4 6 11 0.11560191355840692
0 5 7 10 0.11560191355840692
1 5 7 11 0.11560191355840692
0 6 4 10 0.1156019135584069
1 6 4 11 0.1156019135584069
0 7 5 10 0.1156019135584069
1 7 5 11 0.1156019135584069
0 8 2 10 0.1156019135584069
1 8 2 11 0.1156019135584069
0 9 3 10 0.1156019135584069
1 9 3 11 0.1156019135584069
0 10 0 10 0.13195787709149848
1 10 0 11 0.13195787709149848
0 11 1 10 0.13195787709149848
1 11 1 11 0.13195787709149848
2 0 2 0 0.010368078767671193
3 0 2 1 0.010368078767671193
2 1 3 0 0.010368078767671193
3 1 3 1 0.010368078767671193
2 2 0 0 0.010368078767671193
3 2 0 1 0.010368078767671193
2 3 1 0 0.010368078767671193
3 3 1 1 0.010368078767671193
2 8 10 0 0.0102185245859004
3 8 10 1 0.0102185245859004
2 9 11 0 0.0102185245859004
3 9 11 1 0.0102185245859004
2 10 8 0 0.0102185245859004
3 10 8 1 0.0102185245859004
2 11 9 0 0.0102185245859004
3 11 9 1 0.0102185245859004
2 0 0 2 0.22102419687959735
3 0 0 3 0.22102419687959735
2 1 1 2 0.22102419687959735
3 1 1 3 0.22102419687959735
2 2 2 2 0.24092035998839467
3 2 2 3 0.24092035998839467
2 3 3 2 0.24092035998839467
3 3 3 3 0.24092035998839467
2 4 4 2 0.2204855916553158
3 4 4 3 0.2204855916553158
2 5 5 2 0.2204855916553158
3 5 5 3 0.2204855916553158
2 6 6 2 0.22123381885838977
3 6 6 3 0.22123381885838977
2 7 7 2 0.22123381885838977
3 7 7 3 0.22123381885838977
2 8 8 2 0.24189195902723773
3 8 8 3 0.24189195902723773
2 9 9 2 0.24189195902723773
3 9 9 3 0.24189195902723773
2 10 10 2 0.22689652943476357
3 10 10 3 0.22689652943476357
2 11 11 2 0.22689652943476357
3 11 11 3 0.22689652943476357
2 2 4 4 0.01021738416653944
3 2 4 5 0.01021738416653944
2 3 5 4 0.01021738416653944
3 3 5 5 0.01021738416653944
2 4 2 4 0.01021738416653944
3 4 2 5 0.01021738416653944
2 5 3 4 0.01021738416653944
3 5 3 5 0.01021738416653944
2 6 8 4 0.01032907008442402
3 6 8 5 0.01032907008442402
2 7 9 4 0.01032907008442402
3 7 9 5 0.01032907008442402
2 8 6 4 0.01032907008442402
3 8 6 5 0.01032907008442402
2 9 7 4 0.01032907008442402
3 9 7 5 0.01032907008442402
2 2 6 6 0.010230831487480281
3 2 6 7 0.010230831487480281
2 3 7 6 0.010230831487480281
3 3 7 7 0.010230831487480281
2 4 8 6 0.010230831487480281
3 4 8 7 0.010230831487480281
2 5 9 6 0.010230831487480281
3 5 9 7 0.010230831487480281
2 6 2 6 0.010230831487480283
3 6 2 7 0.010230831487480283
2 7 3 6 0.010230831487480283
3 7 3 7 0.010230831487480283
2 8 4 6 0.010230831487480283
3 8 4 7 0.010230831487480283
2 9 5 6 0.010230831487480283
3 9 5 7 0.010230831487480283
2 0 10 8 0.11560191355840688
3 0 10 9 0.11560191355840688
2 1 11 8 0.11560191355840688
3 1 11 9 0.11560191355840688
2 2 8 8 0.13952148502920494
3 2 8 9 0.13952148502920494
2 3 9 8 0.13952148502920494
3 3 9 9 0.13952148502920494
2 4 6 8 0.11905982155420322
3 4 6 9 0.11905982155420322
2 5 7 8 0.11905982155420322
3 5 7 9 0.11905982155420322
2 6 4 8 0.11905982155420318
3 6 4 9 0.11905982155420318
2 7 5 8 0.11905982155420318
3 7 5 9 0.11905982155420318
2 8 2 8 0.139521485029205
3 8 2 9 0.139521485029205
2 9 3 8 0.139521485029205
3 9 3 9 0.139521485029205
2 10 0 8 0.11560191355840688
3 10 0 9 0.11560191355840688
2 11 1 8 0.11560191355840688
3 11 1 9 0.11560191355840688
2 0 8 10 0.009825924131779745
3 0 8 11 0.009825924131779745
2 1 9 10 0.009825924131779745
3 1 9 11 0.009825924131779745
2 2 10 10 0.010626836711467665
3 2 10 11 0.010626836711467665
2 3 11 10 0.010626836711467665
3 3 11 11 0.010626836711467665
2 8 0 10 0.009825924131779743
3 8 0 11 0.009825924131779743
2 9 1 10 0.009825924131779743
3 9 1 11 0.009825924131779743
2 10 2 10 0.010626836711467665
3 10 2 11 0.010626836711467665
2 11 3 10 0.010626836711467665
3 11 3 11 0.010626836711467665
4 0 4 0 0.010368078767671193
5 0 4 1 0.010368078767671193
4 1 5 0 0.010368078767671193
5 1 5 1 0.010368078767671193
4 4 0 0 0.010368078767671193
5 4 0 1 0.010368078767671193
4 5 1 0 0.010368078767671193
5 5 1 1 0.010368078767671193
4 6 10 0 0.0102185245859004
5 6 10 1 0.0102185245859004
4 7 11 0 0.0102185245859004
5 7 11 1 0.0102185245859004
4 10 6 0 0.0102185245859004
5 10 6 1 0.0102185245859004
4 11 7 0 0.0102185245859004
5 11 7 1 0.0102185245859004
4 2 4 2 0.01021738416653944
5 2 4 3 0.01021738416653944
4 3 5 2 0.01021738416653944
5 3 5 3 0.01021738416653944
4 4 2 2 0.01021738416653944
5 4 2 3 0.01021738416653944
4 5 3 2 0.01021738416653944
5 5 3 3 0.01021738416653944
4 6 8 2 0.01032907008442402
5 6 8 3 0.01032907008442402
4 7 9 2 0.01032907008442402
5 7 9 3 0.01032907008442402
4 8 6 2 0.01032907008442402
5 8 6 3 0.01032907008442402
4 9 7 2 0.01032907008442402
5 9 7 3 0.01032907008442402
4 0 0 4 0.22102419687959735
5 0 0 5 0.22102419687959735
4 1 1 4 0.22102419687959735
5 1 1 5 0.22102419687959735
4 2 2 4 0.2204855916553158
5 2 2 5 0.2204855916553158
4 3 3 4 0.2204855916553158
5 3 3 5 0.2204855916553158
4 4 4 4 0.24092035998839467
5 4 4 5 0.24092035998839467
4 5 5 4 0.24092035998839467
5 5 5 5 0.24092035998839467
4 6 6 4 0.24189195902723773
5 6 6 5 0.24189195902723773
4 7 7 4 0.24189195902723773
5 7 7 5 0.24189195902723773
4 8 8 4 0.22123381885838977
5 8 8 5 0.22123381885838977
4 9 9 4 0.22123381885838977
5 9 9 5 0.22123381885838977
4 10 10 4 0.22689652943476357
5 10 10 5 0.22689652943476357
4 11 11 4 0.22689652943476357
5 11 11 5 0.22689652943476357
4 0 10 6 0.11560191355840688
5 0 10 7 0.11560191355840688
4 1 11 6 0.11560191355840688
5 1 11 7 0.11560191355840688
4 2 8 6 0.11905982155420322
5 2 8 7 0.11905982155420322
4 3 9 6 0.11905982155420322
5 3 9 7 0.11905982155420322
4 4 6 6 0.13952148502920494
5 4 6 7 0.13952148502920494
4 5 7 6 0.13952148502920494
5 5 7 7 0.13952148502920494
4 6 4 6 0.139521485029205
5 6 4 7 0.139521485029205
4 7 5 6 0.139521485029205
5 7 5 7 0.139521485029205
4 8 2 6 0.11905982155420318
5 8 2 7 0.11905982155420318
4 9 3 6 0.11905982155420318
5 9 3 7 0.11905982155420318
4 10 0 6 0.11560191355840688
5 10 0 7 0.11560191355840688
4 11 1 6 0.11560191355840688
5 11 1 7 0.11560191355840688
4 2 6 8 0.010230831487480281
5 2 6 9 0.010230831487480281
4 3 7 8 0.010230831487480281
5 3 7 9 0.010230831487480281
4 4 8 8 0.010230831487480281
5 4 8 9 0.010230831487480281
4 5 9 8 0.010230831487480281
5 5 9 9 0.010230831487480281
4 6 2 8 0.010230831487480283
5 6 2 9 0.010230831487480283
4 7 3 8 0.010230831487480283
5 7 3 9 0.010230831487480283
4 8 4 8 0.010230831487480283
5 8 4 9 0.010230831487480283
4 9 5 8 0.010230831487480283
5 9 5 9 0.010230831487480283
4 0 6 10 0.009825924131779745
5 0 6 11 0.009825924131779745
4 1 7 10 0.009825924131779745
5 1 7 11 0.009825924131779745
4 4 10 10 0.010626836711467665
5 4 10 11 0.010626836711467665
4 5 11 10 0.010626836711467665
5 5 11 11 0.010626836711467665
4 6 0 10 0.009825924131779743
5 6 0 11 0.009825924131779743
4 7 1 10 0.009825924131779743
5 7 1 11 0.009825924131779743
4 10 4 10 0.010626836711467665
5 10 4 11 0.010626836711467665
4 11 5 10 0.010626836711467665
5 11 5 11 0.010626836711467665
6 0 6 0 0.010053290491303124
7 0 6 1 0.010053290491303124
6 1 7 0 0.010053290491303124
7 1 7 1 0.010053290491303124
6 4 10 0 0.009825924131779743
7 4 10 1 0.009825924131779743
6 5 11 0 0.009825924131779743
7 5 11 1 0.009825924131779743
6 6 0 0 0.010053290491303124
7 6 0 1 0.010053290491303124
6 7 1 0 0.010053290491303124
7 7 1 1 0.010053290491303124
6 10 4 0 0.009825924131779743
7 10 4 1 0.009825924131779743
6 11 5 0 0.009825924131779743
7 11 5 1 0.009825924131779743
6 2 6 2 0.010230831487480283
7 2 6 3 0.010230831487480283
6 3 7 2 0.010230831487480283
7 3 7 3 0.010230831487480283
6 4 8 2 0.010230831487480283
7 4 8 3 0.010230831487480283
6 5 9 2 0.010230831487480283
7 5 9 3 0.010230831487480283
6 6 2 2 0.010230831487480283
7 6 2 3 0.010230831487480283
6 7 3 2 0.010230831487480283
7 7 3 3 0.010230831487480283
6 8 4 2 0.010230831487480283
7 8 4 3 0.010230831487480283
6 9 5 2 0.010230831487480283
7 9 5 3 0.010230831487480283
6 0 10 4 0.11560191355840686
7 0 10 5 0.11560191355840686
6 1 11 4 0.11560191355840686
7 1 11 5 0.11560191355840686
6 2 8 4 0.11905982155420322
7 2 8 5 0.11905982155420322
6 3 9 4 0.11905982155420322
7 3 9 5 0.11905982155420322
6 4 6 4 0.13952148502920497
7 4 6 5 0.13952148502920497
6 5 7 4 0.13952148502920497
7 5 7 5 0.13952148502920497
6 6 4 4 0.13952148502920497
7 6 4 5 0.13952148502920497
6 7 5 4 0.13952148502920497
7 7 5 5 0.13952148502920497
6 8 2 4 0.1190598215542032
7 8 2 5 0.1190598215542032
6 9 3 4 0.1190598215542032
7 9 3 5 0.1190598215542032
6 10 0 4 0.11560191355840688
7 10 0 5 0.11560191355840688
6 11 1 4 0.11560191355840688
7 11 1 5 0.11560191355840688
6 0 0 6 0.22158990757504649
7 0 0 7 0.22158990757504649
6 1 1 6 0.22158990757504649
7 1 1 7 0.22158990757504649
6 2 2 6 0.22123381885838975
7 2 2 7 0.22123381885838975
6 3 3 6 0.22123381885838975
7 3 3 7 0.22123381885838975
6 4 4 6 0.24189195902723779
7 4 4 7 0.24189195902723779
6 5 5 6 0.24189195902723779
7 5 5 7 0.24189195902723779
6 6 6 6 0.24290082655384237
7 6 6 7 0.24290082655384237
6 7 7 6 0.24290082655384237
7 7 7 7 0.24290082655384237
6 8 8 6 0.22200941865111487
7 8 8 7 0.22200941865111487
6 9 9 6 0.22200941865111487
7 9 9 7 0.22200941865111487
6 10 10 6 0.22746909429789994
7 10 10 7 0.22746909429789994
6 11 11 6 0.22746909429789994
7 11 11 7 0.22746909429789994
6 2 4 8 0.010329070084424023
7 2 4 9 0.010329070084424023
6 3 5 8 0.010329070084424023
7 3 5 9 0.010329070084424023
6 4 2 8 0.010329070084424023
7 4 2 9 0.010329070084424023
6 5 3 8 0.010329070084424023
7 5 3 9 0.010329070084424023
6 6 8 8 0.010445703951363764
7 6 8 9 0.010445703951363764
6 7 9 8 0.010445703951363764
7 7 9 9 0.010445703951363764
6 8 6 8 0.010445703951363764
7 8 6 9 0.010445703951363764
6 9 7 8 0.010445703951363764
7 9 7 9 0.010445703951363764
6 0 4 10 0.0102185245859004
7 0 4 11 0.0102185245859004
6 1 5 10 0.0102185245859004
7 1 5 11 0.0102185245859004
6 4 0 10 0.0102185245859004
7 4 0 11 0.0102185245859004
6 5 1 10 0.0102185245859004
7 5 1 11 0.0102185245859004
6 6 10 10 0.01103721028314375
7 6 10 11 0.01103721028314375
6 7 11 10 0.01103721028314375
7 7 11 11 0.01103721028314375
6 10 6 10 0.01103721028314375
7 10 6 11 0.01103721028314375
6 11 7 10 0.01103721028314375
7 11 7 11 0.01103721028314375
8 0 8 0 0.010053290491303124
9 0 8 1 0.010053290491303124
8 1 9 0 0.010053290491303124
9 1 9 1 0.010053290491303124
8 2 10 0 0.009825924131779743
9 2 10 1 0.009825924131779743
8 3 11 0 0.009825924131779743
9 3 11 1 0.009825924131779743
8 8 0 0 0.010053290491303124
9 8 0 1 0.010053290491303124
8 9 1 0 0.010053290491303124
9 9 1 1 0.010053290491303124
8 10 2 0 0.009825924131779743
9 10 2 1 0.009825924131779743
8 11 3 0 0.009825924131779743
9 11 3 1 0.009825924131779743
8 0 10 2 0.11560191355840686
9 0 10 3 0.11560191355840686
8 1 11 2 0.11560191355840686
9 1 11 3 0.11560191355840686
8 2 8 2 0.13952148502920497
9 2 8 3 0.13952148502920497
8 3 9 2 0.13952148502920497
9 3 9 3 0.13952148502920497
8 4 6 2 0.11905982155420322
9 4 6 3 0.11905982155420322
8 5 7 2 0.11905982155420322
9 5 7 3 0.11905982155420322
8 6 4 2 0.1190598215542032
9 6 4 3 0.1190598215542032
8 7 5 2 0.1190598215542032
9 7 5 3 0.1190598215542032
8 8 2 2 0.13952148502920497
9 8 2 3 0.13952148502920497
8 9 3 2 0.13952148502920497
9 9 3 3 0.13952148502920497
8 10 0 2 0.11560191355840688
9 10 0 3 0.11560191355840688
8 11 1 2 0.11560191355840688
9 11 1 3 0.11560191355840688
8 2 6 4 0.010230831487480283
9 2 6 5 0.010230831487480283
8 3 7 4 0.010230831487480283
9 3 7 5 0.010230831487480283
8 4 8 4 0.010230831487480283
9 4 8 5 0.010230831487480283
8 5 9 4 0.010230831487480283
9 5 9 5 0.010230831487480283
8 6 2 4 0.010230831487480283
9 6 2 5 0.010230831487480283
8 7 3 4 0.010230831487480283
9 7 3 5 0.010230831487480283
8 8 4 4 0.010230831487480283
9 8 4 5 0.010230831487480283
8 9 5 4 0.010230831487480283
9 9 5 5 0.010230831487480283
8 2 4 6 0.010329070084424023
9 2 4 7 0.010329070084424023
8 3 5 6 0.010329070084424023
9 3 5 7 0.010329070084424023
8 4 2 6 0.010329070084424023
9 4 2 7 0.010329070084424023
8 5 3 6 0.010329070084424023
9 5 3 7 0.010329070084424023
8 6 8 6 0.010445703951363764
9 6 8 7 0.010445703951363764
8 7 9 6 0.010445703951363764
9 7 9 7 0.010445703951363764
8 8 6 6 0.010445703951363764
9 8 6 7 0.010445703951363764
8 9 7 6 0.010445703951363764
9 9 7 7 0.010445703951363764
8 0 0 8 0.22158990757504649
9 0 0 9 0.22158990757504649
8 1 1 8 0.22158990757504649
9 1 1 9 0.22158990757504649
8 2 2 8 0.24189195902723779
9 2 2 9 0.24189195902723779
8 3 3 8 0.24189195902723779
9 3 3 9 0.24189195902723779
8 4 4 8 0.22123381885838975
9 4 4 9 0.22123381885838975
8 5 5 8 0.22123381885838975
9 5 5 9 0.22123381885838975
8 6 6 8 0.22200941865111487
9 6 6 9 0.22200941865111487
8 7 7 8 0.22200941865111487
9 7 7 9 0.22200941865111487
8 8 8 8 0.24290082655384237
9 8 8 9 0.24290082655384237
8 9 9 8 0.24290082655384237
9 9 9 9 0.24290082655384237
8 10 10 8 0.22746909429789994
9 10 10 9 0.22746909429789994
8 11 11 8 0.22746909429789994
9 11 11 9 0.22746909429789994
8 0 2 10 0.0102185245859004
9 0 2 11 0.0102185245859004
8 1 3 10 0.0102185245859004
9 1 3 11 0.0102185245859004
8 2 0 10 0.0102185245859004
9 2 0 11 0.0102185245859004
8 3 1 10 0.0102185245859004
9 3 1 11 0.0102185245859004
8 8 10 10 0.01103721028314375
9 8 10 11 0.01103721028314375
8 9 11 10 0.01103721028314375
9 9 11 11 0.01103721028314375
8 10 8 10 0.01103721028314375
9 10 8 11 0.01103721028314375
8 11 9 10 0.01103721028314375
9 11 9 11 0.01103721028314375
10 0 10 0 0.13195787709149848
11 0 10 1 0.13195787709149848
10 1 11 0 0.13195787709149848
11 1 11 1 0.13195787709149848
10 2 8 0 0.1156019135584069
11 2 8 1 0.1156019135584069
10 3 9 0 0.1156019135584069
11 3 9 1 0.1156019135584069
10 4 6 0 0.1156019135584069
11 4 6 1 0.1156019135584069
10 5 7 0 0.1156019135584069
11 5 7 1 0.1156019135584069
10 6 4 0 0.11560191355840688
11 6 4 1 0.11560191355840688
10 7 5 0 0.11560191355840688
11 7 5 1 0.11560191355840688
10 8 2 0 0.11560191355840688
11 8 2 1 0.11560191355840688
10 9 3 0 0.11560191355840688
11 9 3 1 0.11560191355840688
10 10 0 0 0.13195787709149842
11 10 0 1 0.13195787709149842
10 11 1 0 0.13195787709149842
11 11 1 1 0.13195787709149842
10 0 8 2 0.009825924131779743
11 0 8 3 0.009825924131779743
10 1 9 2 0.009825924131779743
11 1 9 3 0.009825924131779743
10 2 10 2 0.010626836711467667
11 2 10 3 0.010626836711467667
10 3 11 2 0.010626836711467667
11 3 11 3 0.010626836711467667
10 8 0 2 0.009825924131779743
11 8 0 3 0.009825924131779743
10 9 1 2 0.009825924131779743
11 9 1 3 0.009825924131779743
10 10 2 2 0.010626836711467665
11 10 2 3 0.010626836711467665
10 11 3 2 0.010626836711467665
11 11 3 3 0.010626836711467665
10 0 6 4 0.009825924131779743
11 0 6 5 0.009825924131779743
10 1 7 4 0.009825924131779743
11 1 7 5 0.009825924131779743
10 4 10 4 0.010626836711467667
11 4 10 5 0.010626836711467667
10 5 11 4 0.010626836711467667
11 5 11 5 0.010626836711467667
10 6 0 4 0.009825924131779743
11 6 0 5 0.009825924131779743
10 7 1 4 0.009825924131779743
11 7 1 5 0.009825924131779743
10 10 4 4 0.010626836711467665
11 10 4 5 0.010626836711467665
10 11 5 4 0.010626836711467665
11 11 5 5 0.010626836711467665
10 0 4 6 0.0102185245859004
11 0 4 7 0.0102185245859004
10 1 5 6 0.0102185245859004
11 1 5 7 0.0102185245859004
10 4 0 6 0.0102185245859004
11 4 0 7 0.0102185245859004
10 5 1 6 0.0102185245859004
11 5 1 7 0.0102185245859004
10 6 10 6 0.01103721028314375
11 6 10 7 0.01103721028314375
10 7 11 6 0.01103721028314375
11 7 11 7 0.01103721028314375
10 10 6 6 0.01103721028314375
11 10 6 7 0.01103721028314375
10 11 7 6 0.01103721028314375
11 11 7 7 0.01103721028314375
10 0 2 8 0.0102185245859004
11 0 2 9 0.0102185245859004
10 1 3 8 0.0102185245859004
11 1 3 9 0.0102185245859004
10 2 0 8 0.0102185245859004
11 2 0 9 0.0102185245859004
10 3 1 8 0.0102185245859004
11 3 1 9 0.0102185245859004
10 8 10 8 0.01103721028314375
11 8 10 9 0.01103721028314375
10 9 11 8 0.01103721028314375
11 9 11 9 0.01103721028314375
10 10 8 8 0.01103721028314375
11 10 8 9 0.01103721028314375
10 11 9 8 0.01103721028314375
11 11 9 9 0.01103721028314375
10 0 0 10 0.2475515322360494
11 0 0 11 0.2475515322360494
10 1 1 10 0.2475515322360494
11 1 1 11 0.2475515322360494
10 2 2 10 0.22689652943476357
11 2 2 11 0.22689652943476357
10 3 3 10 0.22689652943476357
11 3 3 11 0.22689652943476357
10 4 4 10 0.22689652943476357
11 4 4 11 0.22689652943476357
10 5 5 10 0.22689652943476357
11 5 5 11 0.22689652943476357
10 6 6 10 0.22746909429789997
11 6 6 11 0.22746909429789997
10 7 7 10 0.22746909429789997
11 7 7 11 0.22746909429789997
10 8 8 10 0.22746909429789997
11 8 8 11 0.22746909429789997
10 9 9 10 0.22746909429789997
11 9 9 11 0.22746909429789997
10 10 10 10 0.25536380591006885
11 10 10 11 0.25536380591006885
10 11 11 10 0.25536380591006885
11 11 11 11 0.25536380591006885
