-99.15211958993919
0 0 -2.305266821407822
1 1 -2.305266821407822
2 2 -2.2794914956845265
3 3 -2.2794914956845265
4 4 -2.2794914956845265
5 5 -2.2794914956845265
6 6 -2.2770005544970178
7 7 -2.2770005544970178
8 8 -2.2770005544970178
9 9 -2.2770005544970178
10 10 -2.2922952786753763
11 11 -2.2922952786753763
0 0 0 0 0.23488856175293354
1 0 0 1 0.23488856175293354
0 1 1 0 0.23488856175293354
1 1 1 1 0.23488856175293354
0 2 2 0 0.21353288518337227
1 2 2 1 0.21353288518337227
0 3 3 0 0.21353288518337227
1 3 3 1 0.21353288518337227
0 4 4 0 0.21353288518337227
1 4 4 1 0.21353288518337227
0 5 5 0 0.21353288518337227
1 5 5 1 0.21353288518337227
0 6 6 0 0.21370636338871035
1 6 6 1 0.21370636338871035
0 7 7 0 0.21370636338871035
1 7 7 1 0.21370636338871035
0 8 8 0 0.21370636338871035
1 8 8 1 0.21370636338871035
0 9 9 0 0.21370636338871035
1 9 9 1 0.21370636338871035
0 10 10 0 0.23708629772900425
1 10 10 1 0.23708629772900425
0 11 11 0 0.23708629772900425
1 11 11 1 0.23708629772900425
0 0 2 2 0.010268005879476166
1 0 2 3 0.010268005879476166
0 1 3 2 0.010268005879476166
1 1 3 3 0.010268005879476166
0 2 0 2 0.010268005879476164
1 2 0 3 0.010268005879476164
0 3 1 2 0.010268005879476164
1 3 1 3 0.010268005879476164
0 8 10 2 0.010307837896147531
1 8 10 3 0.010307837896147531
0 9 11 2 0.010307837896147531
1 9 11 3 0.010307837896147531
0 10 8 2 0.010307837896147531
1 10 8 3 0.010307837896147531
0 11 9 2 0.010307837896147531
1 11 9 3 0.010307837896147531
0 0 4 4 0.010268005879476166
1 0 4 5 0.010268005879476166
0 1 5 4 0.010268005879476166
1 1 5 5 0.010268005879476166
0 4 0 4 0.010268005879476164
1 4 0 5 0.010268005879476164
0 5 1 4 0.010268005879476164
1 5 1 5 0.010268005879476164
0 6 10 4 0.010307837896147531
1 6 10 5 0.010307837896147531
0 7 11 4 0.010307837896147531
1 7 11 5 0.010307837896147531
0 10 6 4 0.010307837896147531
1 10 6 5 0.010307837896147531
0 11 7 4 0.010307837896147531
1 11 7 5 0.010307837896147531
0 0 6 6 0.010126925792267056
1 0 6 7 0.010126925792267056
0 1 7 6 0.010126925792267056
1 1 7 7 0.010126925792267056
0 4 10 6 0.010146458942735201
1 4 10 7 0.010146458942735201
0 5 11 6 0.010146458942735201
1 5 11 7 0.010146458942735201
0 6 0 6 0.010126925792267056
1 6 0 7 0.010126925792267056
0 7 1 6 0.010126925792267056
1 7 1 7 0.010126925792267056
0 10 4 6 0.010146458942735201
1 10 4 7 0.010146458942735201
0 11 5 6 0.010146458942735201
1 11 5 7 0.010146458942735201
0 0 8 8 0.010126925792267056
1 0 8 9 0.010126925792267056
0 1 9 8 0.010126925792267056
1 1 9 9 0.010126925792267056
0 2 10 8 0.010146458942735201
1 2 10 9 0.010146458942735201
0 3 11 8 0.010146458942735201
1 3 11 9 0.010146458942735201
0 8 0 8 0.010126925792267056
1 8 0 9 0.010126925792267056
0 9 1 8 0.010126925792267056
1 9 1 9 0.010126925792267056
0 10 2 8 0.010146458942735201
1 10 2 9 0.010146458942735201
0 11 3 8 0.010146458942735201
1 11 3 9 0.010146458942735201
0 0 10 10 0.14375426997352214
1 0 10 11 0.14375426997352214
0 1 11 10 0.14375426997352214
1 1 11 11 0.14375426997352214
0 2 8 10 0.12532915205035855
1 2 8 11 0.12532915205035855
0 3 9 10 0.12532915205035855
1 3 9 11 0.12532915205035855
0 4 6 10 0.12532915205035855
1 4 6 11 0.12532915205035855
0 5 7 10 0.12532915205035855
1 5 7 11 0.12532915205035855
0 6 4 10 0.12532915205035855
1 6 4 11 0.12532915205035855
0 7 5 10 0.12532915205035855
1 7 5 11 0.12532915205035855
0 8 2 10 0.12532915205035855
1 8 2 11 0.12532915205035855
0 9 3 10 0.12532915205035855
1 9 3 11 0.12532915205035855
0 10 0 10 0.14375426997352214
1 10 0 11 0.14375426997352214
0 11 1 10 0.14375426997352214
1 11 1 11 0.14375426997352214
2 0 2 0 0.010268005879476164
3 0 2 1 0.010268005879476164
2 1 3 0 0.010268005879476164
3 1 3 1 0.010268005879476164
2 2 0 0 0.010268005879476162
3 2 0 1 0.010268005879476162
2 3 1 0 0.010268005879476162
3 3 1 1 0.010268005879476162
2 8 10 0 0.010307837896147531
3 8 10 1 0.010307837896147531
2 9 11 0 0.010307837896147531
3 9 11 1 0.010307837896147531
2 10 8 0 0.010307837896147531
3 10 8 1 0.010307837896147531
2 11 9 0 0.010307837896147531
3 11 9 1 0.010307837896147531
2 0 0 2 0.2135328851833723
3 0 0 3 0.2135328851833723
2 1 1 2 0.2135328851833723
3 1 1 3 0.2135328851833723
2 2 2 2 0.23350127068399643
3 2 2 3 0.23350127068399643
2 3 3 2 0.23350127068399643
3 3 3 3 0.23350127068399643
2 4 4 2 0.21296151295344212
3 4 4 3 0.21296151295344212
2 5 5 2 0.21296151295344212
3 5 5 3 0.21296151295344212
2 6 6 2 0.2131745952068887
3 6 6 3 0.2131745952068887
2 7 7 2 0.2131745952068887
3 7 7 3 0.2131745952068887
2 8 8 2 0.23377389470753257
3 8 8 3 0.23377389470753257
2 9 9 2 0.23377389470753257
3 9 9 3 0.23377389470753257
2 10 10 2 0.21586362183879243
3 10 10 3 0.21586362183879243
2 11 11 2 0.21586362183879243
3 11 11 3 0.21586362183879243
2 2 4 4 0.010269878616215922
3 2 4 5 0.010269878616215922
2 3 5 4 0.010269878616215922
3 3 5 5 0.010269878616215922
2 4 2 4 0.010269878616215922
3 4 2 5 0.010269878616215922
2 5 3 4 0.010269878616215922
3 5 3 5 0.010269878616215922
2 6 8 4 0.010299649500321056
3 6 8 5 0.010299649500321056
2 7 9 4 0.010299649500321056
3 7 9 5 0.010299649500321056
2 8 6 4 0.010299649500321056
3 8 6 5 0.010299649500321056
2 9 7 4 0.010299649500321056
3 9 7 5 0.010299649500321056
2 2 6 6 0.010259635858519068
3 2 6 7 0.010259635858519068
2 3 7 6 0.010259635858519068
3 3 7 7 0.010259635858519068
2 4 8 6 0.010259635858519068
3 4 8 7 0.010259635858519068
2 5 9 6 0.010259635858519068
3 5 9 7 0.010259635858519068
2 6 2 6 0.01025963585851907
3 6 2 7 0.01025963585851907
2 7 3 6 0.01025963585851907
3 7 3 7 0.01025963585851907
2 8 4 6 0.01025963585851907
3 8 4 7 0.01025963585851907
2 9 5 6 0.01025963585851907
3 9 5 7 0.01025963585851907
2 0 10 8 0.12532915205035855
3 0 10 9 0.12532915205035855
2 1 11 8 0.12532915205035855
3 1 11 9 0.12532915205035855
2 2 8 8 0.1476288744232704
3 2 8 9 0.1476288744232704
2 3 9 8 0.1476288744232704
3 3 9 9 0.1476288744232704
2 4 6 8 0.12710960270623234
3 4 6 9 0.12710960270623234
2 5 7 8 0.12710960270623234
3 5 7 9 0.12710960270623234
2 6 4 8 0.12710960270623234
3 6 4 9 0.12710960270623234
2 7 5 8 0.12710960270623234
3 7 5 9 0.12710960270623234
2 8 2 8 0.1476288744232704
3 8 2 9 0.1476288744232704
2 9 3 8 0.1476288744232704
3 9 3 9 0.1476288744232704
2 10 0 8 0.12532915205035855
3 10 0 9 0.12532915205035855
2 11 1 8 0.12532915205035855
3 11 1 9 0.12532915205035855
2 0 8 10 0.010146458942735201
3 0 8 11 0.010146458942735201
2 1 9 10 0.010146458942735201
3 1 9 11 0.010146458942735201
2 2 10 10 0.010356490933528664
3 2 10 11 0.010356490933528664
2 3 11 10 0.010356490933528664
3 3 11 11 0.010356490933528664
2 8 0 10 0.010146458942735201
3 8 0 11 0.010146458942735201
2 9 1 10 0.010146458942735201
3 9 1 11 0.010146458942735201
2 10 2 10 0.010356490933528664
3 10 2 11 0.010356490933528664
2 11 3 10 0.010356490933528664
3 11 3 11 0.010356490933528664
4 0 4 0 0.010268005879476164
5 0 4 1 0.010268005879476164
4 1 5 0 0.010268005879476164
5 1 5 1 0.010268005879476164
4 4 0 0 0.010268005879476162
5 4 0 1 0.010268005879476162
4 5 1 0 0.010268005879476162
5 5 1 1 0.010268005879476162
4 6 10 0 0.010307837896147531
5 6 10 1 0.010307837896147531
4 7 11 0 0.010307837896147531
5 7 11 1 0.010307837896147531
4 10 6 0 0.010307837896147531
5 10 6 1 0.010307837896147531
4 11 7 0 0.010307837896147531
5 11 7 1 0.010307837896147531
4 2 4 2 0.010269878616215922
5 2 4 3 0.010269878616215922
4 3 5 2 0.010269878616215922
5 3 5 3 0.010269878616215922
4 4 2 2 0.010269878616215922
5 4 2 3 0.010269878616215922
4 5 3 2 0.010269878616215922
5 5 3 3 0.010269878616215922
4 6 8 2 0.010299649500321056
5 6 8 3 0.010299649500321056
4 7 9 2 0.010299649500321056
5 7 9 3 0.010299649500321056
4 8 6 2 0.010299649500321056
5 8 6 3 0.010299649500321056
4 9 7 2 0.010299649500321056
5 9 7 3 0.010299649500321056
4 0 0 4 0.2135328851833723
5 0 0 5 0.2135328851833723
4 1 1 4 0.2135328851833723
5 1 1 5 0.2135328851833723
4 2 2 4 0.21296151295344212
5 2 2 5 0.21296151295344212
4 3 3 4 0.21296151295344212
5 3 3 5 0.21296151295344212
4 4 4 4 0.23350127068399643
5 4 4 5 0.23350127068399643
4 5 5 4 0.23350127068399643
5 5 5 5 0.23350127068399643
4 6 6 4 0.23377389470753257
5 6 6 5 0.23377389470753257
4 7 7 4 0.23377389470753257
5 7 7 5 0.23377389470753257
4 8 8 4 0.2131745952068887
5 8 8 5 0.2131745952068887
4 9 9 4 0.2131745952068887
5 9 9 5 0.2131745952068887
4 10 10 4 0.21586362183879243
5 10 10 5 0.21586362183879243
4 11 11 4 0.21586362183879243
5 11 11 5 0.21586362183879243
4 0 10 6 0.12532915205035855
5 0 10 7 0.12532915205035855
4 1 11 6 0.12532915205035855
5 1 11 7 0.12532915205035855
4 2 8 6 0.12710960270623234
5 2 8 7 0.12710960270623234
4 3 9 6 0.12710960270623234
5 3 9 7 0.12710960270623234
4 4 6 6 0.1476288744232704
5 4 6 7 0.1476288744232704
4 5 7 6 0.1476288744232704
5 5 7 7 0.1476288744232704
4 6 4 6 0.1476288744232704
5 6 4 7 0.1476288744232704
4 7 5 6 0.1476288744232704
5 7 5 7 0.1476288744232704
4 8 2 6 0.12710960270623234
5 8 2 7 0.12710960270623234
4 9 3 6 0.12710960270623234
5 9 3 7 0.12710960270623234
4 10 0 6 0.12532915205035855
5 10 0 7 0.12532915205035855
4 11 1 6 0.12532915205035855
5 11 1 7 0.12532915205035855
4 2 6 8 0.010259635858519068
5 2 6 9 0.010259635858519068
4 3 7 8 0.010259635858519068
5 3 7 9 0.010259635858519068
4 4 8 8 0.010259635858519068
5 4 8 9 0.010259635858519068
4 5 9 8 0.010259635858519068
5 5 9 9 0.010259635858519068
4 6 2 8 0.01025963585851907
5 6 2 9 0.01025963585851907
4 7 3 8 0.01025963585851907
5 7 3 9 0.01025963585851907
4 8 4 8 0.01025963585851907
5 8 4 9 0.01025963585851907
4 9 5 8 0.01025963585851907
5 9 5 9 0.01025963585851907
4 0 6 10 0.010146458942735201
5 0 6 11 0.010146458942735201
4 1 7 10 0.010146458942735201
5 1 7 11 0.010146458942735201
4 4 10 10 0.010356490933528664
5 4 10 11 0.010356490933528664
4 5 11 10 0.010356490933528664
5 5 11 11 0.010356490933528664
4 6 0 10 0.010146458942735201
5 6 0 11 0.010146458942735201
4 7 1 10 0.010146458942735201
5 7 1 11 0.010146458942735201
4 10 4 10 0.010356490933528664
5 10 4 11 0.010356490933528664
4 11 5 10 0.010356490933528664
5 11 5 11 0.010356490933528664
6 0 6 0 0.010126925792267056
7 0 6 1 0.010126925792267056
6 1 7 0 0.010126925792267056
7 1 7 1 0.010126925792267056
6 4 10 0 0.010146458942735203
7 4 10 1 0.010146458942735203
6 5 11 0 0.010146458942735203
7 5 11 1 0.010146458942735203
6 6 0 0 0.010126925792267056
7 6 0 1 0.010126925792267056
6 7 1 0 0.010126925792267056
7 7 1 1 0.010126925792267056
6 10 4 0 0.010146458942735203
7 10 4 1 0.010146458942735203
6 11 5 0 0.010146458942735203
7 11 5 1 0.010146458942735203
6 2 6 2 0.010259635858519068
7 2 6 3 0.010259635858519068
6 3 7 2 0.010259635858519068
7 3 7 3 0.010259635858519068
6 4 8 2 0.010259635858519068
7 4 8 3 0.010259635858519068
6 5 9 2 0.010259635858519068
7 5 9 3 0.010259635858519068
6 6 2 2 0.01025963585851907
7 6 2 3 0.01025963585851907
6 7 3 2 0.01025963585851907
7 7 3 3 0.01025963585851907
6 8 4 2 0.01025963585851907
7 8 4 3 0.01025963585851907
6 9 5 2 0.01025963585851907
7 9 5 3 0.01025963585851907
6 0 10 4 0.12532915205035855
7 0 10 5 0.12532915205035855
6 1 11 4 0.12532915205035855
7 1 11 5 0.12532915205035855
6 2 8 4 0.12710960270623234
7 2 8 5 0.12710960270623234
6 3 9 4 0.12710960270623234
7 3 9 5 0.12710960270623234
6 4 6 4 0.1476288744232704
7 4 6 5 0.1476288744232704
6 5 7 4 0.1476288744232704
7 5 7 5 0.1476288744232704
6 6 4 4 0.1476288744232704
7 6 4 5 0.1476288744232704
6 7 5 4 0.1476288744232704
7 7 5 5 0.1476288744232704
6 8 2 4 0.12710960270623234
7 8 2 5 0.12710960270623234
6 9 3 4 0.12710960270623234
7 9 3 5 0.12710960270623234
6 10 0 4 0.12532915205035855
7 10 0 5 0.12532915205035855
6 11 1 4 0.12532915205035855
7 11 1 5 0.12532915205035855
6 0 0 6 0.21370636338871038
7 0 0 7 0.21370636338871038
6 1 1 6 0.21370636338871038
7 1 1 7 0.21370636338871038
6 2 2 6 0.2131745952068887
7 2 2 7 0.2131745952068887
6 3 3 6 0.2131745952068887
7 3 3 7 0.2131745952068887
6 4 4 6 0.23377389470753254
7 4 4 7 0.23377389470753254
6 5 5 6 0.23377389470753254
7 5 5 7 0.23377389470753254
6 6 6 6 0.23404868312209984
7 6 6 7 0.23404868312209984
6 7 7 6 0.23404868312209984
7 7 7 7 0.23404868312209984
6 8 8 6 0.21338931153052415
7 8 8 7 0.21338931153052415
6 9 9 6 0.21338931153052415
7 9 9 7 0.21338931153052415
6 10 10 6 0.21603874643823148
7 10 10 7 0.21603874643823148
6 11 11 6 0.21603874643823148
7 11 11 7 0.21603874643823148
6 2 4 8 0.010299649500321058
7 2 4 9 0.010299649500321058
6 3 5 8 0.010299649500321058
7 3 5 9 0.010299649500321058
6 4 2 8 0.010299649500321058
7 4 2 9 0.010299649500321058
6 5 3 8 0.010299649500321058
7 5 3 9 0.010299649500321058
6 6 8 8 0.010329685544843781
7 6 8 9 0.010329685544843781
6 7 9 8 0.010329685544843781
7 7 9 9 0.010329685544843781
6 8 6 8 0.010329685544843781
7 8 6 9 0.010329685544843781
6 9 7 8 0.010329685544843781
7 9 7 9 0.010329685544843781
6 0 4 10 0.010307837896147531
7 0 4 11 0.010307837896147531
6 1 5 10 0.010307837896147531
7 1 5 11 0.010307837896147531
6 4 0 10 0.010307837896147528
7 4 0 11 0.010307837896147528
6 5 1 10 0.010307837896147528
7 5 1 11 0.010307837896147528
6 6 10 10 0.010535094982088544
7 6 10 11 0.010535094982088544
6 7 11 10 0.010535094982088544
7 7 11 11 0.010535094982088544
6 10 6 10 0.010535094982088544
7 10 6 11 0.010535094982088544
6 11 7 10 0.010535094982088544
7 11 7 11 0.010535094982088544
8 0 8 0 0.010126925792267056
9 0 8 1 0.010126925792267056
8 1 9 0 0.010126925792267056
9 1 9 1 0.010126925792267056
8 2 10 0 0.010146458942735203
9 2 10 1 0.010146458942735203
8 3 11 0 0.010146458942735203
9 3 11 1 0.010146458942735203
8 8 0 0 0.010126925792267056
9 8 0 1 0.010126925792267056
8 9 1 0 0.010126925792267056
9 9 1 1 0.010126925792267056
8 10 2 0 0.010146458942735203
9 10 2 1 0.010146458942735203
8 11 3 0 0.010146458942735203
9 11 3 1 0.010146458942735203
8 0 10 2 0.12532915205035855
9 0 10 3 0.12532915205035855
8 1 11 2 0.12532915205035855
9 1 11 3 0.12532915205035855
8 2 8 2 0.1476288744232704
9 2 8 3 0.1476288744232704
8 3 9 2 0.1476288744232704
9 3 9 3 0.1476288744232704
8 4 6 2 0.12710960270623234
9 4 6 3 0.12710960270623234
8 5 7 2 0.12710960270623234
9 5 7 3 0.12710960270623234
8 6 4 2 0.12710960270623234
9 6 4 3 0.12710960270623234
8 7 5 2 0.12710960270623234
9 7 5 3 0.12710960270623234
8 8 2 2 0.1476288744232704
9 8 2 3 0.1476288744232704
8 9 3 2 0.1476288744232704
9 9 3 3 0.1476288744232704
8 10 0 2 0.12532915205035855
9 10 0 3 0.12532915205035855
8 11 1 2 0.12532915205035855
9 11 1 3 0.12532915205035855
8 2 6 4 0.010259635858519068
9 2 6 5 0.010259635858519068
8 3 7 4 0.010259635858519068
9 3 7 5 0.010259635858519068
8 4 8 4 0.010259635858519068
9 4 8 5 0.010259635858519068
8 5 9 4 0.010259635858519068
9 5 9 5 0.010259635858519068
8 6 2 4 0.01025963585851907
9 6 2 5 0.01025963585851907
8 7 3 4 0.01025963585851907
9 7 3 5 0.01025963585851907
8 8 4 4 0.01025963585851907
9 8 4 5 0.01025963585851907
8 9 5 4 0.01025963585851907
9 9 5 5 0.01025963585851907
8 2 4 6 0.010299649500321058
9 2 4 7 0.010299649500321058
8 3 5 6 0.010299649500321058
9 3 5 7 0.010299649500321058
8 4 2 6 0.010299649500321058
9 4 2 7 0.010299649500321058
8 5 3 6 0.010299649500321058
9 5 3 7 0.010299649500321058
8 6 8 6 0.010329685544843781
9 6 8 7 0.010329685544843781
8 7 9 6 0.010329685544843781
9 7 9 7 0.010329685544843781
8 8 6 6 0.010329685544843781
9 8 6 7 0.010329685544843781
8 9 7 6 0.010329685544843781
9 9 7 7 0.010329685544843781
8 0 0 8 0.21370636338871038
9 0 0 9 0.21370636338871038
8 1 1 8 0.21370636338871038
9 1 1 9 0.21370636338871038
8 2 2 8 0.23377389470753254
9 2 2 9 0.23377389470753254
8 3 3 8 0.23377389470753254
9 3 3 9 0.23377389470753254
8 4 4 8 0.2131745952068887
9 4 4 9 0.2131745952068887
8 5 5 8 0.2131745952068887
9 5 5 9 0.2131745952068887
8 6 6 8 0.21338931153052415
9 6 6 9 0.21338931153052415
8 7 7 8 0.21338931153052415
9 7 7 9 0.21338931153052415
8 8 8 8 0.23404868312209984
9 8 8 9 0.23404868312209984
8 9 9 8 0.23404868312209984
9 9 9 9 0.23404868312209984
8 10 10 8 0.21603874643823148
9 10 10 9 0.21603874643823148
8 11 11 8 0.21603874643823148
9 11 11 9 0.21603874643823148
8 0 2 10 0.010307837896147531
9 0 2 11 0.010307837896147531
8 1 3 10 0.010307837896147531
9 1 3 11 0.010307837896147531
8 2 0 10 0.010307837896147528
9 2 0 11 0.010307837896147528
8 3 1 10 0.010307837896147528
9 3 1 11 0.010307837896147528
8 8 10 10 0.010535094982088544
9 8 10 11 0.010535094982088544
8 9 11 10 0.010535094982088544
9 9 11 11 0.010535094982088544
8 10 8 10 0.010535094982088544
9 10 8 11 0.010535094982088544
8 11 9 10 0.010535094982088544
9 11 9 11 0.010535094982088544
10 0 10 0 0.14375426997352214
11 0 10 1 0.14375426997352214
10 1 11 0 0.14375426997352214
11 1 11 1 0.14375426997352214
10 2 8 0 0.12532915205035855
11 2 8 1 0.12532915205035855
10 3 9 0 0.12532915205035855
11 3 9 1 0.12532915205035855
10 4 6 0 0.12532915205035855
11 4 6 1 0.12532915205035855
10 5 7 0 0.12532915205035855
11 5 7 1 0.12532915205035855
10 6 4 0 0.12532915205035858
11 6 4 1 0.12532915205035858
10 7 5 0 0.12532915205035858
11 7 5 1 0.12532915205035858
10 8 2 0 0.12532915205035858
11 8 2 1 0.12532915205035858
10 9 3 0 0.12532915205035858
11 9 3 1 0.12532915205035858
10 10 0 0 0.14375426997352214
11 10 0 1 0.14375426997352214
10 11 1 0 0.14375426997352214
11 11 1 1 0.14375426997352214
10 0 8 2 0.010146458942735203
11 0 8 3 0.010146458942735203
10 1 9 2 0.010146458942735203
11 1 9 3 0.010146458942735203
10 2 10 2 0.010356490933528664
11 2 10 3 0.010356490933528664
10 3 11 2 0.010356490933528664
11 3 11 3 0.010356490933528664
10 8 0 2 0.010146458942735203
11 8 0 3 0.010146458942735203
10 9 1 2 0.010146458942735203
11 9 1 3 0.010146458942735203
10 10 2 2 0.010356490933528664
11 10 2 3 0.010356490933528664
10 11 3 2 0.010356490933528664
11 11 3 3 0.010356490933528664
10 0 6 4 0.010146458942735203
11 0 6 5 0.010146458942735203
10 1 7 4 0.010146458942735203
11 1 7 5 0.010146458942735203
10 4 10 4 0.010356490933528664
11 4 10 5 0.010356490933528664
10 5 11 4 0.010356490933528664
11 5 11 5 0.010356490933528664
10 6 0 4 0.010146458942735203
11 6 0 5 0.010146458942735203
10 7 1 4 0.010146458942735203
11 7 1 5 0.010146458942735203
10 10 4 4 0.010356490933528664
11 10 4 5 0.010356490933528664
10 11 5 4 0.010356490933528664
11 11 5 5 0.010356490933528664
10 0 4 6 0.010307837896147533
11 0 4 7 0.010307837896147533
10 1 5 6 0.010307837896147533
11 1 5 7 0.010307837896147533
10 4 0 6 0.010307837896147531
11 4 0 7 0.010307837896147531
10 5 1 6 0.010307837896147531
11 5 1 7 0.010307837896147531
10 6 10 6 0.010535094982088544
11 6 10 7 0.010535094982088544
10 7 11 6 0.010535094982088544
11 7 11 7 0.010535094982088544
10 10 6 6 0.010535094982088544
11 10 6 7 0.010535094982088544
10 11 7 6 0.010535094982088544
11 11 7 7 0.010535094982088544
10 0 2 8 0.010307837896147533
11 0 2 9 0.010307837896147533
10 1 3 8 0.010307837896147533
11 1 3 9 0.010307837896147533
10 2 0 8 0.010307837896147531
11 2 0 9 0.010307837896147531
10 3 1 8 0.010307837896147531
11 3 1 9 0.010307837896147531
10 8 10 8 0.010535094982088544
11 8 10 9 0.010535094982088544
10 9 11 8 0.010535094982088544
11 9 11 9 0.010535094982088544
10 10 8 8 0.010535094982088544
11 10 8 9 0.010535094982088544
10 11 9 8 0.010535094982088544
11 11 9 9 0.010535094982088544
10 0 0 10 0.23708629772900422
11 0 0 11 0.23708629772900422
10 1 1 10 0.23708629772900422
11 1 1 11 0.23708629772900422
10 2 2 10 0.21586362183879243
11 2 2 11 0.21586362183879243
10 3 3 10 0.21586362183879243
11 3 3 11 0.21586362183879243
10 4 4 10 0.21586362183879243
11 4 4 11 0.21586362183879243
10 5 5 10 0.21586362183879243
11 5 5 11 0.21586362183879243
10 6 6 10 0.2160387464382315
11 6 6 11 0.2160387464382315
10 7 7 10 0.2160387464382315
11 7 7 11 0.2160387464382315
10 8 8 10 0.2160387464382315
11 8 8 11 0.2160387464382315
10 9 9 10 0.2160387464382315
11 9 9 11 0.2160387464382315
10 10 10 10 0.2399475409160811
11 10 10 11 0.2399475409160811
10 11 11 10 0.2399475409160811
11 11 11 11 0.2399475409160811