-95.63982835513755
0 0 -3.206045064608646
1 1 -3.206045064608646
2 2 -3.358231829092837
3 3 -3.358231829092837
4 4 -3.358231829092837
5 5 -3.358231829092837
6 6 -2.844905347092558
7 7 -2.844905347092558
8 8 -2.844905347092558
9 9 -2.844905347092558
10 10 -2.213210452532718
11 11 -2.213210452532718
0 0 0 0 0.29730078243746283
1 0 0 1 0.29730078243746283
0 1 1 0 0.29730078243746283
1 1 1 1 0.29730078243746283
0 2 2 0 0.26290881272972305
1 2 2 1 0.26290881272972305
0 3 3 0 0.26290881272972305
1 3 3 1 0.26290881272972305
0 4 4 0 0.26290881272972305
1 4 4 1 0.26290881272972305
0 5 5 0 0.26290881272972305
1 5 5 1 0.26290881272972305
0 6 6 0 0.2761015372398017
1 6 6 1 0.2761015372398017
0 7 7 0 0.2761015372398017
1 7 7 1 0.2761015372398017
0 8 8 0 0.2761015372398017
1 8 8 1 0.2761015372398017
0 9 9 0 0.2761015372398017
1 9 9 1 0.2761015372398017
0 10 10 0 0.3022606177612499
1 10 10 1 0.3022606177612499
0 11 11 0 0.3022606177612499
1 11 11 1 0.3022606177612499
0 0 2 2 0.014197853192517953
1 0 2 3 0.014197853192517953
0 1 3 2 0.014197853192517953
1 1 3 3 0.014197853192517953
0 2 0 2 0.014197853192517953
1 2 0 3 0.014197853192517953
0 3 1 2 0.014197853192517953
1 3 1 3 0.014197853192517953
0 8 10 2 0.0015743526319357722
1 8 10 3 0.0015743526319357722
0 9 11 2 0.0015743526319357722
1 9 11 3 0.0015743526319357722
0 10 8 2 0.0015743526319357739
1 10 8 3 0.0015743526319357739
0 11 9 2 0.0015743526319357739
1 11 9 3 0.0015743526319357739
0 0 4 4 0.014197853192517953
1 0 4 5 0.014197853192517953
0 1 5 4 0.014197853192517953
1 1 5 5 0.014197853192517953
0 4 0 4 0.014197853192517953
1 4 0 5 0.014197853192517953
0 5 1 4 0.014197853192517953
1 5 1 5 0.014197853192517953
0 6 10 4 0.0015743526319357722
1 6 10 5 0.0015743526319357722
0 7 11 4 0.0015743526319357722
1 7 11 5 0.0015743526319357722
0 10 6 4 0.0015743526319357739
1 10 6 5 0.0015743526319357739
0 11 7 4 0.0015743526319357739
1 11 7 5 0.0015743526319357739
0 0 6 6 0.02047228787568039
1 0 6 7 0.02047228787568039
0 1 7 6 0.02047228787568039
1 1 7 7 0.02047228787568039
0 4 10 6 0.003833265842174227
1 4 10 7 0.003833265842174227
0 5 11 6 0.003833265842174227
1 5 11 7 0.003833265842174227
0 6 0 6 0.02047228787568039
1 6 0 7 0.02047228787568039
0 7 1 6 0.02047228787568039
1 7 1 7 0.02047228787568039
0 10 4 6 0.003833265842174246
1 10 4 7 0.003833265842174246
0 11 5 6 0.003833265842174246
1 11 5 7 0.003833265842174246
0 0 8 8 0.02047228787568039
1 0 8 9 0.02047228787568039
0 1 9 8 0.02047228787568039
1 1 9 9 0.02047228787568039
0 2 10 8 0.003833265842174227
1 2 10 9 0.003833265842174227
0 3 11 8 0.003833265842174227
1 3 11 9 0.003833265842174227
0 8 0 8 0.02047228787568039
1 8 0 9 0.02047228787568039
0 9 1 8 0.02047228787568039
1 9 1 9 0.02047228787568039
0 10 2 8 0.003833265842174246
1 10 2 9 0.003833265842174246
0 11 3 8 0.003833265842174246
1 11 3 9 0.003833265842174246
0 0 10 10 0.04144443376558411
1 0 10 11 0.04144443376558411
0 1 11 10 0.04144443376558411
1 1 11 11 0.04144443376558411
0 2 8 10 -0.04055029502757444
1 2 8 11 -0.04055029502757444
0 3 9 10 -0.04055029502757444
1 3 9 11 -0.04055029502757444
0 4 6 10 -0.04055029502757444
1 4 6 11 -0.04055029502757444
0 5 7 10 -0.04055029502757444
1 5 7 11 -0.04055029502757444
0 6 4 10 -0.04055029502757448
1 6 4 11 -0.04055029502757448
0 7 5 10 -0.04055029502757448
1 7 5 11 -0.04055029502757448
0 8 2 10 -0.04055029502757448
1 8 2 11 -0.04055029502757448
0 9 3 10 -0.04055029502757448
1 9 3 11 -0.04055029502757448
0 10 0 10 0.041444433765584175
1 10 0 11 0.041444433765584175
0 11 1 10 0.041444433765584175
1 11 1 11 0.041444433765584175
2 0 2 0 0.014197853192517951
3 0 2 1 0.014197853192517951
2 1 3 0 0.014197853192517951
3 1 3 1 0.014197853192517951
2 2 0 0 0.014197853192517953
3 2 0 1 0.014197853192517953
2 3 1 0 0.014197853192517953
3 3 1 1 0.014197853192517953
2 8 10 0 0.0015743526319357676
3 8 10 1 0.0015743526319357676
2 9 11 0 0.0015743526319357676
3 9 11 1 0.0015743526319357676
2 10 8 0 0.0015743526319357745
3 10 8 1 0.0015743526319357745
2 11 9 0 0.0015743526319357745
3 11 9 1 0.0015743526319357745
2 0 0 2 0.26290881272972305
3 0 0 3 0.26290881272972305
2 1 1 2 0.26290881272972305
3 1 1 3 0.26290881272972305
2 2 2 2 0.30264072864965547
3 2 2 3 0.30264072864965547
2 3 3 2 0.30264072864965547
3 3 3 3 0.30264072864965547
2 4 4 2 0.2772474965518834
3 4 4 3 0.2772474965518834
2 5 5 2 0.2772474965518834
3 5 5 3 0.2772474965518834
2 6 6 2 0.2767999731225693
3 6 6 3 0.2767999731225693
2 7 7 2 0.2767999731225693
3 7 7 3 0.2767999731225693
2 8 8 2 0.30020431732793457
3 8 8 3 0.30020431732793457
2 9 9 2 0.30020431732793457
3 9 9 3 0.30020431732793457
2 10 10 2 0.31826129097620587
3 10 10 3 0.31826129097620587
2 11 11 2 0.31826129097620587
3 11 11 3 0.31826129097620587
2 2 4 4 0.012696615699605384
3 2 4 5 0.012696615699605384
2 3 5 4 0.012696615699605384
3 3 5 5 0.012696615699605384
2 4 2 4 0.012696615699605384
3 4 2 5 0.012696615699605384
2 5 3 4 0.012696615699605384
3 5 3 5 0.012696615699605384
2 6 8 4 0.011702171961594524
3 6 8 5 0.011702171961594524
2 7 9 4 0.011702171961594524
3 7 9 5 0.011702171961594524
2 8 6 4 0.011702171961594524
3 8 6 5 0.011702171961594524
2 9 7 4 0.011702171961594524
3 9 7 5 0.011702171961594524
2 2 6 6 0.009351408621205157
3 2 6 7 0.009351408621205157
2 3 7 6 0.009351408621205157
3 3 7 7 0.009351408621205157
2 4 8 6 0.009351408621205157
3 4 8 7 0.009351408621205157
2 5 9 6 0.009351408621205157
3 5 9 7 0.009351408621205157
2 6 2 6 0.009351408621205159
3 6 2 7 0.009351408621205159
2 7 3 6 0.009351408621205159
3 7 3 7 0.009351408621205159
2 8 4 6 0.009351408621205159
3 8 4 7 0.009351408621205159
2 9 5 6 0.009351408621205159
3 9 5 7 0.009351408621205159
2 0 10 8 -0.04055029502757451
3 0 10 9 -0.04055029502757451
2 1 11 8 -0.04055029502757451
3 1 11 9 -0.04055029502757451
2 2 8 8 0.08925502060916664
3 2 8 9 0.08925502060916664
2 3 9 8 0.08925502060916664
3 3 9 9 0.08925502060916664
2 4 6 8 0.07055220308458009
3 4 6 9 0.07055220308458009
2 5 7 8 0.07055220308458009
3 5 7 9 0.07055220308458009
2 6 4 8 0.07055220308458013
3 6 4 9 0.07055220308458013
2 7 5 8 0.07055220308458013
3 7 5 9 0.07055220308458013
2 8 2 8 0.08925502060916662
3 8 2 9 0.08925502060916662
2 9 3 8 0.08925502060916662
3 9 3 9 0.08925502060916662
2 10 0 8 -0.04055029502757459
3 10 0 9 -0.04055029502757459
2 11 1 8 -0.04055029502757459
3 11 1 9 -0.04055029502757459
2 0 8 10 0.0038332658421742277
3 0 8 11 0.0038332658421742277
2 1 9 10 0.0038332658421742277
3 1 9 11 0.0038332658421742277
2 2 10 10 0.018372551792368585
3 2 10 11 0.018372551792368585
2 3 11 10 0.018372551792368585
3 3 11 11 0.018372551792368585
2 8 0 10 0.0038332658421742364
3 8 0 11 0.0038332658421742364
2 9 1 10 0.0038332658421742364
3 9 1 11 0.0038332658421742364
2 10 2 10 0.018372551792368616
3 10 2 11 0.018372551792368616
2 11 3 10 0.018372551792368616
3 11 3 11 0.018372551792368616
4 0 4 0 0.014197853192517951
5 0 4 1 0.014197853192517951
4 1 5 0 0.014197853192517951
5 1 5 1 0.014197853192517951
4 4 0 0 0.014197853192517953
5 4 0 1 0.014197853192517953
4 5 1 0 0.014197853192517953
5 5 1 1 0.014197853192517953
4 6 10 0 0.0015743526319357676
5 6 10 1 0.0015743526319357676
4 7 11 0 0.0015743526319357676
5 7 11 1 0.0015743526319357676
4 10 6 0 0.0015743526319357745
5 10 6 1 0.0015743526319357745
4 11 7 0 0.0015743526319357745
5 11 7 1 0.0015743526319357745
4 2 4 2 0.012696615699605384
5 2 4 3 0.012696615699605384
4 3 5 2 0.012696615699605384
5 3 5 3 0.012696615699605384
4 4 2 2 0.012696615699605384
5 4 2 3 0.012696615699605384
4 5 3 2 0.012696615699605384
5 5 3 3 0.012696615699605384
4 6 8 2 0.011702171961594524
5 6 8 3 0.011702171961594524
4 7 9 2 0.011702171961594524
5 7 9 3 0.011702171961594524
4 8 6 2 0.011702171961594524
5 8 6 3 0.011702171961594524
4 9 7 2 0.011702171961594524
5 9 7 3 0.011702171961594524
4 0 0 4 0.26290881272972305
5 0 0 5 0.26290881272972305
4 1 1 4 0.26290881272972305
5 1 1 5 0.26290881272972305
4 2 2 4 0.2772474965518834
5 2 2 5 0.2772474965518834
4 3 3 4 0.2772474965518834
5 3 3 5 0.2772474965518834
4 4 4 4 0.30264072864965547
5 4 4 5 0.30264072864965547
4 5 5 4 0.30264072864965547
5 5 5 5 0.30264072864965547
4 6 6 4 0.30020431732793457
5 6 6 5 0.30020431732793457
4 7 7 4 0.30020431732793457
5 7 7 5 0.30020431732793457
4 8 8 4 0.2767999731225693
5 8 8 5 0.2767999731225693
4 9 9 4 0.2767999731225693
5 9 9 5 0.2767999731225693
4 10 10 4 0.31826129097620587
5 10 10 5 0.31826129097620587
4 11 11 4 0.31826129097620587
5 11 11 5 0.31826129097620587
4 0 10 6 -0.04055029502757451
5 0 10 7 -0.04055029502757451
4 1 11 6 -0.04055029502757451
5 1 11 7 -0.04055029502757451
4 2 8 6 0.07055220308458009
5 2 8 7 0.07055220308458009
4 3 9 6 0.07055220308458009
5 3 9 7 0.07055220308458009
4 4 6 6 0.08925502060916664
5 4 6 7 0.08925502060916664
4 5 7 6 0.08925502060916664
5 5 7 7 0.08925502060916664
4 6 4 6 0.08925502060916662
5 6 4 7 0.08925502060916662
4 7 5 6 0.08925502060916662
5 7 5 7 0.08925502060916662
4 8 2 6 0.07055220308458013
5 8 2 7 0.07055220308458013
4 9 3 6 0.07055220308458013
5 9 3 7 0.07055220308458013
4 10 0 6 -0.04055029502757459
5 10 0 7 -0.04055029502757459
4 11 1 6 -0.04055029502757459
5 11 1 7 -0.04055029502757459
4 2 6 8 0.009351408621205157
5 2 6 9 0.009351408621205157
4 3 7 8 0.009351408621205157
5 3 7 9 0.009351408621205157
4 4 8 8 0.009351408621205157
5 4 8 9 0.009351408621205157
4 5 9 8 0.009351408621205157
5 5 9 9 0.009351408621205157
4 6 2 8 0.009351408621205159
5 6 2 9 0.009351408621205159
4 7 3 8 0.009351408621205159
5 7 3 9 0.009351408621205159
4 8 4 8 0.009351408621205159
5 8 4 9 0.009351408621205159
4 9 5 8 0.009351408621205159
5 9 5 9 0.009351408621205159
4 0 6 10 0.0038332658421742277
5 0 6 11 0.0038332658421742277
4 1 7 10 0.0038332658421742277
5 1 7 11 0.0038332658421742277
4 4 10 10 0.018372551792368585
5 4 10 11 0.018372551792368585
4 5 11 10 0.018372551792368585
5 5 11 11 0.018372551792368585
4 6 0 10 0.0038332658421742364
5 6 0 11 0.0038332658421742364
4 7 1 10 0.0038332658421742364
5 7 1 11 0.0038332658421742364
4 10 4 10 0.018372551792368616
5 10 4 11 0.018372551792368616
4 11 5 10 0.018372551792368616
5 11 5 11 0.018372551792368616
6 0 6 0 0.020472287875680388
7 0 6 1 0.020472287875680388
6 1 7 0 0.020472287875680388
7 1 7 1 0.020472287875680388
6 4 10 0 0.003833265842174227
7 4 10 1 0.003833265842174227
6 5 11 0 0.003833265842174227
7 5 11 1 0.003833265842174227
6 6 0 0 0.020472287875680395
7 6 0 1 0.020472287875680395
6 7 1 0 0.020472287875680395
7 7 1 1 0.020472287875680395
6 10 4 0 0.0038332658421742468
7 10 4 1 0.0038332658421742468
6 11 5 0 0.0038332658421742468
7 11 5 1 0.0038332658421742468
6 2 6 2 0.009351408621205157
7 2 6 3 0.009351408621205157
6 3 7 2 0.009351408621205157
7 3 7 3 0.009351408621205157
6 4 8 2 0.009351408621205157
7 4 8 3 0.009351408621205157
6 5 9 2 0.009351408621205157
7 5 9 3 0.009351408621205157
6 6 2 2 0.009351408621205159
7 6 2 3 0.009351408621205159
6 7 3 2 0.009351408621205159
7 7 3 3 0.009351408621205159
6 8 4 2 0.009351408621205159
7 8 4 3 0.009351408621205159
6 9 5 2 0.009351408621205159
7 9 5 3 0.009351408621205159
6 0 10 4 -0.04055029502757451
7 0 10 5 -0.04055029502757451
6 1 11 4 -0.04055029502757451
7 1 11 5 -0.04055029502757451
6 2 8 4 0.07055220308458009
7 2 8 5 0.07055220308458009
6 3 9 4 0.07055220308458009
7 3 9 5 0.07055220308458009
6 4 6 4 0.08925502060916664
7 4 6 5 0.08925502060916664
6 5 7 4 0.08925502060916664
7 5 7 5 0.08925502060916664
6 6 4 4 0.08925502060916662
7 6 4 5 0.08925502060916662
6 7 5 4 0.08925502060916662
7 7 5 5 0.08925502060916662
6 8 2 4 0.07055220308458013
7 8 2 5 0.07055220308458013
6 9 3 4 0.07055220308458013
7 9 3 5 0.07055220308458013
6 10 0 4 -0.04055029502757459
7 10 0 5 -0.04055029502757459
6 11 1 4 -0.04055029502757459
7 11 1 5 -0.04055029502757459
6 0 0 6 0.2761015372398017
7 0 0 7 0.2761015372398017
6 1 1 6 0.2761015372398017
7 1 1 7 0.2761015372398017
6 2 2 6 0.2767999731225693
7 2 2 7 0.2767999731225693
6 3 3 6 0.2767999731225693
7 3 3 7 0.2767999731225693
6 4 4 6 0.3002043173279346
7 4 4 7 0.3002043173279346
6 5 5 6 0.3002043173279346
7 5 5 7 0.3002043173279346
6 6 6 6 0.3096024309564489
7 6 6 7 0.3096024309564489
6 7 7 6 0.3096024309564489
7 7 7 7 0.3096024309564489
6 8 8 6 0.2838793049640514
7 8 8 7 0.2838793049640514
6 9 9 6 0.2838793049640514
7 9 9 7 0.2838793049640514
6 10 10 6 0.31877041636102044
7 10 10 7 0.31877041636102044
6 11 11 6 0.31877041636102044
7 11 11 7 0.31877041636102044
6 2 4 8 0.011702171961594522
7 2 4 9 0.011702171961594522
6 3 5 8 0.011702171961594522
7 3 5 9 0.011702171961594522
6 4 2 8 0.011702171961594522
7 4 2 9 0.011702171961594522
6 5 3 8 0.011702171961594522
7 5 3 9 0.011702171961594522
6 6 8 8 0.012861563851063887
7 6 8 9 0.012861563851063887
6 7 9 8 0.012861563851063887
7 7 9 9 0.012861563851063887
6 8 6 8 0.012861563851063887
7 8 6 9 0.012861563851063887
6 9 7 8 0.012861563851063887
7 9 7 9 0.012861563851063887
6 0 4 10 0.0015743526319357739
7 0 4 11 0.0015743526319357739
6 1 5 10 0.0015743526319357739
7 1 5 11 0.0015743526319357739
6 4 0 10 0.001574352631935776
7 4 0 11 0.001574352631935776
6 5 1 10 0.001574352631935776
7 5 1 11 0.001574352631935776
6 6 10 10 0.02529299868869149
7 6 10 11 0.02529299868869149
6 7 11 10 0.02529299868869149
7 7 11 11 0.02529299868869149
6 10 6 10 0.02529299868869154
7 10 6 11 0.02529299868869154
6 11 7 10 0.02529299868869154
7 11 7 11 0.02529299868869154
8 0 8 0 0.020472287875680388
9 0 8 1 0.020472287875680388
8 1 9 0 0.020472287875680388
9 1 9 1 0.020472287875680388
8 2 10 0 0.003833265842174227
9 2 10 1 0.003833265842174227
8 3 11 0 0.003833265842174227
9 3 11 1 0.003833265842174227
8 8 0 0 0.020472287875680395
9 8 0 1 0.020472287875680395
8 9 1 0 0.020472287875680395
9 9 1 1 0.020472287875680395
8 10 2 0 0.0038332658421742468
9 10 2 1 0.0038332658421742468
8 11 3 0 0.0038332658421742468
9 11 3 1 0.0038332658421742468
8 0 10 2 -0.04055029502757451
9 0 10 3 -0.04055029502757451
8 1 11 2 -0.04055029502757451
9 1 11 3 -0.04055029502757451
8 2 8 2 0.08925502060916664
9 2 8 3 0.08925502060916664
8 3 9 2 0.08925502060916664
9 3 9 3 0.08925502060916664
8 4 6 2 0.07055220308458009
9 4 6 3 0.07055220308458009
8 5 7 2 0.07055220308458009
9 5 7 3 0.07055220308458009
8 6 4 2 0.07055220308458013
9 6 4 3 0.07055220308458013
8 7 5 2 0.07055220308458013
9 7 5 3 0.07055220308458013
8 8 2 2 0.08925502060916662
9 8 2 3 0.08925502060916662
8 9 3 2 0.08925502060916662
9 9 3 3 0.08925502060916662
8 10 0 2 -0.04055029502757459
9 10 0 3 -0.04055029502757459
8 11 1 2 -0.04055029502757459
9 11 1 3 -0.04055029502757459
8 2 6 4 0.009351408621205157
9 2 6 5 0.009351408621205157
8 3 7 4 0.009351408621205157
9 3 7 5 0.009351408621205157
8 4 8 4 0.009351408621205157
9 4 8 5 0.009351408621205157
8 5 9 4 0.009351408621205157
9 5 9 5 0.009351408621205157
8 6 2 4 0.009351408621205159
9 6 2 5 0.009351408621205159
8 7 3 4 0.009351408621205159
9 7 3 5 0.009351408621205159
8 8 4 4 0.009351408621205159
9 8 4 5 0.009351408621205159
8 9 5 4 0.009351408621205159
9 9 5 5 0.009351408621205159
8 2 4 6 0.011702171961594522
9 2 4 7 0.011702171961594522
8 3 5 6 0.011702171961594522
9 3 5 7 0.011702171961594522
8 4 2 6 0.011702171961594522
9 4 2 7 0.011702171961594522
8 5 3 6 0.011702171961594522
9 5 3 7 0.011702171961594522
8 6 8 6 0.012861563851063887
9 6 8 7 0.012861563851063887
8 7 9 6 0.012861563851063887
9 7 9 7 0.012861563851063887
8 8 6 6 0.012861563851063887
9 8 6 7 0.012861563851063887
8 9 7 6 0.012861563851063887
9 9 7 7 0.012861563851063887
8 0 0 8 0.2761015372398017
9 0 0 9 0.2761015372398017
8 1 1 8 0.2761015372398017
9 1 1 9 0.2761015372398017
8 2 2 8 0.3002043173279346
9 2 2 9 0.3002043173279346
8 3 3 8 0.3002043173279346
9 3 3 9 0.3002043173279346
8 4 4 8 0.2767999731225693
9 4 4 9 0.2767999731225693
8 5 5 8 0.2767999731225693
9 5 5 9 0.2767999731225693
8 6 6 8 0.2838793049640514
9 6 6 9 0.2838793049640514
8 7 7 8 0.2838793049640514
9 7 7 9 0.2838793049640514
8 8 8 8 0.3096024309564489
9 8 8 9 0.3096024309564489
8 9 9 8 0.3096024309564489
9 9 9 9 0.3096024309564489
8 10 10 8 0.31877041636102044
9 10 10 9 0.31877041636102044
8 11 11 8 0.31877041636102044
9 11 11 9 0.31877041636102044
8 0 2 10 0.0015743526319357739
9 0 2 11 0.0015743526319357739
8 1 3 10 0.0015743526319357739
9 1 3 11 0.0015743526319357739
8 2 0 10 0.001574352631935776
9 2 0 11 0.001574352631935776
8 3 1 10 0.001574352631935776
9 3 1 11 0.001574352631935776
8 8 10 10 0.02529299868869149
9 8 10 11 0.02529299868869149
8 9 11 10 0.02529299868869149
9 9 11 11 0.02529299868869149
8 10 8 10 0.02529299868869154
9 10 8 11 0.02529299868869154
8 11 9 10 0.02529299868869154
9 11 9 11 0.02529299868869154
10 0 10 0 0.04144443376558411
11 0 10 1 0.04144443376558411
10 1 11 0 0.04144443376558411
11 1 11 1 0.04144443376558411
10 2 8 0 -0.04055029502757443
11 2 8 1 -0.04055029502757443
10 3 9 0 -0.04055029502757443
11 3 9 1 -0.04055029502757443
10 4 6 0 -0.04055029502757443
11 4 6 1 -0.04055029502757443
10 5 7 0 -0.04055029502757443
11 5 7 1 -0.04055029502757443
10 6 4 0 -0.04055029502757446
11 6 4 1 -0.04055029502757446
10 7 5 0 -0.04055029502757446
11 7 5 1 -0.04055029502757446
10 8 2 0 -0.04055029502757446
11 8 2 1 -0.04055029502757446
10 9 3 0 -0.04055029502757446
11 9 3 1 -0.04055029502757446
10 10 0 0 0.041444433765584196
11 10 0 1 0.041444433765584196
10 11 1 0 0.041444433765584196
11 11 1 1 0.041444433765584196
10 0 8 2 0.003833265842174227
11 0 8 3 0.003833265842174227
10 1 9 2 0.003833265842174227
11 1 9 3 0.003833265842174227
10 2 10 2 0.018372551792368588
11 2 10 3 0.018372551792368588
10 3 11 2 0.018372551792368588
11 3 11 3 0.018372551792368588
10 8 0 2 0.0038332658421742372
11 8 0 3 0.0038332658421742372
10 9 1 2 0.0038332658421742372
11 9 1 3 0.0038332658421742372
10 10 2 2 0.018372551792368613
11 10 2 3 0.018372551792368613
10 11 3 2 0.018372551792368613
11 11 3 3 0.018372551792368613
10 0 6 4 0.003833265842174227
11 0 6 5 0.003833265842174227
10 1 7 4 0.003833265842174227
11 1 7 5 0.003833265842174227
10 4 10 4 0.018372551792368588
11 4 10 5 0.018372551792368588
10 5 11 4 0.018372551792368588
11 5 11 5 0.018372551792368588
10 6 0 4 0.0038332658421742372
11 6 0 5 0.0038332658421742372
10 7 1 4 0.0038332658421742372
11 7 1 5 0.0038332658421742372
10 10 4 4 0.018372551792368613
11 10 4 5 0.018372551792368613
10 11 5 4 0.018372551792368613
11 11 5 5 0.018372551792368613
10 0 4 6 0.0015743526319357687
11 0 4 7 0.0015743526319357687
10 1 5 6 0.0015743526319357687
11 1 5 7 0.0015743526319357687
10 4 0 6 0.0015743526319357774
11 4 0 7 0.0015743526319357774
10 5 1 6 0.0015743526319357774
11 5 1 7 0.0015743526319357774
10 6 10 6 0.025292998688691486
11 6 10 7 0.025292998688691486
10 7 11 6 0.025292998688691486
11 7 11 7 0.025292998688691486
10 10 6 6 0.025292998688691542
11 10 6 7 0.025292998688691542
10 11 7 6 0.025292998688691542
11 11 7 7 0.025292998688691542
10 0 2 8 0.0015743526319357687
11 0 2 9 0.0015743526319357687
10 1 3 8 0.0015743526319357687
11 1 3 9 0.0015743526319357687
10 2 0 8 0.0015743526319357774
11 2 0 9 0.0015743526319357774
10 3 1 8 0.0015743526319357774
11 3 1 9 0.0015743526319357774
10 8 10 8 0.025292998688691486
11 8 10 9 0.025292998688691486
10 9 11 8 0.025292998688691486
11 9 11 9 0.025292998688691486
10 10 8 8 0.025292998688691542
11 10 8 9 0.025292998688691542
10 11 9 8 0.025292998688691542
11 11 9 9 0.025292998688691542
10 0 0 10 0.3022606177612498
11 0 0 11 0.3022606177612498
10 1 1 10 0.3022606177612498
11 1 1 11 0.3022606177612498
10 2 2 10 0.3182612909762057
11 2 2 11 0.3182612909762057
10 3 3 10 0.3182612909762057
11 3 3 11 0.3182612909762057
10 4 4 10 0.3182612909762057
11 4 4 11 0.3182612909762057
10 5 5 10 0.3182612909762057
11 5 5 11 0.3182612909762057
10 6 6 10 0.31877041636102055
11 6 6 11 0.31877041636102055
10 7 7 10 0.31877041636102055
11 7 7 11 0.31877041636102055
10 8 8 10 0.31877041636102055
11 8 8 11 0.31877041636102055
10 9 9 10 0.31877041636102055
11 9 9 11 0.31877041636102055
10 10 10 10 0.38641385177902277
11 10 10 11 0.38641385177902277
10 11 11 10 0.38641385177902277
11 11 11 11 0.38641385177902277
