-97.30365706351387
0 0 -2.9598052054779416
1 1 -2.9598052054779416
2 2 -2.9095630263702486
3 3 -2.9095630263702486
4 4 -2.9095630263702486
5 5 -2.9095630263702486
6 6 -2.7074104597555753
7 7 -2.7074104597555753
8 8 -2.7074104597555753
9 9 -2.7074104597555753
10 10 -2.599479475226743
11 11 -2.599479475226743
0 0 0 0 0.27871856604574263
1 0 0 1 0.27871856604574263
0 1 1 0 0.27871856604574263
1 1 1 1 0.27871856604574263
0 2 2 0 0.24887042205203616
1 2 2 1 0.24887042205203616
0 3 3 0 0.24887042205203616
1 3 3 1 0.24887042205203616
0 4 4 0 0.24887042205203616
1 4 4 1 0.24887042205203616
0 5 5 0 0.24887042205203616
1 5 5 1 0.24887042205203616
0 6 6 0 0.25525670859393157
1 6 6 1 0.25525670859393157
0 7 7 0 0.25525670859393157
1 7 7 1 0.25525670859393157
0 8 8 0 0.25525670859393157
1 8 8 1 0.25525670859393157
0 9 9 0 0.25525670859393157
1 9 9 1 0.25525670859393157
0 10 10 0 0.2844432803744855
1 10 10 1 0.2844432803744855
0 11 11 0 0.2844432803744855
1 11 11 1 0.2844432803744855
0 0 2 2 0.013193033227546827
1 0 2 3 0.013193033227546827
0 1 3 2 0.013193033227546827
1 1 3 3 0.013193033227546827
0 2 0 2 0.013193033227546828
1 2 0 3 0.013193033227546828
0 3 1 2 0.013193033227546828
1 3 1 3 0.013193033227546828
0 8 10 2 -0.005105239212844929
1 8 10 3 -0.005105239212844929
0 9 11 2 -0.005105239212844929
1 9 11 3 -0.005105239212844929
0 10 8 2 -0.005105239212844929
1 10 8 3 -0.005105239212844929
0 11 9 2 -0.005105239212844929
1 11 9 3 -0.005105239212844929
0 0 4 4 0.013193033227546827
1 0 4 5 0.013193033227546827
0 1 5 4 0.013193033227546827
1 1 5 5 0.013193033227546827
0 4 0 4 0.013193033227546828
1 4 0 5 0.013193033227546828
0 5 1 4 0.013193033227546828
1 5 1 5 0.013193033227546828
0 6 10 4 -0.005105239212844929
1 6 10 5 -0.005105239212844929
0 7 11 4 -0.005105239212844929
1 7 11 5 -0.005105239212844929
0 10 6 4 -0.005105239212844929
1 10 6 5 -0.005105239212844929
0 11 7 4 -0.005105239212844929
1 11 7 5 -0.005105239212844929
0 0 6 6 0.015035639863486903
1 0 6 7 0.015035639863486903
0 1 7 6 0.015035639863486903
1 1 7 7 0.015035639863486903
0 4 10 6 -0.002798504812306807
1 4 10 7 -0.002798504812306807
0 5 11 6 -0.002798504812306807
1 5 11 7 -0.002798504812306807
0 6 0 6 0.015035639863486907
1 6 0 7 0.015035639863486907
0 7 1 6 0.015035639863486907
1 7 1 7 0.015035639863486907
0 10 4 6 -0.0027985048123068067
1 10 4 7 -0.0027985048123068067
0 11 5 6 -0.0027985048123068067
1 11 5 7 -0.0027985048123068067
0 0 8 8 0.015035639863486903
1 0 8 9 0.015035639863486903
0 1 9 8 0.015035639863486903
1 1 9 9 0.015035639863486903
0 2 10 8 -0.002798504812306807
1 2 10 9 -0.002798504812306807
0 3 11 8 -0.002798504812306807
1 3 11 9 -0.002798504812306807
0 8 0 8 0.015035639863486907
1 8 0 9 0.015035639863486907
0 9 1 8 0.015035639863486907
1 9 1 9 0.015035639863486907
0 10 2 8 -0.0027985048123068067
1 10 2 9 -0.0027985048123068067
0 11 3 8 -0.0027985048123068067
1 11 3 9 -0.0027985048123068067
0 0 10 10 0.06767251169681697
1 0 10 11 0.06767251169681697
0 1 11 10 0.06767251169681697
1 1 11 11 0.06767251169681697
0 2 8 10 -0.06630897416829408
1 2 8 11 -0.06630897416829408
0 3 9 10 -0.06630897416829408
1 3 9 11 -0.06630897416829408
0 4 6 10 -0.06630897416829408
1 4 6 11 -0.06630897416829408
0 5 7 10 -0.06630897416829408
1 5 7 11 -0.06630897416829408
0 6 4 10 -0.06630897416829405
1 6 4 11 -0.06630897416829405
0 7 5 10 -0.06630897416829405
1 7 5 11 -0.06630897416829405
0 8 2 10 -0.06630897416829405
1 8 2 11 -0.06630897416829405
0 9 3 10 -0.06630897416829405
1 9 3 11 -0.06630897416829405
0 10 0 10 0.06767251169681696
1 10 0 11 0.06767251169681696
0 11 1 10 0.06767251169681696
1 11 1 11 0.06767251169681696
2 0 2 0 0.013193033227546828
3 0 2 1 0.013193033227546828
2 1 3 0 0.013193033227546828
3 1 3 1 0.013193033227546828
2 2 0 0 0.01319303322754683
3 2 0 1 0.01319303322754683
2 3 1 0 0.01319303322754683
3 3 1 1 0.01319303322754683
2 8 10 0 -0.00510523921284493
3 8 10 1 -0.00510523921284493
2 9 11 0 -0.00510523921284493
3 9 11 1 -0.00510523921284493
2 10 8 0 -0.005105239212844929
3 10 8 1 -0.005105239212844929
2 11 9 0 -0.005105239212844929
3 11 9 1 -0.005105239212844929
2 0 0 2 0.24887042205203613
3 0 0 3 0.24887042205203613
2 1 1 2 0.24887042205203613
3 1 1 3 0.24887042205203613
2 2 2 2 0.2736319306464694
3 2 2 3 0.2736319306464694
2 3 3 2 0.2736319306464694
3 3 3 3 0.2736319306464694
2 4 4 2 0.25226213468543435
3 4 4 3 0.25226213468543435
2 5 5 2 0.25226213468543435
3 5 5 3 0.25226213468543435
2 6 6 2 0.2547155446622395
3 6 6 3 0.2547155446622395
2 7 7 2 0.2547155446622395
3 7 7 3 0.2547155446622395
2 8 8 2 0.27645677490982
3 8 8 3 0.27645677490982
2 9 9 2 0.27645677490982
3 9 9 3 0.27645677490982
2 10 10 2 0.2837320052823298
3 10 10 3 0.2837320052823298
2 11 11 2 0.2837320052823298
3 11 11 3 0.2837320052823298
2 2 4 4 0.010684898452913958
3 2 4 5 0.010684898452913958
2 3 5 4 0.010684898452913958
3 3 5 5 0.010684898452913958
2 4 2 4 0.010684898452913958
3 4 2 5 0.010684898452913958
2 5 3 4 0.010684898452913958
3 5 3 5 0.010684898452913958
2 6 8 4 0.010870614740130827
3 6 8 5 0.010870614740130827
2 7 9 4 0.010870614740130827
3 7 9 5 0.010870614740130827
2 8 6 4 0.010870614740130827
3 8 6 5 0.010870614740130827
2 9 7 4 0.010870614740130827
3 9 7 5 0.010870614740130827
2 2 6 6 0.009823029035433518
3 2 6 7 0.009823029035433518
2 3 7 6 0.009823029035433518
3 3 7 7 0.009823029035433518
2 4 8 6 0.009823029035433518
3 4 8 7 0.009823029035433518
2 5 9 6 0.009823029035433518
3 5 9 7 0.009823029035433518
2 6 2 6 0.009823029035433518
3 6 2 7 0.009823029035433518
2 7 3 6 0.009823029035433518
3 7 3 7 0.009823029035433518
2 8 4 6 0.009823029035433518
3 8 4 7 0.009823029035433518
2 9 5 6 0.009823029035433518
3 9 5 7 0.009823029035433518
2 0 10 8 -0.0663089741682941
3 0 10 9 -0.0663089741682941
2 1 11 8 -0.0663089741682941
3 1 11 9 -0.0663089741682941
2 2 8 8 0.10708611826847458
3 2 8 9 0.10708611826847458
2 3 9 8 0.10708611826847458
3 3 9 9 0.10708611826847458
2 4 6 8 0.08744005994183461
3 4 6 9 0.08744005994183461
2 5 7 8 0.08744005994183461
3 5 7 9 0.08744005994183461
2 6 4 8 0.08744005994183462
3 6 4 9 0.08744005994183462
2 7 5 8 0.08744005994183462
3 7 5 9 0.08744005994183462
2 8 2 8 0.10708611826847463
3 8 2 9 0.10708611826847463
2 9 3 8 0.10708611826847463
3 9 3 9 0.10708611826847463
2 10 0 8 -0.06630897416829412
3 10 0 9 -0.06630897416829412
2 11 1 8 -0.06630897416829412
3 11 1 9 -0.06630897416829412
2 0 8 10 -0.0027985048123068076
3 0 8 11 -0.0027985048123068076
2 1 9 10 -0.0027985048123068076
3 1 9 11 -0.0027985048123068076
2 2 10 10 0.014891607134389277
3 2 10 11 0.014891607134389277
2 3 11 10 0.014891607134389277
3 3 11 11 0.014891607134389277
2 8 0 10 -0.0027985048123068106
3 8 0 11 -0.0027985048123068106
2 9 1 10 -0.0027985048123068106
3 9 1 11 -0.0027985048123068106
2 10 2 10 0.01489160713438928
3 10 2 11 0.01489160713438928
2 11 3 10 0.01489160713438928
3 11 3 11 0.01489160713438928
4 0 4 0 0.013193033227546828
5 0 4 1 0.013193033227546828
4 1 5 0 0.013193033227546828
5 1 5 1 0.013193033227546828
4 4 0 0 0.01319303322754683
5 4 0 1 0.01319303322754683
4 5 1 0 0.01319303322754683
5 5 1 1 0.01319303322754683
4 6 10 0 -0.00510523921284493
5 6 10 1 -0.00510523921284493
4 7 11 0 -0.00510523921284493
5 7 11 1 -0.00510523921284493
4 10 6 0 -0.005105239212844929
5 10 6 1 -0.005105239212844929
4 11 7 0 -0.005105239212844929
5 11 7 1 -0.005105239212844929
4 2 4 2 0.010684898452913958
5 2 4 3 0.010684898452913958
4 3 5 2 0.010684898452913958
5 3 5 3 0.010684898452913958
4 4 2 2 0.010684898452913958
5 4 2 3 0.010684898452913958
4 5 3 2 0.010684898452913958
5 5 3 3 0.010684898452913958
4 6 8 2 0.010870614740130827
5 6 8 3 0.010870614740130827
4 7 9 2 0.010870614740130827
5 7 9 3 0.010870614740130827
4 8 6 2 0.010870614740130827
5 8 6 3 0.010870614740130827
4 9 7 2 0.010870614740130827
5 9 7 3 0.010870614740130827
4 0 0 4 0.24887042205203613
5 0 0 5 0.24887042205203613
4 1 1 4 0.24887042205203613
5 1 1 5 0.24887042205203613
4 2 2 4 0.25226213468543435
5 2 2 5 0.25226213468543435
4 3 3 4 0.25226213468543435
5 3 3 5 0.25226213468543435
4 4 4 4 0.2736319306464694
5 4 4 5 0.2736319306464694
4 5 5 4 0.2736319306464694
5 5 5 5 0.2736319306464694
4 6 6 4 0.27645677490982
5 6 6 5 0.27645677490982
4 7 7 4 0.27645677490982
5 7 7 5 0.27645677490982
4 8 8 4 0.2547155446622395
5 8 8 5 0.2547155446622395
4 9 9 4 0.2547155446622395
5 9 9 5 0.2547155446622395
4 10 10 4 0.2837320052823298
5 10 10 5 0.2837320052823298
4 11 11 4 0.2837320052823298
5 11 11 5 0.2837320052823298
4 0 10 6 -0.0663089741682941
5 0 10 7 -0.0663089741682941
4 1 11 6 -0.0663089741682941
5 1 11 7 -0.0663089741682941
4 2 8 6 0.08744005994183461
5 2 8 7 0.08744005994183461
4 3 9 6 0.08744005994183461
5 3 9 7 0.08744005994183461
4 4 6 6 0.10708611826847458
5 4 6 7 0.10708611826847458
4 5 7 6 0.10708611826847458
5 5 7 7 0.10708611826847458
4 6 4 6 0.10708611826847463
5 6 4 7 0.10708611826847463
4 7 5 6 0.10708611826847463
5 7 5 7 0.10708611826847463
4 8 2 6 0.08744005994183462
5 8 2 7 0.08744005994183462
4 9 3 6 0.08744005994183462
5 9 3 7 0.08744005994183462
4 10 0 6 -0.06630897416829412
5 10 0 7 -0.06630897416829412
4 11 1 6 -0.06630897416829412
5 11 1 7 -0.06630897416829412
4 2 6 8 0.009823029035433518
5 2 6 9 0.009823029035433518
4 3 7 8 0.009823029035433518
5 3 7 9 0.009823029035433518
4 4 8 8 0.009823029035433518
5 4 8 9 0.009823029035433518
4 5 9 8 0.009823029035433518
5 5 9 9 0.009823029035433518
4 6 2 8 0.009823029035433518
5 6 2 9 0.009823029035433518
4 7 3 8 0.009823029035433518
5 7 3 9 0.009823029035433518
4 8 4 8 0.009823029035433518
5 8 4 9 0.009823029035433518
4 9 5 8 0.009823029035433518
5 9 5 9 0.009823029035433518
4 0 6 10 -0.0027985048123068076
5 0 6 11 -0.0027985048123068076
4 1 7 10 -0.0027985048123068076
5 1 7 11 -0.0027985048123068076
4 4 10 10 0.014891607134389277
5 4 10 11 0.014891607134389277
4 5 11 10 0.014891607134389277
5 5 11 11 0.014891607134389277
4 6 0 10 -0.0027985048123068106
5 6 0 11 -0.0027985048123068106
4 7 1 10 -0.0027985048123068106
5 7 1 11 -0.0027985048123068106
4 10 4 10 0.01489160713438928
5 10 4 11 0.01489160713438928
4 11 5 10 0.01489160713438928
5 11 5 11 0.01489160713438928
6 0 6 0 0.015035639863486903
7 0 6 1 0.015035639863486903
6 1 7 0 0.015035639863486903
7 1 7 1 0.015035639863486903
6 4 10 0 -0.002798504812306807
7 4 10 1 -0.002798504812306807
6 5 11 0 -0.002798504812306807
7 5 11 1 -0.002798504812306807
6 6 0 0 0.015035639863486907
7 6 0 1 0.015035639863486907
6 7 1 0 0.015035639863486907
7 7 1 1 0.015035639863486907
6 10 4 0 -0.002798504812306807
7 10 4 1 -0.002798504812306807
6 11 5 0 -0.002798504812306807
7 11 5 1 -0.002798504812306807
6 2 6 2 0.009823029035433516
7 2 6 3 0.009823029035433516
6 3 7 2 0.009823029035433516
7 3 7 3 0.009823029035433516
6 4 8 2 0.009823029035433516
7 4 8 3 0.009823029035433516
6 5 9 2 0.009823029035433516
7 5 9 3 0.009823029035433516
6 6 2 2 0.009823029035433516
7 6 2 3 0.009823029035433516
6 7 3 2 0.009823029035433516
7 7 3 3 0.009823029035433516
6 8 4 2 0.009823029035433516
7 8 4 3 0.009823029035433516
6 9 5 2 0.009823029035433516
7 9 5 3 0.009823029035433516
6 0 10 4 -0.0663089741682941
7 0 10 5 -0.0663089741682941
6 1 11 4 -0.0663089741682941
7 1 11 5 -0.0663089741682941
6 2 8 4 0.08744005994183461
7 2 8 5 0.08744005994183461
6 3 9 4 0.08744005994183461
7 3 9 5 0.08744005994183461
6 4 6 4 0.10708611826847458
7 4 6 5 0.10708611826847458
6 5 7 4 0.10708611826847458
7 5 7 5 0.10708611826847458
6 6 4 4 0.10708611826847463
7 6 4 5 0.10708611826847463
6 7 5 4 0.10708611826847463
7 7 5 5 0.10708611826847463
6 8 2 4 0.08744005994183462
7 8 2 5 0.08744005994183462
6 9 3 4 0.08744005994183462
7 9 3 5 0.08744005994183462
6 10 0 4 -0.06630897416829412
7 10 0 5 -0.06630897416829412
6 11 1 4 -0.06630897416829412
7 11 1 5 -0.06630897416829412
6 0 0 6 0.25525670859393157
7 0 0 7 0.25525670859393157
6 1 1 6 0.25525670859393157
7 1 1 7 0.25525670859393157
6 2 2 6 0.25471554466223956
7 2 2 7 0.25471554466223956
6 3 3 6 0.25471554466223956
7 3 3 7 0.25471554466223956
6 4 4 6 0.2764567749098201
7 4 4 7 0.2764567749098201
6 5 5 6 0.2764567749098201
7 5 5 7 0.2764567749098201
6 6 6 6 0.28316349399665786
7 6 6 7 0.28316349399665786
6 7 7 6 0.28316349399665786
7 7 7 7 0.28316349399665786
6 8 8 6 0.25977423559721813
7 8 8 7 0.25977423559721813
6 9 9 6 0.25977423559721813
7 9 9 7 0.25977423559721813
6 10 10 6 0.2852125679090403
7 10 10 7 0.2852125679090403
6 11 11 6 0.2852125679090403
7 11 11 7 0.2852125679090403
6 2 4 8 0.010870614740130824
7 2 4 9 0.010870614740130824
6 3 5 8 0.010870614740130824
7 3 5 9 0.010870614740130824
6 4 2 8 0.010870614740130824
7 4 2 9 0.010870614740130824
6 5 3 8 0.010870614740130824
7 5 3 9 0.010870614740130824
6 6 8 8 0.011694628680401185
7 6 8 9 0.011694628680401185
6 7 9 8 0.011694628680401185
7 7 9 9 0.011694628680401185
6 8 6 8 0.011694628680401185
7 8 6 9 0.011694628680401185
6 9 7 8 0.011694628680401185
7 9 7 9 0.011694628680401185
6 0 4 10 -0.00510523921284493
7 0 4 11 -0.00510523921284493
6 1 5 10 -0.00510523921284493
7 1 5 11 -0.00510523921284493
6 4 0 10 -0.0051052392128449345
7 4 0 11 -0.0051052392128449345
6 5 1 10 -0.0051052392128449345
7 5 1 11 -0.0051052392128449345
6 6 10 10 0.018254688927911992
7 6 10 11 0.018254688927911992
6 7 11 10 0.018254688927911992
7 7 11 11 0.018254688927911992
6 10 6 10 0.018254688927911995
7 10 6 11 0.018254688927911995
6 11 7 10 0.018254688927911995
7 11 7 11 0.018254688927911995
8 0 8 0 0.015035639863486903
9 0 8 1 0.015035639863486903
8 1 9 0 0.015035639863486903
9 1 9 1 0.015035639863486903
8 2 10 0 -0.002798504812306807
9 2 10 1 -0.002798504812306807
8 3 11 0 -0.002798504812306807
9 3 11 1 -0.002798504812306807
8 8 0 0 0.015035639863486907
9 8 0 1 0.015035639863486907
8 9 1 0 0.015035639863486907
9 9 1 1 0.015035639863486907
8 10 2 0 -0.002798504812306807
9 10 2 1 -0.002798504812306807
8 11 3 0 -0.002798504812306807
9 11 3 1 -0.002798504812306807
8 0 10 2 -0.0663089741682941
9 0 10 3 -0.0663089741682941
8 1 11 2 -0.0663089741682941
9 1 11 3 -0.0663089741682941
8 2 8 2 0.10708611826847458
9 2 8 3 0.10708611826847458
8 3 9 2 0.10708611826847458
9 3 9 3 0.10708611826847458
8 4 6 2 0.08744005994183461
9 4 6 3 0.08744005994183461
8 5 7 2 0.08744005994183461
9 5 7 3 0.08744005994183461
8 6 4 2 0.08744005994183462
9 6 4 3 0.08744005994183462
8 7 5 2 0.08744005994183462
9 7 5 3 0.08744005994183462
8 8 2 2 0.10708611826847463
9 8 2 3 0.10708611826847463
8 9 3 2 0.10708611826847463
9 9 3 3 0.10708611826847463
8 10 0 2 -0.06630897416829412
9 10 0 3 -0.06630897416829412
8 11 1 2 -0.06630897416829412
9 11 1 3 -0.06630897416829412
8 2 6 4 0.009823029035433516
9 2 6 5 0.009823029035433516
8 3 7 4 0.009823029035433516
9 3 7 5 0.009823029035433516
8 4 8 4 0.009823029035433516
9 4 8 5 0.009823029035433516
8 5 9 4 0.009823029035433516
9 5 9 5 0.009823029035433516
8 6 2 4 0.009823029035433516
9 6 2 5 0.009823029035433516
8 7 3 4 0.009823029035433516
9 7 3 5 0.009823029035433516
8 8 4 4 0.009823029035433516
9 8 4 5 0.009823029035433516
8 9 5 4 0.009823029035433516
9 9 5 5 0.009823029035433516
8 2 4 6 0.010870614740130824
9 2 4 7 0.010870614740130824
8 3 5 6 0.010870614740130824
9 3 5 7 0.010870614740130824
8 4 2 6 0.010870614740130824
9 4 2 7 0.010870614740130824
8 5 3 6 0.010870614740130824
9 5 3 7 0.010870614740130824
8 6 8 6 0.011694628680401185
9 6 8 7 0.011694628680401185
8 7 9 6 0.011694628680401185
9 7 9 7 0.011694628680401185
8 8 6 6 0.011694628680401185
9 8 6 7 0.011694628680401185
8 9 7 6 0.011694628680401185
9 9 7 7 0.011694628680401185
8 0 0 8 0.25525670859393157
9 0 0 9 0.25525670859393157
8 1 1 8 0.25525670859393157
9 1 1 9 0.25525670859393157
8 2 2 8 0.2764567749098201
9 2 2 9 0.2764567749098201
8 3 3 8 0.2764567749098201
9 3 3 9 0.2764567749098201
8 4 4 8 0.25471554466223956
9 4 4 9 0.25471554466223956
8 5 5 8 0.25471554466223956
9 5 5 9 0.25471554466223956
8 6 6 8 0.25977423559721813
9 6 6 9 0.25977423559721813
8 7 7 8 0.25977423559721813
9 7 7 9 0.25977423559721813
8 8 8 8 0.28316349399665786
9 8 8 9 0.28316349399665786
8 9 9 8 0.28316349399665786
9 9 9 9 0.28316349399665786
8 10 10 8 0.2852125679090403
9 10 10 9 0.2852125679090403
8 11 11 8 0.2852125679090403
9 11 11 9 0.2852125679090403
8 0 2 10 -0.00510523921284493
9 0 2 11 -0.00510523921284493
8 1 3 10 -0.00510523921284493
9 1 3 11 -0.00510523921284493
8 2 0 10 -0.0051052392128449345
9 2 0 11 -0.0051052392128449345
8 3 1 10 -0.0051052392128449345
9 3 1 11 -0.0051052392128449345
8 8 10 10 0.018254688927911992
9 8 10 11 0.018254688927911992
8 9 11 10 0.018254688927911992
9 9 11 11 0.018254688927911992
8 10 8 10 0.018254688927911995
9 10 8 11 0.018254688927911995
8 11 9 10 0.018254688927911995
9 11 9 11 0.018254688927911995
10 0 10 0 0.06767251169681697
11 0 10 1 0.06767251169681697
10 1 11 0 0.06767251169681697
11 1 11 1 0.06767251169681697
10 2 8 0 -0.0663089741682941
11 2 8 1 -0.0663089741682941
10 3 9 0 -0.0663089741682941
11 3 9 1 -0.0663089741682941
10 4 6 0 -0.0663089741682941
11 4 6 1 -0.0663089741682941
10 5 7 0 -0.0663089741682941
11 5 7 1 -0.0663089741682941
10 6 4 0 -0.06630897416829407
11 6 4 1 -0.06630897416829407
10 7 5 0 -0.06630897416829407
11 7 5 1 -0.06630897416829407
10 8 2 0 -0.06630897416829407
11 8 2 1 -0.06630897416829407
10 9 3 0 -0.06630897416829407
11 9 3 1 -0.06630897416829407
10 10 0 0 0.06767251169681696
11 10 0 1 0.06767251169681696
10 11 1 0 0.06767251169681696
11 11 1 1 0.06767251169681696
10 0 8 2 -0.0027985048123068106
11 0 8 3 -0.0027985048123068106
10 1 9 2 -0.0027985048123068106
11 1 9 3 -0.0027985048123068106
10 2 10 2 0.014891607134389277
11 2 10 3 0.014891607134389277
10 3 11 2 0.014891607134389277
11 3 11 3 0.014891607134389277
10 8 0 2 -0.0027985048123068132
11 8 0 3 -0.0027985048123068132
10 9 1 2 -0.0027985048123068132
11 9 1 3 -0.0027985048123068132
10 10 2 2 0.01489160713438928
11 10 2 3 0.01489160713438928
10 11 3 2 0.01489160713438928
11 11 3 3 0.01489160713438928
10 0 6 4 -0.0027985048123068106
11 0 6 5 -0.0027985048123068106
10 1 7 4 -0.0027985048123068106
11 1 7 5 -0.0027985048123068106
10 4 10 4 0.014891607134389277
11 4 10 5 0.014891607134389277
10 5 11 4 0.014891607134389277
11 5 11 5 0.014891607134389277
10 6 0 4 -0.0027985048123068132
11 6 0 5 -0.0027985048123068132
10 7 1 4 -0.0027985048123068132
11 7 1 5 -0.0027985048123068132
10 10 4 4 0.01489160713438928
11 10 4 5 0.01489160713438928
10 11 5 4 0.01489160713438928
11 11 5 5 0.01489160713438928
10 0 4 6 -0.005105239212844934
11 0 4 7 -0.005105239212844934
10 1 5 6 -0.005105239212844934
11 1 5 7 -0.005105239212844934
10 4 0 6 -0.00510523921284493
11 4 0 7 -0.00510523921284493
10 5 1 6 -0.00510523921284493
11 5 1 7 -0.00510523921284493
10 6 10 6 0.018254688927912
11 6 10 7 0.018254688927912
10 7 11 6 0.018254688927912
11 7 11 7 0.018254688927912
10 10 6 6 0.018254688927911995
11 10 6 7 0.018254688927911995
10 11 7 6 0.018254688927911995
11 11 7 7 0.018254688927911995
10 0 2 8 -0.005105239212844934
11 0 2 9 -0.005105239212844934
10 1 3 8 -0.005105239212844934
11 1 3 9 -0.005105239212844934
10 2 0 8 -0.00510523921284493
11 2 0 9 -0.00510523921284493
10 3 1 8 -0.00510523921284493
11 3 1 9 -0.00510523921284493
10 8 10 8 0.018254688927912
11 8 10 9 0.018254688927912
10 9 11 8 0.018254688927912
11 9 11 9 0.018254688927912
10 10 8 8 0.018254688927911995
11 10 8 9 0.018254688927911995
10 11 9 8 0.018254688927911995
11 11 9 9 0.018254688927911995
10 0 0 10 0.2844432803744855
11 0 0 11 0.2844432803744855
10 1 1 10 0.2844432803744855
11 1 1 11 0.2844432803744855
10 2 2 10 0.2837320052823299
11 2 2 11 0.2837320052823299
10 3 3 10 0.2837320052823299
11 3 3 11 0.2837320052823299
10 4 4 10 0.2837320052823299
11 4 4 11 0.2837320052823299
10 5 5 10 0.2837320052823299
11 5 5 11 0.2837320052823299
10 6 6 10 0.28521256790904015
11 6 6 11 0.28521256790904015
10 7 7 10 0.28521256790904015
11 7 7 11 0.28521256790904015
10 8 8 10 0.28521256790904015
11 8 8 11 0.28521256790904015
10 9 9 10 0.28521256790904015
11 9 9 11 0.28521256790904015
10 10 10 10 0.3467263573884807
11 10 10 11 0.3467263573884807
10 11 11 10 0.3467263573884807
11 11 11 11 0.3467263573884807
