-98.90282516518982
0 0 -2.4055846560575835
1 1 -2.4055846560575835
2 2 -2.360705998375786
3 3 -2.360705998375786
4 4 -2.360705998375786
5 5 -2.360705998375786
6 6 -2.3526484482996315
7 7 -2.3526484482996315
8 8 -2.3526484482996315
9 9 -2.3526484482996315
10 10 -2.370857780021664
11 11 -2.370857780021664
0 0 0 0 0.24096194906289067
1 0 0 1 0.24096194906289067
0 1 1 0 0.24096194906289067
1 1 1 1 0.24096194906289067
0 2 2 0 0.21930968071244156
1 2 2 1 0.21930968071244156
0 3 3 0 0.21930968071244156
1 3 3 1 0.21930968071244156
0 4 4 0 0.21930968071244156
1 4 4 1 0.21930968071244156
0 5 5 0 0.21930968071244156
1 5 5 1 0.21930968071244156
0 6 6 0 0.21976539953802865
1 6 6 1 0.21976539953802865
0 7 7 0 0.21976539953802865
1 7 7 1 0.21976539953802865
0 8 8 0 0.21976539953802865
1 8 8 1 0.21976539953802865
0 9 9 0 0.21976539953802865
1 9 9 1 0.21976539953802865
0 10 10 0 0.24510475576164303
1 10 10 1 0.24510475576164303
0 11 11 0 0.24510475576164303
1 11 11 1 0.24510475576164303
0 0 2 2 0.010319092795066133
1 0 2 3 0.010319092795066133
0 1 3 2 0.010319092795066133
1 1 3 3 0.010319092795066133
0 2 0 2 0.01031909279506613
1 2 0 3 0.01031909279506613
0 3 1 2 0.01031909279506613
1 3 1 3 0.01031909279506613
0 8 10 2 -0.010256156410079311
1 8 10 3 -0.010256156410079311
0 9 11 2 -0.010256156410079311
1 9 11 3 -0.010256156410079311
0 10 8 2 -0.010256156410079313
1 10 8 3 -0.010256156410079313
0 11 9 2 -0.010256156410079313
1 11 9 3 -0.010256156410079313
0 0 4 4 0.010319092795066133
1 0 4 5 0.010319092795066133
0 1 5 4 0.010319092795066133
1 1 5 5 0.010319092795066133
0 4 0 4 0.01031909279506613
1 4 0 5 0.01031909279506613
0 5 1 4 0.01031909279506613
1 5 1 5 0.01031909279506613
0 6 10 4 -0.010256156410079311
1 6 10 5 -0.010256156410079311
0 7 11 4 -0.010256156410079311
1 7 11 5 -0.010256156410079311
0 10 6 4 -0.010256156410079313
1 10 6 5 -0.010256156410079313
0 11 7 4 -0.010256156410079313
1 11 7 5 -0.010256156410079313
0 0 6 6 0.010048540406748505
1 0 6 7 0.010048540406748505
0 1 7 6 0.010048540406748505
1 1 7 7 0.010048540406748505
0 4 10 6 -0.009930200563948619
1 4 10 7 -0.009930200563948619
0 5 11 6 -0.009930200563948619
1 5 11 7 -0.009930200563948619
0 6 0 6 0.010048540406748501
1 6 0 7 0.010048540406748501
0 7 1 6 0.010048540406748501
1 7 1 7 0.010048540406748501
0 10 4 6 -0.009930200563948617
1 10 4 7 -0.009930200563948617
0 11 5 6 -0.009930200563948617
1 11 5 7 -0.009930200563948617
0 0 8 8 0.010048540406748505
1 0 8 9 0.010048540406748505
0 1 9 8 0.010048540406748505
1 1 9 9 0.010048540406748505
0 2 10 8 -0.009930200563948619
1 2 10 9 -0.009930200563948619
0 3 11 8 -0.009930200563948619
1 3 11 9 -0.009930200563948619
0 8 0 8 0.010048540406748501
1 8 0 9 0.010048540406748501
0 9 1 8 0.010048540406748501
1 9 1 9 0.010048540406748501
0 10 2 8 -0.009930200563948617
1 10 2 9 -0.009930200563948617
0 11 3 8 -0.009930200563948617
1 11 3 9 -0.009930200563948617
0 0 10 10 0.13481803116576263
1 0 10 11 0.13481803116576263
0 1 11 10 0.13481803116576263
1 1 11 11 0.13481803116576263
0 2 8 10 -0.1178993083580448
1 2 8 11 -0.1178993083580448
0 3 9 10 -0.1178993083580448
1 3 9 11 -0.1178993083580448
0 4 6 10 -0.1178993083580448
1 4 6 11 -0.1178993083580448
0 5 7 10 -0.1178993083580448
1 5 7 11 -0.1178993083580448
0 6 4 10 -0.11789930835804482
1 6 4 11 -0.11789930835804482
0 7 5 10 -0.11789930835804482
1 7 5 11 -0.11789930835804482
0 8 2 10 -0.11789930835804482
1 8 2 11 -0.11789930835804482
0 9 3 10 -0.11789930835804482
1 9 3 11 -0.11789930835804482
0 10 0 10 0.13481803116576263
1 10 0 11 0.13481803116576263
0 11 1 10 0.13481803116576263
1 11 1 11 0.13481803116576263
2 0 2 0 0.010319092795066133
3 0 2 1 0.010319092795066133
2 1 3 0 0.010319092795066133
3 1 3 1 0.010319092795066133
2 2 0 0 0.010319092795066131
3 2 0 1 0.010319092795066131
2 3 1 0 0.010319092795066131
3 3 1 1 0.010319092795066131
2 8 10 0 -0.010256156410079311
3 8 10 1 -0.010256156410079311
2 9 11 0 -0.010256156410079311
3 9 11 1 -0.010256156410079311
2 10 8 0 -0.010256156410079313
3 10 8 1 -0.010256156410079313
2 11 9 0 -0.010256156410079313
3 11 9 1 -0.010256156410079313
2 0 0 2 0.21930968071244156
3 0 0 3 0.21930968071244156
2 1 1 2 0.21930968071244156
3 1 1 3 0.21930968071244156
2 2 2 2 0.2392649904969333
3 2 2 3 0.2392649904969333
2 3 3 2 0.2392649904969333
3 3 3 3 0.2392649904969333
2 4 4 2 0.21880062365761577
3 4 4 3 0.21880062365761577
2 5 5 2 0.21880062365761577
3 5 5 3 0.21880062365761577
2 6 6 2 0.21939785339151796
3 6 6 3 0.21939785339151796
2 7 7 2 0.21939785339151796
3 7 7 3 0.21939785339151796
2 8 8 2 0.24003862675235368
3 8 8 3 0.24003862675235368
2 9 9 2 0.24003862675235368
3 9 9 3 0.24003862675235368
2 10 10 2 0.22427036374810566
3 10 10 3 0.22427036374810566
2 11 11 2 0.22427036374810566
3 11 11 3 0.22427036374810566
2 2 4 4 0.010232182432980437
3 2 4 5 0.010232182432980437
2 3 5 4 0.010232182432980437
3 3 5 5 0.010232182432980437
2 4 2 4 0.010232182432980437
3 4 2 5 0.010232182432980437
2 5 3 4 0.010232182432980437
3 5 3 5 0.010232182432980437
2 6 8 4 0.010320386680417912
3 6 8 5 0.010320386680417912
2 7 9 4 0.010320386680417912
3 7 9 5 0.010320386680417912
2 8 6 4 0.010320386680417912
3 8 6 5 0.010320386680417912
2 9 7 4 0.010320386680417912
3 9 7 5 0.010320386680417912
2 2 6 6 0.010239224006368366
3 2 6 7 0.010239224006368366
2 3 7 6 0.010239224006368366
3 3 7 7 0.010239224006368366
2 4 8 6 0.010239224006368366
3 4 8 7 0.010239224006368366
2 5 9 6 0.010239224006368366
3 5 9 7 0.010239224006368366
2 6 2 6 0.010239224006368366
3 6 2 7 0.010239224006368366
2 7 3 6 0.010239224006368366
3 7 3 7 0.010239224006368366
2 8 4 6 0.010239224006368366
3 8 4 7 0.010239224006368366
2 9 5 6 0.010239224006368366
3 9 5 7 0.010239224006368366
2 0 10 8 -0.1178993083580448
3 0 10 9 -0.1178993083580448
2 1 11 8 -0.1178993083580448
3 1 11 9 -0.1178993083580448
2 2 8 8 0.14136984924134596
3 2 8 9 0.14136984924134596
2 3 9 8 0.14136984924134596
3 3 9 9 0.14136984924134596
2 4 6 8 0.12089140122860925
3 4 6 9 0.12089140122860925
2 5 7 8 0.12089140122860925
3 5 7 9 0.12089140122860925
2 6 4 8 0.12089140122860925
3 6 4 9 0.12089140122860925
2 7 5 8 0.12089140122860925
3 7 5 9 0.12089140122860925
2 8 2 8 0.14136984924134596
3 8 2 9 0.14136984924134596
2 9 3 8 0.14136984924134596
3 9 3 9 0.14136984924134596
2 10 0 8 -0.11789930835804482
3 10 0 9 -0.11789930835804482
2 11 1 8 -0.11789930835804482
3 11 1 9 -0.11789930835804482
2 0 8 10 -0.009930200563948619
3 0 8 11 -0.009930200563948619
2 1 9 10 -0.009930200563948619
3 1 9 11 -0.009930200563948619
2 2 10 10 0.010544970296982729
3 2 10 11 0.010544970296982729
2 3 11 10 0.010544970296982729
3 3 11 11 0.010544970296982729
2 8 0 10 -0.009930200563948617
3 8 0 11 -0.009930200563948617
2 9 1 10 -0.009930200563948617
3 9 1 11 -0.009930200563948617
2 10 2 10 0.010544970296982729
3 10 2 11 0.010544970296982729
2 11 3 10 0.010544970296982729
3 11 3 11 0.010544970296982729
4 0 4 0 0.010319092795066133
5 0 4 1 0.010319092795066133
4 1 5 0 0.010319092795066133
5 1 5 1 0.010319092795066133
4 4 0 0 0.010319092795066131
5 4 0 1 0.010319092795066131
4 5 1 0 0.010319092795066131
5 5 1 1 0.010319092795066131
4 6 10 0 -0.010256156410079311
5 6 10 1 -0.010256156410079311
4 7 11 0 -0.010256156410079311
5 7 11 1 -0.010256156410079311
4 10 6 0 -0.010256156410079313
5 10 6 1 -0.010256156410079313
4 11 7 0 -0.010256156410079313
5 11 7 1 -0.010256156410079313
4 2 4 2 0.010232182432980437
5 2 4 3 0.010232182432980437
4 3 5 2 0.010232182432980437
5 3 5 3 0.010232182432980437
4 4 2 2 0.010232182432980437
5 4 2 3 0.010232182432980437
4 5 3 2 0.010232182432980437
5 5 3 3 0.010232182432980437
4 6 8 2 0.010320386680417912
5 6 8 3 0.010320386680417912
4 7 9 2 0.010320386680417912
5 7 9 3 0.010320386680417912
4 8 6 2 0.010320386680417912
5 8 6 3 0.010320386680417912
4 9 7 2 0.010320386680417912
5 9 7 3 0.010320386680417912
4 0 0 4 0.21930968071244156
5 0 0 5 0.21930968071244156
4 1 1 4 0.21930968071244156
5 1 1 5 0.21930968071244156
4 2 2 4 0.21880062365761577
5 2 2 5 0.21880062365761577
4 3 3 4 0.21880062365761577
5 3 3 5 0.21880062365761577
4 4 4 4 0.2392649904969333
5 4 4 5 0.2392649904969333
4 5 5 4 0.2392649904969333
5 5 5 5 0.2392649904969333
4 6 6 4 0.24003862675235368
5 6 6 5 0.24003862675235368
4 7 7 4 0.24003862675235368
5 7 7 5 0.24003862675235368
4 8 8 4 0.21939785339151796
5 8 8 5 0.21939785339151796
4 9 9 4 0.21939785339151796
5 9 9 5 0.21939785339151796
4 10 10 4 0.22427036374810566
5 10 10 5 0.22427036374810566
4 11 11 4 0.22427036374810566
5 11 11 5 0.22427036374810566
4 0 10 6 -0.1178993083580448
5 0 10 7 -0.1178993083580448
4 1 11 6 -0.1178993083580448
5 1 11 7 -0.1178993083580448
4 2 8 6 0.12089140122860925
5 2 8 7 0.12089140122860925
4 3 9 6 0.12089140122860925
5 3 9 7 0.12089140122860925
4 4 6 6 0.14136984924134596
5 4 6 7 0.14136984924134596
4 5 7 6 0.14136984924134596
5 5 7 7 0.14136984924134596
4 6 4 6 0.14136984924134596
5 6 4 7 0.14136984924134596
4 7 5 6 0.14136984924134596
5 7 5 7 0.14136984924134596
4 8 2 6 0.12089140122860925
5 8 2 7 0.12089140122860925
4 9 3 6 0.12089140122860925
5 9 3 7 0.12089140122860925
4 10 0 6 -0.11789930835804482
5 10 0 7 -0.11789930835804482
4 11 1 6 -0.11789930835804482
5 11 1 7 -0.11789930835804482
4 2 6 8 0.010239224006368366
5 2 6 9 0.010239224006368366
4 3 7 8 0.010239224006368366
5 3 7 9 0.010239224006368366
4 4 8 8 0.010239224006368366
5 4 8 9 0.010239224006368366
4 5 9 8 0.010239224006368366
5 5 9 9 0.010239224006368366
4 6 2 8 0.010239224006368366
5 6 2 9 0.010239224006368366
4 7 3 8 0.010239224006368366
5 7 3 9 0.010239224006368366
4 8 4 8 0.010239224006368366
5 8 4 9 0.010239224006368366
4 9 5 8 0.010239224006368366
5 9 5 9 0.010239224006368366
4 0 6 10 -0.009930200563948619
5 0 6 11 -0.009930200563948619
4 1 7 10 -0.009930200563948619
5 1 7 11 -0.009930200563948619
4 4 10 10 0.010544970296982729
5 4 10 11 0.010544970296982729
4 5 11 10 0.010544970296982729
5 5 11 11 0.010544970296982729
4 6 0 10 -0.009930200563948617
5 6 0 11 -0.009930200563948617
4 7 1 10 -0.009930200563948617
5 7 1 11 -0.009930200563948617
4 10 4 10 0.010544970296982729
5 10 4 11 0.010544970296982729
4 11 5 10 0.010544970296982729
5 11 5 11 0.010544970296982729
6 0 6 0 0.010048540406748503
7 0 6 1 0.010048540406748503
6 1 7 0 0.010048540406748503
7 1 7 1 0.010048540406748503
6 4 10 0 -0.009930200563948617
7 4 10 1 -0.009930200563948617
6 5 11 0 -0.009930200563948617
7 5 11 1 -0.009930200563948617
6 6 0 0 0.010048540406748501
7 6 0 1 0.010048540406748501
6 7 1 0 0.010048540406748501
7 7 1 1 0.010048540406748501
6 10 4 0 -0.009930200563948617
7 10 4 1 -0.009930200563948617
6 11 5 0 -0.009930200563948617
7 11 5 1 -0.009930200563948617
6 2 6 2 0.010239224006368366
7 2 6 3 0.010239224006368366
6 3 7 2 0.010239224006368366
7 3 7 3 0.010239224006368366
6 4 8 2 0.010239224006368366
7 4 8 3 0.010239224006368366
6 5 9 2 0.010239224006368366
7 5 9 3 0.010239224006368366
6 6 2 2 0.010239224006368366
7 6 2 3 0.010239224006368366
6 7 3 2 0.010239224006368366
7 7 3 3 0.010239224006368366
6 8 4 2 0.010239224006368366
7 8 4 3 0.010239224006368366
6 9 5 2 0.010239224006368366
7 9 5 3 0.010239224006368366
6 0 10 4 -0.1178993083580448
7 0 10 5 -0.1178993083580448
6 1 11 4 -0.1178993083580448
7 1 11 5 -0.1178993083580448
6 2 8 4 0.12089140122860924
7 2 8 5 0.12089140122860924
6 3 9 4 0.12089140122860924
7 3 9 5 0.12089140122860924
6 4 6 4 0.14136984924134596
7 4 6 5 0.14136984924134596
6 5 7 4 0.14136984924134596
7 5 7 5 0.14136984924134596
6 6 4 4 0.141369849241346
7 6 4 5 0.141369849241346
6 7 5 4 0.141369849241346
7 7 5 5 0.141369849241346
6 8 2 4 0.12089140122860924
7 8 2 5 0.12089140122860924
6 9 3 4 0.12089140122860924
7 9 3 5 0.12089140122860924
6 10 0 4 -0.11789930835804482
7 10 0 5 -0.11789930835804482
6 11 1 4 -0.11789930835804482
7 11 1 5 -0.11789930835804482
6 0 0 6 0.21976539953802868
7 0 0 7 0.21976539953802868
6 1 1 6 0.21976539953802868
7 1 1 7 0.21976539953802868
6 2 2 6 0.2193978533915179
7 2 2 7 0.2193978533915179
6 3 3 6 0.2193978533915179
7 3 3 7 0.2193978533915179
6 4 4 6 0.24003862675235374
7 4 4 7 0.24003862675235374
6 5 5 6 0.24003862675235374
7 5 5 7 0.24003862675235374
6 6 6 6 0.24083415915304812
7 6 6 7 0.24083415915304812
6 7 7 6 0.24083415915304812
7 7 7 7 0.24083415915304812
6 8 8 6 0.22001125844831376
7 8 8 7 0.22001125844831376
6 9 9 6 0.22001125844831376
7 9 9 7 0.22001125844831376
6 10 10 6 0.224734441271937
7 10 10 7 0.224734441271937
6 11 11 6 0.224734441271937
7 11 11 7 0.224734441271937
6 2 4 8 0.01032038668041791
7 2 4 9 0.01032038668041791
6 3 5 8 0.01032038668041791
7 3 5 9 0.01032038668041791
6 4 2 8 0.01032038668041791
7 4 2 9 0.01032038668041791
6 5 3 8 0.01032038668041791
7 5 3 9 0.01032038668041791
6 6 8 8 0.010411450352367199
7 6 8 9 0.010411450352367199
6 7 9 8 0.010411450352367199
7 7 9 9 0.010411450352367199
6 8 6 8 0.010411450352367199
7 8 6 9 0.010411450352367199
6 9 7 8 0.010411450352367199
7 9 7 9 0.010411450352367199
6 0 4 10 -0.010256156410079313
7 0 4 11 -0.010256156410079313
6 1 5 10 -0.010256156410079313
7 1 5 11 -0.010256156410079313
6 4 0 10 -0.010256156410079311
7 4 0 11 -0.010256156410079311
6 5 1 10 -0.010256156410079311
7 5 1 11 -0.010256156410079311
6 6 10 10 0.010890934174786426
7 6 10 11 0.010890934174786426
6 7 11 10 0.010890934174786426
7 7 11 11 0.010890934174786426
6 10 6 10 0.010890934174786426
7 10 6 11 0.010890934174786426
6 11 7 10 0.010890934174786426
7 11 7 11 0.010890934174786426
8 0 8 0 0.010048540406748503
9 0 8 1 0.010048540406748503
8 1 9 0 0.010048540406748503
9 1 9 1 0.010048540406748503
8 2 10 0 -0.009930200563948617
9 2 10 1 -0.009930200563948617
8 3 11 0 -0.009930200563948617
9 3 11 1 -0.009930200563948617
8 8 0 0 0.010048540406748501
9 8 0 1 0.010048540406748501
8 9 1 0 0.010048540406748501
9 9 1 1 0.010048540406748501
8 10 2 0 -0.009930200563948617
9 10 2 1 -0.009930200563948617
8 11 3 0 -0.009930200563948617
9 11 3 1 -0.009930200563948617
8 0 10 2 -0.1178993083580448
9 0 10 3 -0.1178993083580448
8 1 11 2 -0.1178993083580448
9 1 11 3 -0.1178993083580448
8 2 8 2 0.14136984924134596
9 2 8 3 0.14136984924134596
8 3 9 2 0.14136984924134596
9 3 9 3 0.14136984924134596
8 4 6 2 0.12089140122860924
9 4 6 3 0.12089140122860924
8 5 7 2 0.12089140122860924
9 5 7 3 0.12089140122860924
8 6 4 2 0.12089140122860924
9 6 4 3 0.12089140122860924
8 7 5 2 0.12089140122860924
9 7 5 3 0.12089140122860924
8 8 2 2 0.141369849241346
9 8 2 3 0.141369849241346
8 9 3 2 0.141369849241346
9 9 3 3 0.141369849241346
8 10 0 2 -0.11789930835804482
9 10 0 3 -0.11789930835804482
8 11 1 2 -0.11789930835804482
9 11 1 3 -0.11789930835804482
8 2 6 4 0.010239224006368366
9 2 6 5 0.010239224006368366
8 3 7 4 0.010239224006368366
9 3 7 5 0.010239224006368366
8 4 8 4 0.010239224006368366
9 4 8 5 0.010239224006368366
8 5 9 4 0.010239224006368366
9 5 9 5 0.010239224006368366
8 6 2 4 0.010239224006368366
9 6 2 5 0.010239224006368366
8 7 3 4 0.010239224006368366
9 7 3 5 0.010239224006368366
8 8 4 4 0.010239224006368366
9 8 4 5 0.010239224006368366
8 9 5 4 0.010239224006368366
9 9 5 5 0.010239224006368366
8 2 4 6 0.01032038668041791
9 2 4 7 0.01032038668041791
8 3 5 6 0.01032038668041791
9 3 5 7 0.01032038668041791
8 4 2 6 0.01032038668041791
9 4 2 7 0.01032038668041791
8 5 3 6 0.01032038668041791
9 5 3 7 0.01032038668041791
8 6 8 6 0.010411450352367199
9 6 8 7 0.010411450352367199
8 7 9 6 0.010411450352367199
9 7 9 7 0.010411450352367199
8 8 6 6 0.010411450352367199
9 8 6 7 0.010411450352367199
8 9 7 6 0.010411450352367199
9 9 7 7 0.010411450352367199
8 0 0 8 0.21976539953802868
9 0 0 9 0.21976539953802868
8 1 1 8 0.21976539953802868
9 1 1 9 0.21976539953802868
8 2 2 8 0.24003862675235374
9 2 2 9 0.24003862675235374
8 3 3 8 0.24003862675235374
9 3 3 9 0.24003862675235374
8 4 4 8 0.2193978533915179
9 4 4 9 0.2193978533915179
8 5 5 8 0.2193978533915179
9 5 5 9 0.2193978533915179
8 6 6 8 0.22001125844831376
9 6 6 9 0.22001125844831376
8 7 7 8 0.22001125844831376
9 7 7 9 0.22001125844831376
8 8 8 8 0.24083415915304812
9 8 8 9 0.24083415915304812
8 9 9 8 0.24083415915304812
9 9 9 9 0.24083415915304812
8 10 10 8 0.224734441271937
9 10 10 9 0.224734441271937
8 11 11 8 0.224734441271937
9 11 11 9 0.224734441271937
8 0 2 10 -0.010256156410079313
9 0 2 11 -0.010256156410079313
8 1 3 10 -0.010256156410079313
9 1 3 11 -0.010256156410079313
8 2 0 10 -0.010256156410079311
9 2 0 11 -0.010256156410079311
8 3 1 10 -0.010256156410079311
9 3 1 11 -0.010256156410079311
8 8 10 10 0.010890934174786426
9 8 10 11 0.010890934174786426
8 9 11 10 0.010890934174786426
9 9 11 11 0.010890934174786426
8 10 8 10 0.010890934174786426
9 10 8 11 0.010890934174786426
8 11 9 10 0.010890934174786426
9 11 9 11 0.010890934174786426
10 0 10 0 0.13481803116576263
11 0 10 1 0.13481803116576263
10 1 11 0 0.13481803116576263
11 1 11 1 0.13481803116576263
10 2 8 0 -0.1178993083580448
11 2 8 1 -0.1178993083580448
10 3 9 0 -0.1178993083580448
11 3 9 1 -0.1178993083580448
10 4 6 0 -0.1178993083580448
11 4 6 1 -0.1178993083580448
10 5 7 0 -0.1178993083580448
11 5 7 1 -0.1178993083580448
10 6 4 0 -0.11789930835804484
11 6 4 1 -0.11789930835804484
10 7 5 0 -0.11789930835804484
11 7 5 1 -0.11789930835804484
10 8 2 0 -0.11789930835804484
11 8 2 1 -0.11789930835804484
10 9 3 0 -0.11789930835804484
11 9 3 1 -0.11789930835804484
10 10 0 0 0.13481803116576263
11 10 0 1 0.13481803116576263
10 11 1 0 0.13481803116576263
11 11 1 1 0.13481803116576263
10 0 8 2 -0.00993020056394862
11 0 8 3 -0.00993020056394862
10 1 9 2 -0.00993020056394862
11 1 9 3 -0.00993020056394862
10 2 10 2 0.010544970296982727
11 2 10 3 0.010544970296982727
10 3 11 2 0.010544970296982727
11 3 11 3 0.010544970296982727
10 8 0 2 -0.009930200563948617
11 8 0 3 -0.009930200563948617
10 9 1 2 -0.009930200563948617
11 9 1 3 -0.009930200563948617
10 10 2 2 0.010544970296982727
11 10 2 3 0.010544970296982727
10 11 3 2 0.010544970296982727
11 11 3 3 0.010544970296982727
10 0 6 4 -0.00993020056394862
11 0 6 5 -0.00993020056394862
10 1 7 4 -0.00993020056394862
11 1 7 5 -0.00993020056394862
10 4 10 4 0.010544970296982727
11 4 10 5 0.010544970296982727
10 5 11 4 0.010544970296982727
11 5 11 5 0.010544970296982727
10 6 0 4 -0.009930200563948617
11 6 0 5 -0.009930200563948617
10 7 1 4 -0.009930200563948617
11 7 1 5 -0.009930200563948617
10 10 4 4 0.010544970296982727
11 10 4 5 0.010544970296982727
10 11 5 4 0.010544970296982727
11 11 5 5 0.010544970296982727
10 0 4 6 -0.010256156410079311
11 0 4 7 -0.010256156410079311
10 1 5 6 -0.010256156410079311
11 1 5 7 -0.010256156410079311
10 4 0 6 -0.01025615641007931
11 4 0 7 -0.01025615641007931
10 5 1 6 -0.01025615641007931
11 5 1 7 -0.01025615641007931
10 6 10 6 0.010890934174786426
11 6 10 7 0.010890934174786426
10 7 11 6 0.010890934174786426
11 7 11 7 0.010890934174786426
10 10 6 6 0.010890934174786426
11 10 6 7 0.010890934174786426
10 11 7 6 0.010890934174786426
11 11 7 7 0.010890934174786426
10 0 2 8 -0.010256156410079311
11 0 2 9 -0.010256156410079311
10 1 3 8 -0.010256156410079311
11 1 3 9 -0.010256156410079311
10 2 0 8 -0.01025615641007931
11 2 0 9 -0.01025615641007931
10 3 1 8 -0.01025615641007931
11 3 1 9 -0.01025615641007931
10 8 10 8 0.010890934174786426
11 8 10 9 0.010890934174786426
10 9 11 8 0.010890934174786426
11 9 11 9 0.010890934174786426
10 10 8 8 0.010890934174786426
11 10 8 9 0.010890934174786426
10 11 9 8 0.010890934174786426
11 11 9 9 0.010890934174786426
10 0 0 10 0.245104755761643
11 0 0 11 0.245104755761643
10 1 1 10 0.245104755761643
11 1 1 11 0.245104755761643
10 2 2 10 0.22427036374810566
11 2 2 11 0.22427036374810566
10 3 3 10 0.22427036374810566
11 3 3 11 0.22427036374810566
10 4 4 10 0.22427036374810566
11 4 4 11 0.22427036374810566
10 5 5 10 0.22427036374810566
11 5 5 11 0.22427036374810566
10 6 6 10 0.224734441271937
11 6 6 11 0.224734441271937
10 7 7 10 0.224734441271937
11 7 7 11 0.224734441271937
10 8 8 10 0.224734441271937
11 8 8 11 0.224734441271937
10 9 9 10 0.224734441271937
11 9 9 11 0.224734441271937
10 10 10 10 0.2515443801762288
11 10 10 11 0.2515443801762288
10 11 11 10 0.2515443801762288
11 11 11 11 0.2515443801762288
