-98.07261130783894
0 0 -2.740645986688439
1 1 -2.740645986688439
2 2 -2.642457026153565
3 3 -2.642457026153565
4 4 -2.642457026153565
5 5 -2.642457026153565
6 6 -2.569015727129443
7 7 -2.569015727129443
8 8 -2.569015727129443
9 9 -2.569015727129443
10 10 -2.5696490274169124
11 11 -2.5696490274169124
0 0 0 0 0.26245409375747886
1 0 0 1 0.26245409375747886
0 1 1 0 0.26245409375747886
1 1 1 1 0.26245409375747886
0 2 2 0 0.23725249645860835
1 2 2 1 0.23725249645860835
0 3 3 0 0.23725249645860835
1 3 3 1 0.23725249645860835
0 4 4 0 0.23725249645860835
1 4 4 1 0.23725249645860835
0 5 5 0 0.23725249645860835
1 5 5 1 0.23725249645860835
0 6 6 0 0.23977706148398872
1 6 6 1 0.23977706148398872
0 7 7 0 0.23977706148398872
1 7 7 1 0.23977706148398872
0 8 8 0 0.23977706148398872
1 8 8 1 0.23977706148398872
0 9 9 0 0.23977706148398872
1 9 9 1 0.23977706148398872
0 10 10 0 0.2699805789872711
1 10 10 1 0.2699805789872711
0 11 11 0 0.2699805789872711
1 11 11 1 0.2699805789872711
0 0 2 2 0.01171801595130097
1 0 2 3 0.01171801595130097
0 1 3 2 0.01171801595130097
1 1 3 3 0.01171801595130097
0 2 0 2 0.011718015951300969
1 2 0 3 0.011718015951300969
0 3 1 2 0.011718015951300969
1 3 1 3 0.011718015951300969
0 8 10 2 -0.008762306987353533
1 8 10 3 -0.008762306987353533
0 9 11 2 -0.008762306987353533
1 9 11 3 -0.008762306987353533
0 10 8 2 -0.008762306987353533
1 10 8 3 -0.008762306987353533
0 11 9 2 -0.008762306987353533
1 11 9 3 -0.008762306987353533
0 0 4 4 0.01171801595130097
1 0 4 5 0.01171801595130097
0 1 5 4 0.01171801595130097
1 1 5 5 0.01171801595130097
0 4 0 4 0.011718015951300969
1 4 0 5 0.011718015951300969
0 5 1 4 0.011718015951300969
1 5 1 5 0.011718015951300969
0 6 10 4 -0.008762306987353533
1 6 10 5 -0.008762306987353533
0 7 11 4 -0.008762306987353533
1 7 11 5 -0.008762306987353533
0 10 6 4 -0.008762306987353533
1 10 6 5 -0.008762306987353533
0 11 7 4 -0.008762306987353533
1 11 7 5 -0.008762306987353533
0 0 6 6 0.01153646439171612
1 0 6 7 0.01153646439171612
0 1 7 6 0.01153646439171612
1 1 7 7 0.01153646439171612
0 4 10 6 -0.00734896486421494
1 4 10 7 -0.00734896486421494
0 5 11 6 -0.00734896486421494
1 5 11 7 -0.00734896486421494
0 6 0 6 0.01153646439171612
1 6 0 7 0.01153646439171612
0 7 1 6 0.01153646439171612
1 7 1 7 0.01153646439171612
0 10 4 6 -0.007348964864214942
1 10 4 7 -0.007348964864214942
0 11 5 6 -0.007348964864214942
1 11 5 7 -0.007348964864214942
0 0 8 8 0.01153646439171612
1 0 8 9 0.01153646439171612
0 1 9 8 0.01153646439171612
1 1 9 9 0.01153646439171612
0 2 10 8 -0.00734896486421494
1 2 10 9 -0.00734896486421494
0 3 11 8 -0.00734896486421494
1 3 11 9 -0.00734896486421494
0 8 0 8 0.01153646439171612
1 8 0 9 0.01153646439171612
0 9 1 8 0.01153646439171612
1 9 1 9 0.01153646439171612
0 10 2 8 -0.007348964864214942
1 10 2 9 -0.007348964864214942
0 11 3 8 -0.007348964864214942
1 11 3 9 -0.007348964864214942
0 0 10 10 0.09948018258684214
1 0 10 11 0.09948018258684214
0 1 11 10 0.09948018258684214
1 1 11 11 0.09948018258684214
0 2 8 10 -0.09087846985239048
1 2 8 11 -0.09087846985239048
0 3 9 10 -0.09087846985239048
1 3 9 11 -0.09087846985239048
0 4 6 10 -0.09087846985239048
1 4 6 11 -0.09087846985239048
0 5 7 10 -0.09087846985239048
1 5 7 11 -0.09087846985239048
0 6 4 10 -0.09087846985239048
1 6 4 11 -0.09087846985239048
0 7 5 10 -0.09087846985239048
1 7 5 11 -0.09087846985239048
0 8 2 10 -0.09087846985239048
1 8 2 11 -0.09087846985239048
0 9 3 10 -0.09087846985239048
1 9 3 11 -0.09087846985239048
0 10 0 10 0.09948018258684216
1 10 0 11 0.09948018258684216
0 11 1 10 0.09948018258684216
1 11 1 11 0.09948018258684216
2 0 2 0 0.011718015951300969
3 0 2 1 0.011718015951300969
2 1 3 0 0.011718015951300969
3 1 3 1 0.011718015951300969
2 2 0 0 0.011718015951300967
3 2 0 1 0.011718015951300967
2 3 1 0 0.011718015951300967
3 3 1 1 0.011718015951300967
2 8 10 0 -0.008762306987353533
3 8 10 1 -0.008762306987353533
2 9 11 0 -0.008762306987353533
3 9 11 1 -0.008762306987353533
2 10 8 0 -0.008762306987353533
3 10 8 1 -0.008762306987353533
2 11 9 0 -0.008762306987353533
3 11 9 1 -0.008762306987353533
2 0 0 2 0.23725249645860835
3 0 0 3 0.23725249645860835
2 1 1 2 0.23725249645860835
3 1 1 3 0.23725249645860835
2 2 2 2 0.25688980111376136
3 2 2 3 0.25688980111376136
2 3 3 2 0.25688980111376136
3 3 3 3 0.25688980111376136
2 4 4 2 0.2365421471695433
3 4 4 3 0.2365421471695433
2 5 5 2 0.2365421471695433
3 5 5 3 0.2365421471695433
2 6 6 2 0.238861767459575
3 6 6 3 0.238861767459575
2 7 7 2 0.238861767459575
3 7 7 3 0.238861767459575
2 8 8 2 0.25987675549471717
3 8 8 3 0.25987675549471717
2 9 9 2 0.25987675549471717
3 9 9 3 0.25987675549471717
2 10 10 2 0.2552226988506879
3 10 10 3 0.2552226988506879
2 11 11 2 0.2552226988506879
3 11 11 3 0.2552226988506879
2 2 4 4 0.01017382763983999
3 2 4 5 0.01017382763983999
2 3 5 4 0.01017382763983999
3 3 5 5 0.01017382763983999
2 4 2 4 0.01017382763983999
3 4 2 5 0.01017382763983999
2 5 3 4 0.01017382763983999
3 5 3 5 0.01017382763983999
2 6 8 4 0.010507493766673438
3 6 8 5 0.010507493766673438
2 7 9 4 0.010507493766673438
3 7 9 5 0.010507493766673438
2 8 6 4 0.010507493766673438
3 8 6 5 0.010507493766673438
2 9 7 4 0.010507493766673438
3 9 7 5 0.010507493766673438
2 2 6 6 0.010077352314549225
3 2 6 7 0.010077352314549225
2 3 7 6 0.010077352314549225
3 3 7 7 0.010077352314549225
2 4 8 6 0.010077352314549225
3 4 8 7 0.010077352314549225
2 5 9 6 0.010077352314549225
3 5 9 7 0.010077352314549225
2 6 2 6 0.010077352314549225
3 6 2 7 0.010077352314549225
2 7 3 6 0.010077352314549225
3 7 3 7 0.010077352314549225
2 8 4 6 0.010077352314549225
3 8 4 7 0.010077352314549225
2 9 5 6 0.010077352314549225
3 9 5 7 0.010077352314549225
2 0 10 8 -0.09087846985239045
3 0 10 9 -0.09087846985239045
2 1 11 8 -0.09087846985239045
3 1 11 9 -0.09087846985239045
2 2 8 8 0.12193816485879362
3 2 8 9 0.12193816485879362
2 3 9 8 0.12193816485879362
3 3 9 9 0.12193816485879362
2 4 6 8 0.10178345972789987
3 4 6 9 0.10178345972789987
2 5 7 8 0.10178345972789987
3 5 7 9 0.10178345972789987
2 6 4 8 0.10178345972789987
3 6 4 9 0.10178345972789987
2 7 5 8 0.10178345972789987
3 7 5 9 0.10178345972789987
2 8 2 8 0.12193816485879361
3 8 2 9 0.12193816485879361
2 9 3 8 0.12193816485879361
3 9 3 9 0.12193816485879361
2 10 0 8 -0.09087846985239047
3 10 0 9 -0.09087846985239047
2 11 1 8 -0.09087846985239047
3 11 1 9 -0.09087846985239047
2 0 8 10 -0.007348964864214942
3 0 8 11 -0.007348964864214942
2 1 9 10 -0.007348964864214942
3 1 9 11 -0.007348964864214942
2 2 10 10 0.0122026907553616
3 2 10 11 0.0122026907553616
2 3 11 10 0.0122026907553616
3 3 11 11 0.0122026907553616
2 8 0 10 -0.007348964864214944
3 8 0 11 -0.007348964864214944
2 9 1 10 -0.007348964864214944
3 9 1 11 -0.007348964864214944
2 10 2 10 0.012202690755361602
3 10 2 11 0.012202690755361602
2 11 3 10 0.012202690755361602
3 11 3 11 0.012202690755361602
4 0 4 0 0.011718015951300969
5 0 4 1 0.011718015951300969
4 1 5 0 0.011718015951300969
5 1 5 1 0.011718015951300969
4 4 0 0 0.011718015951300967
5 4 0 1 0.011718015951300967
4 5 1 0 0.011718015951300967
5 5 1 1 0.011718015951300967
4 6 10 0 -0.008762306987353533
5 6 10 1 -0.008762306987353533
4 7 11 0 -0.008762306987353533
5 7 11 1 -0.008762306987353533
4 10 6 0 -0.008762306987353533
5 10 6 1 -0.008762306987353533
4 11 7 0 -0.008762306987353533
5 11 7 1 -0.008762306987353533
4 2 4 2 0.01017382763983999
5 2 4 3 0.01017382763983999
4 3 5 2 0.01017382763983999
5 3 5 3 0.01017382763983999
4 4 2 2 0.01017382763983999
5 4 2 3 0.01017382763983999
4 5 3 2 0.01017382763983999
5 5 3 3 0.01017382763983999
4 6 8 2 0.010507493766673438
5 6 8 3 0.010507493766673438
4 7 9 2 0.010507493766673438
5 7 9 3 0.010507493766673438
4 8 6 2 0.010507493766673438
5 8 6 3 0.010507493766673438
4 9 7 2 0.010507493766673438
5 9 7 3 0.010507493766673438
4 0 0 4 0.23725249645860835
5 0 0 5 0.23725249645860835
4 1 1 4 0.23725249645860835
5 1 1 5 0.23725249645860835
4 2 2 4 0.2365421471695433
5 2 2 5 0.2365421471695433
4 3 3 4 0.2365421471695433
5 3 3 5 0.2365421471695433
4 4 4 4 0.25688980111376136
5 4 4 5 0.25688980111376136
4 5 5 4 0.25688980111376136
5 5 5 5 0.25688980111376136
4 6 6 4 0.25987675549471717
5 6 6 5 0.25987675549471717
4 7 7 4 0.25987675549471717
5 7 7 5 0.25987675549471717
4 8 8 4 0.238861767459575
5 8 8 5 0.238861767459575
4 9 9 4 0.238861767459575
5 9 9 5 0.238861767459575
4 10 10 4 0.2552226988506879
5 10 10 5 0.2552226988506879
4 11 11 4 0.2552226988506879
5 11 11 5 0.2552226988506879
4 0 10 6 -0.09087846985239045
5 0 10 7 -0.09087846985239045
4 1 11 6 -0.09087846985239045
5 1 11 7 -0.09087846985239045
4 2 8 6 0.10178345972789987
5 2 8 7 0.10178345972789987
4 3 9 6 0.10178345972789987
5 3 9 7 0.10178345972789987
4 4 6 6 0.12193816485879362
5 4 6 7 0.12193816485879362
4 5 7 6 0.12193816485879362
5 5 7 7 0.12193816485879362
4 6 4 6 0.12193816485879361
5 6 4 7 0.12193816485879361
4 7 5 6 0.12193816485879361
5 7 5 7 0.12193816485879361
4 8 2 6 0.10178345972789987
5 8 2 7 0.10178345972789987
4 9 3 6 0.10178345972789987
5 9 3 7 0.10178345972789987
4 10 0 6 -0.09087846985239047
5 10 0 7 -0.09087846985239047
4 11 1 6 -0.09087846985239047
5 11 1 7 -0.09087846985239047
4 2 6 8 0.010077352314549225
5 2 6 9 0.010077352314549225
4 3 7 8 0.010077352314549225
5 3 7 9 0.010077352314549225
4 4 8 8 0.010077352314549225
5 4 8 9 0.010077352314549225
4 5 9 8 0.010077352314549225
5 5 9 9 0.010077352314549225
4 6 2 8 0.010077352314549225
5 6 2 9 0.010077352314549225
4 7 3 8 0.010077352314549225
5 7 3 9 0.010077352314549225
4 8 4 8 0.010077352314549225
5 8 4 9 0.010077352314549225
4 9 5 8 0.010077352314549225
5 9 5 9 0.010077352314549225
4 0 6 10 -0.007348964864214942
5 0 6 11 -0.007348964864214942
4 1 7 10 -0.007348964864214942
5 1 7 11 -0.007348964864214942
4 4 10 10 0.0122026907553616
5 4 10 11 0.0122026907553616
4 5 11 10 0.0122026907553616
5 5 11 11 0.0122026907553616
4 6 0 10 -0.007348964864214944
5 6 0 11 -0.007348964864214944
4 7 1 10 -0.007348964864214944
5 7 1 11 -0.007348964864214944
4 10 4 10 0.012202690755361602
5 10 4 11 0.012202690755361602
4 11 5 10 0.012202690755361602
5 11 5 11 0.012202690755361602
6 0 6 0 0.011536464391716123
7 0 6 1 0.011536464391716123
6 1 7 0 0.011536464391716123
7 1 7 1 0.011536464391716123
6 4 10 0 -0.00734896486421494
7 4 10 1 -0.00734896486421494
6 5 11 0 -0.00734896486421494
7 5 11 1 -0.00734896486421494
6 6 0 0 0.011536464391716123
7 6 0 1 0.011536464391716123
6 7 1 0 0.011536464391716123
7 7 1 1 0.011536464391716123
6 10 4 0 -0.007348964864214941
7 10 4 1 -0.007348964864214941
6 11 5 0 -0.007348964864214941
7 11 5 1 -0.007348964864214941
6 2 6 2 0.010077352314549226
7 2 6 3 0.010077352314549226
6 3 7 2 0.010077352314549226
7 3 7 3 0.010077352314549226
6 4 8 2 0.010077352314549226
7 4 8 3 0.010077352314549226
6 5 9 2 0.010077352314549226
7 5 9 3 0.010077352314549226
6 6 2 2 0.010077352314549223
7 6 2 3 0.010077352314549223
6 7 3 2 0.010077352314549223
7 7 3 3 0.010077352314549223
6 8 4 2 0.010077352314549223
7 8 4 3 0.010077352314549223
6 9 5 2 0.010077352314549223
7 9 5 3 0.010077352314549223
6 0 10 4 -0.09087846985239045
7 0 10 5 -0.09087846985239045
6 1 11 4 -0.09087846985239045
7 1 11 5 -0.09087846985239045
6 2 8 4 0.10178345972789989
7 2 8 5 0.10178345972789989
6 3 9 4 0.10178345972789989
7 3 9 5 0.10178345972789989
6 4 6 4 0.12193816485879364
7 4 6 5 0.12193816485879364
6 5 7 4 0.12193816485879364
7 5 7 5 0.12193816485879364
6 6 4 4 0.12193816485879361
7 6 4 5 0.12193816485879361
6 7 5 4 0.12193816485879361
7 7 5 5 0.12193816485879361
6 8 2 4 0.10178345972789986
7 8 2 5 0.10178345972789986
6 9 3 4 0.10178345972789986
7 9 3 5 0.10178345972789986
6 10 0 4 -0.09087846985239048
7 10 0 5 -0.09087846985239048
6 11 1 4 -0.09087846985239048
7 11 1 5 -0.09087846985239048
6 0 0 6 0.23977706148398875
7 0 0 7 0.23977706148398875
6 1 1 6 0.23977706148398875
7 1 1 7 0.23977706148398875
6 2 2 6 0.238861767459575
7 2 2 7 0.238861767459575
6 3 3 6 0.238861767459575
7 3 3 7 0.238861767459575
6 4 4 6 0.25987675549471717
7 4 4 7 0.25987675549471717
6 5 5 6 0.25987675549471717
7 5 5 7 0.25987675549471717
6 6 6 6 0.2637790720811399
7 6 6 7 0.2637790720811399
6 7 7 6 0.2637790720811399
7 7 7 7 0.2637790720811399
6 8 8 6 0.2418213911097453
7 8 8 7 0.2418213911097453
6 9 9 6 0.2418213911097453
7 9 9 7 0.2418213911097453
6 10 10 6 0.2567682505806382
7 10 10 7 0.2567682505806382
6 11 11 6 0.2567682505806382
7 11 11 7 0.2567682505806382
6 2 4 8 0.010507493766673436
7 2 4 9 0.010507493766673436
6 3 5 8 0.010507493766673436
7 3 5 9 0.010507493766673436
6 4 2 8 0.010507493766673436
7 4 2 9 0.010507493766673436
6 5 3 8 0.010507493766673436
7 5 3 9 0.010507493766673436
6 6 8 8 0.010978840202875442
7 6 8 9 0.010978840202875442
6 7 9 8 0.010978840202875442
7 7 9 9 0.010978840202875442
6 8 6 8 0.010978840202875442
7 8 6 9 0.010978840202875442
6 9 7 8 0.010978840202875442
7 9 7 9 0.010978840202875442
6 0 4 10 -0.008762306987353535
7 0 4 11 -0.008762306987353535
6 1 5 10 -0.008762306987353535
7 1 5 11 -0.008762306987353535
6 4 0 10 -0.008762306987353533
7 4 0 11 -0.008762306987353533
6 5 1 10 -0.008762306987353533
7 5 1 11 -0.008762306987353533
6 6 10 10 0.013691803072271224
7 6 10 11 0.013691803072271224
6 7 11 10 0.013691803072271224
7 7 11 11 0.013691803072271224
6 10 6 10 0.013691803072271223
7 10 6 11 0.013691803072271223
6 11 7 10 0.013691803072271223
7 11 7 11 0.013691803072271223
8 0 8 0 0.011536464391716123
9 0 8 1 0.011536464391716123
8 1 9 0 0.011536464391716123
9 1 9 1 0.011536464391716123
8 2 10 0 -0.00734896486421494
9 2 10 1 -0.00734896486421494
8 3 11 0 -0.00734896486421494
9 3 11 1 -0.00734896486421494
8 8 0 0 0.011536464391716123
9 8 0 1 0.011536464391716123
8 9 1 0 0.011536464391716123
9 9 1 1 0.011536464391716123
8 10 2 0 -0.007348964864214941
9 10 2 1 -0.007348964864214941
8 11 3 0 -0.007348964864214941
9 11 3 1 -0.007348964864214941
8 0 10 2 -0.09087846985239045
9 0 10 3 -0.09087846985239045
8 1 11 2 -0.09087846985239045
9 1 11 3 -0.09087846985239045
8 2 8 2 0.12193816485879364
9 2 8 3 0.12193816485879364
8 3 9 2 0.12193816485879364
9 3 9 3 0.12193816485879364
8 4 6 2 0.10178345972789989
9 4 6 3 0.10178345972789989
8 5 7 2 0.10178345972789989
9 5 7 3 0.10178345972789989
8 6 4 2 0.10178345972789986
9 6 4 3 0.10178345972789986
8 7 5 2 0.10178345972789986
9 7 5 3 0.10178345972789986
8 8 2 2 0.12193816485879361
9 8 2 3 0.12193816485879361
8 9 3 2 0.12193816485879361
9 9 3 3 0.12193816485879361
8 10 0 2 -0.09087846985239048
9 10 0 3 -0.09087846985239048
8 11 1 2 -0.09087846985239048
9 11 1 3 -0.09087846985239048
8 2 6 4 0.010077352314549226
9 2 6 5 0.010077352314549226
8 3 7 4 0.010077352314549226
9 3 7 5 0.010077352314549226
8 4 8 4 0.010077352314549226
9 4 8 5 0.010077352314549226
8 5 9 4 0.010077352314549226
9 5 9 5 0.010077352314549226
8 6 2 4 0.010077352314549223
9 6 2 5 0.010077352314549223
8 7 3 4 0.010077352314549223
9 7 3 5 0.010077352314549223
8 8 4 4 0.010077352314549223
9 8 4 5 0.010077352314549223
8 9 5 4 0.010077352314549223
9 9 5 5 0.010077352314549223
8 2 4 6 0.010507493766673436
9 2 4 7 0.010507493766673436
8 3 5 6 0.010507493766673436
9 3 5 7 0.010507493766673436
8 4 2 6 0.010507493766673436
9 4 2 7 0.010507493766673436
8 5 3 6 0.010507493766673436
9 5 3 7 0.010507493766673436
8 6 8 6 0.010978840202875442
9 6 8 7 0.010978840202875442
8 7 9 6 0.010978840202875442
9 7 9 7 0.010978840202875442
8 8 6 6 0.010978840202875442
9 8 6 7 0.010978840202875442
8 9 7 6 0.010978840202875442
9 9 7 7 0.010978840202875442
8 0 0 8 0.23977706148398875
9 0 0 9 0.23977706148398875
8 1 1 8 0.23977706148398875
9 1 1 9 0.23977706148398875
8 2 2 8 0.25987675549471717
9 2 2 9 0.25987675549471717
8 3 3 8 0.25987675549471717
9 3 3 9 0.25987675549471717
8 4 4 8 0.238861767459575
9 4 4 9 0.238861767459575
8 5 5 8 0.238861767459575
9 5 5 9 0.238861767459575
8 6 6 8 0.2418213911097453
9 6 6 9 0.2418213911097453
8 7 7 8 0.2418213911097453
9 7 7 9 0.2418213911097453
8 8 8 8 0.2637790720811399
9 8 8 9 0.2637790720811399
8 9 9 8 0.2637790720811399
9 9 9 9 0.2637790720811399
8 10 10 8 0.2567682505806382
9 10 10 9 0.2567682505806382
8 11 11 8 0.2567682505806382
9 11 11 9 0.2567682505806382
8 0 2 10 -0.008762306987353535
9 0 2 11 -0.008762306987353535
8 1 3 10 -0.008762306987353535
9 1 3 11 -0.008762306987353535
8 2 0 10 -0.008762306987353533
9 2 0 11 -0.008762306987353533
8 3 1 10 -0.008762306987353533
9 3 1 11 -0.008762306987353533
8 8 10 10 0.013691803072271224
9 8 10 11 0.013691803072271224
8 9 11 10 0.013691803072271224
9 9 11 11 0.013691803072271224
8 10 8 10 0.013691803072271223
9 10 8 11 0.013691803072271223
8 11 9 10 0.013691803072271223
9 11 9 11 0.013691803072271223
10 0 10 0 0.09948018258684214
11 0 10 1 0.09948018258684214
10 1 11 0 0.09948018258684214
11 1 11 1 0.09948018258684214
10 2 8 0 -0.0908784698523905
11 2 8 1 -0.0908784698523905
10 3 9 0 -0.0908784698523905
11 3 9 1 -0.0908784698523905
10 4 6 0 -0.0908784698523905
11 4 6 1 -0.0908784698523905
10 5 7 0 -0.0908784698523905
11 5 7 1 -0.0908784698523905
10 6 4 0 -0.0908784698523905
11 6 4 1 -0.0908784698523905
10 7 5 0 -0.0908784698523905
11 7 5 1 -0.0908784698523905
10 8 2 0 -0.0908784698523905
11 8 2 1 -0.0908784698523905
10 9 3 0 -0.0908784698523905
11 9 3 1 -0.0908784698523905
10 10 0 0 0.09948018258684214
11 10 0 1 0.09948018258684214
10 11 1 0 0.09948018258684214
11 11 1 1 0.09948018258684214
10 0 8 2 -0.007348964864214941
11 0 8 3 -0.007348964864214941
10 1 9 2 -0.007348964864214941
11 1 9 3 -0.007348964864214941
10 2 10 2 0.0122026907553616
11 2 10 3 0.0122026907553616
10 3 11 2 0.0122026907553616
11 3 11 3 0.0122026907553616
10 8 0 2 -0.007348964864214942
11 8 0 3 -0.007348964864214942
10 9 1 2 -0.007348964864214942
11 9 1 3 -0.007348964864214942
10 10 2 2 0.0122026907553616
11 10 2 3 0.0122026907553616
10 11 3 2 0.0122026907553616
11 11 3 3 0.0122026907553616
10 0 6 4 -0.007348964864214941
11 0 6 5 -0.007348964864214941
10 1 7 4 -0.007348964864214941
11 1 7 5 -0.007348964864214941
10 4 10 4 0.0122026907553616
11 4 10 5 0.0122026907553616
10 5 11 4 0.0122026907553616
11 5 11 5 0.0122026907553616
10 6 0 4 -0.007348964864214942
11 6 0 5 -0.007348964864214942
10 7 1 4 -0.007348964864214942
11 7 1 5 -0.007348964864214942
10 10 4 4 0.0122026907553616
11 10 4 5 0.0122026907553616
10 11 5 4 0.0122026907553616
11 11 5 5 0.0122026907553616
10 0 4 6 -0.008762306987353535
11 0 4 7 -0.008762306987353535
10 1 5 6 -0.008762306987353535
11 1 5 7 -0.008762306987353535
10 4 0 6 -0.008762306987353531
11 4 0 7 -0.008762306987353531
10 5 1 6 -0.008762306987353531
11 5 1 7 -0.008762306987353531
10 6 10 6 0.013691803072271223
11 6 10 7 0.013691803072271223
10 7 11 6 0.013691803072271223
11 7 11 7 0.013691803072271223
10 10 6 6 0.013691803072271223
11 10 6 7 0.013691803072271223
10 11 7 6 0.013691803072271223
11 11 7 7 0.013691803072271223
10 0 2 8 -0.008762306987353535
11 0 2 9 -0.008762306987353535
10 1 3 8 -0.008762306987353535
11 1 3 9 -0.008762306987353535
10 2 0 8 -0.008762306987353531
11 2 0 9 -0.008762306987353531
10 3 1 8 -0.008762306987353531
11 3 1 9 -0.008762306987353531
10 8 10 8 0.013691803072271223
11 8 10 9 0.013691803072271223
10 9 11 8 0.013691803072271223
11 9 11 9 0.013691803072271223
10 10 8 8 0.013691803072271223
11 10 8 9 0.013691803072271223
10 11 9 8 0.013691803072271223
11 11 9 9 0.013691803072271223
10 0 0 10 0.26998057898727107
11 0 0 11 0.26998057898727107
10 1 1 10 0.26998057898727107
11 1 1 11 0.26998057898727107
10 2 2 10 0.255222698850688
11 2 2 11 0.255222698850688
10 3 3 10 0.255222698850688
11 3 3 11 0.255222698850688
10 4 4 10 0.255222698850688
11 4 4 11 0.255222698850688
10 5 5 10 0.255222698850688
11 5 5 11 0.255222698850688
10 6 6 10 0.2567682505806382
11 6 6 11 0.2567682505806382
10 7 7 10 0.2567682505806382
11 7 7 11 0.2567682505806382
10 8 8 10 0.2567682505806382
11 8 8 11 0.2567682505806382
10 9 9 10 0.2567682505806382
11 9 9 11 0.2567682505806382
10 10 10 10 0.3005785129276255
11 10 10 11 0.3005785129276255
10 11 11 10 0.3005785129276255
11 11 11 11 0.3005785129276255
