-97.53896196167214
0 0 -2.903777936175909
1 1 -2.903777936175909
2 2 -2.8297643868640288
3 3 -2.8297643868640288
4 4 -2.8297643868640288
5 5 -2.8297643868640288
6 6 -2.6716901622706377
7 7 -2.6716901622706377
8 8 -2.6716901622706377
9 9 -2.6716901622706377
10 10 -2.60967797079034
11 11 -2.60967797079034
0 0 0 0 0.27437644260457533
1 0 0 1 0.27437644260457533
0 1 1 0 0.27437644260457533
1 1 1 1 0.27437644260457533
0 2 2 0 0.24586946215978794
1 2 2 1 0.24586946215978794
0 3 3 0 0.24586946215978794
1 3 3 1 0.24586946215978794
0 4 4 0 0.24586946215978794
1 4 4 1 0.24586946215978794
0 5 5 0 0.24586946215978794
1 5 5 1 0.24586946215978794
0 6 6 0 0.2509712472290163
1 6 6 1 0.2509712472290163
0 7 7 0 0.2509712472290163
1 7 7 1 0.2509712472290163
0 8 8 0 0.2509712472290163
1 8 8 1 0.2509712472290163
0 9 9 0 0.2509712472290163
1 9 9 1 0.2509712472290163
0 10 10 0 0.28078264749857307
1 10 10 1 0.28078264749857307
0 11 11 0 0.28078264749857307
1 11 11 1 0.28078264749857307
0 0 2 2 0.012828530078634142
1 0 2 3 0.012828530078634142
0 1 3 2 0.012828530078634142
1 1 3 3 0.012828530078634142
0 2 0 2 0.012828530078634139
1 2 0 3 0.012828530078634139
0 3 1 2 0.012828530078634139
1 3 1 3 0.012828530078634139
0 8 10 2 -0.006345168811323451
1 8 10 3 -0.006345168811323451
0 9 11 2 -0.006345168811323451
1 9 11 3 -0.006345168811323451
0 10 8 2 -0.006345168811323451
1 10 8 3 -0.006345168811323451
0 11 9 2 -0.006345168811323451
1 11 9 3 -0.006345168811323451
0 0 4 4 0.012828530078634142
1 0 4 5 0.012828530078634142
0 1 5 4 0.012828530078634142
1 1 5 5 0.012828530078634142
0 4 0 4 0.012828530078634139
1 4 0 5 0.012828530078634139
0 5 1 4 0.012828530078634139
1 5 1 5 0.012828530078634139
0 6 10 4 -0.006345168811323451
1 6 10 5 -0.006345168811323451
0 7 11 4 -0.006345168811323451
1 7 11 5 -0.006345168811323451
0 10 6 4 -0.006345168811323451
1 10 6 5 -0.006345168811323451
0 11 7 4 -0.006345168811323451
1 11 7 5 -0.006345168811323451
0 0 6 6 0.013915619030725225
1 0 6 7 0.013915619030725225
0 1 7 6 0.013915619030725225
1 1 7 7 0.013915619030725225
0 4 10 6 -0.004232964339669218
1 4 10 7 -0.004232964339669218
0 5 11 6 -0.004232964339669218
1 5 11 7 -0.004232964339669218
0 6 0 6 0.013915619030725225
1 6 0 7 0.013915619030725225
0 7 1 6 0.013915619030725225
1 7 1 7 0.013915619030725225
0 10 4 6 -0.004232964339669219
1 10 4 7 -0.004232964339669219
0 11 5 6 -0.004232964339669219
1 11 5 7 -0.004232964339669219
0 0 8 8 0.013915619030725225
1 0 8 9 0.013915619030725225
0 1 9 8 0.013915619030725225
1 1 9 9 0.013915619030725225
0 2 10 8 -0.004232964339669218
1 2 10 9 -0.004232964339669218
0 3 11 8 -0.004232964339669218
1 3 11 9 -0.004232964339669218
0 8 0 8 0.013915619030725225
1 8 0 9 0.013915619030725225
0 9 1 8 0.013915619030725225
1 9 1 9 0.013915619030725225
0 10 2 8 -0.004232964339669219
1 10 2 9 -0.004232964339669219
0 11 3 8 -0.004232964339669219
1 11 3 9 -0.004232964339669219
0 0 10 10 0.07615208547459101
1 0 10 11 0.07615208547459101
0 1 11 10 0.07615208547459101
1 1 11 11 0.07615208547459101
0 2 8 10 -0.07314443213021948
1 2 8 11 -0.07314443213021948
0 3 9 10 -0.07314443213021948
1 3 9 11 -0.07314443213021948
0 4 6 10 -0.07314443213021948
1 4 6 11 -0.07314443213021948
0 5 7 10 -0.07314443213021948
1 5 7 11 -0.07314443213021948
0 6 4 10 -0.07314443213021947
1 6 4 11 -0.07314443213021947
0 7 5 10 -0.07314443213021947
1 7 5 11 -0.07314443213021947
0 8 2 10 -0.07314443213021947
1 8 2 11 -0.07314443213021947
0 9 3 10 -0.07314443213021947
1 9 3 11 -0.07314443213021947
0 10 0 10 0.0761520854745911
1 10 0 11 0.0761520854745911
0 11 1 10 0.0761520854745911
1 11 1 11 0.0761520854745911
2 0 2 0 0.012828530078634142
3 0 2 1 0.012828530078634142
2 1 3 0 0.012828530078634142
3 1 3 1 0.012828530078634142
2 2 0 0 0.012828530078634139
3 2 0 1 0.012828530078634139
2 3 1 0 0.012828530078634139
3 3 1 1 0.012828530078634139
2 8 10 0 -0.006345168811323451
3 8 10 1 -0.006345168811323451
2 9 11 0 -0.006345168811323451
3 9 11 1 -0.006345168811323451
2 10 8 0 -0.006345168811323451
3 10 8 1 -0.006345168811323451
2 11 9 0 -0.006345168811323451
3 11 9 1 -0.006345168811323451
2 0 0 2 0.245869462159788
3 0 0 3 0.245869462159788
2 1 1 2 0.245869462159788
3 1 1 3 0.245869462159788
2 2 2 2 0.2685303813139874
3 2 2 3 0.2685303813139874
2 3 3 2 0.2685303813139874
3 3 3 3 0.2685303813139874
2 4 4 2 0.247603165455759
3 4 4 3 0.247603165455759
2 5 5 2 0.247603165455759
3 5 5 3 0.247603165455759
2 6 6 2 0.250216927778073
3 6 6 3 0.250216927778073
2 7 7 2 0.250216927778073
3 7 7 3 0.250216927778073
2 8 8 2 0.2717088979071072
3 8 8 3 0.2717088979071072
2 9 9 2 0.2717088979071072
3 9 9 3 0.2717088979071072
2 10 10 2 0.2756294480757648
3 10 10 3 0.2756294480757648
2 11 11 2 0.2756294480757648
3 11 11 3 0.2756294480757648
2 2 4 4 0.010463608227785021
3 2 4 5 0.010463608227785021
2 3 5 4 0.010463608227785021
3 3 5 5 0.010463608227785021
2 4 2 4 0.010463608227785021
3 4 2 5 0.010463608227785021
2 5 3 4 0.010463608227785021
3 5 3 5 0.010463608227785021
2 6 8 4 0.010745984937674778
3 6 8 5 0.010745984937674778
2 7 9 4 0.010745984937674778
3 7 9 5 0.010745984937674778
2 8 6 4 0.010745984937674778
3 8 6 5 0.010745984937674778
2 9 7 4 0.010745984937674778
3 9 7 5 0.010745984937674778
2 2 6 6 0.009904958160189088
3 2 6 7 0.009904958160189088
2 3 7 6 0.009904958160189088
3 3 7 7 0.009904958160189088
2 4 8 6 0.009904958160189088
3 4 8 7 0.009904958160189088
2 5 9 6 0.009904958160189088
3 5 9 7 0.009904958160189088
2 6 2 6 0.009904958160189088
3 6 2 7 0.009904958160189088
2 7 3 6 0.009904958160189088
3 7 3 7 0.009904958160189088
2 8 4 6 0.009904958160189088
3 8 4 7 0.009904958160189088
2 9 5 6 0.009904958160189088
3 9 5 7 0.009904958160189088
2 0 10 8 -0.07314443213021946
3 0 10 9 -0.07314443213021946
2 1 11 8 -0.07314443213021946
3 1 11 9 -0.07314443213021946
2 2 8 8 0.11115393613758025
3 2 8 9 0.11115393613758025
2 3 9 8 0.11115393613758025
3 3 9 9 0.11115393613758025
2 4 6 8 0.09134401956351733
3 4 6 9 0.09134401956351733
2 5 7 8 0.09134401956351733
3 5 7 9 0.09134401956351733
2 6 4 8 0.09134401956351733
3 6 4 9 0.09134401956351733
2 7 5 8 0.09134401956351733
3 7 5 9 0.09134401956351733
2 8 2 8 0.11115393613758022
3 8 2 9 0.11115393613758022
2 9 3 8 0.11115393613758022
3 9 3 9 0.11115393613758022
2 10 0 8 -0.07314443213021948
3 10 0 9 -0.07314443213021948
2 11 1 8 -0.07314443213021948
3 11 1 9 -0.07314443213021948
2 0 8 10 -0.0042329643396692125
3 0 8 11 -0.0042329643396692125
2 1 9 10 -0.0042329643396692125
3 1 9 11 -0.0042329643396692125
2 2 10 10 0.014046697982450469
3 2 10 11 0.014046697982450469
2 3 11 10 0.014046697982450469
3 3 11 11 0.014046697982450469
2 8 0 10 -0.004232964339669217
3 8 0 11 -0.004232964339669217
2 9 1 10 -0.004232964339669217
3 9 1 11 -0.004232964339669217
2 10 2 10 0.014046697982450469
3 10 2 11 0.014046697982450469
2 11 3 10 0.014046697982450469
3 11 3 11 0.014046697982450469
4 0 4 0 0.012828530078634142
5 0 4 1 0.012828530078634142
4 1 5 0 0.012828530078634142
5 1 5 1 0.012828530078634142
4 4 0 0 0.012828530078634139
5 4 0 1 0.012828530078634139
4 5 1 0 0.012828530078634139
5 5 1 1 0.012828530078634139
4 6 10 0 -0.006345168811323451
5 6 10 1 -0.006345168811323451
4 7 11 0 -0.006345168811323451
5 7 11 1 -0.006345168811323451
4 10 6 0 -0.006345168811323451
5 10 6 1 -0.006345168811323451
4 11 7 0 -0.006345168811323451
5 11 7 1 -0.006345168811323451
4 2 4 2 0.010463608227785021
5 2 4 3 0.010463608227785021
4 3 5 2 0.010463608227785021
5 3 5 3 0.010463608227785021
4 4 2 2 0.010463608227785021
5 4 2 3 0.010463608227785021
4 5 3 2 0.010463608227785021
5 5 3 3 0.010463608227785021
4 6 8 2 0.010745984937674778
5 6 8 3 0.010745984937674778
4 7 9 2 0.010745984937674778
5 7 9 3 0.010745984937674778
4 8 6 2 0.010745984937674778
5 8 6 3 0.010745984937674778
4 9 7 2 0.010745984937674778
5 9 7 3 0.010745984937674778
4 0 0 4 0.245869462159788
5 0 0 5 0.245869462159788
4 1 1 4 0.245869462159788
5 1 1 5 0.245869462159788
4 2 2 4 0.247603165455759
5 2 2 5 0.247603165455759
4 3 3 4 0.247603165455759
5 3 3 5 0.247603165455759
4 4 4 4 0.2685303813139874
5 4 4 5 0.2685303813139874
4 5 5 4 0.2685303813139874
5 5 5 5 0.2685303813139874
4 6 6 4 0.2717088979071072
5 6 6 5 0.2717088979071072
4 7 7 4 0.2717088979071072
5 7 7 5 0.2717088979071072
4 8 8 4 0.250216927778073
5 8 8 5 0.250216927778073
4 9 9 4 0.250216927778073
5 9 9 5 0.250216927778073
4 10 10 4 0.2756294480757648
5 10 10 5 0.2756294480757648
4 11 11 4 0.2756294480757648
5 11 11 5 0.2756294480757648
4 0 10 6 -0.07314443213021946
5 0 10 7 -0.07314443213021946
4 1 11 6 -0.07314443213021946
5 1 11 7 -0.07314443213021946
4 2 8 6 0.09134401956351733
5 2 8 7 0.09134401956351733
4 3 9 6 0.09134401956351733
5 3 9 7 0.09134401956351733
4 4 6 6 0.11115393613758025
5 4 6 7 0.11115393613758025
4 5 7 6 0.11115393613758025
5 5 7 7 0.11115393613758025
4 6 4 6 0.11115393613758022
5 6 4 7 0.11115393613758022
4 7 5 6 0.11115393613758022
5 7 5 7 0.11115393613758022
4 8 2 6 0.09134401956351733
5 8 2 7 0.09134401956351733
4 9 3 6 0.09134401956351733
5 9 3 7 0.09134401956351733
4 10 0 6 -0.07314443213021948
5 10 0 7 -0.07314443213021948
4 11 1 6 -0.07314443213021948
5 11 1 7 -0.07314443213021948
4 2 6 8 0.009904958160189088
5 2 6 9 0.009904958160189088
4 3 7 8 0.009904958160189088
5 3 7 9 0.009904958160189088
4 4 8 8 0.009904958160189088
5 4 8 9 0.009904958160189088
4 5 9 8 0.009904958160189088
5 5 9 9 0.009904958160189088
4 6 2 8 0.009904958160189088
5 6 2 9 0.009904958160189088
4 7 3 8 0.009904958160189088
5 7 3 9 0.009904958160189088
4 8 4 8 0.009904958160189088
5 8 4 9 0.009904958160189088
4 9 5 8 0.009904958160189088
5 9 5 9 0.009904958160189088
4 0 6 10 -0.0042329643396692125
5 0 6 11 -0.0042329643396692125
4 1 7 10 -0.0042329643396692125
5 1 7 11 -0.0042329643396692125
4 4 10 10 0.014046697982450469
5 4 10 11 0.014046697982450469
4 5 11 10 0.014046697982450469
5 5 11 11 0.014046697982450469
4 6 0 10 -0.004232964339669217
5 6 0 11 -0.004232964339669217
4 7 1 10 -0.004232964339669217
5 7 1 11 -0.004232964339669217
4 10 4 10 0.014046697982450469
5 10 4 11 0.014046697982450469
4 11 5 10 0.014046697982450469
5 11 5 11 0.014046697982450469
6 0 6 0 0.013915619030725223
7 0 6 1 0.013915619030725223
6 1 7 0 0.013915619030725223
7 1 7 1 0.013915619030725223
6 4 10 0 -0.004232964339669218
7 4 10 1 -0.004232964339669218
6 5 11 0 -0.004232964339669218
7 5 11 1 -0.004232964339669218
6 6 0 0 0.013915619030725223
7 6 0 1 0.013915619030725223
6 7 1 0 0.013915619030725223
7 7 1 1 0.013915619030725223
6 10 4 0 -0.004232964339669219
7 10 4 1 -0.004232964339669219
6 11 5 0 -0.004232964339669219
7 11 5 1 -0.004232964339669219
6 2 6 2 0.009904958160189088
7 2 6 3 0.009904958160189088
6 3 7 2 0.009904958160189088
7 3 7 3 0.009904958160189088
6 4 8 2 0.009904958160189088
7 4 8 3 0.009904958160189088
6 5 9 2 0.009904958160189088
7 5 9 3 0.009904958160189088
6 6 2 2 0.009904958160189088
7 6 2 3 0.009904958160189088
6 7 3 2 0.009904958160189088
7 7 3 3 0.009904958160189088
6 8 4 2 0.009904958160189088
7 8 4 3 0.009904958160189088
6 9 5 2 0.009904958160189088
7 9 5 3 0.009904958160189088
6 0 10 4 -0.07314443213021946
7 0 10 5 -0.07314443213021946
6 1 11 4 -0.07314443213021946
7 1 11 5 -0.07314443213021946
6 2 8 4 0.09134401956351734
7 2 8 5 0.09134401956351734
6 3 9 4 0.09134401956351734
7 3 9 5 0.09134401956351734
6 4 6 4 0.11115393613758023
7 4 6 5 0.11115393613758023
6 5 7 4 0.11115393613758023
7 5 7 5 0.11115393613758023
6 6 4 4 0.11115393613758023
7 6 4 5 0.11115393613758023
6 7 5 4 0.11115393613758023
7 7 5 5 0.11115393613758023
6 8 2 4 0.09134401956351734
7 8 2 5 0.09134401956351734
6 9 3 4 0.09134401956351734
7 9 3 5 0.09134401956351734
6 10 0 4 -0.07314443213021948
7 10 0 5 -0.07314443213021948
6 11 1 4 -0.07314443213021948
7 11 1 5 -0.07314443213021948
6 0 0 6 0.25097124722901637
7 0 0 7 0.25097124722901637
6 1 1 6 0.25097124722901637
7 1 1 7 0.25097124722901637
6 2 2 6 0.2502169277780729
7 2 2 7 0.2502169277780729
6 3 3 6 0.2502169277780729
7 3 3 7 0.2502169277780729
6 4 4 6 0.27170889790710717
7 4 4 7 0.27170889790710717
6 5 5 6 0.27170889790710717
7 5 5 7 0.27170889790710717
6 6 6 6 0.2776644645616196
7 6 6 7 0.2776644645616196
6 7 7 6 0.2776644645616196
7 7 7 7 0.2776644645616196
6 8 8 6 0.2547160311536849
7 8 8 7 0.2547160311536849
6 9 9 6 0.2547160311536849
7 9 9 7 0.2547160311536849
6 10 10 6 0.2772369877750803
7 10 10 7 0.2772369877750803
6 11 11 6 0.2772369877750803
7 11 11 7 0.2772369877750803
6 2 4 8 0.010745984937674778
7 2 4 9 0.010745984937674778
6 3 5 8 0.010745984937674778
7 3 5 9 0.010745984937674778
6 4 2 8 0.010745984937674778
7 4 2 9 0.010745984937674778
6 5 3 8 0.010745984937674778
7 5 3 9 0.010745984937674778
6 6 8 8 0.011474215895937981
7 6 8 9 0.011474215895937981
6 7 9 8 0.011474215895937981
7 7 9 9 0.011474215895937981
6 8 6 8 0.011474215895937981
7 8 6 9 0.011474215895937981
6 9 7 8 0.011474215895937981
7 9 7 9 0.011474215895937981
6 0 4 10 -0.0063451688113234555
7 0 4 11 -0.0063451688113234555
6 1 5 10 -0.0063451688113234555
7 1 5 11 -0.0063451688113234555
6 4 0 10 -0.006345168811323453
7 4 0 11 -0.006345168811323453
6 5 1 10 -0.006345168811323453
7 5 1 11 -0.006345168811323453
6 6 10 10 0.01678924118839257
7 6 10 11 0.01678924118839257
6 7 11 10 0.01678924118839257
7 7 11 11 0.01678924118839257
6 10 6 10 0.016789241188392565
7 10 6 11 0.016789241188392565
6 11 7 10 0.016789241188392565
7 11 7 11 0.016789241188392565
8 0 8 0 0.013915619030725223
9 0 8 1 0.013915619030725223
8 1 9 0 0.013915619030725223
9 1 9 1 0.013915619030725223
8 2 10 0 -0.004232964339669218
9 2 10 1 -0.004232964339669218
8 3 11 0 -0.004232964339669218
9 3 11 1 -0.004232964339669218
8 8 0 0 0.013915619030725223
9 8 0 1 0.013915619030725223
8 9 1 0 0.013915619030725223
9 9 1 1 0.013915619030725223
8 10 2 0 -0.004232964339669219
9 10 2 1 -0.004232964339669219
8 11 3 0 -0.004232964339669219
9 11 3 1 -0.004232964339669219
8 0 10 2 -0.07314443213021946
9 0 10 3 -0.07314443213021946
8 1 11 2 -0.07314443213021946
9 1 11 3 -0.07314443213021946
8 2 8 2 0.11115393613758023
9 2 8 3 0.11115393613758023
8 3 9 2 0.11115393613758023
9 3 9 3 0.11115393613758023
8 4 6 2 0.09134401956351734
9 4 6 3 0.09134401956351734
8 5 7 2 0.09134401956351734
9 5 7 3 0.09134401956351734
8 6 4 2 0.09134401956351734
9 6 4 3 0.09134401956351734
8 7 5 2 0.09134401956351734
9 7 5 3 0.09134401956351734
8 8 2 2 0.11115393613758023
9 8 2 3 0.11115393613758023
8 9 3 2 0.11115393613758023
9 9 3 3 0.11115393613758023
8 10 0 2 -0.07314443213021948
9 10 0 3 -0.07314443213021948
8 11 1 2 -0.07314443213021948
9 11 1 3 -0.07314443213021948
8 2 6 4 0.009904958160189088
9 2 6 5 0.009904958160189088
8 3 7 4 0.009904958160189088
9 3 7 5 0.009904958160189088
8 4 8 4 0.009904958160189088
9 4 8 5 0.009904958160189088
8 5 9 4 0.009904958160189088
9 5 9 5 0.009904958160189088
8 6 2 4 0.009904958160189088
9 6 2 5 0.009904958160189088
8 7 3 4 0.009904958160189088
9 7 3 5 0.009904958160189088
8 8 4 4 0.009904958160189088
9 8 4 5 0.009904958160189088
8 9 5 4 0.009904958160189088
9 9 5 5 0.009904958160189088
8 2 4 6 0.010745984937674778
9 2 4 7 0.010745984937674778
8 3 5 6 0.010745984937674778
9 3 5 7 0.010745984937674778
8 4 2 6 0.010745984937674778
9 4 2 7 0.010745984937674778
8 5 3 6 0.010745984937674778
9 5 3 7 0.010745984937674778
8 6 8 6 0.011474215895937981
9 6 8 7 0.011474215895937981
8 7 9 6 0.011474215895937981
9 7 9 7 0.011474215895937981
8 8 6 6 0.011474215895937981
9 8 6 7 0.011474215895937981
8 9 7 6 0.011474215895937981
9 9 7 7 0.011474215895937981
8 0 0 8 0.25097124722901637
9 0 0 9 0.25097124722901637
8 1 1 8 0.25097124722901637
9 1 1 9 0.25097124722901637
8 2 2 8 0.27170889790710717
9 2 2 9 0.27170889790710717
8 3 3 8 0.27170889790710717
9 3 3 9 0.27170889790710717
8 4 4 8 0.2502169277780729
9 4 4 9 0.2502169277780729
8 5 5 8 0.2502169277780729
9 5 5 9 0.2502169277780729
8 6 6 8 0.2547160311536849
9 6 6 9 0.2547160311536849
8 7 7 8 0.2547160311536849
9 7 7 9 0.2547160311536849
8 8 8 8 0.2776644645616196
9 8 8 9 0.2776644645616196
8 9 9 8 0.2776644645616196
9 9 9 9 0.2776644645616196
8 10 10 8 0.2772369877750803
9 10 10 9 0.2772369877750803
8 11 11 8 0.2772369877750803
9 11 11 9 0.2772369877750803
8 0 2 10 -0.0063451688113234555
9 0 2 11 -0.0063451688113234555
8 1 3 10 -0.0063451688113234555
9 1 3 11 -0.0063451688113234555
8 2 0 10 -0.006345168811323453
9 2 0 11 -0.006345168811323453
8 3 1 10 -0.006345168811323453
9 3 1 11 -0.006345168811323453
8 8 10 10 0.01678924118839257
9 8 10 11 0.01678924118839257
8 9 11 10 0.01678924118839257
9 9 11 11 0.01678924118839257
8 10 8 10 0.016789241188392565
9 10 8 11 0.016789241188392565
8 11 9 10 0.016789241188392565
9 11 9 11 0.016789241188392565
10 0 10 0 0.07615208547459106
11 0 10 1 0.07615208547459106
10 1 11 0 0.07615208547459106
11 1 11 1 0.07615208547459106
10 2 8 0 -0.07314443213021948
11 2 8 1 -0.07314443213021948
10 3 9 0 -0.07314443213021948
11 3 9 1 -0.07314443213021948
10 4 6 0 -0.07314443213021948
11 4 6 1 -0.07314443213021948
10 5 7 0 -0.07314443213021948
11 5 7 1 -0.07314443213021948
10 6 4 0 -0.07314443213021947
11 6 4 1 -0.07314443213021947
10 7 5 0 -0.07314443213021947
11 7 5 1 -0.07314443213021947
10 8 2 0 -0.07314443213021947
11 8 2 1 -0.07314443213021947
10 9 3 0 -0.07314443213021947
11 9 3 1 -0.07314443213021947
10 10 0 0 0.0761520854745911
11 10 0 1 0.0761520854745911
10 11 1 0 0.0761520854745911
11 11 1 1 0.0761520854745911
10 0 8 2 -0.0042329643396692125
11 0 8 3 -0.0042329643396692125
10 1 9 2 -0.0042329643396692125
11 1 9 3 -0.0042329643396692125
10 2 10 2 0.014046697982450469
11 2 10 3 0.014046697982450469
10 3 11 2 0.014046697982450469
11 3 11 3 0.014046697982450469
10 8 0 2 -0.004232964339669219
11 8 0 3 -0.004232964339669219
10 9 1 2 -0.004232964339669219
11 9 1 3 -0.004232964339669219
10 10 2 2 0.014046697982450467
11 10 2 3 0.014046697982450467
10 11 3 2 0.014046697982450467
11 11 3 3 0.014046697982450467
10 0 6 4 -0.0042329643396692125
11 0 6 5 -0.0042329643396692125
10 1 7 4 -0.0042329643396692125
11 1 7 5 -0.0042329643396692125
10 4 10 4 0.014046697982450469
11 4 10 5 0.014046697982450469
10 5 11 4 0.014046697982450469
11 5 11 5 0.014046697982450469
10 6 0 4 -0.004232964339669219
11 6 0 5 -0.004232964339669219
10 7 1 4 -0.004232964339669219
11 7 1 5 -0.004232964339669219
10 10 4 4 0.014046697982450467
11 10 4 5 0.014046697982450467
10 11 5 4 0.014046697982450467
11 11 5 5 0.014046697982450467
10 0 4 6 -0.006345168811323456
11 0 4 7 -0.006345168811323456
10 1 5 6 -0.006345168811323456
11 1 5 7 -0.006345168811323456
10 4 0 6 -0.006345168811323455
11 4 0 7 -0.006345168811323455
10 5 1 6 -0.006345168811323455
11 5 1 7 -0.006345168811323455
10 6 10 6 0.01678924118839257
11 6 10 7 0.01678924118839257
10 7 11 6 0.01678924118839257
11 7 11 7 0.01678924118839257
10 10 6 6 0.01678924118839257
11 10 6 7 0.01678924118839257
10 11 7 6 0.01678924118839257
11 11 7 7 0.01678924118839257
10 0 2 8 -0.006345168811323456
11 0 2 9 -0.006345168811323456
10 1 3 8 -0.006345168811323456
11 1 3 9 -0.006345168811323456
10 2 0 8 -0.006345168811323455
11 2 0 9 -0.006345168811323455
10 3 1 8 -0.006345168811323455
11 3 1 9 -0.006345168811323455
10 8 10 8 0.01678924118839257
11 8 10 9 0.01678924118839257
10 9 11 8 0.01678924118839257
11 9 11 9 0.01678924118839257
10 10 8 8 0.01678924118839257
11 10 8 9 0.01678924118839257
10 11 9 8 0.01678924118839257
11 11 9 9 0.01678924118839257
10 0 0 10 0.28078264749857307
11 0 0 11 0.28078264749857307
10 1 1 10 0.28078264749857307
11 1 1 11 0.28078264749857307
10 2 2 10 0.2756294480757648
11 2 2 11 0.2756294480757648
10 3 3 10 0.2756294480757648
11 3 3 11 0.2756294480757648
10 4 4 10 0.2756294480757648
11 4 4 11 0.2756294480757648
10 5 5 10 0.2756294480757648
11 5 5 11 0.2756294480757648
10 6 6 10 0.2772369877750803
11 6 6 11 0.2772369877750803
10 7 7 10 0.2772369877750803
11 7 7 11 0.2772369877750803
10 8 8 10 0.2772369877750803
11 8 8 11 0.2772369877750803
10 9 9 10 0.2772369877750803
11 9 9 11 0.2772369877750803
10 10 10 10 0.33416318458362604
11 10 10 11 0.33416318458362604
10 11 11 10 0.33416318458362604
11 11 11 11 0.33416318458362604
