-97.74045650215497
0 0 -2.8485347592875865
1 1 -2.8485347592875865
2 2 -2.759545024978986
3 3 -2.759545024978986
4 4 -2.759545024978986
5 5 -2.759545024978986
6 6 -2.6365373504786582
7 7 -2.6365373504786582
8 8 -2.6365373504786582
9 9 -2.6365373504786582
10 10 -2.6046761279285917
11 11 -2.6046761279285917
0 0 0 0 0.27019698387787194
1 0 0 1 0.27019698387787194
0 1 1 0 0.27019698387787194
1 1 1 1 0.27019698387787194
0 2 2 0 0.24294052541009487
1 2 2 1 0.24294052541009487
0 3 3 0 0.24294052541009487
1 3 3 1 0.24294052541009487
0 4 4 0 0.24294052541009487
1 4 4 1 0.24294052541009487
0 5 5 0 0.24294052541009487
1 5 5 1 0.24294052541009487
0 6 6 0 0.24698278570802684
1 6 6 1 0.24698278570802684
0 7 7 0 0.24698278570802684
1 7 7 1 0.24698278570802684
0 8 8 0 0.24698278570802684
1 8 8 1 0.24698278570802684
0 9 9 0 0.24698278570802684
1 9 9 1 0.24698278570802684
0 10 10 0 0.27718739023787586
1 10 10 1 0.27718739023787586
0 11 11 0 0.27718739023787586
1 11 11 1 0.27718739023787586
0 0 2 2 0.01244871499304346
1 0 2 3 0.01244871499304346
0 1 3 2 0.01244871499304346
1 1 3 3 0.01244871499304346
0 2 0 2 0.01244871499304346
1 2 0 3 0.01244871499304346
0 3 1 2 0.01244871499304346
1 3 1 3 0.01244871499304346
0 8 10 2 -0.007356579012915091
1 8 10 3 -0.007356579012915091
0 9 11 2 -0.007356579012915091
1 9 11 3 -0.007356579012915091
0 10 8 2 -0.0073565790129150885
1 10 8 3 -0.0073565790129150885
0 11 9 2 -0.0073565790129150885
1 11 9 3 -0.0073565790129150885
0 0 4 4 0.01244871499304346
1 0 4 5 0.01244871499304346
0 1 5 4 0.01244871499304346
1 1 5 5 0.01244871499304346
0 4 0 4 0.01244871499304346
1 4 0 5 0.01244871499304346
0 5 1 4 0.01244871499304346
1 5 1 5 0.01244871499304346
0 6 10 4 -0.007356579012915091
1 6 10 5 -0.007356579012915091
0 7 11 4 -0.007356579012915091
1 7 11 5 -0.007356579012915091
0 10 6 4 -0.0073565790129150885
1 10 6 5 -0.0073565790129150885
0 11 7 4 -0.0073565790129150885
1 11 7 5 -0.0073565790129150885
0 0 6 6 0.012957880534918623
1 0 6 7 0.012957880534918623
0 1 7 6 0.012957880534918623
1 1 7 7 0.012957880534918623
0 4 10 6 -0.005472087820833334
1 4 10 7 -0.005472087820833334
0 5 11 6 -0.005472087820833334
1 5 11 7 -0.005472087820833334
0 6 0 6 0.012957880534918628
1 6 0 7 0.012957880534918628
0 7 1 6 0.012957880534918628
1 7 1 7 0.012957880534918628
0 10 4 6 -0.005472087820833334
1 10 4 7 -0.005472087820833334
0 11 5 6 -0.005472087820833334
1 11 5 7 -0.005472087820833334
0 0 8 8 0.012957880534918623
1 0 8 9 0.012957880534918623
0 1 9 8 0.012957880534918623
1 1 9 9 0.012957880534918623
0 2 10 8 -0.005472087820833334
1 2 10 9 -0.005472087820833334
0 3 11 8 -0.005472087820833334
1 3 11 9 -0.005472087820833334
0 8 0 8 0.012957880534918628
1 8 0 9 0.012957880534918628
0 9 1 8 0.012957880534918628
1 9 1 9 0.012957880534918628
0 10 2 8 -0.005472087820833334
1 10 2 9 -0.005472087820833334
0 11 3 8 -0.005472087820833334
1 11 3 9 -0.005472087820833334
0 0 10 10 0.08447290017066343
1 0 10 11 0.08447290017066343
0 1 11 10 0.08447290017066343
1 1 11 11 0.08447290017066343
0 2 8 10 -0.07959213652320013
1 2 8 11 -0.07959213652320013
0 3 9 10 -0.07959213652320013
1 3 9 11 -0.07959213652320013
0 4 6 10 -0.07959213652320013
1 4 6 11 -0.07959213652320013
0 5 7 10 -0.07959213652320013
1 5 7 11 -0.07959213652320013
0 6 4 10 -0.07959213652320012
1 6 4 11 -0.07959213652320012
0 7 5 10 -0.07959213652320012
1 7 5 11 -0.07959213652320012
0 8 2 10 -0.07959213652320012
1 8 2 11 -0.07959213652320012
0 9 3 10 -0.07959213652320012
1 9 3 11 -0.07959213652320012
0 10 0 10 0.08447290017066338
1 10 0 11 0.08447290017066338
0 11 1 10 0.08447290017066338
1 11 1 11 0.08447290017066338
2 0 2 0 0.01244871499304346
3 0 2 1 0.01244871499304346
2 1 3 0 0.01244871499304346
3 1 3 1 0.01244871499304346
2 2 0 0 0.01244871499304346
3 2 0 1 0.01244871499304346
2 3 1 0 0.01244871499304346
3 3 1 1 0.01244871499304346
2 8 10 0 -0.007356579012915091
3 8 10 1 -0.007356579012915091
2 9 11 0 -0.007356579012915091
3 9 11 1 -0.007356579012915091
2 10 8 0 -0.007356579012915089
3 10 8 1 -0.007356579012915089
2 11 9 0 -0.007356579012915089
3 11 9 1 -0.007356579012915089
2 0 0 2 0.24294052541009492
3 0 0 3 0.24294052541009492
2 1 1 2 0.24294052541009492
3 1 1 3 0.24294052541009492
2 2 2 2 0.2641114334354469
3 2 2 3 0.2641114334354469
2 3 3 2 0.2641114334354469
3 3 3 3 0.2641114334354469
2 4 4 2 0.2434783658051636
3 4 4 3 0.2434783658051636
2 5 5 2 0.2434783658051636
3 5 5 3 0.2434783658051636
2 6 6 2 0.24609463740998214
3 6 6 3 0.24609463740998214
2 7 7 2 0.24609463740998214
3 7 7 3 0.24609463740998214
2 8 8 2 0.2673882295892027
3 8 8 3 0.2673882295892027
2 9 9 2 0.2673882295892027
3 9 9 3 0.2673882295892027
2 10 10 2 0.2681484126787908
3 10 10 3 0.2681484126787908
2 11 11 2 0.2681484126787908
3 11 11 3 0.2681484126787908
2 2 4 4 0.010316533711090453
3 2 4 5 0.010316533711090453
2 3 5 4 0.010316533711090453
3 3 5 5 0.010316533711090453
2 4 2 4 0.010316533711090453
3 4 2 5 0.010316533711090453
2 5 3 4 0.010316533711090453
3 5 3 5 0.010316533711090453
2 6 8 4 0.010646795963446299
3 6 8 5 0.010646795963446299
2 7 9 4 0.010646795963446299
3 7 9 5 0.010646795963446299
2 8 6 4 0.010646795963446299
3 8 6 5 0.010646795963446299
2 9 7 4 0.010646795963446299
3 9 7 5 0.010646795963446299
2 2 6 6 0.009973662027080584
3 2 6 7 0.009973662027080584
2 3 7 6 0.009973662027080584
3 3 7 7 0.009973662027080584
2 4 8 6 0.009973662027080584
3 4 8 7 0.009973662027080584
2 5 9 6 0.009973662027080584
3 5 9 7 0.009973662027080584
2 6 2 6 0.009973662027080584
3 6 2 7 0.009973662027080584
2 7 3 6 0.009973662027080584
3 7 3 7 0.009973662027080584
2 8 4 6 0.009973662027080584
3 8 4 7 0.009973662027080584
2 9 5 6 0.009973662027080584
3 9 5 7 0.009973662027080584
2 0 10 8 -0.0795921365232001
3 0 10 9 -0.0795921365232001
2 1 11 8 -0.0795921365232001
3 1 11 9 -0.0795921365232001
2 2 8 8 0.1149911650274082
3 2 8 9 0.1149911650274082
2 3 9 8 0.1149911650274082
3 3 9 9 0.1149911650274082
2 4 6 8 0.09504384072091901
3 4 6 9 0.09504384072091901
2 5 7 8 0.09504384072091901
3 5 7 9 0.09504384072091901
2 6 4 8 0.09504384072091901
3 6 4 9 0.09504384072091901
2 7 5 8 0.09504384072091901
3 7 5 9 0.09504384072091901
2 8 2 8 0.11499116502740817
3 8 2 9 0.11499116502740817
2 9 3 8 0.11499116502740817
3 9 3 9 0.11499116502740817
2 10 0 8 -0.07959213652320013
3 10 0 9 -0.07959213652320013
2 11 1 8 -0.07959213652320013
3 11 1 9 -0.07959213652320013
2 0 8 10 -0.005472087820833334
3 0 8 11 -0.005472087820833334
2 1 9 10 -0.005472087820833334
3 1 9 11 -0.005472087820833334
2 2 10 10 0.013314604098002294
3 2 10 11 0.013314604098002294
2 3 11 10 0.013314604098002294
3 3 11 11 0.013314604098002294
2 8 0 10 -0.005472087820833334
3 8 0 11 -0.005472087820833334
2 9 1 10 -0.005472087820833334
3 9 1 11 -0.005472087820833334
2 10 2 10 0.013314604098002294
3 10 2 11 0.013314604098002294
2 11 3 10 0.013314604098002294
3 11 3 11 0.013314604098002294
4 0 4 0 0.01244871499304346
5 0 4 1 0.01244871499304346
4 1 5 0 0.01244871499304346
5 1 5 1 0.01244871499304346
4 4 0 0 0.01244871499304346
5 4 0 1 0.01244871499304346
4 5 1 0 0.01244871499304346
5 5 1 1 0.01244871499304346
4 6 10 0 -0.007356579012915091
5 6 10 1 -0.007356579012915091
4 7 11 0 -0.007356579012915091
5 7 11 1 -0.007356579012915091
4 10 6 0 -0.007356579012915089
5 10 6 1 -0.007356579012915089
4 11 7 0 -0.007356579012915089
5 11 7 1 -0.007356579012915089
4 2 4 2 0.010316533711090453
5 2 4 3 0.010316533711090453
4 3 5 2 0.010316533711090453
5 3 5 3 0.010316533711090453
4 4 2 2 0.010316533711090453
5 4 2 3 0.010316533711090453
4 5 3 2 0.010316533711090453
5 5 3 3 0.010316533711090453
4 6 8 2 0.010646795963446299
5 6 8 3 0.010646795963446299
4 7 9 2 0.010646795963446299
5 7 9 3 0.010646795963446299
4 8 6 2 0.010646795963446299
5 8 6 3 0.010646795963446299
4 9 7 2 0.010646795963446299
5 9 7 3 0.010646795963446299
4 0 0 4 0.24294052541009492
5 0 0 5 0.24294052541009492
4 1 1 4 0.24294052541009492
5 1 1 5 0.24294052541009492
4 2 2 4 0.2434783658051636
5 2 2 5 0.2434783658051636
4 3 3 4 0.2434783658051636
5 3 3 5 0.2434783658051636
4 4 4 4 0.2641114334354469
5 4 4 5 0.2641114334354469
4 5 5 4 0.2641114334354469
5 5 5 5 0.2641114334354469
4 6 6 4 0.2673882295892027
5 6 6 5 0.2673882295892027
4 7 7 4 0.2673882295892027
5 7 7 5 0.2673882295892027
4 8 8 4 0.24609463740998214
5 8 8 5 0.24609463740998214
4 9 9 4 0.24609463740998214
5 9 9 5 0.24609463740998214
4 10 10 4 0.2681484126787908
5 10 10 5 0.2681484126787908
4 11 11 4 0.2681484126787908
5 11 11 5 0.2681484126787908
4 0 10 6 -0.0795921365232001
5 0 10 7 -0.0795921365232001
4 1 11 6 -0.0795921365232001
5 1 11 7 -0.0795921365232001
4 2 8 6 0.09504384072091901
5 2 8 7 0.09504384072091901
4 3 9 6 0.09504384072091901
5 3 9 7 0.09504384072091901
4 4 6 6 0.1149911650274082
5 4 6 7 0.1149911650274082
4 5 7 6 0.1149911650274082
5 5 7 7 0.1149911650274082
4 6 4 6 0.11499116502740817
5 6 4 7 0.11499116502740817
4 7 5 6 0.11499116502740817
5 7 5 7 0.11499116502740817
4 8 2 6 0.09504384072091901
5 8 2 7 0.09504384072091901
4 9 3 6 0.09504384072091901
5 9 3 7 0.09504384072091901
4 10 0 6 -0.07959213652320013
5 10 0 7 -0.07959213652320013
4 11 1 6 -0.07959213652320013
5 11 1 7 -0.07959213652320013
4 2 6 8 0.009973662027080584
5 2 6 9 0.009973662027080584
4 3 7 8 0.009973662027080584
5 3 7 9 0.009973662027080584
4 4 8 8 0.009973662027080584
5 4 8 9 0.009973662027080584
4 5 9 8 0.009973662027080584
5 5 9 9 0.009973662027080584
4 6 2 8 0.009973662027080584
5 6 2 9 0.009973662027080584
4 7 3 8 0.009973662027080584
5 7 3 9 0.009973662027080584
4 8 4 8 0.009973662027080584
5 8 4 9 0.009973662027080584
4 9 5 8 0.009973662027080584
5 9 5 9 0.009973662027080584
4 0 6 10 -0.005472087820833334
5 0 6 11 -0.005472087820833334
4 1 7 10 -0.005472087820833334
5 1 7 11 -0.005472087820833334
4 4 10 10 0.013314604098002294
5 4 10 11 0.013314604098002294
4 5 11 10 0.013314604098002294
5 5 11 11 0.013314604098002294
4 6 0 10 -0.005472087820833334
5 6 0 11 -0.005472087820833334
4 7 1 10 -0.005472087820833334
5 7 1 11 -0.005472087820833334
4 10 4 10 0.013314604098002294
5 10 4 11 0.013314604098002294
4 11 5 10 0.013314604098002294
5 11 5 11 0.013314604098002294
6 0 6 0 0.012957880534918625
7 0 6 1 0.012957880534918625
6 1 7 0 0.012957880534918625
7 1 7 1 0.012957880534918625
6 4 10 0 -0.005472087820833334
7 4 10 1 -0.005472087820833334
6 5 11 0 -0.005472087820833334
7 5 11 1 -0.005472087820833334
6 6 0 0 0.012957880534918628
7 6 0 1 0.012957880534918628
6 7 1 0 0.012957880534918628
7 7 1 1 0.012957880534918628
6 10 4 0 -0.005472087820833333
7 10 4 1 -0.005472087820833333
6 11 5 0 -0.005472087820833333
7 11 5 1 -0.005472087820833333
6 2 6 2 0.009973662027080582
7 2 6 3 0.009973662027080582
6 3 7 2 0.009973662027080582
7 3 7 3 0.009973662027080582
6 4 8 2 0.009973662027080582
7 4 8 3 0.009973662027080582
6 5 9 2 0.009973662027080582
7 5 9 3 0.009973662027080582
6 6 2 2 0.009973662027080582
7 6 2 3 0.009973662027080582
6 7 3 2 0.009973662027080582
7 7 3 3 0.009973662027080582
6 8 4 2 0.009973662027080582
7 8 4 3 0.009973662027080582
6 9 5 2 0.009973662027080582
7 9 5 3 0.009973662027080582
6 0 10 4 -0.0795921365232001
7 0 10 5 -0.0795921365232001
6 1 11 4 -0.0795921365232001
7 1 11 5 -0.0795921365232001
6 2 8 4 0.09504384072091901
7 2 8 5 0.09504384072091901
6 3 9 4 0.09504384072091901
7 3 9 5 0.09504384072091901
6 4 6 4 0.1149911650274082
7 4 6 5 0.1149911650274082
6 5 7 4 0.1149911650274082
7 5 7 5 0.1149911650274082
6 6 4 4 0.11499116502740818
7 6 4 5 0.11499116502740818
6 7 5 4 0.11499116502740818
7 7 5 5 0.11499116502740818
6 8 2 4 0.09504384072091901
7 8 2 5 0.09504384072091901
6 9 3 4 0.09504384072091901
7 9 3 5 0.09504384072091901
6 10 0 4 -0.07959213652320013
7 10 0 5 -0.07959213652320013
6 11 1 4 -0.07959213652320013
7 11 1 5 -0.07959213652320013
6 0 0 6 0.2469827857080269
7 0 0 7 0.2469827857080269
6 1 1 6 0.2469827857080269
7 1 1 7 0.2469827857080269
6 2 2 6 0.24609463740998203
7 2 2 7 0.24609463740998203
6 3 3 6 0.24609463740998203
7 3 3 7 0.24609463740998203
6 4 4 6 0.2673882295892027
7 4 4 7 0.2673882295892027
6 5 5 6 0.2673882295892027
7 5 5 7 0.2673882295892027
6 6 6 6 0.27261601715086203
7 6 6 7 0.27261601715086203
6 7 7 6 0.27261601715086203
7 7 7 7 0.27261601715086203
6 8 8 6 0.25004958273398226
7 8 8 7 0.25004958273398226
6 9 9 6 0.25004958273398226
7 9 9 7 0.25004958273398226
6 10 10 6 0.2698002571423026
7 10 10 7 0.2698002571423026
6 11 11 6 0.2698002571423026
7 11 11 7 0.2698002571423026
6 2 4 8 0.010646795963446299
7 2 4 9 0.010646795963446299
6 3 5 8 0.010646795963446299
7 3 5 9 0.010646795963446299
6 4 2 8 0.010646795963446299
7 4 2 9 0.010646795963446299
6 5 3 8 0.010646795963446299
7 5 3 9 0.010646795963446299
6 6 8 8 0.011283217055463642
7 6 8 9 0.011283217055463642
6 7 9 8 0.011283217055463642
7 7 9 9 0.011283217055463642
6 8 6 8 0.011283217055463642
7 8 6 9 0.011283217055463642
6 9 7 8 0.011283217055463642
7 9 7 9 0.011283217055463642
6 0 4 10 -0.00735657901291509
7 0 4 11 -0.00735657901291509
6 1 5 10 -0.00735657901291509
7 1 5 11 -0.00735657901291509
6 4 0 10 -0.007356579012915091
7 4 0 11 -0.007356579012915091
6 5 1 10 -0.007356579012915091
7 5 1 11 -0.007356579012915091
6 6 10 10 0.015547802271764732
7 6 10 11 0.015547802271764732
6 7 11 10 0.015547802271764732
7 7 11 11 0.015547802271764732
6 10 6 10 0.015547802271764732
7 10 6 11 0.015547802271764732
6 11 7 10 0.015547802271764732
7 11 7 11 0.015547802271764732
8 0 8 0 0.012957880534918625
9 0 8 1 0.012957880534918625
8 1 9 0 0.012957880534918625
9 1 9 1 0.012957880534918625
8 2 10 0 -0.005472087820833334
9 2 10 1 -0.005472087820833334
8 3 11 0 -0.005472087820833334
9 3 11 1 -0.005472087820833334
8 8 0 0 0.012957880534918628
9 8 0 1 0.012957880534918628
8 9 1 0 0.012957880534918628
9 9 1 1 0.012957880534918628
8 10 2 0 -0.005472087820833333
9 10 2 1 -0.005472087820833333
8 11 3 0 -0.005472087820833333
9 11 3 1 -0.005472087820833333
8 0 10 2 -0.0795921365232001
9 0 10 3 -0.0795921365232001
8 1 11 2 -0.0795921365232001
9 1 11 3 -0.0795921365232001
8 2 8 2 0.1149911650274082
9 2 8 3 0.1149911650274082
8 3 9 2 0.1149911650274082
9 3 9 3 0.1149911650274082
8 4 6 2 0.09504384072091901
9 4 6 3 0.09504384072091901
8 5 7 2 0.09504384072091901
9 5 7 3 0.09504384072091901
8 6 4 2 0.09504384072091901
9 6 4 3 0.09504384072091901
8 7 5 2 0.09504384072091901
9 7 5 3 0.09504384072091901
8 8 2 2 0.11499116502740818
9 8 2 3 0.11499116502740818
8 9 3 2 0.11499116502740818
9 9 3 3 0.11499116502740818
8 10 0 2 -0.07959213652320013
9 10 0 3 -0.07959213652320013
8 11 1 2 -0.07959213652320013
9 11 1 3 -0.07959213652320013
8 2 6 4 0.009973662027080582
9 2 6 5 0.009973662027080582
8 3 7 4 0.009973662027080582
9 3 7 5 0.009973662027080582
8 4 8 4 0.009973662027080582
9 4 8 5 0.009973662027080582
8 5 9 4 0.009973662027080582
9 5 9 5 0.009973662027080582
8 6 2 4 0.009973662027080582
9 6 2 5 0.009973662027080582
8 7 3 4 0.009973662027080582
9 7 3 5 0.009973662027080582
8 8 4 4 0.009973662027080582
9 8 4 5 0.009973662027080582
8 9 5 4 0.009973662027080582
9 9 5 5 0.009973662027080582
8 2 4 6 0.010646795963446299
9 2 4 7 0.010646795963446299
8 3 5 6 0.010646795963446299
9 3 5 7 0.010646795963446299
8 4 2 6 0.010646795963446299
9 4 2 7 0.010646795963446299
8 5 3 6 0.010646795963446299
9 5 3 7 0.010646795963446299
8 6 8 6 0.011283217055463642
9 6 8 7 0.011283217055463642
8 7 9 6 0.011283217055463642
9 7 9 7 0.011283217055463642
8 8 6 6 0.011283217055463642
9 8 6 7 0.011283217055463642
8 9 7 6 0.011283217055463642
9 9 7 7 0.011283217055463642
8 0 0 8 0.2469827857080269
9 0 0 9 0.2469827857080269
8 1 1 8 0.2469827857080269
9 1 1 9 0.2469827857080269
8 2 2 8 0.2673882295892027
9 2 2 9 0.2673882295892027
8 3 3 8 0.2673882295892027
9 3 3 9 0.2673882295892027
8 4 4 8 0.24609463740998203
9 4 4 9 0.24609463740998203
8 5 5 8 0.24609463740998203
9 5 5 9 0.24609463740998203
8 6 6 8 0.25004958273398226
9 6 6 9 0.25004958273398226
8 7 7 8 0.25004958273398226
9 7 7 9 0.25004958273398226
8 8 8 8 0.27261601715086203
9 8 8 9 0.27261601715086203
8 9 9 8 0.27261601715086203
9 9 9 9 0.27261601715086203
8 10 10 8 0.2698002571423026
9 10 10 9 0.2698002571423026
8 11 11 8 0.2698002571423026
9 11 11 9 0.2698002571423026
8 0 2 10 -0.00735657901291509
9 0 2 11 -0.00735657901291509
8 1 3 10 -0.00735657901291509
9 1 3 11 -0.00735657901291509
8 2 0 10 -0.007356579012915091
9 2 0 11 -0.007356579012915091
8 3 1 10 -0.007356579012915091
9 3 1 11 -0.007356579012915091
8 8 10 10 0.015547802271764732
9 8 10 11 0.015547802271764732
8 9 11 10 0.015547802271764732
9 9 11 11 0.015547802271764732
8 10 8 10 0.015547802271764732
9 10 8 11 0.015547802271764732
8 11 9 10 0.015547802271764732
9 11 9 11 0.015547802271764732
10 0 10 0 0.08447290017066343
11 0 10 1 0.08447290017066343
10 1 11 0 0.08447290017066343
11 1 11 1 0.08447290017066343
10 2 8 0 -0.07959213652320013
11 2 8 1 -0.07959213652320013
10 3 9 0 -0.07959213652320013
11 3 9 1 -0.07959213652320013
10 4 6 0 -0.07959213652320013
11 4 6 1 -0.07959213652320013
10 5 7 0 -0.07959213652320013
11 5 7 1 -0.07959213652320013
10 6 4 0 -0.07959213652320012
11 6 4 1 -0.07959213652320012
10 7 5 0 -0.07959213652320012
11 7 5 1 -0.07959213652320012
10 8 2 0 -0.07959213652320012
11 8 2 1 -0.07959213652320012
10 9 3 0 -0.07959213652320012
11 9 3 1 -0.07959213652320012
10 10 0 0 0.08447290017066336
11 10 0 1 0.08447290017066336
10 11 1 0 0.08447290017066336
11 11 1 1 0.08447290017066336
10 0 8 2 -0.005472087820833333
11 0 8 3 -0.005472087820833333
10 1 9 2 -0.005472087820833333
11 1 9 3 -0.005472087820833333
10 2 10 2 0.013314604098002294
11 2 10 3 0.013314604098002294
10 3 11 2 0.013314604098002294
11 3 11 3 0.013314604098002294
10 8 0 2 -0.005472087820833336
11 8 0 3 -0.005472087820833336
10 9 1 2 -0.005472087820833336
11 9 1 3 -0.005472087820833336
10 10 2 2 0.013314604098002296
11 10 2 3 0.013314604098002296
10 11 3 2 0.013314604098002296
11 11 3 3 0.013314604098002296
10 0 6 4 -0.005472087820833333
11 0 6 5 -0.005472087820833333
10 1 7 4 -0.005472087820833333
11 1 7 5 -0.005472087820833333
10 4 10 4 0.013314604098002294
11 4 10 5 0.013314604098002294
10 5 11 4 0.013314604098002294
11 5 11 5 0.013314604098002294
10 6 0 4 -0.005472087820833336
11 6 0 5 -0.005472087820833336
10 7 1 4 -0.005472087820833336
11 7 1 5 -0.005472087820833336
10 10 4 4 0.013314604098002296
11 10 4 5 0.013314604098002296
10 11 5 4 0.013314604098002296
11 11 5 5 0.013314604098002296
10 0 4 6 -0.00735657901291509
11 0 4 7 -0.00735657901291509
10 1 5 6 -0.00735657901291509
11 1 5 7 -0.00735657901291509
10 4 0 6 -0.00735657901291509
11 4 0 7 -0.00735657901291509
10 5 1 6 -0.00735657901291509
11 5 1 7 -0.00735657901291509
10 6 10 6 0.015547802271764735
11 6 10 7 0.015547802271764735
10 7 11 6 0.015547802271764735
11 7 11 7 0.015547802271764735
10 10 6 6 0.015547802271764732
11 10 6 7 0.015547802271764732
10 11 7 6 0.015547802271764732
11 11 7 7 0.015547802271764732
10 0 2 8 -0.00735657901291509
11 0 2 9 -0.00735657901291509
10 1 3 8 -0.00735657901291509
11 1 3 9 -0.00735657901291509
10 2 0 8 -0.00735657901291509
11 2 0 9 -0.00735657901291509
10 3 1 8 -0.00735657901291509
11 3 1 9 -0.00735657901291509
10 8 10 8 0.015547802271764735
11 8 10 9 0.015547802271764735
10 9 11 8 0.015547802271764735
11 9 11 9 0.015547802271764735
10 10 8 8 0.015547802271764732
11 10 8 9 0.015547802271764732
10 11 9 8 0.015547802271764732
11 11 9 9 0.015547802271764732
10 0 0 10 0.27718739023787586
11 0 0 11 0.27718739023787586
10 1 1 10 0.27718739023787586
11 1 1 11 0.27718739023787586
10 2 2 10 0.26814841267879075
11 2 2 11 0.26814841267879075
10 3 3 10 0.26814841267879075
11 3 3 11 0.26814841267879075
10 4 4 10 0.26814841267879075
11 4 4 11 0.26814841267879075
10 5 5 10 0.26814841267879075
11 5 5 11 0.26814841267879075
10 6 6 10 0.2698002571423026
11 6 6 11 0.2698002571423026
10 7 7 10 0.2698002571423026
11 7 7 11 0.2698002571423026
10 8 8 10 0.2698002571423026
11 8 8 11 0.2698002571423026
10 9 9 10 0.2698002571423026
11 9 9 11 0.2698002571423026
10 10 10 10 0.32205467869175664
11 10 10 11 0.32205467869175664
10 11 11 10 0.32205467869175664
11 11 11 11 0.32205467869175664
