-97.02195772572189
0 0 -3.0170368153562093
1 1 -3.0170368153562093
2 2 -3.000524827196821
3 3 -3.000524827196821
4 4 -3.000524827196821
5 5 -3.000524827196821
6 6 -2.743272049301198
7 7 -2.743272049301198
8 8 -2.743272049301198
9 9 -2.743272049301198
10 10 -2.566309787235907
11 11 -2.566309787235907
0 0 0 0 0.28318955535084933
1 0 0 1 0.28318955535084933
0 1 1 0 0.28318955535084933
1 1 1 1 0.28318955535084933
0 2 2 0 0.2519859893926556
1 2 2 1 0.2519859893926556
0 3 3 0 0.2519859893926556
1 3 3 1 0.2519859893926556
0 4 4 0 0.2519859893926556
1 4 4 1 0.2519859893926556
0 5 5 0 0.2519859893926556
1 5 5 1 0.2519859893926556
0 6 6 0 0.259877113292634
1 6 6 1 0.259877113292634
0 7 7 0 0.259877113292634
1 7 7 1 0.259877113292634
0 8 8 0 0.259877113292634
1 8 8 1 0.259877113292634
0 9 9 0 0.259877113292634
1 9 9 1 0.259877113292634
0 10 10 0 0.2882797743456914
1 10 10 1 0.2882797743456914
0 11 11 0 0.2882797743456914
1 11 11 1 0.2882797743456914
0 0 2 2 0.013523336994202956
1 0 2 3 0.013523336994202956
0 1 3 2 0.013523336994202956
1 1 3 3 0.013523336994202956
0 2 0 2 0.013523336994202956
1 2 0 3 0.013523336994202956
0 3 1 2 0.013523336994202956
1 3 1 3 0.013523336994202956
0 8 10 2 -0.00364360130132896
1 8 10 3 -0.00364360130132896
0 9 11 2 -0.00364360130132896
1 9 11 3 -0.00364360130132896
0 10 8 2 -0.0036436013013289546
1 10 8 3 -0.0036436013013289546
0 11 9 2 -0.0036436013013289546
1 11 9 3 -0.0036436013013289546
0 0 4 4 0.013523336994202956
1 0 4 5 0.013523336994202956
0 1 5 4 0.013523336994202956
1 1 5 5 0.013523336994202956
0 4 0 4 0.013523336994202956
1 4 0 5 0.013523336994202956
0 5 1 4 0.013523336994202956
1 5 1 5 0.013523336994202956
0 6 10 4 -0.00364360130132896
1 6 10 5 -0.00364360130132896
0 7 11 4 -0.00364360130132896
1 7 11 5 -0.00364360130132896
0 10 6 4 -0.0036436013013289546
1 10 6 5 -0.0036436013013289546
0 11 7 4 -0.0036436013013289546
1 11 7 5 -0.0036436013013289546
0 0 6 6 0.016298585820517332
1 0 6 7 0.016298585820517332
0 1 7 6 0.016298585820517332
1 1 7 7 0.016298585820517332
0 4 10 6 -0.0012023917980322442
1 4 10 7 -0.0012023917980322442
0 5 11 6 -0.0012023917980322442
1 5 11 7 -0.0012023917980322442
0 6 0 6 0.016298585820517332
1 6 0 7 0.016298585820517332
0 7 1 6 0.016298585820517332
1 7 1 7 0.016298585820517332
0 10 4 6 -0.0012023917980322416
1 10 4 7 -0.0012023917980322416
0 11 5 6 -0.0012023917980322416
1 11 5 7 -0.0012023917980322416
0 0 8 8 0.016298585820517332
1 0 8 9 0.016298585820517332
0 1 9 8 0.016298585820517332
1 1 9 9 0.016298585820517332
0 2 10 8 -0.0012023917980322442
1 2 10 9 -0.0012023917980322442
0 3 11 8 -0.0012023917980322442
1 3 11 9 -0.0012023917980322442
0 8 0 8 0.016298585820517332
1 8 0 9 0.016298585820517332
0 9 1 8 0.016298585820517332
1 9 1 9 0.016298585820517332
0 10 2 8 -0.0012023917980322416
1 10 2 9 -0.0012023917980322416
0 11 3 8 -0.0012023917980322416
1 11 3 9 -0.0012023917980322416
0 0 10 10 0.05947636660389202
1 0 10 11 0.05947636660389202
0 1 11 10 0.05947636660389202
1 1 11 11 0.05947636660389202
0 2 8 10 -0.059308175359236465
1 2 8 11 -0.059308175359236465
0 3 9 10 -0.059308175359236465
1 3 9 11 -0.059308175359236465
0 4 6 10 -0.059308175359236465
1 4 6 11 -0.059308175359236465
0 5 7 10 -0.059308175359236465
1 5 7 11 -0.059308175359236465
0 6 4 10 -0.05930817535923645
1 6 4 11 -0.05930817535923645
0 7 5 10 -0.05930817535923645
1 7 5 11 -0.05930817535923645
0 8 2 10 -0.05930817535923645
1 8 2 11 -0.05930817535923645
0 9 3 10 -0.05930817535923645
1 9 3 11 -0.05930817535923645
0 10 0 10 0.059476366603891974
1 10 0 11 0.059476366603891974
0 11 1 10 0.059476366603891974
1 11 1 11 0.059476366603891974
2 0 2 0 0.013523336994202956
3 0 2 1 0.013523336994202956
2 1 3 0 0.013523336994202956
3 1 3 1 0.013523336994202956
2 2 0 0 0.013523336994202956
3 2 0 1 0.013523336994202956
2 3 1 0 0.013523336994202956
3 3 1 1 0.013523336994202956
2 8 10 0 -0.0036436013013289585
3 8 10 1 -0.0036436013013289585
2 9 11 0 -0.0036436013013289585
3 9 11 1 -0.0036436013013289585
2 10 8 0 -0.0036436013013289533
3 10 8 1 -0.0036436013013289533
2 11 9 0 -0.0036436013013289533
3 11 9 1 -0.0036436013013289533
2 0 0 2 0.25198598939265565
3 0 0 3 0.25198598939265565
2 1 1 2 0.25198598939265565
3 1 1 3 0.25198598939265565
2 2 2 2 0.2795261678207832
3 2 2 3 0.2795261678207832
2 3 3 2 0.2795261678207832
3 3 3 3 0.2795261678207832
2 4 4 2 0.2575240125185003
3 4 4 3 0.2575240125185003
2 5 5 2 0.2575240125185003
3 5 5 3 0.2575240125185003
2 6 6 2 0.2596144703954407
3 6 6 3 0.2596144703954407
2 7 7 2 0.2596144703954407
3 7 7 3 0.2596144703954407
2 8 8 2 0.28166473927131025
3 8 8 3 0.28166473927131025
2 9 9 2 0.28166473927131025
3 9 9 3 0.28166473927131025
2 10 10 2 0.2923226450924739
3 10 10 3 0.2923226450924739
2 11 11 2 0.2923226450924739
3 11 11 3 0.2923226450924739
2 2 4 4 0.011001077295695945
3 2 4 5 0.011001077295695945
2 3 5 4 0.011001077295695945
3 3 5 5 0.011001077295695945
2 4 2 4 0.011001077295695945
3 4 2 5 0.011001077295695945
2 5 3 4 0.011001077295695945
3 5 3 5 0.011001077295695945
2 6 8 4 0.011025134437934788
3 6 8 5 0.011025134437934788
2 7 9 4 0.011025134437934788
3 7 9 5 0.011025134437934788
2 8 6 4 0.011025134437934788
3 8 6 5 0.011025134437934788
2 9 7 4 0.011025134437934788
3 9 7 5 0.011025134437934788
2 2 6 6 0.009726745699573838
3 2 6 7 0.009726745699573838
2 3 7 6 0.009726745699573838
3 3 7 7 0.009726745699573838
2 4 8 6 0.009726745699573838
3 4 8 7 0.009726745699573838
2 5 9 6 0.009726745699573838
3 5 9 7 0.009726745699573838
2 6 2 6 0.009726745699573838
3 6 2 7 0.009726745699573838
2 7 3 6 0.009726745699573838
3 7 3 7 0.009726745699573838
2 8 4 6 0.009726745699573838
3 8 4 7 0.009726745699573838
2 9 5 6 0.009726745699573838
3 9 5 7 0.009726745699573838
2 0 10 8 -0.05930817535923654
3 0 10 9 -0.05930817535923654
2 1 11 8 -0.05930817535923654
3 1 11 9 -0.05930817535923654
2 2 8 8 0.10281272239896695
3 2 8 9 0.10281272239896695
2 3 9 8 0.10281272239896695
3 3 9 9 0.10281272239896695
2 4 6 8 0.08335923048189388
3 4 6 9 0.08335923048189388
2 5 7 8 0.08335923048189388
3 5 7 9 0.08335923048189388
2 6 4 8 0.08335923048189395
3 6 4 9 0.08335923048189395
2 7 5 8 0.08335923048189395
3 7 5 9 0.08335923048189395
2 8 2 8 0.102812722398967
3 8 2 9 0.102812722398967
2 9 3 8 0.102812722398967
3 9 3 9 0.102812722398967
2 10 0 8 -0.059308175359236534
3 10 0 9 -0.059308175359236534
2 11 1 8 -0.059308175359236534
3 11 1 9 -0.059308175359236534
2 0 8 10 -0.0012023917980322407
3 0 8 11 -0.0012023917980322407
2 1 9 10 -0.0012023917980322407
3 1 9 11 -0.0012023917980322407
2 2 10 10 0.01581995572747304
3 2 10 11 0.01581995572747304
2 3 11 10 0.01581995572747304
3 3 11 11 0.01581995572747304
2 8 0 10 -0.0012023917980322446
3 8 0 11 -0.0012023917980322446
2 9 1 10 -0.0012023917980322446
3 9 1 11 -0.0012023917980322446
2 10 2 10 0.01581995572747304
3 10 2 11 0.01581995572747304
2 11 3 10 0.01581995572747304
3 11 3 11 0.01581995572747304
4 0 4 0 0.013523336994202956
5 0 4 1 0.013523336994202956
4 1 5 0 0.013523336994202956
5 1 5 1 0.013523336994202956
4 4 0 0 0.013523336994202956
5 4 0 1 0.013523336994202956
4 5 1 0 0.013523336994202956
5 5 1 1 0.013523336994202956
4 6 10 0 -0.0036436013013289585
5 6 10 1 -0.0036436013013289585
4 7 11 0 -0.0036436013013289585
5 7 11 1 -0.0036436013013289585
4 10 6 0 -0.0036436013013289533
5 10 6 1 -0.0036436013013289533
4 11 7 0 -0.0036436013013289533
5 11 7 1 -0.0036436013013289533
4 2 4 2 0.011001077295695945
5 2 4 3 0.011001077295695945
4 3 5 2 0.011001077295695945
5 3 5 3 0.011001077295695945
4 4 2 2 0.011001077295695945
5 4 2 3 0.011001077295695945
4 5 3 2 0.011001077295695945
5 5 3 3 0.011001077295695945
4 6 8 2 0.011025134437934788
5 6 8 3 0.011025134437934788
4 7 9 2 0.011025134437934788
5 7 9 3 0.011025134437934788
4 8 6 2 0.011025134437934788
5 8 6 3 0.011025134437934788
4 9 7 2 0.011025134437934788
5 9 7 3 0.011025134437934788
4 0 0 4 0.25198598939265565
5 0 0 5 0.25198598939265565
4 1 1 4 0.25198598939265565
5 1 1 5 0.25198598939265565
4 2 2 4 0.2575240125185003
5 2 2 5 0.2575240125185003
4 3 3 4 0.2575240125185003
5 3 3 5 0.2575240125185003
4 4 4 4 0.2795261678207832
5 4 4 5 0.2795261678207832
4 5 5 4 0.2795261678207832
5 5 5 5 0.2795261678207832
4 6 6 4 0.28166473927131025
5 6 6 5 0.28166473927131025
4 7 7 4 0.28166473927131025
5 7 7 5 0.28166473927131025
4 8 8 4 0.2596144703954407
5 8 8 5 0.2596144703954407
4 9 9 4 0.2596144703954407
5 9 9 5 0.2596144703954407
4 10 10 4 0.2923226450924739
5 10 10 5 0.2923226450924739
4 11 11 4 0.2923226450924739
5 11 11 5 0.2923226450924739
4 0 10 6 -0.05930817535923654
5 0 10 7 -0.05930817535923654
4 1 11 6 -0.05930817535923654
5 1 11 7 -0.05930817535923654
4 2 8 6 0.08335923048189388
5 2 8 7 0.08335923048189388
4 3 9 6 0.08335923048189388
5 3 9 7 0.08335923048189388
4 4 6 6 0.10281272239896695
5 4 6 7 0.10281272239896695
4 5 7 6 0.10281272239896695
5 5 7 7 0.10281272239896695
4 6 4 6 0.102812722398967
5 6 4 7 0.102812722398967
4 7 5 6 0.102812722398967
5 7 5 7 0.102812722398967
4 8 2 6 0.08335923048189395
5 8 2 7 0.08335923048189395
4 9 3 6 0.08335923048189395
5 9 3 7 0.08335923048189395
4 10 0 6 -0.059308175359236534
5 10 0 7 -0.059308175359236534
4 11 1 6 -0.059308175359236534
5 11 1 7 -0.059308175359236534
4 2 6 8 0.009726745699573838
5 2 6 9 0.009726745699573838
4 3 7 8 0.009726745699573838
5 3 7 9 0.009726745699573838
4 4 8 8 0.009726745699573838
5 4 8 9 0.009726745699573838
4 5 9 8 0.009726745699573838
5 5 9 9 0.009726745699573838
4 6 2 8 0.009726745699573838
5 6 2 9 0.009726745699573838
4 7 3 8 0.009726745699573838
5 7 3 9 0.009726745699573838
4 8 4 8 0.009726745699573838
5 8 4 9 0.009726745699573838
4 9 5 8 0.009726745699573838
5 9 5 9 0.009726745699573838
4 0 6 10 -0.0012023917980322407
5 0 6 11 -0.0012023917980322407
4 1 7 10 -0.0012023917980322407
5 1 7 11 -0.0012023917980322407
4 4 10 10 0.01581995572747304
5 4 10 11 0.01581995572747304
4 5 11 10 0.01581995572747304
5 5 11 11 0.01581995572747304
4 6 0 10 -0.0012023917980322446
5 6 0 11 -0.0012023917980322446
4 7 1 10 -0.0012023917980322446
5 7 1 11 -0.0012023917980322446
4 10 4 10 0.01581995572747304
5 10 4 11 0.01581995572747304
4 11 5 10 0.01581995572747304
5 11 5 11 0.01581995572747304
6 0 6 0 0.016298585820517332
7 0 6 1 0.016298585820517332
6 1 7 0 0.016298585820517332
7 1 7 1 0.016298585820517332
6 4 10 0 -0.0012023917980322437
7 4 10 1 -0.0012023917980322437
6 5 11 0 -0.0012023917980322437
7 5 11 1 -0.0012023917980322437
6 6 0 0 0.016298585820517332
7 6 0 1 0.016298585820517332
6 7 1 0 0.016298585820517332
7 7 1 1 0.016298585820517332
6 10 4 0 -0.0012023917980322424
7 10 4 1 -0.0012023917980322424
6 11 5 0 -0.0012023917980322424
7 11 5 1 -0.0012023917980322424
6 2 6 2 0.009726745699573838
7 2 6 3 0.009726745699573838
6 3 7 2 0.009726745699573838
7 3 7 3 0.009726745699573838
6 4 8 2 0.009726745699573838
7 4 8 3 0.009726745699573838
6 5 9 2 0.009726745699573838
7 5 9 3 0.009726745699573838
6 6 2 2 0.009726745699573838
7 6 2 3 0.009726745699573838
6 7 3 2 0.009726745699573838
7 7 3 3 0.009726745699573838
6 8 4 2 0.009726745699573838
7 8 4 3 0.009726745699573838
6 9 5 2 0.009726745699573838
7 9 5 3 0.009726745699573838
6 0 10 4 -0.05930817535923654
7 0 10 5 -0.05930817535923654
6 1 11 4 -0.05930817535923654
7 1 11 5 -0.05930817535923654
6 2 8 4 0.08335923048189388
7 2 8 5 0.08335923048189388
6 3 9 4 0.08335923048189388
7 3 9 5 0.08335923048189388
6 4 6 4 0.10281272239896697
7 4 6 5 0.10281272239896697
6 5 7 4 0.10281272239896697
7 5 7 5 0.10281272239896697
6 6 4 4 0.10281272239896698
7 6 4 5 0.10281272239896698
6 7 5 4 0.10281272239896698
7 7 5 5 0.10281272239896698
6 8 2 4 0.08335923048189395
7 8 2 5 0.08335923048189395
6 9 3 4 0.08335923048189395
7 9 3 5 0.08335923048189395
6 10 0 4 -0.059308175359236534
7 10 0 5 -0.059308175359236534
6 11 1 4 -0.059308175359236534
7 11 1 5 -0.059308175359236534
6 0 0 6 0.25987711329263413
7 0 0 7 0.25987711329263413
6 1 1 6 0.25987711329263413
7 1 1 7 0.25987711329263413
6 2 2 6 0.2596144703954407
7 2 2 7 0.2596144703954407
6 3 3 6 0.2596144703954407
7 3 3 7 0.2596144703954407
6 4 4 6 0.28166473927131025
7 4 4 7 0.28166473927131025
6 5 5 6 0.28166473927131025
7 5 5 7 0.28166473927131025
6 6 6 6 0.28912236053965196
7 6 6 7 0.28912236053965196
6 7 7 6 0.28912236053965196
7 7 7 7 0.28912236053965196
6 8 8 6 0.26523090037474223
7 8 8 7 0.26523090037474223
6 9 9 6 0.26523090037474223
7 9 9 7 0.26523090037474223
6 10 10 6 0.29359135906722555
7 10 10 7 0.29359135906722555
6 11 11 6 0.29359135906722555
7 11 11 7 0.29359135906722555
6 2 4 8 0.011025134437934788
7 2 4 9 0.011025134437934788
6 3 5 8 0.011025134437934788
7 3 5 9 0.011025134437934788
6 4 2 8 0.011025134437934788
7 4 2 9 0.011025134437934788
6 5 3 8 0.011025134437934788
7 5 3 9 0.011025134437934788
6 6 8 8 0.011945730837132292
7 6 8 9 0.011945730837132292
6 7 9 8 0.011945730837132292
7 7 9 9 0.011945730837132292
6 8 6 8 0.011945730837132292
7 8 6 9 0.011945730837132292
6 9 7 8 0.011945730837132292
7 9 7 9 0.011945730837132292
6 0 4 10 -0.0036436013013289616
7 0 4 11 -0.0036436013013289616
6 1 5 10 -0.0036436013013289616
7 1 5 11 -0.0036436013013289616
6 4 0 10 -0.0036436013013289607
7 4 0 11 -0.0036436013013289607
6 5 1 10 -0.0036436013013289607
7 5 1 11 -0.0036436013013289607
6 6 10 10 0.019923167639151897
7 6 10 11 0.019923167639151897
6 7 11 10 0.019923167639151897
7 7 11 11 0.019923167639151897
6 10 6 10 0.01992316763915189
7 10 6 11 0.01992316763915189
6 11 7 10 0.01992316763915189
7 11 7 11 0.01992316763915189
8 0 8 0 0.016298585820517332
9 0 8 1 0.016298585820517332
8 1 9 0 0.016298585820517332
9 1 9 1 0.016298585820517332
8 2 10 0 -0.0012023917980322437
9 2 10 1 -0.0012023917980322437
8 3 11 0 -0.0012023917980322437
9 3 11 1 -0.0012023917980322437
8 8 0 0 0.016298585820517332
9 8 0 1 0.016298585820517332
8 9 1 0 0.016298585820517332
9 9 1 1 0.016298585820517332
8 10 2 0 -0.0012023917980322424
9 10 2 1 -0.0012023917980322424
8 11 3 0 -0.0012023917980322424
9 11 3 1 -0.0012023917980322424
8 0 10 2 -0.05930817535923654
9 0 10 3 -0.05930817535923654
8 1 11 2 -0.05930817535923654
9 1 11 3 -0.05930817535923654
8 2 8 2 0.10281272239896697
9 2 8 3 0.10281272239896697
8 3 9 2 0.10281272239896697
9 3 9 3 0.10281272239896697
8 4 6 2 0.08335923048189388
9 4 6 3 0.08335923048189388
8 5 7 2 0.08335923048189388
9 5 7 3 0.08335923048189388
8 6 4 2 0.08335923048189395
9 6 4 3 0.08335923048189395
8 7 5 2 0.08335923048189395
9 7 5 3 0.08335923048189395
8 8 2 2 0.10281272239896698
9 8 2 3 0.10281272239896698
8 9 3 2 0.10281272239896698
9 9 3 3 0.10281272239896698
8 10 0 2 -0.059308175359236534
9 10 0 3 -0.059308175359236534
8 11 1 2 -0.059308175359236534
9 11 1 3 -0.059308175359236534
8 2 6 4 0.009726745699573838
9 2 6 5 0.009726745699573838
8 3 7 4 0.009726745699573838
9 3 7 5 0.009726745699573838
8 4 8 4 0.009726745699573838
9 4 8 5 0.009726745699573838
8 5 9 4 0.009726745699573838
9 5 9 5 0.009726745699573838
8 6 2 4 0.009726745699573838
9 6 2 5 0.009726745699573838
8 7 3 4 0.009726745699573838
9 7 3 5 0.009726745699573838
8 8 4 4 0.009726745699573838
9 8 4 5 0.009726745699573838
8 9 5 4 0.009726745699573838
9 9 5 5 0.009726745699573838
8 2 4 6 0.011025134437934788
9 2 4 7 0.011025134437934788
8 3 5 6 0.011025134437934788
9 3 5 7 0.011025134437934788
8 4 2 6 0.011025134437934788
9 4 2 7 0.011025134437934788
8 5 3 6 0.011025134437934788
9 5 3 7 0.011025134437934788
8 6 8 6 0.011945730837132292
9 6 8 7 0.011945730837132292
8 7 9 6 0.011945730837132292
9 7 9 7 0.011945730837132292
8 8 6 6 0.011945730837132292
9 8 6 7 0.011945730837132292
8 9 7 6 0.011945730837132292
9 9 7 7 0.011945730837132292
8 0 0 8 0.25987711329263413
9 0 0 9 0.25987711329263413
8 1 1 8 0.25987711329263413
9 1 1 9 0.25987711329263413
8 2 2 8 0.28166473927131025
9 2 2 9 0.28166473927131025
8 3 3 8 0.28166473927131025
9 3 3 9 0.28166473927131025
8 4 4 8 0.2596144703954407
9 4 4 9 0.2596144703954407
8 5 5 8 0.2596144703954407
9 5 5 9 0.2596144703954407
8 6 6 8 0.26523090037474223
9 6 6 9 0.26523090037474223
8 7 7 8 0.26523090037474223
9 7 7 9 0.26523090037474223
8 8 8 8 0.28912236053965196
9 8 8 9 0.28912236053965196
8 9 9 8 0.28912236053965196
9 9 9 9 0.28912236053965196
8 10 10 8 0.29359135906722555
9 10 10 9 0.29359135906722555
8 11 11 8 0.29359135906722555
9 11 11 9 0.29359135906722555
8 0 2 10 -0.0036436013013289616
9 0 2 11 -0.0036436013013289616
8 1 3 10 -0.0036436013013289616
9 1 3 11 -0.0036436013013289616
8 2 0 10 -0.0036436013013289607
9 2 0 11 -0.0036436013013289607
8 3 1 10 -0.0036436013013289607
9 3 1 11 -0.0036436013013289607
8 8 10 10 0.019923167639151897
9 8 10 11 0.019923167639151897
8 9 11 10 0.019923167639151897
9 9 11 11 0.019923167639151897
8 10 8 10 0.01992316763915189
9 10 8 11 0.01992316763915189
8 11 9 10 0.01992316763915189
9 11 9 11 0.01992316763915189
10 0 10 0 0.05947636660389202
11 0 10 1 0.05947636660389202
10 1 11 0 0.05947636660389202
11 1 11 1 0.05947636660389202
10 2 8 0 -0.05930817535923647
11 2 8 1 -0.05930817535923647
10 3 9 0 -0.05930817535923647
11 3 9 1 -0.05930817535923647
10 4 6 0 -0.05930817535923647
11 4 6 1 -0.05930817535923647
10 5 7 0 -0.05930817535923647
11 5 7 1 -0.05930817535923647
10 6 4 0 -0.05930817535923644
11 6 4 1 -0.05930817535923644
10 7 5 0 -0.05930817535923644
11 7 5 1 -0.05930817535923644
10 8 2 0 -0.05930817535923644
11 8 2 1 -0.05930817535923644
10 9 3 0 -0.05930817535923644
11 9 3 1 -0.05930817535923644
10 10 0 0 0.059476366603891995
11 10 0 1 0.059476366603891995
10 11 1 0 0.059476366603891995
11 11 1 1 0.059476366603891995
10 0 8 2 -0.0012023917980322398
11 0 8 3 -0.0012023917980322398
10 1 9 2 -0.0012023917980322398
11 1 9 3 -0.0012023917980322398
10 2 10 2 0.01581995572747304
11 2 10 3 0.01581995572747304
10 3 11 2 0.01581995572747304
11 3 11 3 0.01581995572747304
10 8 0 2 -0.0012023917980322424
11 8 0 3 -0.0012023917980322424
10 9 1 2 -0.0012023917980322424
11 9 1 3 -0.0012023917980322424
10 10 2 2 0.015819955727473044
11 10 2 3 0.015819955727473044
10 11 3 2 0.015819955727473044
11 11 3 3 0.015819955727473044
10 0 6 4 -0.0012023917980322398
11 0 6 5 -0.0012023917980322398
10 1 7 4 -0.0012023917980322398
11 1 7 5 -0.0012023917980322398
10 4 10 4 0.01581995572747304
11 4 10 5 0.01581995572747304
10 5 11 4 0.01581995572747304
11 5 11 5 0.01581995572747304
10 6 0 4 -0.0012023917980322424
11 6 0 5 -0.0012023917980322424
10 7 1 4 -0.0012023917980322424
11 7 1 5 -0.0012023917980322424
10 10 4 4 0.015819955727473044
11 10 4 5 0.015819955727473044
10 11 5 4 0.015819955727473044
11 11 5 5 0.015819955727473044
10 0 4 6 -0.0036436013013289616
11 0 4 7 -0.0036436013013289616
10 1 5 6 -0.0036436013013289616
11 1 5 7 -0.0036436013013289616
10 4 0 6 -0.00364360130132896
11 4 0 7 -0.00364360130132896
10 5 1 6 -0.00364360130132896
11 5 1 7 -0.00364360130132896
10 6 10 6 0.019923167639151897
11 6 10 7 0.019923167639151897
10 7 11 6 0.019923167639151897
11 7 11 7 0.019923167639151897
10 10 6 6 0.019923167639151893
11 10 6 7 0.019923167639151893
10 11 7 6 0.019923167639151893
11 11 7 7 0.019923167639151893
10 0 2 8 -0.0036436013013289616
11 0 2 9 -0.0036436013013289616
10 1 3 8 -0.0036436013013289616
11 1 3 9 -0.0036436013013289616
10 2 0 8 -0.00364360130132896
11 2 0 9 -0.00364360130132896
10 3 1 8 -0.00364360130132896
11 3 1 9 -0.00364360130132896
10 8 10 8 0.019923167639151897
11 8 10 9 0.019923167639151897
10 9 11 8 0.019923167639151897
11 9 11 9 0.019923167639151897
10 10 8 8 0.019923167639151893
11 10 8 9 0.019923167639151893
10 11 9 8 0.019923167639151893
11 11 9 9 0.019923167639151893
10 0 0 10 0.2882797743456915
11 0 0 11 0.2882797743456915
10 1 1 10 0.2882797743456915
11 1 1 11 0.2882797743456915
10 2 2 10 0.292322645092474
11 2 2 11 0.292322645092474
10 3 3 10 0.292322645092474
11 3 3 11 0.292322645092474
10 4 4 10 0.292322645092474
11 4 4 11 0.292322645092474
10 5 5 10 0.292322645092474
11 5 5 11 0.292322645092474
10 6 6 10 0.29359135906722544
11 6 6 11 0.29359135906722544
10 7 7 10 0.29359135906722544
11 7 7 11 0.29359135906722544
10 8 8 10 0.29359135906722544
11 8 8 11 0.29359135906722544
10 9 9 10 0.29359135906722544
11 9 9 11 0.29359135906722544
10 10 10 10 0.3591281907468372
11 10 10 11 0.3591281907468372
10 11 11 10 0.3591281907468372
11 11 11 11 0.3591281907468372
