-98.45510852725376
0 0 -2.5925117743027704
1 1 -2.5925117743027704
2 2 -2.50987230828141
3 3 -2.50987230828141
4 4 -2.50987230828141
5 5 -2.50987230828141
6 6 -2.4770234910638544
7 7 -2.4770234910638544
8 8 -2.4770234910638544
9 9 -2.4770234910638544
10 10 -2.494020675865177
11 11 -2.494020675865177
0 0 0 0 0.2526102624667807
1 0 0 1 0.2526102624667807
0 1 1 0 0.2526102624667807
1 1 1 1 0.2526102624667807
0 2 2 0 0.2294004577578951
1 2 2 1 0.2294004577578951
0 3 3 0 0.2294004577578951
1 3 3 1 0.2294004577578951
0 4 4 0 0.2294004577578951
1 4 4 1 0.2294004577578951
0 5 5 0 0.2294004577578951
1 5 5 1 0.2294004577578951
0 6 6 0 0.23069744333918812
1 6 6 1 0.23069744333918812
0 7 7 0 0.23069744333918812
1 7 7 1 0.23069744333918812
0 8 8 0 0.23069744333918812
1 8 8 1 0.23069744333918812
0 9 9 0 0.23069744333918812
1 9 9 1 0.23069744333918812
0 10 10 0 0.2594089532216086
1 10 10 1 0.2594089532216086
0 11 11 0 0.2594089532216086
1 11 11 1 0.2594089532216086
0 0 2 2 0.01088314729211372
1 0 2 3 0.01088314729211372
0 1 3 2 0.01088314729211372
1 1 3 3 0.01088314729211372
0 2 0 2 0.010883147292113721
1 2 0 3 0.010883147292113721
0 3 1 2 0.010883147292113721
1 3 1 3 0.010883147292113721
0 8 10 2 0.009788502572774103
1 8 10 3 0.009788502572774103
0 9 11 2 0.009788502572774103
1 9 11 3 0.009788502572774103
0 10 8 2 0.009788502572774107
1 10 8 3 0.009788502572774107
0 11 9 2 0.009788502572774107
1 11 9 3 0.009788502572774107
0 0 4 4 0.01088314729211372
1 0 4 5 0.01088314729211372
0 1 5 4 0.01088314729211372
1 1 5 5 0.01088314729211372
0 4 0 4 0.010883147292113721
1 4 0 5 0.010883147292113721
0 5 1 4 0.010883147292113721
1 5 1 5 0.010883147292113721
0 6 10 4 0.009788502572774103
1 6 10 5 0.009788502572774103
0 7 11 4 0.009788502572774103
1 7 11 5 0.009788502572774103
0 10 6 4 0.009788502572774107
1 10 6 5 0.009788502572774107
0 11 7 4 0.009788502572774107
1 11 7 5 0.009788502572774107
0 0 6 6 0.010431565934204572
1 0 6 7 0.010431565934204572
0 1 7 6 0.010431565934204572
1 1 7 7 0.010431565934204572
0 4 10 6 0.008952306676823075
1 4 10 7 0.008952306676823075
0 5 11 6 0.008952306676823075
1 5 11 7 0.008952306676823075
0 6 0 6 0.010431565934204572
1 6 0 7 0.010431565934204572
0 7 1 6 0.010431565934204572
1 7 1 7 0.010431565934204572
0 10 4 6 0.008952306676823075
1 10 4 7 0.008952306676823075
0 11 5 6 0.008952306676823075
1 11 5 7 0.008952306676823075
0 0 8 8 0.010431565934204572
1 0 8 9 0.010431565934204572
0 1 9 8 0.010431565934204572
1 1 9 9 0.010431565934204572
0 2 10 8 0.008952306676823075
1 2 10 9 0.008952306676823075
0 3 11 8 0.008952306676823075
1 3 11 9 0.008952306676823075
0 8 0 8 0.010431565934204572
1 8 0 9 0.010431565934204572
0 9 1 8 0.010431565934204572
1 9 1 9 0.010431565934204572
0 10 2 8 0.008952306676823075
1 10 2 9 0.008952306676823075
0 11 3 8 0.008952306676823075
1 11 3 9 0.008952306676823075
0 0 10 10 0.11671311123141492
1 0 10 11 0.11671311123141492
0 1 11 10 0.11671311123141492
1 1 11 11 0.11671311123141492
0 2 8 10 0.1037843619895887
1 2 8 11 0.1037843619895887
0 3 9 10 0.1037843619895887
1 3 9 11 0.1037843619895887
0 4 6 10 0.1037843619895887
1 4 6 11 0.1037843619895887
0 5 7 10 0.1037843619895887
1 5 7 11 0.1037843619895887
0 6 4 10 0.10378436198958871
1 6 4 11 0.10378436198958871
0 7 5 10 0.10378436198958871
1 7 5 11 0.10378436198958871
0 8 2 10 0.10378436198958871
1 8 2 11 0.10378436198958871
0 9 3 10 0.10378436198958871
1 9 3 11 0.10378436198958871
0 10 0 10 0.11671311123141492
1 10 0 11 0.11671311123141492
0 11 1 10 0.11671311123141492
1 11 1 11 0.11671311123141492
2 0 2 0 0.010883147292113721
3 0 2 1 0.010883147292113721
2 1 3 0 0.010883147292113721
3 1 3 1 0.010883147292113721
2 2 0 0 0.010883147292113721
3 2 0 1 0.010883147292113721
2 3 1 0 0.010883147292113721
3 3 1 1 0.010883147292113721
2 8 10 0 0.009788502572774103
3 8 10 1 0.009788502572774103
2 9 11 0 0.009788502572774103
3 9 11 1 0.009788502572774103
2 10 8 0 0.009788502572774105
3 10 8 1 0.009788502572774105
2 11 9 0 0.009788502572774105
3 11 9 1 0.009788502572774105
2 0 0 2 0.22940045775789508
3 0 0 3 0.22940045775789508
2 1 1 2 0.22940045775789508
3 1 1 3 0.22940045775789508
2 2 2 2 0.24880869926222393
3 2 2 3 0.24880869926222393
2 3 3 2 0.24880869926222393
3 3 3 3 0.24880869926222393
2 4 4 2 0.2285028221116414
3 4 4 3 0.2285028221116414
2 5 5 2 0.2285028221116414
3 5 5 3 0.2285028221116414
2 6 6 2 0.23009311653180944
3 6 6 3 0.23009311653180944
2 7 7 2 0.23009311653180944
3 7 7 3 0.23009311653180944
2 8 8 2 0.2508809682467344
3 8 8 3 0.2508809682467344
2 9 9 2 0.2508809682467344
3 9 9 3 0.2508809682467344
2 10 10 2 0.24045136800799188
3 10 10 3 0.24045136800799188
2 11 11 2 0.24045136800799188
3 11 11 3 0.24045136800799188
2 2 4 4 0.010152938220363993
3 2 4 5 0.010152938220363993
2 3 5 4 0.010152938220363993
3 3 5 5 0.010152938220363993
2 4 2 4 0.010152938220363993
3 4 2 5 0.010152938220363993
2 5 3 4 0.010152938220363993
3 5 3 5 0.010152938220363993
2 6 8 4 0.010393925982559777
3 6 8 5 0.010393925982559777
2 7 9 4 0.010393925982559777
3 7 9 5 0.010393925982559777
2 8 6 4 0.010393925982559777
3 8 6 5 0.010393925982559777
2 9 7 4 0.010393925982559777
3 9 7 5 0.010393925982559777
2 2 6 6 0.010171268808658629
3 2 6 7 0.010171268808658629
2 3 7 6 0.010171268808658629
3 3 7 7 0.010171268808658629
2 4 8 6 0.010171268808658629
3 4 8 7 0.010171268808658629
2 5 9 6 0.010171268808658629
3 5 9 7 0.010171268808658629
2 6 2 6 0.010171268808658629
3 6 2 7 0.010171268808658629
2 7 3 6 0.010171268808658629
3 7 3 7 0.010171268808658629
2 8 4 6 0.010171268808658629
3 8 4 7 0.010171268808658629
2 9 5 6 0.010171268808658629
3 9 5 7 0.010171268808658629
2 0 10 8 0.10378436198958875
3 0 10 9 0.10378436198958875
2 1 11 8 0.10378436198958875
3 1 11 9 0.10378436198958875
2 2 8 8 0.13061949214998914
3 2 8 9 0.13061949214998914
2 3 9 8 0.13061949214998914
3 3 9 9 0.13061949214998914
2 4 6 8 0.1102769542824773
3 4 6 9 0.1102769542824773
2 5 7 8 0.1102769542824773
3 5 7 9 0.1102769542824773
2 6 4 8 0.1102769542824773
3 6 4 9 0.1102769542824773
2 7 5 8 0.1102769542824773
3 7 5 9 0.1102769542824773
2 8 2 8 0.13061949214998914
3 8 2 9 0.13061949214998914
2 9 3 8 0.13061949214998914
3 9 3 9 0.13061949214998914
2 10 0 8 0.10378436198958874
3 10 0 9 0.10378436198958874
2 11 1 8 0.10378436198958874
3 11 1 9 0.10378436198958874
2 0 8 10 0.008952306676823075
3 0 8 11 0.008952306676823075
2 1 9 10 0.008952306676823075
3 1 9 11 0.008952306676823075
2 2 10 10 0.01122411195284126
3 2 10 11 0.01122411195284126
2 3 11 10 0.01122411195284126
3 3 11 11 0.01122411195284126
2 8 0 10 0.008952306676823075
3 8 0 11 0.008952306676823075
2 9 1 10 0.008952306676823075
3 9 1 11 0.008952306676823075
2 10 2 10 0.01122411195284126
3 10 2 11 0.01122411195284126
2 11 3 10 0.01122411195284126
3 11 3 11 0.01122411195284126
4 0 4 0 0.010883147292113721
5 0 4 1 0.010883147292113721
4 1 5 0 0.010883147292113721
5 1 5 1 0.010883147292113721
4 4 0 0 0.010883147292113721
5 4 0 1 0.010883147292113721
4 5 1 0 0.010883147292113721
5 5 1 1 0.010883147292113721
4 6 10 0 0.009788502572774103
5 6 10 1 0.009788502572774103
4 7 11 0 0.009788502572774103
5 7 11 1 0.009788502572774103
4 10 6 0 0.009788502572774105
5 10 6 1 0.009788502572774105
4 11 7 0 0.009788502572774105
5 11 7 1 0.009788502572774105
4 2 4 2 0.010152938220363993
5 2 4 3 0.010152938220363993
4 3 5 2 0.010152938220363993
5 3 5 3 0.010152938220363993
4 4 2 2 0.010152938220363993
5 4 2 3 0.010152938220363993
4 5 3 2 0.010152938220363993
5 5 3 3 0.010152938220363993
4 6 8 2 0.010393925982559777
5 6 8 3 0.010393925982559777
4 7 9 2 0.010393925982559777
5 7 9 3 0.010393925982559777
4 8 6 2 0.010393925982559777
5 8 6 3 0.010393925982559777
4 9 7 2 0.010393925982559777
5 9 7 3 0.010393925982559777
4 0 0 4 0.22940045775789508
5 0 0 5 0.22940045775789508
4 1 1 4 0.22940045775789508
5 1 1 5 0.22940045775789508
4 2 2 4 0.2285028221116414
5 2 2 5 0.2285028221116414
4 3 3 4 0.2285028221116414
5 3 3 5 0.2285028221116414
4 4 4 4 0.24880869926222393
5 4 4 5 0.24880869926222393
4 5 5 4 0.24880869926222393
5 5 5 5 0.24880869926222393
4 6 6 4 0.2508809682467344
5 6 6 5 0.2508809682467344
4 7 7 4 0.2508809682467344
5 7 7 5 0.2508809682467344
4 8 8 4 0.23009311653180944
5 8 8 5 0.23009311653180944
4 9 9 4 0.23009311653180944
5 9 9 5 0.23009311653180944
4 10 10 4 0.24045136800799188
5 10 10 5 0.24045136800799188
4 11 11 4 0.24045136800799188
5 11 11 5 0.24045136800799188
4 0 10 6 0.10378436198958875
5 0 10 7 0.10378436198958875
4 1 11 6 0.10378436198958875
5 1 11 7 0.10378436198958875
4 2 8 6 0.1102769542824773
5 2 8 7 0.1102769542824773
4 3 9 6 0.1102769542824773
5 3 9 7 0.1102769542824773
4 4 6 6 0.13061949214998914
5 4 6 7 0.13061949214998914
4 5 7 6 0.13061949214998914
5 5 7 7 0.13061949214998914
4 6 4 6 0.13061949214998914
5 6 4 7 0.13061949214998914
4 7 5 6 0.13061949214998914
5 7 5 7 0.13061949214998914
4 8 2 6 0.1102769542824773
5 8 2 7 0.1102769542824773
4 9 3 6 0.1102769542824773
5 9 3 7 0.1102769542824773
4 10 0 6 0.10378436198958874
5 10 0 7 0.10378436198958874
4 11 1 6 0.10378436198958874
5 11 1 7 0.10378436198958874
4 2 6 8 0.010171268808658629
5 2 6 9 0.010171268808658629
4 3 7 8 0.010171268808658629
5 3 7 9 0.010171268808658629
4 4 8 8 0.010171268808658629
5 4 8 9 0.010171268808658629
4 5 9 8 0.010171268808658629
5 5 9 9 0.010171268808658629
4 6 2 8 0.010171268808658629
5 6 2 9 0.010171268808658629
4 7 3 8 0.010171268808658629
5 7 3 9 0.010171268808658629
4 8 4 8 0.010171268808658629
5 8 4 9 0.010171268808658629
4 9 5 8 0.010171268808658629
5 9 5 9 0.010171268808658629
4 0 6 10 0.008952306676823075
5 0 6 11 0.008952306676823075
4 1 7 10 0.008952306676823075
5 1 7 11 0.008952306676823075
4 4 10 10 0.01122411195284126
5 4 10 11 0.01122411195284126
4 5 11 10 0.01122411195284126
5 5 11 11 0.01122411195284126
4 6 0 10 0.008952306676823075
5 6 0 11 0.008952306676823075
4 7 1 10 0.008952306676823075
5 7 1 11 0.008952306676823075
4 10 4 10 0.01122411195284126
5 10 4 11 0.01122411195284126
4 11 5 10 0.01122411195284126
5 11 5 11 0.01122411195284126
6 0 6 0 0.010431565934204572
7 0 6 1 0.010431565934204572
6 1 7 0 0.010431565934204572
7 1 7 1 0.010431565934204572
6 4 10 0 0.008952306676823075
7 4 10 1 0.008952306676823075
6 5 11 0 0.008952306676823075
7 5 11 1 0.008952306676823075
6 6 0 0 0.01043156593420457
7 6 0 1 0.01043156593420457
6 7 1 0 0.01043156593420457
7 7 1 1 0.01043156593420457
6 10 4 0 0.008952306676823073
7 10 4 1 0.008952306676823073
6 11 5 0 0.008952306676823073
7 11 5 1 0.008952306676823073
6 2 6 2 0.01017126880865863
7 2 6 3 0.01017126880865863
6 3 7 2 0.01017126880865863
7 3 7 3 0.01017126880865863
6 4 8 2 0.01017126880865863
7 4 8 3 0.01017126880865863
6 5 9 2 0.01017126880865863
7 5 9 3 0.01017126880865863
6 6 2 2 0.01017126880865863
7 6 2 3 0.01017126880865863
6 7 3 2 0.01017126880865863
7 7 3 3 0.01017126880865863
6 8 4 2 0.01017126880865863
7 8 4 3 0.01017126880865863
6 9 5 2 0.01017126880865863
7 9 5 3 0.01017126880865863
6 0 10 4 0.10378436198958874
7 0 10 5 0.10378436198958874
6 1 11 4 0.10378436198958874
7 1 11 5 0.10378436198958874
6 2 8 4 0.11027695428247732
7 2 8 5 0.11027695428247732
6 3 9 4 0.11027695428247732
7 3 9 5 0.11027695428247732
6 4 6 4 0.1306194921499891
7 4 6 5 0.1306194921499891
6 5 7 4 0.1306194921499891
7 5 7 5 0.1306194921499891
6 6 4 4 0.1306194921499891
7 6 4 5 0.1306194921499891
6 7 5 4 0.1306194921499891
7 7 5 5 0.1306194921499891
6 8 2 4 0.11027695428247732
7 8 2 5 0.11027695428247732
6 9 3 4 0.11027695428247732
7 9 3 5 0.11027695428247732
6 10 0 4 0.10378436198958872
7 10 0 5 0.10378436198958872
6 11 1 4 0.10378436198958872
7 11 1 5 0.10378436198958872
6 0 0 6 0.23069744333918807
7 0 0 7 0.23069744333918807
6 1 1 6 0.23069744333918807
7 1 1 7 0.23069744333918807
6 2 2 6 0.23009311653180947
7 2 2 7 0.23009311653180947
6 3 3 6 0.23009311653180947
7 3 3 7 0.23009311653180947
6 4 4 6 0.2508809682467344
7 4 4 7 0.2508809682467344
6 5 5 6 0.2508809682467344
7 5 5 7 0.2508809682467344
6 6 6 6 0.2532122614951135
7 6 6 7 0.2532122614951135
6 7 7 6 0.2532122614951135
7 7 7 7 0.2532122614951135
6 8 8 6 0.23186881828618255
7 8 8 7 0.23186881828618255
6 9 9 6 0.23186881828618255
7 9 9 7 0.23186881828618255
6 10 10 6 0.24158576355263917
7 10 10 7 0.24158576355263917
6 11 11 6 0.24158576355263917
7 11 11 7 0.24158576355263917
6 2 4 8 0.010393925982559775
7 2 4 9 0.010393925982559775
6 3 5 8 0.010393925982559775
7 3 5 9 0.010393925982559775
6 4 2 8 0.010393925982559775
7 4 2 9 0.010393925982559775
6 5 3 8 0.010393925982559775
7 5 3 9 0.010393925982559775
6 6 8 8 0.010671721207640535
7 6 8 9 0.010671721207640535
6 7 9 8 0.010671721207640535
7 7 9 9 0.010671721207640535
6 8 6 8 0.010671721207640535
7 8 6 9 0.010671721207640535
6 9 7 8 0.010671721207640535
7 9 7 9 0.010671721207640535
6 0 4 10 0.009788502572774103
7 0 4 11 0.009788502572774103
6 1 5 10 0.009788502572774103
7 1 5 11 0.009788502572774103
6 4 0 10 0.009788502572774105
7 4 0 11 0.009788502572774105
6 5 1 10 0.009788502572774105
7 5 1 11 0.009788502572774105
6 6 10 10 0.012060582376088962
7 6 10 11 0.012060582376088962
6 7 11 10 0.012060582376088962
7 7 11 11 0.012060582376088962
6 10 6 10 0.012060582376088962
7 10 6 11 0.012060582376088962
6 11 7 10 0.012060582376088962
7 11 7 11 0.012060582376088962
8 0 8 0 0.010431565934204572
9 0 8 1 0.010431565934204572
8 1 9 0 0.010431565934204572
9 1 9 1 0.010431565934204572
8 2 10 0 0.008952306676823075
9 2 10 1 0.008952306676823075
8 3 11 0 0.008952306676823075
9 3 11 1 0.008952306676823075
8 8 0 0 0.01043156593420457
9 8 0 1 0.01043156593420457
8 9 1 0 0.01043156593420457
9 9 1 1 0.01043156593420457
8 10 2 0 0.008952306676823073
9 10 2 1 0.008952306676823073
8 11 3 0 0.008952306676823073
9 11 3 1 0.008952306676823073
8 0 10 2 0.10378436198958874
9 0 10 3 0.10378436198958874
8 1 11 2 0.10378436198958874
9 1 11 3 0.10378436198958874
8 2 8 2 0.1306194921499891
9 2 8 3 0.1306194921499891
8 3 9 2 0.1306194921499891
9 3 9 3 0.1306194921499891
8 4 6 2 0.11027695428247732
9 4 6 3 0.11027695428247732
8 5 7 2 0.11027695428247732
9 5 7 3 0.11027695428247732
8 6 4 2 0.11027695428247732
9 6 4 3 0.11027695428247732
8 7 5 2 0.11027695428247732
9 7 5 3 0.11027695428247732
8 8 2 2 0.1306194921499891
9 8 2 3 0.1306194921499891
8 9 3 2 0.1306194921499891
9 9 3 3 0.1306194921499891
8 10 0 2 0.10378436198958872
9 10 0 3 0.10378436198958872
8 11 1 2 0.10378436198958872
9 11 1 3 0.10378436198958872
8 2 6 4 0.01017126880865863
9 2 6 5 0.01017126880865863
8 3 7 4 0.01017126880865863
9 3 7 5 0.01017126880865863
8 4 8 4 0.01017126880865863
9 4 8 5 0.01017126880865863
8 5 9 4 0.01017126880865863
9 5 9 5 0.01017126880865863
8 6 2 4 0.01017126880865863
9 6 2 5 0.01017126880865863
8 7 3 4 0.01017126880865863
9 7 3 5 0.01017126880865863
8 8 4 4 0.01017126880865863
9 8 4 5 0.01017126880865863
8 9 5 4 0.01017126880865863
9 9 5 5 0.01017126880865863
8 2 4 6 0.010393925982559775
9 2 4 7 0.010393925982559775
8 3 5 6 0.010393925982559775
9 3 5 7 0.010393925982559775
8 4 2 6 0.010393925982559775
9 4 2 7 0.010393925982559775
8 5 3 6 0.010393925982559775
9 5 3 7 0.010393925982559775
8 6 8 6 0.010671721207640535
9 6 8 7 0.010671721207640535
8 7 9 6 0.010671721207640535
9 7 9 7 0.010671721207640535
8 8 6 6 0.010671721207640535
9 8 6 7 0.010671721207640535
8 9 7 6 0.010671721207640535
9 9 7 7 0.010671721207640535
8 0 0 8 0.23069744333918807
9 0 0 9 0.23069744333918807
8 1 1 8 0.23069744333918807
9 1 1 9 0.23069744333918807
8 2 2 8 0.2508809682467344
9 2 2 9 0.2508809682467344
8 3 3 8 0.2508809682467344
9 3 3 9 0.2508809682467344
8 4 4 8 0.23009311653180947
9 4 4 9 0.23009311653180947
8 5 5 8 0.23009311653180947
9 5 5 9 0.23009311653180947
8 6 6 8 0.23186881828618255
9 6 6 9 0.23186881828618255
8 7 7 8 0.23186881828618255
9 7 7 9 0.23186881828618255
8 8 8 8 0.2532122614951135
9 8 8 9 0.2532122614951135
8 9 9 8 0.2532122614951135
9 9 9 9 0.2532122614951135
8 10 10 8 0.24158576355263917
9 10 10 9 0.24158576355263917
8 11 11 8 0.24158576355263917
9 11 11 9 0.24158576355263917
8 0 2 10 0.009788502572774103
9 0 2 11 0.009788502572774103
8 1 3 10 0.009788502572774103
9 1 3 11 0.009788502572774103
8 2 0 10 0.009788502572774105
9 2 0 11 0.009788502572774105
8 3 1 10 0.009788502572774105
9 3 1 11 0.009788502572774105
8 8 10 10 0.012060582376088962
9 8 10 11 0.012060582376088962
8 9 11 10 0.012060582376088962
9 9 11 11 0.012060582376088962
8 10 8 10 0.012060582376088962
9 10 8 11 0.012060582376088962
8 11 9 10 0.012060582376088962
9 11 9 11 0.012060582376088962
10 0 10 0 0.11671311123141492
11 0 10 1 0.11671311123141492
10 1 11 0 0.11671311123141492
11 1 11 1 0.11671311123141492
10 2 8 0 0.10378436198958871
11 2 8 1 0.10378436198958871
10 3 9 0 0.10378436198958871
11 3 9 1 0.10378436198958871
10 4 6 0 0.10378436198958871
11 4 6 1 0.10378436198958871
10 5 7 0 0.10378436198958871
11 5 7 1 0.10378436198958871
10 6 4 0 0.10378436198958874
11 6 4 1 0.10378436198958874
10 7 5 0 0.10378436198958874
11 7 5 1 0.10378436198958874
10 8 2 0 0.10378436198958874
11 8 2 1 0.10378436198958874
10 9 3 0 0.10378436198958874
11 9 3 1 0.10378436198958874
10 10 0 0 0.11671311123141495
11 10 0 1 0.11671311123141495
10 11 1 0 0.11671311123141495
11 11 1 1 0.11671311123141495
10 0 8 2 0.008952306676823077
11 0 8 3 0.008952306676823077
10 1 9 2 0.008952306676823077
11 1 9 3 0.008952306676823077
10 2 10 2 0.011224111952841261
11 2 10 3 0.011224111952841261
10 3 11 2 0.011224111952841261
11 3 11 3 0.011224111952841261
10 8 0 2 0.008952306676823075
11 8 0 3 0.008952306676823075
10 9 1 2 0.008952306676823075
11 9 1 3 0.008952306676823075
10 10 2 2 0.011224111952841263
11 10 2 3 0.011224111952841263
10 11 3 2 0.011224111952841263
11 11 3 3 0.011224111952841263
10 0 6 4 0.008952306676823077
11 0 6 5 0.008952306676823077
10 1 7 4 0.008952306676823077
11 1 7 5 0.008952306676823077
10 4 10 4 0.011224111952841261
11 4 10 5 0.011224111952841261
10 5 11 4 0.011224111952841261
11 5 11 5 0.011224111952841261
10 6 0 4 0.008952306676823075
11 6 0 5 0.008952306676823075
10 7 1 4 0.008952306676823075
11 7 1 5 0.008952306676823075
10 10 4 4 0.011224111952841263
11 10 4 5 0.011224111952841263
10 11 5 4 0.011224111952841263
11 11 5 5 0.011224111952841263
10 0 4 6 0.009788502572774103
11 0 4 7 0.009788502572774103
10 1 5 6 0.009788502572774103
11 1 5 7 0.009788502572774103
10 4 0 6 0.009788502572774105
11 4 0 7 0.009788502572774105
10 5 1 6 0.009788502572774105
11 5 1 7 0.009788502572774105
10 6 10 6 0.012060582376088959
11 6 10 7 0.012060582376088959
10 7 11 6 0.012060582376088959
11 7 11 7 0.012060582376088959
10 10 6 6 0.012060582376088962
11 10 6 7 0.012060582376088962
10 11 7 6 0.012060582376088962
11 11 7 7 0.012060582376088962
10 0 2 8 0.009788502572774103
11 0 2 9 0.009788502572774103
10 1 3 8 0.009788502572774103
11 1 3 9 0.009788502572774103
10 2 0 8 0.009788502572774105
11 2 0 9 0.009788502572774105
10 3 1 8 0.009788502572774105
11 3 1 9 0.009788502572774105
10 8 10 8 0.012060582376088959
11 8 10 9 0.012060582376088959
10 9 11 8 0.012060582376088959
11 9 11 9 0.012060582376088959
10 10 8 8 0.012060582376088962
11 10 8 9 0.012060582376088962
10 11 9 8 0.012060582376088962
11 11 9 9 0.012060582376088962
10 0 0 10 0.2594089532216086
11 0 0 11 0.2594089532216086
10 1 1 10 0.2594089532216086
11 1 1 11 0.2594089532216086
10 2 2 10 0.24045136800799188
11 2 2 11 0.24045136800799188
10 3 3 10 0.24045136800799188
11 3 3 11 0.24045136800799188
10 4 4 10 0.24045136800799188
11 4 4 11 0.24045136800799188
10 5 5 10 0.24045136800799188
11 5 5 11 0.24045136800799188
10 6 6 10 0.24158576355263914
11 6 6 11 0.24158576355263914
10 7 7 10 0.24158576355263914
11 7 7 11 0.24158576355263914
10 8 8 10 0.24158576355263914
11 8 8 11 0.24158576355263914
10 9 9 10 0.24158576355263914
11 9 9 11 0.24158576355263914
10 10 10 10 0.27628229687649414
11 10 10 11 0.27628229687649414
10 11 11 10 0.27628229687649414
11 11 11 11 0.27628229687649414
