-97.91645797373583
0 0 -2.794049298709334
1 1 -2.794049298709334
2 2 -2.6975097578030542
3 3 -2.6975097578030542
4 4 -2.6975097578030542
5 5 -2.6975097578030542
6 6 -2.602245268764385
7 7 -2.602245268764385
8 8 -2.602245268764385
9 9 -2.602245268764385
10 10 -2.5900725116755456
11 11 -2.5900725116755456
0 0 0 0 0.266214452679453
1 0 0 1 0.266214452679453
0 1 1 0 0.266214452679453
1 1 1 1 0.266214452679453
0 2 2 0 0.24006663841428605
1 2 2 1 0.24006663841428605
0 3 3 0 0.24006663841428605
1 3 3 1 0.24006663841428605
0 4 4 0 0.24006663841428605
1 4 4 1 0.24006663841428605
0 5 5 0 0.24006663841428605
1 5 5 1 0.24006663841428605
0 6 6 0 0.243258889741172
1 6 6 1 0.243258889741172
0 7 7 0 0.243258889741172
1 7 7 1 0.243258889741172
0 8 8 0 0.243258889741172
1 8 8 1 0.243258889741172
0 9 9 0 0.243258889741172
1 9 9 1 0.243258889741172
0 10 10 0 0.27359193097916557
1 10 10 1 0.27359193097916557
0 11 11 0 0.27359193097916557
1 11 11 1 0.27359193097916557
0 0 2 2 0.012072931889321348
1 0 2 3 0.012072931889321348
0 1 3 2 0.012072931889321348
1 1 3 3 0.012072931889321348
0 2 0 2 0.012072931889321351
1 2 0 3 0.012072931889321351
0 3 1 2 0.012072931889321351
1 3 1 3 0.012072931889321351
0 8 10 2 0.008153273308855746
1 8 10 3 0.008153273308855746
0 9 11 2 0.008153273308855746
1 9 11 3 0.008153273308855746
0 10 8 2 0.008153273308855749
1 10 8 3 0.008153273308855749
0 11 9 2 0.008153273308855749
1 11 9 3 0.008153273308855749
0 0 4 4 0.012072931889321348
1 0 4 5 0.012072931889321348
0 1 5 4 0.012072931889321348
1 1 5 5 0.012072931889321348
0 4 0 4 0.012072931889321351
1 4 0 5 0.012072931889321351
0 5 1 4 0.012072931889321351
1 5 1 5 0.012072931889321351
0 6 10 4 0.008153273308855746
1 6 10 5 0.008153273308855746
0 7 11 4 0.008153273308855746
1 7 11 5 0.008153273308855746
0 10 6 4 0.008153273308855749
1 10 6 5 0.008153273308855749
0 11 7 4 0.008153273308855749
1 11 7 5 0.008153273308855749
0 0 6 6 0.012167142799853141
1 0 6 7 0.012167142799853141
0 1 7 6 0.012167142799853141
1 1 7 7 0.012167142799853141
0 4 10 6 0.006507263631164038
1 4 10 7 0.006507263631164038
0 5 11 6 0.006507263631164038
1 5 11 7 0.006507263631164038
0 6 0 6 0.012167142799853141
1 6 0 7 0.012167142799853141
0 7 1 6 0.012167142799853141
1 7 1 7 0.012167142799853141
0 10 4 6 0.006507263631164039
1 10 4 7 0.006507263631164039
0 11 5 6 0.006507263631164039
1 11 5 7 0.006507263631164039
0 0 8 8 0.012167142799853141
1 0 8 9 0.012167142799853141
0 1 9 8 0.012167142799853141
1 1 9 9 0.012167142799853141
0 2 10 8 0.006507263631164038
1 2 10 9 0.006507263631164038
0 3 11 8 0.006507263631164038
1 3 11 9 0.006507263631164038
0 8 0 8 0.012167142799853141
1 8 0 9 0.012167142799853141
0 9 1 8 0.012167142799853141
1 9 1 9 0.012167142799853141
0 10 2 8 0.006507263631164039
1 10 2 9 0.006507263631164039
0 11 3 8 0.006507263631164039
1 11 3 9 0.006507263631164039
0 0 10 10 0.09231063334551215
1 0 10 11 0.09231063334551215
0 1 11 10 0.09231063334551215
1 1 11 11 0.09231063334551215
0 2 8 10 0.08552018024103242
1 2 8 11 0.08552018024103242
0 3 9 10 0.08552018024103242
1 3 9 11 0.08552018024103242
0 4 6 10 0.08552018024103242
1 4 6 11 0.08552018024103242
0 5 7 10 0.08552018024103242
1 5 7 11 0.08552018024103242
0 6 4 10 0.08552018024103246
1 6 4 11 0.08552018024103246
0 7 5 10 0.08552018024103246
1 7 5 11 0.08552018024103246
0 8 2 10 0.08552018024103246
1 8 2 11 0.08552018024103246
0 9 3 10 0.08552018024103246
1 9 3 11 0.08552018024103246
0 10 0 10 0.0923106333455122
1 10 0 11 0.0923106333455122
0 11 1 10 0.0923106333455122
1 11 1 11 0.0923106333455122
2 0 2 0 0.012072931889321344
3 0 2 1 0.012072931889321344
2 1 3 0 0.012072931889321344
3 1 3 1 0.012072931889321344
2 2 0 0 0.012072931889321351
3 2 0 1 0.012072931889321351
2 3 1 0 0.012072931889321351
3 3 1 1 0.012072931889321351
2 8 10 0 0.008153273308855747
3 8 10 1 0.008153273308855747
2 9 11 0 0.008153273308855747
3 9 11 1 0.008153273308855747
2 10 8 0 0.008153273308855747
3 10 8 1 0.008153273308855747
2 11 9 0 0.008153273308855747
3 11 9 1 0.008153273308855747
2 0 0 2 0.24006663841428608
3 0 0 3 0.24006663841428608
2 1 1 2 0.24006663841428608
3 1 1 3 0.24006663841428608
2 2 2 2 0.2602646895725647
3 2 2 3 0.2602646895725647
2 3 3 2 0.2602646895725647
3 3 3 3 0.2602646895725647
2 4 4 2 0.2398145080542535
3 4 4 3 0.2398145080542535
2 5 5 2 0.2398145080542535
3 5 5 3 0.2398145080542535
2 6 6 2 0.2423198177653891
3 6 6 3 0.2423198177653891
2 7 7 2 0.2423198177653891
3 7 7 3 0.2423198177653891
2 8 8 2 0.26345710690046276
3 8 8 3 0.26345710690046276
2 9 9 2 0.26345710690046276
3 9 9 3 0.26345710690046276
2 10 10 2 0.26134636216444646
3 10 10 3 0.26134636216444646
2 11 11 2 0.26134636216444646
3 11 11 3 0.26134636216444646
2 2 4 4 0.010225090867110565
3 2 4 5 0.010225090867110565
2 3 5 4 0.010225090867110565
3 3 5 5 0.010225090867110565
2 4 2 4 0.010225090867110565
3 4 2 5 0.010225090867110565
2 5 3 4 0.010225090867110565
3 5 3 5 0.010225090867110565
2 6 8 4 0.010568644693264054
3 6 8 5 0.010568644693264054
2 7 9 4 0.010568644693264054
3 7 9 5 0.010568644693264054
2 8 6 4 0.010568644693264054
3 8 6 5 0.010568644693264054
2 9 7 4 0.010568644693264054
3 9 7 5 0.010568644693264054
2 2 6 6 0.01003060160610946
3 2 6 7 0.01003060160610946
2 3 7 6 0.01003060160610946
3 3 7 7 0.01003060160610946
2 4 8 6 0.01003060160610946
3 4 8 7 0.01003060160610946
2 5 9 6 0.01003060160610946
3 5 9 7 0.01003060160610946
2 6 2 6 0.01003060160610946
3 6 2 7 0.01003060160610946
2 7 3 6 0.01003060160610946
3 7 3 7 0.01003060160610946
2 8 4 6 0.01003060160610946
3 8 4 7 0.01003060160610946
2 9 5 6 0.01003060160610946
3 9 5 7 0.01003060160610946
2 0 10 8 0.08552018024103249
3 0 10 9 0.08552018024103249
2 1 11 8 0.08552018024103249
3 1 11 9 0.08552018024103249
2 2 8 8 0.1185862862043855
3 2 8 9 0.1185862862043855
2 3 9 8 0.1185862862043855
3 3 9 9 0.1185862862043855
2 4 6 8 0.0985250827407122
3 4 6 9 0.0985250827407122
2 5 7 8 0.0985250827407122
3 5 7 9 0.0985250827407122
2 6 4 8 0.0985250827407122
3 6 4 9 0.0985250827407122
2 7 5 8 0.0985250827407122
3 7 5 9 0.0985250827407122
2 8 2 8 0.11858628620438555
3 8 2 9 0.11858628620438555
2 9 3 8 0.11858628620438555
3 9 3 9 0.11858628620438555
2 10 0 8 0.08552018024103246
3 10 0 9 0.08552018024103246
2 11 1 8 0.08552018024103246
3 11 1 9 0.08552018024103246
2 0 8 10 0.006507263631164038
3 0 8 11 0.006507263631164038
2 1 9 10 0.006507263631164038
3 1 9 11 0.006507263631164038
2 2 10 10 0.01270243240434057
3 2 10 11 0.01270243240434057
2 3 11 10 0.01270243240434057
3 3 11 11 0.01270243240434057
2 8 0 10 0.006507263631164038
3 8 0 11 0.006507263631164038
2 9 1 10 0.006507263631164038
3 9 1 11 0.006507263631164038
2 10 2 10 0.012702432404340566
3 10 2 11 0.012702432404340566
2 11 3 10 0.012702432404340566
3 11 3 11 0.012702432404340566
4 0 4 0 0.012072931889321344
5 0 4 1 0.012072931889321344
4 1 5 0 0.012072931889321344
5 1 5 1 0.012072931889321344
4 4 0 0 0.012072931889321351
5 4 0 1 0.012072931889321351
4 5 1 0 0.012072931889321351
5 5 1 1 0.012072931889321351
4 6 10 0 0.008153273308855747
5 6 10 1 0.008153273308855747
4 7 11 0 0.008153273308855747
5 7 11 1 0.008153273308855747
4 10 6 0 0.008153273308855747
5 10 6 1 0.008153273308855747
4 11 7 0 0.008153273308855747
5 11 7 1 0.008153273308855747
4 2 4 2 0.010225090867110565
5 2 4 3 0.010225090867110565
4 3 5 2 0.010225090867110565
5 3 5 3 0.010225090867110565
4 4 2 2 0.010225090867110565
5 4 2 3 0.010225090867110565
4 5 3 2 0.010225090867110565
5 5 3 3 0.010225090867110565
4 6 8 2 0.010568644693264054
5 6 8 3 0.010568644693264054
4 7 9 2 0.010568644693264054
5 7 9 3 0.010568644693264054
4 8 6 2 0.010568644693264054
5 8 6 3 0.010568644693264054
4 9 7 2 0.010568644693264054
5 9 7 3 0.010568644693264054
4 0 0 4 0.24006663841428608
5 0 0 5 0.24006663841428608
4 1 1 4 0.24006663841428608
5 1 1 5 0.24006663841428608
4 2 2 4 0.2398145080542535
5 2 2 5 0.2398145080542535
4 3 3 4 0.2398145080542535
5 3 3 5 0.2398145080542535
4 4 4 4 0.2602646895725647
5 4 4 5 0.2602646895725647
4 5 5 4 0.2602646895725647
5 5 5 5 0.2602646895725647
4 6 6 4 0.26345710690046276
5 6 6 5 0.26345710690046276
4 7 7 4 0.26345710690046276
5 7 7 5 0.26345710690046276
4 8 8 4 0.2423198177653891
5 8 8 5 0.2423198177653891
4 9 9 4 0.2423198177653891
5 9 9 5 0.2423198177653891
4 10 10 4 0.26134636216444646
5 10 10 5 0.26134636216444646
4 11 11 4 0.26134636216444646
5 11 11 5 0.26134636216444646
4 0 10 6 0.08552018024103249
5 0 10 7 0.08552018024103249
4 1 11 6 0.08552018024103249
5 1 11 7 0.08552018024103249
4 2 8 6 0.0985250827407122
5 2 8 7 0.0985250827407122
4 3 9 6 0.0985250827407122
5 3 9 7 0.0985250827407122
4 4 6 6 0.1185862862043855
5 4 6 7 0.1185862862043855
4 5 7 6 0.1185862862043855
5 5 7 7 0.1185862862043855
4 6 4 6 0.11858628620438555
5 6 4 7 0.11858628620438555
4 7 5 6 0.11858628620438555
5 7 5 7 0.11858628620438555
4 8 2 6 0.0985250827407122
5 8 2 7 0.0985250827407122
4 9 3 6 0.0985250827407122
5 9 3 7 0.0985250827407122
4 10 0 6 0.08552018024103246
5 10 0 7 0.08552018024103246
4 11 1 6 0.08552018024103246
5 11 1 7 0.08552018024103246
4 2 6 8 0.01003060160610946
5 2 6 9 0.01003060160610946
4 3 7 8 0.01003060160610946
5 3 7 9 0.01003060160610946
4 4 8 8 0.01003060160610946
5 4 8 9 0.01003060160610946
4 5 9 8 0.01003060160610946
5 5 9 9 0.01003060160610946
4 6 2 8 0.01003060160610946
5 6 2 9 0.01003060160610946
4 7 3 8 0.01003060160610946
5 7 3 9 0.01003060160610946
4 8 4 8 0.01003060160610946
5 8 4 9 0.01003060160610946
4 9 5 8 0.01003060160610946
5 9 5 9 0.01003060160610946
4 0 6 10 0.006507263631164038
5 0 6 11 0.006507263631164038
4 1 7 10 0.006507263631164038
5 1 7 11 0.006507263631164038
4 4 10 10 0.01270243240434057
5 4 10 11 0.01270243240434057
4 5 11 10 0.01270243240434057
5 5 11 11 0.01270243240434057
4 6 0 10 0.006507263631164038
5 6 0 11 0.006507263631164038
4 7 1 10 0.006507263631164038
5 7 1 11 0.006507263631164038
4 10 4 10 0.012702432404340566
5 10 4 11 0.012702432404340566
4 11 5 10 0.012702432404340566
5 11 5 11 0.012702432404340566
6 0 6 0 0.01216714279985314
7 0 6 1 0.01216714279985314
6 1 7 0 0.01216714279985314
7 1 7 1 0.01216714279985314
6 4 10 0 0.006507263631164037
7 4 10 1 0.006507263631164037
6 5 11 0 0.006507263631164037
7 5 11 1 0.006507263631164037
6 6 0 0 0.01216714279985314
7 6 0 1 0.01216714279985314
6 7 1 0 0.01216714279985314
7 7 1 1 0.01216714279985314
6 10 4 0 0.006507263631164038
7 10 4 1 0.006507263631164038
6 11 5 0 0.006507263631164038
7 11 5 1 0.006507263631164038
6 2 6 2 0.01003060160610946
7 2 6 3 0.01003060160610946
6 3 7 2 0.01003060160610946
7 3 7 3 0.01003060160610946
6 4 8 2 0.01003060160610946
7 4 8 3 0.01003060160610946
6 5 9 2 0.01003060160610946
7 5 9 3 0.01003060160610946
6 6 2 2 0.01003060160610946
7 6 2 3 0.01003060160610946
6 7 3 2 0.01003060160610946
7 7 3 3 0.01003060160610946
6 8 4 2 0.01003060160610946
7 8 4 3 0.01003060160610946
6 9 5 2 0.01003060160610946
7 9 5 3 0.01003060160610946
6 0 10 4 0.08552018024103249
7 0 10 5 0.08552018024103249
6 1 11 4 0.08552018024103249
7 1 11 5 0.08552018024103249
6 2 8 4 0.0985250827407122
7 2 8 5 0.0985250827407122
6 3 9 4 0.0985250827407122
7 3 9 5 0.0985250827407122
6 4 6 4 0.1185862862043855
7 4 6 5 0.1185862862043855
6 5 7 4 0.1185862862043855
7 5 7 5 0.1185862862043855
6 6 4 4 0.11858628620438554
7 6 4 5 0.11858628620438554
6 7 5 4 0.11858628620438554
7 7 5 5 0.11858628620438554
6 8 2 4 0.0985250827407122
7 8 2 5 0.0985250827407122
6 9 3 4 0.0985250827407122
7 9 3 5 0.0985250827407122
6 10 0 4 0.08552018024103245
7 10 0 5 0.08552018024103245
6 11 1 4 0.08552018024103245
7 11 1 5 0.08552018024103245
6 0 0 6 0.24325888974117202
7 0 0 7 0.24325888974117202
6 1 1 6 0.24325888974117202
7 1 1 7 0.24325888974117202
6 2 2 6 0.24231981776538913
7 2 2 7 0.24231981776538913
6 3 3 6 0.24231981776538913
7 3 3 7 0.24231981776538913
6 4 4 6 0.2634571069004628
7 4 4 7 0.2634571069004628
6 5 5 6 0.2634571069004628
7 5 5 7 0.2634571069004628
6 6 6 6 0.2679970388922857
7 6 6 7 0.2679970388922857
6 7 7 6 0.2679970388922857
7 7 7 7 0.2679970388922857
6 8 8 6 0.24575881691045567
7 8 8 7 0.24575881691045567
6 9 9 6 0.24575881691045567
7 9 9 7 0.24575881691045567
6 10 10 6 0.2629721418431622
7 10 10 7 0.2629721418431622
6 11 11 6 0.2629721418431622
7 11 11 7 0.2629721418431622
6 2 4 8 0.010568644693264056
7 2 4 9 0.010568644693264056
6 3 5 8 0.010568644693264056
7 3 5 9 0.010568644693264056
6 4 2 8 0.010568644693264056
7 4 2 9 0.010568644693264056
6 5 3 8 0.010568644693264056
7 5 3 9 0.010568644693264056
6 6 8 8 0.011119109965938087
7 6 8 9 0.011119109965938087
6 7 9 8 0.011119109965938087
7 7 9 9 0.011119109965938087
6 8 6 8 0.011119109965938087
7 8 6 9 0.011119109965938087
6 9 7 8 0.011119109965938087
7 9 7 9 0.011119109965938087
6 0 4 10 0.008153273308855747
7 0 4 11 0.008153273308855747
6 1 5 10 0.008153273308855747
7 1 5 11 0.008153273308855747
6 4 0 10 0.008153273308855749
7 4 0 11 0.008153273308855749
6 5 1 10 0.008153273308855749
7 5 1 11 0.008153273308855749
6 6 10 10 0.014523181651188976
7 6 10 11 0.014523181651188976
6 7 11 10 0.014523181651188976
7 7 11 11 0.014523181651188976
6 10 6 10 0.014523181651188974
7 10 6 11 0.014523181651188974
6 11 7 10 0.014523181651188974
7 11 7 11 0.014523181651188974
8 0 8 0 0.01216714279985314
9 0 8 1 0.01216714279985314
8 1 9 0 0.01216714279985314
9 1 9 1 0.01216714279985314
8 2 10 0 0.006507263631164037
9 2 10 1 0.006507263631164037
8 3 11 0 0.006507263631164037
9 3 11 1 0.006507263631164037
8 8 0 0 0.01216714279985314
9 8 0 1 0.01216714279985314
8 9 1 0 0.01216714279985314
9 9 1 1 0.01216714279985314
8 10 2 0 0.006507263631164038
9 10 2 1 0.006507263631164038
8 11 3 0 0.006507263631164038
9 11 3 1 0.006507263631164038
8 0 10 2 0.08552018024103249
9 0 10 3 0.08552018024103249
8 1 11 2 0.08552018024103249
9 1 11 3 0.08552018024103249
8 2 8 2 0.1185862862043855
9 2 8 3 0.1185862862043855
8 3 9 2 0.1185862862043855
9 3 9 3 0.1185862862043855
8 4 6 2 0.0985250827407122
9 4 6 3 0.0985250827407122
8 5 7 2 0.0985250827407122
9 5 7 3 0.0985250827407122
8 6 4 2 0.0985250827407122
9 6 4 3 0.0985250827407122
8 7 5 2 0.0985250827407122
9 7 5 3 0.0985250827407122
8 8 2 2 0.11858628620438554
9 8 2 3 0.11858628620438554
8 9 3 2 0.11858628620438554
9 9 3 3 0.11858628620438554
8 10 0 2 0.08552018024103245
9 10 0 3 0.08552018024103245
8 11 1 2 0.08552018024103245
9 11 1 3 0.08552018024103245
8 2 6 4 0.01003060160610946
9 2 6 5 0.01003060160610946
8 3 7 4 0.01003060160610946
9 3 7 5 0.01003060160610946
8 4 8 4 0.01003060160610946
9 4 8 5 0.01003060160610946
8 5 9 4 0.01003060160610946
9 5 9 5 0.01003060160610946
8 6 2 4 0.01003060160610946
9 6 2 5 0.01003060160610946
8 7 3 4 0.01003060160610946
9 7 3 5 0.01003060160610946
8 8 4 4 0.01003060160610946
9 8 4 5 0.01003060160610946
8 9 5 4 0.01003060160610946
9 9 5 5 0.01003060160610946
8 2 4 6 0.010568644693264056
9 2 4 7 0.010568644693264056
8 3 5 6 0.010568644693264056
9 3 5 7 0.010568644693264056
8 4 2 6 0.010568644693264056
9 4 2 7 0.010568644693264056
8 5 3 6 0.010568644693264056
9 5 3 7 0.010568644693264056
8 6 8 6 0.011119109965938087
9 6 8 7 0.011119109965938087
8 7 9 6 0.011119109965938087
9 7 9 7 0.011119109965938087
8 8 6 6 0.011119109965938087
9 8 6 7 0.011119109965938087
8 9 7 6 0.011119109965938087
9 9 7 7 0.011119109965938087
8 0 0 8 0.24325888974117202
9 0 0 9 0.24325888974117202
8 1 1 8 0.24325888974117202
9 1 1 9 0.24325888974117202
8 2 2 8 0.2634571069004628
9 2 2 9 0.2634571069004628
8 3 3 8 0.2634571069004628
9 3 3 9 0.2634571069004628
8 4 4 8 0.24231981776538913
9 4 4 9 0.24231981776538913
8 5 5 8 0.24231981776538913
9 5 5 9 0.24231981776538913
8 6 6 8 0.24575881691045567
9 6 6 9 0.24575881691045567
8 7 7 8 0.24575881691045567
9 7 7 9 0.24575881691045567
8 8 8 8 0.2679970388922857
9 8 8 9 0.2679970388922857
8 9 9 8 0.2679970388922857
9 9 9 9 0.2679970388922857
8 10 10 8 0.2629721418431622
9 10 10 9 0.2629721418431622
8 11 11 8 0.2629721418431622
9 11 11 9 0.2629721418431622
8 0 2 10 0.008153273308855747
9 0 2 11 0.008153273308855747
8 1 3 10 0.008153273308855747
9 1 3 11 0.008153273308855747
8 2 0 10 0.008153273308855749
9 2 0 11 0.008153273308855749
8 3 1 10 0.008153273308855749
9 3 1 11 0.008153273308855749
8 8 10 10 0.014523181651188976
9 8 10 11 0.014523181651188976
8 9 11 10 0.014523181651188976
9 9 11 11 0.014523181651188976
8 10 8 10 0.014523181651188974
9 10 8 11 0.014523181651188974
8 11 9 10 0.014523181651188974
9 11 9 11 0.014523181651188974
10 0 10 0 0.09231063334551216
11 0 10 1 0.09231063334551216
10 1 11 0 0.09231063334551216
11 1 11 1 0.09231063334551216
10 2 8 0 0.08552018024103245
11 2 8 1 0.08552018024103245
10 3 9 0 0.08552018024103245
11 3 9 1 0.08552018024103245
10 4 6 0 0.08552018024103245
11 4 6 1 0.08552018024103245
10 5 7 0 0.08552018024103245
11 5 7 1 0.08552018024103245
10 6 4 0 0.08552018024103245
11 6 4 1 0.08552018024103245
10 7 5 0 0.08552018024103245
11 7 5 1 0.08552018024103245
10 8 2 0 0.08552018024103245
11 8 2 1 0.08552018024103245
10 9 3 0 0.08552018024103245
11 9 3 1 0.08552018024103245
10 10 0 0 0.09231063334551219
11 10 0 1 0.09231063334551219
10 11 1 0 0.09231063334551219
11 11 1 1 0.09231063334551219
10 0 8 2 0.0065072636311640395
11 0 8 3 0.0065072636311640395
10 1 9 2 0.0065072636311640395
11 1 9 3 0.0065072636311640395
10 2 10 2 0.012702432404340571
11 2 10 3 0.012702432404340571
10 3 11 2 0.012702432404340571
11 3 11 3 0.012702432404340571
10 8 0 2 0.0065072636311640395
11 8 0 3 0.0065072636311640395
10 9 1 2 0.0065072636311640395
11 9 1 3 0.0065072636311640395
10 10 2 2 0.012702432404340568
11 10 2 3 0.012702432404340568
10 11 3 2 0.012702432404340568
11 11 3 3 0.012702432404340568
10 0 6 4 0.0065072636311640395
11 0 6 5 0.0065072636311640395
10 1 7 4 0.0065072636311640395
11 1 7 5 0.0065072636311640395
10 4 10 4 0.012702432404340571
11 4 10 5 0.012702432404340571
10 5 11 4 0.012702432404340571
11 5 11 5 0.012702432404340571
10 6 0 4 0.0065072636311640395
11 6 0 5 0.0065072636311640395
10 7 1 4 0.0065072636311640395
11 7 1 5 0.0065072636311640395
10 10 4 4 0.012702432404340568
11 10 4 5 0.012702432404340568
10 11 5 4 0.012702432404340568
11 11 5 5 0.012702432404340568
10 0 4 6 0.008153273308855746
11 0 4 7 0.008153273308855746
10 1 5 6 0.008153273308855746
11 1 5 7 0.008153273308855746
10 4 0 6 0.008153273308855749
11 4 0 7 0.008153273308855749
10 5 1 6 0.008153273308855749
11 5 1 7 0.008153273308855749
10 6 10 6 0.014523181651188977
11 6 10 7 0.014523181651188977
10 7 11 6 0.014523181651188977
11 7 11 7 0.014523181651188977
10 10 6 6 0.014523181651188974
11 10 6 7 0.014523181651188974
10 11 7 6 0.014523181651188974
11 11 7 7 0.014523181651188974
10 0 2 8 0.008153273308855746
11 0 2 9 0.008153273308855746
10 1 3 8 0.008153273308855746
11 1 3 9 0.008153273308855746
10 2 0 8 0.008153273308855749
11 2 0 9 0.008153273308855749
10 3 1 8 0.008153273308855749
11 3 1 9 0.008153273308855749
10 8 10 8 0.014523181651188977
11 8 10 9 0.014523181651188977
10 9 11 8 0.014523181651188977
11 9 11 9 0.014523181651188977
10 10 8 8 0.014523181651188974
11 10 8 9 0.014523181651188974
10 11 9 8 0.014523181651188974
11 11 9 9 0.014523181651188974
10 0 0 10 0.27359193097916557
11 0 0 11 0.27359193097916557
10 1 1 10 0.27359193097916557
11 1 1 11 0.27359193097916557
10 2 2 10 0.2613463621644464
11 2 2 11 0.2613463621644464
10 3 3 10 0.2613463621644464
11 3 3 11 0.2613463621644464
10 4 4 10 0.2613463621644464
11 4 4 11 0.2613463621644464
10 5 5 10 0.2613463621644464
11 5 5 11 0.2613463621644464
10 6 6 10 0.26297214184316214
11 6 6 11 0.26297214184316214
10 7 7 10 0.26297214184316214
11 7 7 11 0.26297214184316214
10 8 8 10 0.26297214184316214
11 8 8 11 0.26297214184316214
10 9 9 10 0.26297214184316214
11 9 9 11 0.26297214184316214
10 10 10 10 0.3107944077893453
11 10 10 11 0.3107944077893453
10 11 11 10 0.3107944077893453
11 11 11 11 0.3107944077893453
