-98.65723695958086
0 0 -2.5082750078928875
1 1 -2.5082750078928875
2 2 -2.4417851182196477
3 3 -2.4417851182196477
4 4 -2.4417851182196477
5 5 -2.4417851182196477
6 6 -2.4228925214092785
7 7 -2.4228925214092785
8 8 -2.4228925214092785
9 9 -2.4228925214092785
10 10 -2.4420395323763167
11 11 -2.4420395323763167
0 0 0 0 0.24726729846113216
1 0 0 1 0.24726729846113216
0 1 1 0 0.24726729846113216
1 1 1 1 0.24726729846113216
0 2 2 0 0.2248895200100563
1 2 2 1 0.2248895200100563
0 3 3 0 0.2248895200100563
1 3 3 1 0.2248895200100563
0 4 4 0 0.2248895200100563
1 4 4 1 0.2248895200100563
0 5 5 0 0.2248895200100563
1 5 5 1 0.2248895200100563
0 6 6 0 0.2257467086532535
1 6 6 1 0.2257467086532535
0 7 7 0 0.2257467086532535
1 7 7 1 0.2257467086532535
0 8 8 0 0.2257467086532535
1 8 8 1 0.2257467086532535
0 9 9 0 0.2257467086532535
1 9 9 1 0.2257467086532535
0 10 10 0 0.2530683565190595
1 10 10 1 0.2530683565190595
0 11 11 0 0.2530683565190595
1 11 11 1 0.2530683565190595
0 0 2 2 0.010549775515447425
1 0 2 3 0.010549775515447425
0 1 3 2 0.010549775515447425
1 1 3 3 0.010549775515447425
0 2 0 2 0.010549775515447423
1 2 0 3 0.010549775515447423
0 3 1 2 0.010549775515447423
1 3 1 3 0.010549775515447423
0 8 10 2 -0.010078837800385598
1 8 10 3 -0.010078837800385598
0 9 11 2 -0.010078837800385598
1 9 11 3 -0.010078837800385598
0 10 8 2 -0.010078837800385598
1 10 8 3 -0.010078837800385598
0 11 9 2 -0.010078837800385598
1 11 9 3 -0.010078837800385598
0 0 4 4 0.010549775515447425
1 0 4 5 0.010549775515447425
0 1 5 4 0.010549775515447425
1 1 5 5 0.010549775515447425
0 4 0 4 0.010549775515447423
1 4 0 5 0.010549775515447423
0 5 1 4 0.010549775515447423
1 5 1 5 0.010549775515447423
0 6 10 4 -0.010078837800385598
1 6 10 5 -0.010078837800385598
0 7 11 4 -0.010078837800385598
1 7 11 5 -0.010078837800385598
0 10 6 4 -0.010078837800385598
1 10 6 5 -0.010078837800385598
0 11 7 4 -0.010078837800385598
1 11 7 5 -0.010078837800385598
0 0 6 6 0.010145079754882025
1 0 6 7 0.010145079754882025
0 1 7 6 0.010145079754882025
1 1 7 7 0.010145079754882025
0 4 10 6 -0.00950549525763423
1 4 10 7 -0.00950549525763423
0 5 11 6 -0.00950549525763423
1 5 11 7 -0.00950549525763423
0 6 0 6 0.010145079754882023
1 6 0 7 0.010145079754882023
0 7 1 6 0.010145079754882023
1 7 1 7 0.010145079754882023
0 10 4 6 -0.00950549525763423
1 10 4 7 -0.00950549525763423
0 11 5 6 -0.00950549525763423
1 11 5 7 -0.00950549525763423
0 0 8 8 0.010145079754882025
1 0 8 9 0.010145079754882025
0 1 9 8 0.010145079754882025
1 1 9 9 0.010145079754882025
0 2 10 8 -0.00950549525763423
1 2 10 9 -0.00950549525763423
0 3 11 8 -0.00950549525763423
1 3 11 9 -0.00950549525763423
0 8 0 8 0.010145079754882023
1 8 0 9 0.010145079754882023
0 9 1 8 0.010145079754882023
1 9 1 9 0.010145079754882023
0 10 2 8 -0.00950549525763423
1 10 2 9 -0.00950549525763423
0 11 3 8 -0.00950549525763423
1 11 3 9 -0.00950549525763423
0 0 10 10 0.1252069691567448
1 0 10 11 0.1252069691567448
0 1 11 10 0.1252069691567448
1 1 11 11 0.1252069691567448
0 2 8 10 -0.11029385258597135
1 2 8 11 -0.11029385258597135
0 3 9 10 -0.11029385258597135
1 3 9 11 -0.11029385258597135
0 4 6 10 -0.11029385258597135
1 4 6 11 -0.11029385258597135
0 5 7 10 -0.11029385258597135
1 5 7 11 -0.11029385258597135
0 6 4 10 -0.11029385258597138
1 6 4 11 -0.11029385258597138
0 7 5 10 -0.11029385258597138
1 7 5 11 -0.11029385258597138
0 8 2 10 -0.11029385258597138
1 8 2 11 -0.11029385258597138
0 9 3 10 -0.11029385258597138
1 9 3 11 -0.11029385258597138
0 10 0 10 0.12520696915674484
1 10 0 11 0.12520696915674484
0 11 1 10 0.12520696915674484
1 11 1 11 0.12520696915674484
2 0 2 0 0.010549775515447425
3 0 2 1 0.010549775515447425
2 1 3 0 0.010549775515447425
3 1 3 1 0.010549775515447425
2 2 0 0 0.010549775515447423
3 2 0 1 0.010549775515447423
2 3 1 0 0.010549775515447423
3 3 1 1 0.010549775515447423
2 8 10 0 -0.010078837800385598
3 8 10 1 -0.010078837800385598
2 9 11 0 -0.010078837800385598
3 9 11 1 -0.010078837800385598
2 10 8 0 -0.010078837800385598
3 10 8 1 -0.010078837800385598
2 11 9 0 -0.010078837800385598
3 11 9 1 -0.010078837800385598
2 0 0 2 0.22488952001005635
3 0 0 3 0.22488952001005635
2 1 1 2 0.22488952001005635
3 1 1 3 0.22488952001005635
2 2 2 2 0.24456944642563858
3 2 2 3 0.24456944642563858
2 3 3 2 0.24456944642563858
3 3 3 3 0.24456944642563858
2 4 4 2 0.22420263903802962
3 4 4 3 0.22420263903802962
2 5 5 2 0.22420263903802962
3 5 5 3 0.22420263903802962
2 6 6 2 0.22532798457223818
3 6 6 3 0.22532798457223818
2 7 7 2 0.22532798457223818
3 7 7 3 0.22532798457223818
2 8 8 2 0.2460356455242807
3 8 8 3 0.2460356455242807
2 9 9 2 0.2460356455242807
3 9 9 3 0.2460356455242807
2 10 10 2 0.23298101094936108
3 10 10 3 0.23298101094936108
2 11 11 2 0.23298101094936108
3 11 11 3 0.23298101094936108
2 2 4 4 0.01018340381486126
3 2 4 5 0.01018340381486126
2 3 5 4 0.01018340381486126
3 3 5 5 0.01018340381486126
2 4 2 4 0.01018340381486126
3 4 2 5 0.01018340381486126
2 5 3 4 0.01018340381486126
3 5 3 5 0.01018340381486126
2 6 8 4 0.010353830601053882
3 6 8 5 0.010353830601053882
2 7 9 4 0.010353830601053882
3 7 9 5 0.010353830601053882
2 8 6 4 0.010353830601053882
3 8 6 5 0.010353830601053882
2 9 7 4 0.010353830601053882
3 9 7 5 0.010353830601053882
2 2 6 6 0.01020745839435577
3 2 6 7 0.01020745839435577
2 3 7 6 0.01020745839435577
3 3 7 7 0.01020745839435577
2 4 8 6 0.01020745839435577
3 4 8 7 0.01020745839435577
2 5 9 6 0.01020745839435577
3 5 9 7 0.01020745839435577
2 6 2 6 0.01020745839435577
3 6 2 7 0.01020745839435577
2 7 3 6 0.01020745839435577
3 7 3 7 0.01020745839435577
2 8 4 6 0.01020745839435577
3 8 4 7 0.01020745839435577
2 9 5 6 0.01020745839435577
3 9 5 7 0.01020745839435577
2 0 10 8 -0.11029385258597135
3 0 10 9 -0.11029385258597135
2 1 11 8 -0.11029385258597135
3 1 11 9 -0.11029385258597135
2 2 8 8 0.13540097018913333
3 2 8 9 0.13540097018913333
2 3 9 8 0.13540097018913333
3 3 9 9 0.13540097018913333
2 4 6 8 0.1149860531503565
3 4 6 9 0.1149860531503565
2 5 7 8 0.1149860531503565
3 5 7 9 0.1149860531503565
2 6 4 8 0.1149860531503565
3 6 4 9 0.1149860531503565
2 7 5 8 0.1149860531503565
3 7 5 9 0.1149860531503565
2 8 2 8 0.13540097018913327
3 8 2 9 0.13540097018913327
2 9 3 8 0.13540097018913327
3 9 3 9 0.13540097018913327
2 10 0 8 -0.11029385258597141
3 10 0 9 -0.11029385258597141
2 11 1 8 -0.11029385258597141
3 11 1 9 -0.11029385258597141
2 0 8 10 -0.00950549525763423
3 0 8 11 -0.00950549525763423
2 1 9 10 -0.00950549525763423
3 1 9 11 -0.00950549525763423
2 2 10 10 0.010858763519156947
3 2 10 11 0.010858763519156947
2 3 11 10 0.010858763519156947
3 3 11 11 0.010858763519156947
2 8 0 10 -0.00950549525763423
3 8 0 11 -0.00950549525763423
2 9 1 10 -0.00950549525763423
3 9 1 11 -0.00950549525763423
2 10 2 10 0.010858763519156944
3 10 2 11 0.010858763519156944
2 11 3 10 0.010858763519156944
3 11 3 11 0.010858763519156944
4 0 4 0 0.010549775515447425
5 0 4 1 0.010549775515447425
4 1 5 0 0.010549775515447425
5 1 5 1 0.010549775515447425
4 4 0 0 0.010549775515447423
5 4 0 1 0.010549775515447423
4 5 1 0 0.010549775515447423
5 5 1 1 0.010549775515447423
4 6 10 0 -0.010078837800385598
5 6 10 1 -0.010078837800385598
4 7 11 0 -0.010078837800385598
5 7 11 1 -0.010078837800385598
4 10 6 0 -0.010078837800385598
5 10 6 1 -0.010078837800385598
4 11 7 0 -0.010078837800385598
5 11 7 1 -0.010078837800385598
4 2 4 2 0.01018340381486126
5 2 4 3 0.01018340381486126
4 3 5 2 0.01018340381486126
5 3 5 3 0.01018340381486126
4 4 2 2 0.01018340381486126
5 4 2 3 0.01018340381486126
4 5 3 2 0.01018340381486126
5 5 3 3 0.01018340381486126
4 6 8 2 0.010353830601053882
5 6 8 3 0.010353830601053882
4 7 9 2 0.010353830601053882
5 7 9 3 0.010353830601053882
4 8 6 2 0.010353830601053882
5 8 6 3 0.010353830601053882
4 9 7 2 0.010353830601053882
5 9 7 3 0.010353830601053882
4 0 0 4 0.22488952001005635
5 0 0 5 0.22488952001005635
4 1 1 4 0.22488952001005635
5 1 1 5 0.22488952001005635
4 2 2 4 0.22420263903802962
5 2 2 5 0.22420263903802962
4 3 3 4 0.22420263903802962
5 3 3 5 0.22420263903802962
4 4 4 4 0.24456944642563858
5 4 4 5 0.24456944642563858
4 5 5 4 0.24456944642563858
5 5 5 5 0.24456944642563858
4 6 6 4 0.2460356455242807
5 6 6 5 0.2460356455242807
4 7 7 4 0.2460356455242807
5 7 7 5 0.2460356455242807
4 8 8 4 0.22532798457223818
5 8 8 5 0.22532798457223818
4 9 9 4 0.22532798457223818
5 9 9 5 0.22532798457223818
4 10 10 4 0.23298101094936108
5 10 10 5 0.23298101094936108
4 11 11 4 0.23298101094936108
5 11 11 5 0.23298101094936108
4 0 10 6 -0.11029385258597135
5 0 10 7 -0.11029385258597135
4 1 11 6 -0.11029385258597135
5 1 11 7 -0.11029385258597135
4 2 8 6 0.1149860531503565
5 2 8 7 0.1149860531503565
4 3 9 6 0.1149860531503565
5 3 9 7 0.1149860531503565
4 4 6 6 0.13540097018913333
5 4 6 7 0.13540097018913333
4 5 7 6 0.13540097018913333
5 5 7 7 0.13540097018913333
4 6 4 6 0.13540097018913327
5 6 4 7 0.13540097018913327
4 7 5 6 0.13540097018913327
5 7 5 7 0.13540097018913327
4 8 2 6 0.1149860531503565
5 8 2 7 0.1149860531503565
4 9 3 6 0.1149860531503565
5 9 3 7 0.1149860531503565
4 10 0 6 -0.11029385258597141
5 10 0 7 -0.11029385258597141
4 11 1 6 -0.11029385258597141
5 11 1 7 -0.11029385258597141
4 2 6 8 0.01020745839435577
5 2 6 9 0.01020745839435577
4 3 7 8 0.01020745839435577
5 3 7 9 0.01020745839435577
4 4 8 8 0.01020745839435577
5 4 8 9 0.01020745839435577
4 5 9 8 0.01020745839435577
5 5 9 9 0.01020745839435577
4 6 2 8 0.01020745839435577
5 6 2 9 0.01020745839435577
4 7 3 8 0.01020745839435577
5 7 3 9 0.01020745839435577
4 8 4 8 0.01020745839435577
5 8 4 9 0.01020745839435577
4 9 5 8 0.01020745839435577
5 9 5 9 0.01020745839435577
4 0 6 10 -0.00950549525763423
5 0 6 11 -0.00950549525763423
4 1 7 10 -0.00950549525763423
5 1 7 11 -0.00950549525763423
4 4 10 10 0.010858763519156947
5 4 10 11 0.010858763519156947
4 5 11 10 0.010858763519156947
5 5 11 11 0.010858763519156947
4 6 0 10 -0.00950549525763423
5 6 0 11 -0.00950549525763423
4 7 1 10 -0.00950549525763423
5 7 1 11 -0.00950549525763423
4 10 4 10 0.010858763519156944
5 10 4 11 0.010858763519156944
4 11 5 10 0.010858763519156944
5 11 5 11 0.010858763519156944
6 0 6 0 0.010145079754882025
7 0 6 1 0.010145079754882025
6 1 7 0 0.010145079754882025
7 1 7 1 0.010145079754882025
6 4 10 0 -0.009505495257634231
7 4 10 1 -0.009505495257634231
6 5 11 0 -0.009505495257634231
7 5 11 1 -0.009505495257634231
6 6 0 0 0.010145079754882021
7 6 0 1 0.010145079754882021
6 7 1 0 0.010145079754882021
7 7 1 1 0.010145079754882021
6 10 4 0 -0.00950549525763423
7 10 4 1 -0.00950549525763423
6 11 5 0 -0.00950549525763423
7 11 5 1 -0.00950549525763423
6 2 6 2 0.010207458394355771
7 2 6 3 0.010207458394355771
6 3 7 2 0.010207458394355771
7 3 7 3 0.010207458394355771
6 4 8 2 0.010207458394355771
7 4 8 3 0.010207458394355771
6 5 9 2 0.010207458394355771
7 5 9 3 0.010207458394355771
6 6 2 2 0.010207458394355768
7 6 2 3 0.010207458394355768
6 7 3 2 0.010207458394355768
7 7 3 3 0.010207458394355768
6 8 4 2 0.010207458394355768
7 8 4 3 0.010207458394355768
6 9 5 2 0.010207458394355768
7 9 5 3 0.010207458394355768
6 0 10 4 -0.11029385258597135
7 0 10 5 -0.11029385258597135
6 1 11 4 -0.11029385258597135
7 1 11 5 -0.11029385258597135
6 2 8 4 0.1149860531503565
7 2 8 5 0.1149860531503565
6 3 9 4 0.1149860531503565
7 3 9 5 0.1149860531503565
6 4 6 4 0.13540097018913333
7 4 6 5 0.13540097018913333
6 5 7 4 0.13540097018913333
7 5 7 5 0.13540097018913333
6 6 4 4 0.13540097018913327
7 6 4 5 0.13540097018913327
6 7 5 4 0.13540097018913327
7 7 5 5 0.13540097018913327
6 8 2 4 0.11498605315035651
7 8 2 5 0.11498605315035651
6 9 3 4 0.11498605315035651
7 9 3 5 0.11498605315035651
6 10 0 4 -0.11029385258597141
7 10 0 5 -0.11029385258597141
6 11 1 4 -0.11029385258597141
7 11 1 5 -0.11029385258597141
6 0 0 6 0.22574670865325347
7 0 0 7 0.22574670865325347
6 1 1 6 0.22574670865325347
7 1 1 7 0.22574670865325347
6 2 2 6 0.2253279845722382
7 2 2 7 0.2253279845722382
6 3 3 6 0.2253279845722382
7 3 3 7 0.2253279845722382
6 4 4 6 0.24603564552428067
7 4 4 7 0.24603564552428067
6 5 5 6 0.24603564552428067
7 5 5 7 0.24603564552428067
6 6 6 6 0.24760386333221862
7 6 6 7 0.24760386333221862
6 7 7 6 0.24760386333221862
7 7 7 7 0.24760386333221862
6 8 8 6 0.2265273465088745
7 8 8 7 0.2265273465088745
6 9 9 6 0.2265273465088745
7 9 9 7 0.2265273465088745
6 10 10 6 0.23381425223934477
7 10 10 7 0.23381425223934477
6 11 11 6 0.23381425223934477
7 11 11 7 0.23381425223934477
6 2 4 8 0.01035383060105388
7 2 4 9 0.01035383060105388
6 3 5 8 0.01035383060105388
7 3 5 9 0.01035383060105388
6 4 2 8 0.01035383060105388
7 4 2 9 0.01035383060105388
6 5 3 8 0.01035383060105388
7 5 3 9 0.01035383060105388
6 6 8 8 0.010538257507698308
7 6 8 9 0.010538257507698308
6 7 9 8 0.010538257507698308
7 7 9 9 0.010538257507698308
6 8 6 8 0.010538257507698308
7 8 6 9 0.010538257507698308
6 9 7 8 0.010538257507698308
7 9 7 9 0.010538257507698308
6 0 4 10 -0.010078837800385602
7 0 4 11 -0.010078837800385602
6 1 5 10 -0.010078837800385602
7 1 5 11 -0.010078837800385602
6 4 0 10 -0.010078837800385598
7 4 0 11 -0.010078837800385598
6 5 1 10 -0.010078837800385598
7 5 1 11 -0.010078837800385598
6 6 10 10 0.011440740621879223
7 6 10 11 0.011440740621879223
6 7 11 10 0.011440740621879223
7 7 11 11 0.011440740621879223
6 10 6 10 0.011440740621879223
7 10 6 11 0.011440740621879223
6 11 7 10 0.011440740621879223
7 11 7 11 0.011440740621879223
8 0 8 0 0.010145079754882025
9 0 8 1 0.010145079754882025
8 1 9 0 0.010145079754882025
9 1 9 1 0.010145079754882025
8 2 10 0 -0.009505495257634231
9 2 10 1 -0.009505495257634231
8 3 11 0 -0.009505495257634231
9 3 11 1 -0.009505495257634231
8 8 0 0 0.010145079754882021
9 8 0 1 0.010145079754882021
8 9 1 0 0.010145079754882021
9 9 1 1 0.010145079754882021
8 10 2 0 -0.00950549525763423
9 10 2 1 -0.00950549525763423
8 11 3 0 -0.00950549525763423
9 11 3 1 -0.00950549525763423
8 0 10 2 -0.11029385258597135
9 0 10 3 -0.11029385258597135
8 1 11 2 -0.11029385258597135
9 1 11 3 -0.11029385258597135
8 2 8 2 0.13540097018913333
9 2 8 3 0.13540097018913333
8 3 9 2 0.13540097018913333
9 3 9 3 0.13540097018913333
8 4 6 2 0.1149860531503565
9 4 6 3 0.1149860531503565
8 5 7 2 0.1149860531503565
9 5 7 3 0.1149860531503565
8 6 4 2 0.11498605315035651
9 6 4 3 0.11498605315035651
8 7 5 2 0.11498605315035651
9 7 5 3 0.11498605315035651
8 8 2 2 0.13540097018913327
9 8 2 3 0.13540097018913327
8 9 3 2 0.13540097018913327
9 9 3 3 0.13540097018913327
8 10 0 2 -0.11029385258597141
9 10 0 3 -0.11029385258597141
8 11 1 2 -0.11029385258597141
9 11 1 3 -0.11029385258597141
8 2 6 4 0.010207458394355771
9 2 6 5 0.010207458394355771
8 3 7 4 0.010207458394355771
9 3 7 5 0.010207458394355771
8 4 8 4 0.010207458394355771
9 4 8 5 0.010207458394355771
8 5 9 4 0.010207458394355771
9 5 9 5 0.010207458394355771
8 6 2 4 0.010207458394355768
9 6 2 5 0.010207458394355768
8 7 3 4 0.010207458394355768
9 7 3 5 0.010207458394355768
8 8 4 4 0.010207458394355768
9 8 4 5 0.010207458394355768
8 9 5 4 0.010207458394355768
9 9 5 5 0.010207458394355768
8 2 4 6 0.01035383060105388
9 2 4 7 0.01035383060105388
8 3 5 6 0.01035383060105388
9 3 5 7 0.01035383060105388
8 4 2 6 0.01035383060105388
9 4 2 7 0.01035383060105388
8 5 3 6 0.01035383060105388
9 5 3 7 0.01035383060105388
8 6 8 6 0.010538257507698308
9 6 8 7 0.010538257507698308
8 7 9 6 0.010538257507698308
9 7 9 7 0.010538257507698308
8 8 6 6 0.010538257507698308
9 8 6 7 0.010538257507698308
8 9 7 6 0.010538257507698308
9 9 7 7 0.010538257507698308
8 0 0 8 0.22574670865325347
9 0 0 9 0.22574670865325347
8 1 1 8 0.22574670865325347
9 1 1 9 0.22574670865325347
8 2 2 8 0.24603564552428067
9 2 2 9 0.24603564552428067
8 3 3 8 0.24603564552428067
9 3 3 9 0.24603564552428067
8 4 4 8 0.2253279845722382
9 4 4 9 0.2253279845722382
8 5 5 8 0.2253279845722382
9 5 5 9 0.2253279845722382
8 6 6 8 0.2265273465088745
9 6 6 9 0.2265273465088745
8 7 7 8 0.2265273465088745
9 7 7 9 0.2265273465088745
8 8 8 8 0.24760386333221862
9 8 8 9 0.24760386333221862
8 9 9 8 0.24760386333221862
9 9 9 9 0.24760386333221862
8 10 10 8 0.23381425223934477
9 10 10 9 0.23381425223934477
8 11 11 8 0.23381425223934477
9 11 11 9 0.23381425223934477
8 0 2 10 -0.010078837800385602
9 0 2 11 -0.010078837800385602
8 1 3 10 -0.010078837800385602
9 1 3 11 -0.010078837800385602
8 2 0 10 -0.010078837800385598
9 2 0 11 -0.010078837800385598
8 3 1 10 -0.010078837800385598
9 3 1 11 -0.010078837800385598
8 8 10 10 0.011440740621879223
9 8 10 11 0.011440740621879223
8 9 11 10 0.011440740621879223
9 9 11 11 0.011440740621879223
8 10 8 10 0.011440740621879223
9 10 8 11 0.011440740621879223
8 11 9 10 0.011440740621879223
9 11 9 11 0.011440740621879223
10 0 10 0 0.12520696915674479
11 0 10 1 0.12520696915674479
10 1 11 0 0.12520696915674479
11 1 11 1 0.12520696915674479
10 2 8 0 -0.11029385258597135
11 2 8 1 -0.11029385258597135
10 3 9 0 -0.11029385258597135
11 3 9 1 -0.11029385258597135
10 4 6 0 -0.11029385258597135
11 4 6 1 -0.11029385258597135
10 5 7 0 -0.11029385258597135
11 5 7 1 -0.11029385258597135
10 6 4 0 -0.1102938525859714
11 6 4 1 -0.1102938525859714
10 7 5 0 -0.1102938525859714
11 7 5 1 -0.1102938525859714
10 8 2 0 -0.1102938525859714
11 8 2 1 -0.1102938525859714
10 9 3 0 -0.1102938525859714
11 9 3 1 -0.1102938525859714
10 10 0 0 0.12520696915674484
11 10 0 1 0.12520696915674484
10 11 1 0 0.12520696915674484
11 11 1 1 0.12520696915674484
10 0 8 2 -0.00950549525763423
11 0 8 3 -0.00950549525763423
10 1 9 2 -0.00950549525763423
11 1 9 3 -0.00950549525763423
10 2 10 2 0.010858763519156947
11 2 10 3 0.010858763519156947
10 3 11 2 0.010858763519156947
11 3 11 3 0.010858763519156947
10 8 0 2 -0.009505495257634227
11 8 0 3 -0.009505495257634227
10 9 1 2 -0.009505495257634227
11 9 1 3 -0.009505495257634227
10 10 2 2 0.010858763519156944
11 10 2 3 0.010858763519156944
10 11 3 2 0.010858763519156944
11 11 3 3 0.010858763519156944
10 0 6 4 -0.00950549525763423
11 0 6 5 -0.00950549525763423
10 1 7 4 -0.00950549525763423
11 1 7 5 -0.00950549525763423
10 4 10 4 0.010858763519156947
11 4 10 5 0.010858763519156947
10 5 11 4 0.010858763519156947
11 5 11 5 0.010858763519156947
10 6 0 4 -0.009505495257634227
11 6 0 5 -0.009505495257634227
10 7 1 4 -0.009505495257634227
11 7 1 5 -0.009505495257634227
10 10 4 4 0.010858763519156944
11 10 4 5 0.010858763519156944
10 11 5 4 0.010858763519156944
11 11 5 5 0.010858763519156944
10 0 4 6 -0.010078837800385602
11 0 4 7 -0.010078837800385602
10 1 5 6 -0.010078837800385602
11 1 5 7 -0.010078837800385602
10 4 0 6 -0.010078837800385598
11 4 0 7 -0.010078837800385598
10 5 1 6 -0.010078837800385598
11 5 1 7 -0.010078837800385598
10 6 10 6 0.011440740621879223
11 6 10 7 0.011440740621879223
10 7 11 6 0.011440740621879223
11 7 11 7 0.011440740621879223
10 10 6 6 0.011440740621879223
11 10 6 7 0.011440740621879223
10 11 7 6 0.011440740621879223
11 11 7 7 0.011440740621879223
10 0 2 8 -0.010078837800385602
11 0 2 9 -0.010078837800385602
10 1 3 8 -0.010078837800385602
11 1 3 9 -0.010078837800385602
10 2 0 8 -0.010078837800385598
11 2 0 9 -0.010078837800385598
10 3 1 8 -0.010078837800385598
11 3 1 9 -0.010078837800385598
10 8 10 8 0.011440740621879223
11 8 10 9 0.011440740621879223
10 9 11 8 0.011440740621879223
11 9 11 9 0.011440740621879223
10 10 8 8 0.011440740621879223
11 10 8 9 0.011440740621879223
10 11 9 8 0.011440740621879223
11 11 9 9 0.011440740621879223
10 0 0 10 0.2530683565190595
11 0 0 11 0.2530683565190595
10 1 1 10 0.2530683565190595
11 1 1 11 0.2530683565190595
10 2 2 10 0.23298101094936113
11 2 2 11 0.23298101094936113
10 3 3 10 0.23298101094936113
11 3 3 11 0.23298101094936113
10 4 4 10 0.23298101094936113
11 4 4 11 0.23298101094936113
10 5 5 10 0.23298101094936113
11 5 5 11 0.23298101094936113
10 6 6 10 0.23381425223934482
11 6 6 11 0.23381425223934482
10 7 7 10 0.23381425223934482
11 7 7 11 0.23381425223934482
10 8 8 10 0.23381425223934482
11 8 8 11 0.23381425223934482
10 9 9 10 0.23381425223934482
11 9 9 11 0.23381425223934482
10 10 10 10 0.2645254085791208
11 10 10 11 0.2645254085791208
10 11 11 10 0.2645254085791208
11 11 11 11 0.2645254085791208
