-98.75033917408399
0 0 -2.4415649359263707
1 1 -2.4415649359263707
0 10 0.03415058650592867
1 11 0.03415058650592867
2 2 -2.4051582871755075
3 3 -2.4051582871755075
2 8 -0.006970666074838549
3 9 -0.006970666074838549
4 4 -2.4051582871755075
5 5 -2.4051582871755075
4 6 -0.006970666074838549
5 7 -0.006970666074838549
6 4 -0.0069706660748385454
7 5 -0.0069706660748385454
6 6 -2.4051582747825613
7 7 -2.4051582747825613
8 2 -0.0069706660748385454
9 3 -0.0069706660748385454
8 8 -2.4051582747825613
9 9 -2.4051582747825613
10 0 0.0341505865059286
11 1 0.0341505865059286
10 10 -2.4415649197050433
11 11 -2.4415649197050433
0 0 0 0 0.3826153320055318
1 0 0 1 0.3826153320055318
0 1 1 0 0.3826153320055318
1 1 1 1 0.3826153320055318
0 0 10 0 0.0026771699482800674
1 0 10 1 0.0026771699482800674
0 1 11 0 0.0026771699482800674
1 1 11 1 0.0026771699482800674
0 2 2 0 0.3408682638147972
1 2 2 1 0.3408682638147972
0 3 3 0 0.3408682638147972
1 3 3 1 0.3408682638147972
0 2 8 0 -0.0003419845228688577
1 2 8 1 -0.0003419845228688577
0 3 9 0 -0.0003419845228688577
1 3 9 1 -0.0003419845228688577
0 4 4 0 0.3408682638147972
1 4 4 1 0.3408682638147972
0 5 5 0 0.3408682638147972
1 5 5 1 0.3408682638147972
0 4 6 0 -0.0003419845228688577
1 4 6 1 -0.0003419845228688577
0 5 7 0 -0.0003419845228688577
1 5 7 1 -0.0003419845228688577
0 6 4 0 -0.0003419845228688577
1 6 4 1 -0.0003419845228688577
0 7 5 0 -0.0003419845228688577
1 7 5 1 -0.0003419845228688577
0 6 6 0 0.11228403067681238
1 6 6 1 0.11228403067681238
0 7 7 0 0.11228403067681238
1 7 7 1 0.11228403067681238
0 8 2 0 -0.0003419845228688577
1 8 2 1 -0.0003419845228688577
0 9 3 0 -0.0003419845228688577
1 9 3 1 -0.0003419845228688577
0 8 8 0 0.11228403067681238
1 8 8 1 0.11228403067681238
0 9 9 0 0.11228403067681238
1 9 9 1 0.11228403067681238
0 10 0 0 0.0026771699482800644
1 10 0 1 0.0026771699482800644
0 11 1 0 0.0026771699482800644
1 11 1 1 0.0026771699482800644
0 10 10 0 0.12015012329529108
1 10 10 1 0.12015012329529108
0 11 11 0 0.12015012329529108
1 11 11 1 0.12015012329529108
0 0 2 2 0.02063727099931669
1 0 2 3 0.02063727099931669
0 1 3 2 0.02063727099931669
1 1 3 3 0.02063727099931669
0 0 8 2 2.1193542643632423e-05
1 0 8 3 2.1193542643632423e-05
0 1 9 2 2.1193542643632423e-05
1 1 9 3 2.1193542643632423e-05
0 2 0 2 0.02063727099931669
1 2 0 3 0.02063727099931669
0 3 1 2 0.02063727099931669
1 3 1 3 0.02063727099931669
0 2 10 2 0.00034197278125785204
1 2 10 3 0.00034197278125785204
0 3 11 2 0.00034197278125785204
1 3 11 3 0.00034197278125785204
0 8 0 2 2.1193542643632423e-05
1 8 0 3 2.1193542643632423e-05
0 9 1 2 2.1193542643632423e-05
1 9 1 3 2.1193542643632423e-05
0 8 10 2 -0.0004722477557517311
1 8 10 3 -0.0004722477557517311
0 9 11 2 -0.0004722477557517311
1 9 11 3 -0.0004722477557517311
0 10 2 2 0.00034197278125785204
1 10 2 3 0.00034197278125785204
0 11 3 2 0.00034197278125785204
1 11 3 3 0.00034197278125785204
0 10 8 2 -0.000472247755751731
1 10 8 3 -0.000472247755751731
0 11 9 2 -0.000472247755751731
1 11 9 3 -0.000472247755751731
0 0 4 4 0.02063727099931669
1 0 4 5 0.02063727099931669
0 1 5 4 0.02063727099931669
1 1 5 5 0.02063727099931669
0 0 6 4 2.1193542643632423e-05
1 0 6 5 2.1193542643632423e-05
0 1 7 4 2.1193542643632423e-05
1 1 7 5 2.1193542643632423e-05
0 4 0 4 0.02063727099931669
1 4 0 5 0.02063727099931669
0 5 1 4 0.02063727099931669
1 5 1 5 0.02063727099931669
0 4 10 4 0.00034197278125785204
1 4 10 5 0.00034197278125785204
0 5 11 4 0.00034197278125785204
1 5 11 5 0.00034197278125785204
0 6 0 4 2.1193542643632423e-05
1 6 0 5 2.1193542643632423e-05
0 7 1 4 2.1193542643632423e-05
1 7 1 5 2.1193542643632423e-05
0 6 10 4 -0.0004722477557517311
1 6 10 5 -0.0004722477557517311
0 7 11 4 -0.0004722477557517311
1 7 11 5 -0.0004722477557517311
0 10 4 4 0.00034197278125785204
1 10 4 5 0.00034197278125785204
0 11 5 4 0.00034197278125785204
1 11 5 5 0.00034197278125785204
0 10 6 4 -0.000472247755751731
1 10 6 5 -0.000472247755751731
0 11 7 4 -0.000472247755751731
1 11 7 5 -0.000472247755751731
0 0 4 6 2.1193542643632443e-05
1 0 4 7 2.1193542643632443e-05
0 1 5 6 2.1193542643632443e-05
1 1 5 7 2.1193542643632443e-05
0 0 6 6 0.0001877851629924504
1 0 6 7 0.0001877851629924504
0 1 7 6 0.0001877851629924504
1 1 7 7 0.0001877851629924504
0 4 0 6 2.1193542643632443e-05
1 4 0 7 2.1193542643632443e-05
0 5 1 6 2.1193542643632443e-05
1 5 1 7 2.1193542643632443e-05
0 4 10 6 7.410254098835507e-06
1 4 10 7 7.410254098835507e-06
0 5 11 6 7.410254098835507e-06
1 5 11 7 7.410254098835507e-06
0 6 0 6 0.00018778516299245042
1 6 0 7 0.00018778516299245042
0 7 1 6 0.00018778516299245042
1 7 1 7 0.00018778516299245042
0 6 10 6 0.0003419727812578521
1 6 10 7 0.0003419727812578521
0 7 11 6 0.0003419727812578521
1 7 11 7 0.0003419727812578521
0 10 4 6 7.410254098835511e-06
1 10 4 7 7.410254098835511e-06
0 11 5 6 7.410254098835511e-06
1 11 5 7 7.410254098835511e-06
0 10 6 6 0.00034197278125785204
1 10 6 7 0.00034197278125785204
0 11 7 6 0.00034197278125785204
1 11 7 7 0.00034197278125785204
0 0 2 8 2.1193542643632443e-05
1 0 2 9 2.1193542643632443e-05
0 1 3 8 2.1193542643632443e-05
1 1 3 9 2.1193542643632443e-05
0 0 8 8 0.0001877851629924504
1 0 8 9 0.0001877851629924504
0 1 9 8 0.0001877851629924504
1 1 9 9 0.0001877851629924504
0 2 0 8 2.1193542643632443e-05
1 2 0 9 2.1193542643632443e-05
0 3 1 8 2.1193542643632443e-05
1 3 1 9 2.1193542643632443e-05
0 2 10 8 7.410254098835507e-06
1 2 10 9 7.410254098835507e-06
0 3 11 8 7.410254098835507e-06
1 3 11 9 7.410254098835507e-06
0 8 0 8 0.00018778516299245042
1 8 0 9 0.00018778516299245042
0 9 1 8 0.00018778516299245042
1 9 1 9 0.00018778516299245042
0 8 10 8 0.0003419727812578521
1 8 10 9 0.0003419727812578521
0 9 11 8 0.0003419727812578521
1 9 11 9 0.0003419727812578521
0 10 2 8 7.410254098835511e-06
1 10 2 9 7.410254098835511e-06
0 11 3 8 7.410254098835511e-06
1 11 3 9 7.410254098835511e-06
0 10 8 8 0.00034197278125785204
1 10 8 9 0.00034197278125785204
0 11 9 8 0.00034197278125785204
1 11 9 9 0.00034197278125785204
0 0 0 10 0.0026771699482800687
1 0 0 11 0.0026771699482800687
0 1 1 10 0.0026771699482800687
1 1 1 11 0.0026771699482800687
0 0 10 10 0.0004050723796708378
1 0 10 11 0.0004050723796708378
0 1 11 10 0.0004050723796708378
1 1 11 11 0.0004050723796708378
0 2 2 10 0.002629691498290122
1 2 2 11 0.002629691498290122
0 3 3 10 0.002629691498290122
1 3 3 11 0.002629691498290122
0 2 8 10 -3.476635372180451e-05
1 2 8 11 -3.476635372180451e-05
0 3 9 10 -3.476635372180451e-05
1 3 9 11 -3.476635372180451e-05
0 4 4 10 0.002629691498290122
1 4 4 11 0.002629691498290122
0 5 5 10 0.002629691498290122
1 5 5 11 0.002629691498290122
0 4 6 10 -3.476635372180451e-05
1 4 6 11 -3.476635372180451e-05
0 5 7 10 -3.476635372180451e-05
1 5 7 11 -3.476635372180451e-05
0 6 4 10 -3.476635372180451e-05
1 6 4 11 -3.476635372180451e-05
0 7 5 10 -3.476635372180451e-05
1 7 5 11 -3.476635372180451e-05
0 6 6 10 0.002629691498290121
1 6 6 11 0.002629691498290121
0 7 7 10 0.002629691498290121
1 7 7 11 0.002629691498290121
0 8 2 10 -3.476635372180451e-05
1 8 2 11 -3.476635372180451e-05
0 9 3 10 -3.476635372180451e-05
1 9 3 11 -3.476635372180451e-05
0 8 8 10 0.002629691498290121
1 8 8 11 0.002629691498290121
0 9 9 10 0.002629691498290121
1 9 9 11 0.002629691498290121
0 10 0 10 0.0004050723796708377
1 10 0 11 0.0004050723796708377
0 11 1 10 0.0004050723796708377
1 11 1 11 0.0004050723796708377
0 10 10 10 0.0026771699482800657
1 10 10 11 0.0026771699482800657
0 11 11 10 0.0026771699482800657
1 11 11 11 0.0026771699482800657
2 0 2 0 0.020637270999316684
3 0 2 1 0.020637270999316684
2 1 3 0 0.020637270999316684
3 1 3 1 0.020637270999316684
2 0 8 0 2.1193542643632423e-05
3 0 8 1 2.1193542643632423e-05
2 1 9 0 2.1193542643632423e-05
3 1 9 1 2.1193542643632423e-05
2 2 0 0 0.020637270999316684
3 2 0 1 0.020637270999316684
2 3 1 0 0.020637270999316684
3 3 1 1 0.020637270999316684
2 2 10 0 0.00034197278125785204
3 2 10 1 0.00034197278125785204
2 3 11 0 0.00034197278125785204
3 3 11 1 0.00034197278125785204
2 8 0 0 2.1193542643632426e-05
3 8 0 1 2.1193542643632426e-05
2 9 1 0 2.1193542643632426e-05
3 9 1 1 2.1193542643632426e-05
2 8 10 0 -0.0004722477557517311
3 8 10 1 -0.0004722477557517311
2 9 11 0 -0.0004722477557517311
3 9 11 1 -0.0004722477557517311
2 10 2 0 0.0003419727812578521
3 10 2 1 0.0003419727812578521
2 11 3 0 0.0003419727812578521
3 11 3 1 0.0003419727812578521
2 10 8 0 -0.00047224775575173097
3 10 8 1 -0.00047224775575173097
2 11 9 0 -0.00047224775575173097
3 11 9 1 -0.00047224775575173097
2 0 0 2 0.3408682638147973
3 0 0 3 0.3408682638147973
2 1 1 2 0.3408682638147973
3 1 1 3 0.3408682638147973
2 0 10 2 0.0026296914982901205
3 0 10 3 0.0026296914982901205
2 1 11 2 0.0026296914982901205
3 1 11 3 0.0026296914982901205
2 2 2 2 0.3814375970370408
3 2 2 3 0.3814375970370408
2 3 3 2 0.3814375970370408
3 3 3 3 0.3814375970370408
2 2 8 2 -0.0006169165394623943
3 2 8 3 -0.0006169165394623943
2 3 9 2 -0.0006169165394623943
3 3 9 3 -0.0006169165394623943
2 4 4 2 0.34031257219785005
3 4 4 3 0.34031257219785005
2 5 5 2 0.34031257219785005
3 5 5 3 0.34031257219785005
2 4 6 2 -0.00047355004009608817
3 4 6 3 -0.00047355004009608817
2 5 7 2 -0.00047355004009608817
3 5 7 3 -0.00047355004009608817
2 6 4 2 -0.0004735500400960886
3 6 4 3 -0.0004735500400960886
2 7 5 2 -0.0004735500400960886
3 7 5 3 -0.0004735500400960886
2 6 6 2 0.10612141339442803
3 6 6 3 0.10612141339442803
2 7 7 2 0.10612141339442803
3 7 7 3 0.10612141339442803
2 8 2 2 -0.0006169165394623939
3 8 2 3 -0.0006169165394623939
2 9 3 2 -0.0006169165394623939
3 9 3 3 -0.0006169165394623939
2 8 8 2 0.10636478153820034
3 8 8 3 0.10636478153820034
2 9 9 2 0.10636478153820034
3 9 9 3 0.10636478153820034
2 10 0 2 0.002629691498290121
3 10 0 3 0.002629691498290121
2 11 1 2 0.002629691498290121
3 11 1 3 0.002629691498290121
2 10 10 2 0.11228403067681236
3 10 10 3 0.11228403067681236
2 11 11 2 0.11228403067681236
3 11 11 3 0.11228403067681236
2 2 4 4 0.020562512163496492
3 2 4 5 0.020562512163496492
2 3 5 4 0.020562512163496492
3 3 5 5 0.020562512163496492
2 2 6 4 -7.168300109237825e-05
3 2 6 5 -7.168300109237825e-05
2 3 7 4 -7.168300109237825e-05
3 3 7 5 -7.168300109237825e-05
2 4 2 4 0.020562512163496492
3 4 2 5 0.020562512163496492
2 5 3 4 0.020562512163496492
3 5 3 5 0.020562512163496492
2 4 8 4 -7.168300109237825e-05
3 4 8 5 -7.168300109237825e-05
2 5 9 4 -7.168300109237825e-05
3 5 9 5 -7.168300109237825e-05
2 6 2 4 -7.168300109237827e-05
3 6 2 5 -7.168300109237827e-05
2 7 3 4 -7.168300109237827e-05
3 7 3 5 -7.168300109237827e-05
2 6 8 4 0.00012168406582422028
3 6 8 5 0.00012168406582422028
2 7 9 4 0.00012168406582422028
3 7 9 5 0.00012168406582422028
2 8 4 4 -7.168300109237827e-05
3 8 4 5 -7.168300109237827e-05
2 9 5 4 -7.168300109237827e-05
3 9 5 5 -7.168300109237827e-05
2 8 6 4 0.00012168406582422028
3 8 6 5 0.00012168406582422028
2 9 7 4 0.00012168406582422028
3 9 7 5 0.00012168406582422028
2 2 4 6 -7.16830010923783e-05
3 2 4 7 -7.16830010923783e-05
2 3 5 6 -7.16830010923783e-05
3 3 5 7 -7.16830010923783e-05
2 2 6 6 2.1003916890118145e-06
3 2 6 7 2.1003916890118145e-06
2 3 7 6 2.1003916890118145e-06
3 3 7 7 2.1003916890118145e-06
2 4 2 6 -7.16830010923783e-05
3 4 2 7 -7.16830010923783e-05
2 5 3 6 -7.16830010923783e-05
3 5 3 7 -7.16830010923783e-05
2 4 8 6 2.1003916890118145e-06
3 4 8 7 2.1003916890118145e-06
2 5 9 6 2.1003916890118145e-06
3 5 9 7 2.1003916890118145e-06
2 6 2 6 2.1003916890118145e-06
3 6 2 7 2.1003916890118145e-06
2 7 3 6 2.1003916890118145e-06
3 7 3 7 2.1003916890118145e-06
2 6 8 6 -7.168300109237832e-05
3 6 8 7 -7.168300109237832e-05
2 7 9 6 -7.168300109237832e-05
3 7 9 7 -7.168300109237832e-05
2 8 4 6 2.1003916890118145e-06
3 8 4 7 2.1003916890118145e-06
2 9 5 6 2.1003916890118145e-06
3 9 5 7 2.1003916890118145e-06
2 8 6 6 -7.168300109237832e-05
3 8 6 7 -7.168300109237832e-05
2 9 7 6 -7.168300109237832e-05
3 9 7 7 -7.168300109237832e-05
2 0 0 8 -0.00034198452286885806
3 0 0 9 -0.00034198452286885806
2 1 1 8 -0.00034198452286885806
3 1 1 9 -0.00034198452286885806
2 0 10 8 -3.476635372180449e-05
3 0 10 9 -3.476635372180449e-05
2 1 11 8 -3.476635372180449e-05
3 1 11 9 -3.476635372180449e-05
2 2 2 8 -0.0006169165394623947
3 2 2 9 -0.0006169165394623947
2 3 3 8 -0.0006169165394623947
3 3 3 9 -0.0006169165394623947
2 2 8 8 1.5561918645453316e-05
3 2 8 9 1.5561918645453316e-05
2 3 9 8 1.5561918645453316e-05
3 3 9 9 1.5561918645453316e-05
2 4 4 8 -0.0004735500400960882
3 4 4 9 -0.0004735500400960882
2 5 5 8 -0.0004735500400960882
3 5 5 9 -0.0004735500400960882
2 4 6 8 1.1361623217494984e-05
3 4 6 9 1.1361623217494984e-05
2 5 7 8 1.1361623217494984e-05
3 5 7 9 1.1361623217494984e-05
2 6 4 8 1.1361623217494984e-05
3 6 4 9 1.1361623217494984e-05
2 7 5 8 1.1361623217494984e-05
3 7 5 9 1.1361623217494984e-05
2 6 6 8 -0.0004735500400960882
3 6 6 9 -0.0004735500400960882
2 7 7 8 -0.0004735500400960882
3 7 7 9 -0.0004735500400960882
2 8 2 8 1.5561918645453316e-05
3 8 2 9 1.5561918645453316e-05
2 9 3 8 1.5561918645453316e-05
3 9 3 9 1.5561918645453316e-05
2 8 8 8 -0.0006169165394623948
3 8 8 9 -0.0006169165394623948
2 9 9 8 -0.0006169165394623948
3 9 9 9 -0.0006169165394623948
2 10 0 8 -3.4766353721804504e-05
3 10 0 9 -3.4766353721804504e-05
2 11 1 8 -3.4766353721804504e-05
3 11 1 9 -3.4766353721804504e-05
2 10 10 8 -0.0003419845228688583
3 10 10 9 -0.0003419845228688583
2 11 11 8 -0.0003419845228688583
3 11 11 9 -0.0003419845228688583
2 0 2 10 0.000341972781257852
3 0 2 11 0.000341972781257852
2 1 3 10 0.000341972781257852
3 1 3 11 0.000341972781257852
2 0 8 10 7.410254098835514e-06
3 0 8 11 7.410254098835514e-06
2 1 9 10 7.410254098835514e-06
3 1 9 11 7.410254098835514e-06
2 2 0 10 0.000341972781257852
3 2 0 11 0.000341972781257852
2 3 1 10 0.000341972781257852
3 3 1 11 0.000341972781257852
2 2 10 10 0.00018778516299245042
3 2 10 11 0.00018778516299245042
2 3 11 10 0.00018778516299245042
3 3 11 11 0.00018778516299245042
2 8 0 10 7.410254098835499e-06
3 8 0 11 7.410254098835499e-06
2 9 1 10 7.410254098835499e-06
3 9 1 11 7.410254098835499e-06
2 8 10 10 2.1193542643632393e-05
3 8 10 11 2.1193542643632393e-05
2 9 11 10 2.1193542643632393e-05
3 9 11 11 2.1193542643632393e-05
2 10 2 10 0.00018778516299245045
3 10 2 11 0.00018778516299245045
2 11 3 10 0.00018778516299245045
3 11 3 11 0.00018778516299245045
2 10 8 10 2.119354264363242e-05
3 10 8 11 2.119354264363242e-05
2 11 9 10 2.119354264363242e-05
3 11 9 11 2.119354264363242e-05
4 0 4 0 0.020637270999316684
5 0 4 1 0.020637270999316684
4 1 5 0 0.020637270999316684
5 1 5 1 0.020637270999316684
4 0 6 0 2.1193542643632423e-05
5 0 6 1 2.1193542643632423e-05
4 1 7 0 2.1193542643632423e-05
5 1 7 1 2.1193542643632423e-05
4 4 0 0 0.020637270999316684
5 4 0 1 0.020637270999316684
4 5 1 0 0.020637270999316684
5 5 1 1 0.020637270999316684
4 4 10 0 0.00034197278125785204
5 4 10 1 0.00034197278125785204
4 5 11 0 0.00034197278125785204
5 5 11 1 0.00034197278125785204
4 6 0 0 2.1193542643632426e-05
5 6 0 1 2.1193542643632426e-05
4 7 1 0 2.1193542643632426e-05
5 7 1 1 2.1193542643632426e-05
4 6 10 0 -0.0004722477557517311
5 6 10 1 -0.0004722477557517311
4 7 11 0 -0.0004722477557517311
5 7 11 1 -0.0004722477557517311
4 10 4 0 0.0003419727812578521
5 10 4 1 0.0003419727812578521
4 11 5 0 0.0003419727812578521
5 11 5 1 0.0003419727812578521
4 10 6 0 -0.00047224775575173097
5 10 6 1 -0.00047224775575173097
4 11 7 0 -0.00047224775575173097
5 11 7 1 -0.00047224775575173097
4 2 4 2 0.020562512163496492
5 2 4 3 0.020562512163496492
4 3 5 2 0.020562512163496492
5 3 5 3 0.020562512163496492
4 2 6 2 -7.168300109237825e-05
5 2 6 3 -7.168300109237825e-05
4 3 7 2 -7.168300109237825e-05
5 3 7 3 -7.168300109237825e-05
4 4 2 2 0.020562512163496492
5 4 2 3 0.020562512163496492
4 5 3 2 0.020562512163496492
5 5 3 3 0.020562512163496492
4 4 8 2 -7.168300109237825e-05
5 4 8 3 -7.168300109237825e-05
4 5 9 2 -7.168300109237825e-05
5 5 9 3 -7.168300109237825e-05
4 6 2 2 -7.168300109237827e-05
5 6 2 3 -7.168300109237827e-05
4 7 3 2 -7.168300109237827e-05
5 7 3 3 -7.168300109237827e-05
4 6 8 2 0.00012168406582422028
5 6 8 3 0.00012168406582422028
4 7 9 2 0.00012168406582422028
5 7 9 3 0.00012168406582422028
4 8 4 2 -7.168300109237827e-05
5 8 4 3 -7.168300109237827e-05
4 9 5 2 -7.168300109237827e-05
5 9 5 3 -7.168300109237827e-05
4 8 6 2 0.00012168406582422028
5 8 6 3 0.00012168406582422028
4 9 7 2 0.00012168406582422028
5 9 7 3 0.00012168406582422028
4 0 0 4 0.3408682638147973
5 0 0 5 0.3408682638147973
4 1 1 4 0.3408682638147973
5 1 1 5 0.3408682638147973
4 0 10 4 0.0026296914982901205
5 0 10 5 0.0026296914982901205
4 1 11 4 0.0026296914982901205
5 1 11 5 0.0026296914982901205
4 2 2 4 0.34031257219785005
5 2 2 5 0.34031257219785005
4 3 3 4 0.34031257219785005
5 3 3 5 0.34031257219785005
4 2 8 4 -0.00047355004009608817
5 2 8 5 -0.00047355004009608817
4 3 9 4 -0.00047355004009608817
5 3 9 5 -0.00047355004009608817
4 4 4 4 0.3814375970370408
5 4 4 5 0.3814375970370408
4 5 5 4 0.3814375970370408
5 5 5 5 0.3814375970370408
4 4 6 4 -0.0006169165394623943
5 4 6 5 -0.0006169165394623943
4 5 7 4 -0.0006169165394623943
5 5 7 5 -0.0006169165394623943
4 6 4 4 -0.0006169165394623939
5 6 4 5 -0.0006169165394623939
4 7 5 4 -0.0006169165394623939
5 7 5 5 -0.0006169165394623939
4 6 6 4 0.10636478153820034
5 6 6 5 0.10636478153820034
4 7 7 4 0.10636478153820034
5 7 7 5 0.10636478153820034
4 8 2 4 -0.0004735500400960886
5 8 2 5 -0.0004735500400960886
4 9 3 4 -0.0004735500400960886
5 9 3 5 -0.0004735500400960886
4 8 8 4 0.10612141339442803
5 8 8 5 0.10612141339442803
4 9 9 4 0.10612141339442803
5 9 9 5 0.10612141339442803
4 10 0 4 0.002629691498290121
5 10 0 5 0.002629691498290121
4 11 1 4 0.002629691498290121
5 11 1 5 0.002629691498290121
4 10 10 4 0.11228403067681236
5 10 10 5 0.11228403067681236
4 11 11 4 0.11228403067681236
5 11 11 5 0.11228403067681236
4 0 0 6 -0.00034198452286885806
5 0 0 7 -0.00034198452286885806
4 1 1 6 -0.00034198452286885806
5 1 1 7 -0.00034198452286885806
4 0 10 6 -3.476635372180449e-05
5 0 10 7 -3.476635372180449e-05
4 1 11 6 -3.476635372180449e-05
5 1 11 7 -3.476635372180449e-05
4 2 2 6 -0.0004735500400960882
5 2 2 7 -0.0004735500400960882
4 3 3 6 -0.0004735500400960882
5 3 3 7 -0.0004735500400960882
4 2 8 6 1.1361623217494984e-05
5 2 8 7 1.1361623217494984e-05
4 3 9 6 1.1361623217494984e-05
5 3 9 7 1.1361623217494984e-05
4 4 4 6 -0.0006169165394623947
5 4 4 7 -0.0006169165394623947
4 5 5 6 -0.0006169165394623947
5 5 5 7 -0.0006169165394623947
4 4 6 6 1.5561918645453316e-05
5 4 6 7 1.5561918645453316e-05
4 5 7 6 1.5561918645453316e-05
5 5 7 7 1.5561918645453316e-05
4 6 4 6 1.5561918645453316e-05
5 6 4 7 1.5561918645453316e-05
4 7 5 6 1.5561918645453316e-05
5 7 5 7 1.5561918645453316e-05
4 6 6 6 -0.0006169165394623948
5 6 6 7 -0.0006169165394623948
4 7 7 6 -0.0006169165394623948
5 7 7 7 -0.0006169165394623948
4 8 2 6 1.1361623217494984e-05
5 8 2 7 1.1361623217494984e-05
4 9 3 6 1.1361623217494984e-05
5 9 3 7 1.1361623217494984e-05
4 8 8 6 -0.0004735500400960882
5 8 8 7 -0.0004735500400960882
4 9 9 6 -0.0004735500400960882
5 9 9 7 -0.0004735500400960882
4 10 0 6 -3.4766353721804504e-05
5 10 0 7 -3.4766353721804504e-05
4 11 1 6 -3.4766353721804504e-05
5 11 1 7 -3.4766353721804504e-05
4 10 10 6 -0.0003419845228688583
5 10 10 7 -0.0003419845228688583
4 11 11 6 -0.0003419845228688583
5 11 11 7 -0.0003419845228688583
4 2 4 8 -7.16830010923783e-05
5 2 4 9 -7.16830010923783e-05
4 3 5 8 -7.16830010923783e-05
5 3 5 9 -7.16830010923783e-05
4 2 6 8 2.1003916890118145e-06
5 2 6 9 2.1003916890118145e-06
4 3 7 8 2.1003916890118145e-06
5 3 7 9 2.1003916890118145e-06
4 4 2 8 -7.16830010923783e-05
5 4 2 9 -7.16830010923783e-05
4 5 3 8 -7.16830010923783e-05
5 5 3 9 -7.16830010923783e-05
4 4 8 8 2.1003916890118145e-06
5 4 8 9 2.1003916890118145e-06
4 5 9 8 2.1003916890118145e-06
5 5 9 9 2.1003916890118145e-06
4 6 2 8 2.1003916890118145e-06
5 6 2 9 2.1003916890118145e-06
4 7 3 8 2.1003916890118145e-06
5 7 3 9 2.1003916890118145e-06
4 6 8 8 -7.168300109237832e-05
5 6 8 9 -7.168300109237832e-05
4 7 9 8 -7.168300109237832e-05
5 7 9 9 -7.168300109237832e-05
4 8 4 8 2.1003916890118145e-06
5 8 4 9 2.1003916890118145e-06
4 9 5 8 2.1003916890118145e-06
5 9 5 9 2.1003916890118145e-06
4 8 6 8 -7.168300109237832e-05
5 8 6 9 -7.168300109237832e-05
4 9 7 8 -7.168300109237832e-05
5 9 7 9 -7.168300109237832e-05
4 0 4 10 0.000341972781257852
5 0 4 11 0.000341972781257852
4 1 5 10 0.000341972781257852
5 1 5 11 0.000341972781257852
4 0 6 10 7.410254098835514e-06
5 0 6 11 7.410254098835514e-06
4 1 7 10 7.410254098835514e-06
5 1 7 11 7.410254098835514e-06
4 4 0 10 0.000341972781257852
5 4 0 11 0.000341972781257852
4 5 1 10 0.000341972781257852
5 5 1 11 0.000341972781257852
4 4 10 10 0.00018778516299245042
5 4 10 11 0.00018778516299245042
4 5 11 10 0.00018778516299245042
5 5 11 11 0.00018778516299245042
4 6 0 10 7.410254098835499e-06
5 6 0 11 7.410254098835499e-06
4 7 1 10 7.410254098835499e-06
5 7 1 11 7.410254098835499e-06
4 6 10 10 2.1193542643632393e-05
5 6 10 11 2.1193542643632393e-05
4 7 11 10 2.1193542643632393e-05
5 7 11 11 2.1193542643632393e-05
4 10 4 10 0.00018778516299245045
5 10 4 11 0.00018778516299245045
4 11 5 10 0.00018778516299245045
5 11 5 11 0.00018778516299245045
4 10 6 10 2.119354264363242e-05
5 10 6 11 2.119354264363242e-05
4 11 7 10 2.119354264363242e-05
5 11 7 11 2.119354264363242e-05
6 0 4 0 2.119354264363242e-05
7 0 4 1 2.119354264363242e-05
6 1 5 0 2.119354264363242e-05
7 1 5 1 2.119354264363242e-05
6 0 6 0 0.0001877851629924504
7 0 6 1 0.0001877851629924504
6 1 7 0 0.0001877851629924504
7 1 7 1 0.0001877851629924504
6 4 0 0 2.119354264363242e-05
7 4 0 1 2.119354264363242e-05
6 5 1 0 2.119354264363242e-05
7 5 1 1 2.119354264363242e-05
6 4 10 0 7.410254098835509e-06
7 4 10 1 7.410254098835509e-06
6 5 11 0 7.410254098835509e-06
7 5 11 1 7.410254098835509e-06
6 6 0 0 0.00018778516299245042
7 6 0 1 0.00018778516299245042
6 7 1 0 0.00018778516299245042
7 7 1 1 0.00018778516299245042
6 6 10 0 0.00034197278125785204
7 6 10 1 0.00034197278125785204
6 7 11 0 0.00034197278125785204
7 7 11 1 0.00034197278125785204
6 10 4 0 7.410254098835513e-06
7 10 4 1 7.410254098835513e-06
6 11 5 0 7.410254098835513e-06
7 11 5 1 7.410254098835513e-06
6 10 6 0 0.000341972781257852
7 10 6 1 0.000341972781257852
6 11 7 0 0.000341972781257852
7 11 7 1 0.000341972781257852
6 2 4 2 -7.168300109237832e-05
7 2 4 3 -7.168300109237832e-05
6 3 5 2 -7.168300109237832e-05
7 3 5 3 -7.168300109237832e-05
6 2 6 2 2.1003916890118145e-06
7 2 6 3 2.1003916890118145e-06
6 3 7 2 2.1003916890118145e-06
7 3 7 3 2.1003916890118145e-06
6 4 2 2 -7.168300109237832e-05
7 4 2 3 -7.168300109237832e-05
6 5 3 2 -7.168300109237832e-05
7 5 3 3 -7.168300109237832e-05
6 4 8 2 2.1003916890118145e-06
7 4 8 3 2.1003916890118145e-06
6 5 9 2 2.1003916890118145e-06
7 5 9 3 2.1003916890118145e-06
6 6 2 2 2.1003916890118145e-06
7 6 2 3 2.1003916890118145e-06
6 7 3 2 2.1003916890118145e-06
7 7 3 3 2.1003916890118145e-06
6 6 8 2 -7.16830010923783e-05
7 6 8 3 -7.16830010923783e-05
6 7 9 2 -7.16830010923783e-05
7 7 9 3 -7.16830010923783e-05
6 8 4 2 2.1003916890118145e-06
7 8 4 3 2.1003916890118145e-06
6 9 5 2 2.1003916890118145e-06
7 9 5 3 2.1003916890118145e-06
6 8 6 2 -7.16830010923783e-05
7 8 6 3 -7.16830010923783e-05
6 9 7 2 -7.16830010923783e-05
7 9 7 3 -7.16830010923783e-05
6 0 0 4 -0.0003419845228688583
7 0 0 5 -0.0003419845228688583
6 1 1 4 -0.0003419845228688583
7 1 1 5 -0.0003419845228688583
6 0 10 4 -3.476635372180449e-05
7 0 10 5 -3.476635372180449e-05
6 1 11 4 -3.476635372180449e-05
7 1 11 5 -3.476635372180449e-05
6 2 2 4 -0.0004735500400960882
7 2 2 5 -0.0004735500400960882
6 3 3 4 -0.0004735500400960882
7 3 3 5 -0.0004735500400960882
6 2 8 4 1.1361623217494984e-05
7 2 8 5 1.1361623217494984e-05
6 3 9 4 1.1361623217494984e-05
7 3 9 5 1.1361623217494984e-05
6 4 4 4 -0.0006169165394623948
7 4 4 5 -0.0006169165394623948
6 5 5 4 -0.0006169165394623948
7 5 5 5 -0.0006169165394623948
6 4 6 4 1.5561918645453316e-05
7 4 6 5 1.5561918645453316e-05
6 5 7 4 1.5561918645453316e-05
7 5 7 5 1.5561918645453316e-05
6 6 4 4 1.5561918645453316e-05
7 6 4 5 1.5561918645453316e-05
6 7 5 4 1.5561918645453316e-05
7 7 5 5 1.5561918645453316e-05
6 6 6 4 -0.0006169165394623947
7 6 6 5 -0.0006169165394623947
6 7 7 4 -0.0006169165394623947
7 7 7 5 -0.0006169165394623947
6 8 2 4 1.1361623217494984e-05
7 8 2 5 1.1361623217494984e-05
6 9 3 4 1.1361623217494984e-05
7 9 3 5 1.1361623217494984e-05
6 8 8 4 -0.0004735500400960882
7 8 8 5 -0.0004735500400960882
6 9 9 4 -0.0004735500400960882
7 9 9 5 -0.0004735500400960882
6 10 0 4 -3.4766353721804504e-05
7 10 0 5 -3.4766353721804504e-05
6 11 1 4 -3.4766353721804504e-05
7 11 1 5 -3.4766353721804504e-05
6 10 10 4 -0.00034198452286885795
7 10 10 5 -0.00034198452286885795
6 11 11 4 -0.00034198452286885795
7 11 11 5 -0.00034198452286885795
6 0 0 6 0.11228403067681238
7 0 0 7 0.11228403067681238
6 1 1 6 0.11228403067681238
7 1 1 7 0.11228403067681238
6 0 10 6 0.002629691498290121
7 0 10 7 0.002629691498290121
6 1 11 6 0.002629691498290121
7 1 11 7 0.002629691498290121
6 2 2 6 0.10612141339442803
7 2 2 7 0.10612141339442803
6 3 3 6 0.10612141339442803
7 3 3 7 0.10612141339442803
6 2 8 6 -0.0004735500400960886
7 2 8 7 -0.0004735500400960886
6 3 9 6 -0.0004735500400960886
7 3 9 7 -0.0004735500400960886
6 4 4 6 0.10636478153820034
7 4 4 7 0.10636478153820034
6 5 5 6 0.10636478153820034
7 5 5 7 0.10636478153820034
6 4 6 6 -0.0006169165394623939
7 4 6 7 -0.0006169165394623939
6 5 7 6 -0.0006169165394623939
7 5 7 7 -0.0006169165394623939
6 6 4 6 -0.0006169165394623943
7 6 4 7 -0.0006169165394623943
6 7 5 6 -0.0006169165394623943
7 7 5 7 -0.0006169165394623943
6 6 6 6 0.3814375970370408
7 6 6 7 0.3814375970370408
6 7 7 6 0.3814375970370408
7 7 7 7 0.3814375970370408
6 8 2 6 -0.00047355004009608817
7 8 2 7 -0.00047355004009608817
6 9 3 6 -0.00047355004009608817
7 9 3 7 -0.00047355004009608817
6 8 8 6 0.34031257219785005
7 8 8 7 0.34031257219785005
6 9 9 6 0.34031257219785005
7 9 9 7 0.34031257219785005
6 10 0 6 0.0026296914982901205
7 10 0 7 0.0026296914982901205
6 11 1 6 0.0026296914982901205
7 11 1 7 0.0026296914982901205
6 10 10 6 0.3408682638147973
7 10 10 7 0.3408682638147973
6 11 11 6 0.3408682638147973
7 11 11 7 0.3408682638147973
6 2 4 8 0.00012168406582422028
7 2 4 9 0.00012168406582422028
6 3 5 8 0.00012168406582422028
7 3 5 9 0.00012168406582422028
6 2 6 8 -7.168300109237827e-05
7 2 6 9 -7.168300109237827e-05
6 3 7 8 -7.168300109237827e-05
7 3 7 9 -7.168300109237827e-05
6 4 2 8 0.00012168406582422028
7 4 2 9 0.00012168406582422028
6 5 3 8 0.00012168406582422028
7 5 3 9 0.00012168406582422028
6 4 8 8 -7.168300109237827e-05
7 4 8 9 -7.168300109237827e-05
6 5 9 8 -7.168300109237827e-05
7 5 9 9 -7.168300109237827e-05
6 6 2 8 -7.168300109237825e-05
7 6 2 9 -7.168300109237825e-05
6 7 3 8 -7.168300109237825e-05
7 7 3 9 -7.168300109237825e-05
6 6 8 8 0.020562512163496492
7 6 8 9 0.020562512163496492
6 7 9 8 0.020562512163496492
7 7 9 9 0.020562512163496492
6 8 4 8 -7.168300109237825e-05
7 8 4 9 -7.168300109237825e-05
6 9 5 8 -7.168300109237825e-05
7 9 5 9 -7.168300109237825e-05
6 8 6 8 0.020562512163496492
7 8 6 9 0.020562512163496492
6 9 7 8 0.020562512163496492
7 9 7 9 0.020562512163496492
6 0 4 10 -0.000472247755751731
7 0 4 11 -0.000472247755751731
6 1 5 10 -0.000472247755751731
7 1 5 11 -0.000472247755751731
6 0 6 10 0.00034197278125785204
7 0 6 11 0.00034197278125785204
6 1 7 10 0.00034197278125785204
7 1 7 11 0.00034197278125785204
6 4 0 10 -0.0004722477557517311
7 4 0 11 -0.0004722477557517311
6 5 1 10 -0.0004722477557517311
7 5 1 11 -0.0004722477557517311
6 4 10 10 2.1193542643632426e-05
7 4 10 11 2.1193542643632426e-05
6 5 11 10 2.1193542643632426e-05
7 5 11 11 2.1193542643632426e-05
6 6 0 10 0.000341972781257852
7 6 0 11 0.000341972781257852
6 7 1 10 0.000341972781257852
7 7 1 11 0.000341972781257852
6 6 10 10 0.020637270999316684
7 6 10 11 0.020637270999316684
6 7 11 10 0.020637270999316684
7 7 11 11 0.020637270999316684
6 10 4 10 2.119354264363244e-05
7 10 4 11 2.119354264363244e-05
6 11 5 10 2.119354264363244e-05
7 11 5 11 2.119354264363244e-05
6 10 6 10 0.020637270999316684
7 10 6 11 0.020637270999316684
6 11 7 10 0.020637270999316684
7 11 7 11 0.020637270999316684
8 0 2 0 2.119354264363242e-05
9 0 2 1 2.119354264363242e-05
8 1 3 0 2.119354264363242e-05
9 1 3 1 2.119354264363242e-05
8 0 8 0 0.0001877851629924504
9 0 8 1 0.0001877851629924504
8 1 9 0 0.0001877851629924504
9 1 9 1 0.0001877851629924504
8 2 0 0 2.119354264363242e-05
9 2 0 1 2.119354264363242e-05
8 3 1 0 2.119354264363242e-05
9 3 1 1 2.119354264363242e-05
8 2 10 0 7.410254098835509e-06
9 2 10 1 7.410254098835509e-06
8 3 11 0 7.410254098835509e-06
9 3 11 1 7.410254098835509e-06
8 8 0 0 0.00018778516299245042
9 8 0 1 0.00018778516299245042
8 9 1 0 0.00018778516299245042
9 9 1 1 0.00018778516299245042
8 8 10 0 0.00034197278125785204
9 8 10 1 0.00034197278125785204
8 9 11 0 0.00034197278125785204
9 9 11 1 0.00034197278125785204
8 10 2 0 7.410254098835513e-06
9 10 2 1 7.410254098835513e-06
8 11 3 0 7.410254098835513e-06
9 11 3 1 7.410254098835513e-06
8 10 8 0 0.000341972781257852
9 10 8 1 0.000341972781257852
8 11 9 0 0.000341972781257852
9 11 9 1 0.000341972781257852
8 0 0 2 -0.0003419845228688583
9 0 0 3 -0.0003419845228688583
8 1 1 2 -0.0003419845228688583
9 1 1 3 -0.0003419845228688583
8 0 10 2 -3.476635372180449e-05
9 0 10 3 -3.476635372180449e-05
8 1 11 2 -3.476635372180449e-05
9 1 11 3 -3.476635372180449e-05
8 2 2 2 -0.0006169165394623948
9 2 2 3 -0.0006169165394623948
8 3 3 2 -0.0006169165394623948
9 3 3 3 -0.0006169165394623948
8 2 8 2 1.5561918645453316e-05
9 2 8 3 1.5561918645453316e-05
8 3 9 2 1.5561918645453316e-05
9 3 9 3 1.5561918645453316e-05
8 4 4 2 -0.0004735500400960882
9 4 4 3 -0.0004735500400960882
8 5 5 2 -0.0004735500400960882
9 5 5 3 -0.0004735500400960882
8 4 6 2 1.1361623217494984e-05
9 4 6 3 1.1361623217494984e-05
8 5 7 2 1.1361623217494984e-05
9 5 7 3 1.1361623217494984e-05
8 6 4 2 1.1361623217494984e-05
9 6 4 3 1.1361623217494984e-05
8 7 5 2 1.1361623217494984e-05
9 7 5 3 1.1361623217494984e-05
8 6 6 2 -0.0004735500400960882
9 6 6 3 -0.0004735500400960882
8 7 7 2 -0.0004735500400960882
9 7 7 3 -0.0004735500400960882
8 8 2 2 1.5561918645453316e-05
9 8 2 3 1.5561918645453316e-05
8 9 3 2 1.5561918645453316e-05
9 9 3 3 1.5561918645453316e-05
8 8 8 2 -0.0006169165394623947
9 8 8 3 -0.0006169165394623947
8 9 9 2 -0.0006169165394623947
9 9 9 3 -0.0006169165394623947
8 10 0 2 -3.4766353721804504e-05
9 10 0 3 -3.4766353721804504e-05
8 11 1 2 -3.4766353721804504e-05
9 11 1 3 -3.4766353721804504e-05
8 10 10 2 -0.00034198452286885795
9 10 10 3 -0.00034198452286885795
8 11 11 2 -0.00034198452286885795
9 11 11 3 -0.00034198452286885795
8 2 4 4 -7.168300109237832e-05
9 2 4 5 -7.168300109237832e-05
8 3 5 4 -7.168300109237832e-05
9 3 5 5 -7.168300109237832e-05
8 2 6 4 2.1003916890118145e-06
9 2 6 5 2.1003916890118145e-06
8 3 7 4 2.1003916890118145e-06
9 3 7 5 2.1003916890118145e-06
8 4 2 4 -7.168300109237832e-05
9 4 2 5 -7.168300109237832e-05
8 5 3 4 -7.168300109237832e-05
9 5 3 5 -7.168300109237832e-05
8 4 8 4 2.1003916890118145e-06
9 4 8 5 2.1003916890118145e-06
8 5 9 4 2.1003916890118145e-06
9 5 9 5 2.1003916890118145e-06
8 6 2 4 2.1003916890118145e-06
9 6 2 5 2.1003916890118145e-06
8 7 3 4 2.1003916890118145e-06
9 7 3 5 2.1003916890118145e-06
8 6 8 4 -7.16830010923783e-05
9 6 8 5 -7.16830010923783e-05
8 7 9 4 -7.16830010923783e-05
9 7 9 5 -7.16830010923783e-05
8 8 4 4 2.1003916890118145e-06
9 8 4 5 2.1003916890118145e-06
8 9 5 4 2.1003916890118145e-06
9 9 5 5 2.1003916890118145e-06
8 8 6 4 -7.16830010923783e-05
9 8 6 5 -7.16830010923783e-05
8 9 7 4 -7.16830010923783e-05
9 9 7 5 -7.16830010923783e-05
8 2 4 6 0.00012168406582422028
9 2 4 7 0.00012168406582422028
8 3 5 6 0.00012168406582422028
9 3 5 7 0.00012168406582422028
8 2 6 6 -7.168300109237827e-05
9 2 6 7 -7.168300109237827e-05
8 3 7 6 -7.168300109237827e-05
9 3 7 7 -7.168300109237827e-05
8 4 2 6 0.00012168406582422028
9 4 2 7 0.00012168406582422028
8 5 3 6 0.00012168406582422028
9 5 3 7 0.00012168406582422028
8 4 8 6 -7.168300109237827e-05
9 4 8 7 -7.168300109237827e-05
8 5 9 6 -7.168300109237827e-05
9 5 9 7 -7.168300109237827e-05
8 6 2 6 -7.168300109237825e-05
9 6 2 7 -7.168300109237825e-05
8 7 3 6 -7.168300109237825e-05
9 7 3 7 -7.168300109237825e-05
8 6 8 6 0.020562512163496492
9 6 8 7 0.020562512163496492
8 7 9 6 0.020562512163496492
9 7 9 7 0.020562512163496492
8 8 4 6 -7.168300109237825e-05
9 8 4 7 -7.168300109237825e-05
8 9 5 6 -7.168300109237825e-05
9 9 5 7 -7.168300109237825e-05
8 8 6 6 0.020562512163496492
9 8 6 7 0.020562512163496492
8 9 7 6 0.020562512163496492
9 9 7 7 0.020562512163496492
8 0 0 8 0.11228403067681238
9 0 0 9 0.11228403067681238
8 1 1 8 0.11228403067681238
9 1 1 9 0.11228403067681238
8 0 10 8 0.002629691498290121
9 0 10 9 0.002629691498290121
8 1 11 8 0.002629691498290121
9 1 11 9 0.002629691498290121
8 2 2 8 0.10636478153820034
9 2 2 9 0.10636478153820034
8 3 3 8 0.10636478153820034
9 3 3 9 0.10636478153820034
8 2 8 8 -0.0006169165394623939
9 2 8 9 -0.0006169165394623939
8 3 9 8 -0.0006169165394623939
9 3 9 9 -0.0006169165394623939
8 4 4 8 0.10612141339442803
9 4 4 9 0.10612141339442803
8 5 5 8 0.10612141339442803
9 5 5 9 0.10612141339442803
8 4 6 8 -0.0004735500400960886
9 4 6 9 -0.0004735500400960886
8 5 7 8 -0.0004735500400960886
9 5 7 9 -0.0004735500400960886
8 6 4 8 -0.00047355004009608817
9 6 4 9 -0.00047355004009608817
8 7 5 8 -0.00047355004009608817
9 7 5 9 -0.00047355004009608817
8 6 6 8 0.34031257219785005
9 6 6 9 0.34031257219785005
8 7 7 8 0.34031257219785005
9 7 7 9 0.34031257219785005
8 8 2 8 -0.0006169165394623943
9 8 2 9 -0.0006169165394623943
8 9 3 8 -0.0006169165394623943
9 9 3 9 -0.0006169165394623943
8 8 8 8 0.3814375970370408
9 8 8 9 0.3814375970370408
8 9 9 8 0.3814375970370408
9 9 9 9 0.3814375970370408
8 10 0 8 0.0026296914982901205
9 10 0 9 0.0026296914982901205
8 11 1 8 0.0026296914982901205
9 11 1 9 0.0026296914982901205
8 10 10 8 0.3408682638147973
9 10 10 9 0.3408682638147973
8 11 11 8 0.3408682638147973
9 11 11 9 0.3408682638147973
8 0 2 10 -0.000472247755751731
9 0 2 11 -0.000472247755751731
8 1 3 10 -0.000472247755751731
9 1 3 11 -0.000472247755751731
8 0 8 10 0.00034197278125785204
9 0 8 11 0.00034197278125785204
8 1 9 10 0.00034197278125785204
9 1 9 11 0.00034197278125785204
8 2 0 10 -0.0004722477557517311
9 2 0 11 -0.0004722477557517311
8 3 1 10 -0.0004722477557517311
9 3 1 11 -0.0004722477557517311
8 2 10 10 2.1193542643632426e-05
9 2 10 11 2.1193542643632426e-05
8 3 11 10 2.1193542643632426e-05
9 3 11 11 2.1193542643632426e-05
8 8 0 10 0.000341972781257852
9 8 0 11 0.000341972781257852
8 9 1 10 0.000341972781257852
9 9 1 11 0.000341972781257852
8 8 10 10 0.020637270999316684
9 8 10 11 0.020637270999316684
8 9 11 10 0.020637270999316684
9 9 11 11 0.020637270999316684
8 10 2 10 2.119354264363244e-05
9 10 2 11 2.119354264363244e-05
8 11 3 10 2.119354264363244e-05
9 11 3 11 2.119354264363244e-05
8 10 8 10 0.020637270999316684
9 10 8 11 0.020637270999316684
8 11 9 10 0.020637270999316684
9 11 9 11 0.020637270999316684
10 0 0 0 0.0026771699482800674
11 0 0 1 0.0026771699482800674
10 1 1 0 0.0026771699482800674
11 1 1 1 0.0026771699482800674
10 0 10 0 0.0004050723796708379
11 0 10 1 0.0004050723796708379
10 1 11 0 0.0004050723796708379
11 1 11 1 0.0004050723796708379
10 2 2 0 0.0026296914982901227
11 2 2 1 0.0026296914982901227
10 3 3 0 0.0026296914982901227
11 3 3 1 0.0026296914982901227
10 2 8 0 -3.4766353721804504e-05
11 2 8 1 -3.4766353721804504e-05
10 3 9 0 -3.4766353721804504e-05
11 3 9 1 -3.4766353721804504e-05
10 4 4 0 0.0026296914982901227
11 4 4 1 0.0026296914982901227
10 5 5 0 0.0026296914982901227
11 5 5 1 0.0026296914982901227
10 4 6 0 -3.4766353721804504e-05
11 4 6 1 -3.4766353721804504e-05
10 5 7 0 -3.4766353721804504e-05
11 5 7 1 -3.4766353721804504e-05
10 6 4 0 -3.4766353721804504e-05
11 6 4 1 -3.4766353721804504e-05
10 7 5 0 -3.4766353721804504e-05
11 7 5 1 -3.4766353721804504e-05
10 6 6 0 0.0026296914982901205
11 6 6 1 0.0026296914982901205
10 7 7 0 0.0026296914982901205
11 7 7 1 0.0026296914982901205
10 8 2 0 -3.4766353721804504e-05
11 8 2 1 -3.4766353721804504e-05
10 9 3 0 -3.4766353721804504e-05
11 9 3 1 -3.4766353721804504e-05
10 8 8 0 0.0026296914982901205
11 8 8 1 0.0026296914982901205
10 9 9 0 0.0026296914982901205
11 9 9 1 0.0026296914982901205
10 10 0 0 0.00040507237967083777
11 10 0 1 0.00040507237967083777
10 11 1 0 0.00040507237967083777
11 11 1 1 0.00040507237967083777
10 10 10 0 0.0026771699482800674
11 10 10 1 0.0026771699482800674
10 11 11 0 0.0026771699482800674
11 11 11 1 0.0026771699482800674
10 0 2 2 0.000341972781257852
11 0 2 3 0.000341972781257852
10 1 3 2 0.000341972781257852
11 1 3 3 0.000341972781257852
10 0 8 2 7.410254098835513e-06
11 0 8 3 7.410254098835513e-06
10 1 9 2 7.410254098835513e-06
11 1 9 3 7.410254098835513e-06
10 2 0 2 0.000341972781257852
11 2 0 3 0.000341972781257852
10 3 1 2 0.000341972781257852
11 3 1 3 0.000341972781257852
10 2 10 2 0.00018778516299245045
11 2 10 3 0.00018778516299245045
10 3 11 2 0.00018778516299245045
11 3 11 3 0.00018778516299245045
10 8 0 2 7.410254098835499e-06
11 8 0 3 7.410254098835499e-06
10 9 1 2 7.410254098835499e-06
11 9 1 3 7.410254098835499e-06
10 8 10 2 2.119354264363242e-05
11 8 10 3 2.119354264363242e-05
10 9 11 2 2.119354264363242e-05
11 9 11 3 2.119354264363242e-05
10 10 2 2 0.00018778516299245047
11 10 2 3 0.00018778516299245047
10 11 3 2 0.00018778516299245047
11 11 3 3 0.00018778516299245047
10 10 8 2 2.1193542643632447e-05
11 10 8 3 2.1193542643632447e-05
10 11 9 2 2.1193542643632447e-05
11 11 9 3 2.1193542643632447e-05
10 0 4 4 0.000341972781257852
11 0 4 5 0.000341972781257852
10 1 5 4 0.000341972781257852
11 1 5 5 0.000341972781257852
10 0 6 4 7.410254098835513e-06
11 0 6 5 7.410254098835513e-06
10 1 7 4 7.410254098835513e-06
11 1 7 5 7.410254098835513e-06
10 4 0 4 0.000341972781257852
11 4 0 5 0.000341972781257852
10 5 1 4 0.000341972781257852
11 5 1 5 0.000341972781257852
10 4 10 4 0.00018778516299245045
11 4 10 5 0.00018778516299245045
10 5 11 4 0.00018778516299245045
11 5 11 5 0.00018778516299245045
10 6 0 4 7.410254098835499e-06
11 6 0 5 7.410254098835499e-06
10 7 1 4 7.410254098835499e-06
11 7 1 5 7.410254098835499e-06
10 6 10 4 2.119354264363242e-05
11 6 10 5 2.119354264363242e-05
10 7 11 4 2.119354264363242e-05
11 7 11 5 2.119354264363242e-05
10 10 4 4 0.00018778516299245047
11 10 4 5 0.00018778516299245047
10 11 5 4 0.00018778516299245047
11 11 5 5 0.00018778516299245047
10 10 6 4 2.1193542643632447e-05
11 10 6 5 2.1193542643632447e-05
10 11 7 4 2.1193542643632447e-05
11 11 7 5 2.1193542643632447e-05
10 0 4 6 -0.000472247755751731
11 0 4 7 -0.000472247755751731
10 1 5 6 -0.000472247755751731
11 1 5 7 -0.000472247755751731
10 0 6 6 0.00034197278125785204
11 0 6 7 0.00034197278125785204
10 1 7 6 0.00034197278125785204
11 1 7 7 0.00034197278125785204
10 4 0 6 -0.0004722477557517311
11 4 0 7 -0.0004722477557517311
10 5 1 6 -0.0004722477557517311
11 5 1 7 -0.0004722477557517311
10 4 10 6 2.1193542643632426e-05
11 4 10 7 2.1193542643632426e-05
10 5 11 6 2.1193542643632426e-05
11 5 11 7 2.1193542643632426e-05
10 6 0 6 0.000341972781257852
11 6 0 7 0.000341972781257852
10 7 1 6 0.000341972781257852
11 7 1 7 0.000341972781257852
10 6 10 6 0.02063727099931669
11 6 10 7 0.02063727099931669
10 7 11 6 0.02063727099931669
11 7 11 7 0.02063727099931669
10 10 4 6 2.119354264363244e-05
11 10 4 7 2.119354264363244e-05
10 11 5 6 2.119354264363244e-05
11 11 5 7 2.119354264363244e-05
10 10 6 6 0.02063727099931669
11 10 6 7 0.02063727099931669
10 11 7 6 0.02063727099931669
11 11 7 7 0.02063727099931669
10 0 2 8 -0.000472247755751731
11 0 2 9 -0.000472247755751731
10 1 3 8 -0.000472247755751731
11 1 3 9 -0.000472247755751731
10 0 8 8 0.00034197278125785204
11 0 8 9 0.00034197278125785204
10 1 9 8 0.00034197278125785204
11 1 9 9 0.00034197278125785204
10 2 0 8 -0.0004722477557517311
11 2 0 9 -0.0004722477557517311
10 3 1 8 -0.0004722477557517311
11 3 1 9 -0.0004722477557517311
10 2 10 8 2.1193542643632426e-05
11 2 10 9 2.1193542643632426e-05
10 3 11 8 2.1193542643632426e-05
11 3 11 9 2.1193542643632426e-05
10 8 0 8 0.000341972781257852
11 8 0 9 0.000341972781257852
10 9 1 8 0.000341972781257852
11 9 1 9 0.000341972781257852
10 8 10 8 0.02063727099931669
11 8 10 9 0.02063727099931669
10 9 11 8 0.02063727099931669
11 9 11 9 0.02063727099931669
10 10 2 8 2.119354264363244e-05
11 10 2 9 2.119354264363244e-05
10 11 3 8 2.119354264363244e-05
11 11 3 9 2.119354264363244e-05
10 10 8 8 0.02063727099931669
11 10 8 9 0.02063727099931669
10 11 9 8 0.02063727099931669
11 11 9 9 0.02063727099931669
10 0 0 10 0.12015012329529108
11 0 0 11 0.12015012329529108
10 1 1 10 0.12015012329529108
11 1 1 11 0.12015012329529108
10 0 10 10 0.0026771699482800657
11 0 10 11 0.0026771699482800657
10 1 11 10 0.0026771699482800657
11 1 11 11 0.0026771699482800657
10 2 2 10 0.11228403067681239
11 2 2 11 0.11228403067681239
10 3 3 10 0.11228403067681239
11 3 3 11 0.11228403067681239
10 2 8 10 -0.0003419845228688578
11 2 8 11 -0.0003419845228688578
10 3 9 10 -0.0003419845228688578
11 3 9 11 -0.0003419845228688578
10 4 4 10 0.11228403067681239
11 4 4 11 0.11228403067681239
10 5 5 10 0.11228403067681239
11 5 5 11 0.11228403067681239
10 4 6 10 -0.0003419845228688578
11 4 6 11 -0.0003419845228688578
10 5 7 10 -0.0003419845228688578
11 5 7 11 -0.0003419845228688578
10 6 4 10 -0.0003419845228688578
11 6 4 11 -0.0003419845228688578
10 7 5 10 -0.0003419845228688578
11 7 5 11 -0.0003419845228688578
10 6 6 10 0.3408682638147971
11 6 6 11 0.3408682638147971
10 7 7 10 0.3408682638147971
11 7 7 11 0.3408682638147971
10 8 2 10 -0.0003419845228688578
11 8 2 11 -0.0003419845228688578
10 9 3 10 -0.0003419845228688578
11 9 3 11 -0.0003419845228688578
10 8 8 10 0.3408682638147971
11 8 8 11 0.3408682638147971
10 9 9 10 0.3408682638147971
11 9 9 11 0.3408682638147971
10 10 0 10 0.002677169948280065
11 10 0 11 0.002677169948280065
10 11 1 10 0.002677169948280065
11 11 1 11 0.002677169948280065
10 10 10 10 0.3826153320055318
11 10 10 11 0.3826153320055318
10 11 11 10 0.3826153320055318
11 11 11 11 0.3826153320055318
