-98.97731932293632
0 0 -2.3609500284390554
1 1 -2.3609500284390554
0 10 0.017626473983225754
1 11 0.017626473983225754
2 2 -2.33459224145122
3 3 -2.33459224145122
2 8 -0.002930449688667433
3 9 -0.002930449688667433
4 4 -2.33459224145122
5 5 -2.33459224145122
4 6 -0.002930449735359281
5 7 -0.002930449735359281
6 4 -0.002930449735359282
7 5 -0.002930449735359282
6 6 -2.334592067534182
7 7 -2.334592067534182
8 2 -0.002930449688667433
9 3 -0.002930449688667433
8 8 -2.334592067533834
9 9 -2.334592067533834
10 0 0.017626473983225754
11 1 0.017626473983225754
10 10 -2.360950123450934
11 11 -2.360950123450934
0 0 0 0 0.38174845335156926
1 0 0 1 0.38174845335156926
0 1 1 0 0.38174845335156926
1 1 1 1 0.38174845335156926
0 0 10 0 0.0016858480373256437
1 0 10 1 0.0016858480373256437
0 1 11 0 0.0016858480373256437
1 1 11 1 0.0016858480373256437
0 2 2 0 0.3404473728091475
1 2 2 1 0.3404473728091475
0 3 3 0 0.3404473728091475
1 3 3 1 0.3404473728091475
0 2 8 0 -0.00018337237360520112
1 2 8 1 -0.00018337237360520112
0 3 9 0 -0.00018337237360520112
1 3 9 1 -0.00018337237360520112
0 4 4 0 0.3404473728091475
1 4 4 1 0.3404473728091475
0 5 5 0 0.3404473728091475
1 5 5 1 0.3404473728091475
0 4 6 0 -0.0001833723667962836
1 4 6 1 -0.0001833723667962836
0 5 7 0 -0.0001833723667962836
1 5 7 1 -0.0001833723667962836
0 6 4 0 -0.0001833723667962836
1 6 4 1 -0.0001833723667962836
0 7 5 0 -0.0001833723667962836
1 7 5 1 -0.0001833723667962836
0 6 6 0 0.09933940921442404
1 6 6 1 0.09933940921442404
0 7 7 0 0.09933940921442404
1 7 7 1 0.09933940921442404
0 8 2 0 -0.00018337237360520117
1 8 2 1 -0.00018337237360520117
0 9 3 0 -0.00018337237360520117
1 9 3 1 -0.00018337237360520117
0 8 8 0 0.09933940921442154
1 8 8 1 0.09933940921442154
0 9 9 0 0.09933940921442154
1 9 9 1 0.09933940921442154
0 10 0 0 0.001685848037325645
1 10 0 1 0.001685848037325645
0 11 1 0 0.001685848037325645
1 11 1 1 0.001685848037325645
0 10 10 0 0.10466152540033677
1 10 10 1 0.10466152540033677
0 11 11 0 0.10466152540033677
1 11 11 1 0.10466152540033677
0 0 2 2 0.020580305238077485
1 0 2 3 0.020580305238077485
0 1 3 2 0.020580305238077485
1 1 3 3 0.020580305238077485
0 0 8 2 6.341548499834534e-06
1 0 8 3 6.341548499834534e-06
0 1 9 2 6.341548499834534e-06
1 1 9 3 6.341548499834534e-06
0 2 0 2 0.02058030523807748
1 2 0 3 0.02058030523807748
0 3 1 2 0.02058030523807748
1 3 1 3 0.02058030523807748
0 2 10 2 0.00021524991142486352
1 2 10 3 0.00021524991142486352
0 3 11 2 0.00021524991142486352
1 3 11 3 0.00021524991142486352
0 8 0 2 6.341548499834539e-06
1 8 0 3 6.341548499834539e-06
0 9 1 2 6.341548499834539e-06
1 9 1 3 6.341548499834539e-06
0 8 10 2 -0.00026872086425365883
1 8 10 3 -0.00026872086425365883
0 9 11 2 -0.00026872086425365883
1 9 11 3 -0.00026872086425365883
0 10 2 2 0.00021524991142486352
1 10 2 3 0.00021524991142486352
0 11 3 2 0.00021524991142486352
1 11 3 3 0.00021524991142486352
0 10 8 2 -0.0002687208642536589
1 10 8 3 -0.0002687208642536589
0 11 9 2 -0.0002687208642536589
1 11 9 3 -0.0002687208642536589
0 0 4 4 0.020580305238077485
1 0 4 5 0.020580305238077485
0 1 5 4 0.020580305238077485
1 1 5 5 0.020580305238077485
0 0 6 4 6.3415489114396985e-06
1 0 6 5 6.3415489114396985e-06
0 1 7 4 6.3415489114396985e-06
1 1 7 5 6.3415489114396985e-06
0 4 0 4 0.02058030523807748
1 4 0 5 0.02058030523807748
0 5 1 4 0.02058030523807748
1 5 1 5 0.02058030523807748
0 4 10 4 0.00021524991142486352
1 4 10 5 0.00021524991142486352
0 5 11 4 0.00021524991142486352
1 5 11 5 0.00021524991142486352
0 6 0 4 6.341548911439703e-06
1 6 0 5 6.341548911439703e-06
0 7 1 4 6.341548911439703e-06
1 7 1 5 6.341548911439703e-06
0 6 10 4 -0.0002687208642493672
1 6 10 5 -0.0002687208642493672
0 7 11 4 -0.0002687208642493672
1 7 11 5 -0.0002687208642493672
0 10 4 4 0.00021524991142486352
1 10 4 5 0.00021524991142486352
0 11 5 4 0.00021524991142486352
1 11 5 5 0.00021524991142486352
0 10 6 4 -0.0002687208642493672
1 10 6 5 -0.0002687208642493672
0 11 7 4 -0.0002687208642493672
1 11 7 5 -0.0002687208642493672
0 0 4 6 6.341548911439677e-06
1 0 4 7 6.341548911439677e-06
0 1 5 6 6.341548911439677e-06
1 1 5 7 6.341548911439677e-06
0 0 6 6 5.3178828136783295e-05
1 0 6 7 5.3178828136783295e-05
0 1 7 6 5.3178828136783295e-05
1 1 7 7 5.3178828136783295e-05
0 4 0 6 6.341548911439709e-06
1 4 0 7 6.341548911439709e-06
0 5 1 6 6.341548911439709e-06
1 5 1 7 6.341548911439709e-06
0 4 10 6 6.796577081543472e-07
1 4 10 7 6.796577081543472e-07
0 5 11 6 6.796577081543472e-07
1 5 11 7 6.796577081543472e-07
0 6 0 6 5.3178828136783295e-05
1 6 0 7 5.3178828136783295e-05
0 7 1 6 5.3178828136783295e-05
1 7 1 7 5.3178828136783295e-05
0 6 10 6 0.00021525269867425984
1 6 10 7 0.00021525269867425984
0 7 11 6 0.00021525269867425984
1 7 11 7 0.00021525269867425984
0 10 4 6 6.796577081543466e-07
1 10 4 7 6.796577081543466e-07
0 11 5 6 6.796577081543466e-07
1 11 5 7 6.796577081543466e-07
0 10 6 6 0.00021525269867425986
1 10 6 7 0.00021525269867425986
0 11 7 6 0.00021525269867425986
1 11 7 7 0.00021525269867425986
0 0 2 8 6.3415484998345215e-06
1 0 2 9 6.3415484998345215e-06
0 1 3 8 6.3415484998345215e-06
1 1 3 9 6.3415484998345215e-06
0 0 8 8 5.317882813652438e-05
1 0 8 9 5.317882813652438e-05
0 1 9 8 5.317882813652438e-05
1 1 9 9 5.317882813652438e-05
0 2 0 8 6.341548499834554e-06
1 2 0 9 6.341548499834554e-06
0 3 1 8 6.341548499834554e-06
1 3 1 9 6.341548499834554e-06
0 2 10 8 6.796577038493284e-07
1 2 10 9 6.796577038493284e-07
0 3 11 8 6.796577038493284e-07
1 3 11 9 6.796577038493284e-07
0 8 0 8 5.317882813652437e-05
1 8 0 9 5.317882813652437e-05
0 9 1 8 5.317882813652437e-05
1 9 1 9 5.317882813652437e-05
0 8 10 8 0.00021525269867959937
1 8 10 9 0.00021525269867959937
0 9 11 8 0.00021525269867959937
1 9 11 9 0.00021525269867959937
0 10 2 8 6.796577038493278e-07
1 10 2 9 6.796577038493278e-07
0 11 3 8 6.796577038493278e-07
1 11 3 9 6.796577038493278e-07
0 10 8 8 0.00021525269867959934
1 10 8 9 0.00021525269867959934
0 11 9 8 0.00021525269867959934
1 11 9 9 0.00021525269867959934
0 0 0 10 0.0016858480373256415
1 0 0 11 0.0016858480373256415
0 1 1 10 0.0016858480373256415
1 1 1 11 0.0016858480373256415
0 0 10 10 0.00014431332703056902
1 0 10 11 0.00014431332703056902
0 1 11 10 0.00014431332703056902
1 1 11 11 0.00014431332703056902
0 2 2 10 0.0016243497187659456
1 2 2 11 0.0016243497187659456
0 3 3 10 0.0016243497187659456
1 3 3 11 0.0016243497187659456
0 2 8 10 -1.1065966807494673e-05
1 2 8 11 -1.1065966807494673e-05
0 3 9 10 -1.1065966807494673e-05
1 3 9 11 -1.1065966807494673e-05
0 4 4 10 0.0016243497187659456
1 4 4 11 0.0016243497187659456
0 5 5 10 0.0016243497187659456
1 5 5 11 0.0016243497187659456
0 4 6 10 -1.106596677500833e-05
1 4 6 11 -1.106596677500833e-05
0 5 7 10 -1.106596677500833e-05
1 5 7 11 -1.106596677500833e-05
0 6 4 10 -1.106596677500833e-05
1 6 4 11 -1.106596677500833e-05
0 7 5 10 -1.106596677500833e-05
1 7 5 11 -1.106596677500833e-05
0 6 6 10 0.0016243627133637854
1 6 6 11 0.0016243627133637854
0 7 7 10 0.0016243627133637854
1 7 7 11 0.0016243627133637854
0 8 2 10 -1.1065966807494677e-05
1 8 2 11 -1.1065966807494677e-05
0 9 3 10 -1.1065966807494677e-05
1 9 3 11 -1.1065966807494677e-05
0 8 8 10 0.0016243627133640656
1 8 8 11 0.0016243627133640656
0 9 9 10 0.0016243627133640656
1 9 9 11 0.0016243627133640656
0 10 0 10 0.000144313327030569
1 10 0 11 0.000144313327030569
0 11 1 10 0.000144313327030569
1 11 1 11 0.000144313327030569
0 10 10 10 0.0016858635260963333
1 10 10 11 0.0016858635260963333
0 11 11 10 0.0016858635260963333
1 11 11 11 0.0016858635260963333
2 0 2 0 0.020580305238077485
3 0 2 1 0.020580305238077485
2 1 3 0 0.020580305238077485
3 1 3 1 0.020580305238077485
2 0 8 0 6.341548499834535e-06
3 0 8 1 6.341548499834535e-06
2 1 9 0 6.341548499834535e-06
3 1 9 1 6.341548499834535e-06
2 2 0 0 0.02058030523807748
3 2 0 1 0.02058030523807748
2 3 1 0 0.02058030523807748
3 3 1 1 0.02058030523807748
2 2 10 0 0.00021524991142486352
3 2 10 1 0.00021524991142486352
2 3 11 0 0.00021524991142486352
3 3 11 1 0.00021524991142486352
2 8 0 0 6.341548499834539e-06
3 8 0 1 6.341548499834539e-06
2 9 1 0 6.341548499834539e-06
3 9 1 1 6.341548499834539e-06
2 8 10 0 -0.0002687208642536588
3 8 10 1 -0.0002687208642536588
2 9 11 0 -0.0002687208642536588
3 9 11 1 -0.0002687208642536588
2 10 2 0 0.00021524991142486352
3 10 2 1 0.00021524991142486352
2 11 3 0 0.00021524991142486352
3 11 3 1 0.00021524991142486352
2 10 8 0 -0.00026872086425365883
3 10 8 1 -0.00026872086425365883
2 11 9 0 -0.00026872086425365883
3 11 9 1 -0.00026872086425365883
2 0 0 2 0.3404473728091475
3 0 0 3 0.3404473728091475
2 1 1 2 0.3404473728091475
3 1 1 3 0.3404473728091475
2 0 10 2 0.0016243497187659434
3 0 10 3 0.0016243497187659434
2 1 11 2 0.0016243497187659434
3 1 11 3 0.0016243497187659434
2 2 2 2 0.381408808232034
3 2 2 3 0.381408808232034
2 3 3 2 0.381408808232034
3 3 3 3 0.381408808232034
2 2 8 2 -0.0003069584011435362
3 2 8 3 -0.0003069584011435362
2 3 9 2 -0.0003069584011435362
3 3 9 3 -0.0003069584011435362
2 4 4 2 0.34028910135966495
3 4 4 3 0.34028910135966495
2 5 5 2 0.34028910135966495
3 5 5 3 0.34028910135966495
2 4 6 2 -0.0002375263522580657
3 4 6 3 -0.0002375263522580657
2 5 7 2 -0.0002375263522580657
3 5 7 3 -0.0002375263522580657
2 6 4 2 -0.00023752635225806582
3 6 4 3 -0.00023752635225806582
2 7 5 2 -0.00023752635225806582
3 7 5 3 -0.00023752635225806582
2 6 6 2 0.09508512022121736
3 6 6 3 0.09508512022121736
2 7 7 2 0.09508512022121736
3 7 7 3 0.09508512022121736
2 8 2 2 -0.00030695840114353616
3 8 2 3 -0.00030695840114353616
2 9 3 2 -0.00030695840114353616
3 9 3 3 -0.00030695840114353616
2 8 8 2 0.09522081254810738
3 8 8 3 0.09522081254810738
2 9 9 2 0.09522081254810738
3 9 9 3 0.09522081254810738
2 10 0 2 0.001624349718765943
3 10 0 3 0.001624349718765943
2 11 1 2 0.001624349718765943
3 11 1 3 0.001624349718765943
2 10 10 2 0.09933945344703454
3 10 10 3 0.09933945344703454
2 11 11 2 0.09933945344703454
3 11 11 3 0.09933945344703454
2 2 4 4 0.020559853183706955
3 2 4 5 0.020559853183706955
2 3 5 4 0.020559853183706955
3 3 5 5 0.020559853183706955
2 2 6 4 -3.4715771228931455e-05
3 2 6 5 -3.4715771228931455e-05
2 3 7 4 -3.4715771228931455e-05
3 3 7 5 -3.4715771228931455e-05
2 4 2 4 0.020559853183706955
3 4 2 5 0.020559853183706955
2 5 3 4 0.020559853183706955
3 5 3 5 0.020559853183706955
2 4 8 4 -3.4715771640125544e-05
3 4 8 5 -3.4715771640125544e-05
2 5 9 4 -3.4715771640125544e-05
3 5 9 5 -3.4715771640125544e-05
2 6 2 4 -3.471577122893145e-05
3 6 2 5 -3.471577122893145e-05
2 7 3 4 -3.471577122893145e-05
3 7 3 5 -3.471577122893145e-05
2 6 8 4 6.784616097281835e-05
3 6 8 5 6.784616097281835e-05
2 7 9 4 6.784616097281835e-05
3 7 9 5 6.784616097281835e-05
2 8 4 4 -3.471577164012554e-05
3 8 4 5 -3.471577164012554e-05
2 9 5 4 -3.471577164012554e-05
3 9 5 5 -3.471577164012554e-05
2 8 6 4 6.784616097281835e-05
3 8 6 5 6.784616097281835e-05
2 9 7 4 6.784616097281835e-05
3 9 7 5 6.784616097281835e-05
2 2 4 6 -3.471577122893145e-05
3 2 4 7 -3.471577122893145e-05
2 3 5 6 -3.471577122893145e-05
3 3 5 7 -3.471577122893145e-05
2 2 6 6 4.0601043742399946e-07
3 2 6 7 4.0601043742399946e-07
2 3 7 6 4.0601043742399946e-07
3 3 7 7 4.0601043742399946e-07
2 4 2 6 -3.471577122893145e-05
3 4 2 7 -3.471577122893145e-05
2 5 3 6 -3.471577122893145e-05
3 5 3 7 -3.471577122893145e-05
2 4 8 6 4.060104381182928e-07
3 4 8 7 4.060104381182928e-07
2 5 9 6 4.060104381182928e-07
3 5 9 7 4.060104381182928e-07
2 6 2 6 4.060104374239995e-07
3 6 2 7 4.060104374239995e-07
2 7 3 6 4.060104374239995e-07
3 7 3 7 4.060104374239995e-07
2 6 8 6 -3.4715771228937845e-05
3 6 8 7 -3.4715771228937845e-05
2 7 9 6 -3.4715771228937845e-05
3 7 9 7 -3.4715771228937845e-05
2 8 4 6 4.0601043811829267e-07
3 8 4 7 4.0601043811829267e-07
2 9 5 6 4.0601043811829267e-07
3 9 5 7 4.0601043811829267e-07
2 8 6 6 -3.4715771228937845e-05
3 8 6 7 -3.4715771228937845e-05
2 9 7 6 -3.4715771228937845e-05
3 9 7 7 -3.4715771228937845e-05
2 0 0 8 -0.00018337237360520141
3 0 0 9 -0.00018337237360520141
2 1 1 8 -0.00018337237360520141
3 1 1 9 -0.00018337237360520141
2 0 10 8 -1.1065966807494682e-05
3 0 10 9 -1.1065966807494682e-05
2 1 11 8 -1.1065966807494682e-05
3 1 11 9 -1.1065966807494682e-05
2 2 2 8 -0.0003069584011435362
3 2 2 9 -0.0003069584011435362
2 3 3 8 -0.0003069584011435362
3 3 3 9 -0.0003069584011435362
2 2 8 8 3.1561848990835877e-06
3 2 8 9 3.1561848990835877e-06
2 3 9 8 3.1561848990835877e-06
3 3 9 9 3.1561848990835877e-06
2 4 4 8 -0.00023752635906381525
3 4 4 9 -0.00023752635906381525
2 5 5 8 -0.00023752635906381525
3 5 5 9 -0.00023752635906381525
2 4 6 8 2.3446590860324767e-06
3 4 6 9 2.3446590860324767e-06
2 5 7 8 2.3446590860324767e-06
3 5 7 9 2.3446590860324767e-06
2 6 4 8 2.3446590860324767e-06
3 6 4 9 2.3446590860324767e-06
2 7 5 8 2.3446590860324767e-06
3 7 5 9 2.3446590860324767e-06
2 6 6 8 -0.00023752635415975063
3 6 6 9 -0.00023752635415975063
2 7 7 8 -0.00023752635415975063
3 7 7 9 -0.00023752635415975063
2 8 2 8 3.1561848990835877e-06
3 8 2 9 3.1561848990835877e-06
2 9 3 8 3.1561848990835877e-06
3 9 3 9 3.1561848990835877e-06
2 8 8 8 -0.00030695839541988973
3 8 8 9 -0.00030695839541988973
2 9 9 8 -0.00030695839541988973
3 9 9 9 -0.00030695839541988973
2 10 0 8 -1.1065966807494683e-05
3 10 0 9 -1.1065966807494683e-05
2 11 1 8 -1.1065966807494683e-05
3 11 1 9 -1.1065966807494683e-05
2 10 10 8 -0.00018337195336587614
3 10 10 9 -0.00018337195336587614
2 11 11 8 -0.00018337195336587614
3 11 11 9 -0.00018337195336587614
2 0 2 10 0.00021524991142486344
3 0 2 11 0.00021524991142486344
2 1 3 10 0.00021524991142486344
3 1 3 11 0.00021524991142486344
2 0 8 10 6.79657703849327e-07
3 0 8 11 6.79657703849327e-07
2 1 9 10 6.79657703849327e-07
3 1 9 11 6.79657703849327e-07
2 2 0 10 0.00021524991142486338
3 2 0 11 0.00021524991142486338
2 3 1 10 0.00021524991142486338
3 3 1 11 0.00021524991142486338
2 2 10 10 5.31797186545571e-05
3 2 10 11 5.31797186545571e-05
2 3 11 10 5.31797186545571e-05
3 3 11 11 5.31797186545571e-05
2 8 0 10 6.796577038493274e-07
3 8 0 11 6.796577038493274e-07
2 9 1 10 6.796577038493274e-07
3 9 1 11 6.796577038493274e-07
2 8 10 10 6.341624982513542e-06
3 8 10 11 6.341624982513542e-06
2 9 11 10 6.341624982513542e-06
3 9 11 11 6.341624982513542e-06
2 10 2 10 5.317971865455711e-05
3 10 2 11 5.317971865455711e-05
2 11 3 10 5.317971865455711e-05
3 11 3 11 5.317971865455711e-05
2 10 8 10 6.341624982513556e-06
3 10 8 11 6.341624982513556e-06
2 11 9 10 6.341624982513556e-06
3 11 9 11 6.341624982513556e-06
4 0 4 0 0.020580305238077485
5 0 4 1 0.020580305238077485
4 1 5 0 0.020580305238077485
5 1 5 1 0.020580305238077485
4 0 6 0 6.3415489114396985e-06
5 0 6 1 6.3415489114396985e-06
4 1 7 0 6.3415489114396985e-06
5 1 7 1 6.3415489114396985e-06
4 4 0 0 0.02058030523807748
5 4 0 1 0.02058030523807748
4 5 1 0 0.02058030523807748
5 5 1 1 0.02058030523807748
4 4 10 0 0.00021524991142486352
5 4 10 1 0.00021524991142486352
4 5 11 0 0.00021524991142486352
5 5 11 1 0.00021524991142486352
4 6 0 0 6.341548911439703e-06
5 6 0 1 6.341548911439703e-06
4 7 1 0 6.341548911439703e-06
5 7 1 1 6.341548911439703e-06
4 6 10 0 -0.00026872086424936713
5 6 10 1 -0.00026872086424936713
4 7 11 0 -0.00026872086424936713
5 7 11 1 -0.00026872086424936713
4 10 4 0 0.00021524991142486352
5 10 4 1 0.00021524991142486352
4 11 5 0 0.00021524991142486352
5 11 5 1 0.00021524991142486352
4 10 6 0 -0.00026872086424936713
5 10 6 1 -0.00026872086424936713
4 11 7 0 -0.00026872086424936713
5 11 7 1 -0.00026872086424936713
4 2 4 2 0.020559853183706955
5 2 4 3 0.020559853183706955
4 3 5 2 0.020559853183706955
5 3 5 3 0.020559853183706955
4 2 6 2 -3.4715771228931455e-05
5 2 6 3 -3.4715771228931455e-05
4 3 7 2 -3.4715771228931455e-05
5 3 7 3 -3.4715771228931455e-05
4 4 2 2 0.020559853183706955
5 4 2 3 0.020559853183706955
4 5 3 2 0.020559853183706955
5 5 3 3 0.020559853183706955
4 4 8 2 -3.4715771640125544e-05
5 4 8 3 -3.4715771640125544e-05
4 5 9 2 -3.4715771640125544e-05
5 5 9 3 -3.4715771640125544e-05
4 6 2 2 -3.471577122893145e-05
5 6 2 3 -3.471577122893145e-05
4 7 3 2 -3.471577122893145e-05
5 7 3 3 -3.471577122893145e-05
4 6 8 2 6.784616097281835e-05
5 6 8 3 6.784616097281835e-05
4 7 9 2 6.784616097281835e-05
5 7 9 3 6.784616097281835e-05
4 8 4 2 -3.471577164012554e-05
5 8 4 3 -3.471577164012554e-05
4 9 5 2 -3.471577164012554e-05
5 9 5 3 -3.471577164012554e-05
4 8 6 2 6.784616097281835e-05
5 8 6 3 6.784616097281835e-05
4 9 7 2 6.784616097281835e-05
5 9 7 3 6.784616097281835e-05
4 0 0 4 0.3404473728091475
5 0 0 5 0.3404473728091475
4 1 1 4 0.3404473728091475
5 1 1 5 0.3404473728091475
4 0 10 4 0.0016243497187659434
5 0 10 5 0.0016243497187659434
4 1 11 4 0.0016243497187659434
5 1 11 5 0.0016243497187659434
4 2 2 4 0.34028910135966495
5 2 2 5 0.34028910135966495
4 3 3 4 0.34028910135966495
5 3 3 5 0.34028910135966495
4 2 8 4 -0.00023752635906381517
5 2 8 5 -0.00023752635906381517
4 3 9 4 -0.00023752635906381517
5 3 9 5 -0.00023752635906381517
4 4 4 4 0.381408808232034
5 4 4 5 0.381408808232034
4 5 5 4 0.381408808232034
5 5 5 5 0.381408808232034
4 4 6 4 -0.0003069583935153986
5 4 6 5 -0.0003069583935153986
4 5 7 4 -0.0003069583935153986
5 5 7 5 -0.0003069583935153986
4 6 4 4 -0.0003069583935153986
5 6 4 5 -0.0003069583935153986
4 7 5 4 -0.0003069583935153986
5 7 5 5 -0.0003069583935153986
4 6 6 4 0.09522081254810454
5 6 6 5 0.09522081254810454
4 7 7 4 0.09522081254810454
5 7 7 5 0.09522081254810454
4 8 2 4 -0.00023752635906381528
5 8 2 5 -0.00023752635906381528
4 9 3 4 -0.00023752635906381528
5 9 3 5 -0.00023752635906381528
4 8 8 4 0.09508512022121746
5 8 8 5 0.09508512022121746
4 9 9 4 0.09508512022121746
5 9 9 5 0.09508512022121746
4 10 0 4 0.001624349718765943
5 10 0 5 0.001624349718765943
4 11 1 4 0.001624349718765943
5 11 1 5 0.001624349718765943
4 10 10 4 0.09933945344703454
5 10 10 5 0.09933945344703454
4 11 11 4 0.09933945344703454
5 11 11 5 0.09933945344703454
4 0 0 6 -0.0001833723667962839
5 0 0 7 -0.0001833723667962839
4 1 1 6 -0.0001833723667962839
5 1 1 7 -0.0001833723667962839
4 0 10 6 -1.1065966775008332e-05
5 0 10 7 -1.1065966775008332e-05
4 1 11 6 -1.1065966775008332e-05
5 1 11 7 -1.1065966775008332e-05
4 2 2 6 -0.00023752635225806582
5 2 2 7 -0.00023752635225806582
4 3 3 6 -0.00023752635225806582
5 3 3 7 -0.00023752635225806582
4 2 8 6 2.3446590860324767e-06
5 2 8 7 2.3446590860324767e-06
4 3 9 6 2.3446590860324767e-06
5 3 9 7 2.3446590860324767e-06
4 4 4 6 -0.0003069583935153985
5 4 4 7 -0.0003069583935153985
4 5 5 6 -0.0003069583935153985
5 5 5 7 -0.0003069583935153985
4 4 6 6 3.1561848868056016e-06
5 4 6 7 3.1561848868056016e-06
4 5 7 6 3.1561848868056016e-06
5 5 7 7 3.1561848868056016e-06
4 6 4 6 3.1561848868056016e-06
5 6 4 7 3.1561848868056016e-06
4 7 5 6 3.1561848868056016e-06
5 7 5 7 3.1561848868056016e-06
4 6 6 6 -0.0003069583935153986
5 6 6 7 -0.0003069583935153986
4 7 7 6 -0.0003069583935153986
5 7 7 7 -0.0003069583935153986
4 8 2 6 2.3446590860324767e-06
5 8 2 7 2.3446590860324767e-06
4 9 3 6 2.3446590860324767e-06
5 9 3 7 2.3446590860324767e-06
4 8 8 6 -0.00023752635225813602
5 8 8 7 -0.00023752635225813602
4 9 9 6 -0.00023752635225813602
5 9 9 7 -0.00023752635225813602
4 10 0 6 -1.1065966775008336e-05
5 10 0 7 -1.1065966775008336e-05
4 11 1 6 -1.1065966775008336e-05
5 11 1 7 -1.1065966775008336e-05
4 10 10 6 -0.00018337195137910212
5 10 10 7 -0.00018337195137910212
4 11 11 6 -0.00018337195137910212
5 11 11 7 -0.00018337195137910212
4 2 4 8 -3.471577164012553e-05
5 2 4 9 -3.471577164012553e-05
4 3 5 8 -3.471577164012553e-05
5 3 5 9 -3.471577164012553e-05
4 2 6 8 4.0601043811829267e-07
5 2 6 9 4.0601043811829267e-07
4 3 7 8 4.0601043811829267e-07
5 3 7 9 4.0601043811829267e-07
4 4 2 8 -3.471577164012553e-05
5 4 2 9 -3.471577164012553e-05
4 5 3 8 -3.471577164012553e-05
5 5 3 9 -3.471577164012553e-05
4 4 8 8 4.0601043881258594e-07
5 4 8 9 4.0601043881258594e-07
4 5 9 8 4.0601043881258594e-07
5 5 9 9 4.0601043881258594e-07
4 6 2 8 4.0601043811829267e-07
5 6 2 9 4.0601043811829267e-07
4 7 3 8 4.0601043811829267e-07
5 7 3 9 4.0601043811829267e-07
4 6 8 8 -3.471577123029305e-05
5 6 8 9 -3.471577123029305e-05
4 7 9 8 -3.471577123029305e-05
5 7 9 9 -3.471577123029305e-05
4 8 4 8 4.060104388125859e-07
5 8 4 9 4.060104388125859e-07
4 9 5 8 4.060104388125859e-07
5 9 5 9 4.060104388125859e-07
4 8 6 8 -3.471577123029305e-05
5 8 6 9 -3.471577123029305e-05
4 9 7 8 -3.471577123029305e-05
5 9 7 9 -3.471577123029305e-05
4 0 4 10 0.00021524991142486344
5 0 4 11 0.00021524991142486344
4 1 5 10 0.00021524991142486344
5 1 5 11 0.00021524991142486344
4 0 6 10 6.79657708154346e-07
5 0 6 11 6.79657708154346e-07
4 1 7 10 6.79657708154346e-07
5 1 7 11 6.79657708154346e-07
4 4 0 10 0.00021524991142486338
5 4 0 11 0.00021524991142486338
4 5 1 10 0.00021524991142486338
5 5 1 11 0.00021524991142486338
4 4 10 10 5.31797186545571e-05
5 4 10 11 5.31797186545571e-05
4 5 11 10 5.31797186545571e-05
5 5 11 11 5.31797186545571e-05
4 6 0 10 6.796577081543471e-07
5 6 0 11 6.796577081543471e-07
4 7 1 10 6.796577081543471e-07
5 7 1 11 6.796577081543471e-07
4 6 10 10 6.3416249835774495e-06
5 6 10 11 6.3416249835774495e-06
4 7 11 10 6.3416249835774495e-06
5 7 11 11 6.3416249835774495e-06
4 10 4 10 5.317971865455711e-05
5 10 4 11 5.317971865455711e-05
4 11 5 10 5.317971865455711e-05
5 11 5 11 5.317971865455711e-05
4 10 6 10 6.341624983577436e-06
5 10 6 11 6.341624983577436e-06
4 11 7 10 6.341624983577436e-06
5 11 7 11 6.341624983577436e-06
6 0 4 0 6.341548911439684e-06
7 0 4 1 6.341548911439684e-06
6 1 5 0 6.341548911439684e-06
7 1 5 1 6.341548911439684e-06
6 0 6 0 5.3178828136783295e-05
7 0 6 1 5.3178828136783295e-05
6 1 7 0 5.3178828136783295e-05
7 1 7 1 5.3178828136783295e-05
6 4 0 0 6.341548911439704e-06
7 4 0 1 6.341548911439704e-06
6 5 1 0 6.341548911439704e-06
7 5 1 1 6.341548911439704e-06
6 4 10 0 6.796577081543474e-07
7 4 10 1 6.796577081543474e-07
6 5 11 0 6.796577081543474e-07
7 5 11 1 6.796577081543474e-07
6 6 0 0 5.3178828136783295e-05
7 6 0 1 5.3178828136783295e-05
6 7 1 0 5.3178828136783295e-05
7 7 1 1 5.3178828136783295e-05
6 6 10 0 0.00021525269867425984
7 6 10 1 0.00021525269867425984
6 7 11 0 0.00021525269867425984
7 7 11 1 0.00021525269867425984
6 10 4 0 6.796577081543468e-07
7 10 4 1 6.796577081543468e-07
6 11 5 0 6.796577081543468e-07
7 11 5 1 6.796577081543468e-07
6 10 6 0 0.00021525269867425986
7 10 6 1 0.00021525269867425986
6 11 7 0 0.00021525269867425986
7 11 7 1 0.00021525269867425986
6 2 4 2 -3.471577122893145e-05
7 2 4 3 -3.471577122893145e-05
6 3 5 2 -3.471577122893145e-05
7 3 5 3 -3.471577122893145e-05
6 2 6 2 4.060104374239995e-07
7 2 6 3 4.060104374239995e-07
6 3 7 2 4.060104374239995e-07
7 3 7 3 4.060104374239995e-07
6 4 2 2 -3.471577122893145e-05
7 4 2 3 -3.471577122893145e-05
6 5 3 2 -3.471577122893145e-05
7 5 3 3 -3.471577122893145e-05
6 4 8 2 4.060104381182928e-07
7 4 8 3 4.060104381182928e-07
6 5 9 2 4.060104381182928e-07
7 5 9 3 4.060104381182928e-07
6 6 2 2 4.0601043742399946e-07
7 6 2 3 4.0601043742399946e-07
6 7 3 2 4.0601043742399946e-07
7 7 3 3 4.0601043742399946e-07
6 6 8 2 -3.4715771228937845e-05
7 6 8 3 -3.4715771228937845e-05
6 7 9 2 -3.4715771228937845e-05
7 7 9 3 -3.4715771228937845e-05
6 8 4 2 4.060104381182927e-07
7 8 4 3 4.060104381182927e-07
6 9 5 2 4.060104381182927e-07
7 9 5 3 4.060104381182927e-07
6 8 6 2 -3.4715771228937845e-05
7 8 6 3 -3.4715771228937845e-05
6 9 7 2 -3.4715771228937845e-05
7 9 7 3 -3.4715771228937845e-05
6 0 0 4 -0.00018337236679628378
7 0 0 5 -0.00018337236679628378
6 1 1 4 -0.00018337236679628378
7 1 1 5 -0.00018337236679628378
6 0 10 4 -1.1065966775008332e-05
7 0 10 5 -1.1065966775008332e-05
6 1 11 4 -1.1065966775008332e-05
7 1 11 5 -1.1065966775008332e-05
6 2 2 4 -0.00023752635225806587
7 2 2 5 -0.00023752635225806587
6 3 3 4 -0.00023752635225806587
7 3 3 5 -0.00023752635225806587
6 2 8 4 2.3446590860324767e-06
7 2 8 5 2.3446590860324767e-06
6 3 9 4 2.3446590860324767e-06
7 3 9 5 2.3446590860324767e-06
6 4 4 4 -0.0003069583935153986
7 4 4 5 -0.0003069583935153986
6 5 5 4 -0.0003069583935153986
7 5 5 5 -0.0003069583935153986
6 4 6 4 3.1561848868056016e-06
7 4 6 5 3.1561848868056016e-06
6 5 7 4 3.1561848868056016e-06
7 5 7 5 3.1561848868056016e-06
6 6 4 4 3.1561848868056016e-06
7 6 4 5 3.1561848868056016e-06
6 7 5 4 3.1561848868056016e-06
7 7 5 5 3.1561848868056016e-06
6 6 6 4 -0.0003069583935153985
7 6 6 5 -0.0003069583935153985
6 7 7 4 -0.0003069583935153985
7 7 7 5 -0.0003069583935153985
6 8 2 4 2.3446590860324767e-06
7 8 2 5 2.3446590860324767e-06
6 9 3 4 2.3446590860324767e-06
7 9 3 5 2.3446590860324767e-06
6 8 8 4 -0.000237526352258136
7 8 8 5 -0.000237526352258136
6 9 9 4 -0.000237526352258136
7 9 9 5 -0.000237526352258136
6 10 0 4 -1.1065966775008336e-05
7 10 0 5 -1.1065966775008336e-05
6 11 1 4 -1.1065966775008336e-05
7 11 1 5 -1.1065966775008336e-05
6 10 10 4 -0.00018337195137910222
7 10 10 5 -0.00018337195137910222
6 11 11 4 -0.00018337195137910222
7 11 11 5 -0.00018337195137910222
6 0 0 6 0.09933940921442408
7 0 0 7 0.09933940921442408
6 1 1 6 0.09933940921442408
7 1 1 7 0.09933940921442408
6 0 10 6 0.0016243627133637837
7 0 10 7 0.0016243627133637837
6 1 11 6 0.0016243627133637837
7 1 11 7 0.0016243627133637837
6 2 2 6 0.09508512022121736
7 2 2 7 0.09508512022121736
6 3 3 6 0.09508512022121736
7 3 3 7 0.09508512022121736
6 2 8 6 -0.00023752635415975066
7 2 8 7 -0.00023752635415975066
6 3 9 6 -0.00023752635415975066
7 3 9 7 -0.00023752635415975066
6 4 4 6 0.09522081254810454
7 4 4 7 0.09522081254810454
6 5 5 6 0.09522081254810454
7 5 5 7 0.09522081254810454
6 4 6 6 -0.0003069583935153986
7 4 6 7 -0.0003069583935153986
6 5 7 6 -0.0003069583935153986
7 5 7 7 -0.0003069583935153986
6 6 4 6 -0.0003069583935153986
7 6 4 7 -0.0003069583935153986
6 7 5 6 -0.0003069583935153986
7 7 5 7 -0.0003069583935153986
6 6 6 6 0.381408808232034
7 6 6 7 0.381408808232034
6 7 7 6 0.381408808232034
7 7 7 7 0.381408808232034
6 8 2 6 -0.00023752635415975055
7 8 2 7 -0.00023752635415975055
6 9 3 6 -0.00023752635415975055
7 9 3 7 -0.00023752635415975055
6 8 8 6 0.34028910135964074
7 8 8 7 0.34028910135964074
6 9 9 6 0.34028910135964074
7 9 9 7 0.34028910135964074
6 10 0 6 0.001624362713363785
7 10 0 7 0.001624362713363785
6 11 1 6 0.001624362713363785
7 11 1 7 0.001624362713363785
6 10 10 6 0.34044737519056456
7 10 10 7 0.34044737519056456
6 11 11 6 0.34044737519056456
7 11 11 7 0.34044737519056456
6 2 4 8 6.784616097281835e-05
7 2 4 9 6.784616097281835e-05
6 3 5 8 6.784616097281835e-05
7 3 5 9 6.784616097281835e-05
6 2 6 8 -3.471577122893785e-05
7 2 6 9 -3.471577122893785e-05
6 3 7 8 -3.471577122893785e-05
7 3 7 9 -3.471577122893785e-05
6 4 2 8 6.784616097281835e-05
7 4 2 9 6.784616097281835e-05
6 5 3 8 6.784616097281835e-05
7 5 3 9 6.784616097281835e-05
6 4 8 8 -3.471577123029305e-05
7 4 8 9 -3.471577123029305e-05
6 5 9 8 -3.471577123029305e-05
7 5 9 9 -3.471577123029305e-05
6 6 2 8 -3.471577122893786e-05
7 6 2 9 -3.471577122893786e-05
6 7 3 8 -3.471577122893786e-05
7 7 3 9 -3.471577122893786e-05
6 6 8 8 0.02055985318370631
7 6 8 9 0.02055985318370631
6 7 9 8 0.02055985318370631
7 7 9 9 0.02055985318370631
6 8 4 8 -3.471577123029306e-05
7 8 4 9 -3.471577123029306e-05
6 9 5 8 -3.471577123029306e-05
7 9 5 9 -3.471577123029306e-05
6 8 6 8 0.02055985318370631
7 8 6 9 0.02055985318370631
6 9 7 8 0.02055985318370631
7 9 7 9 0.02055985318370631
6 0 4 10 -0.0002687208642493672
7 0 4 11 -0.0002687208642493672
6 1 5 10 -0.0002687208642493672
7 1 5 11 -0.0002687208642493672
6 0 6 10 0.00021525269867425986
7 0 6 11 0.00021525269867425986
6 1 7 10 0.00021525269867425986
7 1 7 11 0.00021525269867425986
6 4 0 10 -0.00026872086424936713
7 4 0 11 -0.00026872086424936713
6 5 1 10 -0.00026872086424936713
7 5 1 11 -0.00026872086424936713
6 4 10 10 6.3416249835774495e-06
7 4 10 11 6.3416249835774495e-06
6 5 11 10 6.3416249835774495e-06
7 5 11 11 6.3416249835774495e-06
6 6 0 10 0.00021525269867425984
7 6 0 11 0.00021525269867425984
6 7 1 10 0.00021525269867425984
7 7 1 11 0.00021525269867425984
6 6 10 10 0.020580305877375513
7 6 10 11 0.020580305877375513
6 7 11 10 0.020580305877375513
7 7 11 11 0.020580305877375513
6 10 4 10 6.341624983577439e-06
7 10 4 11 6.341624983577439e-06
6 11 5 10 6.341624983577439e-06
7 11 5 11 6.341624983577439e-06
6 10 6 10 0.020580305877375513
7 10 6 11 0.020580305877375513
6 11 7 10 0.020580305877375513
7 11 7 11 0.020580305877375513
8 0 2 0 6.3415484998345265e-06
9 0 2 1 6.3415484998345265e-06
8 1 3 0 6.3415484998345265e-06
9 1 3 1 6.3415484998345265e-06
8 0 8 0 5.3178828136524374e-05
9 0 8 1 5.3178828136524374e-05
8 1 9 0 5.3178828136524374e-05
9 1 9 1 5.3178828136524374e-05
8 2 0 0 6.341548499834547e-06
9 2 0 1 6.341548499834547e-06
8 3 1 0 6.341548499834547e-06
9 3 1 1 6.341548499834547e-06
8 2 10 0 6.796577038493287e-07
9 2 10 1 6.796577038493287e-07
8 3 11 0 6.796577038493287e-07
9 3 11 1 6.796577038493287e-07
8 8 0 0 5.317882813652437e-05
9 8 0 1 5.317882813652437e-05
8 9 1 0 5.317882813652437e-05
9 9 1 1 5.317882813652437e-05
8 8 10 0 0.00021525269867959934
9 8 10 1 0.00021525269867959934
8 9 11 0 0.00021525269867959934
9 9 11 1 0.00021525269867959934
8 10 2 0 6.796577038493281e-07
9 10 2 1 6.796577038493281e-07
8 11 3 0 6.796577038493281e-07
9 11 3 1 6.796577038493281e-07
8 10 8 0 0.00021525269867959932
9 10 8 1 0.00021525269867959932
8 11 9 0 0.00021525269867959932
9 11 9 1 0.00021525269867959932
8 0 0 2 -0.00018337237360520136
9 0 0 3 -0.00018337237360520136
8 1 1 2 -0.00018337237360520136
9 1 1 3 -0.00018337237360520136
8 0 10 2 -1.1065966807494682e-05
9 0 10 3 -1.1065966807494682e-05
8 1 11 2 -1.1065966807494682e-05
9 1 11 3 -1.1065966807494682e-05
8 2 2 2 -0.0003069584011435362
9 2 2 3 -0.0003069584011435362
8 3 3 2 -0.0003069584011435362
9 3 3 3 -0.0003069584011435362
8 2 8 2 3.1561848990835872e-06
9 2 8 3 3.1561848990835872e-06
8 3 9 2 3.1561848990835872e-06
9 3 9 3 3.1561848990835872e-06
8 4 4 2 -0.0002375263590638153
9 4 4 3 -0.0002375263590638153
8 5 5 2 -0.0002375263590638153
9 5 5 3 -0.0002375263590638153
8 4 6 2 2.3446590860324767e-06
9 4 6 3 2.3446590860324767e-06
8 5 7 2 2.3446590860324767e-06
9 5 7 3 2.3446590860324767e-06
8 6 4 2 2.3446590860324767e-06
9 6 4 3 2.3446590860324767e-06
8 7 5 2 2.3446590860324767e-06
9 7 5 3 2.3446590860324767e-06
8 6 6 2 -0.00023752635415975063
9 6 6 3 -0.00023752635415975063
8 7 7 2 -0.00023752635415975063
9 7 7 3 -0.00023752635415975063
8 8 2 2 3.156184899083587e-06
9 8 2 3 3.156184899083587e-06
8 9 3 2 3.156184899083587e-06
9 9 3 3 3.156184899083587e-06
8 8 8 2 -0.00030695839541988973
9 8 8 3 -0.00030695839541988973
8 9 9 2 -0.00030695839541988973
9 9 9 3 -0.00030695839541988973
8 10 0 2 -1.1065966807494682e-05
9 10 0 3 -1.1065966807494682e-05
8 11 1 2 -1.1065966807494682e-05
9 11 1 3 -1.1065966807494682e-05
8 10 10 2 -0.00018337195336587614
9 10 10 3 -0.00018337195336587614
8 11 11 2 -0.00018337195336587614
9 11 11 3 -0.00018337195336587614
8 2 4 4 -3.471577164012553e-05
9 2 4 5 -3.471577164012553e-05
8 3 5 4 -3.471577164012553e-05
9 3 5 5 -3.471577164012553e-05
8 2 6 4 4.0601043811829267e-07
9 2 6 5 4.0601043811829267e-07
8 3 7 4 4.0601043811829267e-07
9 3 7 5 4.0601043811829267e-07
8 4 2 4 -3.471577164012553e-05
9 4 2 5 -3.471577164012553e-05
8 5 3 4 -3.471577164012553e-05
9 5 3 5 -3.471577164012553e-05
8 4 8 4 4.06010438812586e-07
9 4 8 5 4.06010438812586e-07
8 5 9 4 4.06010438812586e-07
9 5 9 5 4.06010438812586e-07
8 6 2 4 4.0601043811829267e-07
9 6 2 5 4.0601043811829267e-07
8 7 3 4 4.0601043811829267e-07
9 7 3 5 4.0601043811829267e-07
8 6 8 4 -3.4715771230293044e-05
9 6 8 5 -3.4715771230293044e-05
8 7 9 4 -3.4715771230293044e-05
9 7 9 5 -3.4715771230293044e-05
8 8 4 4 4.0601043881258594e-07
9 8 4 5 4.0601043881258594e-07
8 9 5 4 4.0601043881258594e-07
9 9 5 5 4.0601043881258594e-07
8 8 6 4 -3.4715771230293044e-05
9 8 6 5 -3.4715771230293044e-05
8 9 7 4 -3.4715771230293044e-05
9 9 7 5 -3.4715771230293044e-05
8 2 4 6 6.784616097281835e-05
9 2 4 7 6.784616097281835e-05
8 3 5 6 6.784616097281835e-05
9 3 5 7 6.784616097281835e-05
8 2 6 6 -3.471577122893785e-05
9 2 6 7 -3.471577122893785e-05
8 3 7 6 -3.471577122893785e-05
9 3 7 7 -3.471577122893785e-05
8 4 2 6 6.784616097281835e-05
9 4 2 7 6.784616097281835e-05
8 5 3 6 6.784616097281835e-05
9 5 3 7 6.784616097281835e-05
8 4 8 6 -3.4715771230293044e-05
9 4 8 7 -3.4715771230293044e-05
8 5 9 6 -3.4715771230293044e-05
9 5 9 7 -3.4715771230293044e-05
8 6 2 6 -3.471577122893786e-05
9 6 2 7 -3.471577122893786e-05
8 7 3 6 -3.471577122893786e-05
9 7 3 7 -3.471577122893786e-05
8 6 8 6 0.02055985318370631
9 6 8 7 0.02055985318370631
8 7 9 6 0.02055985318370631
9 7 9 7 0.02055985318370631
8 8 4 6 -3.471577123029305e-05
9 8 4 7 -3.471577123029305e-05
8 9 5 6 -3.471577123029305e-05
9 9 5 7 -3.471577123029305e-05
8 8 6 6 0.02055985318370631
9 8 6 7 0.02055985318370631
8 9 7 6 0.02055985318370631
9 9 7 7 0.02055985318370631
8 0 0 8 0.09933940921442158
9 0 0 9 0.09933940921442158
8 1 1 8 0.09933940921442158
9 1 1 9 0.09933940921442158
8 0 10 8 0.0016243627133640656
9 0 10 9 0.0016243627133640656
8 1 11 8 0.0016243627133640656
9 1 11 9 0.0016243627133640656
8 2 2 8 0.0952208125481074
9 2 2 9 0.0952208125481074
8 3 3 8 0.0952208125481074
9 3 3 9 0.0952208125481074
8 2 8 8 -0.00030695839541988973
9 2 8 9 -0.00030695839541988973
8 3 9 8 -0.00030695839541988973
9 3 9 9 -0.00030695839541988973
8 4 4 8 0.09508512022121744
9 4 4 9 0.09508512022121744
8 5 5 8 0.09508512022121744
9 5 5 9 0.09508512022121744
8 4 6 8 -0.00023752635225813607
9 4 6 9 -0.00023752635225813607
8 5 7 8 -0.00023752635225813607
9 5 7 9 -0.00023752635225813607
8 6 4 8 -0.00023752635225813597
9 6 4 9 -0.00023752635225813597
8 7 5 8 -0.00023752635225813597
9 7 5 9 -0.00023752635225813597
8 6 6 8 0.34028910135964074
9 6 6 9 0.34028910135964074
8 7 7 8 0.34028910135964074
9 7 7 9 0.34028910135964074
8 8 2 8 -0.0003069583954198897
9 8 2 9 -0.0003069583954198897
8 9 3 8 -0.0003069583954198897
9 9 3 9 -0.0003069583954198897
8 8 8 8 0.38140880823198303
9 8 8 9 0.38140880823198303
8 9 9 8 0.38140880823198303
9 9 9 9 0.38140880823198303
8 10 0 8 0.0016243627133640669
9 10 0 9 0.0016243627133640669
8 11 1 8 0.0016243627133640669
9 11 1 9 0.0016243627133640669
8 10 10 8 0.3404473751905382
9 10 10 9 0.3404473751905382
8 11 11 8 0.3404473751905382
9 11 11 9 0.3404473751905382
8 0 2 10 -0.00026872086425365883
9 0 2 11 -0.00026872086425365883
8 1 3 10 -0.00026872086425365883
9 1 3 11 -0.00026872086425365883
8 0 8 10 0.00021525269867959932
9 0 8 11 0.00021525269867959932
8 1 9 10 0.00021525269867959932
9 1 9 11 0.00021525269867959932
8 2 0 10 -0.0002687208642536588
9 2 0 11 -0.0002687208642536588
8 3 1 10 -0.0002687208642536588
9 3 1 11 -0.0002687208642536588
8 2 10 10 6.341624982513545e-06
9 2 10 11 6.341624982513545e-06
8 3 11 10 6.341624982513545e-06
9 3 11 11 6.341624982513545e-06
8 8 0 10 0.00021525269867959937
9 8 0 11 0.00021525269867959937
8 9 1 10 0.00021525269867959937
9 9 1 11 0.00021525269867959937
8 8 10 10 0.020580305877373226
9 8 10 11 0.020580305877373226
8 9 11 10 0.020580305877373226
9 9 11 11 0.020580305877373226
8 10 2 10 6.341624982513535e-06
9 10 2 11 6.341624982513535e-06
8 11 3 10 6.341624982513535e-06
9 11 3 11 6.341624982513535e-06
8 10 8 10 0.020580305877373223
9 10 8 11 0.020580305877373223
8 11 9 10 0.020580305877373223
9 11 9 11 0.020580305877373223
10 0 0 0 0.0016858480373256437
11 0 0 1 0.0016858480373256437
10 1 1 0 0.0016858480373256437
11 1 1 1 0.0016858480373256437
10 0 10 0 0.00014431332703056902
11 0 10 1 0.00014431332703056902
10 1 11 0 0.00014431332703056902
11 1 11 1 0.00014431332703056902
10 2 2 0 0.001624349718765945
11 2 2 1 0.001624349718765945
10 3 3 0 0.001624349718765945
11 3 3 1 0.001624349718765945
10 2 8 0 -1.1065966807494677e-05
11 2 8 1 -1.1065966807494677e-05
10 3 9 0 -1.1065966807494677e-05
11 3 9 1 -1.1065966807494677e-05
10 4 4 0 0.001624349718765945
11 4 4 1 0.001624349718765945
10 5 5 0 0.001624349718765945
11 5 5 1 0.001624349718765945
10 4 6 0 -1.106596677500833e-05
11 4 6 1 -1.106596677500833e-05
10 5 7 0 -1.106596677500833e-05
11 5 7 1 -1.106596677500833e-05
10 6 4 0 -1.106596677500833e-05
11 6 4 1 -1.106596677500833e-05
10 7 5 0 -1.106596677500833e-05
11 7 5 1 -1.106596677500833e-05
10 6 6 0 0.0016243627133637863
11 6 6 1 0.0016243627133637863
10 7 7 0 0.0016243627133637863
11 7 7 1 0.0016243627133637863
10 8 2 0 -1.106596680749468e-05
11 8 2 1 -1.106596680749468e-05
10 9 3 0 -1.106596680749468e-05
11 9 3 1 -1.106596680749468e-05
10 8 8 0 0.0016243627133640665
11 8 8 1 0.0016243627133640665
10 9 9 0 0.0016243627133640665
11 9 9 1 0.0016243627133640665
10 10 0 0 0.000144313327030569
11 10 0 1 0.000144313327030569
10 11 1 0 0.000144313327030569
11 11 1 1 0.000144313327030569
10 10 10 0 0.0016858635260963337
11 10 10 1 0.0016858635260963337
10 11 11 0 0.0016858635260963337
11 11 11 1 0.0016858635260963337
10 0 2 2 0.00021524991142486352
11 0 2 3 0.00021524991142486352
10 1 3 2 0.00021524991142486352
11 1 3 3 0.00021524991142486352
10 0 8 2 6.796577038493267e-07
11 0 8 3 6.796577038493267e-07
10 1 9 2 6.796577038493267e-07
11 1 9 3 6.796577038493267e-07
10 2 0 2 0.00021524991142486346
11 2 0 3 0.00021524991142486346
10 3 1 2 0.00021524991142486346
11 3 1 3 0.00021524991142486346
10 2 10 2 5.3179718654557115e-05
11 2 10 3 5.3179718654557115e-05
10 3 11 2 5.3179718654557115e-05
11 3 11 3 5.3179718654557115e-05
10 8 0 2 6.796577038493272e-07
11 8 0 3 6.796577038493272e-07
10 9 1 2 6.796577038493272e-07
11 9 1 3 6.796577038493272e-07
10 8 10 2 6.341624982513549e-06
11 8 10 3 6.341624982513549e-06
10 9 11 2 6.341624982513549e-06
11 9 11 3 6.341624982513549e-06
10 10 2 2 5.317971865455712e-05
11 10 2 3 5.317971865455712e-05
10 11 3 2 5.317971865455712e-05
11 11 3 3 5.317971865455712e-05
10 10 8 2 6.3416249825135524e-06
11 10 8 3 6.3416249825135524e-06
10 11 9 2 6.3416249825135524e-06
11 11 9 3 6.3416249825135524e-06
10 0 4 4 0.00021524991142486352
11 0 4 5 0.00021524991142486352
10 1 5 4 0.00021524991142486352
11 1 5 5 0.00021524991142486352
10 0 6 4 6.796577081543459e-07
11 0 6 5 6.796577081543459e-07
10 1 7 4 6.796577081543459e-07
11 1 7 5 6.796577081543459e-07
10 4 0 4 0.00021524991142486346
11 4 0 5 0.00021524991142486346
10 5 1 4 0.00021524991142486346
11 5 1 5 0.00021524991142486346
10 4 10 4 5.3179718654557115e-05
11 4 10 5 5.3179718654557115e-05
10 5 11 4 5.3179718654557115e-05
11 5 11 5 5.3179718654557115e-05
10 6 0 4 6.796577081543463e-07
11 6 0 5 6.796577081543463e-07
10 7 1 4 6.796577081543463e-07
11 7 1 5 6.796577081543463e-07
10 6 10 4 6.341624983577453e-06
11 6 10 5 6.341624983577453e-06
10 7 11 4 6.341624983577453e-06
11 7 11 5 6.341624983577453e-06
10 10 4 4 5.317971865455712e-05
11 10 4 5 5.317971865455712e-05
10 11 5 4 5.317971865455712e-05
11 11 5 5 5.317971865455712e-05
10 10 6 4 6.341624983577436e-06
11 10 6 5 6.341624983577436e-06
10 11 7 4 6.341624983577436e-06
11 11 7 5 6.341624983577436e-06
10 0 4 6 -0.00026872086424936713
11 0 4 7 -0.00026872086424936713
10 1 5 6 -0.00026872086424936713
11 1 5 7 -0.00026872086424936713
10 0 6 6 0.0002152526986742599
11 0 6 7 0.0002152526986742599
10 1 7 6 0.0002152526986742599
11 1 7 7 0.0002152526986742599
10 4 0 6 -0.000268720864249367
11 4 0 7 -0.000268720864249367
10 5 1 6 -0.000268720864249367
11 5 1 7 -0.000268720864249367
10 4 10 6 6.3416249835774495e-06
11 4 10 7 6.3416249835774495e-06
10 5 11 6 6.3416249835774495e-06
11 5 11 7 6.3416249835774495e-06
10 6 0 6 0.00021525269867425986
11 6 0 7 0.00021525269867425986
10 7 1 6 0.00021525269867425986
11 7 1 7 0.00021525269867425986
10 6 10 6 0.020580305877375513
11 6 10 7 0.020580305877375513
10 7 11 6 0.020580305877375513
11 7 11 7 0.020580305877375513
10 10 4 6 6.341624983577439e-06
11 10 4 7 6.341624983577439e-06
10 11 5 6 6.341624983577439e-06
11 11 5 7 6.341624983577439e-06
10 10 6 6 0.020580305877375513
11 10 6 7 0.020580305877375513
10 11 7 6 0.020580305877375513
11 11 7 7 0.020580305877375513
10 0 2 8 -0.00026872086425365883
11 0 2 9 -0.00026872086425365883
10 1 3 8 -0.00026872086425365883
11 1 3 9 -0.00026872086425365883
10 0 8 8 0.00021525269867959932
11 0 8 9 0.00021525269867959932
10 1 9 8 0.00021525269867959932
11 1 9 9 0.00021525269867959932
10 2 0 8 -0.0002687208642536588
11 2 0 9 -0.0002687208642536588
10 3 1 8 -0.0002687208642536588
11 3 1 9 -0.0002687208642536588
10 2 10 8 6.341624982513545e-06
11 2 10 9 6.341624982513545e-06
10 3 11 8 6.341624982513545e-06
11 3 11 9 6.341624982513545e-06
10 8 0 8 0.00021525269867959937
11 8 0 9 0.00021525269867959937
10 9 1 8 0.00021525269867959937
11 9 1 9 0.00021525269867959937
10 8 10 8 0.020580305877373223
11 8 10 9 0.020580305877373223
10 9 11 8 0.020580305877373223
11 9 11 9 0.020580305877373223
10 10 2 8 6.341624982513535e-06
11 10 2 9 6.341624982513535e-06
10 11 3 8 6.341624982513535e-06
11 11 3 9 6.341624982513535e-06
10 10 8 8 0.02058030587737322
11 10 8 9 0.02058030587737322
10 11 9 8 0.02058030587737322
11 11 9 9 0.02058030587737322
10 0 0 10 0.10466152540033678
11 0 0 11 0.10466152540033678
10 1 1 10 0.10466152540033678
11 1 1 11 0.10466152540033678
10 0 10 10 0.0016858635260963335
11 0 10 11 0.0016858635260963335
10 1 11 10 0.0016858635260963335
11 1 11 11 0.0016858635260963335
10 2 2 10 0.09933945344703454
11 2 2 11 0.09933945344703454
10 3 3 10 0.09933945344703454
11 3 3 11 0.09933945344703454
10 2 8 10 -0.00018337195336587612
11 2 8 11 -0.00018337195336587612
10 3 9 10 -0.00018337195336587612
11 3 9 11 -0.00018337195336587612
10 4 4 10 0.09933945344703454
11 4 4 11 0.09933945344703454
10 5 5 10 0.09933945344703454
11 5 5 11 0.09933945344703454
10 4 6 10 -0.00018337195137910225
11 4 6 11 -0.00018337195137910225
10 5 7 10 -0.00018337195137910225
11 5 7 11 -0.00018337195137910225
10 6 4 10 -0.00018337195137910225
11 6 4 11 -0.00018337195137910225
10 7 5 10 -0.00018337195137910225
11 7 5 11 -0.00018337195137910225
10 6 6 10 0.3404473751905646
11 6 6 11 0.3404473751905646
10 7 7 10 0.3404473751905646
11 7 7 11 0.3404473751905646
10 8 2 10 -0.00018337195336587617
11 8 2 11 -0.00018337195336587617
10 9 3 10 -0.00018337195336587617
11 9 3 11 -0.00018337195336587617
10 8 8 10 0.34044737519053825
11 8 8 11 0.34044737519053825
10 9 9 10 0.34044737519053825
11 9 9 11 0.34044737519053825
10 10 0 10 0.0016858635260963326
11 10 0 11 0.0016858635260963326
10 11 1 10 0.0016858635260963326
11 11 1 11 0.0016858635260963326
10 10 10 10 0.381748459948164
11 10 10 11 0.381748459948164
10 11 11 10 0.381748459948164
11 11 11 11 0.381748459948164
