-99.04107496447811
0 0 -2.3381662394762706
1 1 -2.3381662394762706
0 10 0.013985557215466647
1 11 0.013985557215466647
2 2 -2.314408623752059
3 3 -2.314408623752059
2 8 -0.0021843234519127817
3 9 -0.0021843234519127817
4 4 -2.314408623752059
5 5 -2.314408623752059
4 6 -0.0021843234982009564
5 7 -0.0021843234982009564
6 4 -0.0021843234982009546
7 5 -0.0021843234982009546
6 6 -2.3144085340231437
7 7 -2.3144085340231437
8 2 -0.00218432345191278
9 3 -0.00218432345191278
8 8 -2.314408534022889
9 9 -2.314408534022889
10 0 0.01398555721546664
11 1 0.01398555721546664
10 10 -2.3381662843047533
11 11 -2.3381662843047533
0 0 0 0 0.38162029580253415
1 0 0 1 0.38162029580253415
0 1 1 0 0.38162029580253415
1 1 1 1 0.38162029580253415
0 0 10 0 0.0014166663571126348
1 0 10 1 0.0014166663571126348
0 1 11 0 0.0014166663571126348
1 1 11 1 0.0014166663571126348
0 2 2 0 0.3403860557729414
1 2 2 1 0.3403860557729414
0 3 3 0 0.3403860557729414
1 3 3 1 0.3403860557729414
0 2 8 0 -0.00014499366123969608
1 2 8 1 -0.00014499366123969608
0 3 9 0 -0.00014499366123969608
1 3 9 1 -0.00014499366123969608
0 4 4 0 0.3403860557729414
1 4 4 1 0.3403860557729414
0 5 5 0 0.3403860557729414
1 5 5 1 0.3403860557729414
0 4 6 0 -0.00014499365443199124
1 4 6 1 -0.00014499365443199124
0 5 7 0 -0.00014499365443199124
1 5 7 1 -0.00014499365443199124
0 6 4 0 -0.00014499365443199113
1 6 4 1 -0.00014499365443199113
0 7 5 0 -0.00014499365443199113
1 7 5 1 -0.00014499365443199113
0 6 6 0 0.09568686541060348
1 6 6 1 0.09568686541060348
0 7 7 0 0.09568686541060348
1 7 7 1 0.09568686541060348
0 8 2 0 -0.00014499366123969608
1 8 2 1 -0.00014499366123969608
0 9 3 0 -0.00014499366123969608
1 9 3 1 -0.00014499366123969608
0 8 8 0 0.09568686541060238
1 8 8 1 0.09568686541060238
0 9 9 0 0.09568686541060238
1 9 9 1 0.09568686541060238
0 10 0 0 0.0014166663571126335
1 10 0 1 0.0014166663571126335
0 11 1 0 0.0014166663571126335
1 11 1 1 0.0014166663571126335
0 10 10 0 0.1004035188050913
1 10 10 1 0.1004035188050913
0 11 11 0 0.1004035188050913
1 11 11 1 0.1004035188050913
0 0 2 2 0.020572343669873833
1 0 2 3 0.020572343669873833
0 1 3 2 0.020572343669873833
1 1 3 3 0.020572343669873833
0 0 8 2 3.66166285321628e-06
1 0 8 3 3.66166285321628e-06
0 1 9 2 3.66166285321628e-06
1 1 9 3 3.66166285321628e-06
0 2 0 2 0.020572343669873833
1 2 0 3 0.020572343669873833
0 3 1 2 0.020572343669873833
1 3 1 3 0.020572343669873833
0 2 10 2 0.00017964529613800404
1 2 10 3 0.00017964529613800404
0 3 11 2 0.00017964529613800404
1 3 11 3 0.00017964529613800404
0 8 0 2 3.6616628532162728e-06
1 8 0 3 3.6616628532162728e-06
0 9 1 2 3.6616628532162728e-06
1 9 1 3 3.6616628532162728e-06
0 8 10 2 -0.00022492441547683421
1 8 10 3 -0.00022492441547683421
0 9 11 2 -0.00022492441547683421
1 9 11 3 -0.00022492441547683421
0 10 2 2 0.0001796452961380041
1 10 2 3 0.0001796452961380041
0 11 3 2 0.0001796452961380041
1 11 3 3 0.0001796452961380041
0 10 8 2 -0.0002249244154768342
1 10 8 3 -0.0002249244154768342
0 11 9 2 -0.0002249244154768342
1 11 9 3 -0.0002249244154768342
0 0 4 4 0.020572343669873833
1 0 4 5 0.020572343669873833
0 1 5 4 0.020572343669873833
1 1 5 5 0.020572343669873833
0 0 6 4 3.661663264662619e-06
1 0 6 5 3.661663264662619e-06
0 1 7 4 3.661663264662619e-06
1 1 7 5 3.661663264662619e-06
0 4 0 4 0.020572343669873833
1 4 0 5 0.020572343669873833
0 5 1 4 0.020572343669873833
1 5 1 5 0.020572343669873833
0 4 10 4 0.00017964529613800404
1 4 10 5 0.00017964529613800404
0 5 11 4 0.00017964529613800404
1 5 11 5 0.00017964529613800404
0 6 0 4 3.661663264662613e-06
1 6 0 5 3.661663264662613e-06
0 7 1 4 3.661663264662613e-06
1 7 1 5 3.661663264662613e-06
0 6 10 4 -0.00022492441547324944
1 6 10 5 -0.00022492441547324944
0 7 11 4 -0.00022492441547324944
1 7 11 5 -0.00022492441547324944
0 10 4 4 0.0001796452961380041
1 10 4 5 0.0001796452961380041
0 11 5 4 0.0001796452961380041
1 11 5 5 0.0001796452961380041
0 10 6 4 -0.00022492441547324944
1 10 6 5 -0.00022492441547324944
0 11 7 4 -0.00022492441547324944
1 11 7 5 -0.00022492441547324944
0 0 4 6 3.6616632646626124e-06
1 0 4 7 3.6616632646626124e-06
0 1 5 6 3.6616632646626124e-06
1 1 5 7 3.6616632646626124e-06
0 0 6 6 3.3512528893959865e-05
1 0 6 7 3.3512528893959865e-05
0 1 7 6 3.3512528893959865e-05
1 1 7 7 3.3512528893959865e-05
0 4 0 6 3.6616632646626057e-06
1 4 0 7 3.6616632646626057e-06
0 5 1 6 3.6616632646626057e-06
1 5 1 7 3.6616632646626057e-06
0 4 10 6 1.8577673024120784e-07
1 4 10 7 1.8577673024120784e-07
0 5 11 6 1.8577673024120784e-07
1 5 11 7 1.8577673024120784e-07
0 6 0 6 3.351252889395985e-05
1 6 0 7 3.351252889395985e-05
0 7 1 6 3.351252889395985e-05
1 7 1 7 3.351252889395985e-05
0 6 10 6 0.00017964652209527434
1 6 10 7 0.00017964652209527434
0 7 11 6 0.00017964652209527434
1 7 11 7 0.00017964652209527434
0 10 4 6 1.857767302412073e-07
1 10 4 7 1.857767302412073e-07
0 11 5 6 1.857767302412073e-07
1 11 5 7 1.857767302412073e-07
0 10 6 6 0.00017964652209527434
1 10 6 7 0.00017964652209527434
0 11 7 6 0.00017964652209527434
1 11 7 7 0.00017964652209527434
0 0 2 8 3.6616628532162736e-06
1 0 2 9 3.6616628532162736e-06
0 1 3 8 3.6616628532162736e-06
1 1 3 9 3.6616628532162736e-06
0 0 8 8 3.351252889381097e-05
1 0 8 9 3.351252889381097e-05
0 1 9 8 3.351252889381097e-05
1 1 9 9 3.351252889381097e-05
0 2 0 8 3.661662853216267e-06
1 2 0 9 3.661662853216267e-06
0 3 1 8 3.661662853216267e-06
1 3 1 9 3.661662853216267e-06
0 2 10 8 1.8577672664830107e-07
1 2 10 9 1.8577672664830107e-07
0 3 11 8 1.8577672664830107e-07
1 3 11 9 1.8577672664830107e-07
0 8 0 8 3.351252889381096e-05
1 8 0 9 3.351252889381096e-05
0 9 1 8 3.351252889381096e-05
1 9 1 9 3.351252889381096e-05
0 8 10 8 0.00017964652209975616
1 8 10 9 0.00017964652209975616
0 9 11 8 0.00017964652209975616
1 9 11 9 0.00017964652209975616
0 10 2 8 1.8577672664830075e-07
1 10 2 9 1.8577672664830075e-07
0 11 3 8 1.8577672664830075e-07
1 11 3 9 1.8577672664830075e-07
0 10 8 8 0.0001796465220997561
1 10 8 9 0.0001796465220997561
0 11 9 8 0.0001796465220997561
1 11 9 9 0.0001796465220997561
0 0 0 10 0.001416666357112635
1 0 0 11 0.001416666357112635
0 1 1 10 0.001416666357112635
1 1 1 11 0.001416666357112635
0 0 10 10 9.772854578521136e-05
1 0 10 11 9.772854578521136e-05
0 1 11 10 9.772854578521136e-05
1 1 11 11 9.772854578521136e-05
0 2 2 10 0.0013525011880478337
1 2 2 11 0.0013525011880478337
0 3 3 10 0.0013525011880478337
1 3 3 11 0.0013525011880478337
0 2 8 10 -7.127503295405658e-06
1 2 8 11 -7.127503295405658e-06
0 3 9 10 -7.127503295405658e-06
1 3 9 11 -7.127503295405658e-06
0 4 4 10 0.0013525011880478337
1 4 4 11 0.0013525011880478337
0 5 5 10 0.0013525011880478337
1 5 5 11 0.0013525011880478337
0 4 6 10 -7.127503268355932e-06
1 4 6 11 -7.127503268355932e-06
0 5 7 10 -7.127503268355932e-06
1 5 7 11 -7.127503268355932e-06
0 6 4 10 -7.127503268355932e-06
1 6 4 11 -7.127503268355932e-06
0 7 5 10 -7.127503268355932e-06
1 7 5 11 -7.127503268355932e-06
0 6 6 10 0.0013525070793964978
1 6 6 11 0.0013525070793964978
0 7 7 10 0.0013525070793964978
1 7 7 11 0.0013525070793964978
0 8 2 10 -7.1275032954056565e-06
1 8 2 11 -7.1275032954056565e-06
0 9 3 10 -7.1275032954056565e-06
1 9 3 11 -7.1275032954056565e-06
0 8 8 10 0.0013525070793966856
1 8 8 11 0.0013525070793966856
0 9 9 10 0.0013525070793966856
1 9 9 11 0.0013525070793966856
0 10 0 10 9.772854578521133e-05
1 10 0 11 9.772854578521133e-05
0 11 1 10 9.772854578521133e-05
1 11 1 11 9.772854578521133e-05
0 10 10 10 0.001416673392318703
1 10 10 11 0.001416673392318703
0 11 11 10 0.001416673392318703
1 11 11 11 0.001416673392318703
2 0 2 0 0.020572343669873833
3 0 2 1 0.020572343669873833
2 1 3 0 0.020572343669873833
3 1 3 1 0.020572343669873833
2 0 8 0 3.661662853216281e-06
3 0 8 1 3.661662853216281e-06
2 1 9 0 3.661662853216281e-06
3 1 9 1 3.661662853216281e-06
2 2 0 0 0.020572343669873833
3 2 0 1 0.020572343669873833
2 3 1 0 0.020572343669873833
3 3 1 1 0.020572343669873833
2 2 10 0 0.00017964529613800407
3 2 10 1 0.00017964529613800407
2 3 11 0 0.00017964529613800407
3 3 11 1 0.00017964529613800407
2 8 0 0 3.6616628532162736e-06
3 8 0 1 3.6616628532162736e-06
2 9 1 0 3.6616628532162736e-06
3 9 1 1 3.6616628532162736e-06
2 8 10 0 -0.00022492441547683421
3 8 10 1 -0.00022492441547683421
2 9 11 0 -0.00022492441547683421
3 9 11 1 -0.00022492441547683421
2 10 2 0 0.00017964529613800413
3 10 2 1 0.00017964529613800413
2 11 3 0 0.00017964529613800413
3 11 3 1 0.00017964529613800413
2 10 8 0 -0.0002249244154768342
3 10 8 1 -0.0002249244154768342
2 11 9 0 -0.0002249244154768342
3 11 9 1 -0.0002249244154768342
2 0 0 2 0.3403860557729415
3 0 0 3 0.3403860557729415
2 1 1 2 0.3403860557729415
3 1 1 3 0.3403860557729415
2 0 10 2 0.0013525011880478333
3 0 10 3 0.0013525011880478333
2 1 11 2 0.0013525011880478333
3 1 11 3 0.0013525011880478333
2 2 2 2 0.38140586799019816
3 2 2 3 0.38140586799019816
2 3 3 2 0.38140586799019816
3 3 3 3 0.38140586799019816
2 2 8 2 -0.0002372783843238118
3 2 8 3 -0.0002372783843238118
2 3 9 2 -0.0002372783843238118
3 3 9 3 -0.0002372783843238118
2 4 4 2 0.34028669906413456
3 4 4 3 0.34028669906413456
2 5 5 2 0.34028669906413456
3 5 5 3 0.34028669906413456
2 4 6 2 -0.0001841901847666443
3 4 6 3 -0.0001841901847666443
2 5 7 2 -0.0001841901847666443
3 5 7 3 -0.0001841901847666443
2 6 4 2 -0.00018419018476664427
3 6 4 3 -0.00018419018476664427
2 7 5 2 -0.00018419018476664427
3 7 5 3 -0.00018419018476664427
2 6 6 2 0.09188217347465916
3 6 6 3 0.09188217347465916
2 7 7 2 0.09188217347465916
3 7 7 3 0.09188217347465916
2 8 2 2 -0.00023727838432381174
3 8 2 3 -0.00023727838432381174
2 9 3 2 -0.00023727838432381174
3 9 3 3 -0.00023727838432381174
2 8 8 2 0.09199534094750504
3 8 8 3 0.09199534094750504
2 9 9 2 0.09199534094750504
3 9 9 3 0.09199534094750504
2 10 0 2 0.0013525011880478333
3 10 0 3 0.0013525011880478333
2 11 1 2 0.0013525011880478333
3 11 1 3 0.0013525011880478333
2 10 10 2 0.09568688792710689
3 10 10 3 0.09568688792710689
2 11 11 2 0.09568688792710689
3 11 11 3 0.09568688792710689
2 2 4 4 0.02055958421122539
3 2 4 5 0.02055958421122539
2 3 5 4 0.02055958421122539
3 3 5 5 0.02055958421122539
2 2 6 4 -2.65438468579823e-05
3 2 6 5 -2.65438468579823e-05
2 3 7 4 -2.65438468579823e-05
3 3 7 5 -2.65438468579823e-05
2 4 2 4 0.02055958421122539
3 4 2 5 0.02055958421122539
2 5 3 4 0.02055958421122539
3 5 3 5 0.02055958421122539
2 4 8 4 -2.6543847269172363e-05
3 4 8 5 -2.6543847269172363e-05
2 5 9 4 -2.6543847269172363e-05
3 5 9 5 -2.6543847269172363e-05
2 6 2 4 -2.6543846857982302e-05
3 6 2 5 -2.6543846857982302e-05
2 7 3 4 -2.6543846857982302e-05
3 7 3 5 -2.6543846857982302e-05
2 6 8 4 5.65839846220915e-05
3 6 8 5 5.65839846220915e-05
2 7 9 4 5.65839846220915e-05
3 7 9 5 5.65839846220915e-05
2 8 4 4 -2.654384726917236e-05
3 8 4 5 -2.654384726917236e-05
2 9 5 4 -2.654384726917236e-05
3 9 5 5 -2.654384726917236e-05
2 8 6 4 5.65839846220915e-05
3 8 6 5 5.65839846220915e-05
2 9 7 4 5.65839846220915e-05
3 9 7 5 5.65839846220915e-05
2 2 4 6 -2.6543846857982302e-05
3 2 4 7 -2.6543846857982302e-05
2 3 5 6 -2.6543846857982302e-05
3 3 5 7 -2.6543846857982302e-05
2 2 6 6 2.2625008096694441e-07
3 2 6 7 2.2625008096694441e-07
2 3 7 6 2.2625008096694441e-07
3 3 7 7 2.2625008096694441e-07
2 4 2 6 -2.6543846857982302e-05
3 4 2 7 -2.6543846857982302e-05
2 5 3 6 -2.6543846857982302e-05
3 5 3 7 -2.6543846857982302e-05
2 4 8 6 2.2625008149781236e-07
3 4 8 7 2.2625008149781236e-07
2 5 9 6 2.2625008149781236e-07
3 5 9 7 2.2625008149781236e-07
2 6 2 6 2.2625008096694441e-07
3 6 2 7 2.2625008096694441e-07
2 7 3 6 2.2625008096694441e-07
3 7 3 7 2.2625008096694441e-07
2 6 8 6 -2.654384685798587e-05
3 6 8 7 -2.654384685798587e-05
2 7 9 6 -2.654384685798587e-05
3 7 9 7 -2.654384685798587e-05
2 8 4 6 2.2625008149781236e-07
3 8 4 7 2.2625008149781236e-07
2 9 5 6 2.2625008149781236e-07
3 9 5 7 2.2625008149781236e-07
2 8 6 6 -2.6543846857985877e-05
3 8 6 7 -2.6543846857985877e-05
2 9 7 6 -2.6543846857985877e-05
3 9 7 7 -2.6543846857985877e-05
2 0 0 8 -0.0001449936612396963
3 0 0 9 -0.0001449936612396963
2 1 1 8 -0.0001449936612396963
3 1 1 9 -0.0001449936612396963
2 0 10 8 -7.127503295405658e-06
3 0 10 9 -7.127503295405658e-06
2 1 11 8 -7.127503295405658e-06
3 1 11 9 -7.127503295405658e-06
2 2 2 8 -0.00023727838432381165
3 2 2 9 -0.00023727838432381165
2 3 3 8 -0.00023727838432381165
3 3 3 9 -0.00023727838432381165
2 2 8 8 1.7859461457793986e-06
3 2 8 9 1.7859461457793986e-06
2 3 9 8 1.7859461457793986e-06
3 3 9 9 1.7859461457793986e-06
2 4 4 8 -0.0001841901915723606
3 4 4 9 -0.0001841901915723606
2 5 5 8 -0.0001841901915723606
3 5 5 9 -0.0001841901915723606
2 4 6 8 1.3339423781553594e-06
3 4 6 9 1.3339423781553594e-06
2 5 7 8 1.3339423781553594e-06
3 5 7 9 1.3339423781553594e-06
2 6 4 8 1.3339423781553594e-06
3 6 4 9 1.3339423781553594e-06
2 7 5 8 1.3339423781553594e-06
3 7 5 9 1.3339423781553594e-06
2 6 6 8 -0.00018419018660427818
3 6 6 9 -0.00018419018660427818
2 7 7 8 -0.00018419018660427818
3 7 7 9 -0.00018419018660427818
2 8 2 8 1.7859461457793983e-06
3 8 2 9 1.7859461457793983e-06
2 9 3 8 1.7859461457793983e-06
3 9 3 9 1.7859461457793983e-06
2 8 8 8 -0.0002372783785356651
3 8 8 9 -0.0002372783785356651
2 9 9 8 -0.0002372783785356651
3 9 9 9 -0.0002372783785356651
2 10 0 8 -7.127503295405655e-06
3 10 0 9 -7.127503295405655e-06
2 11 1 8 -7.127503295405655e-06
3 11 1 9 -7.127503295405655e-06
2 10 10 8 -0.00014499349120438917
3 10 10 9 -0.00014499349120438917
2 11 11 8 -0.00014499349120438917
3 11 11 9 -0.00014499349120438917
2 0 2 10 0.00017964529613800415
3 0 2 11 0.00017964529613800415
2 1 3 10 0.00017964529613800415
3 1 3 11 0.00017964529613800415
2 0 8 10 1.8577672664830154e-07
3 0 8 11 1.8577672664830154e-07
2 1 9 10 1.8577672664830154e-07
3 1 9 11 1.8577672664830154e-07
2 2 0 10 0.00017964529613800418
3 2 0 11 0.00017964529613800418
2 3 1 10 0.00017964529613800418
3 3 1 11 0.00017964529613800418
2 2 10 10 3.3512898032486475e-05
3 2 10 11 3.3512898032486475e-05
2 3 11 10 3.3512898032486475e-05
3 3 11 11 3.3512898032486475e-05
2 8 0 10 1.857767266483e-07
3 8 0 11 1.857767266483e-07
2 9 1 10 1.857767266483e-07
3 9 1 11 1.857767266483e-07
2 8 10 10 3.6616841516276343e-06
3 8 10 11 3.6616841516276343e-06
2 9 11 10 3.6616841516276343e-06
3 9 11 11 3.6616841516276343e-06
2 10 2 10 3.3512898032486495e-05
3 10 2 11 3.3512898032486495e-05
2 11 3 10 3.3512898032486495e-05
3 11 3 11 3.3512898032486495e-05
2 10 8 10 3.6616841516276343e-06
3 10 8 11 3.6616841516276343e-06
2 11 9 10 3.6616841516276343e-06
3 11 9 11 3.6616841516276343e-06
4 0 4 0 0.020572343669873833
5 0 4 1 0.020572343669873833
4 1 5 0 0.020572343669873833
5 1 5 1 0.020572343669873833
4 0 6 0 3.661663264662619e-06
5 0 6 1 3.661663264662619e-06
4 1 7 0 3.661663264662619e-06
5 1 7 1 3.661663264662619e-06
4 4 0 0 0.020572343669873833
5 4 0 1 0.020572343669873833
4 5 1 0 0.020572343669873833
5 5 1 1 0.020572343669873833
4 4 10 0 0.00017964529613800407
5 4 10 1 0.00017964529613800407
4 5 11 0 0.00017964529613800407
5 5 11 1 0.00017964529613800407
4 6 0 0 3.6616632646626133e-06
5 6 0 1 3.6616632646626133e-06
4 7 1 0 3.6616632646626133e-06
5 7 1 1 3.6616632646626133e-06
4 6 10 0 -0.00022492441547324944
5 6 10 1 -0.00022492441547324944
4 7 11 0 -0.00022492441547324944
5 7 11 1 -0.00022492441547324944
4 10 4 0 0.00017964529613800413
5 10 4 1 0.00017964529613800413
4 11 5 0 0.00017964529613800413
5 11 5 1 0.00017964529613800413
4 10 6 0 -0.00022492441547324944
5 10 6 1 -0.00022492441547324944
4 11 7 0 -0.00022492441547324944
5 11 7 1 -0.00022492441547324944
4 2 4 2 0.02055958421122539
5 2 4 3 0.02055958421122539
4 3 5 2 0.02055958421122539
5 3 5 3 0.02055958421122539
4 2 6 2 -2.65438468579823e-05
5 2 6 3 -2.65438468579823e-05
4 3 7 2 -2.65438468579823e-05
5 3 7 3 -2.65438468579823e-05
4 4 2 2 0.02055958421122539
5 4 2 3 0.02055958421122539
4 5 3 2 0.02055958421122539
5 5 3 3 0.02055958421122539
4 4 8 2 -2.6543847269172363e-05
5 4 8 3 -2.6543847269172363e-05
4 5 9 2 -2.6543847269172363e-05
5 5 9 3 -2.6543847269172363e-05
4 6 2 2 -2.6543846857982302e-05
5 6 2 3 -2.6543846857982302e-05
4 7 3 2 -2.6543846857982302e-05
5 7 3 3 -2.6543846857982302e-05
4 6 8 2 5.65839846220915e-05
5 6 8 3 5.65839846220915e-05
4 7 9 2 5.65839846220915e-05
5 7 9 3 5.65839846220915e-05
4 8 4 2 -2.654384726917236e-05
5 8 4 3 -2.654384726917236e-05
4 9 5 2 -2.654384726917236e-05
5 9 5 3 -2.654384726917236e-05
4 8 6 2 5.65839846220915e-05
5 8 6 3 5.65839846220915e-05
4 9 7 2 5.65839846220915e-05
5 9 7 3 5.65839846220915e-05
4 0 0 4 0.3403860557729415
5 0 0 5 0.3403860557729415
4 1 1 4 0.3403860557729415
5 1 1 5 0.3403860557729415
4 0 10 4 0.0013525011880478333
5 0 10 5 0.0013525011880478333
4 1 11 4 0.0013525011880478333
5 1 11 5 0.0013525011880478333
4 2 2 4 0.34028669906413456
5 2 2 5 0.34028669906413456
4 3 3 4 0.34028669906413456
5 3 3 5 0.34028669906413456
4 2 8 4 -0.00018419019157236052
5 2 8 5 -0.00018419019157236052
4 3 9 4 -0.00018419019157236052
5 3 9 5 -0.00018419019157236052
4 4 4 4 0.38140586799019816
5 4 4 5 0.38140586799019816
4 5 5 4 0.38140586799019816
5 5 5 5 0.38140586799019816
4 4 6 4 -0.0002372783766957154
5 4 6 5 -0.0002372783766957154
4 5 7 4 -0.0002372783766957154
5 5 7 5 -0.0002372783766957154
4 6 4 4 -0.0002372783766957154
5 6 4 5 -0.0002372783766957154
4 7 5 4 -0.0002372783766957154
5 7 5 5 -0.0002372783766957154
4 6 6 4 0.0919953409475022
5 6 6 5 0.0919953409475022
4 7 7 4 0.0919953409475022
5 7 7 5 0.0919953409475022
4 8 2 4 -0.00018419019157236058
5 8 2 5 -0.00018419019157236058
4 9 3 4 -0.00018419019157236058
5 9 3 5 -0.00018419019157236058
4 8 8 4 0.09188217347465989
5 8 8 5 0.09188217347465989
4 9 9 4 0.09188217347465989
5 9 9 5 0.09188217347465989
4 10 0 4 0.0013525011880478333
5 10 0 5 0.0013525011880478333
4 11 1 4 0.0013525011880478333
5 11 1 5 0.0013525011880478333
4 10 10 4 0.09568688792710689
5 10 10 5 0.09568688792710689
4 11 11 4 0.09568688792710689
5 11 11 5 0.09568688792710689
4 0 0 6 -0.00014499365443199145
5 0 0 7 -0.00014499365443199145
4 1 1 6 -0.00014499365443199145
5 1 1 7 -0.00014499365443199145
4 0 10 6 -7.1275032683559355e-06
5 0 10 7 -7.1275032683559355e-06
4 1 11 6 -7.1275032683559355e-06
5 1 11 7 -7.1275032683559355e-06
4 2 2 6 -0.00018419018476664432
5 2 2 7 -0.00018419018476664432
4 3 3 6 -0.00018419018476664432
5 3 3 7 -0.00018419018476664432
4 2 8 6 1.3339423781553596e-06
5 2 8 7 1.3339423781553596e-06
4 3 9 6 1.3339423781553596e-06
5 3 9 7 1.3339423781553596e-06
4 4 4 6 -0.0002372783766957152
5 4 4 7 -0.0002372783766957152
4 5 5 6 -0.0002372783766957152
5 5 5 7 -0.0002372783766957152
4 4 6 6 1.7859461362884073e-06
5 4 6 7 1.7859461362884073e-06
4 5 7 6 1.7859461362884073e-06
5 5 7 7 1.7859461362884073e-06
4 6 4 6 1.7859461362884073e-06
5 6 4 7 1.7859461362884073e-06
4 7 5 6 1.7859461362884073e-06
5 7 5 7 1.7859461362884073e-06
4 6 6 6 -0.00023727837669571526
5 6 6 7 -0.00023727837669571526
4 7 7 6 -0.00023727837669571526
5 7 7 7 -0.00023727837669571526
4 8 2 6 1.3339423781553596e-06
5 8 2 7 1.3339423781553596e-06
4 9 3 6 1.3339423781553596e-06
5 9 3 7 1.3339423781553596e-06
4 8 8 6 -0.00018419018476668414
5 8 8 7 -0.00018419018476668414
4 9 9 6 -0.00018419018476668414
5 9 9 7 -0.00018419018476668414
4 10 0 6 -7.127503268355932e-06
5 10 0 7 -7.127503268355932e-06
4 11 1 6 -7.127503268355932e-06
5 11 1 7 -7.127503268355932e-06
4 10 10 6 -0.0001449934892906598
5 10 10 7 -0.0001449934892906598
4 11 11 6 -0.0001449934892906598
5 11 11 7 -0.0001449934892906598
4 2 4 8 -2.6543847269172363e-05
5 2 4 9 -2.6543847269172363e-05
4 3 5 8 -2.6543847269172363e-05
5 3 5 9 -2.6543847269172363e-05
4 2 6 8 2.262500814978123e-07
5 2 6 9 2.262500814978123e-07
4 3 7 8 2.262500814978123e-07
5 3 7 9 2.262500814978123e-07
4 4 2 8 -2.6543847269172363e-05
5 4 2 9 -2.6543847269172363e-05
4 5 3 8 -2.6543847269172363e-05
5 5 3 9 -2.6543847269172363e-05
4 4 8 8 2.262500820286803e-07
5 4 8 9 2.262500820286803e-07
4 5 9 8 2.262500820286803e-07
5 5 9 9 2.262500820286803e-07
4 6 2 8 2.262500814978123e-07
5 6 2 9 2.262500814978123e-07
4 7 3 8 2.262500814978123e-07
5 7 3 9 2.262500814978123e-07
4 6 8 8 -2.6543846859116584e-05
5 6 8 9 -2.6543846859116584e-05
4 7 9 8 -2.6543846859116584e-05
5 7 9 9 -2.6543846859116584e-05
4 8 4 8 2.2625008202868026e-07
5 8 4 9 2.2625008202868026e-07
4 9 5 8 2.2625008202868026e-07
5 9 5 9 2.2625008202868026e-07
4 8 6 8 -2.654384685911659e-05
5 8 6 9 -2.654384685911659e-05
4 9 7 8 -2.654384685911659e-05
5 9 7 9 -2.654384685911659e-05
4 0 4 10 0.00017964529613800415
5 0 4 11 0.00017964529613800415
4 1 5 10 0.00017964529613800415
5 1 5 11 0.00017964529613800415
4 0 6 10 1.8577673024120805e-07
5 0 6 11 1.8577673024120805e-07
4 1 7 10 1.8577673024120805e-07
5 1 7 11 1.8577673024120805e-07
4 4 0 10 0.00017964529613800418
5 4 0 11 0.00017964529613800418
4 5 1 10 0.00017964529613800418
5 5 1 11 0.00017964529613800418
4 4 10 10 3.3512898032486475e-05
5 4 10 11 3.3512898032486475e-05
4 5 11 10 3.3512898032486475e-05
5 5 11 11 3.3512898032486475e-05
4 6 0 10 1.857767302412064e-07
5 6 0 11 1.857767302412064e-07
4 7 1 10 1.857767302412064e-07
5 7 1 11 1.857767302412064e-07
4 6 10 10 3.66168415229801e-06
5 6 10 11 3.66168415229801e-06
4 7 11 10 3.66168415229801e-06
5 7 11 11 3.66168415229801e-06
4 10 4 10 3.3512898032486495e-05
5 10 4 11 3.3512898032486495e-05
4 11 5 10 3.3512898032486495e-05
5 11 5 11 3.3512898032486495e-05
4 10 6 10 3.66168415229801e-06
5 10 6 11 3.66168415229801e-06
4 11 7 10 3.66168415229801e-06
5 11 7 11 3.66168415229801e-06
6 0 4 0 3.661663264662632e-06
7 0 4 1 3.661663264662632e-06
6 1 5 0 3.661663264662632e-06
7 1 5 1 3.661663264662632e-06
6 0 6 0 3.351252889395986e-05
7 0 6 1 3.351252889395986e-05
6 1 7 0 3.351252889395986e-05
7 1 7 1 3.351252889395986e-05
6 4 0 0 3.661663264662625e-06
7 4 0 1 3.661663264662625e-06
6 5 1 0 3.661663264662625e-06
7 5 1 1 3.661663264662625e-06
6 4 10 0 1.85776730241208e-07
7 4 10 1 1.85776730241208e-07
6 5 11 0 1.85776730241208e-07
7 5 11 1 1.85776730241208e-07
6 6 0 0 3.351252889395985e-05
7 6 0 1 3.351252889395985e-05
6 7 1 0 3.351252889395985e-05
7 7 1 1 3.351252889395985e-05
6 6 10 0 0.0001796465220952744
7 6 10 1 0.0001796465220952744
6 7 11 0 0.0001796465220952744
7 7 11 1 0.0001796465220952744
6 10 4 0 1.8577673024120757e-07
7 10 4 1 1.8577673024120757e-07
6 11 5 0 1.8577673024120757e-07
7 11 5 1 1.8577673024120757e-07
6 10 6 0 0.0001796465220952744
7 10 6 1 0.0001796465220952744
6 11 7 0 0.0001796465220952744
7 11 7 1 0.0001796465220952744
6 2 4 2 -2.654384685798231e-05
7 2 4 3 -2.654384685798231e-05
6 3 5 2 -2.654384685798231e-05
7 3 5 3 -2.654384685798231e-05
6 2 6 2 2.2625008096694441e-07
7 2 6 3 2.2625008096694441e-07
6 3 7 2 2.2625008096694441e-07
7 3 7 3 2.2625008096694441e-07
6 4 2 2 -2.654384685798231e-05
7 4 2 3 -2.654384685798231e-05
6 5 3 2 -2.654384685798231e-05
7 5 3 3 -2.654384685798231e-05
6 4 8 2 2.2625008149781236e-07
7 4 8 3 2.2625008149781236e-07
6 5 9 2 2.2625008149781236e-07
7 5 9 3 2.2625008149781236e-07
6 6 2 2 2.2625008096694441e-07
7 6 2 3 2.2625008096694441e-07
6 7 3 2 2.2625008096694441e-07
7 7 3 3 2.2625008096694441e-07
6 6 8 2 -2.6543846857985863e-05
7 6 8 3 -2.6543846857985863e-05
6 7 9 2 -2.6543846857985863e-05
7 7 9 3 -2.6543846857985863e-05
6 8 4 2 2.2625008149781233e-07
7 8 4 3 2.2625008149781233e-07
6 9 5 2 2.2625008149781233e-07
7 9 5 3 2.2625008149781233e-07
6 8 6 2 -2.6543846857985873e-05
7 8 6 3 -2.6543846857985873e-05
6 9 7 2 -2.6543846857985873e-05
7 9 7 3 -2.6543846857985873e-05
6 0 0 4 -0.00014499365443199145
7 0 0 5 -0.00014499365443199145
6 1 1 4 -0.00014499365443199145
7 1 1 5 -0.00014499365443199145
6 0 10 4 -7.1275032683559355e-06
7 0 10 5 -7.1275032683559355e-06
6 1 11 4 -7.1275032683559355e-06
7 1 11 5 -7.1275032683559355e-06
6 2 2 4 -0.0001841901847666443
7 2 2 5 -0.0001841901847666443
6 3 3 4 -0.0001841901847666443
7 3 3 5 -0.0001841901847666443
6 2 8 4 1.3339423781553594e-06
7 2 8 5 1.3339423781553594e-06
6 3 9 4 1.3339423781553594e-06
7 3 9 5 1.3339423781553594e-06
6 4 4 4 -0.00023727837669571526
7 4 4 5 -0.00023727837669571526
6 5 5 4 -0.00023727837669571526
7 5 5 5 -0.00023727837669571526
6 4 6 4 1.7859461362884073e-06
7 4 6 5 1.7859461362884073e-06
6 5 7 4 1.7859461362884073e-06
7 5 7 5 1.7859461362884073e-06
6 6 4 4 1.7859461362884073e-06
7 6 4 5 1.7859461362884073e-06
6 7 5 4 1.7859461362884073e-06
7 7 5 5 1.7859461362884073e-06
6 6 6 4 -0.0002372783766957152
7 6 6 5 -0.0002372783766957152
6 7 7 4 -0.0002372783766957152
7 7 7 5 -0.0002372783766957152
6 8 2 4 1.3339423781553596e-06
7 8 2 5 1.3339423781553596e-06
6 9 3 4 1.3339423781553596e-06
7 9 3 5 1.3339423781553596e-06
6 8 8 4 -0.00018419018476668414
7 8 8 5 -0.00018419018476668414
6 9 9 4 -0.00018419018476668414
7 9 9 5 -0.00018419018476668414
6 10 0 4 -7.127503268355932e-06
7 10 0 5 -7.127503268355932e-06
6 11 1 4 -7.127503268355932e-06
7 11 1 5 -7.127503268355932e-06
6 10 10 4 -0.00014499348929065975
7 10 10 5 -0.00014499348929065975
6 11 11 4 -0.00014499348929065975
7 11 11 5 -0.00014499348929065975
6 0 0 6 0.09568686541060349
7 0 0 7 0.09568686541060349
6 1 1 6 0.09568686541060349
7 1 1 7 0.09568686541060349
6 0 10 6 0.0013525070793964985
7 0 10 7 0.0013525070793964985
6 1 11 6 0.0013525070793964985
7 1 11 7 0.0013525070793964985
6 2 2 6 0.09188217347465916
7 2 2 7 0.09188217347465916
6 3 3 6 0.09188217347465916
7 3 3 7 0.09188217347465916
6 2 8 6 -0.0001841901866042781
7 2 8 7 -0.0001841901866042781
6 3 9 6 -0.0001841901866042781
7 3 9 7 -0.0001841901866042781
6 4 4 6 0.0919953409475022
7 4 4 7 0.0919953409475022
6 5 5 6 0.0919953409475022
7 5 5 7 0.0919953409475022
6 4 6 6 -0.0002372783766957154
7 4 6 7 -0.0002372783766957154
6 5 7 6 -0.0002372783766957154
7 5 7 7 -0.0002372783766957154
6 6 4 6 -0.0002372783766957154
7 6 4 7 -0.0002372783766957154
6 7 5 6 -0.0002372783766957154
7 7 5 7 -0.0002372783766957154
6 6 6 6 0.38140586799019816
7 6 6 7 0.38140586799019816
6 7 7 6 0.38140586799019816
7 7 7 7 0.38140586799019816
6 8 2 6 -0.00018419018660427813
7 8 2 7 -0.00018419018660427813
6 9 3 6 -0.00018419018660427813
7 9 3 7 -0.00018419018660427813
6 8 8 6 0.3402866990641173
7 8 8 7 0.3402866990641173
6 9 9 6 0.3402866990641173
7 9 9 7 0.3402866990641173
6 10 0 6 0.0013525070793964976
7 10 0 7 0.0013525070793964976
6 11 1 6 0.0013525070793964976
7 11 1 7 0.0013525070793964976
6 10 10 6 0.34038605660147536
7 10 10 7 0.34038605660147536
6 11 11 6 0.34038605660147536
7 11 11 7 0.34038605660147536
6 2 4 8 5.658398462209149e-05
7 2 4 9 5.658398462209149e-05
6 3 5 8 5.658398462209149e-05
7 3 5 9 5.658398462209149e-05
6 2 6 8 -2.654384685798587e-05
7 2 6 9 -2.654384685798587e-05
6 3 7 8 -2.654384685798587e-05
7 3 7 9 -2.654384685798587e-05
6 4 2 8 5.658398462209149e-05
7 4 2 9 5.658398462209149e-05
6 5 3 8 5.658398462209149e-05
7 5 3 9 5.658398462209149e-05
6 4 8 8 -2.6543846859116584e-05
7 4 8 9 -2.6543846859116584e-05
6 5 9 8 -2.6543846859116584e-05
7 5 9 9 -2.6543846859116584e-05
6 6 2 8 -2.6543846857985867e-05
7 6 2 9 -2.6543846857985867e-05
6 7 3 8 -2.6543846857985867e-05
7 7 3 9 -2.6543846857985867e-05
6 6 8 8 0.020559584211224963
7 6 8 9 0.020559584211224963
6 7 9 8 0.020559584211224963
7 7 9 9 0.020559584211224963
6 8 4 8 -2.6543846859116584e-05
7 8 4 9 -2.6543846859116584e-05
6 9 5 8 -2.6543846859116584e-05
7 9 5 9 -2.6543846859116584e-05
6 8 6 8 0.020559584211224967
7 8 6 9 0.020559584211224967
6 9 7 8 0.020559584211224967
7 9 7 9 0.020559584211224967
6 0 4 10 -0.00022492441547324946
7 0 4 11 -0.00022492441547324946
6 1 5 10 -0.00022492441547324946
7 1 5 11 -0.00022492441547324946
6 0 6 10 0.0001796465220952744
7 0 6 11 0.0001796465220952744
6 1 7 10 0.0001796465220952744
7 1 7 11 0.0001796465220952744
6 4 0 10 -0.00022492441547324946
7 4 0 11 -0.00022492441547324946
6 5 1 10 -0.00022492441547324946
7 5 1 11 -0.00022492441547324946
6 4 10 10 3.66168415229801e-06
7 4 10 11 3.66168415229801e-06
6 5 11 10 3.66168415229801e-06
7 5 11 11 3.66168415229801e-06
6 6 0 10 0.00017964652209527437
7 6 0 11 0.00017964652209527437
6 7 1 10 0.00017964652209527437
7 7 1 11 0.00017964652209527437
6 6 10 10 0.020572343893036034
7 6 10 11 0.020572343893036034
6 7 11 10 0.020572343893036034
7 7 11 11 0.020572343893036034
6 10 4 10 3.6616841522980164e-06
7 10 4 11 3.6616841522980164e-06
6 11 5 10 3.6616841522980164e-06
7 11 5 11 3.6616841522980164e-06
6 10 6 10 0.020572343893036034
7 10 6 11 0.020572343893036034
6 11 7 10 0.020572343893036034
7 11 7 11 0.020572343893036034
8 0 2 0 3.6616628532162897e-06
9 0 2 1 3.6616628532162897e-06
8 1 3 0 3.6616628532162897e-06
9 1 3 1 3.6616628532162897e-06
8 0 8 0 3.351252889381098e-05
9 0 8 1 3.351252889381098e-05
8 1 9 0 3.351252889381098e-05
9 1 9 1 3.351252889381098e-05
8 2 0 0 3.661662853216283e-06
9 2 0 1 3.661662853216283e-06
8 3 1 0 3.661662853216283e-06
9 3 1 1 3.661662853216283e-06
8 2 10 0 1.8577672664830117e-07
9 2 10 1 1.8577672664830117e-07
8 3 11 0 1.8577672664830117e-07
9 3 11 1 1.8577672664830117e-07
8 8 0 0 3.351252889381096e-05
9 8 0 1 3.351252889381096e-05
8 9 1 0 3.351252889381096e-05
9 9 1 1 3.351252889381096e-05
8 8 10 0 0.0001796465220997562
9 8 10 1 0.0001796465220997562
8 9 11 0 0.0001796465220997562
9 9 11 1 0.0001796465220997562
8 10 2 0 1.8577672664830075e-07
9 10 2 1 1.8577672664830075e-07
8 11 3 0 1.8577672664830075e-07
9 11 3 1 1.8577672664830075e-07
8 10 8 0 0.00017964652209975616
9 10 8 1 0.00017964652209975616
8 11 9 0 0.00017964652209975616
9 11 9 1 0.00017964652209975616
8 0 0 2 -0.00014499366123969635
9 0 0 3 -0.00014499366123969635
8 1 1 2 -0.00014499366123969635
9 1 1 3 -0.00014499366123969635
8 0 10 2 -7.127503295405658e-06
9 0 10 3 -7.127503295405658e-06
8 1 11 2 -7.127503295405658e-06
9 1 11 3 -7.127503295405658e-06
8 2 2 2 -0.00023727838432381165
9 2 2 3 -0.00023727838432381165
8 3 3 2 -0.00023727838432381165
9 3 3 3 -0.00023727838432381165
8 2 8 2 1.7859461457793986e-06
9 2 8 3 1.7859461457793986e-06
8 3 9 2 1.7859461457793986e-06
9 3 9 3 1.7859461457793986e-06
8 4 4 2 -0.00018419019157236055
9 4 4 3 -0.00018419019157236055
8 5 5 2 -0.00018419019157236055
9 5 5 3 -0.00018419019157236055
8 4 6 2 1.3339423781553596e-06
9 4 6 3 1.3339423781553596e-06
8 5 7 2 1.3339423781553596e-06
9 5 7 3 1.3339423781553596e-06
8 6 4 2 1.3339423781553594e-06
9 6 4 3 1.3339423781553594e-06
8 7 5 2 1.3339423781553594e-06
9 7 5 3 1.3339423781553594e-06
8 6 6 2 -0.00018419018660427816
9 6 6 3 -0.00018419018660427816
8 7 7 2 -0.00018419018660427816
9 7 7 3 -0.00018419018660427816
8 8 2 2 1.7859461457793983e-06
9 8 2 3 1.7859461457793983e-06
8 9 3 2 1.7859461457793983e-06
9 9 3 3 1.7859461457793983e-06
8 8 8 2 -0.00023727837853566505
9 8 8 3 -0.00023727837853566505
8 9 9 2 -0.00023727837853566505
9 9 9 3 -0.00023727837853566505
8 10 0 2 -7.127503295405655e-06
9 10 0 3 -7.127503295405655e-06
8 11 1 2 -7.127503295405655e-06
9 11 1 3 -7.127503295405655e-06
8 10 10 2 -0.00014499349120438915
9 10 10 3 -0.00014499349120438915
8 11 11 2 -0.00014499349120438915
9 11 11 3 -0.00014499349120438915
8 2 4 4 -2.6543847269172366e-05
9 2 4 5 -2.6543847269172366e-05
8 3 5 4 -2.6543847269172366e-05
9 3 5 5 -2.6543847269172366e-05
8 2 6 4 2.262500814978123e-07
9 2 6 5 2.262500814978123e-07
8 3 7 4 2.262500814978123e-07
9 3 7 5 2.262500814978123e-07
8 4 2 4 -2.6543847269172366e-05
9 4 2 5 -2.6543847269172366e-05
8 5 3 4 -2.6543847269172366e-05
9 5 3 5 -2.6543847269172366e-05
8 4 8 4 2.2625008202868028e-07
9 4 8 5 2.2625008202868028e-07
8 5 9 4 2.2625008202868028e-07
9 5 9 5 2.2625008202868028e-07
8 6 2 4 2.2625008149781233e-07
9 6 2 5 2.2625008149781233e-07
8 7 3 4 2.2625008149781233e-07
9 7 3 5 2.2625008149781233e-07
8 6 8 4 -2.654384685911658e-05
9 6 8 5 -2.654384685911658e-05
8 7 9 4 -2.654384685911658e-05
9 7 9 5 -2.654384685911658e-05
8 8 4 4 2.2625008202868026e-07
9 8 4 5 2.2625008202868026e-07
8 9 5 4 2.2625008202868026e-07
9 9 5 5 2.2625008202868026e-07
8 8 6 4 -2.654384685911659e-05
9 8 6 5 -2.654384685911659e-05
8 9 7 4 -2.654384685911659e-05
9 9 7 5 -2.654384685911659e-05
8 2 4 6 5.658398462209149e-05
9 2 4 7 5.658398462209149e-05
8 3 5 6 5.658398462209149e-05
9 3 5 7 5.658398462209149e-05
8 2 6 6 -2.6543846857985867e-05
9 2 6 7 -2.6543846857985867e-05
8 3 7 6 -2.6543846857985867e-05
9 3 7 7 -2.6543846857985867e-05
8 4 2 6 5.658398462209149e-05
9 4 2 7 5.658398462209149e-05
8 5 3 6 5.658398462209149e-05
9 5 3 7 5.658398462209149e-05
8 4 8 6 -2.654384685911658e-05
9 4 8 7 -2.654384685911658e-05
8 5 9 6 -2.654384685911658e-05
9 5 9 7 -2.654384685911658e-05
8 6 2 6 -2.6543846857985863e-05
9 6 2 7 -2.6543846857985863e-05
8 7 3 6 -2.6543846857985863e-05
9 7 3 7 -2.6543846857985863e-05
8 6 8 6 0.020559584211224963
9 6 8 7 0.020559584211224963
8 7 9 6 0.020559584211224963
9 7 9 7 0.020559584211224963
8 8 4 6 -2.654384685911658e-05
9 8 4 7 -2.654384685911658e-05
8 9 5 6 -2.654384685911658e-05
9 9 5 7 -2.654384685911658e-05
8 8 6 6 0.020559584211224967
9 8 6 7 0.020559584211224967
8 9 7 6 0.020559584211224967
9 9 7 7 0.020559584211224967
8 0 0 8 0.09568686541060237
9 0 0 9 0.09568686541060237
8 1 1 8 0.09568686541060237
9 1 1 9 0.09568686541060237
8 0 10 8 0.001352507079396686
9 0 10 9 0.001352507079396686
8 1 11 8 0.001352507079396686
9 1 11 9 0.001352507079396686
8 2 2 8 0.09199534094750506
9 2 2 9 0.09199534094750506
8 3 3 8 0.09199534094750506
9 3 3 9 0.09199534094750506
8 2 8 8 -0.00023727837853566492
9 2 8 9 -0.00023727837853566492
8 3 9 8 -0.00023727837853566492
9 3 9 9 -0.00023727837853566492
8 4 4 8 0.09188217347465989
9 4 4 9 0.09188217347465989
8 5 5 8 0.09188217347465989
9 5 5 9 0.09188217347465989
8 4 6 8 -0.0001841901847666843
9 4 6 9 -0.0001841901847666843
8 5 7 8 -0.0001841901847666843
9 5 7 9 -0.0001841901847666843
8 6 4 8 -0.00018419018476668433
9 6 4 9 -0.00018419018476668433
8 7 5 8 -0.00018419018476668433
9 7 5 9 -0.00018419018476668433
8 6 6 8 0.34028669906411735
9 6 6 9 0.34028669906411735
8 7 7 8 0.34028669906411735
9 7 7 9 0.34028669906411735
8 8 2 8 -0.00023727837853566497
9 8 2 9 -0.00023727837853566497
8 9 3 8 -0.00023727837853566497
9 9 3 9 -0.00023727837853566497
8 8 8 8 0.3814058679901621
9 8 8 9 0.3814058679901621
8 9 9 8 0.3814058679901621
9 9 9 9 0.3814058679901621
8 10 0 8 0.0013525070793966852
9 10 0 9 0.0013525070793966852
8 11 1 8 0.0013525070793966852
9 11 1 9 0.0013525070793966852
8 10 10 8 0.34038605660145654
9 10 10 9 0.34038605660145654
8 11 11 8 0.34038605660145654
9 11 11 9 0.34038605660145654
8 0 2 10 -0.00022492441547683424
9 0 2 11 -0.00022492441547683424
8 1 3 10 -0.00022492441547683424
9 1 3 11 -0.00022492441547683424
8 0 8 10 0.00017964652209975614
9 0 8 11 0.00017964652209975614
8 1 9 10 0.00017964652209975614
9 1 9 11 0.00017964652209975614
8 2 0 10 -0.00022492441547683424
9 2 0 11 -0.00022492441547683424
8 3 1 10 -0.00022492441547683424
9 3 1 11 -0.00022492441547683424
8 2 10 10 3.6616841516276207e-06
9 2 10 11 3.6616841516276207e-06
8 3 11 10 3.6616841516276207e-06
9 3 11 11 3.6616841516276207e-06
8 8 0 10 0.00017964652209975616
9 8 0 11 0.00017964652209975616
8 9 1 10 0.00017964652209975616
9 9 1 11 0.00017964652209975616
8 8 10 10 0.0205723438930344
9 8 10 11 0.0205723438930344
8 9 11 10 0.0205723438930344
9 9 11 11 0.0205723438930344
8 10 2 10 3.6616841516276275e-06
9 10 2 11 3.6616841516276275e-06
8 11 3 10 3.6616841516276275e-06
9 11 3 11 3.6616841516276275e-06
8 10 8 10 0.020572343893034396
9 10 8 11 0.020572343893034396
8 11 9 10 0.020572343893034396
9 11 9 11 0.020572343893034396
10 0 0 0 0.0014166663571126368
11 0 0 1 0.0014166663571126368
10 1 1 0 0.0014166663571126368
11 1 1 1 0.0014166663571126368
10 0 10 0 9.772854578521133e-05
11 0 10 1 9.772854578521133e-05
10 1 11 0 9.772854578521133e-05
11 1 11 1 9.772854578521133e-05
10 2 2 0 0.0013525011880478337
11 2 2 1 0.0013525011880478337
10 3 3 0 0.0013525011880478337
11 3 3 1 0.0013525011880478337
10 2 8 0 -7.12750329540566e-06
11 2 8 1 -7.12750329540566e-06
10 3 9 0 -7.12750329540566e-06
11 3 9 1 -7.12750329540566e-06
10 4 4 0 0.0013525011880478337
11 4 4 1 0.0013525011880478337
10 5 5 0 0.0013525011880478337
11 5 5 1 0.0013525011880478337
10 4 6 0 -7.127503268355932e-06
11 4 6 1 -7.127503268355932e-06
10 5 7 0 -7.127503268355932e-06
11 5 7 1 -7.127503268355932e-06
10 6 4 0 -7.127503268355932e-06
11 6 4 1 -7.127503268355932e-06
10 7 5 0 -7.127503268355932e-06
11 7 5 1 -7.127503268355932e-06
10 6 6 0 0.001352507079396498
11 6 6 1 0.001352507079396498
10 7 7 0 0.001352507079396498
11 7 7 1 0.001352507079396498
10 8 2 0 -7.127503295405657e-06
11 8 2 1 -7.127503295405657e-06
10 9 3 0 -7.127503295405657e-06
11 9 3 1 -7.127503295405657e-06
10 8 8 0 0.0013525070793966852
11 8 8 1 0.0013525070793966852
10 9 9 0 0.0013525070793966852
11 9 9 1 0.0013525070793966852
10 10 0 0 9.772854578521132e-05
11 10 0 1 9.772854578521132e-05
10 11 1 0 9.772854578521132e-05
11 11 1 1 9.772854578521132e-05
10 10 10 0 0.0014166733923187019
11 10 10 1 0.0014166733923187019
10 11 11 0 0.0014166733923187019
11 11 11 1 0.0014166733923187019
10 0 2 2 0.00017964529613800415
11 0 2 3 0.00017964529613800415
10 1 3 2 0.00017964529613800415
11 1 3 3 0.00017964529613800415
10 0 8 2 1.857767266483017e-07
11 0 8 3 1.857767266483017e-07
10 1 9 2 1.857767266483017e-07
11 1 9 3 1.857767266483017e-07
10 2 0 2 0.00017964529613800418
11 2 0 3 0.00017964529613800418
10 3 1 2 0.00017964529613800418
11 3 1 3 0.00017964529613800418
10 2 10 2 3.351289803248649e-05
11 2 10 3 3.351289803248649e-05
10 3 11 2 3.351289803248649e-05
11 3 11 3 3.351289803248649e-05
10 8 0 2 1.8577672664830022e-07
11 8 0 3 1.8577672664830022e-07
10 9 1 2 1.8577672664830022e-07
11 9 1 3 1.8577672664830022e-07
10 8 10 2 3.6616841516276207e-06
11 8 10 3 3.6616841516276207e-06
10 9 11 2 3.6616841516276207e-06
11 9 11 3 3.6616841516276207e-06
10 10 2 2 3.3512898032486495e-05
11 10 2 3 3.3512898032486495e-05
10 11 3 2 3.3512898032486495e-05
11 11 3 3 3.3512898032486495e-05
10 10 8 2 3.6616841516276173e-06
11 10 8 3 3.6616841516276173e-06
10 11 9 2 3.6616841516276173e-06
11 11 9 3 3.6616841516276173e-06
10 0 4 4 0.00017964529613800415
11 0 4 5 0.00017964529613800415
10 1 5 4 0.00017964529613800415
11 1 5 5 0.00017964529613800415
10 0 6 4 1.8577673024120815e-07
11 0 6 5 1.8577673024120815e-07
10 1 7 4 1.8577673024120815e-07
11 1 7 5 1.8577673024120815e-07
10 4 0 4 0.00017964529613800418
11 4 0 5 0.00017964529613800418
10 5 1 4 0.00017964529613800418
11 5 1 5 0.00017964529613800418
10 4 10 4 3.351289803248649e-05
11 4 10 5 3.351289803248649e-05
10 5 11 4 3.351289803248649e-05
11 5 11 5 3.351289803248649e-05
10 6 0 4 1.8577673024120667e-07
11 6 0 5 1.8577673024120667e-07
10 7 1 4 1.8577673024120667e-07
11 7 1 5 1.8577673024120667e-07
10 6 10 4 3.6616841522980134e-06
11 6 10 5 3.6616841522980134e-06
10 7 11 4 3.6616841522980134e-06
11 7 11 5 3.6616841522980134e-06
10 10 4 4 3.3512898032486495e-05
11 10 4 5 3.3512898032486495e-05
10 11 5 4 3.3512898032486495e-05
11 11 5 5 3.3512898032486495e-05
10 10 6 4 3.66168415229801e-06
11 10 6 5 3.66168415229801e-06
10 11 7 4 3.66168415229801e-06
11 11 7 5 3.66168415229801e-06
10 0 4 6 -0.00022492441547324946
11 0 4 7 -0.00022492441547324946
10 1 5 6 -0.00022492441547324946
11 1 5 7 -0.00022492441547324946
10 0 6 6 0.00017964652209527442
11 0 6 7 0.00017964652209527442
10 1 7 6 0.00017964652209527442
11 1 7 7 0.00017964652209527442
10 4 0 6 -0.00022492441547324946
11 4 0 7 -0.00022492441547324946
10 5 1 6 -0.00022492441547324946
11 5 1 7 -0.00022492441547324946
10 4 10 6 3.6616841522980096e-06
11 4 10 7 3.6616841522980096e-06
10 5 11 6 3.6616841522980096e-06
11 5 11 7 3.6616841522980096e-06
10 6 0 6 0.0001796465220952744
11 6 0 7 0.0001796465220952744
10 7 1 6 0.0001796465220952744
11 7 1 7 0.0001796465220952744
10 6 10 6 0.02057234389303603
11 6 10 7 0.02057234389303603
10 7 11 6 0.02057234389303603
11 7 11 7 0.02057234389303603
10 10 4 6 3.6616841522980164e-06
11 10 4 7 3.6616841522980164e-06
10 11 5 6 3.6616841522980164e-06
11 11 5 7 3.6616841522980164e-06
10 10 6 6 0.02057234389303603
11 10 6 7 0.02057234389303603
10 11 7 6 0.02057234389303603
11 11 7 7 0.02057234389303603
10 0 2 8 -0.00022492441547683427
11 0 2 9 -0.00022492441547683427
10 1 3 8 -0.00022492441547683427
11 1 3 9 -0.00022492441547683427
10 0 8 8 0.00017964652209975616
11 0 8 9 0.00017964652209975616
10 1 9 8 0.00017964652209975616
11 1 9 9 0.00017964652209975616
10 2 0 8 -0.00022492441547683427
11 2 0 9 -0.00022492441547683427
10 3 1 8 -0.00022492441547683427
11 3 1 9 -0.00022492441547683427
10 2 10 8 3.6616841516276203e-06
11 2 10 9 3.6616841516276203e-06
10 3 11 8 3.6616841516276203e-06
11 3 11 9 3.6616841516276203e-06
10 8 0 8 0.0001796465220997562
11 8 0 9 0.0001796465220997562
10 9 1 8 0.0001796465220997562
11 9 1 9 0.0001796465220997562
10 8 10 8 0.0205723438930344
11 8 10 9 0.0205723438930344
10 9 11 8 0.0205723438930344
11 9 11 9 0.0205723438930344
10 10 2 8 3.661684151627627e-06
11 10 2 9 3.661684151627627e-06
10 11 3 8 3.661684151627627e-06
11 11 3 9 3.661684151627627e-06
10 10 8 8 0.020572343893034396
11 10 8 9 0.020572343893034396
10 11 9 8 0.020572343893034396
11 11 9 9 0.020572343893034396
10 0 0 10 0.10040351880509128
11 0 0 11 0.10040351880509128
10 1 1 10 0.10040351880509128
11 1 1 11 0.10040351880509128
10 0 10 10 0.001416673392318702
11 0 10 11 0.001416673392318702
10 1 11 10 0.001416673392318702
11 1 11 11 0.001416673392318702
10 2 2 10 0.09568688792710689
11 2 2 11 0.09568688792710689
10 3 3 10 0.09568688792710689
11 3 3 11 0.09568688792710689
10 2 8 10 -0.00014499349120438912
11 2 8 11 -0.00014499349120438912
10 3 9 10 -0.00014499349120438912
11 3 9 11 -0.00014499349120438912
10 4 4 10 0.09568688792710689
11 4 4 11 0.09568688792710689
10 5 5 10 0.09568688792710689
11 5 5 11 0.09568688792710689
10 4 6 10 -0.00014499348929065958
11 4 6 11 -0.00014499348929065958
10 5 7 10 -0.00014499348929065958
11 5 7 11 -0.00014499348929065958
10 6 4 10 -0.0001449934892906597
11 6 4 11 -0.0001449934892906597
10 7 5 10 -0.0001449934892906597
11 7 5 11 -0.0001449934892906597
10 6 6 10 0.3403860566014753
11 6 6 11 0.3403860566014753
10 7 7 10 0.3403860566014753
11 7 7 11 0.3403860566014753
10 8 2 10 -0.00014499349120438912
11 8 2 11 -0.00014499349120438912
10 9 3 10 -0.00014499349120438912
11 9 3 11 -0.00014499349120438912
10 8 8 10 0.3403860566014565
11 8 8 11 0.3403860566014565
10 9 9 10 0.3403860566014565
11 9 9 11 0.3403860566014565
10 10 0 10 0.001416673392318702
11 10 0 11 0.001416673392318702
10 11 1 10 0.001416673392318702
11 11 1 11 0.001416673392318702
10 10 10 10 0.38162029810325176
11 10 10 11 0.38162029810325176
10 11 11 10 0.38162029810325176
11 11 11 11 0.38162029810325176
