-98.55634465672516
0 0 -2.5086944053355307
1 1 -2.5086944053355307
0 10 0.051951951255672355
1 11 0.051951951255672355
2 2 -2.4631427472766365
3 3 -2.4631427472766365
2 8 -0.012286253567357689
3 9 -0.012286253567357689
4 4 -2.4631427472766365
5 5 -2.4631427472766365
4 6 -0.012286253567357689
5 7 -0.012286253567357689
6 4 -0.012286253567357696
7 5 -0.012286253567357696
6 6 -2.4631424934128647
7 7 -2.4631424934128647
8 2 -0.012286253567357696
9 3 -0.012286253567357696
8 8 -2.4631424934128647
9 9 -2.4631424934128647
10 0 0.051951951255672424
11 1 0.051951951255672424
10 10 -2.5086946968821637
11 11 -2.5086946968821637
0 0 0 0 0.38393481178749783
1 0 0 1 0.38393481178749783
0 1 1 0 0.38393481178749783
1 1 1 1 0.38393481178749783
0 0 10 0 0.0035404954329416524
1 0 10 1 0.0035404954329416524
0 1 11 0 0.0035404954329416524
1 1 11 1 0.0035404954329416524
0 2 2 0 0.34151198574401676
1 2 2 1 0.34151198574401676
0 3 3 0 0.34151198574401676
1 3 3 1 0.34151198574401676
0 2 8 0 -0.00048040448417569534
1 2 8 1 -0.00048040448417569534
0 3 9 0 -0.00048040448417569534
1 3 9 1 -0.00048040448417569534
0 4 4 0 0.34151198574401676
1 4 4 1 0.34151198574401676
0 5 5 0 0.34151198574401676
1 5 5 1 0.34151198574401676
0 4 6 0 -0.00048040448417569534
1 4 6 1 -0.00048040448417569534
0 5 7 0 -0.00048040448417569534
1 5 7 1 -0.00048040448417569534
0 6 4 0 -0.000480404484175695
1 6 4 1 -0.000480404484175695
0 7 5 0 -0.000480404484175695
1 7 5 1 -0.000480404484175695
0 6 6 0 0.12309150203598002
1 6 6 1 0.12309150203598002
0 7 7 0 0.12309150203598002
1 7 7 1 0.12309150203598002
0 8 2 0 -0.000480404484175695
1 8 2 1 -0.000480404484175695
0 9 3 0 -0.000480404484175695
1 9 3 1 -0.000480404484175695
0 8 8 0 0.12309150203598002
1 8 8 1 0.12309150203598002
0 9 9 0 0.12309150203598002
1 9 9 1 0.12309150203598002
0 10 0 0 0.003540495432941654
1 10 0 1 0.003540495432941654
0 11 1 0 0.003540495432941654
1 11 1 1 0.003540495432941654
0 10 10 0 0.1335779585094169
1 10 10 1 0.1335779585094169
0 11 11 0 0.1335779585094169
1 11 11 1 0.1335779585094169
0 0 2 2 0.020734425344796723
1 0 2 3 0.020734425344796723
0 1 3 2 0.020734425344796723
1 1 3 3 0.020734425344796723
0 0 8 2 3.8844000665671805e-05
1 0 8 3 3.8844000665671805e-05
0 1 9 2 3.8844000665671805e-05
1 1 9 3 3.8844000665671805e-05
0 2 0 2 0.020734425344796723
1 2 0 3 0.020734425344796723
0 3 1 2 0.020734425344796723
1 3 1 3 0.020734425344796723
0 2 10 2 0.0004535261736735409
1 2 10 3 0.0004535261736735409
0 3 11 2 0.0004535261736735409
1 3 11 3 0.0004535261736735409
0 8 0 2 3.884400066567174e-05
1 8 0 3 3.884400066567174e-05
0 9 1 2 3.884400066567174e-05
1 9 1 3 3.884400066567174e-05
0 8 10 2 -0.0007067694214507245
1 8 10 3 -0.0007067694214507245
0 9 11 2 -0.0007067694214507245
1 9 11 3 -0.0007067694214507245
0 10 2 2 0.000453526173673541
1 10 2 3 0.000453526173673541
0 11 3 2 0.000453526173673541
1 11 3 3 0.000453526173673541
0 10 8 2 -0.0007067694214507245
1 10 8 3 -0.0007067694214507245
0 11 9 2 -0.0007067694214507245
1 11 9 3 -0.0007067694214507245
0 0 4 4 0.020734425344796723
1 0 4 5 0.020734425344796723
0 1 5 4 0.020734425344796723
1 1 5 5 0.020734425344796723
0 0 6 4 3.8844000665671805e-05
1 0 6 5 3.8844000665671805e-05
0 1 7 4 3.8844000665671805e-05
1 1 7 5 3.8844000665671805e-05
0 4 0 4 0.020734425344796723
1 4 0 5 0.020734425344796723
0 5 1 4 0.020734425344796723
1 5 1 5 0.020734425344796723
0 4 10 4 0.0004535261736735409
1 4 10 5 0.0004535261736735409
0 5 11 4 0.0004535261736735409
1 5 11 5 0.0004535261736735409
0 6 0 4 3.884400066567174e-05
1 6 0 5 3.884400066567174e-05
0 7 1 4 3.884400066567174e-05
1 7 1 5 3.884400066567174e-05
0 6 10 4 -0.0007067694214507245
1 6 10 5 -0.0007067694214507245
0 7 11 4 -0.0007067694214507245
1 7 11 5 -0.0007067694214507245
0 10 4 4 0.000453526173673541
1 10 4 5 0.000453526173673541
0 11 5 4 0.000453526173673541
1 11 5 5 0.000453526173673541
0 10 6 4 -0.0007067694214507245
1 10 6 5 -0.0007067694214507245
0 11 7 4 -0.0007067694214507245
1 11 7 5 -0.0007067694214507245
0 0 4 6 3.8844000665671846e-05
1 0 4 7 3.8844000665671846e-05
0 1 5 6 3.8844000665671846e-05
1 1 5 7 3.8844000665671846e-05
0 0 6 6 0.0003925309653378129
1 0 6 7 0.0003925309653378129
0 1 7 6 0.0003925309653378129
1 1 7 7 0.0003925309653378129
0 4 0 6 3.8844000665671765e-05
1 4 0 7 3.8844000665671765e-05
0 5 1 6 3.8844000665671765e-05
1 5 1 7 3.8844000665671765e-05
0 4 10 6 2.3661739915650738e-05
1 4 10 7 2.3661739915650738e-05
0 5 11 6 2.3661739915650738e-05
1 5 11 7 2.3661739915650738e-05
0 6 0 6 0.000392530965337813
1 6 0 7 0.000392530965337813
0 7 1 6 0.000392530965337813
1 7 1 7 0.000392530965337813
0 6 10 6 0.0004535339911702184
1 6 10 7 0.0004535339911702184
0 7 11 6 0.0004535339911702184
1 7 11 7 0.0004535339911702184
0 10 4 6 2.366173991565073e-05
1 10 4 7 2.366173991565073e-05
0 11 5 6 2.366173991565073e-05
1 11 5 7 2.366173991565073e-05
0 10 6 6 0.0004535339911702186
1 10 6 7 0.0004535339911702186
0 11 7 6 0.0004535339911702186
1 11 7 7 0.0004535339911702186
0 0 2 8 3.8844000665671846e-05
1 0 2 9 3.8844000665671846e-05
0 1 3 8 3.8844000665671846e-05
1 1 3 9 3.8844000665671846e-05
0 0 8 8 0.0003925309653378129
1 0 8 9 0.0003925309653378129
0 1 9 8 0.0003925309653378129
1 1 9 9 0.0003925309653378129
0 2 0 8 3.8844000665671765e-05
1 2 0 9 3.8844000665671765e-05
0 3 1 8 3.8844000665671765e-05
1 3 1 9 3.8844000665671765e-05
0 2 10 8 2.3661739915650738e-05
1 2 10 9 2.3661739915650738e-05
0 3 11 8 2.3661739915650738e-05
1 3 11 9 2.3661739915650738e-05
0 8 0 8 0.000392530965337813
1 8 0 9 0.000392530965337813
0 9 1 8 0.000392530965337813
1 9 1 9 0.000392530965337813
0 8 10 8 0.0004535339911702184
1 8 10 9 0.0004535339911702184
0 9 11 8 0.0004535339911702184
1 9 11 9 0.0004535339911702184
0 10 2 8 2.366173991565073e-05
1 10 2 9 2.366173991565073e-05
0 11 3 8 2.366173991565073e-05
1 11 3 9 2.366173991565073e-05
0 10 8 8 0.0004535339911702186
1 10 8 9 0.0004535339911702186
0 11 9 8 0.0004535339911702186
1 11 9 9 0.0004535339911702186
0 0 0 10 0.0035404954329416585
1 0 0 11 0.0035404954329416585
0 1 1 10 0.0035404954329416585
1 1 1 11 0.0035404954329416585
0 0 10 10 0.0007321308370080605
1 0 10 11 0.0007321308370080605
0 1 11 10 0.0007321308370080605
1 1 11 11 0.0007321308370080605
0 2 2 10 0.0034751368974990596
1 2 2 11 0.0034751368974990596
0 3 3 10 0.0034751368974990596
1 3 3 11 0.0034751368974990596
0 2 8 10 -6.41464836270853e-05
1 2 8 11 -6.41464836270853e-05
0 3 9 10 -6.41464836270853e-05
1 3 9 11 -6.41464836270853e-05
0 4 4 10 0.0034751368974990596
1 4 4 11 0.0034751368974990596
0 5 5 10 0.0034751368974990596
1 5 5 11 0.0034751368974990596
0 4 6 10 -6.41464836270853e-05
1 4 6 11 -6.41464836270853e-05
0 5 7 10 -6.41464836270853e-05
1 5 7 11 -6.41464836270853e-05
0 6 4 10 -6.41464836270853e-05
1 6 4 11 -6.41464836270853e-05
0 7 5 10 -6.41464836270853e-05
1 7 5 11 -6.41464836270853e-05
0 6 6 10 0.0034751668729354496
1 6 6 11 0.0034751668729354496
0 7 7 10 0.0034751668729354496
1 7 7 11 0.0034751668729354496
0 8 2 10 -6.41464836270853e-05
1 8 2 11 -6.41464836270853e-05
0 9 3 10 -6.41464836270853e-05
1 9 3 11 -6.41464836270853e-05
0 8 8 10 0.0034751668729354496
1 8 8 11 0.0034751668729354496
0 9 9 10 0.0034751668729354496
1 9 9 11 0.0034751668729354496
0 10 0 10 0.0007321308370080608
1 10 0 11 0.0007321308370080608
0 11 1 10 0.0007321308370080608
1 11 1 11 0.0007321308370080608
0 10 10 10 0.003540531433756062
1 10 10 11 0.003540531433756062
0 11 11 10 0.003540531433756062
1 11 11 11 0.003540531433756062
2 0 2 0 0.02073442534479672
3 0 2 1 0.02073442534479672
2 1 3 0 0.02073442534479672
3 1 3 1 0.02073442534479672
2 0 8 0 3.8844000665671805e-05
3 0 8 1 3.8844000665671805e-05
2 1 9 0 3.8844000665671805e-05
3 1 9 1 3.8844000665671805e-05
2 2 0 0 0.02073442534479672
3 2 0 1 0.02073442534479672
2 3 1 0 0.02073442534479672
3 3 1 1 0.02073442534479672
2 2 10 0 0.00045352617367354077
3 2 10 1 0.00045352617367354077
2 3 11 0 0.00045352617367354077
3 3 11 1 0.00045352617367354077
2 8 0 0 3.884400066567174e-05
3 8 0 1 3.884400066567174e-05
2 9 1 0 3.884400066567174e-05
3 9 1 1 3.884400066567174e-05
2 8 10 0 -0.0007067694214507244
3 8 10 1 -0.0007067694214507244
2 9 11 0 -0.0007067694214507244
3 9 11 1 -0.0007067694214507244
2 10 2 0 0.0004535261736735409
3 10 2 1 0.0004535261736735409
2 11 3 0 0.0004535261736735409
3 11 3 1 0.0004535261736735409
2 10 8 0 -0.0007067694214507245
3 10 8 1 -0.0007067694214507245
2 11 9 0 -0.0007067694214507245
3 11 9 1 -0.0007067694214507245
2 0 0 2 0.3415119857440168
3 0 0 3 0.3415119857440168
2 1 1 2 0.3415119857440168
3 1 1 3 0.3415119857440168
2 0 10 2 0.003475136897499063
3 0 10 3 0.003475136897499063
2 1 11 2 0.003475136897499063
3 1 11 3 0.003475136897499063
2 2 2 2 0.38150189944391355
3 2 2 3 0.38150189944391355
2 3 3 2 0.38150189944391355
3 3 3 3 0.38150189944391355
2 2 8 2 -0.0009202672552487034
3 2 8 3 -0.0009202672552487034
2 3 9 2 -0.0009202672552487034
3 3 9 3 -0.0009202672552487034
2 4 4 2 0.34036491668000357
3 4 4 3 0.34036491668000357
2 5 5 2 0.34036491668000357
3 5 5 3 0.34036491668000357
2 4 6 2 -0.0007040162053388805
3 4 6 3 -0.0007040162053388805
2 5 7 2 -0.0007040162053388805
3 5 7 3 -0.0007040162053388805
2 6 4 2 -0.0007040162053388805
3 6 4 3 -0.0007040162053388805
2 7 5 2 -0.0007040162053388805
3 7 5 3 -0.0007040162053388805
2 6 6 2 0.11492927323251331
3 6 6 3 0.11492927323251331
2 7 7 2 0.11492927323251331
3 7 7 3 0.11492927323251331
2 8 2 2 -0.0009202672552487039
3 8 2 3 -0.0009202672552487039
2 9 3 2 -0.0009202672552487039
3 9 3 3 -0.0009202672552487039
2 8 8 2 0.11530092314374711
3 8 8 3 0.11530092314374711
2 9 9 2 0.11530092314374711
3 9 9 3 0.11530092314374711
2 10 0 2 0.0034751368974990683
3 10 0 3 0.0034751368974990683
2 11 1 2 0.0034751368974990683
3 11 1 3 0.0034751368974990683
2 10 10 2 0.12309157241366268
3 10 10 3 0.12309157241366268
2 11 11 2 0.12309157241366268
3 11 11 3 0.12309157241366268
2 2 4 4 0.02056849114239127
3 2 4 5 0.02056849114239127
2 3 5 4 0.02056849114239127
3 3 5 5 0.02056849114239127
2 2 6 4 -0.0001081257699639607
3 2 6 5 -0.0001081257699639607
2 3 7 4 -0.0001081257699639607
3 3 7 5 -0.0001081257699639607
2 4 2 4 0.02056849114239127
3 4 2 5 0.02056849114239127
2 5 3 4 0.02056849114239127
3 5 3 5 0.02056849114239127
2 4 8 4 -0.0001081257699639607
3 4 8 5 -0.0001081257699639607
2 5 9 4 -0.0001081257699639607
3 5 9 5 -0.0001081257699639607
2 6 2 4 -0.00010812576996396071
3 6 2 5 -0.00010812576996396071
2 7 3 4 -0.00010812576996396071
3 7 3 5 -0.00010812576996396071
2 6 8 4 0.00018582471605316816
3 6 8 5 0.00018582471605316816
2 7 9 4 0.00018582471605316816
3 7 9 5 0.00018582471605316816
2 8 4 4 -0.00010812576996396071
3 8 4 5 -0.00010812576996396071
2 9 5 4 -0.00010812576996396071
3 9 5 5 -0.00010812576996396071
2 8 6 4 0.00018582471605316816
3 8 6 5 0.00018582471605316816
2 9 7 4 0.00018582471605316816
3 9 7 5 0.00018582471605316816
2 2 4 6 -0.00010812576996396067
3 2 4 7 -0.00010812576996396067
2 3 5 6 -0.00010812576996396067
3 3 5 7 -0.00010812576996396067
2 2 6 6 5.7269499374681275e-06
3 2 6 7 5.7269499374681275e-06
2 3 7 6 5.7269499374681275e-06
3 3 7 7 5.7269499374681275e-06
2 4 2 6 -0.00010812576996396067
3 4 2 7 -0.00010812576996396067
2 5 3 6 -0.00010812576996396067
3 5 3 7 -0.00010812576996396067
2 4 8 6 5.7269499374681275e-06
3 4 8 7 5.7269499374681275e-06
2 5 9 6 5.7269499374681275e-06
3 5 9 7 5.7269499374681275e-06
2 6 2 6 5.7269499374681275e-06
3 6 2 7 5.7269499374681275e-06
2 7 3 6 5.7269499374681275e-06
3 7 3 7 5.7269499374681275e-06
2 6 8 6 -0.00010812576996396067
3 6 8 7 -0.00010812576996396067
2 7 9 6 -0.00010812576996396067
3 7 9 7 -0.00010812576996396067
2 8 4 6 5.7269499374681275e-06
3 8 4 7 5.7269499374681275e-06
2 9 5 6 5.7269499374681275e-06
3 9 5 7 5.7269499374681275e-06
2 8 6 6 -0.00010812576996396067
3 8 6 7 -0.00010812576996396067
2 9 7 6 -0.00010812576996396067
3 9 7 7 -0.00010812576996396067
2 0 0 8 -0.0004804044841756963
3 0 0 9 -0.0004804044841756963
2 1 1 8 -0.0004804044841756963
3 1 1 9 -0.0004804044841756963
2 0 10 8 -6.414648362708546e-05
3 0 10 9 -6.414648362708546e-05
2 1 11 8 -6.414648362708546e-05
3 1 11 9 -6.414648362708546e-05
2 2 2 8 -0.0009202672552487039
3 2 2 9 -0.0009202672552487039
2 3 3 8 -0.0009202672552487039
3 3 3 9 -0.0009202672552487039
2 2 8 8 4.10195404113403e-05
3 2 8 9 4.10195404113403e-05
2 3 9 8 4.10195404113403e-05
3 3 9 9 4.10195404113403e-05
2 4 4 8 -0.0007040162053388799
3 4 4 9 -0.0007040162053388799
2 5 5 8 -0.0007040162053388799
3 5 5 9 -0.0007040162053388799
2 4 6 8 2.9565661636057654e-05
3 4 6 9 2.9565661636057654e-05
2 5 7 8 2.9565661636057654e-05
3 5 7 9 2.9565661636057654e-05
2 6 4 8 2.9565661636057654e-05
3 6 4 9 2.9565661636057654e-05
2 7 5 8 2.9565661636057654e-05
3 7 5 9 2.9565661636057654e-05
2 6 6 8 -0.00070401620533888
3 6 6 9 -0.00070401620533888
2 7 7 8 -0.00070401620533888
3 7 7 9 -0.00070401620533888
2 8 2 8 4.10195404113403e-05
3 8 2 9 4.10195404113403e-05
2 9 3 8 4.10195404113403e-05
3 9 3 9 4.10195404113403e-05
2 8 8 8 -0.0009202672552487035
3 8 8 9 -0.0009202672552487035
2 9 9 8 -0.0009202672552487035
3 9 9 9 -0.0009202672552487035
2 10 0 8 -6.414648362708546e-05
3 10 0 9 -6.414648362708546e-05
2 11 1 8 -6.414648362708546e-05
3 11 1 9 -6.414648362708546e-05
2 10 10 8 -0.00048040263225788754
3 10 10 9 -0.00048040263225788754
2 11 11 8 -0.00048040263225788754
3 11 11 9 -0.00048040263225788754
2 0 2 10 0.0004535261736735408
3 0 2 11 0.0004535261736735408
2 1 3 10 0.0004535261736735408
3 1 3 11 0.0004535261736735408
2 0 8 10 2.3661739915650738e-05
3 0 8 11 2.3661739915650738e-05
2 1 9 10 2.3661739915650738e-05
3 1 9 11 2.3661739915650738e-05
2 2 0 10 0.0004535261736735408
3 2 0 11 0.0004535261736735408
2 3 1 10 0.0004535261736735408
3 3 1 11 0.0004535261736735408
2 2 10 10 0.00039253273974032093
3 2 10 11 0.00039253273974032093
2 3 11 10 0.00039253273974032093
3 3 11 11 0.00039253273974032093
2 8 0 10 2.3661739915650745e-05
3 8 0 11 2.3661739915650745e-05
2 9 1 10 2.3661739915650745e-05
3 9 1 11 2.3661739915650745e-05
2 8 10 10 3.8844813698224505e-05
3 8 10 11 3.8844813698224505e-05
2 9 11 10 3.8844813698224505e-05
3 9 11 11 3.8844813698224505e-05
2 10 2 10 0.00039253273974032104
3 10 2 11 0.00039253273974032104
2 11 3 10 0.00039253273974032104
3 11 3 11 0.00039253273974032104
2 10 8 10 3.884481369822456e-05
3 10 8 11 3.884481369822456e-05
2 11 9 10 3.884481369822456e-05
3 11 9 11 3.884481369822456e-05
4 0 4 0 0.02073442534479672
5 0 4 1 0.02073442534479672
4 1 5 0 0.02073442534479672
5 1 5 1 0.02073442534479672
4 0 6 0 3.8844000665671805e-05
5 0 6 1 3.8844000665671805e-05
4 1 7 0 3.8844000665671805e-05
5 1 7 1 3.8844000665671805e-05
4 4 0 0 0.02073442534479672
5 4 0 1 0.02073442534479672
4 5 1 0 0.02073442534479672
5 5 1 1 0.02073442534479672
4 4 10 0 0.00045352617367354077
5 4 10 1 0.00045352617367354077
4 5 11 0 0.00045352617367354077
5 5 11 1 0.00045352617367354077
4 6 0 0 3.884400066567174e-05
5 6 0 1 3.884400066567174e-05
4 7 1 0 3.884400066567174e-05
5 7 1 1 3.884400066567174e-05
4 6 10 0 -0.0007067694214507244
5 6 10 1 -0.0007067694214507244
4 7 11 0 -0.0007067694214507244
5 7 11 1 -0.0007067694214507244
4 10 4 0 0.0004535261736735409
5 10 4 1 0.0004535261736735409
4 11 5 0 0.0004535261736735409
5 11 5 1 0.0004535261736735409
4 10 6 0 -0.0007067694214507245
5 10 6 1 -0.0007067694214507245
4 11 7 0 -0.0007067694214507245
5 11 7 1 -0.0007067694214507245
4 2 4 2 0.02056849114239127
5 2 4 3 0.02056849114239127
4 3 5 2 0.02056849114239127
5 3 5 3 0.02056849114239127
4 2 6 2 -0.0001081257699639607
5 2 6 3 -0.0001081257699639607
4 3 7 2 -0.0001081257699639607
5 3 7 3 -0.0001081257699639607
4 4 2 2 0.02056849114239127
5 4 2 3 0.02056849114239127
4 5 3 2 0.02056849114239127
5 5 3 3 0.02056849114239127
4 4 8 2 -0.0001081257699639607
5 4 8 3 -0.0001081257699639607
4 5 9 2 -0.0001081257699639607
5 5 9 3 -0.0001081257699639607
4 6 2 2 -0.00010812576996396071
5 6 2 3 -0.00010812576996396071
4 7 3 2 -0.00010812576996396071
5 7 3 3 -0.00010812576996396071
4 6 8 2 0.00018582471605316816
5 6 8 3 0.00018582471605316816
4 7 9 2 0.00018582471605316816
5 7 9 3 0.00018582471605316816
4 8 4 2 -0.00010812576996396071
5 8 4 3 -0.00010812576996396071
4 9 5 2 -0.00010812576996396071
5 9 5 3 -0.00010812576996396071
4 8 6 2 0.00018582471605316816
5 8 6 3 0.00018582471605316816
4 9 7 2 0.00018582471605316816
5 9 7 3 0.00018582471605316816
4 0 0 4 0.3415119857440168
5 0 0 5 0.3415119857440168
4 1 1 4 0.3415119857440168
5 1 1 5 0.3415119857440168
4 0 10 4 0.003475136897499063
5 0 10 5 0.003475136897499063
4 1 11 4 0.003475136897499063
5 1 11 5 0.003475136897499063
4 2 2 4 0.34036491668000357
5 2 2 5 0.34036491668000357
4 3 3 4 0.34036491668000357
5 3 3 5 0.34036491668000357
4 2 8 4 -0.0007040162053388805
5 2 8 5 -0.0007040162053388805
4 3 9 4 -0.0007040162053388805
5 3 9 5 -0.0007040162053388805
4 4 4 4 0.38150189944391355
5 4 4 5 0.38150189944391355
4 5 5 4 0.38150189944391355
5 5 5 5 0.38150189944391355
4 4 6 4 -0.0009202672552487034
5 4 6 5 -0.0009202672552487034
4 5 7 4 -0.0009202672552487034
5 5 7 5 -0.0009202672552487034
4 6 4 4 -0.0009202672552487039
5 6 4 5 -0.0009202672552487039
4 7 5 4 -0.0009202672552487039
5 7 5 5 -0.0009202672552487039
4 6 6 4 0.11530092314374711
5 6 6 5 0.11530092314374711
4 7 7 4 0.11530092314374711
5 7 7 5 0.11530092314374711
4 8 2 4 -0.0007040162053388805
5 8 2 5 -0.0007040162053388805
4 9 3 4 -0.0007040162053388805
5 9 3 5 -0.0007040162053388805
4 8 8 4 0.11492927323251331
5 8 8 5 0.11492927323251331
4 9 9 4 0.11492927323251331
5 9 9 5 0.11492927323251331
4 10 0 4 0.0034751368974990683
5 10 0 5 0.0034751368974990683
4 11 1 4 0.0034751368974990683
5 11 1 5 0.0034751368974990683
4 10 10 4 0.12309157241366268
5 10 10 5 0.12309157241366268
4 11 11 4 0.12309157241366268
5 11 11 5 0.12309157241366268
4 0 0 6 -0.0004804044841756963
5 0 0 7 -0.0004804044841756963
4 1 1 6 -0.0004804044841756963
5 1 1 7 -0.0004804044841756963
4 0 10 6 -6.414648362708546e-05
5 0 10 7 -6.414648362708546e-05
4 1 11 6 -6.414648362708546e-05
5 1 11 7 -6.414648362708546e-05
4 2 2 6 -0.0007040162053388799
5 2 2 7 -0.0007040162053388799
4 3 3 6 -0.0007040162053388799
5 3 3 7 -0.0007040162053388799
4 2 8 6 2.9565661636057654e-05
5 2 8 7 2.9565661636057654e-05
4 3 9 6 2.9565661636057654e-05
5 3 9 7 2.9565661636057654e-05
4 4 4 6 -0.0009202672552487039
5 4 4 7 -0.0009202672552487039
4 5 5 6 -0.0009202672552487039
5 5 5 7 -0.0009202672552487039
4 4 6 6 4.10195404113403e-05
5 4 6 7 4.10195404113403e-05
4 5 7 6 4.10195404113403e-05
5 5 7 7 4.10195404113403e-05
4 6 4 6 4.10195404113403e-05
5 6 4 7 4.10195404113403e-05
4 7 5 6 4.10195404113403e-05
5 7 5 7 4.10195404113403e-05
4 6 6 6 -0.0009202672552487035
5 6 6 7 -0.0009202672552487035
4 7 7 6 -0.0009202672552487035
5 7 7 7 -0.0009202672552487035
4 8 2 6 2.9565661636057654e-05
5 8 2 7 2.9565661636057654e-05
4 9 3 6 2.9565661636057654e-05
5 9 3 7 2.9565661636057654e-05
4 8 8 6 -0.00070401620533888
5 8 8 7 -0.00070401620533888
4 9 9 6 -0.00070401620533888
5 9 9 7 -0.00070401620533888
4 10 0 6 -6.414648362708546e-05
5 10 0 7 -6.414648362708546e-05
4 11 1 6 -6.414648362708546e-05
5 11 1 7 -6.414648362708546e-05
4 10 10 6 -0.00048040263225788754
5 10 10 7 -0.00048040263225788754
4 11 11 6 -0.00048040263225788754
5 11 11 7 -0.00048040263225788754
4 2 4 8 -0.00010812576996396067
5 2 4 9 -0.00010812576996396067
4 3 5 8 -0.00010812576996396067
5 3 5 9 -0.00010812576996396067
4 2 6 8 5.7269499374681275e-06
5 2 6 9 5.7269499374681275e-06
4 3 7 8 5.7269499374681275e-06
5 3 7 9 5.7269499374681275e-06
4 4 2 8 -0.00010812576996396067
5 4 2 9 -0.00010812576996396067
4 5 3 8 -0.00010812576996396067
5 5 3 9 -0.00010812576996396067
4 4 8 8 5.7269499374681275e-06
5 4 8 9 5.7269499374681275e-06
4 5 9 8 5.7269499374681275e-06
5 5 9 9 5.7269499374681275e-06
4 6 2 8 5.7269499374681275e-06
5 6 2 9 5.7269499374681275e-06
4 7 3 8 5.7269499374681275e-06
5 7 3 9 5.7269499374681275e-06
4 6 8 8 -0.00010812576996396067
5 6 8 9 -0.00010812576996396067
4 7 9 8 -0.00010812576996396067
5 7 9 9 -0.00010812576996396067
4 8 4 8 5.7269499374681275e-06
5 8 4 9 5.7269499374681275e-06
4 9 5 8 5.7269499374681275e-06
5 9 5 9 5.7269499374681275e-06
4 8 6 8 -0.00010812576996396067
5 8 6 9 -0.00010812576996396067
4 9 7 8 -0.00010812576996396067
5 9 7 9 -0.00010812576996396067
4 0 4 10 0.0004535261736735408
5 0 4 11 0.0004535261736735408
4 1 5 10 0.0004535261736735408
5 1 5 11 0.0004535261736735408
4 0 6 10 2.3661739915650738e-05
5 0 6 11 2.3661739915650738e-05
4 1 7 10 2.3661739915650738e-05
5 1 7 11 2.3661739915650738e-05
4 4 0 10 0.0004535261736735408
5 4 0 11 0.0004535261736735408
4 5 1 10 0.0004535261736735408
5 5 1 11 0.0004535261736735408
4 4 10 10 0.00039253273974032093
5 4 10 11 0.00039253273974032093
4 5 11 10 0.00039253273974032093
5 5 11 11 0.00039253273974032093
4 6 0 10 2.3661739915650745e-05
5 6 0 11 2.3661739915650745e-05
4 7 1 10 2.3661739915650745e-05
5 7 1 11 2.3661739915650745e-05
4 6 10 10 3.8844813698224505e-05
5 6 10 11 3.8844813698224505e-05
4 7 11 10 3.8844813698224505e-05
5 7 11 11 3.8844813698224505e-05
4 10 4 10 0.00039253273974032104
5 10 4 11 0.00039253273974032104
4 11 5 10 0.00039253273974032104
5 11 5 11 0.00039253273974032104
4 10 6 10 3.884481369822456e-05
5 10 6 11 3.884481369822456e-05
4 11 7 10 3.884481369822456e-05
5 11 7 11 3.884481369822456e-05
6 0 4 0 3.884400066567179e-05
7 0 4 1 3.884400066567179e-05
6 1 5 0 3.884400066567179e-05
7 1 5 1 3.884400066567179e-05
6 0 6 0 0.0003925309653378129
7 0 6 1 0.0003925309653378129
6 1 7 0 0.0003925309653378129
7 1 7 1 0.0003925309653378129
6 4 0 0 3.884400066567174e-05
7 4 0 1 3.884400066567174e-05
6 5 1 0 3.884400066567174e-05
7 5 1 1 3.884400066567174e-05
6 4 10 0 2.3661739915650738e-05
7 4 10 1 2.3661739915650738e-05
6 5 11 0 2.3661739915650738e-05
7 5 11 1 2.3661739915650738e-05
6 6 0 0 0.0003925309653378129
7 6 0 1 0.0003925309653378129
6 7 1 0 0.0003925309653378129
7 7 1 1 0.0003925309653378129
6 6 10 0 0.00045353399117021816
7 6 10 1 0.00045353399117021816
6 7 11 0 0.00045353399117021816
7 7 11 1 0.00045353399117021816
6 10 4 0 2.366173991565073e-05
7 10 4 1 2.366173991565073e-05
6 11 5 0 2.366173991565073e-05
7 11 5 1 2.366173991565073e-05
6 10 6 0 0.0004535339911702184
7 10 6 1 0.0004535339911702184
6 11 7 0 0.0004535339911702184
7 11 7 1 0.0004535339911702184
6 2 4 2 -0.00010812576996396067
7 2 4 3 -0.00010812576996396067
6 3 5 2 -0.00010812576996396067
7 3 5 3 -0.00010812576996396067
6 2 6 2 5.7269499374681275e-06
7 2 6 3 5.7269499374681275e-06
6 3 7 2 5.7269499374681275e-06
7 3 7 3 5.7269499374681275e-06
6 4 2 2 -0.00010812576996396067
7 4 2 3 -0.00010812576996396067
6 5 3 2 -0.00010812576996396067
7 5 3 3 -0.00010812576996396067
6 4 8 2 5.7269499374681275e-06
7 4 8 3 5.7269499374681275e-06
6 5 9 2 5.7269499374681275e-06
7 5 9 3 5.7269499374681275e-06
6 6 2 2 5.7269499374681275e-06
7 6 2 3 5.7269499374681275e-06
6 7 3 2 5.7269499374681275e-06
7 7 3 3 5.7269499374681275e-06
6 6 8 2 -0.00010812576996396067
7 6 8 3 -0.00010812576996396067
6 7 9 2 -0.00010812576996396067
7 7 9 3 -0.00010812576996396067
6 8 4 2 5.7269499374681275e-06
7 8 4 3 5.7269499374681275e-06
6 9 5 2 5.7269499374681275e-06
7 9 5 3 5.7269499374681275e-06
6 8 6 2 -0.00010812576996396067
7 8 6 3 -0.00010812576996396067
6 9 7 2 -0.00010812576996396067
7 9 7 3 -0.00010812576996396067
6 0 0 4 -0.00048040448417569544
7 0 0 5 -0.00048040448417569544
6 1 1 4 -0.00048040448417569544
7 1 1 5 -0.00048040448417569544
6 0 10 4 -6.414648362708546e-05
7 0 10 5 -6.414648362708546e-05
6 1 11 4 -6.414648362708546e-05
7 1 11 5 -6.414648362708546e-05
6 2 2 4 -0.00070401620533888
7 2 2 5 -0.00070401620533888
6 3 3 4 -0.00070401620533888
7 3 3 5 -0.00070401620533888
6 2 8 4 2.9565661636057654e-05
7 2 8 5 2.9565661636057654e-05
6 3 9 4 2.9565661636057654e-05
7 3 9 5 2.9565661636057654e-05
6 4 4 4 -0.0009202672552487035
7 4 4 5 -0.0009202672552487035
6 5 5 4 -0.0009202672552487035
7 5 5 5 -0.0009202672552487035
6 4 6 4 4.10195404113403e-05
7 4 6 5 4.10195404113403e-05
6 5 7 4 4.10195404113403e-05
7 5 7 5 4.10195404113403e-05
6 6 4 4 4.10195404113403e-05
7 6 4 5 4.10195404113403e-05
6 7 5 4 4.10195404113403e-05
7 7 5 5 4.10195404113403e-05
6 6 6 4 -0.0009202672552487039
7 6 6 5 -0.0009202672552487039
6 7 7 4 -0.0009202672552487039
7 7 7 5 -0.0009202672552487039
6 8 2 4 2.9565661636057654e-05
7 8 2 5 2.9565661636057654e-05
6 9 3 4 2.9565661636057654e-05
7 9 3 5 2.9565661636057654e-05
6 8 8 4 -0.0007040162053388799
7 8 8 5 -0.0007040162053388799
6 9 9 4 -0.0007040162053388799
7 9 9 5 -0.0007040162053388799
6 10 0 4 -6.414648362708546e-05
7 10 0 5 -6.414648362708546e-05
6 11 1 4 -6.414648362708546e-05
7 11 1 5 -6.414648362708546e-05
6 10 10 4 -0.0004804026322578883
7 10 10 5 -0.0004804026322578883
6 11 11 4 -0.0004804026322578883
7 11 11 5 -0.0004804026322578883
6 0 0 6 0.12309150203598003
7 0 0 7 0.12309150203598003
6 1 1 6 0.12309150203598003
7 1 1 7 0.12309150203598003
6 0 10 6 0.003475166872935455
7 0 10 7 0.003475166872935455
6 1 11 6 0.003475166872935455
7 1 11 7 0.003475166872935455
6 2 2 6 0.11492927323251331
7 2 2 7 0.11492927323251331
6 3 3 6 0.11492927323251331
7 3 3 7 0.11492927323251331
6 2 8 6 -0.0007040162053388805
7 2 8 7 -0.0007040162053388805
6 3 9 6 -0.0007040162053388805
7 3 9 7 -0.0007040162053388805
6 4 4 6 0.11530092314374711
7 4 4 7 0.11530092314374711
6 5 5 6 0.11530092314374711
7 5 5 7 0.11530092314374711
6 4 6 6 -0.0009202672552487039
7 4 6 7 -0.0009202672552487039
6 5 7 6 -0.0009202672552487039
7 5 7 7 -0.0009202672552487039
6 6 4 6 -0.0009202672552487034
7 6 4 7 -0.0009202672552487034
6 7 5 6 -0.0009202672552487034
7 7 5 7 -0.0009202672552487034
6 6 6 6 0.38150189944391355
7 6 6 7 0.38150189944391355
6 7 7 6 0.38150189944391355
7 7 7 7 0.38150189944391355
6 8 2 6 -0.0007040162053388805
7 8 2 7 -0.0007040162053388805
6 9 3 6 -0.0007040162053388805
7 9 3 7 -0.0007040162053388805
6 8 8 6 0.34036491668000357
7 8 8 7 0.34036491668000357
6 9 9 6 0.34036491668000357
7 9 9 7 0.34036491668000357
6 10 0 6 0.003475166872935453
7 10 0 7 0.003475166872935453
6 11 1 6 0.003475166872935453
7 11 1 7 0.003475166872935453
6 10 10 6 0.3415120059808592
7 10 10 7 0.3415120059808592
6 11 11 6 0.3415120059808592
7 11 11 7 0.3415120059808592
6 2 4 8 0.00018582471605316816
7 2 4 9 0.00018582471605316816
6 3 5 8 0.00018582471605316816
7 3 5 9 0.00018582471605316816
6 2 6 8 -0.00010812576996396071
7 2 6 9 -0.00010812576996396071
6 3 7 8 -0.00010812576996396071
7 3 7 9 -0.00010812576996396071
6 4 2 8 0.00018582471605316816
7 4 2 9 0.00018582471605316816
6 5 3 8 0.00018582471605316816
7 5 3 9 0.00018582471605316816
6 4 8 8 -0.00010812576996396071
7 4 8 9 -0.00010812576996396071
6 5 9 8 -0.00010812576996396071
7 5 9 9 -0.00010812576996396071
6 6 2 8 -0.0001081257699639607
7 6 2 9 -0.0001081257699639607
6 7 3 8 -0.0001081257699639607
7 7 3 9 -0.0001081257699639607
6 6 8 8 0.02056849114239127
7 6 8 9 0.02056849114239127
6 7 9 8 0.02056849114239127
7 7 9 9 0.02056849114239127
6 8 4 8 -0.0001081257699639607
7 8 4 9 -0.0001081257699639607
6 9 5 8 -0.0001081257699639607
7 9 5 9 -0.0001081257699639607
6 8 6 8 0.02056849114239127
7 8 6 9 0.02056849114239127
6 9 7 8 0.02056849114239127
7 9 7 9 0.02056849114239127
6 0 4 10 -0.0007067694214507244
7 0 4 11 -0.0007067694214507244
6 1 5 10 -0.0007067694214507244
7 1 5 11 -0.0007067694214507244
6 0 6 10 0.0004535339911702185
7 0 6 11 0.0004535339911702185
6 1 7 10 0.0004535339911702185
7 1 7 11 0.0004535339911702185
6 4 0 10 -0.0007067694214507244
7 4 0 11 -0.0007067694214507244
6 5 1 10 -0.0007067694214507244
7 5 1 11 -0.0007067694214507244
6 4 10 10 3.8844813698224546e-05
7 4 10 11 3.8844813698224546e-05
6 5 11 10 3.8844813698224546e-05
7 5 11 11 3.8844813698224546e-05
6 6 0 10 0.0004535339911702185
7 6 0 11 0.0004535339911702185
6 7 1 10 0.0004535339911702185
7 7 1 11 0.0004535339911702185
6 6 10 10 0.020734430530461305
7 6 10 11 0.020734430530461305
6 7 11 10 0.020734430530461305
7 7 11 11 0.020734430530461305
6 10 4 10 3.884481369822454e-05
7 10 4 11 3.884481369822454e-05
6 11 5 10 3.884481369822454e-05
7 11 5 11 3.884481369822454e-05
6 10 6 10 0.020734430530461305
7 10 6 11 0.020734430530461305
6 11 7 10 0.020734430530461305
7 11 7 11 0.020734430530461305
8 0 2 0 3.884400066567179e-05
9 0 2 1 3.884400066567179e-05
8 1 3 0 3.884400066567179e-05
9 1 3 1 3.884400066567179e-05
8 0 8 0 0.0003925309653378129
9 0 8 1 0.0003925309653378129
8 1 9 0 0.0003925309653378129
9 1 9 1 0.0003925309653378129
8 2 0 0 3.884400066567174e-05
9 2 0 1 3.884400066567174e-05
8 3 1 0 3.884400066567174e-05
9 3 1 1 3.884400066567174e-05
8 2 10 0 2.3661739915650738e-05
9 2 10 1 2.3661739915650738e-05
8 3 11 0 2.3661739915650738e-05
9 3 11 1 2.3661739915650738e-05
8 8 0 0 0.0003925309653378129
9 8 0 1 0.0003925309653378129
8 9 1 0 0.0003925309653378129
9 9 1 1 0.0003925309653378129
8 8 10 0 0.00045353399117021816
9 8 10 1 0.00045353399117021816
8 9 11 0 0.00045353399117021816
9 9 11 1 0.00045353399117021816
8 10 2 0 2.366173991565073e-05
9 10 2 1 2.366173991565073e-05
8 11 3 0 2.366173991565073e-05
9 11 3 1 2.366173991565073e-05
8 10 8 0 0.0004535339911702184
9 10 8 1 0.0004535339911702184
8 11 9 0 0.0004535339911702184
9 11 9 1 0.0004535339911702184
8 0 0 2 -0.00048040448417569544
9 0 0 3 -0.00048040448417569544
8 1 1 2 -0.00048040448417569544
9 1 1 3 -0.00048040448417569544
8 0 10 2 -6.414648362708546e-05
9 0 10 3 -6.414648362708546e-05
8 1 11 2 -6.414648362708546e-05
9 1 11 3 -6.414648362708546e-05
8 2 2 2 -0.0009202672552487035
9 2 2 3 -0.0009202672552487035
8 3 3 2 -0.0009202672552487035
9 3 3 3 -0.0009202672552487035
8 2 8 2 4.10195404113403e-05
9 2 8 3 4.10195404113403e-05
8 3 9 2 4.10195404113403e-05
9 3 9 3 4.10195404113403e-05
8 4 4 2 -0.00070401620533888
9 4 4 3 -0.00070401620533888
8 5 5 2 -0.00070401620533888
9 5 5 3 -0.00070401620533888
8 4 6 2 2.9565661636057654e-05
9 4 6 3 2.9565661636057654e-05
8 5 7 2 2.9565661636057654e-05
9 5 7 3 2.9565661636057654e-05
8 6 4 2 2.9565661636057654e-05
9 6 4 3 2.9565661636057654e-05
8 7 5 2 2.9565661636057654e-05
9 7 5 3 2.9565661636057654e-05
8 6 6 2 -0.0007040162053388799
9 6 6 3 -0.0007040162053388799
8 7 7 2 -0.0007040162053388799
9 7 7 3 -0.0007040162053388799
8 8 2 2 4.10195404113403e-05
9 8 2 3 4.10195404113403e-05
8 9 3 2 4.10195404113403e-05
9 9 3 3 4.10195404113403e-05
8 8 8 2 -0.0009202672552487039
9 8 8 3 -0.0009202672552487039
8 9 9 2 -0.0009202672552487039
9 9 9 3 -0.0009202672552487039
8 10 0 2 -6.414648362708546e-05
9 10 0 3 -6.414648362708546e-05
8 11 1 2 -6.414648362708546e-05
9 11 1 3 -6.414648362708546e-05
8 10 10 2 -0.0004804026322578883
9 10 10 3 -0.0004804026322578883
8 11 11 2 -0.0004804026322578883
9 11 11 3 -0.0004804026322578883
8 2 4 4 -0.00010812576996396067
9 2 4 5 -0.00010812576996396067
8 3 5 4 -0.00010812576996396067
9 3 5 5 -0.00010812576996396067
8 2 6 4 5.7269499374681275e-06
9 2 6 5 5.7269499374681275e-06
8 3 7 4 5.7269499374681275e-06
9 3 7 5 5.7269499374681275e-06
8 4 2 4 -0.00010812576996396067
9 4 2 5 -0.00010812576996396067
8 5 3 4 -0.00010812576996396067
9 5 3 5 -0.00010812576996396067
8 4 8 4 5.7269499374681275e-06
9 4 8 5 5.7269499374681275e-06
8 5 9 4 5.7269499374681275e-06
9 5 9 5 5.7269499374681275e-06
8 6 2 4 5.7269499374681275e-06
9 6 2 5 5.7269499374681275e-06
8 7 3 4 5.7269499374681275e-06
9 7 3 5 5.7269499374681275e-06
8 6 8 4 -0.00010812576996396067
9 6 8 5 -0.00010812576996396067
8 7 9 4 -0.00010812576996396067
9 7 9 5 -0.00010812576996396067
8 8 4 4 5.7269499374681275e-06
9 8 4 5 5.7269499374681275e-06
8 9 5 4 5.7269499374681275e-06
9 9 5 5 5.7269499374681275e-06
8 8 6 4 -0.00010812576996396067
9 8 6 5 -0.00010812576996396067
8 9 7 4 -0.00010812576996396067
9 9 7 5 -0.00010812576996396067
8 2 4 6 0.00018582471605316816
9 2 4 7 0.00018582471605316816
8 3 5 6 0.00018582471605316816
9 3 5 7 0.00018582471605316816
8 2 6 6 -0.00010812576996396071
9 2 6 7 -0.00010812576996396071
8 3 7 6 -0.00010812576996396071
9 3 7 7 -0.00010812576996396071
8 4 2 6 0.00018582471605316816
9 4 2 7 0.00018582471605316816
8 5 3 6 0.00018582471605316816
9 5 3 7 0.00018582471605316816
8 4 8 6 -0.00010812576996396071
9 4 8 7 -0.00010812576996396071
8 5 9 6 -0.00010812576996396071
9 5 9 7 -0.00010812576996396071
8 6 2 6 -0.0001081257699639607
9 6 2 7 -0.0001081257699639607
8 7 3 6 -0.0001081257699639607
9 7 3 7 -0.0001081257699639607
8 6 8 6 0.02056849114239127
9 6 8 7 0.02056849114239127
8 7 9 6 0.02056849114239127
9 7 9 7 0.02056849114239127
8 8 4 6 -0.0001081257699639607
9 8 4 7 -0.0001081257699639607
8 9 5 6 -0.0001081257699639607
9 9 5 7 -0.0001081257699639607
8 8 6 6 0.02056849114239127
9 8 6 7 0.02056849114239127
8 9 7 6 0.02056849114239127
9 9 7 7 0.02056849114239127
8 0 0 8 0.12309150203598003
9 0 0 9 0.12309150203598003
8 1 1 8 0.12309150203598003
9 1 1 9 0.12309150203598003
8 0 10 8 0.003475166872935455
9 0 10 9 0.003475166872935455
8 1 11 8 0.003475166872935455
9 1 11 9 0.003475166872935455
8 2 2 8 0.11530092314374711
9 2 2 9 0.11530092314374711
8 3 3 8 0.11530092314374711
9 3 3 9 0.11530092314374711
8 2 8 8 -0.0009202672552487039
9 2 8 9 -0.0009202672552487039
8 3 9 8 -0.0009202672552487039
9 3 9 9 -0.0009202672552487039
8 4 4 8 0.11492927323251331
9 4 4 9 0.11492927323251331
8 5 5 8 0.11492927323251331
9 5 5 9 0.11492927323251331
8 4 6 8 -0.0007040162053388805
9 4 6 9 -0.0007040162053388805
8 5 7 8 -0.0007040162053388805
9 5 7 9 -0.0007040162053388805
8 6 4 8 -0.0007040162053388805
9 6 4 9 -0.0007040162053388805
8 7 5 8 -0.0007040162053388805
9 7 5 9 -0.0007040162053388805
8 6 6 8 0.34036491668000357
9 6 6 9 0.34036491668000357
8 7 7 8 0.34036491668000357
9 7 7 9 0.34036491668000357
8 8 2 8 -0.0009202672552487034
9 8 2 9 -0.0009202672552487034
8 9 3 8 -0.0009202672552487034
9 9 3 9 -0.0009202672552487034
8 8 8 8 0.38150189944391355
9 8 8 9 0.38150189944391355
8 9 9 8 0.38150189944391355
9 9 9 9 0.38150189944391355
8 10 0 8 0.003475166872935453
9 10 0 9 0.003475166872935453
8 11 1 8 0.003475166872935453
9 11 1 9 0.003475166872935453
8 10 10 8 0.3415120059808592
9 10 10 9 0.3415120059808592
8 11 11 8 0.3415120059808592
9 11 11 9 0.3415120059808592
8 0 2 10 -0.0007067694214507244
9 0 2 11 -0.0007067694214507244
8 1 3 10 -0.0007067694214507244
9 1 3 11 -0.0007067694214507244
8 0 8 10 0.0004535339911702185
9 0 8 11 0.0004535339911702185
8 1 9 10 0.0004535339911702185
9 1 9 11 0.0004535339911702185
8 2 0 10 -0.0007067694214507244
9 2 0 11 -0.0007067694214507244
8 3 1 10 -0.0007067694214507244
9 3 1 11 -0.0007067694214507244
8 2 10 10 3.8844813698224546e-05
9 2 10 11 3.8844813698224546e-05
8 3 11 10 3.8844813698224546e-05
9 3 11 11 3.8844813698224546e-05
8 8 0 10 0.0004535339911702185
9 8 0 11 0.0004535339911702185
8 9 1 10 0.0004535339911702185
9 9 1 11 0.0004535339911702185
8 8 10 10 0.020734430530461305
9 8 10 11 0.020734430530461305
8 9 11 10 0.020734430530461305
9 9 11 11 0.020734430530461305
8 10 2 10 3.884481369822454e-05
9 10 2 11 3.884481369822454e-05
8 11 3 10 3.884481369822454e-05
9 11 3 11 3.884481369822454e-05
8 10 8 10 0.020734430530461305
9 10 8 11 0.020734430530461305
8 11 9 10 0.020734430530461305
9 11 9 11 0.020734430530461305
10 0 0 0 0.0035404954329416594
11 0 0 1 0.0035404954329416594
10 1 1 0 0.0035404954329416594
11 1 1 1 0.0035404954329416594
10 0 10 0 0.0007321308370080606
11 0 10 1 0.0007321308370080606
10 1 11 0 0.0007321308370080606
11 1 11 1 0.0007321308370080606
10 2 2 0 0.0034751368974990614
11 2 2 1 0.0034751368974990614
10 3 3 0 0.0034751368974990614
11 3 3 1 0.0034751368974990614
10 2 8 0 -6.41464836270853e-05
11 2 8 1 -6.41464836270853e-05
10 3 9 0 -6.41464836270853e-05
11 3 9 1 -6.41464836270853e-05
10 4 4 0 0.0034751368974990614
11 4 4 1 0.0034751368974990614
10 5 5 0 0.0034751368974990614
11 5 5 1 0.0034751368974990614
10 4 6 0 -6.41464836270853e-05
11 4 6 1 -6.41464836270853e-05
10 5 7 0 -6.41464836270853e-05
11 5 7 1 -6.41464836270853e-05
10 6 4 0 -6.41464836270853e-05
11 6 4 1 -6.41464836270853e-05
10 7 5 0 -6.41464836270853e-05
11 7 5 1 -6.41464836270853e-05
10 6 6 0 0.003475166872935447
11 6 6 1 0.003475166872935447
10 7 7 0 0.003475166872935447
11 7 7 1 0.003475166872935447
10 8 2 0 -6.41464836270853e-05
11 8 2 1 -6.41464836270853e-05
10 9 3 0 -6.41464836270853e-05
11 9 3 1 -6.41464836270853e-05
10 8 8 0 0.003475166872935447
11 8 8 1 0.003475166872935447
10 9 9 0 0.003475166872935447
11 9 9 1 0.003475166872935447
10 10 0 0 0.0007321308370080608
11 10 0 1 0.0007321308370080608
10 11 1 0 0.0007321308370080608
11 11 1 1 0.0007321308370080608
10 10 10 0 0.0035405314337560575
11 10 10 1 0.0035405314337560575
10 11 11 0 0.0035405314337560575
11 11 11 1 0.0035405314337560575
10 0 2 2 0.0004535261736735407
11 0 2 3 0.0004535261736735407
10 1 3 2 0.0004535261736735407
11 1 3 3 0.0004535261736735407
10 0 8 2 2.366173991565074e-05
11 0 8 3 2.366173991565074e-05
10 1 9 2 2.366173991565074e-05
11 1 9 3 2.366173991565074e-05
10 2 0 2 0.0004535261736735407
11 2 0 3 0.0004535261736735407
10 3 1 2 0.0004535261736735407
11 3 1 3 0.0004535261736735407
10 2 10 2 0.0003925327397403209
11 2 10 3 0.0003925327397403209
10 3 11 2 0.0003925327397403209
11 3 11 3 0.0003925327397403209
10 8 0 2 2.366173991565074e-05
11 8 0 3 2.366173991565074e-05
10 9 1 2 2.366173991565074e-05
11 9 1 3 2.366173991565074e-05
10 8 10 2 3.884481369822445e-05
11 8 10 3 3.884481369822445e-05
10 9 11 2 3.884481369822445e-05
11 9 11 3 3.884481369822445e-05
10 10 2 2 0.000392532739740321
11 10 2 3 0.000392532739740321
10 11 3 2 0.000392532739740321
11 11 3 3 0.000392532739740321
10 10 8 2 3.884481369822453e-05
11 10 8 3 3.884481369822453e-05
10 11 9 2 3.884481369822453e-05
11 11 9 3 3.884481369822453e-05
10 0 4 4 0.0004535261736735407
11 0 4 5 0.0004535261736735407
10 1 5 4 0.0004535261736735407
11 1 5 5 0.0004535261736735407
10 0 6 4 2.366173991565074e-05
11 0 6 5 2.366173991565074e-05
10 1 7 4 2.366173991565074e-05
11 1 7 5 2.366173991565074e-05
10 4 0 4 0.0004535261736735407
11 4 0 5 0.0004535261736735407
10 5 1 4 0.0004535261736735407
11 5 1 5 0.0004535261736735407
10 4 10 4 0.0003925327397403209
11 4 10 5 0.0003925327397403209
10 5 11 4 0.0003925327397403209
11 5 11 5 0.0003925327397403209
10 6 0 4 2.366173991565074e-05
11 6 0 5 2.366173991565074e-05
10 7 1 4 2.366173991565074e-05
11 7 1 5 2.366173991565074e-05
10 6 10 4 3.884481369822445e-05
11 6 10 5 3.884481369822445e-05
10 7 11 4 3.884481369822445e-05
11 7 11 5 3.884481369822445e-05
10 10 4 4 0.000392532739740321
11 10 4 5 0.000392532739740321
10 11 5 4 0.000392532739740321
11 11 5 5 0.000392532739740321
10 10 6 4 3.884481369822453e-05
11 10 6 5 3.884481369822453e-05
10 11 7 4 3.884481369822453e-05
11 11 7 5 3.884481369822453e-05
10 0 4 6 -0.0007067694214507244
11 0 4 7 -0.0007067694214507244
10 1 5 6 -0.0007067694214507244
11 1 5 7 -0.0007067694214507244
10 0 6 6 0.0004535339911702185
11 0 6 7 0.0004535339911702185
10 1 7 6 0.0004535339911702185
11 1 7 7 0.0004535339911702185
10 4 0 6 -0.0007067694214507244
11 4 0 7 -0.0007067694214507244
10 5 1 6 -0.0007067694214507244
11 5 1 7 -0.0007067694214507244
10 4 10 6 3.8844813698224546e-05
11 4 10 7 3.8844813698224546e-05
10 5 11 6 3.8844813698224546e-05
11 5 11 7 3.8844813698224546e-05
10 6 0 6 0.0004535339911702185
11 6 0 7 0.0004535339911702185
10 7 1 6 0.0004535339911702185
11 7 1 7 0.0004535339911702185
10 6 10 6 0.02073443053046131
11 6 10 7 0.02073443053046131
10 7 11 6 0.02073443053046131
11 7 11 7 0.02073443053046131
10 10 4 6 3.8844813698224546e-05
11 10 4 7 3.8844813698224546e-05
10 11 5 6 3.8844813698224546e-05
11 11 5 7 3.8844813698224546e-05
10 10 6 6 0.02073443053046131
11 10 6 7 0.02073443053046131
10 11 7 6 0.02073443053046131
11 11 7 7 0.02073443053046131
10 0 2 8 -0.0007067694214507244
11 0 2 9 -0.0007067694214507244
10 1 3 8 -0.0007067694214507244
11 1 3 9 -0.0007067694214507244
10 0 8 8 0.0004535339911702185
11 0 8 9 0.0004535339911702185
10 1 9 8 0.0004535339911702185
11 1 9 9 0.0004535339911702185
10 2 0 8 -0.0007067694214507244
11 2 0 9 -0.0007067694214507244
10 3 1 8 -0.0007067694214507244
11 3 1 9 -0.0007067694214507244
10 2 10 8 3.8844813698224546e-05
11 2 10 9 3.8844813698224546e-05
10 3 11 8 3.8844813698224546e-05
11 3 11 9 3.8844813698224546e-05
10 8 0 8 0.0004535339911702185
11 8 0 9 0.0004535339911702185
10 9 1 8 0.0004535339911702185
11 9 1 9 0.0004535339911702185
10 8 10 8 0.02073443053046131
11 8 10 9 0.02073443053046131
10 9 11 8 0.02073443053046131
11 9 11 9 0.02073443053046131
10 10 2 8 3.8844813698224546e-05
11 10 2 9 3.8844813698224546e-05
10 11 3 8 3.8844813698224546e-05
11 11 3 9 3.8844813698224546e-05
10 10 8 8 0.02073443053046131
11 10 8 9 0.02073443053046131
10 11 9 8 0.02073443053046131
11 11 9 9 0.02073443053046131
10 0 0 10 0.1335779585094169
11 0 0 11 0.1335779585094169
10 1 1 10 0.1335779585094169
11 1 1 11 0.1335779585094169
10 0 10 10 0.0035405314337560584
11 0 10 11 0.0035405314337560584
10 1 11 10 0.0035405314337560584
11 1 11 11 0.0035405314337560584
10 2 2 10 0.1230915724136627
11 2 2 11 0.1230915724136627
10 3 3 10 0.1230915724136627
11 3 3 11 0.1230915724136627
10 2 8 10 -0.0004804026322578865
11 2 8 11 -0.0004804026322578865
10 3 9 10 -0.0004804026322578865
11 3 9 11 -0.0004804026322578865
10 4 4 10 0.1230915724136627
11 4 4 11 0.1230915724136627
10 5 5 10 0.1230915724136627
11 5 5 11 0.1230915724136627
10 4 6 10 -0.0004804026322578865
11 4 6 11 -0.0004804026322578865
10 5 7 10 -0.0004804026322578865
11 5 7 11 -0.0004804026322578865
10 6 4 10 -0.0004804026322578869
11 6 4 11 -0.0004804026322578869
10 7 5 10 -0.0004804026322578869
11 7 5 11 -0.0004804026322578869
10 6 6 10 0.3415120059808592
11 6 6 11 0.3415120059808592
10 7 7 10 0.3415120059808592
11 7 7 11 0.3415120059808592
10 8 2 10 -0.0004804026322578869
11 8 2 11 -0.0004804026322578869
10 9 3 10 -0.0004804026322578869
11 9 3 11 -0.0004804026322578869
10 8 8 10 0.3415120059808592
11 8 8 11 0.3415120059808592
10 9 9 10 0.3415120059808592
11 9 9 11 0.3415120059808592
10 10 0 10 0.0035405314337560593
11 10 0 11 0.0035405314337560593
10 11 1 10 0.0035405314337560593
11 11 1 11 0.0035405314337560593
10 10 10 10 0.3839348671213669
11 10 10 11 0.3839348671213669
10 11 11 10 0.3839348671213669
11 11 11 11 0.3839348671213669
