-98.43982855646021
0 0 -2.5477561065014216
1 1 -2.5477561065014216
0 10 0.06384632587353582
1 11 0.06384632587353582
2 2 -2.496569607557457
3 3 -2.496569607557457
2 8 -0.016269102442898368
3 9 -0.016269102442898368
4 4 -2.496569607557457
5 5 -2.496569607557457
4 6 -0.016269102442898368
5 7 -0.016269102442898368
6 4 -0.016269102442898364
7 5 -0.016269102442898364
6 6 -2.4965687810956245
7 7 -2.4965687810956245
8 2 -0.016269102442898364
9 3 -0.016269102442898364
8 8 -2.4965687810956245
9 9 -2.4965687810956245
10 0 0.06384632587353589
11 1 0.06384632587353589
10 10 -2.547757084059815
11 11 -2.547757084059815
0 0 0 0 0.3849826090301614
1 0 0 1 0.3849826090301614
0 1 1 0 0.3849826090301614
1 1 1 1 0.3849826090301614
0 0 10 0 0.004064652764626611
1 0 10 1 0.004064652764626611
0 1 11 0 0.004064652764626611
1 1 11 1 0.004064652764626611
0 2 2 0 0.3420181263011248
1 2 2 1 0.3420181263011248
0 3 3 0 0.3420181263011248
1 3 3 1 0.3420181263011248
0 2 8 0 -0.0005533372087510456
1 2 8 1 -0.0005533372087510456
0 3 9 0 -0.0005533372087510456
1 3 9 1 -0.0005533372087510456
0 4 4 0 0.3420181263011248
1 4 4 1 0.3420181263011248
0 5 5 0 0.3420181263011248
1 5 5 1 0.3420181263011248
0 4 6 0 -0.0005533372087510456
1 4 6 1 -0.0005533372087510456
0 5 7 0 -0.0005533372087510456
1 5 7 1 -0.0005533372087510456
0 6 4 0 -0.0005533372087510461
1 6 4 1 -0.0005533372087510461
0 7 5 0 -0.0005533372087510461
1 7 5 1 -0.0005533372087510461
0 6 6 0 0.12936535420536044
1 6 6 1 0.12936535420536044
0 7 7 0 0.12936535420536044
1 7 7 1 0.12936535420536044
0 8 2 0 -0.0005533372087510461
1 8 2 1 -0.0005533372087510461
0 9 3 0 -0.0005533372087510461
1 9 3 1 -0.0005533372087510461
0 8 8 0 0.12936535420536044
1 8 8 1 0.12936535420536044
0 9 9 0 0.12936535420536044
1 9 9 1 0.12936535420536044
0 10 0 0 0.004064652764626614
1 10 0 1 0.004064652764626614
0 11 1 0 0.004064652764626614
1 11 1 1 0.004064652764626614
0 10 10 0 0.14160104429604495
1 10 10 1 0.14160104429604495
0 11 11 0 0.14160104429604495
1 11 11 1 0.14160104429604495
0 0 2 2 0.02082143134199917
1 0 2 3 0.02082143134199917
0 1 3 2 0.02082143134199917
1 1 3 3 0.02082143134199917
0 0 8 2 5.162580509076997e-05
1 0 8 3 5.162580509076997e-05
0 1 9 2 5.162580509076997e-05
1 1 9 3 5.162580509076997e-05
0 2 0 2 0.02082143134199917
1 2 0 3 0.02082143134199917
0 3 1 2 0.02082143134199917
1 3 1 3 0.02082143134199917
0 2 10 2 0.0005303897742345039
1 2 10 3 0.0005303897742345039
0 3 11 2 0.0005303897742345039
1 3 11 3 0.0005303897742345039
0 8 0 2 5.162580509076995e-05
1 8 0 3 5.162580509076995e-05
0 9 1 2 5.162580509076995e-05
1 9 1 3 5.162580509076995e-05
0 8 10 2 -0.00087406054473064
1 8 10 3 -0.00087406054473064
0 9 11 2 -0.00087406054473064
1 9 11 3 -0.00087406054473064
0 10 2 2 0.0005303897742345041
1 10 2 3 0.0005303897742345041
0 11 3 2 0.0005303897742345041
1 11 3 3 0.0005303897742345041
0 10 8 2 -0.0008740605447306402
1 10 8 3 -0.0008740605447306402
0 11 9 2 -0.0008740605447306402
1 11 9 3 -0.0008740605447306402
0 0 4 4 0.02082143134199917
1 0 4 5 0.02082143134199917
0 1 5 4 0.02082143134199917
1 1 5 5 0.02082143134199917
0 0 6 4 5.162580509076997e-05
1 0 6 5 5.162580509076997e-05
0 1 7 4 5.162580509076997e-05
1 1 7 5 5.162580509076997e-05
0 4 0 4 0.02082143134199917
1 4 0 5 0.02082143134199917
0 5 1 4 0.02082143134199917
1 5 1 5 0.02082143134199917
0 4 10 4 0.0005303897742345039
1 4 10 5 0.0005303897742345039
0 5 11 4 0.0005303897742345039
1 5 11 5 0.0005303897742345039
0 6 0 4 5.162580509076995e-05
1 6 0 5 5.162580509076995e-05
0 7 1 4 5.162580509076995e-05
1 7 1 5 5.162580509076995e-05
0 6 10 4 -0.00087406054473064
1 6 10 5 -0.00087406054473064
0 7 11 4 -0.00087406054473064
1 7 11 5 -0.00087406054473064
0 10 4 4 0.0005303897742345041
1 10 4 5 0.0005303897742345041
0 11 5 4 0.0005303897742345041
1 11 5 5 0.0005303897742345041
0 10 6 4 -0.0008740605447306402
1 10 6 5 -0.0008740605447306402
0 11 7 4 -0.0008740605447306402
1 11 7 5 -0.0008740605447306402
0 0 4 6 5.1625805090770094e-05
1 0 4 7 5.1625805090770094e-05
0 1 5 6 5.1625805090770094e-05
1 1 5 7 5.1625805090770094e-05
0 0 6 6 0.0005497504575793432
1 0 6 7 0.0005497504575793432
0 1 7 6 0.0005497504575793432
1 1 7 7 0.0005497504575793432
0 4 0 6 5.1625805090769884e-05
1 4 0 7 5.1625805090769884e-05
0 5 1 6 5.1625805090769884e-05
1 5 1 7 5.1625805090769884e-05
0 4 10 6 3.8936043276120454e-05
1 4 10 7 3.8936043276120454e-05
0 5 11 6 3.8936043276120454e-05
1 5 11 7 3.8936043276120454e-05
0 6 0 6 0.0005497504575793431
1 6 0 7 0.0005497504575793431
0 7 1 6 0.0005497504575793431
1 7 1 7 0.0005497504575793431
0 6 10 6 0.0005304129279633178
1 6 10 7 0.0005304129279633178
0 7 11 6 0.0005304129279633178
1 7 11 7 0.0005304129279633178
0 10 4 6 3.89360432761205e-05
1 10 4 7 3.89360432761205e-05
0 11 5 6 3.89360432761205e-05
1 11 5 7 3.89360432761205e-05
0 10 6 6 0.0005304129279633178
1 10 6 7 0.0005304129279633178
0 11 7 6 0.0005304129279633178
1 11 7 7 0.0005304129279633178
0 0 2 8 5.1625805090770094e-05
1 0 2 9 5.1625805090770094e-05
0 1 3 8 5.1625805090770094e-05
1 1 3 9 5.1625805090770094e-05
0 0 8 8 0.0005497504575793432
1 0 8 9 0.0005497504575793432
0 1 9 8 0.0005497504575793432
1 1 9 9 0.0005497504575793432
0 2 0 8 5.1625805090769884e-05
1 2 0 9 5.1625805090769884e-05
0 3 1 8 5.1625805090769884e-05
1 3 1 9 5.1625805090769884e-05
0 2 10 8 3.8936043276120454e-05
1 2 10 9 3.8936043276120454e-05
0 3 11 8 3.8936043276120454e-05
1 3 11 9 3.8936043276120454e-05
0 8 0 8 0.0005497504575793431
1 8 0 9 0.0005497504575793431
0 9 1 8 0.0005497504575793431
1 9 1 9 0.0005497504575793431
0 8 10 8 0.0005304129279633178
1 8 10 9 0.0005304129279633178
0 9 11 8 0.0005304129279633178
1 9 11 9 0.0005304129279633178
0 10 2 8 3.89360432761205e-05
1 10 2 9 3.89360432761205e-05
0 11 3 8 3.89360432761205e-05
1 11 3 9 3.89360432761205e-05
0 10 8 8 0.0005304129279633178
1 10 8 9 0.0005304129279633178
0 11 9 8 0.0005304129279633178
1 11 9 9 0.0005304129279633178
0 0 0 10 0.004064652764626615
1 0 0 11 0.004064652764626615
0 1 1 10 0.004064652764626615
1 1 1 11 0.004064652764626615
0 0 10 10 0.0009634576511143445
1 0 10 11 0.0009634576511143445
0 1 11 10 0.0009634576511143445
1 1 11 11 0.0009634576511143445
0 2 2 10 0.003966648904010507
1 2 2 11 0.003966648904010507
0 3 3 10 0.003966648904010507
1 3 3 11 0.003966648904010507
0 2 8 10 -8.37049308715074e-05
1 2 8 11 -8.37049308715074e-05
0 3 9 10 -8.37049308715074e-05
1 3 9 11 -8.37049308715074e-05
0 4 4 10 0.003966648904010507
1 4 4 11 0.003966648904010507
0 5 5 10 0.003966648904010507
1 5 5 11 0.003966648904010507
0 4 6 10 -8.37049308715074e-05
1 4 6 11 -8.37049308715074e-05
0 5 7 10 -8.37049308715074e-05
1 5 7 11 -8.37049308715074e-05
0 6 4 10 -8.370493087150752e-05
1 6 4 11 -8.370493087150752e-05
0 7 5 10 -8.370493087150752e-05
1 7 5 11 -8.370493087150752e-05
0 6 6 10 0.003966749671136884
1 6 6 11 0.003966749671136884
0 7 7 10 0.003966749671136884
1 7 7 11 0.003966749671136884
0 8 2 10 -8.370493087150752e-05
1 8 2 11 -8.370493087150752e-05
0 9 3 10 -8.370493087150752e-05
1 9 3 11 -8.370493087150752e-05
0 8 8 10 0.003966749671136884
1 8 8 11 0.003966749671136884
0 9 9 10 0.003966749671136884
1 9 9 11 0.003966749671136884
0 10 0 10 0.0009634576511143441
1 10 0 11 0.0009634576511143441
0 11 1 10 0.0009634576511143441
1 11 1 11 0.0009634576511143441
0 10 10 10 0.004064773835731356
1 10 10 11 0.004064773835731356
0 11 11 10 0.004064773835731356
1 11 11 11 0.004064773835731356
2 0 2 0 0.020821431341999173
3 0 2 1 0.020821431341999173
2 1 3 0 0.020821431341999173
3 1 3 1 0.020821431341999173
2 0 8 0 5.162580509076998e-05
3 0 8 1 5.162580509076998e-05
2 1 9 0 5.162580509076998e-05
3 1 9 1 5.162580509076998e-05
2 2 0 0 0.020821431341999173
3 2 0 1 0.020821431341999173
2 3 1 0 0.020821431341999173
3 3 1 1 0.020821431341999173
2 2 10 0 0.0005303897742345038
3 2 10 1 0.0005303897742345038
2 3 11 0 0.0005303897742345038
3 3 11 1 0.0005303897742345038
2 8 0 0 5.162580509076995e-05
3 8 0 1 5.162580509076995e-05
2 9 1 0 5.162580509076995e-05
3 9 1 1 5.162580509076995e-05
2 8 10 0 -0.00087406054473064
3 8 10 1 -0.00087406054473064
2 9 11 0 -0.00087406054473064
3 9 11 1 -0.00087406054473064
2 10 2 0 0.0005303897742345041
3 10 2 1 0.0005303897742345041
2 11 3 0 0.0005303897742345041
3 11 3 1 0.0005303897742345041
2 10 8 0 -0.0008740605447306402
3 10 8 1 -0.0008740605447306402
2 11 9 0 -0.0008740605447306402
3 11 9 1 -0.0008740605447306402
2 0 0 2 0.34201812630112477
3 0 0 3 0.34201812630112477
2 1 1 2 0.34201812630112477
3 1 1 3 0.34201812630112477
2 0 10 2 0.003966648904010511
3 0 10 3 0.003966648904010511
2 1 11 2 0.003966648904010511
3 1 11 3 0.003966648904010511
2 2 2 2 0.38156522327501247
3 2 2 3 0.38156522327501247
2 3 3 2 0.38156522327501247
3 3 3 3 0.38156522327501247
2 2 8 2 -0.0011008907488564874
3 2 8 3 -0.0011008907488564874
2 3 9 2 -0.0011008907488564874
3 3 9 3 -0.0011008907488564874
2 4 4 2 0.3404164287253987
3 4 4 3 0.3404164287253987
2 5 5 2 0.3404164287253987
3 5 5 3 0.3404164287253987
2 4 6 2 -0.0008414992135557495
3 4 6 3 -0.0008414992135557495
2 5 7 2 -0.0008414992135557495
3 5 7 3 -0.0008414992135557495
2 6 4 2 -0.0008414992135557491
3 6 4 3 -0.0008414992135557491
2 7 5 2 -0.0008414992135557491
3 7 5 3 -0.0008414992135557491
2 6 6 2 0.11986251622290554
3 6 6 3 0.11986251622290554
2 7 7 2 0.11986251622290554
3 7 7 3 0.11986251622290554
2 8 2 2 -0.0011008907488564874
3 8 2 3 -0.0011008907488564874
2 9 3 2 -0.0011008907488564874
3 9 3 3 -0.0011008907488564874
2 8 8 2 0.12032623431130941
3 8 8 3 0.12032623431130941
2 9 9 2 0.12032623431130941
3 9 9 3 0.12032623431130941
2 10 0 2 0.003966648904010511
3 10 0 3 0.003966648904010511
2 11 1 2 0.003966648904010511
3 11 1 3 0.003966648904010511
2 10 10 2 0.12936558215827682
3 10 10 3 0.12936558215827682
2 11 11 2 0.12936558215827682
3 11 11 3 0.12936558215827682
2 2 4 4 0.02057439702432025
3 2 4 5 0.02057439702432025
2 3 5 4 0.02057439702432025
3 3 5 5 0.02057439702432025
2 2 6 4 -0.00012969575717595321
3 2 6 5 -0.00012969575717595321
2 3 7 4 -0.00012969575717595321
3 3 7 5 -0.00012969575717595321
2 4 2 4 0.02057439702432025
3 4 2 5 0.02057439702432025
2 5 3 4 0.02057439702432025
3 5 3 5 0.02057439702432025
2 4 8 4 -0.00012969575717595321
3 4 8 5 -0.00012969575717595321
2 5 9 4 -0.00012969575717595321
3 5 9 5 -0.00012969575717595321
2 6 2 4 -0.0001296957571759532
3 6 2 5 -0.0001296957571759532
2 7 3 4 -0.0001296957571759532
3 7 3 5 -0.0001296957571759532
2 6 8 4 0.0002318590439098303
3 6 8 5 0.0002318590439098303
2 7 9 4 0.0002318590439098303
3 7 9 5 0.0002318590439098303
2 8 4 4 -0.0001296957571759532
3 8 4 5 -0.0001296957571759532
2 9 5 4 -0.0001296957571759532
3 9 5 5 -0.0001296957571759532
2 8 6 4 0.0002318590439098303
3 8 6 5 0.0002318590439098303
2 9 7 4 0.0002318590439098303
3 9 7 5 0.0002318590439098303
2 2 4 6 -0.00012969575717595321
3 2 4 7 -0.00012969575717595321
2 3 5 6 -0.00012969575717595321
3 3 5 7 -0.00012969575717595321
2 2 6 6 9.201866035173197e-06
3 2 6 7 9.201866035173197e-06
2 3 7 6 9.201866035173197e-06
3 3 7 7 9.201866035173197e-06
2 4 2 6 -0.00012969575717595321
3 4 2 7 -0.00012969575717595321
2 5 3 6 -0.00012969575717595321
3 5 3 7 -0.00012969575717595321
2 4 8 6 9.201866035173197e-06
3 4 8 7 9.201866035173197e-06
2 5 9 6 9.201866035173197e-06
3 5 9 7 9.201866035173197e-06
2 6 2 6 9.201866035173197e-06
3 6 2 7 9.201866035173197e-06
2 7 3 6 9.201866035173197e-06
3 7 3 7 9.201866035173197e-06
2 6 8 6 -0.0001296957531107981
3 6 8 7 -0.0001296957531107981
2 7 9 6 -0.0001296957531107981
3 7 9 7 -0.0001296957531107981
2 8 4 6 9.201866035173197e-06
3 8 4 7 9.201866035173197e-06
2 9 5 6 9.201866035173197e-06
3 9 5 7 9.201866035173197e-06
2 8 6 6 -0.0001296957531107981
3 8 6 7 -0.0001296957531107981
2 9 7 6 -0.0001296957531107981
3 9 7 7 -0.0001296957531107981
2 0 0 8 -0.0005533372087510478
3 0 0 9 -0.0005533372087510478
2 1 1 8 -0.0005533372087510478
3 1 1 9 -0.0005533372087510478
2 0 10 8 -8.37049308715076e-05
3 0 10 9 -8.37049308715076e-05
2 1 11 8 -8.37049308715076e-05
3 1 11 9 -8.37049308715076e-05
2 2 2 8 -0.0011008907488564861
3 2 2 9 -0.0011008907488564861
2 3 3 8 -0.0011008907488564861
3 3 3 9 -0.0011008907488564861
2 2 8 8 6.475606839358886e-05
3 2 8 9 6.475606839358886e-05
2 3 9 8 6.475606839358886e-05
3 3 9 9 6.475606839358886e-05
2 4 4 8 -0.0008414992135557496
3 4 4 9 -0.0008414992135557496
2 5 5 8 -0.0008414992135557496
3 5 5 9 -0.0008414992135557496
2 4 6 8 4.635183534982254e-05
3 4 6 9 4.635183534982254e-05
2 5 7 8 4.635183534982254e-05
3 5 7 9 4.635183534982254e-05
2 6 4 8 4.635183534982254e-05
3 6 4 9 4.635183534982254e-05
2 7 5 8 4.635183534982254e-05
3 7 5 9 4.635183534982254e-05
2 6 6 8 -0.0008414991694631023
3 6 6 9 -0.0008414991694631023
2 7 7 8 -0.0008414991694631023
3 7 7 9 -0.0008414991694631023
2 8 2 8 6.475606839358888e-05
3 8 2 9 6.475606839358888e-05
2 9 3 8 6.475606839358888e-05
3 9 3 9 6.475606839358888e-05
2 8 8 8 -0.0011008906966335288
3 8 8 9 -0.0011008906966335288
2 9 9 8 -0.0011008906966335288
3 9 9 9 -0.0011008906966335288
2 10 0 8 -8.370493087150768e-05
3 10 0 9 -8.370493087150768e-05
2 11 1 8 -8.370493087150768e-05
3 11 1 9 -8.370493087150768e-05
2 10 10 8 -0.0005533309970660221
3 10 10 9 -0.0005533309970660221
2 11 11 8 -0.0005533309970660221
3 11 11 9 -0.0005533309970660221
2 0 2 10 0.000530389774234504
3 0 2 11 0.000530389774234504
2 1 3 10 0.000530389774234504
3 1 3 11 0.000530389774234504
2 0 8 10 3.893604327612044e-05
3 0 8 11 3.893604327612044e-05
2 1 9 10 3.893604327612044e-05
3 1 9 11 3.893604327612044e-05
2 2 0 10 0.0005303897742345042
3 2 0 11 0.0005303897742345042
2 3 1 10 0.0005303897742345042
3 3 1 11 0.0005303897742345042
2 2 10 10 0.0005497627227033628
3 2 10 11 0.0005497627227033628
2 3 11 10 0.0005497627227033628
3 3 11 11 0.0005497627227033628
2 8 0 10 3.8936043276120414e-05
3 8 0 11 3.8936043276120414e-05
2 9 1 10 3.8936043276120414e-05
3 9 1 11 3.8936043276120414e-05
2 8 10 10 5.162759513587e-05
3 8 10 11 5.162759513587e-05
2 9 11 10 5.162759513587e-05
3 9 11 11 5.162759513587e-05
2 10 2 10 0.0005497627227033626
3 10 2 11 0.0005497627227033626
2 11 3 10 0.0005497627227033626
3 11 3 11 0.0005497627227033626
2 10 8 10 5.1627595135870054e-05
3 10 8 11 5.1627595135870054e-05
2 11 9 10 5.1627595135870054e-05
3 11 9 11 5.1627595135870054e-05
4 0 4 0 0.020821431341999173
5 0 4 1 0.020821431341999173
4 1 5 0 0.020821431341999173
5 1 5 1 0.020821431341999173
4 0 6 0 5.162580509076998e-05
5 0 6 1 5.162580509076998e-05
4 1 7 0 5.162580509076998e-05
5 1 7 1 5.162580509076998e-05
4 4 0 0 0.020821431341999173
5 4 0 1 0.020821431341999173
4 5 1 0 0.020821431341999173
5 5 1 1 0.020821431341999173
4 4 10 0 0.0005303897742345038
5 4 10 1 0.0005303897742345038
4 5 11 0 0.0005303897742345038
5 5 11 1 0.0005303897742345038
4 6 0 0 5.162580509076995e-05
5 6 0 1 5.162580509076995e-05
4 7 1 0 5.162580509076995e-05
5 7 1 1 5.162580509076995e-05
4 6 10 0 -0.00087406054473064
5 6 10 1 -0.00087406054473064
4 7 11 0 -0.00087406054473064
5 7 11 1 -0.00087406054473064
4 10 4 0 0.0005303897742345041
5 10 4 1 0.0005303897742345041
4 11 5 0 0.0005303897742345041
5 11 5 1 0.0005303897742345041
4 10 6 0 -0.0008740605447306402
5 10 6 1 -0.0008740605447306402
4 11 7 0 -0.0008740605447306402
5 11 7 1 -0.0008740605447306402
4 2 4 2 0.02057439702432025
5 2 4 3 0.02057439702432025
4 3 5 2 0.02057439702432025
5 3 5 3 0.02057439702432025
4 2 6 2 -0.00012969575717595321
5 2 6 3 -0.00012969575717595321
4 3 7 2 -0.00012969575717595321
5 3 7 3 -0.00012969575717595321
4 4 2 2 0.02057439702432025
5 4 2 3 0.02057439702432025
4 5 3 2 0.02057439702432025
5 5 3 3 0.02057439702432025
4 4 8 2 -0.00012969575717595321
5 4 8 3 -0.00012969575717595321
4 5 9 2 -0.00012969575717595321
5 5 9 3 -0.00012969575717595321
4 6 2 2 -0.0001296957571759532
5 6 2 3 -0.0001296957571759532
4 7 3 2 -0.0001296957571759532
5 7 3 3 -0.0001296957571759532
4 6 8 2 0.0002318590439098303
5 6 8 3 0.0002318590439098303
4 7 9 2 0.0002318590439098303
5 7 9 3 0.0002318590439098303
4 8 4 2 -0.0001296957571759532
5 8 4 3 -0.0001296957571759532
4 9 5 2 -0.0001296957571759532
5 9 5 3 -0.0001296957571759532
4 8 6 2 0.0002318590439098303
5 8 6 3 0.0002318590439098303
4 9 7 2 0.0002318590439098303
5 9 7 3 0.0002318590439098303
4 0 0 4 0.34201812630112477
5 0 0 5 0.34201812630112477
4 1 1 4 0.34201812630112477
5 1 1 5 0.34201812630112477
4 0 10 4 0.003966648904010511
5 0 10 5 0.003966648904010511
4 1 11 4 0.003966648904010511
5 1 11 5 0.003966648904010511
4 2 2 4 0.3404164287253987
5 2 2 5 0.3404164287253987
4 3 3 4 0.3404164287253987
5 3 3 5 0.3404164287253987
4 2 8 4 -0.0008414992135557495
5 2 8 5 -0.0008414992135557495
4 3 9 4 -0.0008414992135557495
5 3 9 5 -0.0008414992135557495
4 4 4 4 0.38156522327501247
5 4 4 5 0.38156522327501247
4 5 5 4 0.38156522327501247
5 5 5 5 0.38156522327501247
4 4 6 4 -0.0011008907488564874
5 4 6 5 -0.0011008907488564874
4 5 7 4 -0.0011008907488564874
5 5 7 5 -0.0011008907488564874
4 6 4 4 -0.0011008907488564874
5 6 4 5 -0.0011008907488564874
4 7 5 4 -0.0011008907488564874
5 7 5 5 -0.0011008907488564874
4 6 6 4 0.12032623431130941
5 6 6 5 0.12032623431130941
4 7 7 4 0.12032623431130941
5 7 7 5 0.12032623431130941
4 8 2 4 -0.0008414992135557491
5 8 2 5 -0.0008414992135557491
4 9 3 4 -0.0008414992135557491
5 9 3 5 -0.0008414992135557491
4 8 8 4 0.11986251622290554
5 8 8 5 0.11986251622290554
4 9 9 4 0.11986251622290554
5 9 9 5 0.11986251622290554
4 10 0 4 0.003966648904010511
5 10 0 5 0.003966648904010511
4 11 1 4 0.003966648904010511
5 11 1 5 0.003966648904010511
4 10 10 4 0.12936558215827682
5 10 10 5 0.12936558215827682
4 11 11 4 0.12936558215827682
5 11 11 5 0.12936558215827682
4 0 0 6 -0.0005533372087510478
5 0 0 7 -0.0005533372087510478
4 1 1 6 -0.0005533372087510478
5 1 1 7 -0.0005533372087510478
4 0 10 6 -8.37049308715076e-05
5 0 10 7 -8.37049308715076e-05
4 1 11 6 -8.37049308715076e-05
5 1 11 7 -8.37049308715076e-05
4 2 2 6 -0.0008414992135557496
5 2 2 7 -0.0008414992135557496
4 3 3 6 -0.0008414992135557496
5 3 3 7 -0.0008414992135557496
4 2 8 6 4.635183534982254e-05
5 2 8 7 4.635183534982254e-05
4 3 9 6 4.635183534982254e-05
5 3 9 7 4.635183534982254e-05
4 4 4 6 -0.0011008907488564861
5 4 4 7 -0.0011008907488564861
4 5 5 6 -0.0011008907488564861
5 5 5 7 -0.0011008907488564861
4 4 6 6 6.475606839358886e-05
5 4 6 7 6.475606839358886e-05
4 5 7 6 6.475606839358886e-05
5 5 7 7 6.475606839358886e-05
4 6 4 6 6.475606839358888e-05
5 6 4 7 6.475606839358888e-05
4 7 5 6 6.475606839358888e-05
5 7 5 7 6.475606839358888e-05
4 6 6 6 -0.0011008906966335288
5 6 6 7 -0.0011008906966335288
4 7 7 6 -0.0011008906966335288
5 7 7 7 -0.0011008906966335288
4 8 2 6 4.635183534982254e-05
5 8 2 7 4.635183534982254e-05
4 9 3 6 4.635183534982254e-05
5 9 3 7 4.635183534982254e-05
4 8 8 6 -0.0008414991694631023
5 8 8 7 -0.0008414991694631023
4 9 9 6 -0.0008414991694631023
5 9 9 7 -0.0008414991694631023
4 10 0 6 -8.370493087150768e-05
5 10 0 7 -8.370493087150768e-05
4 11 1 6 -8.370493087150768e-05
5 11 1 7 -8.370493087150768e-05
4 10 10 6 -0.0005533309970660221
5 10 10 7 -0.0005533309970660221
4 11 11 6 -0.0005533309970660221
5 11 11 7 -0.0005533309970660221
4 2 4 8 -0.00012969575717595321
5 2 4 9 -0.00012969575717595321
4 3 5 8 -0.00012969575717595321
5 3 5 9 -0.00012969575717595321
4 2 6 8 9.201866035173197e-06
5 2 6 9 9.201866035173197e-06
4 3 7 8 9.201866035173197e-06
5 3 7 9 9.201866035173197e-06
4 4 2 8 -0.00012969575717595321
5 4 2 9 -0.00012969575717595321
4 5 3 8 -0.00012969575717595321
5 5 3 9 -0.00012969575717595321
4 4 8 8 9.201866035173197e-06
5 4 8 9 9.201866035173197e-06
4 5 9 8 9.201866035173197e-06
5 5 9 9 9.201866035173197e-06
4 6 2 8 9.201866035173197e-06
5 6 2 9 9.201866035173197e-06
4 7 3 8 9.201866035173197e-06
5 7 3 9 9.201866035173197e-06
4 6 8 8 -0.0001296957531107981
5 6 8 9 -0.0001296957531107981
4 7 9 8 -0.0001296957531107981
5 7 9 9 -0.0001296957531107981
4 8 4 8 9.201866035173197e-06
5 8 4 9 9.201866035173197e-06
4 9 5 8 9.201866035173197e-06
5 9 5 9 9.201866035173197e-06
4 8 6 8 -0.0001296957531107981
5 8 6 9 -0.0001296957531107981
4 9 7 8 -0.0001296957531107981
5 9 7 9 -0.0001296957531107981
4 0 4 10 0.000530389774234504
5 0 4 11 0.000530389774234504
4 1 5 10 0.000530389774234504
5 1 5 11 0.000530389774234504
4 0 6 10 3.893604327612044e-05
5 0 6 11 3.893604327612044e-05
4 1 7 10 3.893604327612044e-05
5 1 7 11 3.893604327612044e-05
4 4 0 10 0.0005303897742345042
5 4 0 11 0.0005303897742345042
4 5 1 10 0.0005303897742345042
5 5 1 11 0.0005303897742345042
4 4 10 10 0.0005497627227033628
5 4 10 11 0.0005497627227033628
4 5 11 10 0.0005497627227033628
5 5 11 11 0.0005497627227033628
4 6 0 10 3.8936043276120414e-05
5 6 0 11 3.8936043276120414e-05
4 7 1 10 3.8936043276120414e-05
5 7 1 11 3.8936043276120414e-05
4 6 10 10 5.162759513587e-05
5 6 10 11 5.162759513587e-05
4 7 11 10 5.162759513587e-05
5 7 11 11 5.162759513587e-05
4 10 4 10 0.0005497627227033626
5 10 4 11 0.0005497627227033626
4 11 5 10 0.0005497627227033626
5 11 5 11 0.0005497627227033626
4 10 6 10 5.1627595135870054e-05
5 10 6 11 5.1627595135870054e-05
4 11 7 10 5.1627595135870054e-05
5 11 7 11 5.1627595135870054e-05
6 0 4 0 5.162580509076995e-05
7 0 4 1 5.162580509076995e-05
6 1 5 0 5.162580509076995e-05
7 1 5 1 5.162580509076995e-05
6 0 6 0 0.0005497504575793432
7 0 6 1 0.0005497504575793432
6 1 7 0 0.0005497504575793432
7 1 7 1 0.0005497504575793432
6 4 0 0 5.1625805090769734e-05
7 4 0 1 5.1625805090769734e-05
6 5 1 0 5.1625805090769734e-05
7 5 1 1 5.1625805090769734e-05
6 4 10 0 3.893604327612044e-05
7 4 10 1 3.893604327612044e-05
6 5 11 0 3.893604327612044e-05
7 5 11 1 3.893604327612044e-05
6 6 0 0 0.0005497504575793432
7 6 0 1 0.0005497504575793432
6 7 1 0 0.0005497504575793432
7 7 1 1 0.0005497504575793432
6 6 10 0 0.0005304129279633179
7 6 10 1 0.0005304129279633179
6 7 11 0 0.0005304129279633179
7 7 11 1 0.0005304129279633179
6 10 4 0 3.893604327612049e-05
7 10 4 1 3.893604327612049e-05
6 11 5 0 3.893604327612049e-05
7 11 5 1 3.893604327612049e-05
6 10 6 0 0.0005304129279633175
7 10 6 1 0.0005304129279633175
6 11 7 0 0.0005304129279633175
7 11 7 1 0.0005304129279633175
6 2 4 2 -0.00012969575717595324
7 2 4 3 -0.00012969575717595324
6 3 5 2 -0.00012969575717595324
7 3 5 3 -0.00012969575717595324
6 2 6 2 9.201866035173197e-06
7 2 6 3 9.201866035173197e-06
6 3 7 2 9.201866035173197e-06
7 3 7 3 9.201866035173197e-06
6 4 2 2 -0.00012969575717595324
7 4 2 3 -0.00012969575717595324
6 5 3 2 -0.00012969575717595324
7 5 3 3 -0.00012969575717595324
6 4 8 2 9.201866035173197e-06
7 4 8 3 9.201866035173197e-06
6 5 9 2 9.201866035173197e-06
7 5 9 3 9.201866035173197e-06
6 6 2 2 9.201866035173197e-06
7 6 2 3 9.201866035173197e-06
6 7 3 2 9.201866035173197e-06
7 7 3 3 9.201866035173197e-06
6 6 8 2 -0.00012969575311079813
7 6 8 3 -0.00012969575311079813
6 7 9 2 -0.00012969575311079813
7 7 9 3 -0.00012969575311079813
6 8 4 2 9.201866035173197e-06
7 8 4 3 9.201866035173197e-06
6 9 5 2 9.201866035173197e-06
7 9 5 3 9.201866035173197e-06
6 8 6 2 -0.00012969575311079813
7 8 6 3 -0.00012969575311079813
6 9 7 2 -0.00012969575311079813
7 9 7 3 -0.00012969575311079813
6 0 0 4 -0.0005533372087510469
7 0 0 5 -0.0005533372087510469
6 1 1 4 -0.0005533372087510469
7 1 1 5 -0.0005533372087510469
6 0 10 4 -8.37049308715076e-05
7 0 10 5 -8.37049308715076e-05
6 1 11 4 -8.37049308715076e-05
7 1 11 5 -8.37049308715076e-05
6 2 2 4 -0.0008414992135557494
7 2 2 5 -0.0008414992135557494
6 3 3 4 -0.0008414992135557494
7 3 3 5 -0.0008414992135557494
6 2 8 4 4.6351835349822535e-05
7 2 8 5 4.6351835349822535e-05
6 3 9 4 4.6351835349822535e-05
7 3 9 5 4.6351835349822535e-05
6 4 4 4 -0.0011008907488564866
7 4 4 5 -0.0011008907488564866
6 5 5 4 -0.0011008907488564866
7 5 5 5 -0.0011008907488564866
6 4 6 4 6.475606839358886e-05
7 4 6 5 6.475606839358886e-05
6 5 7 4 6.475606839358886e-05
7 5 7 5 6.475606839358886e-05
6 6 4 4 6.475606839358888e-05
7 6 4 5 6.475606839358888e-05
6 7 5 4 6.475606839358888e-05
7 7 5 5 6.475606839358888e-05
6 6 6 4 -0.0011008906966335288
7 6 6 5 -0.0011008906966335288
6 7 7 4 -0.0011008906966335288
7 7 7 5 -0.0011008906966335288
6 8 2 4 4.635183534982254e-05
7 8 2 5 4.635183534982254e-05
6 9 3 4 4.635183534982254e-05
7 9 3 5 4.635183534982254e-05
6 8 8 4 -0.0008414991694631024
7 8 8 5 -0.0008414991694631024
6 9 9 4 -0.0008414991694631024
7 9 9 5 -0.0008414991694631024
6 10 0 4 -8.370493087150768e-05
7 10 0 5 -8.370493087150768e-05
6 11 1 4 -8.370493087150768e-05
7 11 1 5 -8.370493087150768e-05
6 10 10 4 -0.0005533309970660225
7 10 10 5 -0.0005533309970660225
6 11 11 4 -0.0005533309970660225
7 11 11 5 -0.0005533309970660225
6 0 0 6 0.12936535420536038
7 0 0 7 0.12936535420536038
6 1 1 6 0.12936535420536038
7 1 1 7 0.12936535420536038
6 0 10 6 0.00396674967113689
7 0 10 7 0.00396674967113689
6 1 11 6 0.00396674967113689
7 1 11 7 0.00396674967113689
6 2 2 6 0.11986251622290553
7 2 2 7 0.11986251622290553
6 3 3 6 0.11986251622290553
7 3 3 7 0.11986251622290553
6 2 8 6 -0.0008414991694631019
7 2 8 7 -0.0008414991694631019
6 3 9 6 -0.0008414991694631019
7 3 9 7 -0.0008414991694631019
6 4 4 6 0.12032623431130944
7 4 4 7 0.12032623431130944
6 5 5 6 0.12032623431130944
7 5 5 7 0.12032623431130944
6 4 6 6 -0.0011008906966335288
7 4 6 7 -0.0011008906966335288
6 5 7 6 -0.0011008906966335288
7 5 7 7 -0.0011008906966335288
6 6 4 6 -0.0011008906966335288
7 6 4 7 -0.0011008906966335288
6 7 5 6 -0.0011008906966335288
7 7 5 7 -0.0011008906966335288
6 6 6 6 0.3815652232716363
7 6 6 7 0.3815652232716363
6 7 7 6 0.3815652232716363
7 7 7 7 0.3815652232716363
6 8 2 6 -0.0008414991694631021
7 8 2 7 -0.0008414991694631021
6 9 3 6 -0.0008414991694631021
7 9 3 7 -0.0008414991694631021
6 8 8 6 0.34041642872227396
7 8 8 7 0.34041642872227396
6 9 9 6 0.34041642872227396
7 9 9 7 0.34041642872227396
6 10 0 6 0.003966749671136889
7 10 0 7 0.003966749671136889
6 11 1 6 0.003966749671136889
7 11 1 7 0.003966749671136889
6 10 10 6 0.3420181980393258
7 10 10 7 0.3420181980393258
6 11 11 6 0.3420181980393258
7 11 11 7 0.3420181980393258
6 2 4 8 0.00023185904390983028
7 2 4 9 0.00023185904390983028
6 3 5 8 0.00023185904390983028
7 3 5 9 0.00023185904390983028
6 2 6 8 -0.0001296957531107982
7 2 6 9 -0.0001296957531107982
6 3 7 8 -0.0001296957531107982
7 3 7 9 -0.0001296957531107982
6 4 2 8 0.00023185904390983028
7 4 2 9 0.00023185904390983028
6 5 3 8 0.00023185904390983028
7 5 3 9 0.00023185904390983028
6 4 8 8 -0.0001296957531107982
7 4 8 9 -0.0001296957531107982
6 5 9 8 -0.0001296957531107982
7 5 9 9 -0.0001296957531107982
6 6 2 8 -0.0001296957531107982
7 6 2 9 -0.0001296957531107982
6 7 3 8 -0.0001296957531107982
7 7 3 9 -0.0001296957531107982
6 6 8 8 0.020574397024194453
7 6 8 9 0.020574397024194453
6 7 9 8 0.020574397024194453
7 7 9 9 0.020574397024194453
6 8 4 8 -0.0001296957531107982
7 8 4 9 -0.0001296957531107982
6 9 5 8 -0.0001296957531107982
7 9 5 9 -0.0001296957531107982
6 8 6 8 0.020574397024194453
7 8 6 9 0.020574397024194453
6 9 7 8 0.020574397024194453
7 9 7 9 0.020574397024194453
6 0 4 10 -0.0008740605447306402
7 0 4 11 -0.0008740605447306402
6 1 5 10 -0.0008740605447306402
7 1 5 11 -0.0008740605447306402
6 0 6 10 0.0005304129279633179
7 0 6 11 0.0005304129279633179
6 1 7 10 0.0005304129279633179
7 1 7 11 0.0005304129279633179
6 4 0 10 -0.0008740605447306401
7 4 0 11 -0.0008740605447306401
6 5 1 10 -0.0008740605447306401
7 5 1 11 -0.0008740605447306401
6 4 10 10 5.1627595135870075e-05
7 4 10 11 5.1627595135870075e-05
6 5 11 10 5.1627595135870075e-05
7 5 11 11 5.1627595135870075e-05
6 6 0 10 0.0005304129279633179
7 6 0 11 0.0005304129279633179
6 7 1 10 0.0005304129279633179
7 7 1 11 0.0005304129279633179
6 6 10 10 0.020821450544908547
7 6 10 11 0.020821450544908547
6 7 11 10 0.020821450544908547
7 7 11 11 0.020821450544908547
6 10 4 10 5.162759513587002e-05
7 10 4 11 5.162759513587002e-05
6 11 5 10 5.162759513587002e-05
7 11 5 11 5.162759513587002e-05
6 10 6 10 0.020821450544908547
7 10 6 11 0.020821450544908547
6 11 7 10 0.020821450544908547
7 11 7 11 0.020821450544908547
8 0 2 0 5.162580509076995e-05
9 0 2 1 5.162580509076995e-05
8 1 3 0 5.162580509076995e-05
9 1 3 1 5.162580509076995e-05
8 0 8 0 0.0005497504575793432
9 0 8 1 0.0005497504575793432
8 1 9 0 0.0005497504575793432
9 1 9 1 0.0005497504575793432
8 2 0 0 5.1625805090769734e-05
9 2 0 1 5.1625805090769734e-05
8 3 1 0 5.1625805090769734e-05
9 3 1 1 5.1625805090769734e-05
8 2 10 0 3.893604327612044e-05
9 2 10 1 3.893604327612044e-05
8 3 11 0 3.893604327612044e-05
9 3 11 1 3.893604327612044e-05
8 8 0 0 0.0005497504575793432
9 8 0 1 0.0005497504575793432
8 9 1 0 0.0005497504575793432
9 9 1 1 0.0005497504575793432
8 8 10 0 0.0005304129279633179
9 8 10 1 0.0005304129279633179
8 9 11 0 0.0005304129279633179
9 9 11 1 0.0005304129279633179
8 10 2 0 3.893604327612049e-05
9 10 2 1 3.893604327612049e-05
8 11 3 0 3.893604327612049e-05
9 11 3 1 3.893604327612049e-05
8 10 8 0 0.0005304129279633175
9 10 8 1 0.0005304129279633175
8 11 9 0 0.0005304129279633175
9 11 9 1 0.0005304129279633175
8 0 0 2 -0.0005533372087510469
9 0 0 3 -0.0005533372087510469
8 1 1 2 -0.0005533372087510469
9 1 1 3 -0.0005533372087510469
8 0 10 2 -8.37049308715076e-05
9 0 10 3 -8.37049308715076e-05
8 1 11 2 -8.37049308715076e-05
9 1 11 3 -8.37049308715076e-05
8 2 2 2 -0.0011008907488564866
9 2 2 3 -0.0011008907488564866
8 3 3 2 -0.0011008907488564866
9 3 3 3 -0.0011008907488564866
8 2 8 2 6.475606839358886e-05
9 2 8 3 6.475606839358886e-05
8 3 9 2 6.475606839358886e-05
9 3 9 3 6.475606839358886e-05
8 4 4 2 -0.0008414992135557494
9 4 4 3 -0.0008414992135557494
8 5 5 2 -0.0008414992135557494
9 5 5 3 -0.0008414992135557494
8 4 6 2 4.6351835349822535e-05
9 4 6 3 4.6351835349822535e-05
8 5 7 2 4.6351835349822535e-05
9 5 7 3 4.6351835349822535e-05
8 6 4 2 4.635183534982254e-05
9 6 4 3 4.635183534982254e-05
8 7 5 2 4.635183534982254e-05
9 7 5 3 4.635183534982254e-05
8 6 6 2 -0.0008414991694631024
9 6 6 3 -0.0008414991694631024
8 7 7 2 -0.0008414991694631024
9 7 7 3 -0.0008414991694631024
8 8 2 2 6.475606839358888e-05
9 8 2 3 6.475606839358888e-05
8 9 3 2 6.475606839358888e-05
9 9 3 3 6.475606839358888e-05
8 8 8 2 -0.0011008906966335288
9 8 8 3 -0.0011008906966335288
8 9 9 2 -0.0011008906966335288
9 9 9 3 -0.0011008906966335288
8 10 0 2 -8.370493087150768e-05
9 10 0 3 -8.370493087150768e-05
8 11 1 2 -8.370493087150768e-05
9 11 1 3 -8.370493087150768e-05
8 10 10 2 -0.0005533309970660225
9 10 10 3 -0.0005533309970660225
8 11 11 2 -0.0005533309970660225
9 11 11 3 -0.0005533309970660225
8 2 4 4 -0.00012969575717595324
9 2 4 5 -0.00012969575717595324
8 3 5 4 -0.00012969575717595324
9 3 5 5 -0.00012969575717595324
8 2 6 4 9.201866035173197e-06
9 2 6 5 9.201866035173197e-06
8 3 7 4 9.201866035173197e-06
9 3 7 5 9.201866035173197e-06
8 4 2 4 -0.00012969575717595324
9 4 2 5 -0.00012969575717595324
8 5 3 4 -0.00012969575717595324
9 5 3 5 -0.00012969575717595324
8 4 8 4 9.201866035173197e-06
9 4 8 5 9.201866035173197e-06
8 5 9 4 9.201866035173197e-06
9 5 9 5 9.201866035173197e-06
8 6 2 4 9.201866035173197e-06
9 6 2 5 9.201866035173197e-06
8 7 3 4 9.201866035173197e-06
9 7 3 5 9.201866035173197e-06
8 6 8 4 -0.00012969575311079813
9 6 8 5 -0.00012969575311079813
8 7 9 4 -0.00012969575311079813
9 7 9 5 -0.00012969575311079813
8 8 4 4 9.201866035173197e-06
9 8 4 5 9.201866035173197e-06
8 9 5 4 9.201866035173197e-06
9 9 5 5 9.201866035173197e-06
8 8 6 4 -0.00012969575311079813
9 8 6 5 -0.00012969575311079813
8 9 7 4 -0.00012969575311079813
9 9 7 5 -0.00012969575311079813
8 2 4 6 0.00023185904390983028
9 2 4 7 0.00023185904390983028
8 3 5 6 0.00023185904390983028
9 3 5 7 0.00023185904390983028
8 2 6 6 -0.0001296957531107982
9 2 6 7 -0.0001296957531107982
8 3 7 6 -0.0001296957531107982
9 3 7 7 -0.0001296957531107982
8 4 2 6 0.00023185904390983028
9 4 2 7 0.00023185904390983028
8 5 3 6 0.00023185904390983028
9 5 3 7 0.00023185904390983028
8 4 8 6 -0.0001296957531107982
9 4 8 7 -0.0001296957531107982
8 5 9 6 -0.0001296957531107982
9 5 9 7 -0.0001296957531107982
8 6 2 6 -0.0001296957531107982
9 6 2 7 -0.0001296957531107982
8 7 3 6 -0.0001296957531107982
9 7 3 7 -0.0001296957531107982
8 6 8 6 0.020574397024194453
9 6 8 7 0.020574397024194453
8 7 9 6 0.020574397024194453
9 7 9 7 0.020574397024194453
8 8 4 6 -0.0001296957531107982
9 8 4 7 -0.0001296957531107982
8 9 5 6 -0.0001296957531107982
9 9 5 7 -0.0001296957531107982
8 8 6 6 0.020574397024194453
9 8 6 7 0.020574397024194453
8 9 7 6 0.020574397024194453
9 9 7 7 0.020574397024194453
8 0 0 8 0.12936535420536038
9 0 0 9 0.12936535420536038
8 1 1 8 0.12936535420536038
9 1 1 9 0.12936535420536038
8 0 10 8 0.00396674967113689
9 0 10 9 0.00396674967113689
8 1 11 8 0.00396674967113689
9 1 11 9 0.00396674967113689
8 2 2 8 0.12032623431130944
9 2 2 9 0.12032623431130944
8 3 3 8 0.12032623431130944
9 3 3 9 0.12032623431130944
8 2 8 8 -0.0011008906966335288
9 2 8 9 -0.0011008906966335288
8 3 9 8 -0.0011008906966335288
9 3 9 9 -0.0011008906966335288
8 4 4 8 0.11986251622290553
9 4 4 9 0.11986251622290553
8 5 5 8 0.11986251622290553
9 5 5 9 0.11986251622290553
8 4 6 8 -0.0008414991694631019
9 4 6 9 -0.0008414991694631019
8 5 7 8 -0.0008414991694631019
9 5 7 9 -0.0008414991694631019
8 6 4 8 -0.0008414991694631021
9 6 4 9 -0.0008414991694631021
8 7 5 8 -0.0008414991694631021
9 7 5 9 -0.0008414991694631021
8 6 6 8 0.34041642872227396
9 6 6 9 0.34041642872227396
8 7 7 8 0.34041642872227396
9 7 7 9 0.34041642872227396
8 8 2 8 -0.0011008906966335288
9 8 2 9 -0.0011008906966335288
8 9 3 8 -0.0011008906966335288
9 9 3 9 -0.0011008906966335288
8 8 8 8 0.3815652232716363
9 8 8 9 0.3815652232716363
8 9 9 8 0.3815652232716363
9 9 9 9 0.3815652232716363
8 10 0 8 0.003966749671136889
9 10 0 9 0.003966749671136889
8 11 1 8 0.003966749671136889
9 11 1 9 0.003966749671136889
8 10 10 8 0.3420181980393258
9 10 10 9 0.3420181980393258
8 11 11 8 0.3420181980393258
9 11 11 9 0.3420181980393258
8 0 2 10 -0.0008740605447306402
9 0 2 11 -0.0008740605447306402
8 1 3 10 -0.0008740605447306402
9 1 3 11 -0.0008740605447306402
8 0 8 10 0.0005304129279633179
9 0 8 11 0.0005304129279633179
8 1 9 10 0.0005304129279633179
9 1 9 11 0.0005304129279633179
8 2 0 10 -0.0008740605447306401
9 2 0 11 -0.0008740605447306401
8 3 1 10 -0.0008740605447306401
9 3 1 11 -0.0008740605447306401
8 2 10 10 5.1627595135870075e-05
9 2 10 11 5.1627595135870075e-05
8 3 11 10 5.1627595135870075e-05
9 3 11 11 5.1627595135870075e-05
8 8 0 10 0.0005304129279633179
9 8 0 11 0.0005304129279633179
8 9 1 10 0.0005304129279633179
9 9 1 11 0.0005304129279633179
8 8 10 10 0.020821450544908547
9 8 10 11 0.020821450544908547
8 9 11 10 0.020821450544908547
9 9 11 11 0.020821450544908547
8 10 2 10 5.162759513587002e-05
9 10 2 11 5.162759513587002e-05
8 11 3 10 5.162759513587002e-05
9 11 3 11 5.162759513587002e-05
8 10 8 10 0.020821450544908547
9 10 8 11 0.020821450544908547
8 11 9 10 0.020821450544908547
9 11 9 11 0.020821450544908547
10 0 0 0 0.004064652764626617
11 0 0 1 0.004064652764626617
10 1 1 0 0.004064652764626617
11 1 1 1 0.004064652764626617
10 0 10 0 0.0009634576511143448
11 0 10 1 0.0009634576511143448
10 1 11 0 0.0009634576511143448
11 1 11 1 0.0009634576511143448
10 2 2 0 0.003966648904010505
11 2 2 1 0.003966648904010505
10 3 3 0 0.003966648904010505
11 3 3 1 0.003966648904010505
10 2 8 0 -8.370493087150744e-05
11 2 8 1 -8.370493087150744e-05
10 3 9 0 -8.370493087150744e-05
11 3 9 1 -8.370493087150744e-05
10 4 4 0 0.003966648904010505
11 4 4 1 0.003966648904010505
10 5 5 0 0.003966648904010505
11 5 5 1 0.003966648904010505
10 4 6 0 -8.370493087150744e-05
11 4 6 1 -8.370493087150744e-05
10 5 7 0 -8.370493087150744e-05
11 5 7 1 -8.370493087150744e-05
10 6 4 0 -8.370493087150753e-05
11 6 4 1 -8.370493087150753e-05
10 7 5 0 -8.370493087150753e-05
11 7 5 1 -8.370493087150753e-05
10 6 6 0 0.003966749671136886
11 6 6 1 0.003966749671136886
10 7 7 0 0.003966749671136886
11 7 7 1 0.003966749671136886
10 8 2 0 -8.370493087150753e-05
11 8 2 1 -8.370493087150753e-05
10 9 3 0 -8.370493087150753e-05
11 9 3 1 -8.370493087150753e-05
10 8 8 0 0.003966749671136886
11 8 8 1 0.003966749671136886
10 9 9 0 0.003966749671136886
11 9 9 1 0.003966749671136886
10 10 0 0 0.0009634576511143443
11 10 0 1 0.0009634576511143443
10 11 1 0 0.0009634576511143443
11 11 1 1 0.0009634576511143443
10 10 10 0 0.004064773835731349
11 10 10 1 0.004064773835731349
10 11 11 0 0.004064773835731349
11 11 11 1 0.004064773835731349
10 0 2 2 0.000530389774234504
11 0 2 3 0.000530389774234504
10 1 3 2 0.000530389774234504
11 1 3 3 0.000530389774234504
10 0 8 2 3.8936043276120434e-05
11 0 8 3 3.8936043276120434e-05
10 1 9 2 3.8936043276120434e-05
11 1 9 3 3.8936043276120434e-05
10 2 0 2 0.000530389774234504
11 2 0 3 0.000530389774234504
10 3 1 2 0.000530389774234504
11 3 1 3 0.000530389774234504
10 2 10 2 0.0005497627227033626
11 2 10 3 0.0005497627227033626
10 3 11 2 0.0005497627227033626
11 3 11 3 0.0005497627227033626
10 8 0 2 3.893604327612042e-05
11 8 0 3 3.893604327612042e-05
10 9 1 2 3.893604327612042e-05
11 9 1 3 3.893604327612042e-05
10 8 10 2 5.1627595135870054e-05
11 8 10 3 5.1627595135870054e-05
10 9 11 2 5.1627595135870054e-05
11 9 11 3 5.1627595135870054e-05
10 10 2 2 0.0005497627227033625
11 10 2 3 0.0005497627227033625
10 11 3 2 0.0005497627227033625
11 11 3 3 0.0005497627227033625
10 10 8 2 5.162759513587011e-05
11 10 8 3 5.162759513587011e-05
10 11 9 2 5.162759513587011e-05
11 11 9 3 5.162759513587011e-05
10 0 4 4 0.000530389774234504
11 0 4 5 0.000530389774234504
10 1 5 4 0.000530389774234504
11 1 5 5 0.000530389774234504
10 0 6 4 3.8936043276120434e-05
11 0 6 5 3.8936043276120434e-05
10 1 7 4 3.8936043276120434e-05
11 1 7 5 3.8936043276120434e-05
10 4 0 4 0.000530389774234504
11 4 0 5 0.000530389774234504
10 5 1 4 0.000530389774234504
11 5 1 5 0.000530389774234504
10 4 10 4 0.0005497627227033626
11 4 10 5 0.0005497627227033626
10 5 11 4 0.0005497627227033626
11 5 11 5 0.0005497627227033626
10 6 0 4 3.893604327612042e-05
11 6 0 5 3.893604327612042e-05
10 7 1 4 3.893604327612042e-05
11 7 1 5 3.893604327612042e-05
10 6 10 4 5.1627595135870054e-05
11 6 10 5 5.1627595135870054e-05
10 7 11 4 5.1627595135870054e-05
11 7 11 5 5.1627595135870054e-05
10 10 4 4 0.0005497627227033625
11 10 4 5 0.0005497627227033625
10 11 5 4 0.0005497627227033625
11 11 5 5 0.0005497627227033625
10 10 6 4 5.162759513587011e-05
11 10 6 5 5.162759513587011e-05
10 11 7 4 5.162759513587011e-05
11 11 7 5 5.162759513587011e-05
10 0 4 6 -0.0008740605447306401
11 0 4 7 -0.0008740605447306401
10 1 5 6 -0.0008740605447306401
11 1 5 7 -0.0008740605447306401
10 0 6 6 0.000530412927963318
11 0 6 7 0.000530412927963318
10 1 7 6 0.000530412927963318
11 1 7 7 0.000530412927963318
10 4 0 6 -0.00087406054473064
11 4 0 7 -0.00087406054473064
10 5 1 6 -0.00087406054473064
11 5 1 7 -0.00087406054473064
10 4 10 6 5.162759513587007e-05
11 4 10 7 5.162759513587007e-05
10 5 11 6 5.162759513587007e-05
11 5 11 7 5.162759513587007e-05
10 6 0 6 0.0005304129279633179
11 6 0 7 0.0005304129279633179
10 7 1 6 0.0005304129279633179
11 7 1 7 0.0005304129279633179
10 6 10 6 0.020821450544908544
11 6 10 7 0.020821450544908544
10 7 11 6 0.020821450544908544
11 7 11 7 0.020821450544908544
10 10 4 6 5.162759513587002e-05
11 10 4 7 5.162759513587002e-05
10 11 5 6 5.162759513587002e-05
11 11 5 7 5.162759513587002e-05
10 10 6 6 0.020821450544908544
11 10 6 7 0.020821450544908544
10 11 7 6 0.020821450544908544
11 11 7 7 0.020821450544908544
10 0 2 8 -0.0008740605447306401
11 0 2 9 -0.0008740605447306401
10 1 3 8 -0.0008740605447306401
11 1 3 9 -0.0008740605447306401
10 0 8 8 0.000530412927963318
11 0 8 9 0.000530412927963318
10 1 9 8 0.000530412927963318
11 1 9 9 0.000530412927963318
10 2 0 8 -0.00087406054473064
11 2 0 9 -0.00087406054473064
10 3 1 8 -0.00087406054473064
11 3 1 9 -0.00087406054473064
10 2 10 8 5.162759513587007e-05
11 2 10 9 5.162759513587007e-05
10 3 11 8 5.162759513587007e-05
11 3 11 9 5.162759513587007e-05
10 8 0 8 0.0005304129279633179
11 8 0 9 0.0005304129279633179
10 9 1 8 0.0005304129279633179
11 9 1 9 0.0005304129279633179
10 8 10 8 0.020821450544908544
11 8 10 9 0.020821450544908544
10 9 11 8 0.020821450544908544
11 9 11 9 0.020821450544908544
10 10 2 8 5.162759513587002e-05
11 10 2 9 5.162759513587002e-05
10 11 3 8 5.162759513587002e-05
11 11 3 9 5.162759513587002e-05
10 10 8 8 0.020821450544908544
11 10 8 9 0.020821450544908544
10 11 9 8 0.020821450544908544
11 11 9 9 0.020821450544908544
10 0 0 10 0.14160104429604495
11 0 0 11 0.14160104429604495
10 1 1 10 0.14160104429604495
11 1 1 11 0.14160104429604495
10 0 10 10 0.004064773835731357
11 0 10 11 0.004064773835731357
10 1 11 10 0.004064773835731357
11 1 11 11 0.004064773835731357
10 2 2 10 0.12936558215827682
11 2 2 11 0.12936558215827682
10 3 3 10 0.12936558215827682
11 3 3 11 0.12936558215827682
10 2 8 10 -0.0005533309970660214
11 2 8 11 -0.0005533309970660214
10 3 9 10 -0.0005533309970660214
11 3 9 11 -0.0005533309970660214
10 4 4 10 0.12936558215827682
11 4 4 11 0.12936558215827682
10 5 5 10 0.12936558215827682
11 5 5 11 0.12936558215827682
10 4 6 10 -0.0005533309970660214
11 4 6 11 -0.0005533309970660214
10 5 7 10 -0.0005533309970660214
11 5 7 11 -0.0005533309970660214
10 6 4 10 -0.0005533309970660216
11 6 4 11 -0.0005533309970660216
10 7 5 10 -0.0005533309970660216
11 7 5 11 -0.0005533309970660216
10 6 6 10 0.34201819803932576
11 6 6 11 0.34201819803932576
10 7 7 10 0.34201819803932576
11 7 7 11 0.34201819803932576
10 8 2 10 -0.0005533309970660216
11 8 2 11 -0.0005533309970660216
10 9 3 10 -0.0005533309970660216
11 9 3 11 -0.0005533309970660216
10 8 8 10 0.34201819803932576
11 8 8 11 0.34201819803932576
10 9 9 10 0.34201819803932576
11 9 9 11 0.34201819803932576
10 10 0 10 0.0040647738357313555
11 10 0 11 0.0040647738357313555
10 11 1 10 0.0040647738357313555
11 11 1 11 0.0040647738357313555
10 10 10 10 0.38498280641000837
11 10 10 11 0.38498280641000837
10 11 11 10 0.38498280641000837
11 11 11 11 0.38498280641000837
