-98.65884290358197
0 0 -2.4735118288496887
1 1 -2.4735118288496887
0 10 0.04218723932089749
1 11 0.04218723932089749
2 2 -2.432831943019538
3 3 -2.432831943019538
2 8 -0.009263453411780918
3 9 -0.009263453411780918
4 4 -2.432831943019538
5 5 -2.432831943019538
4 6 -0.009263453533422282
5 7 -0.009263453533422282
6 4 -0.009263453533422278
7 5 -0.009263453533422278
6 6 -2.432831880508889
7 7 -2.432831880508889
8 2 -0.009263453411780908
9 3 -0.009263453411780908
8 8 -2.432831880505997
9 9 -2.432831880505997
10 0 0.04218723932089752
11 1 0.04218723932089752
10 10 -2.4735117558966078
11 11 -2.4735117558966078
0 0 0 0 0.38317020262662077
1 0 0 1 0.38317020262662077
0 1 1 0 0.38317020262662077
1 1 1 1 0.38317020262662077
0 0 10 0 0.0030825505706284758
1 0 10 1 0.0030825505706284758
0 1 11 0 0.0030825505706284758
1 1 11 1 0.0030825505706284758
0 2 2 0 0.34113931000731057
1 2 2 1 0.34113931000731057
0 3 3 0 0.34113931000731057
1 3 3 1 0.34113931000731057
0 2 8 0 -0.00040878932998920816
1 2 8 1 -0.00040878932998920816
0 3 9 0 -0.00040878932998920816
1 3 9 1 -0.00040878932998920816
0 4 4 0 0.34113931000731057
1 4 4 1 0.34113931000731057
0 5 5 0 0.34113931000731057
1 5 5 1 0.34113931000731057
0 4 6 0 -0.00040878931293296465
1 4 6 1 -0.00040878931293296465
0 5 7 0 -0.00040878931293296465
1 5 7 1 -0.00040878931293296465
0 6 4 0 -0.00040878931293296487
1 6 4 1 -0.00040878931293296487
0 7 5 0 -0.00040878931293296487
1 7 5 1 -0.00040878931293296487
0 6 6 0 0.11742653725559724
1 6 6 1 0.11742653725559724
0 7 7 0 0.11742653725559724
1 7 7 1 0.11742653725559724
0 8 2 0 -0.00040878932998920816
1 8 2 1 -0.00040878932998920816
0 9 3 0 -0.00040878932998920816
1 9 3 1 -0.00040878932998920816
0 8 8 0 0.11742653725554321
1 8 8 1 0.11742653725554321
0 9 9 0 0.11742653725554321
1 9 9 1 0.11742653725554321
0 10 0 0 0.0030825505706284706
1 10 0 1 0.0030825505706284706
0 11 1 0 0.0030825505706284706
1 11 1 1 0.0030825505706284706
0 10 10 0 0.12648041624445175
1 10 10 1 0.12648041624445175
0 11 11 0 0.12648041624445175
1 11 11 1 0.12648041624445175
0 0 2 2 0.020676516264217994
1 0 2 3 0.020676516264217994
0 1 3 2 0.020676516264217994
1 1 3 3 0.020676516264217994
0 0 8 2 2.9027649553910122e-05
1 0 8 3 2.9027649553910122e-05
0 1 9 2 2.9027649553910122e-05
1 1 9 3 2.9027649553910122e-05
0 2 0 2 0.020676516264218
1 2 0 3 0.020676516264218
0 3 1 2 0.020676516264218
1 3 1 3 0.020676516264218
0 2 10 2 0.0003931080897553075
1 2 10 3 0.0003931080897553075
0 3 11 2 0.0003931080897553075
1 3 11 3 0.0003931080897553075
0 8 0 2 2.902764955391005e-05
1 8 0 3 2.902764955391005e-05
0 9 1 2 2.902764955391005e-05
1 9 1 3 2.902764955391005e-05
0 8 10 2 -0.0005759272015705237
1 8 10 3 -0.0005759272015705237
0 9 11 2 -0.0005759272015705237
1 9 11 3 -0.0005759272015705237
0 10 2 2 0.0003931080897553074
1 10 2 3 0.0003931080897553074
0 11 3 2 0.0003931080897553074
1 11 3 3 0.0003931080897553074
0 10 8 2 -0.0005759272015705235
1 10 8 3 -0.0005759272015705235
0 11 9 2 -0.0005759272015705235
1 11 9 3 -0.0005759272015705235
0 0 4 4 0.020676516264217994
1 0 4 5 0.020676516264217994
0 1 5 4 0.020676516264217994
1 1 5 5 0.020676516264217994
0 0 6 4 2.902765058771387e-05
1 0 6 5 2.902765058771387e-05
0 1 7 4 2.902765058771387e-05
1 1 7 5 2.902765058771387e-05
0 4 0 4 0.020676516264218
1 4 0 5 0.020676516264218
0 5 1 4 0.020676516264218
1 5 1 5 0.020676516264218
0 4 10 4 0.0003931080897553075
1 4 10 5 0.0003931080897553075
0 5 11 4 0.0003931080897553075
1 5 11 5 0.0003931080897553075
0 6 0 4 2.9027650587713837e-05
1 6 0 5 2.9027650587713837e-05
0 7 1 4 2.9027650587713837e-05
1 7 1 5 2.9027650587713837e-05
0 6 10 4 -0.0005759272015511016
1 6 10 5 -0.0005759272015511016
0 7 11 4 -0.0005759272015511016
1 7 11 5 -0.0005759272015511016
0 10 4 4 0.0003931080897553074
1 10 4 5 0.0003931080897553074
0 11 5 4 0.0003931080897553074
1 11 5 5 0.0003931080897553074
0 10 6 4 -0.0005759272015511016
1 10 6 5 -0.0005759272015511016
0 11 7 4 -0.0005759272015511016
1 11 7 5 -0.0005759272015511016
0 0 4 6 2.902765058771391e-05
1 0 4 7 2.902765058771391e-05
0 1 5 6 2.902765058771391e-05
1 1 5 7 2.902765058771391e-05
0 0 6 6 0.0002743347920637344
1 0 6 7 0.0002743347920637344
0 1 7 6 0.0002743347920637344
1 1 7 7 0.0002743347920637344
0 4 0 6 2.9027650587713837e-05
1 4 0 7 2.9027650587713837e-05
0 5 1 6 2.9027650587713837e-05
1 5 1 7 2.9027650587713837e-05
0 4 10 6 1.363531087765799e-05
1 4 10 7 1.363531087765799e-05
0 5 11 6 1.363531087765799e-05
1 5 11 7 1.363531087765799e-05
0 6 0 6 0.00027433479206373447
1 6 0 7 0.00027433479206373447
0 7 1 6 0.00027433479206373447
1 7 1 7 0.00027433479206373447
0 6 10 6 0.00039310808975530733
1 6 10 7 0.00039310808975530733
0 7 11 6 0.00039310808975530733
1 7 11 7 0.00039310808975530733
0 10 4 6 1.3635310877658007e-05
1 10 4 7 1.3635310877658007e-05
0 11 5 6 1.3635310877658007e-05
1 11 5 7 1.3635310877658007e-05
0 10 6 6 0.0003931080897553072
1 10 6 7 0.0003931080897553072
0 11 7 6 0.0003931080897553072
1 11 7 7 0.0003931080897553072
0 0 2 8 2.902764955391014e-05
1 0 2 9 2.902764955391014e-05
0 1 3 8 2.902764955391014e-05
1 1 3 9 2.902764955391014e-05
0 0 8 8 0.00027433479206061023
1 0 8 9 0.00027433479206061023
0 1 9 8 0.00027433479206061023
1 1 9 9 0.00027433479206061023
0 2 0 8 2.9027649553910037e-05
1 2 0 9 2.9027649553910037e-05
0 3 1 8 2.9027649553910037e-05
1 3 1 9 2.9027649553910037e-05
0 2 10 8 1.3635310857997718e-05
1 2 10 9 1.3635310857997718e-05
0 3 11 8 1.3635310857997718e-05
1 3 11 9 1.3635310857997718e-05
0 8 0 8 0.00027433479206061007
1 8 0 9 0.00027433479206061007
0 9 1 8 0.00027433479206061007
1 9 1 9 0.00027433479206061007
0 8 10 8 0.0003931080897831038
1 8 10 9 0.0003931080897831038
0 9 11 8 0.0003931080897831038
1 9 11 9 0.0003931080897831038
0 10 2 8 1.3635310857997735e-05
1 10 2 9 1.3635310857997735e-05
0 11 3 8 1.3635310857997735e-05
1 11 3 9 1.3635310857997735e-05
0 10 8 8 0.00039310808978310356
1 10 8 9 0.00039310808978310356
0 11 9 8 0.00039310808978310356
1 11 9 9 0.00039310808978310356
0 0 0 10 0.0030825505706284714
1 0 0 11 0.0030825505706284714
0 1 1 10 0.0030825505706284714
1 1 1 11 0.0030825505706284714
0 0 10 10 0.0005489202660807254
1 0 10 11 0.0005489202660807254
0 1 11 10 0.0005489202660807254
1 1 11 11 0.0005489202660807254
0 2 2 10 0.0030320771218254917
1 2 2 11 0.0030320771218254917
0 3 3 10 0.0030320771218254917
1 3 3 11 0.0030320771218254917
0 2 8 10 -4.79238296951555e-05
1 2 8 11 -4.79238296951555e-05
0 3 9 10 -4.79238296951555e-05
1 3 9 11 -4.79238296951555e-05
0 4 4 10 0.0030320771218254917
1 4 4 11 0.0030320771218254917
0 5 5 10 0.0030320771218254917
1 5 5 11 0.0030320771218254917
0 4 6 10 -4.792382954357594e-05
1 4 6 11 -4.792382954357594e-05
0 5 7 10 -4.792382954357594e-05
1 5 7 11 -4.792382954357594e-05
0 6 4 10 -4.792382954357593e-05
1 6 4 11 -4.792382954357593e-05
0 7 5 10 -4.792382954357593e-05
1 7 5 11 -4.792382954357593e-05
0 6 6 10 0.00303207712182549
1 6 6 11 0.00303207712182549
0 7 7 10 0.00303207712182549
1 7 7 11 0.00303207712182549
0 8 2 10 -4.7923829695155484e-05
1 8 2 11 -4.7923829695155484e-05
0 9 3 10 -4.7923829695155484e-05
1 9 3 11 -4.7923829695155484e-05
0 8 8 10 0.003032077121827837
1 8 8 11 0.003032077121827837
0 9 9 10 0.003032077121827837
1 9 9 11 0.003032077121827837
0 10 0 10 0.0005489202660807246
1 10 0 11 0.0005489202660807246
0 11 1 10 0.0005489202660807246
1 11 1 11 0.0005489202660807246
0 10 10 10 0.003082550570628475
1 10 10 11 0.003082550570628475
0 11 11 10 0.003082550570628475
1 11 11 11 0.003082550570628475
2 0 2 0 0.020676516264217997
3 0 2 1 0.020676516264217997
2 1 3 0 0.020676516264217997
3 1 3 1 0.020676516264217997
2 0 8 0 2.9027649553910122e-05
3 0 8 1 2.9027649553910122e-05
2 1 9 0 2.9027649553910122e-05
3 1 9 1 2.9027649553910122e-05
2 2 0 0 0.020676516264218004
3 2 0 1 0.020676516264218004
2 3 1 0 0.020676516264218004
3 3 1 1 0.020676516264218004
2 2 10 0 0.0003931080897553075
3 2 10 1 0.0003931080897553075
2 3 11 0 0.0003931080897553075
3 3 11 1 0.0003931080897553075
2 8 0 0 2.9027649553910047e-05
3 8 0 1 2.9027649553910047e-05
2 9 1 0 2.9027649553910047e-05
3 9 1 1 2.9027649553910047e-05
2 8 10 0 -0.0005759272015705236
3 8 10 1 -0.0005759272015705236
2 9 11 0 -0.0005759272015705236
3 9 11 1 -0.0005759272015705236
2 10 2 0 0.00039310808975530744
3 10 2 1 0.00039310808975530744
2 11 3 0 0.00039310808975530744
3 11 3 1 0.00039310808975530744
2 10 8 0 -0.0005759272015705235
3 10 8 1 -0.0005759272015705235
2 11 9 0 -0.0005759272015705235
3 11 9 1 -0.0005759272015705235
2 0 0 2 0.3411393100073107
3 0 0 3 0.3411393100073107
2 1 1 2 0.3411393100073107
3 1 1 3 0.3411393100073107
2 0 10 2 0.003032077121825492
3 0 10 3 0.003032077121825492
2 1 11 2 0.003032077121825492
3 1 11 3 0.003032077121825492
2 2 2 2 0.38146211594974383
3 2 2 3 0.38146211594974383
2 3 3 2 0.38146211594974383
3 3 3 3 0.38146211594974383
2 2 8 2 -0.0007586040845695735
3 2 8 3 -0.0007586040845695735
2 3 9 2 -0.0007586040845695735
3 3 9 3 -0.0007586040845695735
2 4 4 2 0.34033253786115775
3 4 4 3 0.34033253786115775
2 5 5 2 0.34033253786115775
3 5 5 3 0.34033253786115775
2 4 6 2 -0.0005811767214546772
3 4 6 3 -0.0005811767214546772
2 5 7 2 -0.0005811767214546772
3 5 7 3 -0.0005811767214546772
2 6 4 2 -0.0005811767214546773
3 6 4 3 -0.0005811767214546773
2 7 5 2 -0.0005811767214546773
3 7 5 3 -0.0005811767214546773
2 6 6 2 0.11036043423722118
3 6 6 3 0.11036043423722118
2 7 7 2 0.11036043423722118
3 7 7 3 0.11036043423722118
2 8 2 2 -0.0007586040845695737
3 8 2 3 -0.0007586040845695737
2 9 3 2 -0.0007586040845695737
3 9 3 3 -0.0007586040845695737
2 8 8 2 0.11066017872348183
3 8 8 3 0.11066017872348183
2 9 9 2 0.11066017872348183
3 9 9 3 0.11066017872348183
2 10 0 2 0.003032077121825495
3 10 0 3 0.003032077121825495
2 11 1 2 0.003032077121825495
3 11 1 3 0.003032077121825495
2 10 10 2 0.11742653725559722
3 10 10 3 0.11742653725559722
2 11 11 2 0.11742653725559722
3 11 11 3 0.11742653725559722
2 2 4 4 0.020564788786047478
3 2 4 5 0.020564788786047478
2 3 5 4 0.020564788786047478
3 3 5 5 0.020564788786047478
2 2 6 4 -8.871341576373628e-05
3 2 6 5 -8.871341576373628e-05
2 3 7 4 -8.871341576373628e-05
3 3 7 5 -8.871341576373628e-05
2 4 2 4 0.020564788786047478
3 4 2 5 0.020564788786047478
2 5 3 4 0.020564788786047478
3 5 3 5 0.020564788786047478
2 4 8 4 -8.871341679190633e-05
3 4 8 5 -8.871341679190633e-05
2 5 9 4 -8.871341679190633e-05
3 5 9 5 -8.871341679190633e-05
2 6 2 4 -8.871341576373627e-05
3 6 2 5 -8.871341576373627e-05
2 7 3 4 -8.871341576373627e-05
3 7 3 5 -8.871341576373627e-05
2 6 8 4 0.00014987223496117013
3 6 8 5 0.00014987223496117013
2 7 9 4 0.00014987223496117013
3 7 9 5 0.00014987223496117013
2 8 4 4 -8.871341679190633e-05
3 8 4 5 -8.871341679190633e-05
2 9 5 4 -8.871341679190633e-05
3 9 5 5 -8.871341679190633e-05
2 8 6 4 0.00014987223496117013
3 8 6 5 0.00014987223496117013
2 9 7 4 0.00014987223496117013
3 9 7 5 0.00014987223496117013
2 2 4 6 -8.871341576373627e-05
3 2 4 7 -8.871341576373627e-05
2 3 5 6 -8.871341576373627e-05
3 3 5 7 -8.871341576373627e-05
2 2 6 6 3.5000299623922944e-06
3 2 6 7 3.5000299623922944e-06
2 3 7 6 3.5000299623922944e-06
3 3 7 7 3.5000299623922944e-06
2 4 2 6 -8.871341576373627e-05
3 4 2 7 -8.871341576373627e-05
2 5 3 6 -8.871341576373627e-05
3 5 3 7 -8.871341576373627e-05
2 4 8 6 3.5000299668264077e-06
3 4 8 7 3.5000299668264077e-06
2 5 9 6 3.5000299668264077e-06
3 5 9 7 3.5000299668264077e-06
2 6 2 6 3.500029962392295e-06
3 6 2 7 3.500029962392295e-06
2 7 3 6 3.500029962392295e-06
3 7 3 7 3.500029962392295e-06
2 6 8 6 -8.871341576387544e-05
3 6 8 7 -8.871341576387544e-05
2 7 9 6 -8.871341576387544e-05
3 7 9 7 -8.871341576387544e-05
2 8 4 6 3.5000299668264073e-06
3 8 4 7 3.5000299668264073e-06
2 9 5 6 3.5000299668264073e-06
3 9 5 7 3.5000299668264073e-06
2 8 6 6 -8.871341576387544e-05
3 8 6 7 -8.871341576387544e-05
2 9 7 6 -8.871341576387544e-05
3 9 7 7 -8.871341576387544e-05
2 0 0 8 -0.00040878932998920947
3 0 0 9 -0.00040878932998920947
2 1 1 8 -0.00040878932998920947
3 1 1 9 -0.00040878932998920947
2 0 10 8 -4.7923829695155436e-05
3 0 10 9 -4.7923829695155436e-05
2 1 11 8 -4.7923829695155436e-05
3 1 11 9 -4.7923829695155436e-05
2 2 2 8 -0.0007586040845695735
3 2 2 9 -0.0007586040845695735
2 3 3 8 -0.0007586040845695735
3 3 3 9 -0.0007586040845695735
2 2 8 8 2.5504676163844044e-05
3 2 8 9 2.5504676163844044e-05
2 3 9 8 2.5504676163844044e-05
3 3 9 9 2.5504676163844044e-05
2 4 4 8 -0.0005811767384705143
3 4 4 9 -0.0005811767384705143
2 5 5 8 -0.0005811767384705143
3 5 5 9 -0.0005811767384705143
2 4 6 8 1.8504099701134272e-05
3 4 6 9 1.8504099701134272e-05
2 5 7 8 1.8504099701134272e-05
3 5 7 9 1.8504099701134272e-05
2 6 4 8 1.8504099701134275e-05
3 6 4 9 1.8504099701134275e-05
2 7 5 8 1.8504099701134275e-05
3 7 5 9 1.8504099701134275e-05
2 6 6 8 -0.0005811767269722841
3 6 6 9 -0.0005811767269722841
2 7 7 8 -0.0005811767269722841
3 7 7 9 -0.0005811767269722841
2 8 2 8 2.5504676163844044e-05
3 8 2 9 2.5504676163844044e-05
2 9 3 8 2.5504676163844044e-05
3 9 3 9 2.5504676163844044e-05
2 8 8 8 -0.0007586040710318561
3 8 8 9 -0.0007586040710318561
2 9 9 8 -0.0007586040710318561
3 9 9 9 -0.0007586040710318561
2 10 0 8 -4.7923829695155525e-05
3 10 0 9 -4.7923829695155525e-05
2 11 1 8 -4.7923829695155525e-05
3 11 1 9 -4.7923829695155525e-05
2 10 10 8 -0.00040878931880393475
3 10 10 9 -0.00040878931880393475
2 11 11 8 -0.00040878931880393475
3 11 11 9 -0.00040878931880393475
2 0 2 10 0.000393108089755307
3 0 2 11 0.000393108089755307
2 1 3 10 0.000393108089755307
3 1 3 11 0.000393108089755307
2 0 8 10 1.3635310857997703e-05
3 0 8 11 1.3635310857997703e-05
2 1 9 10 1.3635310857997703e-05
3 1 9 11 1.3635310857997703e-05
2 2 0 10 0.00039310808975530766
3 2 0 11 0.00039310808975530766
2 3 1 10 0.00039310808975530766
3 3 1 11 0.00039310808975530766
2 2 10 10 0.0002743347920637344
3 2 10 11 0.0002743347920637344
2 3 11 10 0.0002743347920637344
3 3 11 11 0.0002743347920637344
2 8 0 10 1.363531085799772e-05
3 8 0 11 1.363531085799772e-05
2 9 1 10 1.363531085799772e-05
3 9 1 11 1.363531085799772e-05
2 8 10 10 2.902765057398587e-05
3 8 10 11 2.902765057398587e-05
2 9 11 10 2.902765057398587e-05
3 9 11 11 2.902765057398587e-05
2 10 2 10 0.0002743347920637343
3 10 2 11 0.0002743347920637343
2 11 3 10 0.0002743347920637343
3 11 3 11 0.0002743347920637343
2 10 8 10 2.9027650573985896e-05
3 10 8 11 2.9027650573985896e-05
2 11 9 10 2.9027650573985896e-05
3 11 9 11 2.9027650573985896e-05
4 0 4 0 0.020676516264217997
5 0 4 1 0.020676516264217997
4 1 5 0 0.020676516264217997
5 1 5 1 0.020676516264217997
4 0 6 0 2.9027650587713875e-05
5 0 6 1 2.9027650587713875e-05
4 1 7 0 2.9027650587713875e-05
5 1 7 1 2.9027650587713875e-05
4 4 0 0 0.020676516264218004
5 4 0 1 0.020676516264218004
4 5 1 0 0.020676516264218004
5 5 1 1 0.020676516264218004
4 4 10 0 0.0003931080897553075
5 4 10 1 0.0003931080897553075
4 5 11 0 0.0003931080897553075
5 5 11 1 0.0003931080897553075
4 6 0 0 2.902765058771384e-05
5 6 0 1 2.902765058771384e-05
4 7 1 0 2.902765058771384e-05
5 7 1 1 2.902765058771384e-05
4 6 10 0 -0.0005759272015511014
5 6 10 1 -0.0005759272015511014
4 7 11 0 -0.0005759272015511014
5 7 11 1 -0.0005759272015511014
4 10 4 0 0.00039310808975530744
5 10 4 1 0.00039310808975530744
4 11 5 0 0.00039310808975530744
5 11 5 1 0.00039310808975530744
4 10 6 0 -0.0005759272015511014
5 10 6 1 -0.0005759272015511014
4 11 7 0 -0.0005759272015511014
5 11 7 1 -0.0005759272015511014
4 2 4 2 0.020564788786047478
5 2 4 3 0.020564788786047478
4 3 5 2 0.020564788786047478
5 3 5 3 0.020564788786047478
4 2 6 2 -8.871341576373628e-05
5 2 6 3 -8.871341576373628e-05
4 3 7 2 -8.871341576373628e-05
5 3 7 3 -8.871341576373628e-05
4 4 2 2 0.020564788786047478
5 4 2 3 0.020564788786047478
4 5 3 2 0.020564788786047478
5 5 3 3 0.020564788786047478
4 4 8 2 -8.871341679190633e-05
5 4 8 3 -8.871341679190633e-05
4 5 9 2 -8.871341679190633e-05
5 5 9 3 -8.871341679190633e-05
4 6 2 2 -8.871341576373627e-05
5 6 2 3 -8.871341576373627e-05
4 7 3 2 -8.871341576373627e-05
5 7 3 3 -8.871341576373627e-05
4 6 8 2 0.00014987223496117013
5 6 8 3 0.00014987223496117013
4 7 9 2 0.00014987223496117013
5 7 9 3 0.00014987223496117013
4 8 4 2 -8.871341679190633e-05
5 8 4 3 -8.871341679190633e-05
4 9 5 2 -8.871341679190633e-05
5 9 5 3 -8.871341679190633e-05
4 8 6 2 0.00014987223496117013
5 8 6 3 0.00014987223496117013
4 9 7 2 0.00014987223496117013
5 9 7 3 0.00014987223496117013
4 0 0 4 0.3411393100073107
5 0 0 5 0.3411393100073107
4 1 1 4 0.3411393100073107
5 1 1 5 0.3411393100073107
4 0 10 4 0.003032077121825492
5 0 10 5 0.003032077121825492
4 1 11 4 0.003032077121825492
5 1 11 5 0.003032077121825492
4 2 2 4 0.34033253786115775
5 2 2 5 0.34033253786115775
4 3 3 4 0.34033253786115775
5 3 3 5 0.34033253786115775
4 2 8 4 -0.0005811767384705138
5 2 8 5 -0.0005811767384705138
4 3 9 4 -0.0005811767384705138
5 3 9 5 -0.0005811767384705138
4 4 4 4 0.38146211594974383
5 4 4 5 0.38146211594974383
4 5 5 4 0.38146211594974383
5 5 5 5 0.38146211594974383
4 4 6 4 -0.0007586040654973969
5 4 6 5 -0.0007586040654973969
4 5 7 4 -0.0007586040654973969
5 5 7 5 -0.0007586040654973969
4 6 4 4 -0.0007586040654973969
5 6 4 5 -0.0007586040654973969
4 7 5 4 -0.0007586040654973969
5 7 5 5 -0.0007586040654973969
4 6 6 4 0.11066017872349536
5 6 6 5 0.11066017872349536
4 7 7 4 0.11066017872349536
5 7 7 5 0.11066017872349536
4 8 2 4 -0.000581176738470514
5 8 2 5 -0.000581176738470514
4 9 3 4 -0.000581176738470514
5 9 3 5 -0.000581176738470514
4 8 8 4 0.11036043423719015
5 8 8 5 0.11036043423719015
4 9 9 4 0.11036043423719015
5 9 9 5 0.11036043423719015
4 10 0 4 0.003032077121825495
5 10 0 5 0.003032077121825495
4 11 1 4 0.003032077121825495
5 11 1 5 0.003032077121825495
4 10 10 4 0.11742653725559722
5 10 10 5 0.11742653725559722
4 11 11 4 0.11742653725559722
5 11 11 5 0.11742653725559722
4 0 0 6 -0.0004087893129329661
5 0 0 7 -0.0004087893129329661
4 1 1 6 -0.0004087893129329661
5 1 1 7 -0.0004087893129329661
4 0 10 6 -4.792382954357589e-05
5 0 10 7 -4.792382954357589e-05
4 1 11 6 -4.792382954357589e-05
5 1 11 7 -4.792382954357589e-05
4 2 2 6 -0.0005811767214546778
5 2 2 7 -0.0005811767214546778
4 3 3 6 -0.0005811767214546778
5 3 3 7 -0.0005811767214546778
4 2 8 6 1.8504099701134275e-05
5 2 8 7 1.8504099701134275e-05
4 3 9 6 1.8504099701134275e-05
5 3 9 7 1.8504099701134275e-05
4 4 4 6 -0.0007586040654973971
5 4 4 7 -0.0007586040654973971
4 5 5 6 -0.0007586040654973971
5 5 5 7 -0.0007586040654973971
4 4 6 6 2.550467608800671e-05
5 4 6 7 2.550467608800671e-05
4 5 7 6 2.550467608800671e-05
5 5 7 7 2.550467608800671e-05
4 6 4 6 2.550467608800671e-05
5 6 4 7 2.550467608800671e-05
4 7 5 6 2.550467608800671e-05
5 7 5 7 2.550467608800671e-05
4 6 6 6 -0.000758604065497397
5 6 6 7 -0.000758604065497397
4 7 7 6 -0.000758604065497397
5 7 7 7 -0.000758604065497397
4 8 2 6 1.8504099701134272e-05
5 8 2 7 1.8504099701134272e-05
4 9 3 6 1.8504099701134272e-05
5 9 3 7 1.8504099701134272e-05
4 8 8 6 -0.0005811767214560577
5 8 8 7 -0.0005811767214560577
4 9 9 6 -0.0005811767214560577
5 9 9 7 -0.0005811767214560577
4 10 0 6 -4.792382954357598e-05
5 10 0 7 -4.792382954357598e-05
4 11 1 6 -4.792382954357598e-05
5 11 1 7 -4.792382954357598e-05
4 10 10 6 -0.00040878931293296525
5 10 10 7 -0.00040878931293296525
4 11 11 6 -0.00040878931293296525
5 11 11 7 -0.00040878931293296525
4 2 4 8 -8.871341679190633e-05
5 2 4 9 -8.871341679190633e-05
4 3 5 8 -8.871341679190633e-05
5 3 5 9 -8.871341679190633e-05
4 2 6 8 3.500029966826407e-06
5 2 6 9 3.500029966826407e-06
4 3 7 8 3.500029966826407e-06
5 3 7 9 3.500029966826407e-06
4 4 2 8 -8.871341679190633e-05
5 4 2 9 -8.871341679190633e-05
4 5 3 8 -8.871341679190633e-05
5 5 3 9 -8.871341679190633e-05
4 4 8 8 3.5000299712605197e-06
5 4 8 9 3.5000299712605197e-06
4 5 9 8 3.5000299712605197e-06
5 5 9 9 3.5000299712605197e-06
4 6 2 8 3.500029966826407e-06
5 6 2 9 3.500029966826407e-06
4 7 3 8 3.500029966826407e-06
5 7 3 9 3.500029966826407e-06
4 6 8 8 -8.871341577133296e-05
5 6 8 9 -8.871341577133296e-05
4 7 9 8 -8.871341577133296e-05
5 7 9 9 -8.871341577133296e-05
4 8 4 8 3.500029971260519e-06
5 8 4 9 3.500029971260519e-06
4 9 5 8 3.500029971260519e-06
5 9 5 9 3.500029971260519e-06
4 8 6 8 -8.871341577133296e-05
5 8 6 9 -8.871341577133296e-05
4 9 7 8 -8.871341577133296e-05
5 9 7 9 -8.871341577133296e-05
4 0 4 10 0.000393108089755307
5 0 4 11 0.000393108089755307
4 1 5 10 0.000393108089755307
5 1 5 11 0.000393108089755307
4 0 6 10 1.3635310877658005e-05
5 0 6 11 1.3635310877658005e-05
4 1 7 10 1.3635310877658005e-05
5 1 7 11 1.3635310877658005e-05
4 4 0 10 0.00039310808975530766
5 4 0 11 0.00039310808975530766
4 5 1 10 0.00039310808975530766
5 5 1 11 0.00039310808975530766
4 4 10 10 0.0002743347920637344
5 4 10 11 0.0002743347920637344
4 5 11 10 0.0002743347920637344
5 5 11 11 0.0002743347920637344
4 6 0 10 1.3635310877657996e-05
5 6 0 11 1.3635310877657996e-05
4 7 1 10 1.3635310877657996e-05
5 7 1 11 1.3635310877657996e-05
4 6 10 10 2.9027650587713875e-05
5 6 10 11 2.9027650587713875e-05
4 7 11 10 2.9027650587713875e-05
5 7 11 11 2.9027650587713875e-05
4 10 4 10 0.0002743347920637343
5 10 4 11 0.0002743347920637343
4 11 5 10 0.0002743347920637343
5 11 5 11 0.0002743347920637343
4 10 6 10 2.9027650587713956e-05
5 10 6 11 2.9027650587713956e-05
4 11 7 10 2.9027650587713956e-05
5 11 7 11 2.9027650587713956e-05
6 0 4 0 2.9027650587713902e-05
7 0 4 1 2.9027650587713902e-05
6 1 5 0 2.9027650587713902e-05
7 1 5 1 2.9027650587713902e-05
6 0 6 0 0.0002743347920637343
7 0 6 1 0.0002743347920637343
6 1 7 0 0.0002743347920637343
7 1 7 1 0.0002743347920637343
6 4 0 0 2.902765058771382e-05
7 4 0 1 2.902765058771382e-05
6 5 1 0 2.902765058771382e-05
7 5 1 1 2.902765058771382e-05
6 4 10 0 1.3635310877657988e-05
7 4 10 1 1.3635310877657988e-05
6 5 11 0 1.3635310877657988e-05
7 5 11 1 1.3635310877657988e-05
6 6 0 0 0.00027433479206373436
7 6 0 1 0.00027433479206373436
6 7 1 0 0.00027433479206373436
7 7 1 1 0.00027433479206373436
6 6 10 0 0.00039310808975530755
7 6 10 1 0.00039310808975530755
6 7 11 0 0.00039310808975530755
7 7 11 1 0.00039310808975530755
6 10 4 0 1.3635310877658005e-05
7 10 4 1 1.3635310877658005e-05
6 11 5 0 1.3635310877658005e-05
7 11 5 1 1.3635310877658005e-05
6 10 6 0 0.00039310808975530733
7 10 6 1 0.00039310808975530733
6 11 7 0 0.00039310808975530733
7 11 7 1 0.00039310808975530733
6 2 4 2 -8.871341576373628e-05
7 2 4 3 -8.871341576373628e-05
6 3 5 2 -8.871341576373628e-05
7 3 5 3 -8.871341576373628e-05
6 2 6 2 3.500029962392295e-06
7 2 6 3 3.500029962392295e-06
6 3 7 2 3.500029962392295e-06
7 3 7 3 3.500029962392295e-06
6 4 2 2 -8.871341576373628e-05
7 4 2 3 -8.871341576373628e-05
6 5 3 2 -8.871341576373628e-05
7 5 3 3 -8.871341576373628e-05
6 4 8 2 3.5000299668264077e-06
7 4 8 3 3.5000299668264077e-06
6 5 9 2 3.5000299668264077e-06
7 5 9 3 3.5000299668264077e-06
6 6 2 2 3.5000299623922944e-06
7 6 2 3 3.5000299623922944e-06
6 7 3 2 3.5000299623922944e-06
7 7 3 3 3.5000299623922944e-06
6 6 8 2 -8.871341576387545e-05
7 6 8 3 -8.871341576387545e-05
6 7 9 2 -8.871341576387545e-05
7 7 9 3 -8.871341576387545e-05
6 8 4 2 3.500029966826407e-06
7 8 4 3 3.500029966826407e-06
6 9 5 2 3.500029966826407e-06
7 9 5 3 3.500029966826407e-06
6 8 6 2 -8.871341576387545e-05
7 8 6 3 -8.871341576387545e-05
6 9 7 2 -8.871341576387545e-05
7 9 7 3 -8.871341576387545e-05
6 0 0 4 -0.0004087893129329661
7 0 0 5 -0.0004087893129329661
6 1 1 4 -0.0004087893129329661
7 1 1 5 -0.0004087893129329661
6 0 10 4 -4.792382954357589e-05
7 0 10 5 -4.792382954357589e-05
6 1 11 4 -4.792382954357589e-05
7 1 11 5 -4.792382954357589e-05
6 2 2 4 -0.0005811767214546778
7 2 2 5 -0.0005811767214546778
6 3 3 4 -0.0005811767214546778
7 3 3 5 -0.0005811767214546778
6 2 8 4 1.8504099701134275e-05
7 2 8 5 1.8504099701134275e-05
6 3 9 4 1.8504099701134275e-05
7 3 9 5 1.8504099701134275e-05
6 4 4 4 -0.000758604065497397
7 4 4 5 -0.000758604065497397
6 5 5 4 -0.000758604065497397
7 5 5 5 -0.000758604065497397
6 4 6 4 2.550467608800671e-05
7 4 6 5 2.550467608800671e-05
6 5 7 4 2.550467608800671e-05
7 5 7 5 2.550467608800671e-05
6 6 4 4 2.550467608800671e-05
7 6 4 5 2.550467608800671e-05
6 7 5 4 2.550467608800671e-05
7 7 5 5 2.550467608800671e-05
6 6 6 4 -0.0007586040654973971
7 6 6 5 -0.0007586040654973971
6 7 7 4 -0.0007586040654973971
7 7 7 5 -0.0007586040654973971
6 8 2 4 1.8504099701134275e-05
7 8 2 5 1.8504099701134275e-05
6 9 3 4 1.8504099701134275e-05
7 9 3 5 1.8504099701134275e-05
6 8 8 4 -0.0005811767214560581
7 8 8 5 -0.0005811767214560581
6 9 9 4 -0.0005811767214560581
7 9 9 5 -0.0005811767214560581
6 10 0 4 -4.792382954357598e-05
7 10 0 5 -4.792382954357598e-05
6 11 1 4 -4.792382954357598e-05
7 11 1 5 -4.792382954357598e-05
6 10 10 4 -0.00040878931293296503
7 10 10 5 -0.00040878931293296503
6 11 11 4 -0.00040878931293296503
7 11 11 5 -0.00040878931293296503
6 0 0 6 0.11742653725559725
7 0 0 7 0.11742653725559725
6 1 1 6 0.11742653725559725
7 1 1 7 0.11742653725559725
6 0 10 6 0.0030320771218254935
7 0 10 7 0.0030320771218254935
6 1 11 6 0.0030320771218254935
7 1 11 7 0.0030320771218254935
6 2 2 6 0.11036043423722118
7 2 2 7 0.11036043423722118
6 3 3 6 0.11036043423722118
7 3 3 7 0.11036043423722118
6 2 8 6 -0.0005811767269722844
7 2 8 7 -0.0005811767269722844
6 3 9 6 -0.0005811767269722844
7 3 9 7 -0.0005811767269722844
6 4 4 6 0.11066017872349536
7 4 4 7 0.11066017872349536
6 5 5 6 0.11066017872349536
7 5 5 7 0.11066017872349536
6 4 6 6 -0.0007586040654973969
7 4 6 7 -0.0007586040654973969
6 5 7 6 -0.0007586040654973969
7 5 7 7 -0.0007586040654973969
6 6 4 6 -0.0007586040654973969
7 6 4 7 -0.0007586040654973969
6 7 5 6 -0.0007586040654973969
7 7 5 7 -0.0007586040654973969
6 6 6 6 0.38146211594974383
7 6 6 7 0.38146211594974383
6 7 7 6 0.38146211594974383
7 7 7 7 0.38146211594974383
6 8 2 6 -0.000581176726972284
7 8 2 7 -0.000581176726972284
6 9 3 6 -0.000581176726972284
7 9 3 7 -0.000581176726972284
6 8 8 6 0.3403325378609409
7 8 8 7 0.3403325378609409
6 9 9 6 0.3403325378609409
7 9 9 7 0.3403325378609409
6 10 0 6 0.0030320771218254948
7 10 0 7 0.0030320771218254948
6 11 1 6 0.0030320771218254948
7 11 1 7 0.0030320771218254948
6 10 10 6 0.34113931000731057
7 10 10 7 0.34113931000731057
6 11 11 6 0.34113931000731057
7 11 11 7 0.34113931000731057
6 2 4 8 0.0001498722349611701
7 2 4 9 0.0001498722349611701
6 3 5 8 0.0001498722349611701
7 3 5 9 0.0001498722349611701
6 2 6 8 -8.871341576387544e-05
7 2 6 9 -8.871341576387544e-05
6 3 7 8 -8.871341576387544e-05
7 3 7 9 -8.871341576387544e-05
6 4 2 8 0.0001498722349611701
7 4 2 9 0.0001498722349611701
6 5 3 8 0.0001498722349611701
7 5 3 9 0.0001498722349611701
6 4 8 8 -8.871341577133297e-05
7 4 8 9 -8.871341577133297e-05
6 5 9 8 -8.871341577133297e-05
7 5 9 9 -8.871341577133297e-05
6 6 2 8 -8.871341576387545e-05
7 6 2 9 -8.871341576387545e-05
6 7 3 8 -8.871341576387545e-05
7 7 3 9 -8.871341576387545e-05
6 6 8 8 0.020564788786039734
7 6 8 9 0.020564788786039734
6 7 9 8 0.020564788786039734
7 7 9 9 0.020564788786039734
6 8 4 8 -8.871341577133299e-05
7 8 4 9 -8.871341577133299e-05
6 9 5 8 -8.871341577133299e-05
7 9 5 9 -8.871341577133299e-05
6 8 6 8 0.020564788786039734
7 8 6 9 0.020564788786039734
6 9 7 8 0.020564788786039734
7 9 7 9 0.020564788786039734
6 0 4 10 -0.0005759272015511014
7 0 4 11 -0.0005759272015511014
6 1 5 10 -0.0005759272015511014
7 1 5 11 -0.0005759272015511014
6 0 6 10 0.0003931080897553074
7 0 6 11 0.0003931080897553074
6 1 7 10 0.0003931080897553074
7 1 7 11 0.0003931080897553074
6 4 0 10 -0.0005759272015511015
7 4 0 11 -0.0005759272015511015
6 5 1 10 -0.0005759272015511015
7 5 1 11 -0.0005759272015511015
6 4 10 10 2.9027650587713848e-05
7 4 10 11 2.9027650587713848e-05
6 5 11 10 2.9027650587713848e-05
7 5 11 11 2.9027650587713848e-05
6 6 0 10 0.0003931080897553076
7 6 0 11 0.0003931080897553076
6 7 1 10 0.0003931080897553076
7 7 1 11 0.0003931080897553076
6 6 10 10 0.020676516264218004
7 6 10 11 0.020676516264218004
6 7 11 10 0.020676516264218004
7 7 11 11 0.020676516264218004
6 10 4 10 2.9027650587713875e-05
7 10 4 11 2.9027650587713875e-05
6 11 5 10 2.9027650587713875e-05
7 11 5 11 2.9027650587713875e-05
6 10 6 10 0.020676516264218
7 10 6 11 0.020676516264218
6 11 7 10 0.020676516264218
7 11 7 11 0.020676516264218
8 0 2 0 2.9027649553910108e-05
9 0 2 1 2.9027649553910108e-05
8 1 3 0 2.9027649553910108e-05
9 1 3 1 2.9027649553910108e-05
8 0 8 0 0.00027433479206061023
9 0 8 1 0.00027433479206061023
8 1 9 0 0.00027433479206061023
9 1 9 1 0.00027433479206061023
8 2 0 0 2.9027649553910027e-05
9 2 0 1 2.9027649553910027e-05
8 3 1 0 2.9027649553910027e-05
9 3 1 1 2.9027649553910027e-05
8 2 10 0 1.3635310857997718e-05
9 2 10 1 1.3635310857997718e-05
8 3 11 0 1.3635310857997718e-05
9 3 11 1 1.3635310857997718e-05
8 8 0 0 0.00027433479206061007
9 8 0 1 0.00027433479206061007
8 9 1 0 0.00027433479206061007
9 9 1 1 0.00027433479206061007
8 8 10 0 0.00039310808978310383
9 8 10 1 0.00039310808978310383
8 9 11 0 0.00039310808978310383
9 9 11 1 0.00039310808978310383
8 10 2 0 1.3635310857997735e-05
9 10 2 1 1.3635310857997735e-05
8 11 3 0 1.3635310857997735e-05
9 11 3 1 1.3635310857997735e-05
8 10 8 0 0.0003931080897831036
9 10 8 1 0.0003931080897831036
8 11 9 0 0.0003931080897831036
9 11 9 1 0.0003931080897831036
8 0 0 2 -0.0004087893299892097
9 0 0 3 -0.0004087893299892097
8 1 1 2 -0.0004087893299892097
9 1 1 3 -0.0004087893299892097
8 0 10 2 -4.7923829695155436e-05
9 0 10 3 -4.7923829695155436e-05
8 1 11 2 -4.7923829695155436e-05
9 1 11 3 -4.7923829695155436e-05
8 2 2 2 -0.0007586040845695735
9 2 2 3 -0.0007586040845695735
8 3 3 2 -0.0007586040845695735
9 3 3 3 -0.0007586040845695735
8 2 8 2 2.5504676163844044e-05
9 2 8 3 2.5504676163844044e-05
8 3 9 2 2.5504676163844044e-05
9 3 9 3 2.5504676163844044e-05
8 4 4 2 -0.0005811767384705144
9 4 4 3 -0.0005811767384705144
8 5 5 2 -0.0005811767384705144
9 5 5 3 -0.0005811767384705144
8 4 6 2 1.8504099701134275e-05
9 4 6 3 1.8504099701134275e-05
8 5 7 2 1.8504099701134275e-05
9 5 7 3 1.8504099701134275e-05
8 6 4 2 1.8504099701134272e-05
9 6 4 3 1.8504099701134272e-05
8 7 5 2 1.8504099701134272e-05
9 7 5 3 1.8504099701134272e-05
8 6 6 2 -0.0005811767269722845
9 6 6 3 -0.0005811767269722845
8 7 7 2 -0.0005811767269722845
9 7 7 3 -0.0005811767269722845
8 8 2 2 2.5504676163844044e-05
9 8 2 3 2.5504676163844044e-05
8 9 3 2 2.5504676163844044e-05
9 9 3 3 2.5504676163844044e-05
8 8 8 2 -0.0007586040710318567
9 8 8 3 -0.0007586040710318567
8 9 9 2 -0.0007586040710318567
9 9 9 3 -0.0007586040710318567
8 10 0 2 -4.7923829695155525e-05
9 10 0 3 -4.7923829695155525e-05
8 11 1 2 -4.7923829695155525e-05
9 11 1 3 -4.7923829695155525e-05
8 10 10 2 -0.0004087893188039351
9 10 10 3 -0.0004087893188039351
8 11 11 2 -0.0004087893188039351
9 11 11 3 -0.0004087893188039351
8 2 4 4 -8.871341679190632e-05
9 2 4 5 -8.871341679190632e-05
8 3 5 4 -8.871341679190632e-05
9 3 5 5 -8.871341679190632e-05
8 2 6 4 3.500029966826407e-06
9 2 6 5 3.500029966826407e-06
8 3 7 4 3.500029966826407e-06
9 3 7 5 3.500029966826407e-06
8 4 2 4 -8.871341679190632e-05
9 4 2 5 -8.871341679190632e-05
8 5 3 4 -8.871341679190632e-05
9 5 3 5 -8.871341679190632e-05
8 4 8 4 3.5000299712605197e-06
9 4 8 5 3.5000299712605197e-06
8 5 9 4 3.5000299712605197e-06
9 5 9 5 3.5000299712605197e-06
8 6 2 4 3.500029966826407e-06
9 6 2 5 3.500029966826407e-06
8 7 3 4 3.500029966826407e-06
9 7 3 5 3.500029966826407e-06
8 6 8 4 -8.871341577133299e-05
9 6 8 5 -8.871341577133299e-05
8 7 9 4 -8.871341577133299e-05
9 7 9 5 -8.871341577133299e-05
8 8 4 4 3.5000299712605193e-06
9 8 4 5 3.5000299712605193e-06
8 9 5 4 3.5000299712605193e-06
9 9 5 5 3.5000299712605193e-06
8 8 6 4 -8.871341577133299e-05
9 8 6 5 -8.871341577133299e-05
8 9 7 4 -8.871341577133299e-05
9 9 7 5 -8.871341577133299e-05
8 2 4 6 0.00014987223496117013
9 2 4 7 0.00014987223496117013
8 3 5 6 0.00014987223496117013
9 3 5 7 0.00014987223496117013
8 2 6 6 -8.871341576387544e-05
9 2 6 7 -8.871341576387544e-05
8 3 7 6 -8.871341576387544e-05
9 3 7 7 -8.871341576387544e-05
8 4 2 6 0.00014987223496117013
9 4 2 7 0.00014987223496117013
8 5 3 6 0.00014987223496117013
9 5 3 7 0.00014987223496117013
8 4 8 6 -8.871341577133297e-05
9 4 8 7 -8.871341577133297e-05
8 5 9 6 -8.871341577133297e-05
9 5 9 7 -8.871341577133297e-05
8 6 2 6 -8.871341576387545e-05
9 6 2 7 -8.871341576387545e-05
8 7 3 6 -8.871341576387545e-05
9 7 3 7 -8.871341576387545e-05
8 6 8 6 0.020564788786039734
9 6 8 7 0.020564788786039734
8 7 9 6 0.020564788786039734
9 7 9 7 0.020564788786039734
8 8 4 6 -8.871341577133299e-05
9 8 4 7 -8.871341577133299e-05
8 9 5 6 -8.871341577133299e-05
9 9 5 7 -8.871341577133299e-05
8 8 6 6 0.020564788786039734
9 8 6 7 0.020564788786039734
8 9 7 6 0.020564788786039734
9 9 7 7 0.020564788786039734
8 0 0 8 0.11742653725554328
9 0 0 9 0.11742653725554328
8 1 1 8 0.11742653725554328
9 1 1 9 0.11742653725554328
8 0 10 8 0.0030320771218278362
9 0 10 9 0.0030320771218278362
8 1 11 8 0.0030320771218278362
9 1 11 9 0.0030320771218278362
8 2 2 8 0.11066017872348181
9 2 2 9 0.11066017872348181
8 3 3 8 0.11066017872348181
9 3 3 9 0.11066017872348181
8 2 8 8 -0.000758604071031856
9 2 8 9 -0.000758604071031856
8 3 9 8 -0.000758604071031856
9 3 9 9 -0.000758604071031856
8 4 4 8 0.11036043423719014
9 4 4 9 0.11036043423719014
8 5 5 8 0.11036043423719014
9 5 5 9 0.11036043423719014
8 4 6 8 -0.0005811767214560582
9 4 6 9 -0.0005811767214560582
8 5 7 8 -0.0005811767214560582
9 5 7 9 -0.0005811767214560582
8 6 4 8 -0.0005811767214560581
9 6 4 9 -0.0005811767214560581
8 7 5 8 -0.0005811767214560581
9 7 5 9 -0.0005811767214560581
8 6 6 8 0.3403325378609409
9 6 6 9 0.3403325378609409
8 7 7 8 0.3403325378609409
9 7 7 9 0.3403325378609409
8 8 2 8 -0.0007586040710318564
9 8 2 9 -0.0007586040710318564
8 9 3 8 -0.0007586040710318564
9 9 3 9 -0.0007586040710318564
8 8 8 8 0.38146211594927915
9 8 8 9 0.38146211594927915
8 9 9 8 0.38146211594927915
9 9 9 9 0.38146211594927915
8 10 0 8 0.0030320771218278375
9 10 0 9 0.0030320771218278375
8 11 1 8 0.0030320771218278375
9 11 1 9 0.0030320771218278375
8 10 10 8 0.3411393100070758
9 10 10 9 0.3411393100070758
8 11 11 8 0.3411393100070758
9 11 11 9 0.3411393100070758
8 0 2 10 -0.0005759272015705235
9 0 2 11 -0.0005759272015705235
8 1 3 10 -0.0005759272015705235
9 1 3 11 -0.0005759272015705235
8 0 8 10 0.00039310808978310356
9 0 8 11 0.00039310808978310356
8 1 9 10 0.00039310808978310356
9 1 9 11 0.00039310808978310356
8 2 0 10 -0.0005759272015705236
9 2 0 11 -0.0005759272015705236
8 3 1 10 -0.0005759272015705236
9 3 1 11 -0.0005759272015705236
8 2 10 10 2.9027650573985832e-05
9 2 10 11 2.9027650573985832e-05
8 3 11 10 2.9027650573985832e-05
9 3 11 11 2.9027650573985832e-05
8 8 0 10 0.0003931080897831036
9 8 0 11 0.0003931080897831036
8 9 1 10 0.0003931080897831036
9 9 1 11 0.0003931080897831036
8 8 10 10 0.0206765162641984
9 8 10 11 0.0206765162641984
8 9 11 10 0.0206765162641984
9 9 11 11 0.0206765162641984
8 10 2 10 2.902765057398586e-05
9 10 2 11 2.902765057398586e-05
8 11 3 10 2.902765057398586e-05
9 11 3 11 2.902765057398586e-05
8 10 8 10 0.020676516264198398
9 10 8 11 0.020676516264198398
8 11 9 10 0.020676516264198398
9 11 9 11 0.020676516264198398
10 0 0 0 0.0030825505706284697
11 0 0 1 0.0030825505706284697
10 1 1 0 0.0030825505706284697
11 1 1 1 0.0030825505706284697
10 0 10 0 0.0005489202660807252
11 0 10 1 0.0005489202660807252
10 1 11 0 0.0005489202660807252
11 1 11 1 0.0005489202660807252
10 2 2 0 0.0030320771218254917
11 2 2 1 0.0030320771218254917
10 3 3 0 0.0030320771218254917
11 3 3 1 0.0030320771218254917
10 2 8 0 -4.79238296951555e-05
11 2 8 1 -4.79238296951555e-05
10 3 9 0 -4.79238296951555e-05
11 3 9 1 -4.79238296951555e-05
10 4 4 0 0.0030320771218254917
11 4 4 1 0.0030320771218254917
10 5 5 0 0.0030320771218254917
11 5 5 1 0.0030320771218254917
10 4 6 0 -4.792382954357594e-05
11 4 6 1 -4.792382954357594e-05
10 5 7 0 -4.792382954357594e-05
11 5 7 1 -4.792382954357594e-05
10 6 4 0 -4.792382954357593e-05
11 6 4 1 -4.792382954357593e-05
10 7 5 0 -4.792382954357593e-05
11 7 5 1 -4.792382954357593e-05
10 6 6 0 0.003032077121825495
11 6 6 1 0.003032077121825495
10 7 7 0 0.003032077121825495
11 7 7 1 0.003032077121825495
10 8 2 0 -4.7923829695155484e-05
11 8 2 1 -4.7923829695155484e-05
10 9 3 0 -4.7923829695155484e-05
11 9 3 1 -4.7923829695155484e-05
10 8 8 0 0.0030320771218278375
11 8 8 1 0.0030320771218278375
10 9 9 0 0.0030320771218278375
11 9 9 1 0.0030320771218278375
10 10 0 0 0.0005489202660807246
11 10 0 1 0.0005489202660807246
10 11 1 0 0.0005489202660807246
11 11 1 1 0.0005489202660807246
10 10 10 0 0.0030825505706284784
11 10 10 1 0.0030825505706284784
10 11 11 0 0.0030825505706284784
11 11 11 1 0.0030825505706284784
10 0 2 2 0.000393108089755307
11 0 2 3 0.000393108089755307
10 1 3 2 0.000393108089755307
11 1 3 3 0.000393108089755307
10 0 8 2 1.3635310857997704e-05
11 0 8 3 1.3635310857997704e-05
10 1 9 2 1.3635310857997704e-05
11 1 9 3 1.3635310857997704e-05
10 2 0 2 0.00039310808975530766
11 2 0 3 0.00039310808975530766
10 3 1 2 0.00039310808975530766
11 3 1 3 0.00039310808975530766
10 2 10 2 0.0002743347920637345
11 2 10 3 0.0002743347920637345
10 3 11 2 0.0002743347920637345
11 3 11 3 0.0002743347920637345
10 8 0 2 1.3635310857997723e-05
11 8 0 3 1.3635310857997723e-05
10 9 1 2 1.3635310857997723e-05
11 9 1 3 1.3635310857997723e-05
10 8 10 2 2.90276505739858e-05
11 8 10 3 2.90276505739858e-05
10 9 11 2 2.90276505739858e-05
11 9 11 3 2.90276505739858e-05
10 10 2 2 0.0002743347920637344
11 10 2 3 0.0002743347920637344
10 11 3 2 0.0002743347920637344
11 11 3 3 0.0002743347920637344
10 10 8 2 2.9027650573985856e-05
11 10 8 3 2.9027650573985856e-05
10 11 9 2 2.9027650573985856e-05
11 11 9 3 2.9027650573985856e-05
10 0 4 4 0.000393108089755307
11 0 4 5 0.000393108089755307
10 1 5 4 0.000393108089755307
11 1 5 5 0.000393108089755307
10 0 6 4 1.3635310877658008e-05
11 0 6 5 1.3635310877658008e-05
10 1 7 4 1.3635310877658008e-05
11 1 7 5 1.3635310877658008e-05
10 4 0 4 0.00039310808975530766
11 4 0 5 0.00039310808975530766
10 5 1 4 0.00039310808975530766
11 5 1 5 0.00039310808975530766
10 4 10 4 0.0002743347920637345
11 4 10 5 0.0002743347920637345
10 5 11 4 0.0002743347920637345
11 5 11 5 0.0002743347920637345
10 6 0 4 1.3635310877657991e-05
11 6 0 5 1.3635310877657991e-05
10 7 1 4 1.3635310877657991e-05
11 7 1 5 1.3635310877657991e-05
10 6 10 4 2.9027650587713848e-05
11 6 10 5 2.9027650587713848e-05
10 7 11 4 2.9027650587713848e-05
11 7 11 5 2.9027650587713848e-05
10 10 4 4 0.0002743347920637344
11 10 4 5 0.0002743347920637344
10 11 5 4 0.0002743347920637344
11 11 5 5 0.0002743347920637344
10 10 6 4 2.902765058771393e-05
11 10 6 5 2.902765058771393e-05
10 11 7 4 2.902765058771393e-05
11 11 7 5 2.902765058771393e-05
10 0 4 6 -0.0005759272015511016
11 0 4 7 -0.0005759272015511016
10 1 5 6 -0.0005759272015511016
11 1 5 7 -0.0005759272015511016
10 0 6 6 0.00039310808975530744
11 0 6 7 0.00039310808975530744
10 1 7 6 0.00039310808975530744
11 1 7 7 0.00039310808975530744
10 4 0 6 -0.0005759272015511017
11 4 0 7 -0.0005759272015511017
10 5 1 6 -0.0005759272015511017
11 5 1 7 -0.0005759272015511017
10 4 10 6 2.902765058771384e-05
11 4 10 7 2.902765058771384e-05
10 5 11 6 2.902765058771384e-05
11 5 11 7 2.902765058771384e-05
10 6 0 6 0.00039310808975530766
11 6 0 7 0.00039310808975530766
10 7 1 6 0.00039310808975530766
11 7 1 7 0.00039310808975530766
10 6 10 6 0.020676516264218
11 6 10 7 0.020676516264218
10 7 11 6 0.020676516264218
11 7 11 7 0.020676516264218
10 10 4 6 2.9027650587713868e-05
11 10 4 7 2.9027650587713868e-05
10 11 5 6 2.9027650587713868e-05
11 11 5 7 2.9027650587713868e-05
10 10 6 6 0.020676516264217997
11 10 6 7 0.020676516264217997
10 11 7 6 0.020676516264217997
11 11 7 7 0.020676516264217997
10 0 2 8 -0.0005759272015705237
11 0 2 9 -0.0005759272015705237
10 1 3 8 -0.0005759272015705237
11 1 3 9 -0.0005759272015705237
10 0 8 8 0.0003931080897831036
11 0 8 9 0.0003931080897831036
10 1 9 8 0.0003931080897831036
11 1 9 9 0.0003931080897831036
10 2 0 8 -0.0005759272015705238
11 2 0 9 -0.0005759272015705238
10 3 1 8 -0.0005759272015705238
11 3 1 9 -0.0005759272015705238
10 2 10 8 2.902765057398583e-05
11 2 10 9 2.902765057398583e-05
10 3 11 8 2.902765057398583e-05
11 3 11 9 2.902765057398583e-05
10 8 0 8 0.00039310808978310367
11 8 0 9 0.00039310808978310367
10 9 1 8 0.00039310808978310367
11 9 1 9 0.00039310808978310367
10 8 10 8 0.020676516264198398
11 8 10 9 0.020676516264198398
10 9 11 8 0.020676516264198398
11 9 11 9 0.020676516264198398
10 10 2 8 2.9027650573985856e-05
11 10 2 9 2.9027650573985856e-05
10 11 3 8 2.9027650573985856e-05
11 11 3 9 2.9027650573985856e-05
10 10 8 8 0.020676516264198395
11 10 8 9 0.020676516264198395
10 11 9 8 0.020676516264198395
11 11 9 9 0.020676516264198395
10 0 0 10 0.12648041624445175
11 0 0 11 0.12648041624445175
10 1 1 10 0.12648041624445175
11 1 1 11 0.12648041624445175
10 0 10 10 0.003082550570628474
11 0 10 11 0.003082550570628474
10 1 11 10 0.003082550570628474
11 1 11 11 0.003082550570628474
10 2 2 10 0.11742653725559722
11 2 2 11 0.11742653725559722
10 3 3 10 0.11742653725559722
11 3 3 11 0.11742653725559722
10 2 8 10 -0.0004087893188039351
11 2 8 11 -0.0004087893188039351
10 3 9 10 -0.0004087893188039351
11 3 9 11 -0.0004087893188039351
10 4 4 10 0.11742653725559722
11 4 4 11 0.11742653725559722
10 5 5 10 0.11742653725559722
11 5 5 11 0.11742653725559722
10 4 6 10 -0.0004087893129329648
11 4 6 11 -0.0004087893129329648
10 5 7 10 -0.0004087893129329648
11 5 7 11 -0.0004087893129329648
10 6 4 10 -0.0004087893129329646
11 6 4 11 -0.0004087893129329646
10 7 5 10 -0.0004087893129329646
11 7 5 11 -0.0004087893129329646
10 6 6 10 0.34113931000731057
11 6 6 11 0.34113931000731057
10 7 7 10 0.34113931000731057
11 7 7 11 0.34113931000731057
10 8 2 10 -0.0004087893188039347
11 8 2 11 -0.0004087893188039347
10 9 3 10 -0.0004087893188039347
11 9 3 11 -0.0004087893188039347
10 8 8 10 0.34113931000707587
11 8 8 11 0.34113931000707587
10 9 9 10 0.34113931000707587
11 9 9 11 0.34113931000707587
10 10 0 10 0.0030825505706284758
11 10 0 11 0.0030825505706284758
10 11 1 10 0.0030825505706284758
11 11 1 11 0.0030825505706284758
10 10 10 10 0.38317020262662077
11 10 10 11 0.38317020262662077
10 11 11 10 0.38317020262662077
11 11 11 11 0.38317020262662077
