-98.83296539976672
0 0 -2.412383969827663
1 1 -2.412383969827663
0 10 0.027532066705691895
1 11 0.027532066705691895
2 2 -2.379749197678302
3 3 -2.379749197678302
2 8 -0.005234688443503882
3 9 -0.005234688443503882
4 4 -2.379749197678302
5 5 -2.379749197678302
4 6 -0.0052346883959089145
5 7 -0.0052346883959089145
6 4 -0.005234688395908913
7 5 -0.005234688395908913
6 6 -2.3797489208650395
7 7 -2.3797489208650395
8 2 -0.005234688443503881
9 3 -0.005234688443503881
8 8 -2.379748920865681
9 9 -2.379748920865681
10 0 0.027532066705691832
11 1 0.027532066705691832
10 10 -2.412384151276375
11 11 -2.412384151276375
0 0 0 0 0.38221832098854397
1 0 0 1 0.38221832098854397
0 1 1 0 0.38221832098854397
1 1 1 1 0.38221832098854397
0 0 10 0 0.002313412676593376
1 0 10 1 0.002313412676593376
0 1 11 0 0.002313412676593376
1 1 11 1 0.002313412676593376
0 2 2 0 0.34067473278352484
1 2 2 1 0.34067473278352484
0 3 3 0 0.34067473278352484
1 3 3 1 0.34067473278352484
0 2 8 0 -0.00028176360584873325
1 2 8 1 -0.00028176360584873325
0 3 9 0 -0.00028176360584873325
1 3 9 1 -0.00028176360584873325
0 4 4 0 0.34067473278352484
1 4 4 1 0.34067473278352484
0 5 5 0 0.34067473278352484
1 5 5 1 0.34067473278352484
0 4 6 0 -0.0002817636126621319
1 4 6 1 -0.0002817636126621319
0 5 7 0 -0.0002817636126621319
1 5 7 1 -0.0002817636126621319
0 6 4 0 -0.00028176361266213183
1 6 4 1 -0.00028176361266213183
0 7 5 0 -0.00028176361266213183
1 7 5 1 -0.00028176361266213183
0 6 6 0 0.10759285617856812
1 6 6 1 0.10759285617856812
0 7 7 0 0.10759285617856812
1 7 7 1 0.10759285617856812
0 8 2 0 -0.0002817636058487329
1 8 2 1 -0.0002817636058487329
0 9 3 0 -0.0002817636058487329
1 9 3 1 -0.0002817636058487329
0 8 8 0 0.1075928561785764
1 8 8 1 0.1075928561785764
0 9 9 0 0.1075928561785764
1 9 9 1 0.1075928561785764
0 10 0 0 0.0023134126765933767
1 10 0 1 0.0023134126765933767
0 11 1 0 0.0023134126765933767
1 11 1 1 0.0023134126765933767
0 10 10 0 0.11446455438364123
1 10 10 1 0.11446455438364123
0 11 11 0 0.11446455438364123
1 11 11 1 0.11446455438364123
0 0 2 2 0.020610536788776314
1 0 2 3 0.020610536788776314
0 1 3 2 0.020610536788776314
1 1 3 3 0.020610536788776314
0 0 8 2 1.4934663499434073e-05
1 0 8 3 1.4934663499434073e-05
0 1 9 2 1.4934663499434073e-05
1 1 9 3 1.4934663499434073e-05
0 2 0 2 0.02061053678877632
1 2 0 3 0.02061053678877632
0 3 1 2 0.02061053678877632
1 3 1 3 0.02061053678877632
0 2 10 2 0.00029622945319161863
1 2 10 3 0.00029622945319161863
0 3 11 2 0.00029622945319161863
1 3 11 3 0.00029622945319161863
0 8 0 2 1.4934663499434043e-05
1 8 0 3 1.4934663499434043e-05
0 9 1 2 1.4934663499434043e-05
1 9 1 3 1.4934663499434043e-05
0 8 10 2 -0.00038935339265252166
1 8 10 3 -0.00038935339265252166
0 9 11 2 -0.00038935339265252166
1 9 11 3 -0.00038935339265252166
0 10 2 2 0.0002962294531916186
1 10 2 3 0.0002962294531916186
0 11 3 2 0.0002962294531916186
1 11 3 3 0.0002962294531916186
0 10 8 2 -0.0003893533926525217
1 10 8 3 -0.0003893533926525217
0 11 9 2 -0.0003893533926525217
1 11 9 3 -0.0003893533926525217
0 0 4 4 0.020610536788776314
1 0 4 5 0.020610536788776314
0 1 5 4 0.020610536788776314
1 1 5 5 0.020610536788776314
0 0 6 4 1.4934663087226233e-05
1 0 6 5 1.4934663087226233e-05
0 1 7 4 1.4934663087226233e-05
1 1 7 5 1.4934663087226233e-05
0 4 0 4 0.02061053678877632
1 4 0 5 0.02061053678877632
0 5 1 4 0.02061053678877632
1 5 1 5 0.02061053678877632
0 4 10 4 0.00029622945319161863
1 4 10 5 0.00029622945319161863
0 5 11 4 0.00029622945319161863
1 5 11 5 0.00029622945319161863
0 6 0 4 1.493466308722621e-05
1 6 0 5 1.493466308722621e-05
0 7 1 4 1.493466308722621e-05
1 7 1 5 1.493466308722621e-05
0 6 10 4 -0.00038935339265841083
1 6 10 5 -0.00038935339265841083
0 7 11 4 -0.00038935339265841083
1 7 11 5 -0.00038935339265841083
0 10 4 4 0.0002962294531916186
1 10 4 5 0.0002962294531916186
0 11 5 4 0.0002962294531916186
1 11 5 5 0.0002962294531916186
0 10 6 4 -0.0003893533926584109
1 10 6 5 -0.0003893533926584109
0 11 7 4 -0.0003893533926584109
1 11 7 5 -0.0003893533926584109
0 0 4 6 1.4934663087226208e-05
1 0 4 7 1.4934663087226208e-05
0 1 5 6 1.4934663087226208e-05
1 1 5 7 1.4934663087226208e-05
0 0 6 6 0.000125901621215522
1 0 6 7 0.000125901621215522
0 1 7 6 0.000125901621215522
1 1 7 7 0.000125901621215522
0 4 0 6 1.493466308722616e-05
1 4 0 7 1.493466308722616e-05
0 5 1 6 1.493466308722616e-05
1 5 1 7 1.493466308722616e-05
0 4 10 6 3.752454479167566e-06
1 4 10 7 3.752454479167566e-06
0 5 11 6 3.752454479167566e-06
1 5 11 7 3.752454479167566e-06
0 6 0 6 0.000125901621215522
1 6 0 7 0.000125901621215522
0 7 1 6 0.000125901621215522
1 7 1 7 0.000125901621215522
0 6 10 6 0.00029623522140524136
1 6 10 7 0.00029623522140524136
0 7 11 6 0.00029623522140524136
1 7 11 7 0.00029623522140524136
0 10 4 6 3.7524544791675687e-06
1 10 4 7 3.7524544791675687e-06
0 11 5 6 3.7524544791675687e-06
1 11 5 7 3.7524544791675687e-06
0 10 6 6 0.0002962352214052413
1 10 6 7 0.0002962352214052413
0 11 7 6 0.0002962352214052413
1 11 7 7 0.0002962352214052413
0 0 2 8 1.4934663499434055e-05
1 0 2 9 1.4934663499434055e-05
0 1 3 8 1.4934663499434055e-05
1 1 3 9 1.4934663499434055e-05
0 0 8 8 0.00012590162121614218
1 0 8 9 0.00012590162121614218
0 1 9 8 0.00012590162121614218
1 1 9 9 0.00012590162121614218
0 2 0 8 1.4934663499434002e-05
1 2 0 9 1.4934663499434002e-05
0 3 1 8 1.4934663499434002e-05
1 3 1 9 1.4934663499434002e-05
0 2 10 8 3.7524544850924376e-06
1 2 10 9 3.7524544850924376e-06
0 3 11 8 3.7524544850924376e-06
1 3 11 9 3.7524544850924376e-06
0 8 0 8 0.00012590162121614223
1 8 0 9 0.00012590162121614223
0 9 1 8 0.00012590162121614223
1 9 1 9 0.00012590162121614223
0 8 10 8 0.00029623522139758326
1 8 10 9 0.00029623522139758326
0 9 11 8 0.00029623522139758326
1 9 11 9 0.00029623522139758326
0 10 2 8 3.75245448509244e-06
1 10 2 9 3.75245448509244e-06
0 11 3 8 3.75245448509244e-06
1 11 3 9 3.75245448509244e-06
0 10 8 8 0.00029623522139758305
1 10 8 9 0.00029623522139758305
0 11 9 8 0.00029623522139758305
1 11 9 9 0.00029623522139758305
0 0 0 10 0.0023134126765933798
1 0 0 11 0.0023134126765933798
0 1 1 10 0.0023134126765933798
1 1 1 11 0.0023134126765933798
0 0 10 10 0.0002934066958425743
1 0 10 11 0.0002934066958425743
0 1 11 10 0.0002934066958425743
1 1 11 11 0.0002934066958425743
0 2 2 10 0.002262487790701177
1 2 2 11 0.002262487790701177
0 3 3 10 0.002262487790701177
1 3 3 11 0.002262487790701177
0 2 8 10 -2.4463149604586524e-05
1 2 8 11 -2.4463149604586524e-05
0 3 9 10 -2.4463149604586524e-05
1 3 9 11 -2.4463149604586524e-05
0 4 4 10 0.002262487790701177
1 4 4 11 0.002262487790701177
0 5 5 10 0.002262487790701177
1 5 5 11 0.002262487790701177
0 4 6 10 -2.446314964983357e-05
1 4 6 11 -2.446314964983357e-05
0 5 7 10 -2.446314964983357e-05
1 5 7 11 -2.446314964983357e-05
0 6 4 10 -2.446314964983358e-05
1 6 4 11 -2.446314964983358e-05
0 7 5 10 -2.446314964983358e-05
1 7 5 11 -2.446314964983358e-05
0 6 6 10 0.0022625129135349234
1 6 6 11 0.0022625129135349234
0 7 7 10 0.0022625129135349234
1 7 7 11 0.0022625129135349234
0 8 2 10 -2.4463149604586507e-05
1 8 2 11 -2.4463149604586507e-05
0 9 3 10 -2.4463149604586507e-05
1 9 3 11 -2.4463149604586507e-05
0 8 8 10 0.0022625129135343553
1 8 8 11 0.0022625129135343553
0 9 9 10 0.0022625129135343553
1 9 9 11 0.0022625129135343553
0 10 0 10 0.0002934066958425742
1 10 0 11 0.0002934066958425742
0 11 1 10 0.0002934066958425742
1 11 1 11 0.0002934066958425742
0 10 10 10 0.0023134425972366167
1 10 10 11 0.0023134425972366167
0 11 11 10 0.0023134425972366167
1 11 11 11 0.0023134425972366167
2 0 2 0 0.020610536788776317
3 0 2 1 0.020610536788776317
2 1 3 0 0.020610536788776317
3 1 3 1 0.020610536788776317
2 0 8 0 1.4934663499434078e-05
3 0 8 1 1.4934663499434078e-05
2 1 9 0 1.4934663499434078e-05
3 1 9 1 1.4934663499434078e-05
2 2 0 0 0.020610536788776324
3 2 0 1 0.020610536788776324
2 3 1 0 0.020610536788776324
3 3 1 1 0.020610536788776324
2 2 10 0 0.00029622945319161863
3 2 10 1 0.00029622945319161863
2 3 11 0 0.00029622945319161863
3 3 11 1 0.00029622945319161863
2 8 0 0 1.4934663499434041e-05
3 8 0 1 1.4934663499434041e-05
2 9 1 0 1.4934663499434041e-05
3 9 1 1 1.4934663499434041e-05
2 8 10 0 -0.0003893533926525217
3 8 10 1 -0.0003893533926525217
2 9 11 0 -0.0003893533926525217
3 9 11 1 -0.0003893533926525217
2 10 2 0 0.0002962294531916186
3 10 2 1 0.0002962294531916186
2 11 3 0 0.0002962294531916186
3 11 3 1 0.0002962294531916186
2 10 8 0 -0.00038935339265252177
3 10 8 1 -0.00038935339265252177
2 11 9 0 -0.00038935339265252177
3 11 9 1 -0.00038935339265252177
2 0 0 2 0.3406747327835249
3 0 0 3 0.3406747327835249
2 1 1 2 0.3406747327835249
3 1 1 3 0.3406747327835249
2 0 10 2 0.0022624877907011713
3 0 10 3 0.0022624877907011713
2 1 11 2 0.0022624877907011713
3 1 11 3 0.0022624877907011713
2 2 2 2 0.3814227619492759
3 2 2 3 0.3814227619492759
2 3 3 2 0.3814227619492759
3 3 3 3 0.3814227619492759
2 2 8 2 -0.0004951166051610212
3 2 8 3 -0.0004951166051610212
2 3 9 2 -0.0004951166051610212
3 3 9 3 -0.0004951166051610212
2 4 4 2 0.3403004842478013
3 4 4 3 0.3403004842478013
2 5 5 2 0.3403004842478013
3 5 5 3 0.3403004842478013
2 4 6 2 -0.0003809567226724749
3 4 6 3 -0.0003809567226724749
2 5 7 2 -0.0003809567226724749
3 5 7 3 -0.0003809567226724749
2 6 4 2 -0.00038095672267247525
3 6 4 3 -0.00038095672267247525
2 7 5 2 -0.00038095672267247525
3 7 5 3 -0.00038095672267247525
2 6 6 2 0.10218084065805613
3 6 6 3 0.10218084065805613
2 7 7 2 0.10218084065805613
3 7 7 3 0.10218084065805613
2 8 2 2 -0.0004951166051610213
3 8 2 3 -0.0004951166051610213
2 9 3 2 -0.0004951166051610213
3 9 3 3 -0.0004951166051610213
2 8 8 2 0.102379791326803
3 8 8 3 0.102379791326803
2 9 9 2 0.102379791326803
3 9 9 3 0.102379791326803
2 10 0 2 0.0022624877907011743
3 10 0 3 0.0022624877907011743
2 11 1 2 0.0022624877907011743
3 11 1 3 0.0022624877907011743
2 10 10 2 0.10759292715848362
3 10 10 3 0.10759292715848362
2 11 11 2 0.10759292715848362
3 11 11 3 0.10759292715848362
2 2 4 4 0.02056113860071675
3 2 4 5 0.02056113860071675
2 3 5 4 0.02056113860071675
3 3 5 5 0.02056113860071675
2 2 6 4 -5.707994505843908e-05
3 2 6 5 -5.707994505843908e-05
2 3 7 4 -5.707994505843908e-05
3 3 7 5 -5.707994505843908e-05
2 4 2 4 0.02056113860071675
3 4 2 5 0.02056113860071675
2 5 3 4 0.02056113860071675
3 5 3 5 0.02056113860071675
2 4 8 4 -5.707994464722573e-05
3 4 8 5 -5.707994464722573e-05
2 5 9 4 -5.707994464722573e-05
3 5 9 5 -5.707994464722573e-05
2 6 2 4 -5.7079945058439085e-05
3 6 2 5 -5.7079945058439085e-05
2 7 3 4 -5.7079945058439085e-05
3 7 3 5 -5.7079945058439085e-05
2 6 8 4 9.947558439352155e-05
3 6 8 5 9.947558439352155e-05
2 7 9 4 9.947558439352155e-05
3 7 9 5 9.947558439352155e-05
2 8 4 4 -5.707994464722573e-05
3 8 4 5 -5.707994464722573e-05
2 9 5 4 -5.707994464722573e-05
3 9 5 5 -5.707994464722573e-05
2 8 6 4 9.947558439352154e-05
3 8 6 5 9.947558439352154e-05
2 9 7 4 9.947558439352154e-05
3 9 7 5 9.947558439352154e-05
2 2 4 6 -5.7079945058439105e-05
3 2 4 7 -5.7079945058439105e-05
2 3 5 6 -5.7079945058439105e-05
3 3 5 7 -5.7079945058439105e-05
2 2 6 6 1.2369872523344561e-06
3 2 6 7 1.2369872523344561e-06
2 3 7 6 1.2369872523344561e-06
3 3 7 7 1.2369872523344561e-06
2 4 2 6 -5.7079945058439105e-05
3 4 2 7 -5.7079945058439105e-05
2 5 3 6 -5.7079945058439105e-05
3 5 3 7 -5.7079945058439105e-05
2 4 8 6 1.2369872511929814e-06
3 4 8 7 1.2369872511929814e-06
2 5 9 6 1.2369872511929814e-06
3 5 9 7 1.2369872511929814e-06
2 6 2 6 1.2369872523344561e-06
3 6 2 7 1.2369872523344561e-06
2 7 3 6 1.2369872523344561e-06
3 7 3 7 1.2369872523344561e-06
2 6 8 6 -5.7079945058419536e-05
3 6 8 7 -5.7079945058419536e-05
2 7 9 6 -5.7079945058419536e-05
3 7 9 7 -5.7079945058419536e-05
2 8 4 6 1.2369872511929812e-06
3 8 4 7 1.2369872511929812e-06
2 9 5 6 1.2369872511929812e-06
3 9 5 7 1.2369872511929812e-06
2 8 6 6 -5.707994505841955e-05
3 8 6 7 -5.707994505841955e-05
2 9 7 6 -5.707994505841955e-05
3 9 7 7 -5.707994505841955e-05
2 0 0 8 -0.0002817636058487334
3 0 0 9 -0.0002817636058487334
2 1 1 8 -0.0002817636058487334
3 1 1 9 -0.0002817636058487334
2 0 10 8 -2.4463149604586504e-05
3 0 10 9 -2.4463149604586504e-05
2 1 11 8 -2.4463149604586504e-05
3 1 11 9 -2.4463149604586504e-05
2 2 2 8 -0.0004951166051610209
3 2 2 9 -0.0004951166051610209
2 3 3 8 -0.0004951166051610209
3 3 3 9 -0.0004951166051610209
2 2 8 8 9.317121818344209e-06
3 2 8 9 9.317121818344209e-06
2 3 9 8 9.317121818344209e-06
3 3 9 9 9.317121818344209e-06
2 4 4 8 -0.00038095671586657007
3 4 4 9 -0.00038095671586657007
2 5 5 8 -0.00038095671586657007
3 5 5 9 -0.00038095671586657007
2 4 6 8 6.843147325859638e-06
3 4 6 9 6.843147325859638e-06
2 5 7 8 6.843147325859638e-06
3 5 7 9 6.843147325859638e-06
2 6 4 8 6.843147325859637e-06
3 6 4 9 6.843147325859637e-06
2 7 5 8 6.843147325859637e-06
3 7 5 9 6.843147325859637e-06
2 6 6 8 -0.00038095672062891397
3 6 6 9 -0.00038095672062891397
2 7 7 8 -0.00038095672062891397
3 7 7 9 -0.00038095672062891397
2 8 2 8 9.31712181834421e-06
3 8 2 9 9.31712181834421e-06
2 9 3 8 9.31712181834421e-06
3 9 3 9 9.31712181834421e-06
2 8 8 8 -0.0004951166107415399
3 8 8 9 -0.0004951166107415399
2 9 9 8 -0.0004951166107415399
3 9 9 9 -0.0004951166107415399
2 10 0 8 -2.4463149604586517e-05
3 10 0 9 -2.4463149604586517e-05
2 11 1 8 -2.4463149604586517e-05
3 11 1 9 -2.4463149604586517e-05
2 10 10 8 -0.0002817625642089017
3 10 10 9 -0.0002817625642089017
2 11 11 8 -0.0002817625642089017
3 11 11 9 -0.0002817625642089017
2 0 2 10 0.00029622945319161863
3 0 2 11 0.00029622945319161863
2 1 3 10 0.00029622945319161863
3 1 3 11 0.00029622945319161863
2 0 8 10 3.752454485092447e-06
3 0 8 11 3.752454485092447e-06
2 1 9 10 3.752454485092447e-06
3 1 9 11 3.752454485092447e-06
2 2 0 10 0.00029622945319161874
3 2 0 11 0.00029622945319161874
2 3 1 10 0.00029622945319161874
3 3 1 11 0.00029622945319161874
2 2 10 10 0.00012590350901738574
3 2 10 11 0.00012590350901738574
2 3 11 10 0.00012590350901738574
3 3 11 11 0.00012590350901738574
2 8 0 10 3.7524544850924427e-06
3 8 0 11 3.7524544850924427e-06
2 9 1 10 3.7524544850924427e-06
3 9 1 11 3.7524544850924427e-06
2 8 10 10 1.4934966014952509e-05
3 8 10 11 1.4934966014952509e-05
2 9 11 10 1.4934966014952509e-05
3 9 11 11 1.4934966014952509e-05
2 10 2 10 0.0001259035090173857
3 10 2 11 0.0001259035090173857
2 11 3 10 0.0001259035090173857
3 11 3 11 0.0001259035090173857
2 10 8 10 1.4934966014952563e-05
3 10 8 11 1.4934966014952563e-05
2 11 9 10 1.4934966014952563e-05
3 11 9 11 1.4934966014952563e-05
4 0 4 0 0.020610536788776317
5 0 4 1 0.020610536788776317
4 1 5 0 0.020610536788776317
5 1 5 1 0.020610536788776317
4 0 6 0 1.4934663087226235e-05
5 0 6 1 1.4934663087226235e-05
4 1 7 0 1.4934663087226235e-05
5 1 7 1 1.4934663087226235e-05
4 4 0 0 0.020610536788776324
5 4 0 1 0.020610536788776324
4 5 1 0 0.020610536788776324
5 5 1 1 0.020610536788776324
4 4 10 0 0.00029622945319161863
5 4 10 1 0.00029622945319161863
4 5 11 0 0.00029622945319161863
5 5 11 1 0.00029622945319161863
4 6 0 0 1.4934663087226211e-05
5 6 0 1 1.4934663087226211e-05
4 7 1 0 1.4934663087226211e-05
5 7 1 1 1.4934663087226211e-05
4 6 10 0 -0.0003893533926584109
5 6 10 1 -0.0003893533926584109
4 7 11 0 -0.0003893533926584109
5 7 11 1 -0.0003893533926584109
4 10 4 0 0.0002962294531916186
5 10 4 1 0.0002962294531916186
4 11 5 0 0.0002962294531916186
5 11 5 1 0.0002962294531916186
4 10 6 0 -0.00038935339265841094
5 10 6 1 -0.00038935339265841094
4 11 7 0 -0.00038935339265841094
5 11 7 1 -0.00038935339265841094
4 2 4 2 0.02056113860071675
5 2 4 3 0.02056113860071675
4 3 5 2 0.02056113860071675
5 3 5 3 0.02056113860071675
4 2 6 2 -5.707994505843908e-05
5 2 6 3 -5.707994505843908e-05
4 3 7 2 -5.707994505843908e-05
5 3 7 3 -5.707994505843908e-05
4 4 2 2 0.02056113860071675
5 4 2 3 0.02056113860071675
4 5 3 2 0.02056113860071675
5 5 3 3 0.02056113860071675
4 4 8 2 -5.707994464722573e-05
5 4 8 3 -5.707994464722573e-05
4 5 9 2 -5.707994464722573e-05
5 5 9 3 -5.707994464722573e-05
4 6 2 2 -5.7079945058439085e-05
5 6 2 3 -5.7079945058439085e-05
4 7 3 2 -5.7079945058439085e-05
5 7 3 3 -5.7079945058439085e-05
4 6 8 2 9.947558439352155e-05
5 6 8 3 9.947558439352155e-05
4 7 9 2 9.947558439352155e-05
5 7 9 3 9.947558439352155e-05
4 8 4 2 -5.707994464722573e-05
5 8 4 3 -5.707994464722573e-05
4 9 5 2 -5.707994464722573e-05
5 9 5 3 -5.707994464722573e-05
4 8 6 2 9.947558439352154e-05
5 8 6 3 9.947558439352154e-05
4 9 7 2 9.947558439352154e-05
5 9 7 3 9.947558439352154e-05
4 0 0 4 0.3406747327835249
5 0 0 5 0.3406747327835249
4 1 1 4 0.3406747327835249
5 1 1 5 0.3406747327835249
4 0 10 4 0.0022624877907011713
5 0 10 5 0.0022624877907011713
4 1 11 4 0.0022624877907011713
5 1 11 5 0.0022624877907011713
4 2 2 4 0.3403004842478013
5 2 2 5 0.3403004842478013
4 3 3 4 0.3403004842478013
5 3 3 5 0.3403004842478013
4 2 8 4 -0.0003809567158665701
5 2 8 5 -0.0003809567158665701
4 3 9 4 -0.0003809567158665701
5 3 9 5 -0.0003809567158665701
4 4 4 4 0.3814227619492759
5 4 4 5 0.3814227619492759
4 5 5 4 0.3814227619492759
5 5 5 5 0.3814227619492759
4 4 6 4 -0.000495116612789353
5 4 6 5 -0.000495116612789353
4 5 7 4 -0.000495116612789353
5 5 7 5 -0.000495116612789353
4 6 4 4 -0.0004951166127893529
5 6 4 5 -0.0004951166127893529
4 7 5 4 -0.0004951166127893529
5 7 5 5 -0.0004951166127893529
4 6 6 4 0.1023797913268042
5 6 6 5 0.1023797913268042
4 7 7 4 0.1023797913268042
5 7 7 5 0.1023797913268042
4 8 2 4 -0.00038095671586657034
5 8 2 5 -0.00038095671586657034
4 9 3 4 -0.00038095671586657034
5 9 3 5 -0.00038095671586657034
4 8 8 4 0.10218084065805944
5 8 8 5 0.10218084065805944
4 9 9 4 0.10218084065805944
5 9 9 5 0.10218084065805944
4 10 0 4 0.0022624877907011743
5 10 0 5 0.0022624877907011743
4 11 1 4 0.0022624877907011743
5 11 1 5 0.0022624877907011743
4 10 10 4 0.10759292715848362
5 10 10 5 0.10759292715848362
4 11 11 4 0.10759292715848362
5 11 11 5 0.10759292715848362
4 0 0 6 -0.00028176361266213227
5 0 0 7 -0.00028176361266213227
4 1 1 6 -0.00028176361266213227
5 1 1 7 -0.00028176361266213227
4 0 10 6 -2.4463149649833574e-05
5 0 10 7 -2.4463149649833574e-05
4 1 11 6 -2.4463149649833574e-05
5 1 11 7 -2.4463149649833574e-05
4 2 2 6 -0.00038095672267247503
5 2 2 7 -0.00038095672267247503
4 3 3 6 -0.00038095672267247503
5 3 3 7 -0.00038095672267247503
4 2 8 6 6.843147325859635e-06
5 2 8 7 6.843147325859635e-06
4 3 9 6 6.843147325859635e-06
5 3 9 7 6.843147325859635e-06
4 4 4 6 -0.0004951166127893526
5 4 4 7 -0.0004951166127893526
4 5 5 6 -0.0004951166127893526
5 5 5 7 -0.0004951166127893526
4 4 6 6 9.317121838146979e-06
5 4 6 7 9.317121838146979e-06
4 5 7 6 9.317121838146979e-06
5 5 7 7 9.317121838146979e-06
4 6 4 6 9.317121838146979e-06
5 6 4 7 9.317121838146979e-06
4 7 5 6 9.317121838146979e-06
5 7 5 7 9.317121838146979e-06
4 6 6 6 -0.0004951166127893526
5 6 6 7 -0.0004951166127893526
4 7 7 6 -0.0004951166127893526
5 7 7 7 -0.0004951166127893526
4 8 2 6 6.843147325859638e-06
5 8 2 7 6.843147325859638e-06
4 9 3 6 6.843147325859638e-06
5 9 3 7 6.843147325859638e-06
4 8 8 6 -0.00038095672267227055
5 8 8 7 -0.00038095672267227055
4 9 9 6 -0.00038095672267227055
5 9 9 7 -0.00038095672267227055
4 10 0 6 -2.4463149649833584e-05
5 10 0 7 -2.4463149649833584e-05
4 11 1 6 -2.4463149649833584e-05
5 11 1 7 -2.4463149649833584e-05
4 10 10 6 -0.00028176256636071274
5 10 10 7 -0.00028176256636071274
4 11 11 6 -0.00028176256636071274
5 11 11 7 -0.00028176256636071274
4 2 4 8 -5.707994464722575e-05
5 2 4 9 -5.707994464722575e-05
4 3 5 8 -5.707994464722575e-05
5 3 5 9 -5.707994464722575e-05
4 2 6 8 1.2369872511929814e-06
5 2 6 9 1.2369872511929814e-06
4 3 7 8 1.2369872511929814e-06
5 3 7 9 1.2369872511929814e-06
4 4 2 8 -5.707994464722575e-05
5 4 2 9 -5.707994464722575e-05
4 5 3 8 -5.707994464722575e-05
5 5 3 9 -5.707994464722575e-05
4 4 8 8 1.2369872500515067e-06
5 4 8 9 1.2369872500515067e-06
4 5 9 8 1.2369872500515067e-06
5 5 9 9 1.2369872500515067e-06
4 6 2 8 1.2369872511929814e-06
5 6 2 9 1.2369872511929814e-06
4 7 3 8 1.2369872511929814e-06
5 7 3 9 1.2369872511929814e-06
4 6 8 8 -5.707994505643523e-05
5 6 8 9 -5.707994505643523e-05
4 7 9 8 -5.707994505643523e-05
5 7 9 9 -5.707994505643523e-05
4 8 4 8 1.2369872500515067e-06
5 8 4 9 1.2369872500515067e-06
4 9 5 8 1.2369872500515067e-06
5 9 5 9 1.2369872500515067e-06
4 8 6 8 -5.707994505643524e-05
5 8 6 9 -5.707994505643524e-05
4 9 7 8 -5.707994505643524e-05
5 9 7 9 -5.707994505643524e-05
4 0 4 10 0.00029622945319161863
5 0 4 11 0.00029622945319161863
4 1 5 10 0.00029622945319161863
5 1 5 11 0.00029622945319161863
4 0 6 10 3.752454479167576e-06
5 0 6 11 3.752454479167576e-06
4 1 7 10 3.752454479167576e-06
5 1 7 11 3.752454479167576e-06
4 4 0 10 0.00029622945319161874
5 4 0 11 0.00029622945319161874
4 5 1 10 0.00029622945319161874
5 5 1 11 0.00029622945319161874
4 4 10 10 0.00012590350901738574
5 4 10 11 0.00012590350901738574
4 5 11 10 0.00012590350901738574
5 5 11 11 0.00012590350901738574
4 6 0 10 3.7524544791675734e-06
5 6 0 11 3.7524544791675734e-06
4 7 1 10 3.7524544791675734e-06
5 7 1 11 3.7524544791675734e-06
4 6 10 10 1.4934966012433108e-05
5 6 10 11 1.4934966012433108e-05
4 7 11 10 1.4934966012433108e-05
5 7 11 11 1.4934966012433108e-05
4 10 4 10 0.0001259035090173857
5 10 4 11 0.0001259035090173857
4 11 5 10 0.0001259035090173857
5 11 5 11 0.0001259035090173857
4 10 6 10 1.4934966012433121e-05
5 10 6 11 1.4934966012433121e-05
4 11 7 10 1.4934966012433121e-05
5 11 7 11 1.4934966012433121e-05
6 0 4 0 1.4934663087226216e-05
7 0 4 1 1.4934663087226216e-05
6 1 5 0 1.4934663087226216e-05
7 1 5 1 1.4934663087226216e-05
6 0 6 0 0.000125901621215522
7 0 6 1 0.000125901621215522
6 1 7 0 0.000125901621215522
7 1 7 1 0.000125901621215522
6 4 0 0 1.4934663087226189e-05
7 4 0 1 1.4934663087226189e-05
6 5 1 0 1.4934663087226189e-05
7 5 1 1 1.4934663087226189e-05
6 4 10 0 3.752454479167567e-06
7 4 10 1 3.752454479167567e-06
6 5 11 0 3.752454479167567e-06
7 5 11 1 3.752454479167567e-06
6 6 0 0 0.00012590162121552196
7 6 0 1 0.00012590162121552196
6 7 1 0 0.00012590162121552196
7 7 1 1 0.00012590162121552196
6 6 10 0 0.0002962352214052413
7 6 10 1 0.0002962352214052413
6 7 11 0 0.0002962352214052413
7 7 11 1 0.0002962352214052413
6 10 4 0 3.7524544791675717e-06
7 10 4 1 3.7524544791675717e-06
6 11 5 0 3.7524544791675717e-06
7 11 5 1 3.7524544791675717e-06
6 10 6 0 0.00029623522140524125
7 10 6 1 0.00029623522140524125
6 11 7 0 0.00029623522140524125
7 11 7 1 0.00029623522140524125
6 2 4 2 -5.707994505843911e-05
7 2 4 3 -5.707994505843911e-05
6 3 5 2 -5.707994505843911e-05
7 3 5 3 -5.707994505843911e-05
6 2 6 2 1.2369872523344561e-06
7 2 6 3 1.2369872523344561e-06
6 3 7 2 1.2369872523344561e-06
7 3 7 3 1.2369872523344561e-06
6 4 2 2 -5.707994505843911e-05
7 4 2 3 -5.707994505843911e-05
6 5 3 2 -5.707994505843911e-05
7 5 3 3 -5.707994505843911e-05
6 4 8 2 1.2369872511929814e-06
7 4 8 3 1.2369872511929814e-06
6 5 9 2 1.2369872511929814e-06
7 5 9 3 1.2369872511929814e-06
6 6 2 2 1.2369872523344561e-06
7 6 2 3 1.2369872523344561e-06
6 7 3 2 1.2369872523344561e-06
7 7 3 3 1.2369872523344561e-06
6 6 8 2 -5.707994505841953e-05
7 6 8 3 -5.707994505841953e-05
6 7 9 2 -5.707994505841953e-05
7 7 9 3 -5.707994505841953e-05
6 8 4 2 1.2369872511929812e-06
7 8 4 3 1.2369872511929812e-06
6 9 5 2 1.2369872511929812e-06
7 9 5 3 1.2369872511929812e-06
6 8 6 2 -5.707994505841954e-05
7 8 6 3 -5.707994505841954e-05
6 9 7 2 -5.707994505841954e-05
7 9 7 3 -5.707994505841954e-05
6 0 0 4 -0.0002817636126621324
7 0 0 5 -0.0002817636126621324
6 1 1 4 -0.0002817636126621324
7 1 1 5 -0.0002817636126621324
6 0 10 4 -2.4463149649833574e-05
7 0 10 5 -2.4463149649833574e-05
6 1 11 4 -2.4463149649833574e-05
7 1 11 5 -2.4463149649833574e-05
6 2 2 4 -0.00038095672267247503
7 2 2 5 -0.00038095672267247503
6 3 3 4 -0.00038095672267247503
7 3 3 5 -0.00038095672267247503
6 2 8 4 6.843147325859637e-06
7 2 8 5 6.843147325859637e-06
6 3 9 4 6.843147325859637e-06
7 3 9 5 6.843147325859637e-06
6 4 4 4 -0.0004951166127893526
7 4 4 5 -0.0004951166127893526
6 5 5 4 -0.0004951166127893526
7 5 5 5 -0.0004951166127893526
6 4 6 4 9.317121838146979e-06
7 4 6 5 9.317121838146979e-06
6 5 7 4 9.317121838146979e-06
7 5 7 5 9.317121838146979e-06
6 6 4 4 9.317121838146979e-06
7 6 4 5 9.317121838146979e-06
6 7 5 4 9.317121838146979e-06
7 7 5 5 9.317121838146979e-06
6 6 6 4 -0.0004951166127893526
7 6 6 5 -0.0004951166127893526
6 7 7 4 -0.0004951166127893526
7 7 7 5 -0.0004951166127893526
6 8 2 4 6.843147325859638e-06
7 8 2 5 6.843147325859638e-06
6 9 3 4 6.843147325859638e-06
7 9 3 5 6.843147325859638e-06
6 8 8 4 -0.00038095672267227066
7 8 8 5 -0.00038095672267227066
6 9 9 4 -0.00038095672267227066
7 9 9 5 -0.00038095672267227066
6 10 0 4 -2.4463149649833588e-05
7 10 0 5 -2.4463149649833588e-05
6 11 1 4 -2.4463149649833588e-05
7 11 1 5 -2.4463149649833588e-05
6 10 10 4 -0.0002817625663607128
7 10 10 5 -0.0002817625663607128
6 11 11 4 -0.0002817625663607128
7 11 11 5 -0.0002817625663607128
6 0 0 6 0.1075928561785681
7 0 0 7 0.1075928561785681
6 1 1 6 0.1075928561785681
7 1 1 7 0.1075928561785681
6 0 10 6 0.0022625129135349217
7 0 10 7 0.0022625129135349217
6 1 11 6 0.0022625129135349217
7 1 11 7 0.0022625129135349217
6 2 2 6 0.10218084065805613
7 2 2 7 0.10218084065805613
6 3 3 6 0.10218084065805613
7 3 3 7 0.10218084065805613
6 2 8 6 -0.0003809567206289139
7 2 8 7 -0.0003809567206289139
6 3 9 6 -0.0003809567206289139
7 3 9 7 -0.0003809567206289139
6 4 4 6 0.1023797913268042
7 4 4 7 0.1023797913268042
6 5 5 6 0.1023797913268042
7 5 5 7 0.1023797913268042
6 4 6 6 -0.0004951166127893529
7 4 6 7 -0.0004951166127893529
6 5 7 6 -0.0004951166127893529
7 5 7 7 -0.0004951166127893529
6 6 4 6 -0.000495116612789353
7 6 4 7 -0.000495116612789353
6 7 5 6 -0.000495116612789353
7 7 5 7 -0.000495116612789353
6 6 6 6 0.3814227619492759
7 6 6 7 0.3814227619492759
6 7 7 6 0.3814227619492759
7 7 7 7 0.3814227619492759
6 8 2 6 -0.0003809567206289138
7 8 2 7 -0.0003809567206289138
6 9 3 6 -0.0003809567206289138
7 9 3 7 -0.0003809567206289138
6 8 8 6 0.34030048424784787
7 8 8 7 0.34030048424784787
6 9 9 6 0.34030048424784787
7 9 9 7 0.34030048424784787
6 10 0 6 0.0022625129135349226
7 10 0 7 0.0022625129135349226
6 11 1 6 0.0022625129135349226
7 11 1 7 0.0022625129135349226
6 10 10 6 0.34067474058115943
7 10 10 7 0.34067474058115943
6 11 11 6 0.34067474058115943
7 11 11 7 0.34067474058115943
6 2 4 8 9.947558439352154e-05
7 2 4 9 9.947558439352154e-05
6 3 5 8 9.947558439352154e-05
7 3 5 9 9.947558439352154e-05
6 2 6 8 -5.7079945058419536e-05
7 2 6 9 -5.7079945058419536e-05
6 3 7 8 -5.7079945058419536e-05
7 3 7 9 -5.7079945058419536e-05
6 4 2 8 9.947558439352154e-05
7 4 2 9 9.947558439352154e-05
6 5 3 8 9.947558439352154e-05
7 5 3 9 9.947558439352154e-05
6 4 8 8 -5.7079945056435215e-05
7 4 8 9 -5.7079945056435215e-05
6 5 9 8 -5.7079945056435215e-05
7 5 9 9 -5.7079945056435215e-05
6 6 2 8 -5.707994505841953e-05
7 6 2 9 -5.707994505841953e-05
6 7 3 8 -5.707994505841953e-05
7 7 3 9 -5.707994505841953e-05
6 6 8 8 0.020561138600718194
7 6 8 9 0.020561138600718194
6 7 9 8 0.020561138600718194
7 7 9 9 0.020561138600718194
6 8 4 8 -5.707994505643522e-05
7 8 4 9 -5.707994505643522e-05
6 9 5 8 -5.707994505643522e-05
7 9 5 9 -5.707994505643522e-05
6 8 6 8 0.020561138600718197
7 8 6 9 0.020561138600718197
6 9 7 8 0.020561138600718197
7 9 7 9 0.020561138600718197
6 0 4 10 -0.000389353392658411
7 0 4 11 -0.000389353392658411
6 1 5 10 -0.000389353392658411
7 1 5 11 -0.000389353392658411
6 0 6 10 0.0002962352214052413
7 0 6 11 0.0002962352214052413
6 1 7 10 0.0002962352214052413
7 1 7 11 0.0002962352214052413
6 4 0 10 -0.00038935339265841094
7 4 0 11 -0.00038935339265841094
6 5 1 10 -0.00038935339265841094
7 5 1 11 -0.00038935339265841094
6 4 10 10 1.4934966012433111e-05
7 4 10 11 1.4934966012433111e-05
6 5 11 10 1.4934966012433111e-05
7 5 11 11 1.4934966012433111e-05
6 6 0 10 0.00029623522140524114
7 6 0 11 0.00029623522140524114
6 7 1 10 0.00029623522140524114
7 7 1 11 0.00029623522140524114
6 6 10 10 0.02061053885098872
7 6 10 11 0.02061053885098872
6 7 11 10 0.02061053885098872
7 7 11 11 0.02061053885098872
6 10 4 10 1.4934966012433145e-05
7 10 4 11 1.4934966012433145e-05
6 11 5 10 1.4934966012433145e-05
7 11 5 11 1.4934966012433145e-05
6 10 6 10 0.020610538850988718
7 10 6 11 0.020610538850988718
6 11 7 10 0.020610538850988718
7 11 7 11 0.020610538850988718
8 0 2 0 1.4934663499434055e-05
9 0 2 1 1.4934663499434055e-05
8 1 3 0 1.4934663499434055e-05
9 1 3 1 1.4934663499434055e-05
8 0 8 0 0.00012590162121614218
9 0 8 1 0.00012590162121614218
8 1 9 0 0.00012590162121614218
9 1 9 1 0.00012590162121614218
8 2 0 0 1.4934663499434027e-05
9 2 0 1 1.4934663499434027e-05
8 3 1 0 1.4934663499434027e-05
9 3 1 1 1.4934663499434027e-05
8 2 10 0 3.752454485092436e-06
9 2 10 1 3.752454485092436e-06
8 3 11 0 3.752454485092436e-06
9 3 11 1 3.752454485092436e-06
8 8 0 0 0.0001259016212161422
9 8 0 1 0.0001259016212161422
8 9 1 0 0.0001259016212161422
9 9 1 1 0.0001259016212161422
8 8 10 0 0.00029623522139758305
9 8 10 1 0.00029623522139758305
8 9 11 0 0.00029623522139758305
9 9 11 1 0.00029623522139758305
8 10 2 0 3.75245448509244e-06
9 10 2 1 3.75245448509244e-06
8 11 3 0 3.75245448509244e-06
9 11 3 1 3.75245448509244e-06
8 10 8 0 0.00029623522139758294
9 10 8 1 0.00029623522139758294
8 11 9 0 0.00029623522139758294
9 11 9 1 0.00029623522139758294
8 0 0 2 -0.0002817636058487336
9 0 0 3 -0.0002817636058487336
8 1 1 2 -0.0002817636058487336
9 1 1 3 -0.0002817636058487336
8 0 10 2 -2.4463149604586504e-05
9 0 10 3 -2.4463149604586504e-05
8 1 11 2 -2.4463149604586504e-05
9 1 11 3 -2.4463149604586504e-05
8 2 2 2 -0.000495116605161021
9 2 2 3 -0.000495116605161021
8 3 3 2 -0.000495116605161021
9 3 3 3 -0.000495116605161021
8 2 8 2 9.317121818344209e-06
9 2 8 3 9.317121818344209e-06
8 3 9 2 9.317121818344209e-06
9 3 9 3 9.317121818344209e-06
8 4 4 2 -0.00038095671586657024
9 4 4 3 -0.00038095671586657024
8 5 5 2 -0.00038095671586657024
9 5 5 3 -0.00038095671586657024
8 4 6 2 6.843147325859638e-06
9 4 6 3 6.843147325859638e-06
8 5 7 2 6.843147325859638e-06
9 5 7 3 6.843147325859638e-06
8 6 4 2 6.843147325859638e-06
9 6 4 3 6.843147325859638e-06
8 7 5 2 6.843147325859638e-06
9 7 5 3 6.843147325859638e-06
8 6 6 2 -0.00038095672062891386
9 6 6 3 -0.00038095672062891386
8 7 7 2 -0.00038095672062891386
9 7 7 3 -0.00038095672062891386
8 8 2 2 9.31712181834421e-06
9 8 2 3 9.31712181834421e-06
8 9 3 2 9.31712181834421e-06
9 9 3 3 9.31712181834421e-06
8 8 8 2 -0.0004951166107415398
9 8 8 3 -0.0004951166107415398
8 9 9 2 -0.0004951166107415398
9 9 9 3 -0.0004951166107415398
8 10 0 2 -2.4463149604586517e-05
9 10 0 3 -2.4463149604586517e-05
8 11 1 2 -2.4463149604586517e-05
9 11 1 3 -2.4463149604586517e-05
8 10 10 2 -0.00028176256420890195
9 10 10 3 -0.00028176256420890195
8 11 11 2 -0.00028176256420890195
9 11 11 3 -0.00028176256420890195
8 2 4 4 -5.707994464722576e-05
9 2 4 5 -5.707994464722576e-05
8 3 5 4 -5.707994464722576e-05
9 3 5 5 -5.707994464722576e-05
8 2 6 4 1.2369872511929814e-06
9 2 6 5 1.2369872511929814e-06
8 3 7 4 1.2369872511929814e-06
9 3 7 5 1.2369872511929814e-06
8 4 2 4 -5.707994464722576e-05
9 4 2 5 -5.707994464722576e-05
8 5 3 4 -5.707994464722576e-05
9 5 3 5 -5.707994464722576e-05
8 4 8 4 1.2369872500515065e-06
9 4 8 5 1.2369872500515065e-06
8 5 9 4 1.2369872500515065e-06
9 5 9 5 1.2369872500515065e-06
8 6 2 4 1.2369872511929814e-06
9 6 2 5 1.2369872511929814e-06
8 7 3 4 1.2369872511929814e-06
9 7 3 5 1.2369872511929814e-06
8 6 8 4 -5.707994505643522e-05
9 6 8 5 -5.707994505643522e-05
8 7 9 4 -5.707994505643522e-05
9 7 9 5 -5.707994505643522e-05
8 8 4 4 1.2369872500515063e-06
9 8 4 5 1.2369872500515063e-06
8 9 5 4 1.2369872500515063e-06
9 9 5 5 1.2369872500515063e-06
8 8 6 4 -5.7079945056435236e-05
9 8 6 5 -5.7079945056435236e-05
8 9 7 4 -5.7079945056435236e-05
9 9 7 5 -5.7079945056435236e-05
8 2 4 6 9.947558439352154e-05
9 2 4 7 9.947558439352154e-05
8 3 5 6 9.947558439352154e-05
9 3 5 7 9.947558439352154e-05
8 2 6 6 -5.707994505841953e-05
9 2 6 7 -5.707994505841953e-05
8 3 7 6 -5.707994505841953e-05
9 3 7 7 -5.707994505841953e-05
8 4 2 6 9.947558439352154e-05
9 4 2 7 9.947558439352154e-05
8 5 3 6 9.947558439352154e-05
9 5 3 7 9.947558439352154e-05
8 4 8 6 -5.7079945056435215e-05
9 4 8 7 -5.7079945056435215e-05
8 5 9 6 -5.7079945056435215e-05
9 5 9 7 -5.7079945056435215e-05
8 6 2 6 -5.707994505841952e-05
9 6 2 7 -5.707994505841952e-05
8 7 3 6 -5.707994505841952e-05
9 7 3 7 -5.707994505841952e-05
8 6 8 6 0.020561138600718197
9 6 8 7 0.020561138600718197
8 7 9 6 0.020561138600718197
9 7 9 7 0.020561138600718197
8 8 4 6 -5.707994505643522e-05
9 8 4 7 -5.707994505643522e-05
8 9 5 6 -5.707994505643522e-05
9 9 5 7 -5.707994505643522e-05
8 8 6 6 0.0205611386007182
9 8 6 7 0.0205611386007182
8 9 7 6 0.0205611386007182
9 9 7 7 0.0205611386007182
8 0 0 8 0.10759285617857636
9 0 0 9 0.10759285617857636
8 1 1 8 0.10759285617857636
9 1 1 9 0.10759285617857636
8 0 10 8 0.002262512913534354
9 0 10 9 0.002262512913534354
8 1 11 8 0.002262512913534354
9 1 11 9 0.002262512913534354
8 2 2 8 0.10237979132680299
9 2 2 9 0.10237979132680299
8 3 3 8 0.10237979132680299
9 3 3 9 0.10237979132680299
8 2 8 8 -0.0004951166107415401
9 2 8 9 -0.0004951166107415401
8 3 9 8 -0.0004951166107415401
9 3 9 9 -0.0004951166107415401
8 4 4 8 0.10218084065805945
9 4 4 9 0.10218084065805945
8 5 5 8 0.10218084065805945
9 5 5 9 0.10218084065805945
8 4 6 8 -0.0003809567226722707
9 4 6 9 -0.0003809567226722707
8 5 7 8 -0.0003809567226722707
9 5 7 9 -0.0003809567226722707
8 6 4 8 -0.0003809567226722704
9 6 4 9 -0.0003809567226722704
8 7 5 8 -0.0003809567226722704
9 7 5 9 -0.0003809567226722704
8 6 6 8 0.34030048424784787
9 6 6 9 0.34030048424784787
8 7 7 8 0.34030048424784787
9 7 7 9 0.34030048424784787
8 8 2 8 -0.0004951166107415404
9 8 2 9 -0.0004951166107415404
8 9 3 8 -0.0004951166107415404
9 9 3 9 -0.0004951166107415404
8 8 8 8 0.38142276194937474
9 8 8 9 0.38142276194937474
8 9 9 8 0.38142276194937474
9 9 9 9 0.38142276194937474
8 10 0 8 0.002262512913534355
9 10 0 9 0.002262512913534355
8 11 1 8 0.002262512913534355
9 11 1 9 0.002262512913534355
8 10 10 8 0.34067474058120994
9 10 10 9 0.34067474058120994
8 11 11 8 0.34067474058120994
9 11 11 9 0.34067474058120994
8 0 2 10 -0.00038935339265252177
9 0 2 11 -0.00038935339265252177
8 1 3 10 -0.00038935339265252177
9 1 3 11 -0.00038935339265252177
8 0 8 10 0.00029623522139758305
9 0 8 11 0.00029623522139758305
8 1 9 10 0.00029623522139758305
9 1 9 11 0.00029623522139758305
8 2 0 10 -0.0003893533926525217
9 2 0 11 -0.0003893533926525217
8 3 1 10 -0.0003893533926525217
9 3 1 11 -0.0003893533926525217
8 2 10 10 1.493496601495251e-05
9 2 10 11 1.493496601495251e-05
8 3 11 10 1.493496601495251e-05
9 3 11 11 1.493496601495251e-05
8 8 0 10 0.000296235221397583
9 8 0 11 0.000296235221397583
8 9 1 10 0.000296235221397583
9 9 1 11 0.000296235221397583
8 8 10 10 0.020610538850993065
9 8 10 11 0.020610538850993065
8 9 11 10 0.020610538850993065
9 9 11 11 0.020610538850993065
8 10 2 10 1.4934966014952544e-05
9 10 2 11 1.4934966014952544e-05
8 11 3 10 1.4934966014952544e-05
9 11 3 11 1.4934966014952544e-05
8 10 8 10 0.02061053885099306
9 10 8 11 0.02061053885099306
8 11 9 10 0.02061053885099306
9 11 9 11 0.02061053885099306
10 0 0 0 0.0023134126765933793
11 0 0 1 0.0023134126765933793
10 1 1 0 0.0023134126765933793
11 1 1 1 0.0023134126765933793
10 0 10 0 0.0002934066958425743
11 0 10 1 0.0002934066958425743
10 1 11 0 0.0002934066958425743
11 1 11 1 0.0002934066958425743
10 2 2 0 0.002262487790701176
11 2 2 1 0.002262487790701176
10 3 3 0 0.002262487790701176
11 3 3 1 0.002262487790701176
10 2 8 0 -2.4463149604586517e-05
11 2 8 1 -2.4463149604586517e-05
10 3 9 0 -2.4463149604586517e-05
11 3 9 1 -2.4463149604586517e-05
10 4 4 0 0.002262487790701176
11 4 4 1 0.002262487790701176
10 5 5 0 0.002262487790701176
11 5 5 1 0.002262487790701176
10 4 6 0 -2.4463149649833574e-05
11 4 6 1 -2.4463149649833574e-05
10 5 7 0 -2.4463149649833574e-05
11 5 7 1 -2.4463149649833574e-05
10 6 4 0 -2.4463149649833574e-05
11 6 4 1 -2.4463149649833574e-05
10 7 5 0 -2.4463149649833574e-05
11 7 5 1 -2.4463149649833574e-05
10 6 6 0 0.002262512913534926
11 6 6 1 0.002262512913534926
10 7 7 0 0.002262512913534926
11 7 7 1 0.002262512913534926
10 8 2 0 -2.4463149604586497e-05
11 8 2 1 -2.4463149604586497e-05
10 9 3 0 -2.4463149604586497e-05
11 9 3 1 -2.4463149604586497e-05
10 8 8 0 0.002262512913534356
11 8 8 1 0.002262512913534356
10 9 9 0 0.002262512913534356
11 9 9 1 0.002262512913534356
10 10 0 0 0.00029340669584257417
11 10 0 1 0.00029340669584257417
10 11 1 0 0.00029340669584257417
11 11 1 1 0.00029340669584257417
10 10 10 0 0.002313442597236617
11 10 10 1 0.002313442597236617
10 11 11 0 0.002313442597236617
11 11 11 1 0.002313442597236617
10 0 2 2 0.0002962294531916186
11 0 2 3 0.0002962294531916186
10 1 3 2 0.0002962294531916186
11 1 3 3 0.0002962294531916186
10 0 8 2 3.7524544850924477e-06
11 0 8 3 3.7524544850924477e-06
10 1 9 2 3.7524544850924477e-06
11 1 9 3 3.7524544850924477e-06
10 2 0 2 0.0002962294531916187
11 2 0 3 0.0002962294531916187
10 3 1 2 0.0002962294531916187
11 3 1 3 0.0002962294531916187
10 2 10 2 0.00012590350901738574
11 2 10 3 0.00012590350901738574
10 3 11 2 0.00012590350901738574
11 3 11 3 0.00012590350901738574
10 8 0 2 3.75245448509244e-06
11 8 0 3 3.75245448509244e-06
10 9 1 2 3.75245448509244e-06
11 9 1 3 3.75245448509244e-06
10 8 10 2 1.4934966014952495e-05
11 8 10 3 1.4934966014952495e-05
10 9 11 2 1.4934966014952495e-05
11 9 11 3 1.4934966014952495e-05
10 10 2 2 0.00012590350901738574
11 10 2 3 0.00012590350901738574
10 11 3 2 0.00012590350901738574
11 11 3 3 0.00012590350901738574
10 10 8 2 1.493496601495255e-05
11 10 8 3 1.493496601495255e-05
10 11 9 2 1.493496601495255e-05
11 11 9 3 1.493496601495255e-05
10 0 4 4 0.0002962294531916186
11 0 4 5 0.0002962294531916186
10 1 5 4 0.0002962294531916186
11 1 5 5 0.0002962294531916186
10 0 6 4 3.7524544791675743e-06
11 0 6 5 3.7524544791675743e-06
10 1 7 4 3.7524544791675743e-06
11 1 7 5 3.7524544791675743e-06
10 4 0 4 0.0002962294531916187
11 4 0 5 0.0002962294531916187
10 5 1 4 0.0002962294531916187
11 5 1 5 0.0002962294531916187
10 4 10 4 0.00012590350901738574
11 4 10 5 0.00012590350901738574
10 5 11 4 0.00012590350901738574
11 5 11 5 0.00012590350901738574
10 6 0 4 3.7524544791675734e-06
11 6 0 5 3.7524544791675734e-06
10 7 1 4 3.7524544791675734e-06
11 7 1 5 3.7524544791675734e-06
10 6 10 4 1.4934966012433121e-05
11 6 10 5 1.4934966012433121e-05
10 7 11 4 1.4934966012433121e-05
11 7 11 5 1.4934966012433121e-05
10 10 4 4 0.00012590350901738574
11 10 4 5 0.00012590350901738574
10 11 5 4 0.00012590350901738574
11 11 5 5 0.00012590350901738574
10 10 6 4 1.4934966012433135e-05
11 10 6 5 1.4934966012433135e-05
10 11 7 4 1.4934966012433135e-05
11 11 7 5 1.4934966012433135e-05
10 0 4 6 -0.000389353392658411
11 0 4 7 -0.000389353392658411
10 1 5 6 -0.000389353392658411
11 1 5 7 -0.000389353392658411
10 0 6 6 0.0002962352214052413
11 0 6 7 0.0002962352214052413
10 1 7 6 0.0002962352214052413
11 1 7 7 0.0002962352214052413
10 4 0 6 -0.00038935339265841094
11 4 0 7 -0.00038935339265841094
10 5 1 6 -0.00038935339265841094
11 5 1 7 -0.00038935339265841094
10 4 10 6 1.4934966012433113e-05
11 4 10 7 1.4934966012433113e-05
10 5 11 6 1.4934966012433113e-05
11 5 11 7 1.4934966012433113e-05
10 6 0 6 0.00029623522140524114
11 6 0 7 0.00029623522140524114
10 7 1 6 0.00029623522140524114
11 7 1 7 0.00029623522140524114
10 6 10 6 0.02061053885098873
11 6 10 7 0.02061053885098873
10 7 11 6 0.02061053885098873
11 7 11 7 0.02061053885098873
10 10 4 6 1.4934966012433146e-05
11 10 4 7 1.4934966012433146e-05
10 11 5 6 1.4934966012433146e-05
11 11 5 7 1.4934966012433146e-05
10 10 6 6 0.020610538850988725
11 10 6 7 0.020610538850988725
10 11 7 6 0.020610538850988725
11 11 7 7 0.020610538850988725
10 0 2 8 -0.00038935339265252177
11 0 2 9 -0.00038935339265252177
10 1 3 8 -0.00038935339265252177
11 1 3 9 -0.00038935339265252177
10 0 8 8 0.00029623522139758315
11 0 8 9 0.00029623522139758315
10 1 9 8 0.00029623522139758315
11 1 9 9 0.00029623522139758315
10 2 0 8 -0.0003893533926525217
11 2 0 9 -0.0003893533926525217
10 3 1 8 -0.0003893533926525217
11 3 1 9 -0.0003893533926525217
10 2 10 8 1.493496601495251e-05
11 2 10 9 1.493496601495251e-05
10 3 11 8 1.493496601495251e-05
11 3 11 9 1.493496601495251e-05
10 8 0 8 0.0002962352213975831
11 8 0 9 0.0002962352213975831
10 9 1 8 0.0002962352213975831
11 9 1 9 0.0002962352213975831
10 8 10 8 0.020610538850993065
11 8 10 9 0.020610538850993065
10 9 11 8 0.020610538850993065
11 9 11 9 0.020610538850993065
10 10 2 8 1.4934966014952546e-05
11 10 2 9 1.4934966014952546e-05
10 11 3 8 1.4934966014952546e-05
11 11 3 9 1.4934966014952546e-05
10 10 8 8 0.02061053885099306
11 10 8 9 0.02061053885099306
10 11 9 8 0.02061053885099306
11 11 9 9 0.02061053885099306
10 0 0 10 0.11446455438364124
11 0 0 11 0.11446455438364124
10 1 1 10 0.11446455438364124
11 1 1 11 0.11446455438364124
10 0 10 10 0.002313442597236619
11 0 10 11 0.002313442597236619
10 1 11 10 0.002313442597236619
11 1 11 11 0.002313442597236619
10 2 2 10 0.1075929271584836
11 2 2 11 0.1075929271584836
10 3 3 10 0.1075929271584836
11 3 3 11 0.1075929271584836
10 2 8 10 -0.0002817625642089019
11 2 8 11 -0.0002817625642089019
10 3 9 10 -0.0002817625642089019
11 3 9 11 -0.0002817625642089019
10 4 4 10 0.1075929271584836
11 4 4 11 0.1075929271584836
10 5 5 10 0.1075929271584836
11 5 5 11 0.1075929271584836
10 4 6 10 -0.0002817625663607124
11 4 6 11 -0.0002817625663607124
10 5 7 10 -0.0002817625663607124
11 5 7 11 -0.0002817625663607124
10 6 4 10 -0.00028176256636071247
11 6 4 11 -0.00028176256636071247
10 7 5 10 -0.00028176256636071247
11 7 5 11 -0.00028176256636071247
10 6 6 10 0.34067474058115943
11 6 6 11 0.34067474058115943
10 7 7 10 0.34067474058115943
11 7 7 11 0.34067474058115943
10 8 2 10 -0.00028176256420890173
11 8 2 11 -0.00028176256420890173
10 9 3 10 -0.00028176256420890173
11 9 3 11 -0.00028176256420890173
10 8 8 10 0.34067474058120994
11 8 8 11 0.34067474058120994
10 9 9 10 0.34067474058120994
11 9 9 11 0.34067474058120994
10 10 0 10 0.002313442597236621
11 10 0 11 0.002313442597236621
10 11 1 10 0.002313442597236621
11 11 1 11 0.002313442597236621
10 10 10 10 0.38221834246671965
11 10 10 11 0.38221834246671965
10 11 11 10 0.38221834246671965
11 11 11 11 0.38221834246671965
