-99.10018034091658
0 0 -2.317053079673501
1 1 -2.317053079673501
0 10 0.01103480189192655
1 11 0.01103480189192655
2 2 -2.295590463246256
3 3 -2.295590463246256
2 8 -0.0016243871849473774
3 9 -0.0016243871849473774
4 4 -2.295590463246256
5 5 -2.295590463246256
4 6 -0.0016243871849473774
5 7 -0.0016243871849473774
6 4 -0.0016243871849473783
7 5 -0.0016243871849473783
6 6 -2.295590415412085
7 7 -2.295590415412085
8 2 -0.0016243871849473783
9 3 -0.0016243871849473783
8 8 -2.295590415412085
9 9 -2.295590415412085
10 0 0.011034801891926512
11 1 0.011034801891926512
10 10 -2.317053099455316
11 11 -2.317053099455316
0 0 0 0 0.3815364779582354
1 0 0 1 0.3815364779582354
0 1 1 0 0.3815364779582354
1 1 1 1 0.3815364779582354
0 0 10 0 0.0011762020301933347
1 0 10 1 0.0011762020301933347
0 1 11 0 0.0011762020301933347
1 1 11 1 0.0011762020301933347
0 2 2 0 0.34034627444851845
1 2 2 1 0.34034627444851845
0 3 3 0 0.34034627444851845
1 3 3 1 0.34034627444851845
0 2 8 0 -0.00011317493770300918
1 2 8 1 -0.00011317493770300918
0 3 9 0 -0.00011317493770300918
1 3 9 1 -0.00011317493770300918
0 4 4 0 0.34034627444851845
1 4 4 1 0.34034627444851845
0 5 5 0 0.34034627444851845
1 5 5 1 0.34034627444851845
0 4 6 0 -0.00011317493770300918
1 4 6 1 -0.00011317493770300918
0 5 7 0 -0.00011317493770300918
1 5 7 1 -0.00011317493770300918
0 6 4 0 -0.0001131749377030092
1 6 4 1 -0.0001131749377030092
0 7 5 0 -0.0001131749377030092
1 7 5 1 -0.0001131749377030092
0 6 6 0 0.09230173191295575
1 6 6 1 0.09230173191295575
0 7 7 0 0.09230173191295575
1 7 7 1 0.09230173191295575
0 8 2 0 -0.0001131749377030092
1 8 2 1 -0.0001131749377030092
0 9 3 0 -0.0001131749377030092
1 9 3 1 -0.0001131749377030092
0 8 8 0 0.09230173191295575
1 8 8 1 0.09230173191295575
0 9 9 0 0.09230173191295575
1 9 9 1 0.09230173191295575
0 10 0 0 0.001176202030193334
1 10 0 1 0.001176202030193334
0 11 1 0 0.001176202030193334
1 11 1 1 0.001176202030193334
0 10 10 0 0.09650069201873195
1 10 10 1 0.09650069201873195
0 11 11 0 0.09650069201873195
1 11 11 1 0.09650069201873195
0 0 2 2 0.02056722049337932
1 0 2 3 0.02056722049337932
0 1 3 2 0.02056722049337932
1 1 3 3 0.02056722049337932
0 0 8 2 1.813871050069769e-06
1 0 8 3 1.813871050069769e-06
0 1 9 2 1.813871050069769e-06
1 1 9 3 1.813871050069769e-06
0 2 0 2 0.02056722049337932
1 2 0 3 0.02056722049337932
0 3 1 2 0.02056722049337932
1 3 1 3 0.02056722049337932
0 2 10 2 0.00014763016369375942
1 2 10 3 0.00014763016369375942
0 3 11 2 0.00014763016369375942
1 3 11 3 0.00014763016369375942
0 8 0 2 1.8138710500697702e-06
1 8 0 3 1.8138710500697702e-06
0 9 1 2 1.8138710500697702e-06
1 9 1 3 1.8138710500697702e-06
0 8 10 2 -0.00018921162432885354
1 8 10 3 -0.00018921162432885354
0 9 11 2 -0.00018921162432885354
1 9 11 3 -0.00018921162432885354
0 10 2 2 0.00014763016369375947
1 10 2 3 0.00014763016369375947
0 11 3 2 0.00014763016369375947
1 11 3 3 0.00014763016369375947
0 10 8 2 -0.0001892116243288535
1 10 8 3 -0.0001892116243288535
0 11 9 2 -0.0001892116243288535
1 11 9 3 -0.0001892116243288535
0 0 4 4 0.02056722049337932
1 0 4 5 0.02056722049337932
0 1 5 4 0.02056722049337932
1 1 5 5 0.02056722049337932
0 0 6 4 1.813871050069769e-06
1 0 6 5 1.813871050069769e-06
0 1 7 4 1.813871050069769e-06
1 1 7 5 1.813871050069769e-06
0 4 0 4 0.02056722049337932
1 4 0 5 0.02056722049337932
0 5 1 4 0.02056722049337932
1 5 1 5 0.02056722049337932
0 4 10 4 0.00014763016369375942
1 4 10 5 0.00014763016369375942
0 5 11 4 0.00014763016369375942
1 5 11 5 0.00014763016369375942
0 6 0 4 1.8138710500697702e-06
1 6 0 5 1.8138710500697702e-06
0 7 1 4 1.8138710500697702e-06
1 7 1 5 1.8138710500697702e-06
0 6 10 4 -0.00018921162432885354
1 6 10 5 -0.00018921162432885354
0 7 11 4 -0.00018921162432885354
1 7 11 5 -0.00018921162432885354
0 10 4 4 0.00014763016369375947
1 10 4 5 0.00014763016369375947
0 11 5 4 0.00014763016369375947
1 11 5 5 0.00014763016369375947
0 10 6 4 -0.0001892116243288535
1 10 6 5 -0.0001892116243288535
0 11 7 4 -0.0001892116243288535
1 11 7 5 -0.0001892116243288535
0 0 4 6 1.813871050069768e-06
1 0 4 7 1.813871050069768e-06
0 1 5 6 1.813871050069768e-06
1 1 5 7 1.813871050069768e-06
0 0 6 6 2.0698121655905538e-05
1 0 6 7 2.0698121655905538e-05
0 1 7 6 2.0698121655905538e-05
1 1 7 7 2.0698121655905538e-05
0 4 0 6 1.8138710500697611e-06
1 4 0 7 1.8138710500697611e-06
0 5 1 6 1.8138710500697611e-06
1 5 1 7 1.8138710500697611e-06
0 4 10 6 -1.731523336536596e-08
1 4 10 7 -1.731523336536596e-08
0 5 11 6 -1.731523336536596e-08
1 5 11 7 -1.731523336536596e-08
0 6 0 6 2.0698121655905535e-05
1 6 0 7 2.0698121655905535e-05
0 7 1 6 2.0698121655905535e-05
1 7 1 7 2.0698121655905535e-05
0 6 10 6 0.0001476306936017713
1 6 10 7 0.0001476306936017713
0 7 11 6 0.0001476306936017713
1 7 11 7 0.0001476306936017713
0 10 4 6 -1.7315233365365056e-08
1 10 4 7 -1.7315233365365056e-08
0 11 5 6 -1.7315233365365056e-08
1 11 5 7 -1.7315233365365056e-08
0 10 6 6 0.00014763069360177134
1 10 6 7 0.00014763069360177134
0 11 7 6 0.00014763069360177134
1 11 7 7 0.00014763069360177134
0 0 2 8 1.813871050069768e-06
1 0 2 9 1.813871050069768e-06
0 1 3 8 1.813871050069768e-06
1 1 3 9 1.813871050069768e-06
0 0 8 8 2.0698121655905538e-05
1 0 8 9 2.0698121655905538e-05
0 1 9 8 2.0698121655905538e-05
1 1 9 9 2.0698121655905538e-05
0 2 0 8 1.8138710500697611e-06
1 2 0 9 1.8138710500697611e-06
0 3 1 8 1.8138710500697611e-06
1 3 1 9 1.8138710500697611e-06
0 2 10 8 -1.731523336536596e-08
1 2 10 9 -1.731523336536596e-08
0 3 11 8 -1.731523336536596e-08
1 3 11 9 -1.731523336536596e-08
0 8 0 8 2.0698121655905535e-05
1 8 0 9 2.0698121655905535e-05
0 9 1 8 2.0698121655905535e-05
1 9 1 9 2.0698121655905535e-05
0 8 10 8 0.0001476306936017713
1 8 10 9 0.0001476306936017713
0 9 11 8 0.0001476306936017713
1 9 11 9 0.0001476306936017713
0 10 2 8 -1.7315233365365056e-08
1 10 2 9 -1.7315233365365056e-08
0 11 3 8 -1.7315233365365056e-08
1 11 3 9 -1.7315233365365056e-08
0 10 8 8 0.00014763069360177134
1 10 8 9 0.00014763069360177134
0 11 9 8 0.00014763069360177134
1 11 9 9 0.00014763069360177134
0 0 0 10 0.0011762020301933358
1 0 0 11 0.0011762020301933358
0 1 1 10 0.0011762020301933358
1 1 1 11 0.0011762020301933358
0 0 10 10 6.459924899192622e-05
1 0 10 11 6.459924899192622e-05
0 1 11 10 6.459924899192622e-05
1 1 11 11 6.459924899192622e-05
0 2 2 10 0.0011121888077769554
1 2 2 11 0.0011121888077769554
0 3 3 10 0.0011121888077769554
1 3 3 11 0.0011121888077769554
0 2 8 10 -4.466177797175044e-06
1 2 8 11 -4.466177797175044e-06
0 3 9 10 -4.466177797175044e-06
1 3 9 11 -4.466177797175044e-06
0 4 4 10 0.0011121888077769554
1 4 4 11 0.0011121888077769554
0 5 5 10 0.0011121888077769554
1 5 5 11 0.0011121888077769554
0 4 6 10 -4.466177797175044e-06
1 4 6 11 -4.466177797175044e-06
0 5 7 10 -4.466177797175044e-06
1 5 7 11 -4.466177797175044e-06
0 6 4 10 -4.466177797175045e-06
1 6 4 11 -4.466177797175045e-06
0 7 5 10 -4.466177797175045e-06
1 7 5 11 -4.466177797175045e-06
0 6 6 10 0.0011121914545355934
1 6 6 11 0.0011121914545355934
0 7 7 10 0.0011121914545355934
1 7 7 11 0.0011121914545355934
0 8 2 10 -4.466177797175045e-06
1 8 2 11 -4.466177797175045e-06
0 9 3 10 -4.466177797175045e-06
1 9 3 11 -4.466177797175045e-06
0 8 8 10 0.0011121914545355934
1 8 8 11 0.0011121914545355934
0 9 9 10 0.0011121914545355934
1 9 9 11 0.0011121914545355934
0 10 0 10 6.45992489919262e-05
1 10 0 11 6.45992489919262e-05
0 11 1 10 6.45992489919262e-05
1 11 1 11 6.45992489919262e-05
0 10 10 10 0.001176205196975148
1 10 10 11 0.001176205196975148
0 11 11 10 0.001176205196975148
1 11 11 11 0.001176205196975148
2 0 2 0 0.020567220493379324
3 0 2 1 0.020567220493379324
2 1 3 0 0.020567220493379324
3 1 3 1 0.020567220493379324
2 0 8 0 1.8138710500697685e-06
3 0 8 1 1.8138710500697685e-06
2 1 9 0 1.8138710500697685e-06
3 1 9 1 1.8138710500697685e-06
2 2 0 0 0.020567220493379324
3 2 0 1 0.020567220493379324
2 3 1 0 0.020567220493379324
3 3 1 1 0.020567220493379324
2 2 10 0 0.00014763016369375944
3 2 10 1 0.00014763016369375944
2 3 11 0 0.00014763016369375944
3 3 11 1 0.00014763016369375944
2 8 0 0 1.8138710500697698e-06
3 8 0 1 1.8138710500697698e-06
2 9 1 0 1.8138710500697698e-06
3 9 1 1 1.8138710500697698e-06
2 8 10 0 -0.00018921162432885354
3 8 10 1 -0.00018921162432885354
2 9 11 0 -0.00018921162432885354
3 9 11 1 -0.00018921162432885354
2 10 2 0 0.0001476301636937595
3 10 2 1 0.0001476301636937595
2 11 3 0 0.0001476301636937595
3 11 3 1 0.0001476301636937595
2 10 8 0 -0.0001892116243288535
3 10 8 1 -0.0001892116243288535
2 11 9 0 -0.0001892116243288535
3 11 9 1 -0.0001892116243288535
2 0 0 2 0.34034627444851845
3 0 0 3 0.34034627444851845
2 1 1 2 0.34034627444851845
3 1 1 3 0.34034627444851845
2 0 10 2 0.001112188807776955
3 0 10 3 0.001112188807776955
2 1 11 2 0.001112188807776955
3 1 11 3 0.001112188807776955
2 2 2 2 0.3814042229946459
3 2 2 3 0.3814042229946459
2 3 3 2 0.3814042229946459
3 3 3 3 0.3814042229946459
2 2 8 2 -0.00018124899998718167
3 2 8 3 -0.00018124899998718167
2 3 9 2 -0.00018124899998718167
3 3 9 3 -0.00018124899998718167
2 4 4 2 0.34028535404494464
3 4 4 3 0.34028535404494464
2 5 5 2 0.34028535404494464
3 5 5 3 0.34028535404494464
2 4 6 2 -0.00014116343055877863
3 4 6 3 -0.00014116343055877863
2 5 7 2 -0.00014116343055877863
3 5 7 3 -0.00014116343055877863
2 6 4 2 -0.0001411634305587786
3 6 4 3 -0.0001411634305587786
2 7 5 2 -0.0001411634305587786
3 7 5 3 -0.0001411634305587786
2 6 6 2 0.08888156810745286
3 6 6 3 0.08888156810745286
2 7 7 2 0.08888156810745286
3 7 7 3 0.08888156810745286
2 8 2 2 -0.0001812489999871816
3 8 2 3 -0.0001812489999871816
2 9 3 2 -0.0001812489999871816
3 9 3 3 -0.0001812489999871816
2 8 8 2 0.08897653490936304
3 8 8 3 0.08897653490936304
2 9 9 2 0.08897653490936304
3 9 9 3 0.08897653490936304
2 10 0 2 0.0011121888077769554
3 10 0 3 0.0011121888077769554
2 11 1 2 0.0011121888077769554
3 11 1 3 0.0011121888077769554
2 10 10 2 0.0923017433550484
3 10 10 3 0.0923017433550484
2 11 11 2 0.0923017433550484
3 11 11 3 0.0923017433550484
2 2 4 4 0.020559434226157858
3 2 4 5 0.020559434226157858
2 3 5 4 0.020559434226157858
3 3 5 5 0.020559434226157858
2 2 6 4 -2.0043034719341603e-05
3 2 6 5 -2.0043034719341603e-05
2 3 7 4 -2.0043034719341603e-05
3 3 7 5 -2.0043034719341603e-05
2 4 2 4 0.020559434226157858
3 4 2 5 0.020559434226157858
2 5 3 4 0.020559434226157858
3 5 3 5 0.020559434226157858
2 4 8 4 -2.0043034719341603e-05
3 4 8 5 -2.0043034719341603e-05
2 5 9 4 -2.0043034719341603e-05
3 5 9 5 -2.0043034719341603e-05
2 6 2 4 -2.0043034719341606e-05
3 6 2 5 -2.0043034719341606e-05
2 7 3 4 -2.0043034719341606e-05
3 7 3 5 -2.0043034719341606e-05
2 6 8 4 4.74831522623396e-05
3 6 8 5 4.74831522623396e-05
2 7 9 4 4.74831522623396e-05
3 7 9 5 4.74831522623396e-05
2 8 4 4 -2.0043034719341606e-05
3 8 4 5 -2.0043034719341606e-05
2 9 5 4 -2.0043034719341606e-05
3 9 5 5 -2.0043034719341606e-05
2 8 6 4 4.74831522623396e-05
3 8 6 5 4.74831522623396e-05
2 9 7 4 4.74831522623396e-05
3 9 7 5 4.74831522623396e-05
2 2 4 6 -2.004303471934161e-05
3 2 4 7 -2.004303471934161e-05
2 3 5 6 -2.004303471934161e-05
3 3 5 7 -2.004303471934161e-05
2 2 6 6 1.23827696201582e-07
3 2 6 7 1.23827696201582e-07
2 3 7 6 1.23827696201582e-07
3 3 7 7 1.23827696201582e-07
2 4 2 6 -2.004303471934161e-05
3 4 2 7 -2.004303471934161e-05
2 5 3 6 -2.004303471934161e-05
3 5 3 7 -2.004303471934161e-05
2 4 8 6 1.23827696201582e-07
3 4 8 7 1.23827696201582e-07
2 5 9 6 1.23827696201582e-07
3 5 9 7 1.23827696201582e-07
2 6 2 6 1.23827696201582e-07
3 6 2 7 1.23827696201582e-07
2 7 3 6 1.23827696201582e-07
3 7 3 7 1.23827696201582e-07
2 6 8 6 -2.004303471934161e-05
3 6 8 7 -2.004303471934161e-05
2 7 9 6 -2.004303471934161e-05
3 7 9 7 -2.004303471934161e-05
2 8 4 6 1.23827696201582e-07
3 8 4 7 1.23827696201582e-07
2 9 5 6 1.23827696201582e-07
3 9 5 7 1.23827696201582e-07
2 8 6 6 -2.004303471934161e-05
3 8 6 7 -2.004303471934161e-05
2 9 7 6 -2.004303471934161e-05
3 9 7 7 -2.004303471934161e-05
2 0 0 8 -0.00011317493770300922
3 0 0 9 -0.00011317493770300922
2 1 1 8 -0.00011317493770300922
3 1 1 9 -0.00011317493770300922
2 0 10 8 -4.4661777971750406e-06
3 0 10 9 -4.4661777971750406e-06
2 1 11 8 -4.4661777971750406e-06
3 1 11 9 -4.4661777971750406e-06
2 2 2 8 -0.0001812489999871816
3 2 2 9 -0.0001812489999871816
2 3 3 8 -0.0001812489999871816
3 3 3 9 -0.0001812489999871816
2 2 8 8 9.921361333542524e-07
3 2 8 9 9.921361333542524e-07
2 3 9 8 9.921361333542524e-07
3 3 9 9 9.921361333542524e-07
2 4 4 8 -0.00014116343055877858
3 4 4 9 -0.00014116343055877858
2 5 5 8 -0.00014116343055877858
3 5 5 9 -0.00014116343055877858
2 4 6 8 7.449833623061956e-07
3 4 6 9 7.449833623061956e-07
2 5 7 8 7.449833623061956e-07
3 5 7 9 7.449833623061956e-07
2 6 4 8 7.449833623061956e-07
3 6 4 9 7.449833623061956e-07
2 7 5 8 7.449833623061956e-07
3 7 5 9 7.449833623061956e-07
2 6 6 8 -0.00014116343055877855
3 6 6 9 -0.00014116343055877855
2 7 7 8 -0.00014116343055877855
3 7 7 9 -0.00014116343055877855
2 8 2 8 9.921361333542524e-07
3 8 2 9 9.921361333542524e-07
2 9 3 8 9.921361333542524e-07
3 9 3 9 9.921361333542524e-07
2 8 8 8 -0.00018124899998718167
3 8 8 9 -0.00018124899998718167
2 9 9 8 -0.00018124899998718167
3 9 9 9 -0.00018124899998718167
2 10 0 8 -4.466177797175042e-06
3 10 0 9 -4.466177797175042e-06
2 11 1 8 -4.466177797175042e-06
3 11 1 9 -4.466177797175042e-06
2 10 10 8 -0.00011317487327806386
3 10 10 9 -0.00011317487327806386
2 11 11 8 -0.00011317487327806386
3 11 11 9 -0.00011317487327806386
2 0 2 10 0.00014763016369375947
3 0 2 11 0.00014763016369375947
2 1 3 10 0.00014763016369375947
3 1 3 11 0.00014763016369375947
2 0 8 10 -1.731523336536535e-08
3 0 8 11 -1.731523336536535e-08
2 1 9 10 -1.731523336536535e-08
3 1 9 11 -1.731523336536535e-08
2 2 0 10 0.00014763016369375947
3 2 0 11 0.00014763016369375947
2 3 1 10 0.00014763016369375947
3 3 1 11 0.00014763016369375947
2 2 10 10 2.0698273305862548e-05
3 2 10 11 2.0698273305862548e-05
2 3 11 10 2.0698273305862548e-05
3 3 11 11 2.0698273305862548e-05
2 8 0 10 -1.7315233365365536e-08
3 8 0 11 -1.7315233365365536e-08
2 9 1 10 -1.7315233365365536e-08
3 9 1 11 -1.7315233365365536e-08
2 8 10 10 1.8138742383516852e-06
3 8 10 11 1.8138742383516852e-06
2 9 11 10 1.8138742383516852e-06
3 9 11 11 1.8138742383516852e-06
2 10 2 10 2.0698273305862548e-05
3 10 2 11 2.0698273305862548e-05
2 11 3 10 2.0698273305862548e-05
3 11 3 11 2.0698273305862548e-05
2 10 8 10 1.8138742383516818e-06
3 10 8 11 1.8138742383516818e-06
2 11 9 10 1.8138742383516818e-06
3 11 9 11 1.8138742383516818e-06
4 0 4 0 0.020567220493379324
5 0 4 1 0.020567220493379324
4 1 5 0 0.020567220493379324
5 1 5 1 0.020567220493379324
4 0 6 0 1.8138710500697685e-06
5 0 6 1 1.8138710500697685e-06
4 1 7 0 1.8138710500697685e-06
5 1 7 1 1.8138710500697685e-06
4 4 0 0 0.020567220493379324
5 4 0 1 0.020567220493379324
4 5 1 0 0.020567220493379324
5 5 1 1 0.020567220493379324
4 4 10 0 0.00014763016369375944
5 4 10 1 0.00014763016369375944
4 5 11 0 0.00014763016369375944
5 5 11 1 0.00014763016369375944
4 6 0 0 1.8138710500697698e-06
5 6 0 1 1.8138710500697698e-06
4 7 1 0 1.8138710500697698e-06
5 7 1 1 1.8138710500697698e-06
4 6 10 0 -0.00018921162432885354
5 6 10 1 -0.00018921162432885354
4 7 11 0 -0.00018921162432885354
5 7 11 1 -0.00018921162432885354
4 10 4 0 0.0001476301636937595
5 10 4 1 0.0001476301636937595
4 11 5 0 0.0001476301636937595
5 11 5 1 0.0001476301636937595
4 10 6 0 -0.0001892116243288535
5 10 6 1 -0.0001892116243288535
4 11 7 0 -0.0001892116243288535
5 11 7 1 -0.0001892116243288535
4 2 4 2 0.020559434226157858
5 2 4 3 0.020559434226157858
4 3 5 2 0.020559434226157858
5 3 5 3 0.020559434226157858
4 2 6 2 -2.0043034719341603e-05
5 2 6 3 -2.0043034719341603e-05
4 3 7 2 -2.0043034719341603e-05
5 3 7 3 -2.0043034719341603e-05
4 4 2 2 0.020559434226157858
5 4 2 3 0.020559434226157858
4 5 3 2 0.020559434226157858
5 5 3 3 0.020559434226157858
4 4 8 2 -2.0043034719341603e-05
5 4 8 3 -2.0043034719341603e-05
4 5 9 2 -2.0043034719341603e-05
5 5 9 3 -2.0043034719341603e-05
4 6 2 2 -2.0043034719341606e-05
5 6 2 3 -2.0043034719341606e-05
4 7 3 2 -2.0043034719341606e-05
5 7 3 3 -2.0043034719341606e-05
4 6 8 2 4.74831522623396e-05
5 6 8 3 4.74831522623396e-05
4 7 9 2 4.74831522623396e-05
5 7 9 3 4.74831522623396e-05
4 8 4 2 -2.0043034719341606e-05
5 8 4 3 -2.0043034719341606e-05
4 9 5 2 -2.0043034719341606e-05
5 9 5 3 -2.0043034719341606e-05
4 8 6 2 4.74831522623396e-05
5 8 6 3 4.74831522623396e-05
4 9 7 2 4.74831522623396e-05
5 9 7 3 4.74831522623396e-05
4 0 0 4 0.34034627444851845
5 0 0 5 0.34034627444851845
4 1 1 4 0.34034627444851845
5 1 1 5 0.34034627444851845
4 0 10 4 0.001112188807776955
5 0 10 5 0.001112188807776955
4 1 11 4 0.001112188807776955
5 1 11 5 0.001112188807776955
4 2 2 4 0.34028535404494464
5 2 2 5 0.34028535404494464
4 3 3 4 0.34028535404494464
5 3 3 5 0.34028535404494464
4 2 8 4 -0.00014116343055877863
5 2 8 5 -0.00014116343055877863
4 3 9 4 -0.00014116343055877863
5 3 9 5 -0.00014116343055877863
4 4 4 4 0.3814042229946459
5 4 4 5 0.3814042229946459
4 5 5 4 0.3814042229946459
5 5 5 5 0.3814042229946459
4 4 6 4 -0.00018124899998718167
5 4 6 5 -0.00018124899998718167
4 5 7 4 -0.00018124899998718167
5 5 7 5 -0.00018124899998718167
4 6 4 4 -0.0001812489999871816
5 6 4 5 -0.0001812489999871816
4 7 5 4 -0.0001812489999871816
5 7 5 5 -0.0001812489999871816
4 6 6 4 0.08897653490936304
5 6 6 5 0.08897653490936304
4 7 7 4 0.08897653490936304
5 7 7 5 0.08897653490936304
4 8 2 4 -0.0001411634305587786
5 8 2 5 -0.0001411634305587786
4 9 3 4 -0.0001411634305587786
5 9 3 5 -0.0001411634305587786
4 8 8 4 0.08888156810745286
5 8 8 5 0.08888156810745286
4 9 9 4 0.08888156810745286
5 9 9 5 0.08888156810745286
4 10 0 4 0.0011121888077769554
5 10 0 5 0.0011121888077769554
4 11 1 4 0.0011121888077769554
5 11 1 5 0.0011121888077769554
4 10 10 4 0.0923017433550484
5 10 10 5 0.0923017433550484
4 11 11 4 0.0923017433550484
5 11 11 5 0.0923017433550484
4 0 0 6 -0.00011317493770300922
5 0 0 7 -0.00011317493770300922
4 1 1 6 -0.00011317493770300922
5 1 1 7 -0.00011317493770300922
4 0 10 6 -4.4661777971750406e-06
5 0 10 7 -4.4661777971750406e-06
4 1 11 6 -4.4661777971750406e-06
5 1 11 7 -4.4661777971750406e-06
4 2 2 6 -0.00014116343055877858
5 2 2 7 -0.00014116343055877858
4 3 3 6 -0.00014116343055877858
5 3 3 7 -0.00014116343055877858
4 2 8 6 7.449833623061956e-07
5 2 8 7 7.449833623061956e-07
4 3 9 6 7.449833623061956e-07
5 3 9 7 7.449833623061956e-07
4 4 4 6 -0.0001812489999871816
5 4 4 7 -0.0001812489999871816
4 5 5 6 -0.0001812489999871816
5 5 5 7 -0.0001812489999871816
4 4 6 6 9.921361333542524e-07
5 4 6 7 9.921361333542524e-07
4 5 7 6 9.921361333542524e-07
5 5 7 7 9.921361333542524e-07
4 6 4 6 9.921361333542524e-07
5 6 4 7 9.921361333542524e-07
4 7 5 6 9.921361333542524e-07
5 7 5 7 9.921361333542524e-07
4 6 6 6 -0.00018124899998718167
5 6 6 7 -0.00018124899998718167
4 7 7 6 -0.00018124899998718167
5 7 7 7 -0.00018124899998718167
4 8 2 6 7.449833623061956e-07
5 8 2 7 7.449833623061956e-07
4 9 3 6 7.449833623061956e-07
5 9 3 7 7.449833623061956e-07
4 8 8 6 -0.00014116343055877855
5 8 8 7 -0.00014116343055877855
4 9 9 6 -0.00014116343055877855
5 9 9 7 -0.00014116343055877855
4 10 0 6 -4.466177797175042e-06
5 10 0 7 -4.466177797175042e-06
4 11 1 6 -4.466177797175042e-06
5 11 1 7 -4.466177797175042e-06
4 10 10 6 -0.00011317487327806386
5 10 10 7 -0.00011317487327806386
4 11 11 6 -0.00011317487327806386
5 11 11 7 -0.00011317487327806386
4 2 4 8 -2.004303471934161e-05
5 2 4 9 -2.004303471934161e-05
4 3 5 8 -2.004303471934161e-05
5 3 5 9 -2.004303471934161e-05
4 2 6 8 1.23827696201582e-07
5 2 6 9 1.23827696201582e-07
4 3 7 8 1.23827696201582e-07
5 3 7 9 1.23827696201582e-07
4 4 2 8 -2.004303471934161e-05
5 4 2 9 -2.004303471934161e-05
4 5 3 8 -2.004303471934161e-05
5 5 3 9 -2.004303471934161e-05
4 4 8 8 1.23827696201582e-07
5 4 8 9 1.23827696201582e-07
4 5 9 8 1.23827696201582e-07
5 5 9 9 1.23827696201582e-07
4 6 2 8 1.23827696201582e-07
5 6 2 9 1.23827696201582e-07
4 7 3 8 1.23827696201582e-07
5 7 3 9 1.23827696201582e-07
4 6 8 8 -2.004303471934161e-05
5 6 8 9 -2.004303471934161e-05
4 7 9 8 -2.004303471934161e-05
5 7 9 9 -2.004303471934161e-05
4 8 4 8 1.23827696201582e-07
5 8 4 9 1.23827696201582e-07
4 9 5 8 1.23827696201582e-07
5 9 5 9 1.23827696201582e-07
4 8 6 8 -2.004303471934161e-05
5 8 6 9 -2.004303471934161e-05
4 9 7 8 -2.004303471934161e-05
5 9 7 9 -2.004303471934161e-05
4 0 4 10 0.00014763016369375947
5 0 4 11 0.00014763016369375947
4 1 5 10 0.00014763016369375947
5 1 5 11 0.00014763016369375947
4 0 6 10 -1.731523336536535e-08
5 0 6 11 -1.731523336536535e-08
4 1 7 10 -1.731523336536535e-08
5 1 7 11 -1.731523336536535e-08
4 4 0 10 0.00014763016369375947
5 4 0 11 0.00014763016369375947
4 5 1 10 0.00014763016369375947
5 5 1 11 0.00014763016369375947
4 4 10 10 2.0698273305862548e-05
5 4 10 11 2.0698273305862548e-05
4 5 11 10 2.0698273305862548e-05
5 5 11 11 2.0698273305862548e-05
4 6 0 10 -1.7315233365365536e-08
5 6 0 11 -1.7315233365365536e-08
4 7 1 10 -1.7315233365365536e-08
5 7 1 11 -1.7315233365365536e-08
4 6 10 10 1.8138742383516852e-06
5 6 10 11 1.8138742383516852e-06
4 7 11 10 1.8138742383516852e-06
5 7 11 11 1.8138742383516852e-06
4 10 4 10 2.0698273305862548e-05
5 10 4 11 2.0698273305862548e-05
4 11 5 10 2.0698273305862548e-05
5 11 5 11 2.0698273305862548e-05
4 10 6 10 1.8138742383516818e-06
5 10 6 11 1.8138742383516818e-06
4 11 7 10 1.8138742383516818e-06
5 11 7 11 1.8138742383516818e-06
6 0 4 0 1.8138710500697747e-06
7 0 4 1 1.8138710500697747e-06
6 1 5 0 1.8138710500697747e-06
7 1 5 1 1.8138710500697747e-06
6 0 6 0 2.0698121655905538e-05
7 0 6 1 2.0698121655905538e-05
6 1 7 0 2.0698121655905538e-05
7 1 7 1 2.0698121655905538e-05
6 4 0 0 1.813871050069768e-06
7 4 0 1 1.813871050069768e-06
6 5 1 0 1.813871050069768e-06
7 5 1 1 1.813871050069768e-06
6 4 10 0 -1.7315233365365933e-08
7 4 10 1 -1.7315233365365933e-08
6 5 11 0 -1.7315233365365933e-08
7 5 11 1 -1.7315233365365933e-08
6 6 0 0 2.0698121655905538e-05
7 6 0 1 2.0698121655905538e-05
6 7 1 0 2.0698121655905538e-05
7 7 1 1 2.0698121655905538e-05
6 6 10 0 0.00014763069360177128
7 6 10 1 0.00014763069360177128
6 7 11 0 0.00014763069360177128
7 7 11 1 0.00014763069360177128
6 10 4 0 -1.7315233365365112e-08
7 10 4 1 -1.7315233365365112e-08
6 11 5 0 -1.7315233365365112e-08
7 11 5 1 -1.7315233365365112e-08
6 10 6 0 0.00014763069360177128
7 10 6 1 0.00014763069360177128
6 11 7 0 0.00014763069360177128
7 11 7 1 0.00014763069360177128
6 2 4 2 -2.004303471934161e-05
7 2 4 3 -2.004303471934161e-05
6 3 5 2 -2.004303471934161e-05
7 3 5 3 -2.004303471934161e-05
6 2 6 2 1.23827696201582e-07
7 2 6 3 1.23827696201582e-07
6 3 7 2 1.23827696201582e-07
7 3 7 3 1.23827696201582e-07
6 4 2 2 -2.004303471934161e-05
7 4 2 3 -2.004303471934161e-05
6 5 3 2 -2.004303471934161e-05
7 5 3 3 -2.004303471934161e-05
6 4 8 2 1.23827696201582e-07
7 4 8 3 1.23827696201582e-07
6 5 9 2 1.23827696201582e-07
7 5 9 3 1.23827696201582e-07
6 6 2 2 1.23827696201582e-07
7 6 2 3 1.23827696201582e-07
6 7 3 2 1.23827696201582e-07
7 7 3 3 1.23827696201582e-07
6 6 8 2 -2.004303471934161e-05
7 6 8 3 -2.004303471934161e-05
6 7 9 2 -2.004303471934161e-05
7 7 9 3 -2.004303471934161e-05
6 8 4 2 1.23827696201582e-07
7 8 4 3 1.23827696201582e-07
6 9 5 2 1.23827696201582e-07
7 9 5 3 1.23827696201582e-07
6 8 6 2 -2.004303471934161e-05
7 8 6 3 -2.004303471934161e-05
6 9 7 2 -2.004303471934161e-05
7 9 7 3 -2.004303471934161e-05
6 0 0 4 -0.00011317493770300922
7 0 0 5 -0.00011317493770300922
6 1 1 4 -0.00011317493770300922
7 1 1 5 -0.00011317493770300922
6 0 10 4 -4.4661777971750406e-06
7 0 10 5 -4.4661777971750406e-06
6 1 11 4 -4.4661777971750406e-06
7 1 11 5 -4.4661777971750406e-06
6 2 2 4 -0.00014116343055877855
7 2 2 5 -0.00014116343055877855
6 3 3 4 -0.00014116343055877855
7 3 3 5 -0.00014116343055877855
6 2 8 4 7.449833623061956e-07
7 2 8 5 7.449833623061956e-07
6 3 9 4 7.449833623061956e-07
7 3 9 5 7.449833623061956e-07
6 4 4 4 -0.00018124899998718167
7 4 4 5 -0.00018124899998718167
6 5 5 4 -0.00018124899998718167
7 5 5 5 -0.00018124899998718167
6 4 6 4 9.921361333542524e-07
7 4 6 5 9.921361333542524e-07
6 5 7 4 9.921361333542524e-07
7 5 7 5 9.921361333542524e-07
6 6 4 4 9.921361333542524e-07
7 6 4 5 9.921361333542524e-07
6 7 5 4 9.921361333542524e-07
7 7 5 5 9.921361333542524e-07
6 6 6 4 -0.0001812489999871816
7 6 6 5 -0.0001812489999871816
6 7 7 4 -0.0001812489999871816
7 7 7 5 -0.0001812489999871816
6 8 2 4 7.449833623061956e-07
7 8 2 5 7.449833623061956e-07
6 9 3 4 7.449833623061956e-07
7 9 3 5 7.449833623061956e-07
6 8 8 4 -0.00014116343055877858
7 8 8 5 -0.00014116343055877858
6 9 9 4 -0.00014116343055877858
7 9 9 5 -0.00014116343055877858
6 10 0 4 -4.466177797175042e-06
7 10 0 5 -4.466177797175042e-06
6 11 1 4 -4.466177797175042e-06
7 11 1 5 -4.466177797175042e-06
6 10 10 4 -0.00011317487327806386
7 10 10 5 -0.00011317487327806386
6 11 11 4 -0.00011317487327806386
7 11 11 5 -0.00011317487327806386
6 0 0 6 0.09230173191295575
7 0 0 7 0.09230173191295575
6 1 1 6 0.09230173191295575
7 1 1 7 0.09230173191295575
6 0 10 6 0.0011121914545355925
7 0 10 7 0.0011121914545355925
6 1 11 6 0.0011121914545355925
7 1 11 7 0.0011121914545355925
6 2 2 6 0.08888156810745286
7 2 2 7 0.08888156810745286
6 3 3 6 0.08888156810745286
7 3 3 7 0.08888156810745286
6 2 8 6 -0.0001411634305587786
7 2 8 7 -0.0001411634305587786
6 3 9 6 -0.0001411634305587786
7 3 9 7 -0.0001411634305587786
6 4 4 6 0.08897653490936304
7 4 4 7 0.08897653490936304
6 5 5 6 0.08897653490936304
7 5 5 7 0.08897653490936304
6 4 6 6 -0.0001812489999871816
7 4 6 7 -0.0001812489999871816
6 5 7 6 -0.0001812489999871816
7 5 7 7 -0.0001812489999871816
6 6 4 6 -0.00018124899998718167
7 6 4 7 -0.00018124899998718167
6 7 5 6 -0.00018124899998718167
7 7 5 7 -0.00018124899998718167
6 6 6 6 0.3814042229946459
7 6 6 7 0.3814042229946459
6 7 7 6 0.3814042229946459
7 7 7 7 0.3814042229946459
6 8 2 6 -0.00014116343055877863
7 8 2 7 -0.00014116343055877863
6 9 3 6 -0.00014116343055877863
7 9 3 7 -0.00014116343055877863
6 8 8 6 0.34028535404494464
7 8 8 7 0.34028535404494464
6 9 9 6 0.34028535404494464
7 9 9 7 0.34028535404494464
6 10 0 6 0.0011121914545355925
7 10 0 7 0.0011121914545355925
6 11 1 6 0.0011121914545355925
7 11 1 7 0.0011121914545355925
6 10 10 6 0.3403462747289499
7 10 10 7 0.3403462747289499
6 11 11 6 0.3403462747289499
7 11 11 7 0.3403462747289499
6 2 4 8 4.74831522623396e-05
7 2 4 9 4.74831522623396e-05
6 3 5 8 4.74831522623396e-05
7 3 5 9 4.74831522623396e-05
6 2 6 8 -2.0043034719341606e-05
7 2 6 9 -2.0043034719341606e-05
6 3 7 8 -2.0043034719341606e-05
7 3 7 9 -2.0043034719341606e-05
6 4 2 8 4.74831522623396e-05
7 4 2 9 4.74831522623396e-05
6 5 3 8 4.74831522623396e-05
7 5 3 9 4.74831522623396e-05
6 4 8 8 -2.0043034719341606e-05
7 4 8 9 -2.0043034719341606e-05
6 5 9 8 -2.0043034719341606e-05
7 5 9 9 -2.0043034719341606e-05
6 6 2 8 -2.0043034719341603e-05
7 6 2 9 -2.0043034719341603e-05
6 7 3 8 -2.0043034719341603e-05
7 7 3 9 -2.0043034719341603e-05
6 6 8 8 0.020559434226157858
7 6 8 9 0.020559434226157858
6 7 9 8 0.020559434226157858
7 7 9 9 0.020559434226157858
6 8 4 8 -2.0043034719341603e-05
7 8 4 9 -2.0043034719341603e-05
6 9 5 8 -2.0043034719341603e-05
7 9 5 9 -2.0043034719341603e-05
6 8 6 8 0.020559434226157858
7 8 6 9 0.020559434226157858
6 9 7 8 0.020559434226157858
7 9 7 9 0.020559434226157858
6 0 4 10 -0.00018921162432885354
7 0 4 11 -0.00018921162432885354
6 1 5 10 -0.00018921162432885354
7 1 5 11 -0.00018921162432885354
6 0 6 10 0.0001476306936017713
7 0 6 11 0.0001476306936017713
6 1 7 10 0.0001476306936017713
7 1 7 11 0.0001476306936017713
6 4 0 10 -0.00018921162432885354
7 4 0 11 -0.00018921162432885354
6 5 1 10 -0.00018921162432885354
7 5 1 11 -0.00018921162432885354
6 4 10 10 1.8138742383516792e-06
7 4 10 11 1.8138742383516792e-06
6 5 11 10 1.8138742383516792e-06
7 5 11 11 1.8138742383516792e-06
6 6 0 10 0.00014763069360177128
7 6 0 11 0.00014763069360177128
6 7 1 10 0.00014763069360177128
7 7 1 11 0.00014763069360177128
6 6 10 10 0.02056722056930881
7 6 10 11 0.02056722056930881
6 7 11 10 0.02056722056930881
7 7 11 11 0.02056722056930881
6 10 4 10 1.8138742383516843e-06
7 10 4 11 1.8138742383516843e-06
6 11 5 10 1.8138742383516843e-06
7 11 5 11 1.8138742383516843e-06
6 10 6 10 0.02056722056930881
7 10 6 11 0.02056722056930881
6 11 7 10 0.02056722056930881
7 11 7 11 0.02056722056930881
8 0 2 0 1.8138710500697747e-06
9 0 2 1 1.8138710500697747e-06
8 1 3 0 1.8138710500697747e-06
9 1 3 1 1.8138710500697747e-06
8 0 8 0 2.0698121655905538e-05
9 0 8 1 2.0698121655905538e-05
8 1 9 0 2.0698121655905538e-05
9 1 9 1 2.0698121655905538e-05
8 2 0 0 1.813871050069768e-06
9 2 0 1 1.813871050069768e-06
8 3 1 0 1.813871050069768e-06
9 3 1 1 1.813871050069768e-06
8 2 10 0 -1.7315233365365933e-08
9 2 10 1 -1.7315233365365933e-08
8 3 11 0 -1.7315233365365933e-08
9 3 11 1 -1.7315233365365933e-08
8 8 0 0 2.0698121655905538e-05
9 8 0 1 2.0698121655905538e-05
8 9 1 0 2.0698121655905538e-05
9 9 1 1 2.0698121655905538e-05
8 8 10 0 0.00014763069360177128
9 8 10 1 0.00014763069360177128
8 9 11 0 0.00014763069360177128
9 9 11 1 0.00014763069360177128
8 10 2 0 -1.7315233365365112e-08
9 10 2 1 -1.7315233365365112e-08
8 11 3 0 -1.7315233365365112e-08
9 11 3 1 -1.7315233365365112e-08
8 10 8 0 0.00014763069360177128
9 10 8 1 0.00014763069360177128
8 11 9 0 0.00014763069360177128
9 11 9 1 0.00014763069360177128
8 0 0 2 -0.00011317493770300922
9 0 0 3 -0.00011317493770300922
8 1 1 2 -0.00011317493770300922
9 1 1 3 -0.00011317493770300922
8 0 10 2 -4.4661777971750406e-06
9 0 10 3 -4.4661777971750406e-06
8 1 11 2 -4.4661777971750406e-06
9 1 11 3 -4.4661777971750406e-06
8 2 2 2 -0.00018124899998718167
9 2 2 3 -0.00018124899998718167
8 3 3 2 -0.00018124899998718167
9 3 3 3 -0.00018124899998718167
8 2 8 2 9.921361333542524e-07
9 2 8 3 9.921361333542524e-07
8 3 9 2 9.921361333542524e-07
9 3 9 3 9.921361333542524e-07
8 4 4 2 -0.00014116343055877855
9 4 4 3 -0.00014116343055877855
8 5 5 2 -0.00014116343055877855
9 5 5 3 -0.00014116343055877855
8 4 6 2 7.449833623061956e-07
9 4 6 3 7.449833623061956e-07
8 5 7 2 7.449833623061956e-07
9 5 7 3 7.449833623061956e-07
8 6 4 2 7.449833623061956e-07
9 6 4 3 7.449833623061956e-07
8 7 5 2 7.449833623061956e-07
9 7 5 3 7.449833623061956e-07
8 6 6 2 -0.00014116343055877858
9 6 6 3 -0.00014116343055877858
8 7 7 2 -0.00014116343055877858
9 7 7 3 -0.00014116343055877858
8 8 2 2 9.921361333542524e-07
9 8 2 3 9.921361333542524e-07
8 9 3 2 9.921361333542524e-07
9 9 3 3 9.921361333542524e-07
8 8 8 2 -0.0001812489999871816
9 8 8 3 -0.0001812489999871816
8 9 9 2 -0.0001812489999871816
9 9 9 3 -0.0001812489999871816
8 10 0 2 -4.466177797175042e-06
9 10 0 3 -4.466177797175042e-06
8 11 1 2 -4.466177797175042e-06
9 11 1 3 -4.466177797175042e-06
8 10 10 2 -0.00011317487327806386
9 10 10 3 -0.00011317487327806386
8 11 11 2 -0.00011317487327806386
9 11 11 3 -0.00011317487327806386
8 2 4 4 -2.004303471934161e-05
9 2 4 5 -2.004303471934161e-05
8 3 5 4 -2.004303471934161e-05
9 3 5 5 -2.004303471934161e-05
8 2 6 4 1.23827696201582e-07
9 2 6 5 1.23827696201582e-07
8 3 7 4 1.23827696201582e-07
9 3 7 5 1.23827696201582e-07
8 4 2 4 -2.004303471934161e-05
9 4 2 5 -2.004303471934161e-05
8 5 3 4 -2.004303471934161e-05
9 5 3 5 -2.004303471934161e-05
8 4 8 4 1.23827696201582e-07
9 4 8 5 1.23827696201582e-07
8 5 9 4 1.23827696201582e-07
9 5 9 5 1.23827696201582e-07
8 6 2 4 1.23827696201582e-07
9 6 2 5 1.23827696201582e-07
8 7 3 4 1.23827696201582e-07
9 7 3 5 1.23827696201582e-07
8 6 8 4 -2.004303471934161e-05
9 6 8 5 -2.004303471934161e-05
8 7 9 4 -2.004303471934161e-05
9 7 9 5 -2.004303471934161e-05
8 8 4 4 1.23827696201582e-07
9 8 4 5 1.23827696201582e-07
8 9 5 4 1.23827696201582e-07
9 9 5 5 1.23827696201582e-07
8 8 6 4 -2.004303471934161e-05
9 8 6 5 -2.004303471934161e-05
8 9 7 4 -2.004303471934161e-05
9 9 7 5 -2.004303471934161e-05
8 2 4 6 4.74831522623396e-05
9 2 4 7 4.74831522623396e-05
8 3 5 6 4.74831522623396e-05
9 3 5 7 4.74831522623396e-05
8 2 6 6 -2.0043034719341606e-05
9 2 6 7 -2.0043034719341606e-05
8 3 7 6 -2.0043034719341606e-05
9 3 7 7 -2.0043034719341606e-05
8 4 2 6 4.74831522623396e-05
9 4 2 7 4.74831522623396e-05
8 5 3 6 4.74831522623396e-05
9 5 3 7 4.74831522623396e-05
8 4 8 6 -2.0043034719341606e-05
9 4 8 7 -2.0043034719341606e-05
8 5 9 6 -2.0043034719341606e-05
9 5 9 7 -2.0043034719341606e-05
8 6 2 6 -2.0043034719341603e-05
9 6 2 7 -2.0043034719341603e-05
8 7 3 6 -2.0043034719341603e-05
9 7 3 7 -2.0043034719341603e-05
8 6 8 6 0.020559434226157858
9 6 8 7 0.020559434226157858
8 7 9 6 0.020559434226157858
9 7 9 7 0.020559434226157858
8 8 4 6 -2.0043034719341603e-05
9 8 4 7 -2.0043034719341603e-05
8 9 5 6 -2.0043034719341603e-05
9 9 5 7 -2.0043034719341603e-05
8 8 6 6 0.020559434226157858
9 8 6 7 0.020559434226157858
8 9 7 6 0.020559434226157858
9 9 7 7 0.020559434226157858
8 0 0 8 0.09230173191295575
9 0 0 9 0.09230173191295575
8 1 1 8 0.09230173191295575
9 1 1 9 0.09230173191295575
8 0 10 8 0.0011121914545355925
9 0 10 9 0.0011121914545355925
8 1 11 8 0.0011121914545355925
9 1 11 9 0.0011121914545355925
8 2 2 8 0.08897653490936304
9 2 2 9 0.08897653490936304
8 3 3 8 0.08897653490936304
9 3 3 9 0.08897653490936304
8 2 8 8 -0.0001812489999871816
9 2 8 9 -0.0001812489999871816
8 3 9 8 -0.0001812489999871816
9 3 9 9 -0.0001812489999871816
8 4 4 8 0.08888156810745286
9 4 4 9 0.08888156810745286
8 5 5 8 0.08888156810745286
9 5 5 9 0.08888156810745286
8 4 6 8 -0.0001411634305587786
9 4 6 9 -0.0001411634305587786
8 5 7 8 -0.0001411634305587786
9 5 7 9 -0.0001411634305587786
8 6 4 8 -0.00014116343055877863
9 6 4 9 -0.00014116343055877863
8 7 5 8 -0.00014116343055877863
9 7 5 9 -0.00014116343055877863
8 6 6 8 0.34028535404494464
9 6 6 9 0.34028535404494464
8 7 7 8 0.34028535404494464
9 7 7 9 0.34028535404494464
8 8 2 8 -0.00018124899998718167
9 8 2 9 -0.00018124899998718167
8 9 3 8 -0.00018124899998718167
9 9 3 9 -0.00018124899998718167
8 8 8 8 0.3814042229946459
9 8 8 9 0.3814042229946459
8 9 9 8 0.3814042229946459
9 9 9 9 0.3814042229946459
8 10 0 8 0.0011121914545355925
9 10 0 9 0.0011121914545355925
8 11 1 8 0.0011121914545355925
9 11 1 9 0.0011121914545355925
8 10 10 8 0.3403462747289499
9 10 10 9 0.3403462747289499
8 11 11 8 0.3403462747289499
9 11 11 9 0.3403462747289499
8 0 2 10 -0.00018921162432885354
9 0 2 11 -0.00018921162432885354
8 1 3 10 -0.00018921162432885354
9 1 3 11 -0.00018921162432885354
8 0 8 10 0.0001476306936017713
9 0 8 11 0.0001476306936017713
8 1 9 10 0.0001476306936017713
9 1 9 11 0.0001476306936017713
8 2 0 10 -0.00018921162432885354
9 2 0 11 -0.00018921162432885354
8 3 1 10 -0.00018921162432885354
9 3 1 11 -0.00018921162432885354
8 2 10 10 1.8138742383516792e-06
9 2 10 11 1.8138742383516792e-06
8 3 11 10 1.8138742383516792e-06
9 3 11 11 1.8138742383516792e-06
8 8 0 10 0.00014763069360177128
9 8 0 11 0.00014763069360177128
8 9 1 10 0.00014763069360177128
9 9 1 11 0.00014763069360177128
8 8 10 10 0.02056722056930881
9 8 10 11 0.02056722056930881
8 9 11 10 0.02056722056930881
9 9 11 11 0.02056722056930881
8 10 2 10 1.8138742383516843e-06
9 10 2 11 1.8138742383516843e-06
8 11 3 10 1.8138742383516843e-06
9 11 3 11 1.8138742383516843e-06
8 10 8 10 0.02056722056930881
9 10 8 11 0.02056722056930881
8 11 9 10 0.02056722056930881
9 11 9 11 0.02056722056930881
10 0 0 0 0.0011762020301933356
11 0 0 1 0.0011762020301933356
10 1 1 0 0.0011762020301933356
11 1 1 1 0.0011762020301933356
10 0 10 0 6.459924899192622e-05
11 0 10 1 6.459924899192622e-05
10 1 11 0 6.459924899192622e-05
11 1 11 1 6.459924899192622e-05
10 2 2 0 0.0011121888077769552
11 2 2 1 0.0011121888077769552
10 3 3 0 0.0011121888077769552
11 3 3 1 0.0011121888077769552
10 2 8 0 -4.466177797175044e-06
11 2 8 1 -4.466177797175044e-06
10 3 9 0 -4.466177797175044e-06
11 3 9 1 -4.466177797175044e-06
10 4 4 0 0.0011121888077769552
11 4 4 1 0.0011121888077769552
10 5 5 0 0.0011121888077769552
11 5 5 1 0.0011121888077769552
10 4 6 0 -4.466177797175044e-06
11 4 6 1 -4.466177797175044e-06
10 5 7 0 -4.466177797175044e-06
11 5 7 1 -4.466177797175044e-06
10 6 4 0 -4.466177797175044e-06
11 6 4 1 -4.466177797175044e-06
10 7 5 0 -4.466177797175044e-06
11 7 5 1 -4.466177797175044e-06
10 6 6 0 0.001112191454535593
11 6 6 1 0.001112191454535593
10 7 7 0 0.001112191454535593
11 7 7 1 0.001112191454535593
10 8 2 0 -4.466177797175044e-06
11 8 2 1 -4.466177797175044e-06
10 9 3 0 -4.466177797175044e-06
11 9 3 1 -4.466177797175044e-06
10 8 8 0 0.001112191454535593
11 8 8 1 0.001112191454535593
10 9 9 0 0.001112191454535593
11 9 9 1 0.001112191454535593
10 10 0 0 6.459924899192621e-05
11 10 0 1 6.459924899192621e-05
10 11 1 0 6.459924899192621e-05
11 11 1 1 6.459924899192621e-05
10 10 10 0 0.0011762051969751474
11 10 10 1 0.0011762051969751474
10 11 11 0 0.0011762051969751474
11 11 11 1 0.0011762051969751474
10 0 2 2 0.00014763016369375942
11 0 2 3 0.00014763016369375942
10 1 3 2 0.00014763016369375942
11 1 3 3 0.00014763016369375942
10 0 8 2 -1.7315233365365456e-08
11 0 8 3 -1.7315233365365456e-08
10 1 9 2 -1.7315233365365456e-08
11 1 9 3 -1.7315233365365456e-08
10 2 0 2 0.0001476301636937594
11 2 0 3 0.0001476301636937594
10 3 1 2 0.0001476301636937594
11 3 1 3 0.0001476301636937594
10 2 10 2 2.069827330586255e-05
11 2 10 3 2.069827330586255e-05
10 3 11 2 2.069827330586255e-05
11 3 11 3 2.069827330586255e-05
10 8 0 2 -1.7315233365365456e-08
11 8 0 3 -1.7315233365365456e-08
10 9 1 2 -1.7315233365365456e-08
11 9 1 3 -1.7315233365365456e-08
10 8 10 2 1.8138742383516818e-06
11 8 10 3 1.8138742383516818e-06
10 9 11 2 1.8138742383516818e-06
11 9 11 3 1.8138742383516818e-06
10 10 2 2 2.0698273305862548e-05
11 10 2 3 2.0698273305862548e-05
10 11 3 2 2.0698273305862548e-05
11 11 3 3 2.0698273305862548e-05
10 10 8 2 1.8138742383516835e-06
11 10 8 3 1.8138742383516835e-06
10 11 9 2 1.8138742383516835e-06
11 11 9 3 1.8138742383516835e-06
10 0 4 4 0.00014763016369375942
11 0 4 5 0.00014763016369375942
10 1 5 4 0.00014763016369375942
11 1 5 5 0.00014763016369375942
10 0 6 4 -1.7315233365365456e-08
11 0 6 5 -1.7315233365365456e-08
10 1 7 4 -1.7315233365365456e-08
11 1 7 5 -1.7315233365365456e-08
10 4 0 4 0.0001476301636937594
11 4 0 5 0.0001476301636937594
10 5 1 4 0.0001476301636937594
11 5 1 5 0.0001476301636937594
10 4 10 4 2.069827330586255e-05
11 4 10 5 2.069827330586255e-05
10 5 11 4 2.069827330586255e-05
11 5 11 5 2.069827330586255e-05
10 6 0 4 -1.7315233365365456e-08
11 6 0 5 -1.7315233365365456e-08
10 7 1 4 -1.7315233365365456e-08
11 7 1 5 -1.7315233365365456e-08
10 6 10 4 1.8138742383516818e-06
11 6 10 5 1.8138742383516818e-06
10 7 11 4 1.8138742383516818e-06
11 7 11 5 1.8138742383516818e-06
10 10 4 4 2.0698273305862548e-05
11 10 4 5 2.0698273305862548e-05
10 11 5 4 2.0698273305862548e-05
11 11 5 5 2.0698273305862548e-05
10 10 6 4 1.8138742383516835e-06
11 10 6 5 1.8138742383516835e-06
10 11 7 4 1.8138742383516835e-06
11 11 7 5 1.8138742383516835e-06
10 0 4 6 -0.00018921162432885354
11 0 4 7 -0.00018921162432885354
10 1 5 6 -0.00018921162432885354
11 1 5 7 -0.00018921162432885354
10 0 6 6 0.0001476306936017713
11 0 6 7 0.0001476306936017713
10 1 7 6 0.0001476306936017713
11 1 7 7 0.0001476306936017713
10 4 0 6 -0.00018921162432885354
11 4 0 7 -0.00018921162432885354
10 5 1 6 -0.00018921162432885354
11 5 1 7 -0.00018921162432885354
10 4 10 6 1.813874238351679e-06
11 4 10 7 1.813874238351679e-06
10 5 11 6 1.813874238351679e-06
11 5 11 7 1.813874238351679e-06
10 6 0 6 0.00014763069360177128
11 6 0 7 0.00014763069360177128
10 7 1 6 0.00014763069360177128
11 7 1 7 0.00014763069360177128
10 6 10 6 0.02056722056930881
11 6 10 7 0.02056722056930881
10 7 11 6 0.02056722056930881
11 7 11 7 0.02056722056930881
10 10 4 6 1.8138742383516841e-06
11 10 4 7 1.8138742383516841e-06
10 11 5 6 1.8138742383516841e-06
11 11 5 7 1.8138742383516841e-06
10 10 6 6 0.02056722056930881
11 10 6 7 0.02056722056930881
10 11 7 6 0.02056722056930881
11 11 7 7 0.02056722056930881
10 0 2 8 -0.00018921162432885354
11 0 2 9 -0.00018921162432885354
10 1 3 8 -0.00018921162432885354
11 1 3 9 -0.00018921162432885354
10 0 8 8 0.0001476306936017713
11 0 8 9 0.0001476306936017713
10 1 9 8 0.0001476306936017713
11 1 9 9 0.0001476306936017713
10 2 0 8 -0.00018921162432885354
11 2 0 9 -0.00018921162432885354
10 3 1 8 -0.00018921162432885354
11 3 1 9 -0.00018921162432885354
10 2 10 8 1.813874238351679e-06
11 2 10 9 1.813874238351679e-06
10 3 11 8 1.813874238351679e-06
11 3 11 9 1.813874238351679e-06
10 8 0 8 0.00014763069360177128
11 8 0 9 0.00014763069360177128
10 9 1 8 0.00014763069360177128
11 9 1 9 0.00014763069360177128
10 8 10 8 0.02056722056930881
11 8 10 9 0.02056722056930881
10 9 11 8 0.02056722056930881
11 9 11 9 0.02056722056930881
10 10 2 8 1.8138742383516841e-06
11 10 2 9 1.8138742383516841e-06
10 11 3 8 1.8138742383516841e-06
11 11 3 9 1.8138742383516841e-06
10 10 8 8 0.02056722056930881
11 10 8 9 0.02056722056930881
10 11 9 8 0.02056722056930881
11 11 9 9 0.02056722056930881
10 0 0 10 0.09650069201873196
11 0 0 11 0.09650069201873196
10 1 1 10 0.09650069201873196
11 1 1 11 0.09650069201873196
10 0 10 10 0.0011762051969751483
11 0 10 11 0.0011762051969751483
10 1 11 10 0.0011762051969751483
11 1 11 11 0.0011762051969751483
10 2 2 10 0.09230174335504841
11 2 2 11 0.09230174335504841
10 3 3 10 0.09230174335504841
11 3 3 11 0.09230174335504841
10 2 8 10 -0.00011317487327806395
11 2 8 11 -0.00011317487327806395
10 3 9 10 -0.00011317487327806395
11 3 9 11 -0.00011317487327806395
10 4 4 10 0.09230174335504841
11 4 4 11 0.09230174335504841
10 5 5 10 0.09230174335504841
11 5 5 11 0.09230174335504841
10 4 6 10 -0.00011317487327806395
11 4 6 11 -0.00011317487327806395
10 5 7 10 -0.00011317487327806395
11 5 7 11 -0.00011317487327806395
10 6 4 10 -0.00011317487327806393
11 6 4 11 -0.00011317487327806393
10 7 5 10 -0.00011317487327806393
11 7 5 11 -0.00011317487327806393
10 6 6 10 0.34034627472894996
11 6 6 11 0.34034627472894996
10 7 7 10 0.34034627472894996
11 7 7 11 0.34034627472894996
10 8 2 10 -0.00011317487327806393
11 8 2 11 -0.00011317487327806393
10 9 3 10 -0.00011317487327806393
11 9 3 11 -0.00011317487327806393
10 8 8 10 0.34034627472894996
11 8 8 11 0.34034627472894996
10 9 9 10 0.34034627472894996
11 9 9 11 0.34034627472894996
10 10 0 10 0.0011762051969751474
11 10 0 11 0.0011762051969751474
10 11 1 10 0.0011762051969751474
11 11 1 11 0.0011762051969751474
10 10 10 10 0.3815364787386749
11 10 10 11 0.3815364787386749
10 11 11 10 0.3815364787386749
11 11 11 11 0.3815364787386749
