-99.15519393589123
0 0 -2.297434916993134
1 1 -2.297434916993134
0 10 0.008661240081034357
1 11 0.008661240081034357
2 2 -2.277997762267649
3 3 -2.277997762267649
2 8 -0.0012048889429323354
3 9 -0.0012048889429323354
4 4 -2.277997762267649
5 5 -2.277997762267649
4 6 -0.0012048889429323354
5 7 -0.0012048889429323354
6 4 -0.0012048889429323354
7 5 -0.0012048889429323354
6 6 -2.2779977376813507
7 7 -2.2779977376813507
8 2 -0.0012048889429323354
9 3 -0.0012048889429323354
8 8 -2.2779977376813507
9 9 -2.2779977376813507
10 0 0.008661240081034357
11 1 0.008661240081034357
10 10 -2.297434926365408
11 11 -2.297434926365408
0 0 0 0 0.38148302193026534
1 0 0 1 0.38148302193026534
0 1 1 0 0.38148302193026534
1 1 1 1 0.38148302193026534
0 0 10 0 0.0009642107766182861
1 0 10 1 0.0009642107766182861
0 1 11 0 0.0009642107766182861
1 1 11 1 0.0009642107766182861
0 2 2 0 0.3403211063387881
1 2 2 1 0.3403211063387881
0 3 3 0 0.3403211063387881
1 3 3 1 0.3403211063387881
0 2 8 0 -8.722538382171125e-05
1 2 8 1 -8.722538382171125e-05
0 3 9 0 -8.722538382171125e-05
1 3 9 1 -8.722538382171125e-05
0 4 4 0 0.3403211063387881
1 4 4 1 0.3403211063387881
0 5 5 0 0.3403211063387881
1 5 5 1 0.3403211063387881
0 4 6 0 -8.722538382171125e-05
1 4 6 1 -8.722538382171125e-05
0 5 7 0 -8.722538382171125e-05
1 5 7 1 -8.722538382171125e-05
0 6 4 0 -8.722538382171126e-05
1 6 4 1 -8.722538382171126e-05
0 7 5 0 -8.722538382171126e-05
1 7 5 1 -8.722538382171126e-05
0 6 6 0 0.0891542686068419
1 6 6 1 0.0891542686068419
0 7 7 0 0.0891542686068419
1 7 7 1 0.0891542686068419
0 8 2 0 -8.722538382171126e-05
1 8 2 1 -8.722538382171126e-05
0 9 3 0 -8.722538382171126e-05
1 9 3 1 -8.722538382171126e-05
0 8 8 0 0.0891542686068419
1 8 8 1 0.0891542686068419
0 9 9 0 0.0891542686068419
1 9 9 1 0.0891542686068419
0 10 0 0 0.0009642107766182862
1 10 0 1 0.0009642107766182862
0 11 1 0 0.0009642107766182862
1 11 1 1 0.0009642107766182862
0 10 10 0 0.09290874634078085
1 10 10 1 0.09290874634078085
0 11 11 0 0.09290874634078085
1 11 11 1 0.09290874634078085
0 0 2 2 0.02056399789503937
1 0 2 3 0.02056399789503937
0 1 3 2 0.02056399789503937
1 1 3 3 0.02056399789503937
0 0 8 2 6.150123280583005e-07
1 0 8 3 6.150123280583005e-07
0 1 9 2 6.150123280583005e-07
1 1 9 3 6.150123280583005e-07
0 2 0 2 0.02056399789503937
1 2 0 3 0.02056399789503937
0 3 1 2 0.02056399789503937
1 3 1 3 0.02056399789503937
0 2 10 2 0.0001194434834986554
1 2 10 3 0.0001194434834986554
0 3 11 2 0.0001194434834986554
1 3 11 3 0.0001194434834986554
0 8 0 2 6.15012328058302e-07
1 8 0 3 6.15012328058302e-07
0 9 1 2 6.15012328058302e-07
1 9 1 3 6.15012328058302e-07
0 8 10 2 -0.00015996483993465591
1 8 10 3 -0.00015996483993465591
0 9 11 2 -0.00015996483993465591
1 9 11 3 -0.00015996483993465591
0 10 2 2 0.00011944348349865541
1 10 2 3 0.00011944348349865541
0 11 3 2 0.00011944348349865541
1 11 3 3 0.00011944348349865541
0 10 8 2 -0.00015996483993465594
1 10 8 3 -0.00015996483993465594
0 11 9 2 -0.00015996483993465594
1 11 9 3 -0.00015996483993465594
0 0 4 4 0.02056399789503937
1 0 4 5 0.02056399789503937
0 1 5 4 0.02056399789503937
1 1 5 5 0.02056399789503937
0 0 6 4 6.150123280583005e-07
1 0 6 5 6.150123280583005e-07
0 1 7 4 6.150123280583005e-07
1 1 7 5 6.150123280583005e-07
0 4 0 4 0.02056399789503937
1 4 0 5 0.02056399789503937
0 5 1 4 0.02056399789503937
1 5 1 5 0.02056399789503937
0 4 10 4 0.0001194434834986554
1 4 10 5 0.0001194434834986554
0 5 11 4 0.0001194434834986554
1 5 11 5 0.0001194434834986554
0 6 0 4 6.15012328058302e-07
1 6 0 5 6.15012328058302e-07
0 7 1 4 6.15012328058302e-07
1 7 1 5 6.15012328058302e-07
0 6 10 4 -0.00015996483993465591
1 6 10 5 -0.00015996483993465591
0 7 11 4 -0.00015996483993465591
1 7 11 5 -0.00015996483993465591
0 10 4 4 0.00011944348349865541
1 10 4 5 0.00011944348349865541
0 11 5 4 0.00011944348349865541
1 11 5 5 0.00011944348349865541
0 10 6 4 -0.00015996483993465594
1 10 6 5 -0.00015996483993465594
0 11 7 4 -0.00015996483993465594
1 11 7 5 -0.00015996483993465594
0 0 4 6 6.150123280582971e-07
1 0 4 7 6.150123280582971e-07
0 1 5 6 6.150123280582971e-07
1 1 5 7 6.150123280582971e-07
0 0 6 6 1.2534690112987453e-05
1 0 6 7 1.2534690112987453e-05
0 1 7 6 1.2534690112987453e-05
1 1 7 7 1.2534690112987453e-05
0 4 0 6 6.150123280582982e-07
1 4 0 7 6.150123280582982e-07
0 5 1 6 6.150123280582982e-07
1 5 1 7 6.150123280582982e-07
0 4 10 6 -7.995921416957898e-08
1 4 10 7 -7.995921416957898e-08
0 5 11 6 -7.995921416957898e-08
1 5 11 7 -7.995921416957898e-08
0 6 0 6 1.2534690112987447e-05
1 6 0 7 1.2534690112987447e-05
0 7 1 6 1.2534690112987447e-05
1 7 1 7 1.2534690112987447e-05
0 6 10 6 0.00011944370762374191
1 6 10 7 0.00011944370762374191
0 7 11 6 0.00011944370762374191
1 7 11 7 0.00011944370762374191
0 10 4 6 -7.995921416957891e-08
1 10 4 7 -7.995921416957891e-08
0 11 5 6 -7.995921416957891e-08
1 11 5 7 -7.995921416957891e-08
0 10 6 6 0.00011944370762374191
1 10 6 7 0.00011944370762374191
0 11 7 6 0.00011944370762374191
1 11 7 7 0.00011944370762374191
0 0 2 8 6.150123280582971e-07
1 0 2 9 6.150123280582971e-07
0 1 3 8 6.150123280582971e-07
1 1 3 9 6.150123280582971e-07
0 0 8 8 1.2534690112987453e-05
1 0 8 9 1.2534690112987453e-05
0 1 9 8 1.2534690112987453e-05
1 1 9 9 1.2534690112987453e-05
0 2 0 8 6.150123280582982e-07
1 2 0 9 6.150123280582982e-07
0 3 1 8 6.150123280582982e-07
1 3 1 9 6.150123280582982e-07
0 2 10 8 -7.995921416957898e-08
1 2 10 9 -7.995921416957898e-08
0 3 11 8 -7.995921416957898e-08
1 3 11 9 -7.995921416957898e-08
0 8 0 8 1.2534690112987447e-05
1 8 0 9 1.2534690112987447e-05
0 9 1 8 1.2534690112987447e-05
1 9 1 9 1.2534690112987447e-05
0 8 10 8 0.00011944370762374191
1 8 10 9 0.00011944370762374191
0 9 11 8 0.00011944370762374191
1 9 11 9 0.00011944370762374191
0 10 2 8 -7.995921416957891e-08
1 10 2 9 -7.995921416957891e-08
0 11 3 8 -7.995921416957891e-08
1 11 3 9 -7.995921416957891e-08
0 10 8 8 0.00011944370762374191
1 10 8 9 0.00011944370762374191
0 11 9 8 0.00011944370762374191
1 11 9 9 0.00011944370762374191
0 0 0 10 0.0009642107766182847
1 0 0 11 0.0009642107766182847
0 1 1 10 0.0009642107766182847
1 1 1 11 0.0009642107766182847
0 0 10 10 4.167409491295892e-05
1 0 10 11 4.167409491295892e-05
0 1 11 10 4.167409491295892e-05
1 1 11 11 4.167409491295892e-05
0 2 2 10 0.0009030033000280927
1 2 2 11 0.0009030033000280927
0 3 3 10 0.0009030033000280927
1 3 3 11 0.0009030033000280927
0 2 8 10 -2.725360382146647e-06
1 2 8 11 -2.725360382146647e-06
0 3 9 10 -2.725360382146647e-06
1 3 9 11 -2.725360382146647e-06
0 4 4 10 0.0009030033000280927
1 4 4 11 0.0009030033000280927
0 5 5 10 0.0009030033000280927
1 5 5 11 0.0009030033000280927
0 4 6 10 -2.725360382146647e-06
1 4 6 11 -2.725360382146647e-06
0 5 7 10 -2.725360382146647e-06
1 5 7 11 -2.725360382146647e-06
0 6 4 10 -2.7253603821466475e-06
1 6 4 11 -2.7253603821466475e-06
0 7 5 10 -2.7253603821466475e-06
1 7 5 11 -2.7253603821466475e-06
0 6 6 10 0.0009030045080894258
1 6 6 11 0.0009030045080894258
0 7 7 10 0.0009030045080894258
1 7 7 11 0.0009030045080894258
0 8 2 10 -2.7253603821466475e-06
1 8 2 11 -2.7253603821466475e-06
0 9 3 10 -2.7253603821466475e-06
1 9 3 11 -2.7253603821466475e-06
0 8 8 10 0.0009030045080894258
1 8 8 11 0.0009030045080894258
0 9 9 10 0.0009030045080894258
1 9 9 11 0.0009030045080894258
0 10 0 10 4.167409491295893e-05
1 10 0 11 4.167409491295893e-05
0 11 1 10 4.167409491295893e-05
1 11 1 11 4.167409491295893e-05
0 10 10 10 0.000964212221278204
1 10 10 11 0.000964212221278204
0 11 11 10 0.000964212221278204
1 11 11 11 0.000964212221278204
2 0 2 0 0.020563997895039373
3 0 2 1 0.020563997895039373
2 1 3 0 0.020563997895039373
3 1 3 1 0.020563997895039373
2 0 8 0 6.150123280583006e-07
3 0 8 1 6.150123280583006e-07
2 1 9 0 6.150123280583006e-07
3 1 9 1 6.150123280583006e-07
2 2 0 0 0.020563997895039373
3 2 0 1 0.020563997895039373
2 3 1 0 0.020563997895039373
3 3 1 1 0.020563997895039373
2 2 10 0 0.00011944348349865541
3 2 10 1 0.00011944348349865541
2 3 11 0 0.00011944348349865541
3 3 11 1 0.00011944348349865541
2 8 0 0 6.150123280583021e-07
3 8 0 1 6.150123280583021e-07
2 9 1 0 6.150123280583021e-07
3 9 1 1 6.150123280583021e-07
2 8 10 0 -0.00015996483993465597
3 8 10 1 -0.00015996483993465597
2 9 11 0 -0.00015996483993465597
3 9 11 1 -0.00015996483993465597
2 10 2 0 0.00011944348349865542
3 10 2 1 0.00011944348349865542
2 11 3 0 0.00011944348349865542
3 11 3 1 0.00011944348349865542
2 10 8 0 -0.000159964839934656
3 10 8 1 -0.000159964839934656
2 11 9 0 -0.000159964839934656
3 11 9 1 -0.000159964839934656
2 0 0 2 0.34032110633878815
3 0 0 3 0.34032110633878815
2 1 1 2 0.34032110633878815
3 1 1 3 0.34032110633878815
2 0 10 2 0.0009030033000280923
3 0 10 3 0.0009030033000280923
2 1 11 2 0.0009030033000280923
3 1 11 3 0.0009030033000280923
2 2 2 2 0.38140331160608015
3 2 2 3 0.38140331160608015
2 3 3 2 0.38140331160608015
3 3 3 3 0.38140331160608015
2 2 8 2 -0.0001368532218950637
3 2 8 3 -0.0001368532218950637
2 3 9 2 -0.0001368532218950637
3 3 9 3 -0.0001368532218950637
2 4 4 2 0.3402846076596641
3 4 4 3 0.3402846076596641
2 5 5 2 0.3402846076596641
3 5 5 3 0.3402846076596641
2 4 6 2 -0.00010694974668113154
3 4 6 3 -0.00010694974668113154
2 5 7 2 -0.00010694974668113154
3 5 7 3 -0.00010694974668113154
2 6 4 2 -0.00010694974668113158
3 6 4 3 -0.00010694974668113158
2 7 5 2 -0.00010694974668113158
3 7 5 3 -0.00010694974668113158
2 6 6 2 0.08606540132912013
3 6 6 3 0.08606540132912013
2 7 7 2 0.08606540132912013
3 7 7 3 0.08606540132912013
2 8 2 2 -0.00013685322189506367
3 8 2 3 -0.00013685322189506367
2 9 3 2 -0.00013685322189506367
3 9 3 3 -0.00013685322189506367
2 8 8 2 0.08614556169325459
3 8 8 3 0.08614556169325459
2 9 9 2 0.08614556169325459
3 9 9 3 0.08614556169325459
2 10 0 2 0.0009030033000280923
3 10 0 3 0.0009030033000280923
2 11 1 2 0.0009030033000280923
3 11 1 3 0.0009030033000280923
2 10 10 2 0.08915427440214288
3 10 10 3 0.08915427440214288
2 11 11 2 0.08915427440214288
3 11 11 3 0.08915427440214288
2 2 4 4 0.02055935172320628
3 2 4 5 0.02055935172320628
2 3 5 4 0.02055935172320628
3 3 5 5 0.02055935172320628
2 2 6 4 -1.4951737136254009e-05
3 2 6 5 -1.4951737136254009e-05
2 3 7 4 -1.4951737136254009e-05
3 3 7 5 -1.4951737136254009e-05
2 4 2 4 0.02055935172320628
3 4 2 5 0.02055935172320628
2 5 3 4 0.02055935172320628
3 5 3 5 0.02055935172320628
2 4 8 4 -1.4951737136254009e-05
3 4 8 5 -1.4951737136254009e-05
2 5 9 4 -1.4951737136254009e-05
3 5 9 5 -1.4951737136254009e-05
2 6 2 4 -1.4951737136254009e-05
3 6 2 5 -1.4951737136254009e-05
2 7 3 4 -1.4951737136254009e-05
3 7 3 5 -1.4951737136254009e-05
2 6 8 4 4.007993206545775e-05
3 6 8 5 4.007993206545775e-05
2 7 9 4 4.007993206545775e-05
3 7 9 5 4.007993206545775e-05
2 8 4 4 -1.4951737136254009e-05
3 8 4 5 -1.4951737136254009e-05
2 9 5 4 -1.4951737136254009e-05
3 9 5 5 -1.4951737136254009e-05
2 8 6 4 4.007993206545775e-05
3 8 6 5 4.007993206545775e-05
2 9 7 4 4.007993206545775e-05
3 9 7 5 4.007993206545775e-05
2 2 4 6 -1.4951737136254007e-05
3 2 4 7 -1.4951737136254007e-05
2 3 5 6 -1.4951737136254007e-05
3 3 5 7 -1.4951737136254007e-05
2 2 6 6 6.629011896590565e-08
3 2 6 7 6.629011896590565e-08
2 3 7 6 6.629011896590565e-08
3 3 7 7 6.629011896590565e-08
2 4 2 6 -1.4951737136254007e-05
3 4 2 7 -1.4951737136254007e-05
2 5 3 6 -1.4951737136254007e-05
3 5 3 7 -1.4951737136254007e-05
2 4 8 6 6.629011896590565e-08
3 4 8 7 6.629011896590565e-08
2 5 9 6 6.629011896590565e-08
3 5 9 7 6.629011896590565e-08
2 6 2 6 6.629011896590565e-08
3 6 2 7 6.629011896590565e-08
2 7 3 6 6.629011896590565e-08
3 7 3 7 6.629011896590565e-08
2 6 8 6 -1.4951737156773163e-05
3 6 8 7 -1.4951737156773163e-05
2 7 9 6 -1.4951737156773163e-05
3 7 9 7 -1.4951737156773163e-05
2 8 4 6 6.629011896590565e-08
3 8 4 7 6.629011896590565e-08
2 9 5 6 6.629011896590565e-08
3 9 5 7 6.629011896590565e-08
2 8 6 6 -1.4951737156773163e-05
3 8 6 7 -1.4951737156773163e-05
2 9 7 6 -1.4951737156773163e-05
3 9 7 7 -1.4951737156773163e-05
2 0 0 8 -8.722538382171121e-05
3 0 0 9 -8.722538382171121e-05
2 1 1 8 -8.722538382171121e-05
3 1 1 9 -8.722538382171121e-05
2 0 10 8 -2.725360382146646e-06
3 0 10 9 -2.725360382146646e-06
2 1 11 8 -2.725360382146646e-06
3 1 11 9 -2.725360382146646e-06
2 2 2 8 -0.00013685322189506372
3 2 2 9 -0.00013685322189506372
2 3 3 8 -0.00013685322189506372
3 3 3 9 -0.00013685322189506372
2 2 8 8 5.410978908973933e-07
3 2 8 9 5.410978908973933e-07
2 3 9 8 5.410978908973933e-07
3 3 9 9 5.410978908973933e-07
2 4 4 8 -0.00010694974668113154
3 4 4 9 -0.00010694974668113154
2 5 5 8 -0.00010694974668113154
3 5 5 9 -0.00010694974668113154
2 4 6 8 4.085176511930357e-07
3 4 6 9 4.085176511930357e-07
2 5 7 8 4.085176511930357e-07
3 5 7 9 4.085176511930357e-07
2 6 4 8 4.0851765119303554e-07
3 6 4 9 4.0851765119303554e-07
2 7 5 8 4.0851765119303554e-07
3 7 5 9 4.0851765119303554e-07
2 6 6 8 -0.00010694974693535
3 6 6 9 -0.00010694974693535
2 7 7 8 -0.00010694974693535
3 7 7 9 -0.00010694974693535
2 8 2 8 5.410978908973933e-07
3 8 2 9 5.410978908973933e-07
2 9 3 8 5.410978908973933e-07
3 9 3 9 5.410978908973933e-07
2 8 8 8 -0.00013685322219032057
3 8 8 9 -0.00013685322219032057
2 9 9 8 -0.00013685322219032057
3 9 9 9 -0.00013685322219032057
2 10 0 8 -2.7253603821466467e-06
3 10 0 9 -2.7253603821466467e-06
2 11 1 8 -2.7253603821466467e-06
3 11 1 9 -2.7253603821466467e-06
2 10 10 8 -8.722535950072351e-05
3 10 10 9 -8.722535950072351e-05
2 11 11 8 -8.722535950072351e-05
3 11 11 9 -8.722535950072351e-05
2 0 2 10 0.00011944348349865543
3 0 2 11 0.00011944348349865543
2 1 3 10 0.00011944348349865543
3 1 3 11 0.00011944348349865543
2 0 8 10 -7.99592141695794e-08
3 0 8 11 -7.99592141695794e-08
2 1 9 10 -7.99592141695794e-08
3 1 9 11 -7.99592141695794e-08
2 2 0 10 0.00011944348349865543
3 2 0 11 0.00011944348349865543
2 3 1 10 0.00011944348349865543
3 3 1 11 0.00011944348349865543
2 2 10 10 1.2534756676906692e-05
3 2 10 11 1.2534756676906692e-05
2 3 11 10 1.2534756676906692e-05
3 3 11 11 1.2534756676906692e-05
2 8 0 10 -7.995921416957919e-08
3 8 0 11 -7.995921416957919e-08
2 9 1 10 -7.995921416957919e-08
3 9 1 11 -7.995921416957919e-08
2 8 10 10 6.150097305037495e-07
3 8 10 11 6.150097305037495e-07
2 9 11 10 6.150097305037495e-07
3 9 11 11 6.150097305037495e-07
2 10 2 10 1.2534756676906687e-05
3 10 2 11 1.2534756676906687e-05
2 11 3 10 1.2534756676906687e-05
3 11 3 11 1.2534756676906687e-05
2 10 8 10 6.150097305037427e-07
3 10 8 11 6.150097305037427e-07
2 11 9 10 6.150097305037427e-07
3 11 9 11 6.150097305037427e-07
4 0 4 0 0.020563997895039373
5 0 4 1 0.020563997895039373
4 1 5 0 0.020563997895039373
5 1 5 1 0.020563997895039373
4 0 6 0 6.150123280583006e-07
5 0 6 1 6.150123280583006e-07
4 1 7 0 6.150123280583006e-07
5 1 7 1 6.150123280583006e-07
4 4 0 0 0.020563997895039373
5 4 0 1 0.020563997895039373
4 5 1 0 0.020563997895039373
5 5 1 1 0.020563997895039373
4 4 10 0 0.00011944348349865541
5 4 10 1 0.00011944348349865541
4 5 11 0 0.00011944348349865541
5 5 11 1 0.00011944348349865541
4 6 0 0 6.150123280583021e-07
5 6 0 1 6.150123280583021e-07
4 7 1 0 6.150123280583021e-07
5 7 1 1 6.150123280583021e-07
4 6 10 0 -0.00015996483993465597
5 6 10 1 -0.00015996483993465597
4 7 11 0 -0.00015996483993465597
5 7 11 1 -0.00015996483993465597
4 10 4 0 0.00011944348349865542
5 10 4 1 0.00011944348349865542
4 11 5 0 0.00011944348349865542
5 11 5 1 0.00011944348349865542
4 10 6 0 -0.000159964839934656
5 10 6 1 -0.000159964839934656
4 11 7 0 -0.000159964839934656
5 11 7 1 -0.000159964839934656
4 2 4 2 0.02055935172320628
5 2 4 3 0.02055935172320628
4 3 5 2 0.02055935172320628
5 3 5 3 0.02055935172320628
4 2 6 2 -1.4951737136254009e-05
5 2 6 3 -1.4951737136254009e-05
4 3 7 2 -1.4951737136254009e-05
5 3 7 3 -1.4951737136254009e-05
4 4 2 2 0.02055935172320628
5 4 2 3 0.02055935172320628
4 5 3 2 0.02055935172320628
5 5 3 3 0.02055935172320628
4 4 8 2 -1.4951737136254009e-05
5 4 8 3 -1.4951737136254009e-05
4 5 9 2 -1.4951737136254009e-05
5 5 9 3 -1.4951737136254009e-05
4 6 2 2 -1.4951737136254009e-05
5 6 2 3 -1.4951737136254009e-05
4 7 3 2 -1.4951737136254009e-05
5 7 3 3 -1.4951737136254009e-05
4 6 8 2 4.007993206545775e-05
5 6 8 3 4.007993206545775e-05
4 7 9 2 4.007993206545775e-05
5 7 9 3 4.007993206545775e-05
4 8 4 2 -1.4951737136254009e-05
5 8 4 3 -1.4951737136254009e-05
4 9 5 2 -1.4951737136254009e-05
5 9 5 3 -1.4951737136254009e-05
4 8 6 2 4.007993206545775e-05
5 8 6 3 4.007993206545775e-05
4 9 7 2 4.007993206545775e-05
5 9 7 3 4.007993206545775e-05
4 0 0 4 0.34032110633878815
5 0 0 5 0.34032110633878815
4 1 1 4 0.34032110633878815
5 1 1 5 0.34032110633878815
4 0 10 4 0.0009030033000280923
5 0 10 5 0.0009030033000280923
4 1 11 4 0.0009030033000280923
5 1 11 5 0.0009030033000280923
4 2 2 4 0.3402846076596641
5 2 2 5 0.3402846076596641
4 3 3 4 0.3402846076596641
5 3 3 5 0.3402846076596641
4 2 8 4 -0.00010694974668113154
5 2 8 5 -0.00010694974668113154
4 3 9 4 -0.00010694974668113154
5 3 9 5 -0.00010694974668113154
4 4 4 4 0.38140331160608015
5 4 4 5 0.38140331160608015
4 5 5 4 0.38140331160608015
5 5 5 5 0.38140331160608015
4 4 6 4 -0.0001368532218950637
5 4 6 5 -0.0001368532218950637
4 5 7 4 -0.0001368532218950637
5 5 7 5 -0.0001368532218950637
4 6 4 4 -0.00013685322189506367
5 6 4 5 -0.00013685322189506367
4 7 5 4 -0.00013685322189506367
5 7 5 5 -0.00013685322189506367
4 6 6 4 0.08614556169325459
5 6 6 5 0.08614556169325459
4 7 7 4 0.08614556169325459
5 7 7 5 0.08614556169325459
4 8 2 4 -0.00010694974668113158
5 8 2 5 -0.00010694974668113158
4 9 3 4 -0.00010694974668113158
5 9 3 5 -0.00010694974668113158
4 8 8 4 0.08606540132912013
5 8 8 5 0.08606540132912013
4 9 9 4 0.08606540132912013
5 9 9 5 0.08606540132912013
4 10 0 4 0.0009030033000280923
5 10 0 5 0.0009030033000280923
4 11 1 4 0.0009030033000280923
5 11 1 5 0.0009030033000280923
4 10 10 4 0.08915427440214288
5 10 10 5 0.08915427440214288
4 11 11 4 0.08915427440214288
5 11 11 5 0.08915427440214288
4 0 0 6 -8.722538382171121e-05
5 0 0 7 -8.722538382171121e-05
4 1 1 6 -8.722538382171121e-05
5 1 1 7 -8.722538382171121e-05
4 0 10 6 -2.725360382146646e-06
5 0 10 7 -2.725360382146646e-06
4 1 11 6 -2.725360382146646e-06
5 1 11 7 -2.725360382146646e-06
4 2 2 6 -0.00010694974668113154
5 2 2 7 -0.00010694974668113154
4 3 3 6 -0.00010694974668113154
5 3 3 7 -0.00010694974668113154
4 2 8 6 4.085176511930357e-07
5 2 8 7 4.085176511930357e-07
4 3 9 6 4.085176511930357e-07
5 3 9 7 4.085176511930357e-07
4 4 4 6 -0.00013685322189506372
5 4 4 7 -0.00013685322189506372
4 5 5 6 -0.00013685322189506372
5 5 5 7 -0.00013685322189506372
4 4 6 6 5.410978908973933e-07
5 4 6 7 5.410978908973933e-07
4 5 7 6 5.410978908973933e-07
5 5 7 7 5.410978908973933e-07
4 6 4 6 5.410978908973933e-07
5 6 4 7 5.410978908973933e-07
4 7 5 6 5.410978908973933e-07
5 7 5 7 5.410978908973933e-07
4 6 6 6 -0.00013685322219032057
5 6 6 7 -0.00013685322219032057
4 7 7 6 -0.00013685322219032057
5 7 7 7 -0.00013685322219032057
4 8 2 6 4.0851765119303554e-07
5 8 2 7 4.0851765119303554e-07
4 9 3 6 4.0851765119303554e-07
5 9 3 7 4.0851765119303554e-07
4 8 8 6 -0.00010694974693535
5 8 8 7 -0.00010694974693535
4 9 9 6 -0.00010694974693535
5 9 9 7 -0.00010694974693535
4 10 0 6 -2.7253603821466467e-06
5 10 0 7 -2.7253603821466467e-06
4 11 1 6 -2.7253603821466467e-06
5 11 1 7 -2.7253603821466467e-06
4 10 10 6 -8.722535950072351e-05
5 10 10 7 -8.722535950072351e-05
4 11 11 6 -8.722535950072351e-05
5 11 11 7 -8.722535950072351e-05
4 2 4 8 -1.4951737136254007e-05
5 2 4 9 -1.4951737136254007e-05
4 3 5 8 -1.4951737136254007e-05
5 3 5 9 -1.4951737136254007e-05
4 2 6 8 6.629011896590565e-08
5 2 6 9 6.629011896590565e-08
4 3 7 8 6.629011896590565e-08
5 3 7 9 6.629011896590565e-08
4 4 2 8 -1.4951737136254007e-05
5 4 2 9 -1.4951737136254007e-05
4 5 3 8 -1.4951737136254007e-05
5 5 3 9 -1.4951737136254007e-05
4 4 8 8 6.629011896590565e-08
5 4 8 9 6.629011896590565e-08
4 5 9 8 6.629011896590565e-08
5 5 9 9 6.629011896590565e-08
4 6 2 8 6.629011896590565e-08
5 6 2 9 6.629011896590565e-08
4 7 3 8 6.629011896590565e-08
5 7 3 9 6.629011896590565e-08
4 6 8 8 -1.4951737156773163e-05
5 6 8 9 -1.4951737156773163e-05
4 7 9 8 -1.4951737156773163e-05
5 7 9 9 -1.4951737156773163e-05
4 8 4 8 6.629011896590565e-08
5 8 4 9 6.629011896590565e-08
4 9 5 8 6.629011896590565e-08
5 9 5 9 6.629011896590565e-08
4 8 6 8 -1.4951737156773163e-05
5 8 6 9 -1.4951737156773163e-05
4 9 7 8 -1.4951737156773163e-05
5 9 7 9 -1.4951737156773163e-05
4 0 4 10 0.00011944348349865543
5 0 4 11 0.00011944348349865543
4 1 5 10 0.00011944348349865543
5 1 5 11 0.00011944348349865543
4 0 6 10 -7.99592141695794e-08
5 0 6 11 -7.99592141695794e-08
4 1 7 10 -7.99592141695794e-08
5 1 7 11 -7.99592141695794e-08
4 4 0 10 0.00011944348349865543
5 4 0 11 0.00011944348349865543
4 5 1 10 0.00011944348349865543
5 5 1 11 0.00011944348349865543
4 4 10 10 1.2534756676906692e-05
5 4 10 11 1.2534756676906692e-05
4 5 11 10 1.2534756676906692e-05
5 5 11 11 1.2534756676906692e-05
4 6 0 10 -7.995921416957919e-08
5 6 0 11 -7.995921416957919e-08
4 7 1 10 -7.995921416957919e-08
5 7 1 11 -7.995921416957919e-08
4 6 10 10 6.150097305037495e-07
5 6 10 11 6.150097305037495e-07
4 7 11 10 6.150097305037495e-07
5 7 11 11 6.150097305037495e-07
4 10 4 10 1.2534756676906687e-05
5 10 4 11 1.2534756676906687e-05
4 11 5 10 1.2534756676906687e-05
5 11 5 11 1.2534756676906687e-05
4 10 6 10 6.150097305037427e-07
5 10 6 11 6.150097305037427e-07
4 11 7 10 6.150097305037427e-07
5 11 7 11 6.150097305037427e-07
6 0 4 0 6.150123280582995e-07
7 0 4 1 6.150123280582995e-07
6 1 5 0 6.150123280582995e-07
7 1 5 1 6.150123280582995e-07
6 0 6 0 1.2534690112987453e-05
7 0 6 1 1.2534690112987453e-05
6 1 7 0 1.2534690112987453e-05
7 1 7 1 1.2534690112987453e-05
6 4 0 0 6.150123280582995e-07
7 4 0 1 6.150123280582995e-07
6 5 1 0 6.150123280582995e-07
7 5 1 1 6.150123280582995e-07
6 4 10 0 -7.995921416957903e-08
7 4 10 1 -7.995921416957903e-08
6 5 11 0 -7.995921416957903e-08
7 5 11 1 -7.995921416957903e-08
6 6 0 0 1.2534690112987449e-05
7 6 0 1 1.2534690112987449e-05
6 7 1 0 1.2534690112987449e-05
7 7 1 1 1.2534690112987449e-05
6 6 10 0 0.00011944370762374194
7 6 10 1 0.00011944370762374194
6 7 11 0 0.00011944370762374194
7 7 11 1 0.00011944370762374194
6 10 4 0 -7.995921416957906e-08
7 10 4 1 -7.995921416957906e-08
6 11 5 0 -7.995921416957906e-08
7 11 5 1 -7.995921416957906e-08
6 10 6 0 0.00011944370762374194
7 10 6 1 0.00011944370762374194
6 11 7 0 0.00011944370762374194
7 11 7 1 0.00011944370762374194
6 2 4 2 -1.4951737136254007e-05
7 2 4 3 -1.4951737136254007e-05
6 3 5 2 -1.4951737136254007e-05
7 3 5 3 -1.4951737136254007e-05
6 2 6 2 6.629011896590565e-08
7 2 6 3 6.629011896590565e-08
6 3 7 2 6.629011896590565e-08
7 3 7 3 6.629011896590565e-08
6 4 2 2 -1.4951737136254007e-05
7 4 2 3 -1.4951737136254007e-05
6 5 3 2 -1.4951737136254007e-05
7 5 3 3 -1.4951737136254007e-05
6 4 8 2 6.629011896590565e-08
7 4 8 3 6.629011896590565e-08
6 5 9 2 6.629011896590565e-08
7 5 9 3 6.629011896590565e-08
6 6 2 2 6.629011896590565e-08
7 6 2 3 6.629011896590565e-08
6 7 3 2 6.629011896590565e-08
7 7 3 3 6.629011896590565e-08
6 6 8 2 -1.4951737156773167e-05
7 6 8 3 -1.4951737156773167e-05
6 7 9 2 -1.4951737156773167e-05
7 7 9 3 -1.4951737156773167e-05
6 8 4 2 6.629011896590565e-08
7 8 4 3 6.629011896590565e-08
6 9 5 2 6.629011896590565e-08
7 9 5 3 6.629011896590565e-08
6 8 6 2 -1.4951737156773167e-05
7 8 6 3 -1.4951737156773167e-05
6 9 7 2 -1.4951737156773167e-05
7 9 7 3 -1.4951737156773167e-05
6 0 0 4 -8.722538382171117e-05
7 0 0 5 -8.722538382171117e-05
6 1 1 4 -8.722538382171117e-05
7 1 1 5 -8.722538382171117e-05
6 0 10 4 -2.7253603821466462e-06
7 0 10 5 -2.7253603821466462e-06
6 1 11 4 -2.7253603821466462e-06
7 1 11 5 -2.7253603821466462e-06
6 2 2 4 -0.00010694974668113157
7 2 2 5 -0.00010694974668113157
6 3 3 4 -0.00010694974668113157
7 3 3 5 -0.00010694974668113157
6 2 8 4 4.0851765119303564e-07
7 2 8 5 4.0851765119303564e-07
6 3 9 4 4.0851765119303564e-07
7 3 9 5 4.0851765119303564e-07
6 4 4 4 -0.0001368532218950637
7 4 4 5 -0.0001368532218950637
6 5 5 4 -0.0001368532218950637
7 5 5 5 -0.0001368532218950637
6 4 6 4 5.410978908973933e-07
7 4 6 5 5.410978908973933e-07
6 5 7 4 5.410978908973933e-07
7 5 7 5 5.410978908973933e-07
6 6 4 4 5.410978908973933e-07
7 6 4 5 5.410978908973933e-07
6 7 5 4 5.410978908973933e-07
7 7 5 5 5.410978908973933e-07
6 6 6 4 -0.00013685322219032054
7 6 6 5 -0.00013685322219032054
6 7 7 4 -0.00013685322219032054
7 7 7 5 -0.00013685322219032054
6 8 2 4 4.0851765119303554e-07
7 8 2 5 4.0851765119303554e-07
6 9 3 4 4.0851765119303554e-07
7 9 3 5 4.0851765119303554e-07
6 8 8 4 -0.00010694974693535003
7 8 8 5 -0.00010694974693535003
6 9 9 4 -0.00010694974693535003
7 9 9 5 -0.00010694974693535003
6 10 0 4 -2.7253603821466467e-06
7 10 0 5 -2.7253603821466467e-06
6 11 1 4 -2.7253603821466467e-06
7 11 1 5 -2.7253603821466467e-06
6 10 10 4 -8.72253595007235e-05
7 10 10 5 -8.72253595007235e-05
6 11 11 4 -8.72253595007235e-05
7 11 11 5 -8.72253595007235e-05
6 0 0 6 0.08915426860684186
7 0 0 7 0.08915426860684186
6 1 1 6 0.08915426860684186
7 1 1 7 0.08915426860684186
6 0 10 6 0.000903004508089425
7 0 10 7 0.000903004508089425
6 1 11 6 0.000903004508089425
7 1 11 7 0.000903004508089425
6 2 2 6 0.08606540132912013
7 2 2 7 0.08606540132912013
6 3 3 6 0.08606540132912013
7 3 3 7 0.08606540132912013
6 2 8 6 -0.00010694974693535005
7 2 8 7 -0.00010694974693535005
6 3 9 6 -0.00010694974693535005
7 3 9 7 -0.00010694974693535005
6 4 4 6 0.08614556169325459
7 4 4 7 0.08614556169325459
6 5 5 6 0.08614556169325459
7 5 5 7 0.08614556169325459
6 4 6 6 -0.0001368532221903205
7 4 6 7 -0.0001368532221903205
6 5 7 6 -0.0001368532221903205
7 5 7 7 -0.0001368532221903205
6 6 4 6 -0.0001368532221903205
7 6 4 7 -0.0001368532221903205
6 7 5 6 -0.0001368532221903205
7 7 5 7 -0.0001368532221903205
6 6 6 6 0.3814033116060811
7 6 6 7 0.3814033116060811
6 7 7 6 0.3814033116060811
7 7 7 7 0.3814033116060811
6 8 2 6 -0.00010694974693535007
7 8 2 7 -0.00010694974693535007
6 9 3 6 -0.00010694974693535007
7 9 3 7 -0.00010694974693535007
6 8 8 6 0.340284607659665
7 8 8 7 0.340284607659665
6 9 9 6 0.340284607659665
7 9 9 7 0.340284607659665
6 10 0 6 0.0009030045080894249
7 10 0 7 0.0009030045080894249
6 11 1 6 0.0009030045080894249
7 11 1 7 0.0009030045080894249
6 10 10 6 0.3403211064289399
7 10 10 7 0.3403211064289399
6 11 11 6 0.3403211064289399
7 11 11 7 0.3403211064289399
6 2 4 8 4.007993206545775e-05
7 2 4 9 4.007993206545775e-05
6 3 5 8 4.007993206545775e-05
7 3 5 9 4.007993206545775e-05
6 2 6 8 -1.4951737156773167e-05
7 2 6 9 -1.4951737156773167e-05
6 3 7 8 -1.4951737156773167e-05
7 3 7 9 -1.4951737156773167e-05
6 4 2 8 4.007993206545775e-05
7 4 2 9 4.007993206545775e-05
6 5 3 8 4.007993206545775e-05
7 5 3 9 4.007993206545775e-05
6 4 8 8 -1.4951737156773167e-05
7 4 8 9 -1.4951737156773167e-05
6 5 9 8 -1.4951737156773167e-05
7 5 9 9 -1.4951737156773167e-05
6 6 2 8 -1.4951737156773167e-05
7 6 2 9 -1.4951737156773167e-05
6 7 3 8 -1.4951737156773167e-05
7 7 3 9 -1.4951737156773167e-05
6 6 8 8 0.020559351723206297
7 6 8 9 0.020559351723206297
6 7 9 8 0.020559351723206297
7 7 9 9 0.020559351723206297
6 8 4 8 -1.4951737156773167e-05
7 8 4 9 -1.4951737156773167e-05
6 9 5 8 -1.4951737156773167e-05
7 9 5 9 -1.4951737156773167e-05
6 8 6 8 0.020559351723206297
7 8 6 9 0.020559351723206297
6 9 7 8 0.020559351723206297
7 9 7 9 0.020559351723206297
6 0 4 10 -0.00015996483993465597
7 0 4 11 -0.00015996483993465597
6 1 5 10 -0.00015996483993465597
7 1 5 11 -0.00015996483993465597
6 0 6 10 0.00011944370762374193
7 0 6 11 0.00011944370762374193
6 1 7 10 0.00011944370762374193
7 1 7 11 0.00011944370762374193
6 4 0 10 -0.00015996483993465594
7 4 0 11 -0.00015996483993465594
6 5 1 10 -0.00015996483993465594
7 5 1 11 -0.00015996483993465594
6 4 10 10 6.150097305037506e-07
7 4 10 11 6.150097305037506e-07
6 5 11 10 6.150097305037506e-07
7 5 11 11 6.150097305037506e-07
6 6 0 10 0.00011944370762374193
7 6 0 11 0.00011944370762374193
6 7 1 10 0.00011944370762374193
7 7 1 11 0.00011944370762374193
6 6 10 10 0.02056399791997969
7 6 10 11 0.02056399791997969
6 7 11 10 0.02056399791997969
7 7 11 11 0.02056399791997969
6 10 4 10 6.150097305037447e-07
7 10 4 11 6.150097305037447e-07
6 11 5 10 6.150097305037447e-07
7 11 5 11 6.150097305037447e-07
6 10 6 10 0.02056399791997969
7 10 6 11 0.02056399791997969
6 11 7 10 0.02056399791997969
7 11 7 11 0.02056399791997969
8 0 2 0 6.150123280582995e-07
9 0 2 1 6.150123280582995e-07
8 1 3 0 6.150123280582995e-07
9 1 3 1 6.150123280582995e-07
8 0 8 0 1.2534690112987453e-05
9 0 8 1 1.2534690112987453e-05
8 1 9 0 1.2534690112987453e-05
9 1 9 1 1.2534690112987453e-05
8 2 0 0 6.150123280582995e-07
9 2 0 1 6.150123280582995e-07
8 3 1 0 6.150123280582995e-07
9 3 1 1 6.150123280582995e-07
8 2 10 0 -7.995921416957903e-08
9 2 10 1 -7.995921416957903e-08
8 3 11 0 -7.995921416957903e-08
9 3 11 1 -7.995921416957903e-08
8 8 0 0 1.2534690112987449e-05
9 8 0 1 1.2534690112987449e-05
8 9 1 0 1.2534690112987449e-05
9 9 1 1 1.2534690112987449e-05
8 8 10 0 0.00011944370762374194
9 8 10 1 0.00011944370762374194
8 9 11 0 0.00011944370762374194
9 9 11 1 0.00011944370762374194
8 10 2 0 -7.995921416957906e-08
9 10 2 1 -7.995921416957906e-08
8 11 3 0 -7.995921416957906e-08
9 11 3 1 -7.995921416957906e-08
8 10 8 0 0.00011944370762374194
9 10 8 1 0.00011944370762374194
8 11 9 0 0.00011944370762374194
9 11 9 1 0.00011944370762374194
8 0 0 2 -8.722538382171117e-05
9 0 0 3 -8.722538382171117e-05
8 1 1 2 -8.722538382171117e-05
9 1 1 3 -8.722538382171117e-05
8 0 10 2 -2.7253603821466462e-06
9 0 10 3 -2.7253603821466462e-06
8 1 11 2 -2.7253603821466462e-06
9 1 11 3 -2.7253603821466462e-06
8 2 2 2 -0.0001368532218950637
9 2 2 3 -0.0001368532218950637
8 3 3 2 -0.0001368532218950637
9 3 3 3 -0.0001368532218950637
8 2 8 2 5.410978908973933e-07
9 2 8 3 5.410978908973933e-07
8 3 9 2 5.410978908973933e-07
9 3 9 3 5.410978908973933e-07
8 4 4 2 -0.00010694974668113157
9 4 4 3 -0.00010694974668113157
8 5 5 2 -0.00010694974668113157
9 5 5 3 -0.00010694974668113157
8 4 6 2 4.0851765119303564e-07
9 4 6 3 4.0851765119303564e-07
8 5 7 2 4.0851765119303564e-07
9 5 7 3 4.0851765119303564e-07
8 6 4 2 4.0851765119303554e-07
9 6 4 3 4.0851765119303554e-07
8 7 5 2 4.0851765119303554e-07
9 7 5 3 4.0851765119303554e-07
8 6 6 2 -0.00010694974693535003
9 6 6 3 -0.00010694974693535003
8 7 7 2 -0.00010694974693535003
9 7 7 3 -0.00010694974693535003
8 8 2 2 5.410978908973933e-07
9 8 2 3 5.410978908973933e-07
8 9 3 2 5.410978908973933e-07
9 9 3 3 5.410978908973933e-07
8 8 8 2 -0.00013685322219032054
9 8 8 3 -0.00013685322219032054
8 9 9 2 -0.00013685322219032054
9 9 9 3 -0.00013685322219032054
8 10 0 2 -2.7253603821466467e-06
9 10 0 3 -2.7253603821466467e-06
8 11 1 2 -2.7253603821466467e-06
9 11 1 3 -2.7253603821466467e-06
8 10 10 2 -8.72253595007235e-05
9 10 10 3 -8.72253595007235e-05
8 11 11 2 -8.72253595007235e-05
9 11 11 3 -8.72253595007235e-05
8 2 4 4 -1.4951737136254007e-05
9 2 4 5 -1.4951737136254007e-05
8 3 5 4 -1.4951737136254007e-05
9 3 5 5 -1.4951737136254007e-05
8 2 6 4 6.629011896590565e-08
9 2 6 5 6.629011896590565e-08
8 3 7 4 6.629011896590565e-08
9 3 7 5 6.629011896590565e-08
8 4 2 4 -1.4951737136254007e-05
9 4 2 5 -1.4951737136254007e-05
8 5 3 4 -1.4951737136254007e-05
9 5 3 5 -1.4951737136254007e-05
8 4 8 4 6.629011896590565e-08
9 4 8 5 6.629011896590565e-08
8 5 9 4 6.629011896590565e-08
9 5 9 5 6.629011896590565e-08
8 6 2 4 6.629011896590565e-08
9 6 2 5 6.629011896590565e-08
8 7 3 4 6.629011896590565e-08
9 7 3 5 6.629011896590565e-08
8 6 8 4 -1.4951737156773167e-05
9 6 8 5 -1.4951737156773167e-05
8 7 9 4 -1.4951737156773167e-05
9 7 9 5 -1.4951737156773167e-05
8 8 4 4 6.629011896590565e-08
9 8 4 5 6.629011896590565e-08
8 9 5 4 6.629011896590565e-08
9 9 5 5 6.629011896590565e-08
8 8 6 4 -1.4951737156773167e-05
9 8 6 5 -1.4951737156773167e-05
8 9 7 4 -1.4951737156773167e-05
9 9 7 5 -1.4951737156773167e-05
8 2 4 6 4.007993206545775e-05
9 2 4 7 4.007993206545775e-05
8 3 5 6 4.007993206545775e-05
9 3 5 7 4.007993206545775e-05
8 2 6 6 -1.4951737156773167e-05
9 2 6 7 -1.4951737156773167e-05
8 3 7 6 -1.4951737156773167e-05
9 3 7 7 -1.4951737156773167e-05
8 4 2 6 4.007993206545775e-05
9 4 2 7 4.007993206545775e-05
8 5 3 6 4.007993206545775e-05
9 5 3 7 4.007993206545775e-05
8 4 8 6 -1.4951737156773167e-05
9 4 8 7 -1.4951737156773167e-05
8 5 9 6 -1.4951737156773167e-05
9 5 9 7 -1.4951737156773167e-05
8 6 2 6 -1.4951737156773167e-05
9 6 2 7 -1.4951737156773167e-05
8 7 3 6 -1.4951737156773167e-05
9 7 3 7 -1.4951737156773167e-05
8 6 8 6 0.020559351723206297
9 6 8 7 0.020559351723206297
8 7 9 6 0.020559351723206297
9 7 9 7 0.020559351723206297
8 8 4 6 -1.4951737156773167e-05
9 8 4 7 -1.4951737156773167e-05
8 9 5 6 -1.4951737156773167e-05
9 9 5 7 -1.4951737156773167e-05
8 8 6 6 0.020559351723206297
9 8 6 7 0.020559351723206297
8 9 7 6 0.020559351723206297
9 9 7 7 0.020559351723206297
8 0 0 8 0.08915426860684186
9 0 0 9 0.08915426860684186
8 1 1 8 0.08915426860684186
9 1 1 9 0.08915426860684186
8 0 10 8 0.000903004508089425
9 0 10 9 0.000903004508089425
8 1 11 8 0.000903004508089425
9 1 11 9 0.000903004508089425
8 2 2 8 0.08614556169325459
9 2 2 9 0.08614556169325459
8 3 3 8 0.08614556169325459
9 3 3 9 0.08614556169325459
8 2 8 8 -0.0001368532221903205
9 2 8 9 -0.0001368532221903205
8 3 9 8 -0.0001368532221903205
9 3 9 9 -0.0001368532221903205
8 4 4 8 0.08606540132912013
9 4 4 9 0.08606540132912013
8 5 5 8 0.08606540132912013
9 5 5 9 0.08606540132912013
8 4 6 8 -0.00010694974693535005
9 4 6 9 -0.00010694974693535005
8 5 7 8 -0.00010694974693535005
9 5 7 9 -0.00010694974693535005
8 6 4 8 -0.00010694974693535007
9 6 4 9 -0.00010694974693535007
8 7 5 8 -0.00010694974693535007
9 7 5 9 -0.00010694974693535007
8 6 6 8 0.340284607659665
9 6 6 9 0.340284607659665
8 7 7 8 0.340284607659665
9 7 7 9 0.340284607659665
8 8 2 8 -0.0001368532221903205
9 8 2 9 -0.0001368532221903205
8 9 3 8 -0.0001368532221903205
9 9 3 9 -0.0001368532221903205
8 8 8 8 0.3814033116060811
9 8 8 9 0.3814033116060811
8 9 9 8 0.3814033116060811
9 9 9 9 0.3814033116060811
8 10 0 8 0.0009030045080894249
9 10 0 9 0.0009030045080894249
8 11 1 8 0.0009030045080894249
9 11 1 9 0.0009030045080894249
8 10 10 8 0.3403211064289399
9 10 10 9 0.3403211064289399
8 11 11 8 0.3403211064289399
9 11 11 9 0.3403211064289399
8 0 2 10 -0.00015996483993465597
9 0 2 11 -0.00015996483993465597
8 1 3 10 -0.00015996483993465597
9 1 3 11 -0.00015996483993465597
8 0 8 10 0.00011944370762374193
9 0 8 11 0.00011944370762374193
8 1 9 10 0.00011944370762374193
9 1 9 11 0.00011944370762374193
8 2 0 10 -0.00015996483993465594
9 2 0 11 -0.00015996483993465594
8 3 1 10 -0.00015996483993465594
9 3 1 11 -0.00015996483993465594
8 2 10 10 6.150097305037506e-07
9 2 10 11 6.150097305037506e-07
8 3 11 10 6.150097305037506e-07
9 3 11 11 6.150097305037506e-07
8 8 0 10 0.00011944370762374193
9 8 0 11 0.00011944370762374193
8 9 1 10 0.00011944370762374193
9 9 1 11 0.00011944370762374193
8 8 10 10 0.02056399791997969
9 8 10 11 0.02056399791997969
8 9 11 10 0.02056399791997969
9 9 11 11 0.02056399791997969
8 10 2 10 6.150097305037447e-07
9 10 2 11 6.150097305037447e-07
8 11 3 10 6.150097305037447e-07
9 11 3 11 6.150097305037447e-07
8 10 8 10 0.02056399791997969
9 10 8 11 0.02056399791997969
8 11 9 10 0.02056399791997969
9 11 9 11 0.02056399791997969
10 0 0 0 0.0009642107766182854
11 0 0 1 0.0009642107766182854
10 1 1 0 0.0009642107766182854
11 1 1 1 0.0009642107766182854
10 0 10 0 4.1674094912958916e-05
11 0 10 1 4.1674094912958916e-05
10 1 11 0 4.1674094912958916e-05
11 1 11 1 4.1674094912958916e-05
10 2 2 0 0.000903003300028093
11 2 2 1 0.000903003300028093
10 3 3 0 0.000903003300028093
11 3 3 1 0.000903003300028093
10 2 8 0 -2.725360382146647e-06
11 2 8 1 -2.725360382146647e-06
10 3 9 0 -2.725360382146647e-06
11 3 9 1 -2.725360382146647e-06
10 4 4 0 0.000903003300028093
11 4 4 1 0.000903003300028093
10 5 5 0 0.000903003300028093
11 5 5 1 0.000903003300028093
10 4 6 0 -2.725360382146647e-06
11 4 6 1 -2.725360382146647e-06
10 5 7 0 -2.725360382146647e-06
11 5 7 1 -2.725360382146647e-06
10 6 4 0 -2.7253603821466475e-06
11 6 4 1 -2.7253603821466475e-06
10 7 5 0 -2.7253603821466475e-06
11 7 5 1 -2.7253603821466475e-06
10 6 6 0 0.0009030045080894257
11 6 6 1 0.0009030045080894257
10 7 7 0 0.0009030045080894257
11 7 7 1 0.0009030045080894257
10 8 2 0 -2.7253603821466475e-06
11 8 2 1 -2.7253603821466475e-06
10 9 3 0 -2.7253603821466475e-06
11 9 3 1 -2.7253603821466475e-06
10 8 8 0 0.0009030045080894257
11 8 8 1 0.0009030045080894257
10 9 9 0 0.0009030045080894257
11 9 9 1 0.0009030045080894257
10 10 0 0 4.167409491295893e-05
11 10 0 1 4.167409491295893e-05
10 11 1 0 4.167409491295893e-05
11 11 1 1 4.167409491295893e-05
10 10 10 0 0.0009642122212782047
11 10 10 1 0.0009642122212782047
10 11 11 0 0.0009642122212782047
11 11 11 1 0.0009642122212782047
10 0 2 2 0.00011944348349865538
11 0 2 3 0.00011944348349865538
10 1 3 2 0.00011944348349865538
11 1 3 3 0.00011944348349865538
10 0 8 2 -7.995921416957932e-08
11 0 8 3 -7.995921416957932e-08
10 1 9 2 -7.995921416957932e-08
11 1 9 3 -7.995921416957932e-08
10 2 0 2 0.0001194434834986554
11 2 0 3 0.0001194434834986554
10 3 1 2 0.0001194434834986554
11 3 1 3 0.0001194434834986554
10 2 10 2 1.2534756676906692e-05
11 2 10 3 1.2534756676906692e-05
10 3 11 2 1.2534756676906692e-05
11 3 11 3 1.2534756676906692e-05
10 8 0 2 -7.995921416957922e-08
11 8 0 3 -7.995921416957922e-08
10 9 1 2 -7.995921416957922e-08
11 9 1 3 -7.995921416957922e-08
10 8 10 2 6.150097305037478e-07
11 8 10 3 6.150097305037478e-07
10 9 11 2 6.150097305037478e-07
11 9 11 3 6.150097305037478e-07
10 10 2 2 1.2534756676906688e-05
11 10 2 3 1.2534756676906688e-05
10 11 3 2 1.2534756676906688e-05
11 11 3 3 1.2534756676906688e-05
10 10 8 2 6.150097305037436e-07
11 10 8 3 6.150097305037436e-07
10 11 9 2 6.150097305037436e-07
11 11 9 3 6.150097305037436e-07
10 0 4 4 0.00011944348349865538
11 0 4 5 0.00011944348349865538
10 1 5 4 0.00011944348349865538
11 1 5 5 0.00011944348349865538
10 0 6 4 -7.995921416957932e-08
11 0 6 5 -7.995921416957932e-08
10 1 7 4 -7.995921416957932e-08
11 1 7 5 -7.995921416957932e-08
10 4 0 4 0.0001194434834986554
11 4 0 5 0.0001194434834986554
10 5 1 4 0.0001194434834986554
11 5 1 5 0.0001194434834986554
10 4 10 4 1.2534756676906692e-05
11 4 10 5 1.2534756676906692e-05
10 5 11 4 1.2534756676906692e-05
11 5 11 5 1.2534756676906692e-05
10 6 0 4 -7.995921416957922e-08
11 6 0 5 -7.995921416957922e-08
10 7 1 4 -7.995921416957922e-08
11 7 1 5 -7.995921416957922e-08
10 6 10 4 6.150097305037478e-07
11 6 10 5 6.150097305037478e-07
10 7 11 4 6.150097305037478e-07
11 7 11 5 6.150097305037478e-07
10 10 4 4 1.2534756676906688e-05
11 10 4 5 1.2534756676906688e-05
10 11 5 4 1.2534756676906688e-05
11 11 5 5 1.2534756676906688e-05
10 10 6 4 6.150097305037436e-07
11 10 6 5 6.150097305037436e-07
10 11 7 4 6.150097305037436e-07
11 11 7 5 6.150097305037436e-07
10 0 4 6 -0.000159964839934656
11 0 4 7 -0.000159964839934656
10 1 5 6 -0.000159964839934656
11 1 5 7 -0.000159964839934656
10 0 6 6 0.00011944370762374191
11 0 6 7 0.00011944370762374191
10 1 7 6 0.00011944370762374191
11 1 7 7 0.00011944370762374191
10 4 0 6 -0.00015996483993465597
11 4 0 7 -0.00015996483993465597
10 5 1 6 -0.00015996483993465597
11 5 1 7 -0.00015996483993465597
10 4 10 6 6.150097305037505e-07
11 4 10 7 6.150097305037505e-07
10 5 11 6 6.150097305037505e-07
11 5 11 7 6.150097305037505e-07
10 6 0 6 0.00011944370762374193
11 6 0 7 0.00011944370762374193
10 7 1 6 0.00011944370762374193
11 7 1 7 0.00011944370762374193
10 6 10 6 0.020563997919979683
11 6 10 7 0.020563997919979683
10 7 11 6 0.020563997919979683
11 7 11 7 0.020563997919979683
10 10 4 6 6.150097305037445e-07
11 10 4 7 6.150097305037445e-07
10 11 5 6 6.150097305037445e-07
11 11 5 7 6.150097305037445e-07
10 10 6 6 0.020563997919979683
11 10 6 7 0.020563997919979683
10 11 7 6 0.020563997919979683
11 11 7 7 0.020563997919979683
10 0 2 8 -0.000159964839934656
11 0 2 9 -0.000159964839934656
10 1 3 8 -0.000159964839934656
11 1 3 9 -0.000159964839934656
10 0 8 8 0.00011944370762374191
11 0 8 9 0.00011944370762374191
10 1 9 8 0.00011944370762374191
11 1 9 9 0.00011944370762374191
10 2 0 8 -0.00015996483993465597
11 2 0 9 -0.00015996483993465597
10 3 1 8 -0.00015996483993465597
11 3 1 9 -0.00015996483993465597
10 2 10 8 6.150097305037505e-07
11 2 10 9 6.150097305037505e-07
10 3 11 8 6.150097305037505e-07
11 3 11 9 6.150097305037505e-07
10 8 0 8 0.00011944370762374193
11 8 0 9 0.00011944370762374193
10 9 1 8 0.00011944370762374193
11 9 1 9 0.00011944370762374193
10 8 10 8 0.020563997919979683
11 8 10 9 0.020563997919979683
10 9 11 8 0.020563997919979683
11 9 11 9 0.020563997919979683
10 10 2 8 6.150097305037445e-07
11 10 2 9 6.150097305037445e-07
10 11 3 8 6.150097305037445e-07
11 11 3 9 6.150097305037445e-07
10 10 8 8 0.020563997919979683
11 10 8 9 0.020563997919979683
10 11 9 8 0.020563997919979683
11 11 9 9 0.020563997919979683
10 0 0 10 0.09290874634078085
11 0 0 11 0.09290874634078085
10 1 1 10 0.09290874634078085
11 1 1 11 0.09290874634078085
10 0 10 10 0.0009642122212782042
11 0 10 11 0.0009642122212782042
10 1 11 10 0.0009642122212782042
11 1 11 11 0.0009642122212782042
10 2 2 10 0.08915427440214287
11 2 2 11 0.08915427440214287
10 3 3 10 0.08915427440214287
11 3 3 11 0.08915427440214287
10 2 8 10 -8.722535950072356e-05
11 2 8 11 -8.722535950072356e-05
10 3 9 10 -8.722535950072356e-05
11 3 9 11 -8.722535950072356e-05
10 4 4 10 0.08915427440214287
11 4 4 11 0.08915427440214287
10 5 5 10 0.08915427440214287
11 5 5 11 0.08915427440214287
10 4 6 10 -8.722535950072356e-05
11 4 6 11 -8.722535950072356e-05
10 5 7 10 -8.722535950072356e-05
11 5 7 11 -8.722535950072356e-05
10 6 4 10 -8.722535950072362e-05
11 6 4 11 -8.722535950072362e-05
10 7 5 10 -8.722535950072362e-05
11 7 5 11 -8.722535950072362e-05
10 6 6 10 0.34032110642894
11 6 6 11 0.34032110642894
10 7 7 10 0.34032110642894
11 7 7 11 0.34032110642894
10 8 2 10 -8.722535950072362e-05
11 8 2 11 -8.722535950072362e-05
10 9 3 10 -8.722535950072362e-05
11 9 3 11 -8.722535950072362e-05
10 8 8 10 0.34032110642894
11 8 8 11 0.34032110642894
10 9 9 10 0.34032110642894
11 9 9 11 0.34032110642894
10 10 0 10 0.000964212221278204
11 10 0 11 0.000964212221278204
10 11 1 10 0.000964212221278204
11 11 1 11 0.000964212221278204
10 10 10 10 0.38148302218161445
11 10 10 11 0.38148302218161445
10 11 11 10 0.38148302218161445
11 11 11 11 0.38148302218161445
