-98.90824166803212
0 0 -2.3856088530764996
1 1 -2.3856088530764996
0 10 0.02208949711156677
1 11 0.02208949711156677
2 2 -2.3563065214531522
3 3 -2.3563065214531522
2 8 -0.0039219144934080265
3 9 -0.0039219144934080265
4 4 -2.3563065214531522
5 5 -2.3563065214531522
4 6 -0.003921914564097217
5 7 -0.003921914564097217
6 4 -0.003921914564097215
7 5 -0.003921914564097215
6 6 -2.356306383845492
7 7 -2.356306383845492
8 2 -0.003921914493408024
9 3 -0.003921914493408024
8 8 -2.356306383844782
9 9 -2.356306383844782
10 0 0.02208949711156679
11 1 0.02208949711156679
10 10 -2.3856089300388645
11 11 -2.3856089300388645
0 0 0 0 0.3819396950610179
1 0 0 1 0.3819396950610179
0 1 1 0 0.3819396950610179
1 1 1 1 0.3819396950610179
0 0 10 0 0.001984240070832105
1 0 10 1 0.001984240070832105
0 1 11 0 0.001984240070832105
1 1 11 1 0.001984240070832105
0 2 2 0 0.34053956050925993
1 2 2 1 0.34053956050925993
0 3 3 0 0.34053956050925993
1 3 3 1 0.34053956050925993
0 2 8 0 -0.0002288603604009113
1 2 8 1 -0.0002288603604009113
0 3 9 0 -0.0002288603604009113
1 3 9 1 -0.0002288603604009113
0 4 4 0 0.34053956050925993
1 4 4 1 0.34053956050925993
0 5 5 0 0.34053956050925993
1 5 5 1 0.34053956050925993
0 4 6 0 -0.00022886035018480536
1 4 6 1 -0.00022886035018480536
0 5 7 0 -0.00022886035018480536
1 5 7 1 -0.00022886035018480536
0 6 4 0 -0.00022886035018480544
1 6 4 1 -0.00022886035018480544
0 7 5 0 -0.00022886035018480544
1 7 5 1 -0.00022886035018480544
0 6 6 0 0.10329433595949462
1 6 6 1 0.10329433595949462
0 7 7 0 0.10329433595949462
1 7 7 1 0.10329433595949462
0 8 2 0 -0.00022886036040091135
1 8 2 1 -0.00022886036040091135
0 9 3 0 -0.00022886036040091135
1 9 3 1 -0.00022886036040091135
0 8 8 0 0.10329433595948752
1 8 8 1 0.10329433595948752
0 9 9 0 0.10329433595948752
1 9 9 1 0.10329433595948752
0 10 0 0 0.0019842400708321058
1 10 0 1 0.0019842400708321058
0 11 1 0 0.0019842400708321058
1 11 1 1 0.0019842400708321058
0 10 10 0 0.10932742508497015
1 10 10 1 0.10932742508497015
0 11 11 0 0.10932742508497015
1 11 11 1 0.10932742508497015
0 0 2 2 0.020592422835938512
1 0 2 3 0.020592422835938512
0 1 3 2 0.020592422835938512
1 1 3 3 0.020592422835938512
0 0 8 2 1.0040221730097398e-05
1 0 8 3 1.0040221730097398e-05
0 1 9 2 1.0040221730097398e-05
1 1 9 3 1.0040221730097398e-05
0 2 0 2 0.020592422835938515
1 2 0 3 0.020592422835938515
0 3 1 2 0.020592422835938515
1 3 1 3 0.020592422835938515
0 2 10 2 0.0002541510824867689
1 2 10 3 0.0002541510824867689
0 3 11 2 0.0002541510824867689
1 3 11 3 0.0002541510824867689
0 8 0 2 1.0040221730097387e-05
1 8 0 3 1.0040221730097387e-05
0 9 1 2 1.0040221730097387e-05
1 9 1 3 1.0040221730097387e-05
0 8 10 2 -0.00032265343619254514
1 8 10 3 -0.00032265343619254514
0 9 11 2 -0.00032265343619254514
1 9 11 3 -0.00032265343619254514
0 10 2 2 0.000254151082486769
1 10 2 3 0.000254151082486769
0 11 3 2 0.000254151082486769
1 11 3 3 0.000254151082486769
0 10 8 2 -0.00032265343619254514
1 10 8 3 -0.00032265343619254514
0 11 9 2 -0.00032265343619254514
1 11 9 3 -0.00032265343619254514
0 0 4 4 0.020592422835938512
1 0 4 5 0.020592422835938512
0 1 5 4 0.020592422835938512
1 1 5 5 0.020592422835938512
0 0 6 4 1.0040222347867591e-05
1 0 6 5 1.0040222347867591e-05
0 1 7 4 1.0040222347867591e-05
1 1 7 5 1.0040222347867591e-05
0 4 0 4 0.020592422835938515
1 4 0 5 0.020592422835938515
0 5 1 4 0.020592422835938515
1 5 1 5 0.020592422835938515
0 4 10 4 0.0002541510824867689
1 4 10 5 0.0002541510824867689
0 5 11 4 0.0002541510824867689
1 5 11 5 0.0002541510824867689
0 6 0 4 1.0040222347867584e-05
1 6 0 5 1.0040222347867584e-05
0 7 1 4 1.0040222347867584e-05
1 7 1 5 1.0040222347867584e-05
0 6 10 4 -0.0003226534361849533
1 6 10 5 -0.0003226534361849533
0 7 11 4 -0.0003226534361849533
1 7 11 5 -0.0003226534361849533
0 10 4 4 0.000254151082486769
1 10 4 5 0.000254151082486769
0 11 5 4 0.000254151082486769
1 11 5 5 0.000254151082486769
0 10 6 4 -0.00032265343618495334
1 10 6 5 -0.00032265343618495334
0 11 7 4 -0.00032265343618495334
1 11 7 5 -0.00032265343618495334
0 0 4 6 1.0040222347867601e-05
1 0 4 7 1.0040222347867601e-05
0 1 5 6 1.0040222347867601e-05
1 1 5 7 1.0040222347867601e-05
0 0 6 6 8.26766296309965e-05
1 0 6 7 8.26766296309965e-05
0 1 7 6 8.26766296309965e-05
1 1 7 7 8.26766296309965e-05
0 4 0 6 1.0040222347867595e-05
1 4 0 7 1.0040222347867595e-05
0 5 1 6 1.0040222347867595e-05
1 5 1 7 1.0040222347867595e-05
0 4 10 6 1.7264369939027285e-06
1 4 10 7 1.7264369939027285e-06
0 5 11 6 1.7264369939027285e-06
1 5 11 7 1.7264369939027285e-06
0 6 0 6 8.26766296309965e-05
1 6 0 7 8.26766296309965e-05
0 7 1 6 8.26766296309965e-05
1 7 1 7 8.26766296309965e-05
0 6 10 6 0.0002541535714956849
1 6 10 7 0.0002541535714956849
0 7 11 6 0.0002541535714956849
1 7 11 7 0.0002541535714956849
0 10 4 6 1.7264369939027297e-06
1 10 4 7 1.7264369939027297e-06
0 11 5 6 1.7264369939027297e-06
1 11 5 7 1.7264369939027297e-06
0 10 6 6 0.0002541535714956849
1 10 6 7 0.0002541535714956849
0 11 7 6 0.0002541535714956849
1 11 7 7 0.0002541535714956849
0 0 2 8 1.0040221730097403e-05
1 0 2 9 1.0040221730097403e-05
0 1 3 8 1.0040221730097403e-05
1 1 3 9 1.0040221730097403e-05
0 0 8 8 8.267662963037741e-05
1 0 8 9 8.267662963037741e-05
0 1 9 8 8.267662963037741e-05
1 1 9 9 8.267662963037741e-05
0 2 0 8 1.0040221730097393e-05
1 2 0 9 1.0040221730097393e-05
0 3 1 8 1.0040221730097393e-05
1 3 1 9 1.0040221730097393e-05
0 2 10 8 1.7264369862780646e-06
1 2 10 9 1.7264369862780646e-06
0 3 11 8 1.7264369862780646e-06
1 3 11 9 1.7264369862780646e-06
0 8 0 8 8.267662963037741e-05
1 8 0 9 8.267662963037741e-05
0 9 1 8 8.267662963037741e-05
1 9 1 9 8.267662963037741e-05
0 8 10 8 0.00025415357150526143
1 8 10 9 0.00025415357150526143
0 9 11 8 0.00025415357150526143
1 9 11 9 0.00025415357150526143
0 10 2 8 1.7264369862780667e-06
1 10 2 9 1.7264369862780667e-06
0 11 3 8 1.7264369862780667e-06
1 11 3 9 1.7264369862780667e-06
0 10 8 8 0.00025415357150526143
1 10 8 9 0.00025415357150526143
0 11 9 8 0.00025415357150526143
1 11 9 9 0.00025415357150526143
0 0 0 10 0.0019842400708321092
1 0 0 11 0.0019842400708321092
0 1 1 10 0.0019842400708321092
1 1 1 11 0.0019842400708321092
0 0 10 10 0.00020811596316348146
1 0 10 11 0.00020811596316348146
0 1 11 10 0.00020811596316348146
1 1 11 11 0.00020811596316348146
0 2 2 10 0.0019276817886581823
1 2 2 11 0.0019276817886581823
0 3 3 10 0.0019276817886581823
1 3 3 11 0.0019276817886581823
0 2 8 10 -1.6698113857389698e-05
1 2 8 11 -1.6698113857389698e-05
0 3 9 10 -1.6698113857389698e-05
1 3 9 11 -1.6698113857389698e-05
0 4 4 10 0.0019276817886581823
1 4 4 11 0.0019276817886581823
0 5 5 10 0.0019276817886581823
1 5 5 11 0.0019276817886581823
0 4 6 10 -1.669811379956124e-05
1 4 6 11 -1.669811379956124e-05
0 5 7 10 -1.669811379956124e-05
1 5 7 11 -1.669811379956124e-05
0 6 4 10 -1.669811379956125e-05
1 6 4 11 -1.669811379956125e-05
0 7 5 10 -1.669811379956125e-05
1 7 5 11 -1.669811379956125e-05
0 6 6 10 0.0019276928229478244
1 6 6 11 0.0019276928229478244
0 7 7 10 0.0019276928229478244
1 7 7 11 0.0019276928229478244
0 8 2 10 -1.66981138573897e-05
1 8 2 11 -1.66981138573897e-05
0 9 3 10 -1.66981138573897e-05
1 9 3 11 -1.66981138573897e-05
0 8 8 10 0.001927692822948435
1 8 8 11 0.001927692822948435
0 9 9 10 0.001927692822948435
1 9 9 11 0.001927692822948435
0 10 0 10 0.00020811596316348146
1 10 0 11 0.00020811596316348146
0 11 1 10 0.00020811596316348146
1 11 1 11 0.00020811596316348146
0 10 10 10 0.0019842532189413434
1 10 10 11 0.0019842532189413434
0 11 11 10 0.0019842532189413434
1 11 11 11 0.0019842532189413434
2 0 2 0 0.020592422835938512
3 0 2 1 0.020592422835938512
2 1 3 0 0.020592422835938512
3 1 3 1 0.020592422835938512
2 0 8 0 1.0040221730097396e-05
3 0 8 1 1.0040221730097396e-05
2 1 9 0 1.0040221730097396e-05
3 1 9 1 1.0040221730097396e-05
2 2 0 0 0.020592422835938515
3 2 0 1 0.020592422835938515
2 3 1 0 0.020592422835938515
3 3 1 1 0.020592422835938515
2 2 10 0 0.00025415108248676887
3 2 10 1 0.00025415108248676887
2 3 11 0 0.00025415108248676887
3 3 11 1 0.00025415108248676887
2 8 0 0 1.0040221730097387e-05
3 8 0 1 1.0040221730097387e-05
2 9 1 0 1.0040221730097387e-05
3 9 1 1 1.0040221730097387e-05
2 8 10 0 -0.0003226534361925451
3 8 10 1 -0.0003226534361925451
2 9 11 0 -0.0003226534361925451
3 9 11 1 -0.0003226534361925451
2 10 2 0 0.0002541510824867689
3 10 2 1 0.0002541510824867689
2 11 3 0 0.0002541510824867689
3 11 3 1 0.0002541510824867689
2 10 8 0 -0.0003226534361925451
3 10 8 1 -0.0003226534361925451
2 11 9 0 -0.0003226534361925451
3 11 9 1 -0.0003226534361925451
2 0 0 2 0.34053956050926
3 0 0 3 0.34053956050926
2 1 1 2 0.34053956050926
3 1 1 3 0.34053956050926
2 0 10 2 0.0019276817886581844
3 0 10 3 0.0019276817886581844
2 1 11 2 0.0019276817886581844
3 1 11 3 0.0019276817886581844
2 2 2 2 0.3814139562015621
3 2 2 3 0.3814139562015621
2 3 3 2 0.3814139562015621
3 3 3 3 0.3814139562015621
2 2 8 2 -0.0003922919591107696
3 2 8 3 -0.0003922919591107696
2 3 9 2 -0.0003922919591107696
3 3 9 3 -0.0003922919591107696
2 4 4 2 0.34029330395711693
3 4 4 3 0.34029330395711693
2 5 5 2 0.34029330395711693
3 5 5 3 0.34029330395711693
2 4 6 2 -0.0003026584992656928
3 4 6 3 -0.0003026584992656928
2 5 7 2 -0.0003026584992656928
3 5 7 3 -0.0003026584992656928
2 6 4 2 -0.00030265849926569284
3 6 4 3 -0.00030265849926569284
2 7 5 2 -0.00030265849926569284
3 7 5 3 -0.00030265849926569284
2 6 6 2 0.09851049758724799
3 6 6 3 0.09851049758724799
2 7 7 2 0.09851049758724799
3 7 7 3 0.09851049758724799
2 8 2 2 -0.00039229195911076966
3 8 2 3 -0.00039229195911076966
2 9 3 2 -0.00039229195911076966
3 9 3 3 -0.00039229195911076966
2 8 8 2 0.09867425314343263
3 8 8 3 0.09867425314343263
2 9 9 2 0.09867425314343263
3 9 9 3 0.09867425314343263
2 10 0 2 0.001927681788658184
3 10 0 3 0.001927681788658184
2 11 1 2 0.001927681788658184
3 11 1 3 0.001927681788658184
2 10 10 2 0.10329437029290671
3 10 10 3 0.10329437029290671
2 11 11 2 0.10329437029290671
3 11 11 3 0.10329437029290671
2 2 4 4 0.02056032587555298
3 2 4 5 0.02056032587555298
2 3 5 4 0.02056032587555298
3 3 5 5 0.02056032587555298
2 2 6 4 -4.4816970870970104e-05
3 2 6 5 -4.4816970870970104e-05
2 3 7 4 -4.4816970870970104e-05
3 3 7 5 -4.4816970870970104e-05
2 4 2 4 0.02056032587555298
3 4 2 5 0.02056032587555298
2 5 3 4 0.02056032587555298
3 5 3 5 0.02056032587555298
2 4 8 4 -4.481697148777185e-05
3 4 8 5 -4.481697148777185e-05
2 5 9 4 -4.481697148777185e-05
3 5 9 5 -4.481697148777185e-05
2 6 2 4 -4.4816970870970104e-05
3 6 2 5 -4.4816970870970104e-05
2 7 3 4 -4.4816970870970104e-05
3 7 3 5 -4.4816970870970104e-05
2 6 8 4 8.187753142225892e-05
3 6 8 5 8.187753142225892e-05
2 7 9 4 8.187753142225892e-05
3 7 9 5 8.187753142225892e-05
2 8 4 4 -4.4816971487771867e-05
3 8 4 5 -4.4816971487771867e-05
2 9 5 4 -4.4816971487771867e-05
3 9 5 5 -4.4816971487771867e-05
2 8 6 4 8.187753142225892e-05
3 8 6 5 8.187753142225892e-05
2 9 7 4 8.187753142225892e-05
3 9 7 5 8.187753142225892e-05
2 2 4 6 -4.4816970870970104e-05
3 2 4 7 -4.4816970870970104e-05
2 3 5 6 -4.4816970870970104e-05
3 3 5 7 -4.4816970870970104e-05
2 2 6 6 7.148560579462493e-07
3 2 6 7 7.148560579462493e-07
2 3 7 6 7.148560579462493e-07
3 3 7 7 7.148560579462493e-07
2 4 2 6 -4.4816970870970104e-05
3 4 2 7 -4.4816970870970104e-05
2 5 3 6 -4.4816970870970104e-05
3 5 3 7 -4.4816970870970104e-05
2 4 8 6 7.148560592906786e-07
3 4 8 7 7.148560592906786e-07
2 5 9 6 7.148560592906786e-07
3 5 9 7 7.148560592906786e-07
2 6 2 6 7.148560579462492e-07
3 6 2 7 7.148560579462492e-07
2 7 3 6 7.148560579462492e-07
3 7 3 7 7.148560579462492e-07
2 6 8 6 -4.481697148530314e-05
3 6 8 7 -4.481697148530314e-05
2 7 9 6 -4.481697148530314e-05
3 7 9 7 -4.481697148530314e-05
2 8 4 6 7.148560592906787e-07
3 8 4 7 7.148560592906787e-07
2 9 5 6 7.148560592906787e-07
3 9 5 7 7.148560592906787e-07
2 8 6 6 -4.481697148530314e-05
3 8 6 7 -4.481697148530314e-05
2 9 7 6 -4.481697148530314e-05
3 9 7 7 -4.481697148530314e-05
2 0 0 8 -0.0002288603604009117
3 0 0 9 -0.0002288603604009117
2 1 1 8 -0.0002288603604009117
3 1 1 9 -0.0002288603604009117
2 0 10 8 -1.669811385738969e-05
3 0 10 9 -1.669811385738969e-05
2 1 11 8 -1.669811385738969e-05
3 1 11 9 -1.669811385738969e-05
2 2 2 8 -0.0003922919591107695
3 2 2 9 -0.0003922919591107695
2 3 3 8 -0.0003922919591107695
3 3 3 9 -0.0003922919591107695
2 2 8 8 5.474035716582646e-06
3 2 8 9 5.474035716582646e-06
2 3 9 8 5.474035716582646e-06
3 3 9 9 5.474035716582646e-06
2 4 4 8 -0.00030265850947440345
3 4 4 9 -0.00030265850947440345
2 5 5 8 -0.00030265850947440345
3 5 5 9 -0.00030265850947440345
2 4 6 8 4.043830247055406e-06
3 4 6 9 4.043830247055406e-06
2 5 7 8 4.043830247055406e-06
3 5 7 9 4.043830247055406e-06
2 6 4 8 4.043830247055407e-06
3 6 4 9 4.043830247055407e-06
2 7 5 8 4.043830247055407e-06
3 7 5 9 4.043830247055407e-06
2 6 6 8 -0.00030265850947422206
3 6 6 9 -0.00030265850947422206
2 7 7 8 -0.00030265850947422206
3 7 7 9 -0.00030265850947422206
2 8 2 8 5.474035716582646e-06
3 8 2 9 5.474035716582646e-06
2 9 3 8 5.474035716582646e-06
3 9 3 9 5.474035716582646e-06
2 8 8 8 -0.00039229195911076955
3 8 8 9 -0.00039229195911076955
2 9 9 8 -0.00039229195911076955
3 9 9 9 -0.00039229195911076955
2 10 0 8 -1.66981138573897e-05
3 10 0 9 -1.66981138573897e-05
2 11 1 8 -1.66981138573897e-05
3 11 1 9 -1.66981138573897e-05
2 10 10 8 -0.00022885995092273832
3 10 10 9 -0.00022885995092273832
2 11 11 8 -0.00022885995092273832
3 11 11 9 -0.00022885995092273832
2 0 2 10 0.0002541510824867688
3 0 2 11 0.0002541510824867688
2 1 3 10 0.0002541510824867688
3 1 3 11 0.0002541510824867688
2 0 8 10 1.7264369862780665e-06
3 0 8 11 1.7264369862780665e-06
2 1 9 10 1.7264369862780665e-06
3 1 9 11 1.7264369862780665e-06
2 2 0 10 0.00025415108248676887
3 2 0 11 0.00025415108248676887
2 3 1 10 0.00025415108248676887
3 3 1 11 0.00025415108248676887
2 2 10 10 8.267738874018575e-05
3 2 10 11 8.267738874018575e-05
2 3 11 10 8.267738874018575e-05
3 3 11 11 8.267738874018575e-05
2 8 0 10 1.7264369862780665e-06
3 8 0 11 1.7264369862780665e-06
2 9 1 10 1.7264369862780665e-06
3 9 1 11 1.7264369862780665e-06
2 8 10 10 1.0040328884294695e-05
3 8 10 11 1.0040328884294695e-05
2 9 11 10 1.0040328884294695e-05
3 9 11 11 1.0040328884294695e-05
2 10 2 10 8.267738874018576e-05
3 10 2 11 8.267738874018576e-05
2 11 3 10 8.267738874018576e-05
3 11 3 11 8.267738874018576e-05
2 10 8 10 1.0040328884294709e-05
3 10 8 11 1.0040328884294709e-05
2 11 9 10 1.0040328884294709e-05
3 11 9 11 1.0040328884294709e-05
4 0 4 0 0.020592422835938512
5 0 4 1 0.020592422835938512
4 1 5 0 0.020592422835938512
5 1 5 1 0.020592422835938512
4 0 6 0 1.0040222347867591e-05
5 0 6 1 1.0040222347867591e-05
4 1 7 0 1.0040222347867591e-05
5 1 7 1 1.0040222347867591e-05
4 4 0 0 0.020592422835938515
5 4 0 1 0.020592422835938515
4 5 1 0 0.020592422835938515
5 5 1 1 0.020592422835938515
4 4 10 0 0.00025415108248676887
5 4 10 1 0.00025415108248676887
4 5 11 0 0.00025415108248676887
5 5 11 1 0.00025415108248676887
4 6 0 0 1.0040222347867583e-05
5 6 0 1 1.0040222347867583e-05
4 7 1 0 1.0040222347867583e-05
5 7 1 1 1.0040222347867583e-05
4 6 10 0 -0.0003226534361849532
5 6 10 1 -0.0003226534361849532
4 7 11 0 -0.0003226534361849532
5 7 11 1 -0.0003226534361849532
4 10 4 0 0.0002541510824867689
5 10 4 1 0.0002541510824867689
4 11 5 0 0.0002541510824867689
5 11 5 1 0.0002541510824867689
4 10 6 0 -0.00032265343618495323
5 10 6 1 -0.00032265343618495323
4 11 7 0 -0.00032265343618495323
5 11 7 1 -0.00032265343618495323
4 2 4 2 0.02056032587555298
5 2 4 3 0.02056032587555298
4 3 5 2 0.02056032587555298
5 3 5 3 0.02056032587555298
4 2 6 2 -4.4816970870970104e-05
5 2 6 3 -4.4816970870970104e-05
4 3 7 2 -4.4816970870970104e-05
5 3 7 3 -4.4816970870970104e-05
4 4 2 2 0.02056032587555298
5 4 2 3 0.02056032587555298
4 5 3 2 0.02056032587555298
5 5 3 3 0.02056032587555298
4 4 8 2 -4.481697148777185e-05
5 4 8 3 -4.481697148777185e-05
4 5 9 2 -4.481697148777185e-05
5 5 9 3 -4.481697148777185e-05
4 6 2 2 -4.4816970870970104e-05
5 6 2 3 -4.4816970870970104e-05
4 7 3 2 -4.4816970870970104e-05
5 7 3 3 -4.4816970870970104e-05
4 6 8 2 8.187753142225892e-05
5 6 8 3 8.187753142225892e-05
4 7 9 2 8.187753142225892e-05
5 7 9 3 8.187753142225892e-05
4 8 4 2 -4.4816971487771867e-05
5 8 4 3 -4.4816971487771867e-05
4 9 5 2 -4.4816971487771867e-05
5 9 5 3 -4.4816971487771867e-05
4 8 6 2 8.187753142225892e-05
5 8 6 3 8.187753142225892e-05
4 9 7 2 8.187753142225892e-05
5 9 7 3 8.187753142225892e-05
4 0 0 4 0.34053956050926
5 0 0 5 0.34053956050926
4 1 1 4 0.34053956050926
5 1 1 5 0.34053956050926
4 0 10 4 0.0019276817886581844
5 0 10 5 0.0019276817886581844
4 1 11 4 0.0019276817886581844
5 1 11 5 0.0019276817886581844
4 2 2 4 0.34029330395711693
5 2 2 5 0.34029330395711693
4 3 3 4 0.34029330395711693
5 3 3 5 0.34029330395711693
4 2 8 4 -0.00030265850947440367
5 2 8 5 -0.00030265850947440367
4 3 9 4 -0.00030265850947440367
5 3 9 5 -0.00030265850947440367
4 4 4 4 0.3814139562015621
5 4 4 5 0.3814139562015621
4 5 5 4 0.3814139562015621
5 5 5 5 0.3814139562015621
4 4 6 4 -0.0003922919476684553
5 4 6 5 -0.0003922919476684553
4 5 7 4 -0.0003922919476684553
5 5 7 5 -0.0003922919476684553
4 6 4 4 -0.00039229194766845533
5 6 4 5 -0.00039229194766845533
4 7 5 4 -0.00039229194766845533
5 7 5 5 -0.00039229194766845533
4 6 6 4 0.09867425314342901
5 6 6 5 0.09867425314342901
4 7 7 4 0.09867425314342901
5 7 7 5 0.09867425314342901
4 8 2 4 -0.00030265850947440367
5 8 2 5 -0.00030265850947440367
4 9 3 4 -0.00030265850947440367
5 9 3 5 -0.00030265850947440367
4 8 8 4 0.09851049758724625
5 8 8 5 0.09851049758724625
4 9 9 4 0.09851049758724625
5 9 9 5 0.09851049758724625
4 10 0 4 0.001927681788658184
5 10 0 5 0.001927681788658184
4 11 1 4 0.001927681788658184
5 11 1 5 0.001927681788658184
4 10 10 4 0.10329437029290671
5 10 10 5 0.10329437029290671
4 11 11 4 0.10329437029290671
5 11 11 5 0.10329437029290671
4 0 0 6 -0.00022886035018480585
5 0 0 7 -0.00022886035018480585
4 1 1 6 -0.00022886035018480585
5 1 1 7 -0.00022886035018480585
4 0 10 6 -1.669811379956125e-05
5 0 10 7 -1.669811379956125e-05
4 1 11 6 -1.669811379956125e-05
5 1 11 7 -1.669811379956125e-05
4 2 2 6 -0.0003026584992656928
5 2 2 7 -0.0003026584992656928
4 3 3 6 -0.0003026584992656928
5 3 3 7 -0.0003026584992656928
4 2 8 6 4.043830247055407e-06
5 2 8 7 4.043830247055407e-06
4 3 9 6 4.043830247055407e-06
5 3 9 7 4.043830247055407e-06
4 4 4 6 -0.0003922919476684554
5 4 4 7 -0.0003922919476684554
4 5 5 6 -0.0003922919476684554
5 5 5 7 -0.0003922919476684554
4 4 6 6 5.474035693046365e-06
5 4 6 7 5.474035693046365e-06
4 5 7 6 5.474035693046365e-06
5 5 7 7 5.474035693046365e-06
4 6 4 6 5.474035693046367e-06
5 6 4 7 5.474035693046367e-06
4 7 5 6 5.474035693046367e-06
5 7 5 7 5.474035693046367e-06
4 6 6 6 -0.00039229195615034923
5 6 6 7 -0.00039229195615034923
4 7 7 6 -0.00039229195615034923
5 7 7 7 -0.00039229195615034923
4 8 2 6 4.043830247055407e-06
5 8 2 7 4.043830247055407e-06
4 9 3 6 4.043830247055407e-06
5 9 3 7 4.043830247055407e-06
4 8 8 6 -0.0003026585065191359
5 8 8 7 -0.0003026585065191359
4 9 9 6 -0.0003026585065191359
5 9 9 7 -0.0003026585065191359
4 10 0 6 -1.669811379956126e-05
5 10 0 7 -1.669811379956126e-05
4 11 1 6 -1.669811379956126e-05
5 11 1 7 -1.669811379956126e-05
4 10 10 6 -0.0002288599478239479
5 10 10 7 -0.0002288599478239479
4 11 11 6 -0.0002288599478239479
5 11 11 7 -0.0002288599478239479
4 2 4 8 -4.481697148777186e-05
5 2 4 9 -4.481697148777186e-05
4 3 5 8 -4.481697148777186e-05
5 3 5 9 -4.481697148777186e-05
4 2 6 8 7.148560592906787e-07
5 2 6 9 7.148560592906787e-07
4 3 7 8 7.148560592906787e-07
5 3 7 9 7.148560592906787e-07
4 4 2 8 -4.481697148777186e-05
5 4 2 9 -4.481697148777186e-05
4 5 3 8 -4.481697148777186e-05
5 5 3 9 -4.481697148777186e-05
4 4 8 8 7.148560606351079e-07
5 4 8 9 7.148560606351079e-07
4 5 9 8 7.148560606351079e-07
5 5 9 9 7.148560606351079e-07
4 6 2 8 7.148560592906786e-07
5 6 2 9 7.148560592906786e-07
4 7 3 8 7.148560592906786e-07
5 7 3 9 7.148560592906786e-07
4 6 8 8 -4.481697148775493e-05
5 6 8 9 -4.481697148775493e-05
4 7 9 8 -4.481697148775493e-05
5 7 9 9 -4.481697148775493e-05
4 8 4 8 7.148560606351079e-07
5 8 4 9 7.148560606351079e-07
4 9 5 8 7.148560606351079e-07
5 9 5 9 7.148560606351079e-07
4 8 6 8 -4.481697148775493e-05
5 8 6 9 -4.481697148775493e-05
4 9 7 8 -4.481697148775493e-05
5 9 7 9 -4.481697148775493e-05
4 0 4 10 0.0002541510824867688
5 0 4 11 0.0002541510824867688
4 1 5 10 0.0002541510824867688
5 1 5 11 0.0002541510824867688
4 0 6 10 1.726436993902728e-06
5 0 6 11 1.726436993902728e-06
4 1 7 10 1.726436993902728e-06
5 1 7 11 1.726436993902728e-06
4 4 0 10 0.00025415108248676887
5 4 0 11 0.00025415108248676887
4 5 1 10 0.00025415108248676887
5 5 1 11 0.00025415108248676887
4 4 10 10 8.267738874018575e-05
5 4 10 11 8.267738874018575e-05
4 5 11 10 8.267738874018575e-05
5 5 11 11 8.267738874018575e-05
4 6 0 10 1.7264369939027295e-06
5 6 0 11 1.7264369939027295e-06
4 7 1 10 1.7264369939027295e-06
5 7 1 11 1.7264369939027295e-06
4 6 10 10 1.0040328886776027e-05
5 6 10 11 1.0040328886776027e-05
4 7 11 10 1.0040328886776027e-05
5 7 11 11 1.0040328886776027e-05
4 10 4 10 8.267738874018576e-05
5 10 4 11 8.267738874018576e-05
4 11 5 10 8.267738874018576e-05
5 11 5 11 8.267738874018576e-05
4 10 6 10 1.004032888677604e-05
5 10 6 11 1.004032888677604e-05
4 11 7 10 1.004032888677604e-05
5 11 7 11 1.004032888677604e-05
6 0 4 0 1.0040222347867567e-05
7 0 4 1 1.0040222347867567e-05
6 1 5 0 1.0040222347867567e-05
7 1 5 1 1.0040222347867567e-05
6 0 6 0 8.26766296309965e-05
7 0 6 1 8.26766296309965e-05
6 1 7 0 8.26766296309965e-05
7 1 7 1 8.26766296309965e-05
6 4 0 0 1.0040222347867595e-05
7 4 0 1 1.0040222347867595e-05
6 5 1 0 1.0040222347867595e-05
7 5 1 1 1.0040222347867595e-05
6 4 10 0 1.7264369939027278e-06
7 4 10 1 1.7264369939027278e-06
6 5 11 0 1.7264369939027278e-06
7 5 11 1 1.7264369939027278e-06
6 6 0 0 8.26766296309965e-05
7 6 0 1 8.26766296309965e-05
6 7 1 0 8.26766296309965e-05
7 7 1 1 8.26766296309965e-05
6 6 10 0 0.00025415357149568494
7 6 10 1 0.00025415357149568494
6 7 11 0 0.00025415357149568494
7 7 11 1 0.00025415357149568494
6 10 4 0 1.726436993902729e-06
7 10 4 1 1.726436993902729e-06
6 11 5 0 1.726436993902729e-06
7 11 5 1 1.726436993902729e-06
6 10 6 0 0.00025415357149568494
7 10 6 1 0.00025415357149568494
6 11 7 0 0.00025415357149568494
7 11 7 1 0.00025415357149568494
6 2 4 2 -4.48169708709701e-05
7 2 4 3 -4.48169708709701e-05
6 3 5 2 -4.48169708709701e-05
7 3 5 3 -4.48169708709701e-05
6 2 6 2 7.148560579462493e-07
7 2 6 3 7.148560579462493e-07
6 3 7 2 7.148560579462493e-07
7 3 7 3 7.148560579462493e-07
6 4 2 2 -4.48169708709701e-05
7 4 2 3 -4.48169708709701e-05
6 5 3 2 -4.48169708709701e-05
7 5 3 3 -4.48169708709701e-05
6 4 8 2 7.148560592906785e-07
7 4 8 3 7.148560592906785e-07
6 5 9 2 7.148560592906785e-07
7 5 9 3 7.148560592906785e-07
6 6 2 2 7.148560579462492e-07
7 6 2 3 7.148560579462492e-07
6 7 3 2 7.148560579462492e-07
7 7 3 3 7.148560579462492e-07
6 6 8 2 -4.481697148530315e-05
7 6 8 3 -4.481697148530315e-05
6 7 9 2 -4.481697148530315e-05
7 7 9 3 -4.481697148530315e-05
6 8 4 2 7.148560592906785e-07
7 8 4 3 7.148560592906785e-07
6 9 5 2 7.148560592906785e-07
7 9 5 3 7.148560592906785e-07
6 8 6 2 -4.481697148530315e-05
7 8 6 3 -4.481697148530315e-05
6 9 7 2 -4.481697148530315e-05
7 9 7 3 -4.481697148530315e-05
6 0 0 4 -0.00022886035018480596
7 0 0 5 -0.00022886035018480596
6 1 1 4 -0.00022886035018480596
7 1 1 5 -0.00022886035018480596
6 0 10 4 -1.669811379956125e-05
7 0 10 5 -1.669811379956125e-05
6 1 11 4 -1.669811379956125e-05
7 1 11 5 -1.669811379956125e-05
6 2 2 4 -0.00030265849926569273
7 2 2 5 -0.00030265849926569273
6 3 3 4 -0.00030265849926569273
7 3 3 5 -0.00030265849926569273
6 2 8 4 4.043830247055407e-06
7 2 8 5 4.043830247055407e-06
6 3 9 4 4.043830247055407e-06
7 3 9 5 4.043830247055407e-06
6 4 4 4 -0.00039229194766845544
7 4 4 5 -0.00039229194766845544
6 5 5 4 -0.00039229194766845544
7 5 5 5 -0.00039229194766845544
6 4 6 4 5.474035693046366e-06
7 4 6 5 5.474035693046366e-06
6 5 7 4 5.474035693046366e-06
7 5 7 5 5.474035693046366e-06
6 6 4 4 5.474035693046367e-06
7 6 4 5 5.474035693046367e-06
6 7 5 4 5.474035693046367e-06
7 7 5 5 5.474035693046367e-06
6 6 6 4 -0.00039229195615034907
7 6 6 5 -0.00039229195615034907
6 7 7 4 -0.00039229195615034907
7 7 7 5 -0.00039229195615034907
6 8 2 4 4.043830247055407e-06
7 8 2 5 4.043830247055407e-06
6 9 3 4 4.043830247055407e-06
7 9 3 5 4.043830247055407e-06
6 8 8 4 -0.0003026585065191358
7 8 8 5 -0.0003026585065191358
6 9 9 4 -0.0003026585065191358
7 9 9 5 -0.0003026585065191358
6 10 0 4 -1.669811379956126e-05
7 10 0 5 -1.669811379956126e-05
6 11 1 4 -1.669811379956126e-05
7 11 1 5 -1.669811379956126e-05
6 10 10 4 -0.00022885994782394779
7 10 10 5 -0.00022885994782394779
6 11 11 4 -0.00022885994782394779
7 11 11 5 -0.00022885994782394779
6 0 0 6 0.10329433595949468
7 0 0 7 0.10329433595949468
6 1 1 6 0.10329433595949468
7 1 1 7 0.10329433595949468
6 0 10 6 0.0019276928229478233
7 0 10 7 0.0019276928229478233
6 1 11 6 0.0019276928229478233
7 1 11 7 0.0019276928229478233
6 2 2 6 0.09851049758724799
7 2 2 7 0.09851049758724799
6 3 3 6 0.09851049758724799
7 3 3 7 0.09851049758724799
6 2 8 6 -0.0003026585094742221
7 2 8 7 -0.0003026585094742221
6 3 9 6 -0.0003026585094742221
7 3 9 7 -0.0003026585094742221
6 4 4 6 0.09867425314342901
7 4 4 7 0.09867425314342901
6 5 5 6 0.09867425314342901
7 5 5 7 0.09867425314342901
6 4 6 6 -0.0003922919561503491
7 4 6 7 -0.0003922919561503491
6 5 7 6 -0.0003922919561503491
7 5 7 7 -0.0003922919561503491
6 6 4 6 -0.0003922919561503491
7 6 4 7 -0.0003922919561503491
6 7 5 6 -0.0003922919561503491
7 7 5 7 -0.0003922919561503491
6 6 6 6 0.381413956201669
7 6 6 7 0.381413956201669
6 7 7 6 0.381413956201669
7 7 7 7 0.381413956201669
6 8 2 6 -0.0003026585094742221
7 8 2 7 -0.0003026585094742221
6 9 3 6 -0.0003026585094742221
7 9 3 7 -0.0003026585094742221
6 8 8 6 0.3402933039571675
7 8 8 7 0.3402933039571675
6 9 9 6 0.3402933039571675
7 9 9 7 0.3402933039571675
6 10 0 6 0.0019276928229478238
7 10 0 7 0.0019276928229478238
6 11 1 6 0.0019276928229478238
7 11 1 7 0.0019276928229478238
6 10 10 6 0.3405395632190362
7 10 10 7 0.3405395632190362
6 11 11 6 0.3405395632190362
7 11 11 7 0.3405395632190362
6 2 4 8 8.187753142225892e-05
7 2 4 9 8.187753142225892e-05
6 3 5 8 8.187753142225892e-05
7 3 5 9 8.187753142225892e-05
6 2 6 8 -4.481697148530315e-05
7 2 6 9 -4.481697148530315e-05
6 3 7 8 -4.481697148530315e-05
7 3 7 9 -4.481697148530315e-05
6 4 2 8 8.187753142225892e-05
7 4 2 9 8.187753142225892e-05
6 5 3 8 8.187753142225892e-05
7 5 3 9 8.187753142225892e-05
6 4 8 8 -4.4816971487754946e-05
7 4 8 9 -4.4816971487754946e-05
6 5 9 8 -4.4816971487754946e-05
7 5 9 9 -4.4816971487754946e-05
6 6 2 8 -4.481697148530314e-05
7 6 2 9 -4.481697148530314e-05
6 7 3 8 -4.481697148530314e-05
7 7 3 9 -4.481697148530314e-05
6 6 8 8 0.02056032587555444
7 6 8 9 0.02056032587555444
6 7 9 8 0.02056032587555444
7 7 9 9 0.02056032587555444
6 8 4 8 -4.481697148775493e-05
7 8 4 9 -4.481697148775493e-05
6 9 5 8 -4.481697148775493e-05
7 9 5 9 -4.481697148775493e-05
6 8 6 8 0.02056032587555444
7 8 6 9 0.02056032587555444
6 9 7 8 0.02056032587555444
7 9 7 9 0.02056032587555444
6 0 4 10 -0.00032265343618495323
7 0 4 11 -0.00032265343618495323
6 1 5 10 -0.00032265343618495323
7 1 5 11 -0.00032265343618495323
6 0 6 10 0.0002541535714956849
7 0 6 11 0.0002541535714956849
6 1 7 10 0.0002541535714956849
7 1 7 11 0.0002541535714956849
6 4 0 10 -0.0003226534361849532
7 4 0 11 -0.0003226534361849532
6 5 1 10 -0.0003226534361849532
7 5 1 11 -0.0003226534361849532
6 4 10 10 1.0040328886776027e-05
7 4 10 11 1.0040328886776027e-05
6 5 11 10 1.0040328886776027e-05
7 5 11 11 1.0040328886776027e-05
6 6 0 10 0.00025415357149568494
7 6 0 11 0.00025415357149568494
6 7 1 10 0.00025415357149568494
7 7 1 11 0.00025415357149568494
6 6 10 10 0.02059242355259557
7 6 10 11 0.02059242355259557
6 7 11 10 0.02059242355259557
7 7 11 11 0.02059242355259557
6 10 4 10 1.0040328886776048e-05
7 10 4 11 1.0040328886776048e-05
6 11 5 10 1.0040328886776048e-05
7 11 5 11 1.0040328886776048e-05
6 10 6 10 0.02059242355259557
7 10 6 11 0.02059242355259557
6 11 7 10 0.02059242355259557
7 11 7 11 0.02059242355259557
8 0 2 0 1.0040221730097382e-05
9 0 2 1 1.0040221730097382e-05
8 1 3 0 1.0040221730097382e-05
9 1 3 1 1.0040221730097382e-05
8 0 8 0 8.26766296303774e-05
9 0 8 1 8.26766296303774e-05
8 1 9 0 8.26766296303774e-05
9 1 9 1 8.26766296303774e-05
8 2 0 0 1.0040221730097396e-05
9 2 0 1 1.0040221730097396e-05
8 3 1 0 1.0040221730097396e-05
9 3 1 1 1.0040221730097396e-05
8 2 10 0 1.7264369862780642e-06
9 2 10 1 1.7264369862780642e-06
8 3 11 0 1.7264369862780642e-06
9 3 11 1 1.7264369862780642e-06
8 8 0 0 8.26766296303774e-05
9 8 0 1 8.26766296303774e-05
8 9 1 0 8.26766296303774e-05
9 9 1 1 8.26766296303774e-05
8 8 10 0 0.00025415357150526143
9 8 10 1 0.00025415357150526143
8 9 11 0 0.00025415357150526143
9 9 11 1 0.00025415357150526143
8 10 2 0 1.7264369862780655e-06
9 10 2 1 1.7264369862780655e-06
8 11 3 0 1.7264369862780655e-06
9 11 3 1 1.7264369862780655e-06
8 10 8 0 0.00025415357150526143
9 10 8 1 0.00025415357150526143
8 11 9 0 0.00025415357150526143
9 11 9 1 0.00025415357150526143
8 0 0 2 -0.0002288603604009117
9 0 0 3 -0.0002288603604009117
8 1 1 2 -0.0002288603604009117
9 1 1 3 -0.0002288603604009117
8 0 10 2 -1.669811385738969e-05
9 0 10 3 -1.669811385738969e-05
8 1 11 2 -1.669811385738969e-05
9 1 11 3 -1.669811385738969e-05
8 2 2 2 -0.00039229195911076955
9 2 2 3 -0.00039229195911076955
8 3 3 2 -0.00039229195911076955
9 3 3 3 -0.00039229195911076955
8 2 8 2 5.474035716582646e-06
9 2 8 3 5.474035716582646e-06
8 3 9 2 5.474035716582646e-06
9 3 9 3 5.474035716582646e-06
8 4 4 2 -0.00030265850947440334
9 4 4 3 -0.00030265850947440334
8 5 5 2 -0.00030265850947440334
9 5 5 3 -0.00030265850947440334
8 4 6 2 4.043830247055406e-06
9 4 6 3 4.043830247055406e-06
8 5 7 2 4.043830247055406e-06
9 5 7 3 4.043830247055406e-06
8 6 4 2 4.043830247055407e-06
9 6 4 3 4.043830247055407e-06
8 7 5 2 4.043830247055407e-06
9 7 5 3 4.043830247055407e-06
8 6 6 2 -0.00030265850947422217
9 6 6 3 -0.00030265850947422217
8 7 7 2 -0.00030265850947422217
9 7 7 3 -0.00030265850947422217
8 8 2 2 5.474035716582646e-06
9 8 2 3 5.474035716582646e-06
8 9 3 2 5.474035716582646e-06
9 9 3 3 5.474035716582646e-06
8 8 8 2 -0.0003922919591107695
9 8 8 3 -0.0003922919591107695
8 9 9 2 -0.0003922919591107695
9 9 9 3 -0.0003922919591107695
8 10 0 2 -1.6698113857389698e-05
9 10 0 3 -1.6698113857389698e-05
8 11 1 2 -1.6698113857389698e-05
9 11 1 3 -1.6698113857389698e-05
8 10 10 2 -0.00022885995092273827
9 10 10 3 -0.00022885995092273827
8 11 11 2 -0.00022885995092273827
9 11 11 3 -0.00022885995092273827
8 2 4 4 -4.481697148777186e-05
9 2 4 5 -4.481697148777186e-05
8 3 5 4 -4.481697148777186e-05
9 3 5 5 -4.481697148777186e-05
8 2 6 4 7.148560592906786e-07
9 2 6 5 7.148560592906786e-07
8 3 7 4 7.148560592906786e-07
9 3 7 5 7.148560592906786e-07
8 4 2 4 -4.481697148777186e-05
9 4 2 5 -4.481697148777186e-05
8 5 3 4 -4.481697148777186e-05
9 5 3 5 -4.481697148777186e-05
8 4 8 4 7.148560606351079e-07
9 4 8 5 7.148560606351079e-07
8 5 9 4 7.148560606351079e-07
9 5 9 5 7.148560606351079e-07
8 6 2 4 7.148560592906785e-07
9 6 2 5 7.148560592906785e-07
8 7 3 4 7.148560592906785e-07
9 7 3 5 7.148560592906785e-07
8 6 8 4 -4.481697148775494e-05
9 6 8 5 -4.481697148775494e-05
8 7 9 4 -4.481697148775494e-05
9 7 9 5 -4.481697148775494e-05
8 8 4 4 7.148560606351079e-07
9 8 4 5 7.148560606351079e-07
8 9 5 4 7.148560606351079e-07
9 9 5 5 7.148560606351079e-07
8 8 6 4 -4.481697148775494e-05
9 8 6 5 -4.481697148775494e-05
8 9 7 4 -4.481697148775494e-05
9 9 7 5 -4.481697148775494e-05
8 2 4 6 8.187753142225893e-05
9 2 4 7 8.187753142225893e-05
8 3 5 6 8.187753142225893e-05
9 3 5 7 8.187753142225893e-05
8 2 6 6 -4.4816971485303145e-05
9 2 6 7 -4.4816971485303145e-05
8 3 7 6 -4.4816971485303145e-05
9 3 7 7 -4.4816971485303145e-05
8 4 2 6 8.187753142225893e-05
9 4 2 7 8.187753142225893e-05
8 5 3 6 8.187753142225893e-05
9 5 3 7 8.187753142225893e-05
8 4 8 6 -4.4816971487754946e-05
9 4 8 7 -4.4816971487754946e-05
8 5 9 6 -4.4816971487754946e-05
9 5 9 7 -4.4816971487754946e-05
8 6 2 6 -4.481697148530313e-05
9 6 2 7 -4.481697148530313e-05
8 7 3 6 -4.481697148530313e-05
9 7 3 7 -4.481697148530313e-05
8 6 8 6 0.020560325875554442
9 6 8 7 0.020560325875554442
8 7 9 6 0.020560325875554442
9 7 9 7 0.020560325875554442
8 8 4 6 -4.481697148775493e-05
9 8 4 7 -4.481697148775493e-05
8 9 5 6 -4.481697148775493e-05
9 9 5 7 -4.481697148775493e-05
8 8 6 6 0.020560325875554442
9 8 6 7 0.020560325875554442
8 9 7 6 0.020560325875554442
9 9 7 7 0.020560325875554442
8 0 0 8 0.10329433595948757
9 0 0 9 0.10329433595948757
8 1 1 8 0.10329433595948757
9 1 1 9 0.10329433595948757
8 0 10 8 0.0019276928229484361
9 0 10 9 0.0019276928229484361
8 1 11 8 0.0019276928229484361
9 1 11 9 0.0019276928229484361
8 2 2 8 0.09867425314343263
9 2 2 9 0.09867425314343263
8 3 3 8 0.09867425314343263
9 3 3 9 0.09867425314343263
8 2 8 8 -0.00039229195911076966
9 2 8 9 -0.00039229195911076966
8 3 9 8 -0.00039229195911076966
9 3 9 9 -0.00039229195911076966
8 4 4 8 0.09851049758724625
9 4 4 9 0.09851049758724625
8 5 5 8 0.09851049758724625
9 5 5 9 0.09851049758724625
8 4 6 8 -0.0003026585065191359
9 4 6 9 -0.0003026585065191359
8 5 7 8 -0.0003026585065191359
9 5 7 9 -0.0003026585065191359
8 6 4 8 -0.00030265850651913596
9 6 4 9 -0.00030265850651913596
8 7 5 8 -0.00030265850651913596
9 7 5 9 -0.00030265850651913596
8 6 6 8 0.34029330395716745
9 6 6 9 0.34029330395716745
8 7 7 8 0.34029330395716745
9 7 7 9 0.34029330395716745
8 8 2 8 -0.0003922919591107696
9 8 2 9 -0.0003922919591107696
8 9 3 8 -0.0003922919591107696
9 9 3 9 -0.0003922919591107696
8 8 8 8 0.3814139562015621
9 8 8 9 0.3814139562015621
8 9 9 8 0.3814139562015621
9 9 9 9 0.3814139562015621
8 10 0 8 0.0019276928229484366
9 10 0 9 0.0019276928229484366
8 11 1 8 0.0019276928229484366
9 11 1 9 0.0019276928229484366
8 10 10 8 0.3405395632189812
9 10 10 9 0.3405395632189812
8 11 11 8 0.3405395632189812
9 11 11 9 0.3405395632189812
8 0 2 10 -0.00032265343619254514
9 0 2 11 -0.00032265343619254514
8 1 3 10 -0.00032265343619254514
9 1 3 11 -0.00032265343619254514
8 0 8 10 0.00025415357150526154
9 0 8 11 0.00025415357150526154
8 1 9 10 0.00025415357150526154
9 1 9 11 0.00025415357150526154
8 2 0 10 -0.0003226534361925451
9 2 0 11 -0.0003226534361925451
8 3 1 10 -0.0003226534361925451
9 3 1 11 -0.0003226534361925451
8 2 10 10 1.0040328884294707e-05
9 2 10 11 1.0040328884294707e-05
8 3 11 10 1.0040328884294707e-05
9 3 11 11 1.0040328884294707e-05
8 8 0 10 0.00025415357150526143
9 8 0 11 0.00025415357150526143
8 9 1 10 0.00025415357150526143
9 9 1 11 0.00025415357150526143
8 8 10 10 0.02059242355259081
9 8 10 11 0.02059242355259081
8 9 11 10 0.02059242355259081
9 9 11 11 0.02059242355259081
8 10 2 10 1.0040328884294727e-05
9 10 2 11 1.0040328884294727e-05
8 11 3 10 1.0040328884294727e-05
9 11 3 11 1.0040328884294727e-05
8 10 8 10 0.02059242355259081
9 10 8 11 0.02059242355259081
8 11 9 10 0.02059242355259081
9 11 9 11 0.02059242355259081
10 0 0 0 0.0019842400708321084
11 0 0 1 0.0019842400708321084
10 1 1 0 0.0019842400708321084
11 1 1 1 0.0019842400708321084
10 0 10 0 0.00020811596316348143
11 0 10 1 0.00020811596316348143
10 1 11 0 0.00020811596316348143
11 1 11 1 0.00020811596316348143
10 2 2 0 0.0019276817886581836
11 2 2 1 0.0019276817886581836
10 3 3 0 0.0019276817886581836
11 3 3 1 0.0019276817886581836
10 2 8 0 -1.669811385738969e-05
11 2 8 1 -1.669811385738969e-05
10 3 9 0 -1.669811385738969e-05
11 3 9 1 -1.669811385738969e-05
10 4 4 0 0.0019276817886581836
11 4 4 1 0.0019276817886581836
10 5 5 0 0.0019276817886581836
11 5 5 1 0.0019276817886581836
10 4 6 0 -1.669811379956124e-05
11 4 6 1 -1.669811379956124e-05
10 5 7 0 -1.669811379956124e-05
11 5 7 1 -1.669811379956124e-05
10 6 4 0 -1.669811379956125e-05
11 6 4 1 -1.669811379956125e-05
10 7 5 0 -1.669811379956125e-05
11 7 5 1 -1.669811379956125e-05
10 6 6 0 0.0019276928229478244
11 6 6 1 0.0019276928229478244
10 7 7 0 0.0019276928229478244
11 7 7 1 0.0019276928229478244
10 8 2 0 -1.6698113857389694e-05
11 8 2 1 -1.6698113857389694e-05
10 9 3 0 -1.6698113857389694e-05
11 9 3 1 -1.6698113857389694e-05
10 8 8 0 0.001927692822948433
11 8 8 1 0.001927692822948433
10 9 9 0 0.001927692822948433
11 9 9 1 0.001927692822948433
10 10 0 0 0.00020811596316348146
11 10 0 1 0.00020811596316348146
10 11 1 0 0.00020811596316348146
11 11 1 1 0.00020811596316348146
10 10 10 0 0.001984253218941341
11 10 10 1 0.001984253218941341
10 11 11 0 0.001984253218941341
11 11 11 1 0.001984253218941341
10 0 2 2 0.0002541510824867688
11 0 2 3 0.0002541510824867688
10 1 3 2 0.0002541510824867688
11 1 3 3 0.0002541510824867688
10 0 8 2 1.7264369862780663e-06
11 0 8 3 1.7264369862780663e-06
10 1 9 2 1.7264369862780663e-06
11 1 9 3 1.7264369862780663e-06
10 2 0 2 0.0002541510824867689
11 2 0 3 0.0002541510824867689
10 3 1 2 0.0002541510824867689
11 3 1 3 0.0002541510824867689
10 2 10 2 8.267738874018576e-05
11 2 10 3 8.267738874018576e-05
10 3 11 2 8.267738874018576e-05
11 3 11 3 8.267738874018576e-05
10 8 0 2 1.7264369862780672e-06
11 8 0 3 1.7264369862780672e-06
10 9 1 2 1.7264369862780672e-06
11 9 1 3 1.7264369862780672e-06
10 8 10 2 1.0040328884294709e-05
11 8 10 3 1.0040328884294709e-05
10 9 11 2 1.0040328884294709e-05
11 9 11 3 1.0040328884294709e-05
10 10 2 2 8.267738874018576e-05
11 10 2 3 8.267738874018576e-05
10 11 3 2 8.267738874018576e-05
11 11 3 3 8.267738874018576e-05
10 10 8 2 1.0040328884294709e-05
11 10 8 3 1.0040328884294709e-05
10 11 9 2 1.0040328884294709e-05
11 11 9 3 1.0040328884294709e-05
10 0 4 4 0.0002541510824867688
11 0 4 5 0.0002541510824867688
10 1 5 4 0.0002541510824867688
11 1 5 5 0.0002541510824867688
10 0 6 4 1.7264369939027287e-06
11 0 6 5 1.7264369939027287e-06
10 1 7 4 1.7264369939027287e-06
11 1 7 5 1.7264369939027287e-06
10 4 0 4 0.0002541510824867689
11 4 0 5 0.0002541510824867689
10 5 1 4 0.0002541510824867689
11 5 1 5 0.0002541510824867689
10 4 10 4 8.267738874018576e-05
11 4 10 5 8.267738874018576e-05
10 5 11 4 8.267738874018576e-05
11 5 11 5 8.267738874018576e-05
10 6 0 4 1.7264369939027295e-06
11 6 0 5 1.7264369939027295e-06
10 7 1 4 1.7264369939027295e-06
11 7 1 5 1.7264369939027295e-06
10 6 10 4 1.0040328886776034e-05
11 6 10 5 1.0040328886776034e-05
10 7 11 4 1.0040328886776034e-05
11 7 11 5 1.0040328886776034e-05
10 10 4 4 8.267738874018576e-05
11 10 4 5 8.267738874018576e-05
10 11 5 4 8.267738874018576e-05
11 11 5 5 8.267738874018576e-05
10 10 6 4 1.004032888677604e-05
11 10 6 5 1.004032888677604e-05
10 11 7 4 1.004032888677604e-05
11 11 7 5 1.004032888677604e-05
10 0 4 6 -0.00032265343618495323
11 0 4 7 -0.00032265343618495323
10 1 5 6 -0.00032265343618495323
11 1 5 7 -0.00032265343618495323
10 0 6 6 0.00025415357149568494
11 0 6 7 0.00025415357149568494
10 1 7 6 0.00025415357149568494
11 1 7 7 0.00025415357149568494
10 4 0 6 -0.0003226534361849532
11 4 0 7 -0.0003226534361849532
10 5 1 6 -0.0003226534361849532
11 5 1 7 -0.0003226534361849532
10 4 10 6 1.0040328886776027e-05
11 4 10 7 1.0040328886776027e-05
10 5 11 6 1.0040328886776027e-05
11 5 11 7 1.0040328886776027e-05
10 6 0 6 0.00025415357149568494
11 6 0 7 0.00025415357149568494
10 7 1 6 0.00025415357149568494
11 7 1 7 0.00025415357149568494
10 6 10 6 0.020592423552595565
11 6 10 7 0.020592423552595565
10 7 11 6 0.020592423552595565
11 7 11 7 0.020592423552595565
10 10 4 6 1.0040328886776048e-05
11 10 4 7 1.0040328886776048e-05
10 11 5 6 1.0040328886776048e-05
11 11 5 7 1.0040328886776048e-05
10 10 6 6 0.020592423552595565
11 10 6 7 0.020592423552595565
10 11 7 6 0.020592423552595565
11 11 7 7 0.020592423552595565
10 0 2 8 -0.0003226534361925452
11 0 2 9 -0.0003226534361925452
10 1 3 8 -0.0003226534361925452
11 1 3 9 -0.0003226534361925452
10 0 8 8 0.00025415357150526154
11 0 8 9 0.00025415357150526154
10 1 9 8 0.00025415357150526154
11 1 9 9 0.00025415357150526154
10 2 0 8 -0.00032265343619254514
11 2 0 9 -0.00032265343619254514
10 3 1 8 -0.00032265343619254514
11 3 1 9 -0.00032265343619254514
10 2 10 8 1.0040328884294704e-05
11 2 10 9 1.0040328884294704e-05
10 3 11 8 1.0040328884294704e-05
11 3 11 9 1.0040328884294704e-05
10 8 0 8 0.00025415357150526143
11 8 0 9 0.00025415357150526143
10 9 1 8 0.00025415357150526143
11 9 1 9 0.00025415357150526143
10 8 10 8 0.02059242355259081
11 8 10 9 0.02059242355259081
10 9 11 8 0.02059242355259081
11 9 11 9 0.02059242355259081
10 10 2 8 1.0040328884294724e-05
11 10 2 9 1.0040328884294724e-05
10 11 3 8 1.0040328884294724e-05
11 11 3 9 1.0040328884294724e-05
10 10 8 8 0.02059242355259081
11 10 8 9 0.02059242355259081
10 11 9 8 0.02059242355259081
11 11 9 9 0.02059242355259081
10 0 0 10 0.10932742508497015
11 0 0 11 0.10932742508497015
10 1 1 10 0.10932742508497015
11 1 1 11 0.10932742508497015
10 0 10 10 0.0019842532189413412
11 0 10 11 0.0019842532189413412
10 1 11 10 0.0019842532189413412
11 1 11 11 0.0019842532189413412
10 2 2 10 0.1032943702929067
11 2 2 11 0.1032943702929067
10 3 3 10 0.1032943702929067
11 3 3 11 0.1032943702929067
10 2 8 10 -0.00022885995092273813
11 2 8 11 -0.00022885995092273813
10 3 9 10 -0.00022885995092273813
11 3 9 11 -0.00022885995092273813
10 4 4 10 0.1032943702929067
11 4 4 11 0.1032943702929067
10 5 5 10 0.1032943702929067
11 5 5 11 0.1032943702929067
10 4 6 10 -0.00022885994782394773
11 4 6 11 -0.00022885994782394773
10 5 7 10 -0.00022885994782394773
11 5 7 11 -0.00022885994782394773
10 6 4 10 -0.00022885994782394768
11 6 4 11 -0.00022885994782394768
10 7 5 10 -0.00022885994782394768
11 7 5 11 -0.00022885994782394768
10 6 6 10 0.3405395632190363
11 6 6 11 0.3405395632190363
10 7 7 10 0.3405395632190363
11 7 7 11 0.3405395632190363
10 8 2 10 -0.00022885995092273808
11 8 2 11 -0.00022885995092273808
10 9 3 10 -0.00022885995092273808
11 9 3 11 -0.00022885995092273808
10 8 8 10 0.3405395632189812
11 8 8 11 0.3405395632189812
10 9 9 10 0.3405395632189812
11 9 9 11 0.3405395632189812
10 10 0 10 0.001984253218941341
11 10 0 11 0.001984253218941341
10 11 1 10 0.001984253218941341
11 11 1 11 0.001984253218941341
10 10 10 10 0.38193970254152215
11 10 10 11 0.38193970254152215
10 11 11 10 0.38193970254152215
11 11 11 11 0.38193970254152215
